# Logfile created on 2020-06-30 19:29:00 +0000 by logger.rb/61378
[19:29:00.156338 INFO] Server host is http://web:80
[19:29:00.156480 INFO] Analysis directory is /mnt/openstudio/analysis_72a216d4-3a64-4cd6-8e04-b9bc3af7ff20
[19:29:00.156543 INFO] Simulation directory is /mnt/openstudio/analysis_72a216d4-3a64-4cd6-8e04-b9bc3af7ff20/data_point_19b74ce3-306b-47c4-bb99-a834f4089f3b
[19:29:00.156587 INFO] Run datapoint type/file is 
[19:29:00.156634 INFO] Starting initialize_worker for datapoint 19b74ce3-306b-47c4-bb99-a834f4089f3b
[19:29:00.156997 INFO] Downloading analysis zip from http://web:80/analyses/72a216d4-3a64-4cd6-8e04-b9bc3af7ff20/download_analysis_zip
[19:29:04.560768 INFO] Extracting analysis zip to /mnt/openstudio/analysis_72a216d4-3a64-4cd6-8e04-b9bc3af7ff20
[19:29:04.578263 INFO] Zip: Extracting lib/resources/ASHRAE_zone12_Spec.idf
[19:29:04.579879 INFO] Zip: Extracting lib/resources/ASHRAE_zone3_Spec.idf
[19:29:04.580478 INFO] Zip: Extracting lib/resources/ASHRAE_zone456_Spec.idf
[19:29:04.581227 INFO] Zip: Extracting lib/resources/ASHRAE_zone78_Spec.idf
[19:29:04.581908 INFO] Zip: Extracting lib/resources/GlzSys19_13F-air-9_Spec.idf
[19:29:04.583315 INFO] Zip: Extracting lib/resources/GlzSys20_14F-air-3000_Spec.idf
[19:29:04.584795 INFO] Zip: Extracting lib/resources/GlzSys21_13F-air-3000_Spec.idf
[19:29:04.586319 INFO] Zip: Extracting lib/resources/GlzSys_10-air-9_Spec.idf
[19:29:04.587862 INFO] Zip: Extracting lib/resources/GlzSys_10F-air-3000_Spec.idf
[19:29:04.589418 INFO] Zip: Extracting lib/resources/GlzSys_11F-air-3000_Spec.idf
[19:29:04.591445 INFO] Zip: Extracting lib/resources/GlzSys_16095-air-3000_Spec.idf
[19:29:04.593520 INFO] Zip: Extracting lib/resources/GlzSys_16095-air-9_Spec.idf
[19:29:04.599193 INFO] Zip: Extracting lib/resources/GlzSys_6374-air-3000_Spec.idf
[19:29:04.600797 INFO] Zip: Extracting lib/resources/GlzSys_Dark_PV_Spec.idf
[19:29:04.601768 INFO] Zip: Extracting lib/resources/GlzSys_Light_PV_Spec.idf
[19:29:04.602636 INFO] Zip: Extracting lib/resources/GlzSys_Thermochromic_30C.idf
[19:29:04.603773 INFO] Zip: Extracting lib/resources/GlzSys_Thermochromic_35C.idf
[19:29:04.604922 INFO] Zip: Extracting lib/resources/GlzSys_Thermochromic_40C.idf
[19:29:04.606094 INFO] Zip: Extracting lib/resources/SG_zone12_Spec.idf
[19:29:04.607191 INFO] Zip: Extracting lib/resources/SG_zone3_Spec.idf
[19:29:04.608342 INFO] Zip: Extracting lib/resources/SG_zone456_Spec.idf
[19:29:04.609881 INFO] Zip: Extracting lib/resources/SG_zone78_Spec.idf
[19:29:04.611385 INFO] Zip: Extracting lib/resources/Window_PV_No_frame_Spec_Spec.idf
[19:29:04.612295 INFO] Zip: Extracting lib/resources/Window_PV_frame_Spec.idf
[19:29:04.613108 INFO] Zip: Extracting measures/AddMeter/
[19:29:04.613322 INFO] Zip: Extracting measures/AddMeter/LICENSE.md
[19:29:04.613809 INFO] Zip: Extracting measures/AddMeter/New folder/
[19:29:04.614001 INFO] Zip: Extracting measures/AddMeter/README.md
[19:29:04.614457 INFO] Zip: Extracting measures/AddMeter/README.md.erb
[19:29:04.614893 INFO] Zip: Extracting measures/AddMeter/measure.rb
[19:29:04.615531 INFO] Zip: Extracting measures/AddMeter/measure.xml
[19:29:04.615972 INFO] Zip: Extracting measures/AddMeter/tests/
[19:29:04.616168 INFO] Zip: Extracting measures/AddMeter/tests/AddMeter_Test.rb
[19:29:04.616657 INFO] Zip: Extracting measures/AddOutputVariable/
[19:29:04.616831 INFO] Zip: Extracting measures/AddOutputVariable/LICENSE.md
[19:29:04.617248 INFO] Zip: Extracting measures/AddOutputVariable/README.md
[19:29:04.617657 INFO] Zip: Extracting measures/AddOutputVariable/README.md.erb
[19:29:04.618072 INFO] Zip: Extracting measures/AddOutputVariable/measure.rb
[19:29:04.618535 INFO] Zip: Extracting measures/AddOutputVariable/measure.xml
[19:29:04.618988 INFO] Zip: Extracting measures/AddOutputVariable/tests/
[19:29:04.619196 INFO] Zip: Extracting measures/AddOutputVariable/tests/AddOutputVariable_Test.rb
[19:29:04.619723 INFO] Zip: Extracting measures/ChangeBuildingLocation/
[19:29:04.619938 INFO] Zip: Extracting measures/ChangeBuildingLocation/LICENSE.md
[19:29:04.620440 INFO] Zip: Extracting measures/ChangeBuildingLocation/README.md
[19:29:04.620882 INFO] Zip: Extracting measures/ChangeBuildingLocation/README.md.erb
[19:29:04.621299 INFO] Zip: Extracting measures/ChangeBuildingLocation/measure.rb
[19:29:04.621889 INFO] Zip: Extracting measures/ChangeBuildingLocation/measure.xml
[19:29:04.622391 INFO] Zip: Extracting measures/ChangeBuildingLocation/resources/
[19:29:04.622572 INFO] Zip: Extracting measures/ChangeBuildingLocation/resources/epw.rb
[19:29:04.623083 INFO] Zip: Extracting measures/ChangeBuildingLocation/resources/os_lib_helper_methods.rb
[19:29:04.623716 INFO] Zip: Extracting measures/ChangeBuildingLocation/resources/stat_file.rb
[19:29:04.624190 INFO] Zip: Extracting measures/ChangeBuildingLocation/tests/
[19:29:04.624619 INFO] Zip: Extracting measures/ChangeBuildingLocation/tests/USA_MA_Boston-Logan.Intl.AP.725090_TMY3.ddy
[19:29:04.625271 INFO] Zip: Extracting measures/ChangeBuildingLocation/tests/USA_MA_Boston-Logan.Intl.AP.725090_TMY3.epw
[19:29:04.644269 INFO] Zip: Extracting measures/ChangeBuildingLocation/tests/USA_MA_Boston-Logan.Intl.AP.725090_TMY3.stat
[19:29:04.645475 INFO] Zip: Extracting measures/ChangeBuildingLocation/tests/USA_WA_Renton.Muni.AP.727934_TMY3.ddy
[19:29:04.646036 INFO] Zip: Extracting measures/ChangeBuildingLocation/tests/USA_WA_Renton.Muni.AP.727934_TMY3.epw
[19:29:04.666053 INFO] Zip: Extracting measures/ChangeBuildingLocation/tests/USA_WA_Renton.Muni.AP.727934_TMY3.stat
[19:29:04.667189 INFO] Zip: Extracting measures/ChangeBuildingLocation/tests/another_weather_file.ddy
[19:29:04.668012 INFO] Zip: Extracting measures/ChangeBuildingLocation/tests/another_weather_file.epw
[19:29:04.688337 INFO] Zip: Extracting measures/ChangeBuildingLocation/tests/another_weather_file.stat
[19:29:04.689541 INFO] Zip: Extracting measures/ChangeBuildingLocation/tests/change_building_location_test.rb
[19:29:04.690238 INFO] Zip: Extracting measures/ChangeBuildingLocation/tests/multiyear.ddy
[19:29:04.848228 INFO] Zip: Extracting measures/ChangeBuildingLocation/tests/multiyear.epw
[19:29:04.848907 INFO] Zip: Extracting measures/ChangeBuildingLocation/tests/multiyear.stat
[19:29:04.849682 INFO] Zip: Extracting measures/ChangeBuildingLocation/tests/test.osm
[19:29:04.853750 INFO] Zip: Extracting measures/ChangeBuildingLocation/tests/test.osw
[19:29:04.854823 INFO] Zip: Extracting measures/ServerDirectoryCleanup/
[19:29:04.855062 INFO] Zip: Extracting measures/ServerDirectoryCleanup/LICENSE.md
[19:29:04.855546 INFO] Zip: Extracting measures/ServerDirectoryCleanup/measure.rb
[19:29:04.856028 INFO] Zip: Extracting measures/ServerDirectoryCleanup/measure.xml
[19:29:04.856556 INFO] Zip: Extracting measures/ServerDirectoryCleanup/tests/
[19:29:04.856790 INFO] Zip: Extracting measures/ServerDirectoryCleanup/tests/ServerDirectoryCleanup_test.rb
[19:29:04.857282 INFO] Zip: Extracting measures/ServerDirectoryCleanup/tests/USA_CO_Golden-NREL.724666_TMY3.epw
[19:29:04.870184 INFO] Zip: Extracting measures/ServerDirectoryCleanup/tests/example_model.osm
[19:29:04.872009 INFO] Zip: Extracting measures/WindowPV_reporting/
[19:29:04.872336 INFO] Zip: Extracting measures/WindowPV_reporting/measure.rb
[19:29:04.873157 INFO] Zip: Extracting measures/WindowPV_reporting/measure.xml
[19:29:04.873706 INFO] Zip: Extracting measures/WindowPV_reporting/resources/
[19:29:04.873919 INFO] Zip: Extracting measures/WindowPV_reporting/resources/os_lib_helper_methods.rb
[19:29:04.874502 INFO] Zip: Extracting measures/WindowPV_reporting/resources/report.html.in
[19:29:04.874964 INFO] Zip: Extracting measures/WindowPV_reporting/tests/
[19:29:04.875172 INFO] Zip: Extracting measures/WindowPV_reporting/tests/USA_CO_Golden-NREL.724666_TMY3.epw
[19:29:04.888189 INFO] Zip: Extracting measures/WindowPV_reporting/tests/example_model.osm
[19:29:04.889893 INFO] Zip: Extracting measures/WindowPV_reporting/tests/ubi_qd_reporting_test.rb
[19:29:05.026509 INFO] Zip: Extracting measures/a_inject_window_specific_idf_objects/
[19:29:05.026718 INFO] Zip: Extracting measures/a_inject_window_specific_idf_objects/LICENSE.md
[19:29:05.027087 INFO] Zip: Extracting measures/a_inject_window_specific_idf_objects/measure.rb
[19:29:05.027665 INFO] Zip: Extracting measures/a_inject_window_specific_idf_objects/measure.xml
[19:29:05.028178 INFO] Zip: Extracting measures/a_inject_window_specific_idf_objects/tests/
[19:29:05.028406 INFO] Zip: Extracting measures/a_inject_window_specific_idf_objects/tests/EnvelopeAndLoadTestModel_01.osm
[19:29:05.033494 INFO] Zip: Extracting measures/a_inject_window_specific_idf_objects/tests/Example B - BlockEnergyCharge.idf
[19:29:05.034187 INFO] Zip: Extracting measures/a_inject_window_specific_idf_objects/tests/measure_Test.rb
[19:29:05.034646 INFO] Zip: Extracting measures/a_inject_window_specific_idf_objects/tests/test.osw
[19:29:05.035426 INFO] Zip: Extracting measures/add_thermochromic_bipv/
[19:29:05.035647 INFO] Zip: Extracting measures/add_thermochromic_bipv/measure.rb
[19:29:05.036194 INFO] Zip: Extracting measures/add_thermochromic_bipv/measure.xml
[19:29:05.036676 INFO] Zip: Extracting measures/add_thermochromic_bipv/resources/
[19:29:05.036868 INFO] Zip: Extracting measures/add_thermochromic_bipv/resources/HVACSizing.Model.rb
[19:29:05.037422 INFO] Zip: Extracting measures/add_thermochromic_bipv/resources/Standards.Construction.rb
[19:29:05.037871 INFO] Zip: Extracting measures/add_thermochromic_bipv/resources/os_lib_helper_methods.rb
[19:29:05.038368 INFO] Zip: Extracting measures/add_thermochromic_bipv/resources/os_lib_schedules.rb
[19:29:05.039045 INFO] Zip: Extracting measures/create_bar_from_building_type_ratios/
[19:29:05.039254 INFO] Zip: Extracting measures/create_bar_from_building_type_ratios/LICENSE.md
[19:29:05.039693 INFO] Zip: Extracting measures/create_bar_from_building_type_ratios/README.md
[19:29:05.040149 INFO] Zip: Extracting measures/create_bar_from_building_type_ratios/README.md.erb
[19:29:05.040566 INFO] Zip: Extracting measures/create_bar_from_building_type_ratios/measure.rb
[19:29:05.041271 INFO] Zip: Extracting measures/create_bar_from_building_type_ratios/measure.xml
[19:29:05.041855 INFO] Zip: Extracting measures/create_bar_from_building_type_ratios/resources/
[19:29:05.042062 INFO] Zip: Extracting measures/create_bar_from_building_type_ratios/resources/os_lib_geometry.rb
[19:29:05.042825 INFO] Zip: Extracting measures/create_bar_from_building_type_ratios/resources/os_lib_helper_methods.rb
[19:29:05.043309 INFO] Zip: Extracting measures/create_bar_from_building_type_ratios/resources/os_lib_model_generation.rb
[19:29:05.043872 INFO] Zip: Extracting measures/create_bar_from_building_type_ratios/resources/os_lib_model_simplification.rb
[19:29:05.044469 INFO] Zip: Extracting measures/create_bar_from_building_type_ratios/tests/
[19:29:05.044617 INFO] Zip: Extracting measures/create_bar_from_building_type_ratios/tests/create_bar_from_building_type_ratios_test.rb
[19:29:05.045002 INFO] Zip: Extracting measures/create_bar_from_building_type_ratios/tests/example_model.osm
[19:29:05.047491 INFO] Zip: Extracting measures/create_typical_building_from_model/
[19:29:05.047762 INFO] Zip: Extracting measures/create_typical_building_from_model/LICENSE.md
[19:29:05.048263 INFO] Zip: Extracting measures/create_typical_building_from_model/README.md
[19:29:05.048745 INFO] Zip: Extracting measures/create_typical_building_from_model/README.md.erb
[19:29:05.049178 INFO] Zip: Extracting measures/create_typical_building_from_model/measure.rb
[19:29:05.049861 INFO] Zip: Extracting measures/create_typical_building_from_model/measure.xml
[19:29:05.050422 INFO] Zip: Extracting measures/create_typical_building_from_model/resources/
[19:29:05.050641 INFO] Zip: Extracting measures/create_typical_building_from_model/resources/Model.hvac.rb
[19:29:05.051178 INFO] Zip: Extracting measures/create_typical_building_from_model/resources/os_lib_helper_methods.rb
[19:29:05.051728 INFO] Zip: Extracting measures/create_typical_building_from_model/resources/os_lib_model_generation.rb
[19:29:05.052463 INFO] Zip: Extracting measures/create_typical_building_from_model/tests/
[19:29:05.052663 INFO] Zip: Extracting measures/create_typical_building_from_model/tests/GenericGbxml.osm
[19:29:05.055448 INFO] Zip: Extracting measures/create_typical_building_from_model/tests/LargeOffice04.osm
[19:29:05.063821 INFO] Zip: Extracting measures/create_typical_building_from_model/tests/MidriseApartment.osm
[19:29:05.082012 INFO] Zip: Extracting measures/create_typical_building_from_model/tests/SmallOffice.osm
[19:29:05.084193 INFO] Zip: Extracting measures/create_typical_building_from_model/tests/USA_TX_Houston-Bush.Intercontinental.AP.722430_TMY3.epw
[19:29:05.096628 INFO] Zip: Extracting measures/create_typical_building_from_model/tests/create_typical_building_from_model_test.rb
[19:29:05.097166 INFO] Zip: Extracting measures/create_typical_building_from_model/tests/test.osw
[19:29:05.098022 INFO] Zip: Extracting measures/create_typical_building_from_model/tests/test_hvac.rb
[19:29:05.098467 INFO] Zip: Extracting measures/export_variableto_csv_variables_for_bipvpce/
[19:29:05.098610 INFO] Zip: Extracting measures/export_variableto_csv_variables_for_bipvpce/measure.rb
[19:29:05.099150 INFO] Zip: Extracting measures/export_variableto_csv_variables_for_bipvpce/measure.xml
[19:29:05.099469 INFO] Zip: Extracting measures/export_variableto_csv_variables_for_bipvpce/resources/
[19:29:05.099605 INFO] Zip: Extracting measures/export_variableto_csv_variables_for_bipvpce/resources/report.html.in
[19:29:05.099908 INFO] Zip: Extracting measures/export_variableto_csv_variables_for_bipvpce/tests/
[19:29:05.100039 INFO] Zip: Extracting measures/export_variableto_csv_variables_for_bipvpce/tests/ExportVariabletoCSV_test.rb
[19:29:05.100508 INFO] Zip: Extracting measures/export_variableto_csv_variables_for_bipvpce/tests/example_model.osm
[19:29:05.101626 INFO] Zip: Extracting measures/inject_idf_window_objects/
[19:29:05.101780 INFO] Zip: Extracting measures/inject_idf_window_objects/LICENSE.md
[19:29:05.102110 INFO] Zip: Extracting measures/inject_idf_window_objects/measure.rb
[19:29:05.102501 INFO] Zip: Extracting measures/inject_idf_window_objects/measure.xml
[19:29:05.102871 INFO] Zip: Extracting measures/inject_idf_window_objects/tests/
[19:29:05.103017 INFO] Zip: Extracting measures/inject_idf_window_objects/tests/EnvelopeAndLoadTestModel_01.osm
[19:29:05.107183 INFO] Zip: Extracting measures/inject_idf_window_objects/tests/Example B - BlockEnergyCharge.idf
[19:29:05.107650 INFO] Zip: Extracting measures/inject_idf_window_objects/tests/measure_Test.rb
[19:29:05.107968 INFO] Zip: Extracting measures/inject_idf_window_objects/tests/test.osw
[19:29:05.108614 INFO] Zip: Extracting seeds/switchglaze/
[19:29:05.108774 INFO] Zip: Extracting seeds/switchglaze.osm
[19:29:05.112687 INFO] Zip: Extracting seeds/switchglaze/files/
[19:29:05.112926 INFO] Zip: Extracting seeds/switchglaze/measures/
[19:29:05.113058 INFO] Zip: Extracting seeds/switchglaze/run/
[19:29:05.113187 INFO] Zip: Extracting seeds/switchglaze/workflow.osw
[19:29:05.113543 INFO] Zip: Extracting weather/DEU_Hamburg.101470_IWEC.ddy
[19:29:05.113956 INFO] Zip: Extracting weather/DEU_Hamburg.101470_IWEC.epw
[19:29:05.125717 INFO] Zip: Extracting weather/DEU_Hamburg.101470_IWEC.stat
[19:29:05.126562 INFO] Zip: Extracting weather/JPN_Tokyo.Hyakuri.477150_IWEC.ddy
[19:29:05.127085 INFO] Zip: Extracting weather/JPN_Tokyo.Hyakuri.477150_IWEC.epw
[19:29:05.143203 INFO] Zip: Extracting weather/JPN_Tokyo.Hyakuri.477150_IWEC.stat
[19:29:05.144053 INFO] Zip: Extracting weather/SAU_Riyadh.404380_IWEC.ddy
[19:29:05.144611 INFO] Zip: Extracting weather/SAU_Riyadh.404380_IWEC.epw
[19:29:05.158539 INFO] Zip: Extracting weather/SAU_Riyadh.404380_IWEC.stat
[19:29:05.159359 INFO] Zip: Extracting weather/SGP_Singapore.486980_IWEC.ddy
[19:29:05.159906 INFO] Zip: Extracting weather/SGP_Singapore.486980_IWEC.epw
[19:29:05.173587 INFO] Zip: Extracting weather/SGP_Singapore.486980_IWEC.stat
[19:29:05.174493 INFO] Zip: Extracting weather/USA_AK_Fairbanks.Intl.AP.702610_TMY3.ddy
[19:29:05.175132 INFO] Zip: Extracting weather/USA_AK_Fairbanks.Intl.AP.702610_TMY3.epw
[19:29:05.359359 INFO] Zip: Extracting weather/USA_AK_Fairbanks.Intl.AP.702610_TMY3.stat
[19:29:05.360773 INFO] Zip: Extracting weather/USA_AZ_Tucson.Intl.AP.722740_TMY3.ddy
[19:29:05.361534 INFO] Zip: Extracting weather/USA_AZ_Tucson.Intl.AP.722740_TMY3.epw
[19:29:05.377515 INFO] Zip: Extracting weather/USA_AZ_Tucson.Intl.AP.722740_TMY3.stat
[19:29:05.378577 INFO] Zip: Extracting weather/USA_CA_San.Diego-Lindbergh.Field.722900_TMY3.ddy
[19:29:05.379315 INFO] Zip: Extracting weather/USA_CA_San.Diego-Lindbergh.Field.722900_TMY3.epw
[19:29:05.395460 INFO] Zip: Extracting weather/USA_CA_San.Diego-Lindbergh.Field.722900_TMY3.stat
[19:29:05.396522 INFO] Zip: Extracting weather/USA_CO_Denver.Intl.AP.725650_TMY3.ddy
[19:29:05.397298 INFO] Zip: Extracting weather/USA_CO_Denver.Intl.AP.725650_TMY3.epw
[19:29:05.572536 INFO] Zip: Extracting weather/USA_CO_Denver.Intl.AP.725650_TMY3.stat
[19:29:05.573533 INFO] Zip: Extracting weather/USA_FL_Tampa.Intl.AP.722110_TMY3.ddy
[19:29:05.574094 INFO] Zip: Extracting weather/USA_FL_Tampa.Intl.AP.722110_TMY3.epw
[19:29:05.588248 INFO] Zip: Extracting weather/USA_FL_Tampa.Intl.AP.722110_TMY3.stat
[19:29:05.589370 INFO] Zip: Extracting weather/USA_GA_Atlanta-Hartsfield-Jackson.Intl.AP.722190_TMY3.ddy
[19:29:05.590139 INFO] Zip: Extracting weather/USA_GA_Atlanta-Hartsfield-Jackson.Intl.AP.722190_TMY3.epw
[19:29:05.614266 INFO] Zip: Extracting weather/USA_GA_Atlanta-Hartsfield-Jackson.Intl.AP.722190_TMY3.stat
[19:29:05.615199 INFO] Zip: Extracting weather/USA_HI_Honolulu.Intl.AP.911820_TMY3.ddy
[19:29:05.615777 INFO] Zip: Extracting weather/USA_HI_Honolulu.Intl.AP.911820_TMY3.epw
[19:29:05.629630 INFO] Zip: Extracting weather/USA_HI_Honolulu.Intl.AP.911820_TMY3.stat
[19:29:05.630632 INFO] Zip: Extracting weather/USA_MN_International.Falls.Intl.AP.727470_TMY3.ddy
[19:29:05.631327 INFO] Zip: Extracting weather/USA_MN_International.Falls.Intl.AP.727470_TMY3.epw
[19:29:05.648629 INFO] Zip: Extracting weather/USA_MN_International.Falls.Intl.AP.727470_TMY3.stat
[19:29:05.649638 INFO] Zip: Extracting weather/USA_MN_Rochester.Intl.AP.726440_TMY3.ddy
[19:29:05.650225 INFO] Zip: Extracting weather/USA_MN_Rochester.Intl.AP.726440_TMY3.epw
[19:29:05.673566 INFO] Zip: Extracting weather/USA_MN_Rochester.Intl.AP.726440_TMY3.stat
[19:29:05.674738 INFO] Zip: Extracting weather/USA_MT_Great.Falls.Intl.AP.727750_TMY3.ddy
[19:29:05.675523 INFO] Zip: Extracting weather/USA_MT_Great.Falls.Intl.AP.727750_TMY3.epw
[19:29:05.695222 INFO] Zip: Extracting weather/USA_MT_Great.Falls.Intl.AP.727750_TMY3.stat
[19:29:05.696483 INFO] Zip: Extracting weather/USA_NM_Albuquerque.Intl.AP.723650_TMY3.ddy
[19:29:05.697261 INFO] Zip: Extracting weather/USA_NM_Albuquerque.Intl.AP.723650_TMY3.epw
[19:29:05.721552 INFO] Zip: Extracting weather/USA_NM_Albuquerque.Intl.AP.723650_TMY3.stat
[19:29:05.722529 INFO] Zip: Extracting weather/USA_NY_Buffalo-Greater.Buffalo.Intl.AP.725280_TMY3.ddy
[19:29:05.723360 INFO] Zip: Extracting weather/USA_NY_Buffalo-Greater.Buffalo.Intl.AP.725280_TMY3.epw
[19:29:05.737647 INFO] Zip: Extracting weather/USA_NY_Buffalo-Greater.Buffalo.Intl.AP.725280_TMY3.stat
[19:29:05.738719 INFO] Zip: Extracting weather/USA_NY_New.York-J.F.Kennedy.Intl.AP.744860_TMY3.ddy
[19:29:05.739349 INFO] Zip: Extracting weather/USA_NY_New.York-J.F.Kennedy.Intl.AP.744860_TMY3.epw
[19:29:05.753073 INFO] Zip: Extracting weather/USA_NY_New.York-J.F.Kennedy.Intl.AP.744860_TMY3.stat
[19:29:05.754146 INFO] Zip: Extracting weather/USA_TX_El.Paso.Intl.AP.722700_TMY3.ddy
[19:29:05.754870 INFO] Zip: Extracting weather/USA_TX_El.Paso.Intl.AP.722700_TMY3.epw
[19:29:05.768803 INFO] Zip: Extracting weather/USA_TX_El.Paso.Intl.AP.722700_TMY3.stat
[19:29:05.769879 INFO] Zip: Extracting weather/USA_WA_Port.Angeles-William.R.Fairchild.Intl.AP.727885_TMY3.ddy
[19:29:05.770478 INFO] Zip: Extracting weather/USA_WA_Port.Angeles-William.R.Fairchild.Intl.AP.727885_TMY3.epw
[19:29:05.785179 INFO] Zip: Extracting weather/USA_WA_Port.Angeles-William.R.Fairchild.Intl.AP.727885_TMY3.stat
[19:29:05.789978 INFO] Zip: Extracting weather/USA_WA_Seattle-Tacoma.Intl.AP.727930_TMY3.ddy
[19:29:05.790995 INFO] Zip: Extracting weather/USA_WA_Seattle-Tacoma.Intl.AP.727930_TMY3.epw
[19:29:05.810867 INFO] Zip: Extracting weather/USA_WA_Seattle-Tacoma.Intl.AP.727930_TMY3.stat
[19:29:05.816277 INFO] Downloading analysis.json from http://web:80/analyses/72a216d4-3a64-4cd6-8e04-b9bc3af7ff20.json
[19:29:05.903279 INFO] Checking for presence of args file at /mnt/openstudio/analysis_72a216d4-3a64-4cd6-8e04-b9bc3af7ff20/scripts/data_point/initialize.args
[19:29:05.903378 INFO] Checking for presence of script file at /mnt/openstudio/analysis_72a216d4-3a64-4cd6-8e04-b9bc3af7ff20/scripts/data_point/initialize.sh
[19:29:05.903437 INFO] Finished worker initialization
[19:29:05.903495 INFO] RestClient delete
[19:29:05.903547 INFO] delete post_count = 1
[19:29:05.931135 INFO] Downloading datapoint from http://web:80/data_points/19b74ce3-306b-47c4-bb99-a834f4089f3b.json
[19:29:05.931230 INFO] get url post_count = 1
[19:29:05.960134 INFO] Creating Workflow Manager instance
[19:29:05.960261 INFO] Directory is /mnt/openstudio/analysis_72a216d4-3a64-4cd6-8e04-b9bc3af7ff20/data_point_19b74ce3-306b-47c4-bb99-a834f4089f3b
[19:29:05.960350 INFO] Opening run.log file '/mnt/openstudio/analysis_72a216d4-3a64-4cd6-8e04-b9bc3af7ff20/data_point_19b74ce3-306b-47c4-bb99-a834f4089f3b/run/run.log'
[19:29:05.960582 WARN] Error finding Oscli: OPENSTUDIO_EXE_PATH not set
[19:29:05.978053 WARN] Defaulting to fun Oscli via /usr/local/bin/openstudio
[19:29:05.978237 INFO] Returning Oscli cmd: /usr/local/bin/openstudio --bundle /var/oscli/Gemfile --bundle_path /var/oscli/gems 
[19:29:05.978499 INFO] Running workflow using cmd /usr/local/bin/openstudio --bundle /var/oscli/Gemfile --bundle_path /var/oscli/gems   run --workflow '/mnt/openstudio/analysis_72a216d4-3a64-4cd6-8e04-b9bc3af7ff20/data_point_19b74ce3-306b-47c4-bb99-a834f4089f3b/data_point.osw'  and writing log to /mnt/openstudio/analysis_72a216d4-3a64-4cd6-8e04-b9bc3af7ff20/data_point_19b74ce3-306b-47c4-bb99-a834f4089f3b/oscli_simulation.log
[19:29:26.202574 INFO] Oscli output: /var/oscli/gems/ruby/2.5.0/gems/openstudio-standards-0.2.11/lib/openstudio-standards/btap/btap.rb:56: warning: constant ::Fixnum is deprecated
[openstudio.standards.Model] <1> Model has been assigned a weather file, but the file is not in the specified location of 'file:////mnt/openstudio/analysis_72a216d4-3a64-4cd6-8e04-b9bc3af7ff20/weather/SAU_Riyadh.404380_IWEC.epw'.
[19:29:22.910301 WARN] Could not add loads for Plenum. Not expected for 90.1-2013
[19:29:25.761626 WARN] [openstudio.standards.Construction] Requested U-value of 0.58 for Typical Insulated Exterior Mass Wall is too low given the other materials in the construction; insulation layer will not be modified.
[19:29:25.761946 WARN] [openstudio.standards.Construction] Can only set the u-value of opaque constructions or simple glazing. U 0.60 SHGC 0.25 Dbl 2.5mm air is not opaque or simple glazing.
[19:29:25.762170 WARN] [openstudio.standards.Construction] Can only set the u-value of opaque constructions or simple glazing. U 0.65 SHGC 0.25 Dbl Ref-C-H Clr 6mm/6mm Air is not opaque or simple glazing.
[19:29:25.762250 WARN] [openstudio.standards.Construction] Requested U-value of 1.1686635536297982 for Typical Overhead Door is greater than the sum of the inside and outside resistance, and the max U-value (6.636 SI) is used instead.
[19:29:25.762407 WARN] [openstudio.standards.Construction] Can only set the u-value of opaque constructions or simple glazing. Window_U_0.75_SHGC_0.35_Skylight_Frame_Width_2.339_in is not opaque or simple glazing.
[19:29:25.762911 WARN] [openstudio.weather.Model] Could not find ground temperatures; will use generic temperatures, which will skew results.
[19:29:25.773757 ERROR] [openstudio.standards.Model] Model has been assigned a weather file, but the file is not in the specified location of 'file:////mnt/openstudio/analysis_72a216d4-3a64-4cd6-8e04-b9bc3af7ff20/weather/SAU_Riyadh.404380_IWEC.epw'.
[19:29:25.915884 ERROR] /var/oscli/gems/ruby/2.5.0/gems/openstudio-workflow-2.0.0/lib/openstudio/workflow/util/measure.rb failed with message Runner error /var/oscli/gems/ruby/2.5.0/gems/openstudio-workflow-2.0.0/lib/openstudio/workflow/util/measure.rb failed with Measure create_typical_building_from_model reported an error with ["[openstudio.standards.Model] Model has been assigned a weather file, but the file is not in the specified location of 'file:////mnt/openstudio/analysis_72a216d4-3a64-4cd6-8e04-b9bc3af7ff20/weather/SAU_Riyadh.404380_IWEC.epw'."], /var/oscli/gems/ruby/2.5.0/gems/openstudio-workflow-2.0.0/lib/openstudio/workflow/util/measure.rb:560:in `apply_measure'
/var/oscli/gems/ruby/2.5.0/gems/openstudio-workflow-2.0.0/lib/openstudio/workflow/util/measure.rb:109:in `block in apply_measures'
/var/oscli/gems/ruby/2.5.0/gems/openstudio-workflow-2.0.0/lib/openstudio/workflow/util/measure.rb:67:in `each_index'
/var/oscli/gems/ruby/2.5.0/gems/openstudio-workflow-2.0.0/lib/openstudio/workflow/util/measure.rb:67:in `apply_measures'
/var/oscli/gems/ruby/2.5.0/gems/openstudio-workflow-2.0.0/lib/openstudio/workflow/jobs/run_os_measures.rb:70:in `perform'
/var/oscli/gems/ruby/2.5.0/gems/openstudio-workflow-2.0.0/lib/openstudio/workflow/run.rb:292:in `step'
/var/oscli/gems/ruby/2.5.0/gems/openstudio-workflow-2.0.0/lib/openstudio/workflow/run.rb:234:in `run'
:/openstudio_cli.rb:960:in `execute'
:/openstudio_cli.rb:750:in `execute'
:/openstudio_cli.rb:1744:in `<main>'
eval:174:in `eval'
eval:174:in `require_embedded_absolute'
eval:160:in `block in require_embedded'
eval:154:in `each'
eval:154:in `require_embedded'
eval:113:in `require'
eval:3:in `<main>' in /var/oscli/gems/ruby/2.5.0/gems/openstudio-workflow-2.0.0/lib/openstudio/workflow/util/measure.rb:598:in `rescue in apply_measure'
/var/oscli/gems/ruby/2.5.0/gems/openstudio-workflow-2.0.0/lib/openstudio/workflow/util/measure.rb:548:in `apply_measure'
/var/oscli/gems/ruby/2.5.0/gems/openstudio-workflow-2.0.0/lib/openstudio/workflow/util/measure.rb:109:in `block in apply_measures'
/var/oscli/gems/ruby/2.5.0/gems/openstudio-workflow-2.0.0/lib/openstudio/workflow/util/measure.rb:67:in `each_index'
/var/oscli/gems/ruby/2.5.0/gems/openstudio-workflow-2.0.0/lib/openstudio/workflow/util/measure.rb:67:in `apply_measures'
/var/oscli/gems/ruby/2.5.0/gems/openstudio-workflow-2.0.0/lib/openstudio/workflow/jobs/run_os_measures.rb:70:in `perform'
/var/oscli/gems/ruby/2.5.0/gems/openstudio-workflow-2.0.0/lib/openstudio/workflow/run.rb:292:in `step'
/var/oscli/gems/ruby/2.5.0/gems/openstudio-workflow-2.0.0/lib/openstudio/workflow/run.rb:234:in `run'
:/openstudio_cli.rb:960:in `execute'
:/openstudio_cli.rb:750:in `execute'
:/openstudio_cli.rb:1744:in `<main>'
eval:174:in `eval'
eval:174:in `require_embedded_absolute'
eval:160:in `block in require_embedded'
eval:154:in `each'
eval:154:in `require_embedded'
eval:113:in `require'
eval:3:in `<main>'
[19:29:25.918279 ERROR] Found error in state 'os_measures' with message ["/var/oscli/gems/ruby/2.5.0/gems/openstudio-workflow-2.0.0/lib/openstudio/workflow/util/measure.rb failed with message Runner error /var/oscli/gems/ruby/2.5.0/gems/openstudio-workflow-2.0.0/lib/openstudio/workflow/util/measure.rb failed with Measure create_typical_building_from_model reported an error with [\"[openstudio.standards.Model] Model has been assigned a weather file, but the file is not in the specified location of 'file:////mnt/openstudio/analysis_72a216d4-3a64-4cd6-8e04-b9bc3af7ff20/weather/SAU_Riyadh.404380_IWEC.epw'.\"], /var/oscli/gems/ruby/2.5.0/gems/openstudio-workflow-2.0.0/lib/openstudio/workflow/util/measure.rb:560:in `apply_measure'\n/var/oscli/gems/ruby/2.5.0/gems/openstudio-workflow-2.0.0/lib/openstudio/workflow/util/measure.rb:109:in `block in apply_measures'\n/var/oscli/gems/ruby/2.5.0/gems/openstudio-workflow-2.0.0/lib/openstudio/workflow/util/measure.rb:67:in `each_index'\n/var/oscli/gems/ruby/2.5.0/gems/openstudio-workflow-2.0.0/lib/openstudio/workflow/util/measure.rb:67:in `apply_measures'\n/var/oscli/gems/ruby/2.5.0/gems/openstudio-workflow-2.0.0/lib/openstudio/workflow/jobs/run_os_measures.rb:70:in `perform'\n/var/oscli/gems/ruby/2.5.0/gems/openstudio-workflow-2.0.0/lib/openstudio/workflow/run.rb:292:in `step'\n/var/oscli/gems/ruby/2.5.0/gems/openstudio-workflow-2.0.0/lib/openstudio/workflow/run.rb:234:in `run'\n:/openstudio_cli.rb:960:in `execute'\n:/openstudio_cli.rb:750:in `execute'\n:/openstudio_cli.rb:1744:in `<main>'\neval:174:in `eval'\neval:174:in `require_embedded_absolute'\neval:160:in `block in require_embedded'\neval:154:in `each'\neval:154:in `require_embedded'\neval:113:in `require'\neval:3:in `<main>' in /var/oscli/gems/ruby/2.5.0/gems/openstudio-workflow-2.0.0/lib/openstudio/workflow/util/measure.rb:598:in `rescue in apply_measure'\n/var/oscli/gems/ruby/2.5.0/gems/openstudio-workflow-2.0.0/lib/openstudio/workflow/util/measure.rb:548:in `apply_measure'\n/var/oscli/gems/ruby/2.5.0/gems/openstudio-workflow-2.0.0/lib/openstudio/workflow/util/measure.rb:109:in `block in apply_measures'\n/var/oscli/gems/ruby/2.5.0/gems/openstudio-workflow-2.0.0/lib/openstudio/workflow/util/measure.rb:67:in `each_index'\n/var/oscli/gems/ruby/2.5.0/gems/openstudio-workflow-2.0.0/lib/openstudio/workflow/util/measure.rb:67:in `apply_measures'\n/var/oscli/gems/ruby/2.5.0/gems/openstudio-workflow-2.0.0/lib/openstudio/workflow/jobs/run_os_measures.rb:70:in `perform'\n/var/oscli/gems/ruby/2.5.0/gems/openstudio-workflow-2.0.0/lib/openstudio/workflow/run.rb:292:in `step'\n/var/oscli/gems/ruby/2.5.0/gems/openstudio-workflow-2.0.0/lib/openstudio/workflow/run.rb:234:in `run'\n:/openstudio_cli.rb:960:in `execute'\n:/openstudio_cli.rb:750:in `execute'\n:/openstudio_cli.rb:1744:in `<main>'\neval:174:in `eval'\neval:174:in `require_embedded_absolute'\neval:160:in `block in require_embedded'\neval:154:in `each'\neval:154:in `require_embedded'\neval:113:in `require'\neval:3:in `<main>':/var/oscli/gems/ruby/2.5.0/gems/openstudio-workflow-2.0.0/lib/openstudio/workflow/util/measure.rb:647:in `rescue in apply_measure'\n/var/oscli/gems/ruby/2.5.0/gems/openstudio-workflow-2.0.0/lib/openstudio/workflow/util/measure.rb:305:in `apply_measure'\n/var/oscli/gems/ruby/2.5.0/gems/openstudio-workflow-2.0.0/lib/openstudio/workflow/util/measure.rb:109:in `block in apply_measures'\n/var/oscli/gems/ruby/2.5.0/gems/openstudio-workflow-2.0.0/lib/openstudio/workflow/util/measure.rb:67:in `each_index'\n/var/oscli/gems/ruby/2.5.0/gems/openstudio-workflow-2.0.0/lib/openstudio/workflow/util/measure.rb:67:in `apply_measures'\n/var/oscli/gems/ruby/2.5.0/gems/openstudio-workflow-2.0.0/lib/openstudio/workflow/jobs/run_os_measures.rb:70:in `perform'\n/var/oscli/gems/ruby/2.5.0/gems/openstudio-workflow-2.0.0/lib/openstudio/workflow/run.rb:292:in `step'\n/var/oscli/gems/ruby/2.5.0/gems/openstudio-workflow-2.0.0/lib/openstudio/workflow/run.rb:234:in `run'\n:/openstudio_cli.rb:960:in `execute'\n:/openstudio_cli.rb:750:in `execute'\n:/openstudio_cli.rb:1744:in `<main>'\neval:174:in `eval'\neval:174:in `require_embedded_absolute'\neval:160:in `block in require_embedded'\neval:154:in `each'\neval:154:in `require_embedded'\neval:113:in `require'\neval:3:in `<main>'"]}

[19:29:26.203482 ERROR] Could not find results /mnt/openstudio/analysis_72a216d4-3a64-4cd6-8e04-b9bc3af7ff20/data_point_19b74ce3-306b-47c4-bb99-a834f4089f3b/run/measure_attributes.json
[19:29:26.203535 INFO] Saving files/reports back to the server
[19:29:26.203832 INFO] Saving report /mnt/openstudio/analysis_72a216d4-3a64-4cd6-8e04-b9bc3af7ff20/data_point_19b74ce3-306b-47c4-bb99-a834f4089f3b/out.osw to http://web:80/data_points/19b74ce3-306b-47c4-bb99-a834f4089f3b/upload_file
[19:29:26.238053 INFO] Saving report responded with {"id":"5efb9296ce5ea001852bb516","data_point_id":"19b74ce3-306b-47c4-bb99-a834f4089f3b","display_name":"Final OSW File","type":"Report","created_at":"2020-06-30T19:29:26.215Z","updated_at":"2020-06-30T19:29:26.215Z"}
[19:29:26.238437 INFO] Saving report /mnt/openstudio/analysis_72a216d4-3a64-4cd6-8e04-b9bc3af7ff20/data_point_19b74ce3-306b-47c4-bb99-a834f4089f3b/run/data_point.zip to http://web:80/data_points/19b74ce3-306b-47c4-bb99-a834f4089f3b/upload_file
[19:29:26.283305 INFO] Saving report responded with {"id":"5efb9296ce5ea0281fd0b8a0","data_point_id":"19b74ce3-306b-47c4-bb99-a834f4089f3b","display_name":"Zip File","type":"Data Point","created_at":"2020-06-30T19:29:26.265Z","updated_at":"2020-06-30T19:29:26.265Z"}
[19:29:26.283628 INFO] Checking for presence of args file at /mnt/openstudio/analysis_72a216d4-3a64-4cd6-8e04-b9bc3af7ff20/scripts/data_point/finalize.args
[19:29:26.283695 INFO] Checking for presence of script file at /mnt/openstudio/analysis_72a216d4-3a64-4cd6-8e04-b9bc3af7ff20/scripts/data_point/finalize.sh
[19:29:26.288214 INFO] Finished /opt/openstudio/server/app/jobs/dj_jobs/run_simulate_data_point.rb
