# Logfile created on 2020-06-30 19:28:59 +0000 by logger.rb/61378
[19:28:59.868775 INFO] Server host is http://web:80
[19:28:59.868892 INFO] Analysis directory is /mnt/openstudio/analysis_72a216d4-3a64-4cd6-8e04-b9bc3af7ff20
[19:28:59.869066 INFO] Simulation directory is /mnt/openstudio/analysis_72a216d4-3a64-4cd6-8e04-b9bc3af7ff20/data_point_b953ddcb-1c9f-4157-9a96-fe4a9c762f47
[19:28:59.869104 INFO] Run datapoint type/file is 
[19:28:59.869182 INFO] Starting initialize_worker for datapoint b953ddcb-1c9f-4157-9a96-fe4a9c762f47
[19:28:59.869718 INFO] Downloading analysis zip from http://web:80/analyses/72a216d4-3a64-4cd6-8e04-b9bc3af7ff20/download_analysis_zip
[19:29:01.637765 INFO] Extracting analysis zip to /mnt/openstudio/analysis_72a216d4-3a64-4cd6-8e04-b9bc3af7ff20
[19:29:01.649898 INFO] Zip: Extracting lib/resources/ASHRAE_zone12_Spec.idf
[19:29:01.651117 INFO] Zip: Extracting lib/resources/ASHRAE_zone3_Spec.idf
[19:29:01.651562 INFO] Zip: Extracting lib/resources/ASHRAE_zone456_Spec.idf
[19:29:01.652066 INFO] Zip: Extracting lib/resources/ASHRAE_zone78_Spec.idf
[19:29:01.652594 INFO] Zip: Extracting lib/resources/GlzSys19_13F-air-9_Spec.idf
[19:29:01.654168 INFO] Zip: Extracting lib/resources/GlzSys20_14F-air-3000_Spec.idf
[19:29:01.655208 INFO] Zip: Extracting lib/resources/GlzSys21_13F-air-3000_Spec.idf
[19:29:01.656287 INFO] Zip: Extracting lib/resources/GlzSys_10-air-9_Spec.idf
[19:29:01.657346 INFO] Zip: Extracting lib/resources/GlzSys_10F-air-3000_Spec.idf
[19:29:01.658371 INFO] Zip: Extracting lib/resources/GlzSys_11F-air-3000_Spec.idf
[19:29:01.659394 INFO] Zip: Extracting lib/resources/GlzSys_16095-air-3000_Spec.idf
[19:29:01.660430 INFO] Zip: Extracting lib/resources/GlzSys_16095-air-9_Spec.idf
[19:29:01.661475 INFO] Zip: Extracting lib/resources/GlzSys_6374-air-3000_Spec.idf
[19:29:01.662498 INFO] Zip: Extracting lib/resources/GlzSys_Dark_PV_Spec.idf
[19:29:01.663139 INFO] Zip: Extracting lib/resources/GlzSys_Light_PV_Spec.idf
[19:29:01.663752 INFO] Zip: Extracting lib/resources/GlzSys_Thermochromic_30C.idf
[19:29:01.664539 INFO] Zip: Extracting lib/resources/GlzSys_Thermochromic_35C.idf
[19:29:01.665366 INFO] Zip: Extracting lib/resources/GlzSys_Thermochromic_40C.idf
[19:29:01.666418 INFO] Zip: Extracting lib/resources/SG_zone12_Spec.idf
[19:29:01.667471 INFO] Zip: Extracting lib/resources/SG_zone3_Spec.idf
[19:29:01.668544 INFO] Zip: Extracting lib/resources/SG_zone456_Spec.idf
[19:29:01.670034 INFO] Zip: Extracting lib/resources/SG_zone78_Spec.idf
[19:29:01.671493 INFO] Zip: Extracting lib/resources/Window_PV_No_frame_Spec_Spec.idf
[19:29:01.672333 INFO] Zip: Extracting lib/resources/Window_PV_frame_Spec.idf
[19:29:01.673160 INFO] Zip: Extracting measures/AddMeter/
[19:29:01.673352 INFO] Zip: Extracting measures/AddMeter/LICENSE.md
[19:29:01.673785 INFO] Zip: Extracting measures/AddMeter/New folder/
[19:29:01.673940 INFO] Zip: Extracting measures/AddMeter/README.md
[19:29:01.674380 INFO] Zip: Extracting measures/AddMeter/README.md.erb
[19:29:01.674801 INFO] Zip: Extracting measures/AddMeter/measure.rb
[19:29:01.675428 INFO] Zip: Extracting measures/AddMeter/measure.xml
[19:29:01.675888 INFO] Zip: Extracting measures/AddMeter/tests/
[19:29:01.676042 INFO] Zip: Extracting measures/AddMeter/tests/AddMeter_Test.rb
[19:29:01.676718 INFO] Zip: Extracting measures/AddOutputVariable/
[19:29:01.676918 INFO] Zip: Extracting measures/AddOutputVariable/LICENSE.md
[19:29:01.677390 INFO] Zip: Extracting measures/AddOutputVariable/README.md
[19:29:01.677815 INFO] Zip: Extracting measures/AddOutputVariable/README.md.erb
[19:29:01.678253 INFO] Zip: Extracting measures/AddOutputVariable/measure.rb
[19:29:01.678724 INFO] Zip: Extracting measures/AddOutputVariable/measure.xml
[19:29:01.679172 INFO] Zip: Extracting measures/AddOutputVariable/tests/
[19:29:01.679324 INFO] Zip: Extracting measures/AddOutputVariable/tests/AddOutputVariable_Test.rb
[19:29:01.679781 INFO] Zip: Extracting measures/ChangeBuildingLocation/
[19:29:01.679918 INFO] Zip: Extracting measures/ChangeBuildingLocation/LICENSE.md
[19:29:01.680350 INFO] Zip: Extracting measures/ChangeBuildingLocation/README.md
[19:29:01.680819 INFO] Zip: Extracting measures/ChangeBuildingLocation/README.md.erb
[19:29:01.681250 INFO] Zip: Extracting measures/ChangeBuildingLocation/measure.rb
[19:29:01.681787 INFO] Zip: Extracting measures/ChangeBuildingLocation/measure.xml
[19:29:01.682245 INFO] Zip: Extracting measures/ChangeBuildingLocation/resources/
[19:29:01.682390 INFO] Zip: Extracting measures/ChangeBuildingLocation/resources/epw.rb
[19:29:01.682969 INFO] Zip: Extracting measures/ChangeBuildingLocation/resources/os_lib_helper_methods.rb
[19:29:01.683711 INFO] Zip: Extracting measures/ChangeBuildingLocation/resources/stat_file.rb
[19:29:01.684205 INFO] Zip: Extracting measures/ChangeBuildingLocation/tests/
[19:29:01.684367 INFO] Zip: Extracting measures/ChangeBuildingLocation/tests/USA_MA_Boston-Logan.Intl.AP.725090_TMY3.ddy
[19:29:01.684941 INFO] Zip: Extracting measures/ChangeBuildingLocation/tests/USA_MA_Boston-Logan.Intl.AP.725090_TMY3.epw
[19:29:01.700194 INFO] Zip: Extracting measures/ChangeBuildingLocation/tests/USA_MA_Boston-Logan.Intl.AP.725090_TMY3.stat
[19:29:01.701092 INFO] Zip: Extracting measures/ChangeBuildingLocation/tests/USA_WA_Renton.Muni.AP.727934_TMY3.ddy
[19:29:01.701526 INFO] Zip: Extracting measures/ChangeBuildingLocation/tests/USA_WA_Renton.Muni.AP.727934_TMY3.epw
[19:29:01.857850 INFO] Zip: Extracting measures/ChangeBuildingLocation/tests/USA_WA_Renton.Muni.AP.727934_TMY3.stat
[19:29:01.858573 INFO] Zip: Extracting measures/ChangeBuildingLocation/tests/another_weather_file.ddy
[19:29:01.859021 INFO] Zip: Extracting measures/ChangeBuildingLocation/tests/another_weather_file.epw
[19:29:01.869264 INFO] Zip: Extracting measures/ChangeBuildingLocation/tests/another_weather_file.stat
[19:29:01.869997 INFO] Zip: Extracting measures/ChangeBuildingLocation/tests/change_building_location_test.rb
[19:29:01.870394 INFO] Zip: Extracting measures/ChangeBuildingLocation/tests/multiyear.ddy
[19:29:01.870843 INFO] Zip: Extracting measures/ChangeBuildingLocation/tests/multiyear.epw
[19:29:01.871197 INFO] Zip: Extracting measures/ChangeBuildingLocation/tests/multiyear.stat
[19:29:01.871769 INFO] Zip: Extracting measures/ChangeBuildingLocation/tests/test.osm
[19:29:01.874715 INFO] Zip: Extracting measures/ChangeBuildingLocation/tests/test.osw
[19:29:01.875387 INFO] Zip: Extracting measures/ServerDirectoryCleanup/
[19:29:01.875555 INFO] Zip: Extracting measures/ServerDirectoryCleanup/LICENSE.md
[19:29:01.875906 INFO] Zip: Extracting measures/ServerDirectoryCleanup/measure.rb
[19:29:01.876261 INFO] Zip: Extracting measures/ServerDirectoryCleanup/measure.xml
[19:29:01.876645 INFO] Zip: Extracting measures/ServerDirectoryCleanup/tests/
[19:29:01.876791 INFO] Zip: Extracting measures/ServerDirectoryCleanup/tests/ServerDirectoryCleanup_test.rb
[19:29:01.877164 INFO] Zip: Extracting measures/ServerDirectoryCleanup/tests/USA_CO_Golden-NREL.724666_TMY3.epw
[19:29:01.997240 INFO] Zip: Extracting measures/ServerDirectoryCleanup/tests/example_model.osm
[19:29:01.998579 INFO] Zip: Extracting measures/WindowPV_reporting/
[19:29:01.998745 INFO] Zip: Extracting measures/WindowPV_reporting/measure.rb
[19:29:01.999238 INFO] Zip: Extracting measures/WindowPV_reporting/measure.xml
[19:29:01.999634 INFO] Zip: Extracting measures/WindowPV_reporting/resources/
[19:29:01.999790 INFO] Zip: Extracting measures/WindowPV_reporting/resources/os_lib_helper_methods.rb
[19:29:02.000197 INFO] Zip: Extracting measures/WindowPV_reporting/resources/report.html.in
[19:29:02.000533 INFO] Zip: Extracting measures/WindowPV_reporting/tests/
[19:29:02.000687 INFO] Zip: Extracting measures/WindowPV_reporting/tests/USA_CO_Golden-NREL.724666_TMY3.epw
[19:29:02.010732 INFO] Zip: Extracting measures/WindowPV_reporting/tests/example_model.osm
[19:29:02.012068 INFO] Zip: Extracting measures/WindowPV_reporting/tests/ubi_qd_reporting_test.rb
[19:29:02.012483 INFO] Zip: Extracting measures/a_inject_window_specific_idf_objects/
[19:29:02.012653 INFO] Zip: Extracting measures/a_inject_window_specific_idf_objects/LICENSE.md
[19:29:02.012994 INFO] Zip: Extracting measures/a_inject_window_specific_idf_objects/measure.rb
[19:29:02.013459 INFO] Zip: Extracting measures/a_inject_window_specific_idf_objects/measure.xml
[19:29:02.013835 INFO] Zip: Extracting measures/a_inject_window_specific_idf_objects/tests/
[19:29:02.013984 INFO] Zip: Extracting measures/a_inject_window_specific_idf_objects/tests/EnvelopeAndLoadTestModel_01.osm
[19:29:02.018501 INFO] Zip: Extracting measures/a_inject_window_specific_idf_objects/tests/Example B - BlockEnergyCharge.idf
[19:29:02.018961 INFO] Zip: Extracting measures/a_inject_window_specific_idf_objects/tests/measure_Test.rb
[19:29:02.019307 INFO] Zip: Extracting measures/a_inject_window_specific_idf_objects/tests/test.osw
[19:29:02.019970 INFO] Zip: Extracting measures/add_thermochromic_bipv/
[19:29:02.020135 INFO] Zip: Extracting measures/add_thermochromic_bipv/measure.rb
[19:29:02.020602 INFO] Zip: Extracting measures/add_thermochromic_bipv/measure.xml
[19:29:02.021002 INFO] Zip: Extracting measures/add_thermochromic_bipv/resources/
[19:29:02.021150 INFO] Zip: Extracting measures/add_thermochromic_bipv/resources/HVACSizing.Model.rb
[19:29:02.021601 INFO] Zip: Extracting measures/add_thermochromic_bipv/resources/Standards.Construction.rb
[19:29:02.021957 INFO] Zip: Extracting measures/add_thermochromic_bipv/resources/os_lib_helper_methods.rb
[19:29:02.022341 INFO] Zip: Extracting measures/add_thermochromic_bipv/resources/os_lib_schedules.rb
[19:29:02.022891 INFO] Zip: Extracting measures/create_bar_from_building_type_ratios/
[19:29:02.023034 INFO] Zip: Extracting measures/create_bar_from_building_type_ratios/LICENSE.md
[19:29:02.025595 INFO] Zip: Extracting measures/create_bar_from_building_type_ratios/README.md
[19:29:02.028935 INFO] Zip: Extracting measures/create_bar_from_building_type_ratios/README.md.erb
[19:29:02.029287 INFO] Zip: Extracting measures/create_bar_from_building_type_ratios/measure.rb
[19:29:02.029872 INFO] Zip: Extracting measures/create_bar_from_building_type_ratios/measure.xml
[19:29:02.030325 INFO] Zip: Extracting measures/create_bar_from_building_type_ratios/resources/
[19:29:02.030898 INFO] Zip: Extracting measures/create_bar_from_building_type_ratios/resources/os_lib_geometry.rb
[19:29:02.031636 INFO] Zip: Extracting measures/create_bar_from_building_type_ratios/resources/os_lib_helper_methods.rb
[19:29:02.032060 INFO] Zip: Extracting measures/create_bar_from_building_type_ratios/resources/os_lib_model_generation.rb
[19:29:02.032656 INFO] Zip: Extracting measures/create_bar_from_building_type_ratios/resources/os_lib_model_simplification.rb
[19:29:02.033285 INFO] Zip: Extracting measures/create_bar_from_building_type_ratios/tests/
[19:29:02.033433 INFO] Zip: Extracting measures/create_bar_from_building_type_ratios/tests/create_bar_from_building_type_ratios_test.rb
[19:29:02.033961 INFO] Zip: Extracting measures/create_bar_from_building_type_ratios/tests/example_model.osm
[19:29:02.036304 INFO] Zip: Extracting measures/create_typical_building_from_model/
[19:29:02.036950 INFO] Zip: Extracting measures/create_typical_building_from_model/LICENSE.md
[19:29:02.037322 INFO] Zip: Extracting measures/create_typical_building_from_model/README.md
[19:29:02.037696 INFO] Zip: Extracting measures/create_typical_building_from_model/README.md.erb
[19:29:02.038155 INFO] Zip: Extracting measures/create_typical_building_from_model/measure.rb
[19:29:02.038732 INFO] Zip: Extracting measures/create_typical_building_from_model/measure.xml
[19:29:02.039169 INFO] Zip: Extracting measures/create_typical_building_from_model/resources/
[19:29:02.039316 INFO] Zip: Extracting measures/create_typical_building_from_model/resources/Model.hvac.rb
[19:29:02.039720 INFO] Zip: Extracting measures/create_typical_building_from_model/resources/os_lib_helper_methods.rb
[19:29:02.040151 INFO] Zip: Extracting measures/create_typical_building_from_model/resources/os_lib_model_generation.rb
[19:29:02.040745 INFO] Zip: Extracting measures/create_typical_building_from_model/tests/
[19:29:02.040904 INFO] Zip: Extracting measures/create_typical_building_from_model/tests/GenericGbxml.osm
[19:29:02.043341 INFO] Zip: Extracting measures/create_typical_building_from_model/tests/LargeOffice04.osm
[19:29:02.050040 INFO] Zip: Extracting measures/create_typical_building_from_model/tests/MidriseApartment.osm
[19:29:02.058971 INFO] Zip: Extracting measures/create_typical_building_from_model/tests/SmallOffice.osm
[19:29:02.061091 INFO] Zip: Extracting measures/create_typical_building_from_model/tests/USA_TX_Houston-Bush.Intercontinental.AP.722430_TMY3.epw
[19:29:02.073918 INFO] Zip: Extracting measures/create_typical_building_from_model/tests/create_typical_building_from_model_test.rb
[19:29:02.074454 INFO] Zip: Extracting measures/create_typical_building_from_model/tests/test.osw
[19:29:02.075231 INFO] Zip: Extracting measures/create_typical_building_from_model/tests/test_hvac.rb
[19:29:02.075638 INFO] Zip: Extracting measures/export_variableto_csv_variables_for_bipvpce/
[19:29:02.075801 INFO] Zip: Extracting measures/export_variableto_csv_variables_for_bipvpce/measure.rb
[19:29:02.076222 INFO] Zip: Extracting measures/export_variableto_csv_variables_for_bipvpce/measure.xml
[19:29:02.076607 INFO] Zip: Extracting measures/export_variableto_csv_variables_for_bipvpce/resources/
[19:29:02.076764 INFO] Zip: Extracting measures/export_variableto_csv_variables_for_bipvpce/resources/report.html.in
[19:29:02.077112 INFO] Zip: Extracting measures/export_variableto_csv_variables_for_bipvpce/tests/
[19:29:02.077266 INFO] Zip: Extracting measures/export_variableto_csv_variables_for_bipvpce/tests/ExportVariabletoCSV_test.rb
[19:29:02.077633 INFO] Zip: Extracting measures/export_variableto_csv_variables_for_bipvpce/tests/example_model.osm
[19:29:02.078894 INFO] Zip: Extracting measures/inject_idf_window_objects/
[19:29:02.079042 INFO] Zip: Extracting measures/inject_idf_window_objects/LICENSE.md
[19:29:02.079397 INFO] Zip: Extracting measures/inject_idf_window_objects/measure.rb
[19:29:02.079833 INFO] Zip: Extracting measures/inject_idf_window_objects/measure.xml
[19:29:02.080235 INFO] Zip: Extracting measures/inject_idf_window_objects/tests/
[19:29:02.080393 INFO] Zip: Extracting measures/inject_idf_window_objects/tests/EnvelopeAndLoadTestModel_01.osm
[19:29:02.085165 INFO] Zip: Extracting measures/inject_idf_window_objects/tests/Example B - BlockEnergyCharge.idf
[19:29:02.085631 INFO] Zip: Extracting measures/inject_idf_window_objects/tests/measure_Test.rb
[19:29:02.086010 INFO] Zip: Extracting measures/inject_idf_window_objects/tests/test.osw
[19:29:02.086683 INFO] Zip: Extracting seeds/switchglaze/
[19:29:02.086858 INFO] Zip: Extracting seeds/switchglaze.osm
[19:29:02.091015 INFO] Zip: Extracting seeds/switchglaze/files/
[19:29:02.091223 INFO] Zip: Extracting seeds/switchglaze/measures/
[19:29:02.091377 INFO] Zip: Extracting seeds/switchglaze/run/
[19:29:02.091519 INFO] Zip: Extracting seeds/switchglaze/workflow.osw
[19:29:02.091871 INFO] Zip: Extracting weather/DEU_Hamburg.101470_IWEC.ddy
[19:29:02.092323 INFO] Zip: Extracting weather/DEU_Hamburg.101470_IWEC.epw
[19:29:02.102680 INFO] Zip: Extracting weather/DEU_Hamburg.101470_IWEC.stat
[19:29:02.196079 INFO] Zip: Extracting weather/JPN_Tokyo.Hyakuri.477150_IWEC.ddy
[19:29:02.196714 INFO] Zip: Extracting weather/JPN_Tokyo.Hyakuri.477150_IWEC.epw
[19:29:02.206473 INFO] Zip: Extracting weather/JPN_Tokyo.Hyakuri.477150_IWEC.stat
[19:29:02.207193 INFO] Zip: Extracting weather/SAU_Riyadh.404380_IWEC.ddy
[19:29:02.207623 INFO] Zip: Extracting weather/SAU_Riyadh.404380_IWEC.epw
[19:29:02.219473 INFO] Zip: Extracting weather/SAU_Riyadh.404380_IWEC.stat
[19:29:02.220201 INFO] Zip: Extracting weather/SGP_Singapore.486980_IWEC.ddy
[19:29:02.220662 INFO] Zip: Extracting weather/SGP_Singapore.486980_IWEC.epw
[19:29:02.362637 INFO] Zip: Extracting weather/SGP_Singapore.486980_IWEC.stat
[19:29:02.364015 INFO] Zip: Extracting weather/USA_AK_Fairbanks.Intl.AP.702610_TMY3.ddy
[19:29:02.364658 INFO] Zip: Extracting weather/USA_AK_Fairbanks.Intl.AP.702610_TMY3.epw
[19:29:02.378208 INFO] Zip: Extracting weather/USA_AK_Fairbanks.Intl.AP.702610_TMY3.stat
[19:29:02.379184 INFO] Zip: Extracting weather/USA_AZ_Tucson.Intl.AP.722740_TMY3.ddy
[19:29:02.379816 INFO] Zip: Extracting weather/USA_AZ_Tucson.Intl.AP.722740_TMY3.epw
[19:29:02.393680 INFO] Zip: Extracting weather/USA_AZ_Tucson.Intl.AP.722740_TMY3.stat
[19:29:02.394582 INFO] Zip: Extracting weather/USA_CA_San.Diego-Lindbergh.Field.722900_TMY3.ddy
[19:29:02.395277 INFO] Zip: Extracting weather/USA_CA_San.Diego-Lindbergh.Field.722900_TMY3.epw
[19:29:02.416793 INFO] Zip: Extracting weather/USA_CA_San.Diego-Lindbergh.Field.722900_TMY3.stat
[19:29:02.417687 INFO] Zip: Extracting weather/USA_CO_Denver.Intl.AP.725650_TMY3.ddy
[19:29:02.418272 INFO] Zip: Extracting weather/USA_CO_Denver.Intl.AP.725650_TMY3.epw
[19:29:02.429160 INFO] Zip: Extracting weather/USA_CO_Denver.Intl.AP.725650_TMY3.stat
[19:29:02.429916 INFO] Zip: Extracting weather/USA_FL_Tampa.Intl.AP.722110_TMY3.ddy
[19:29:02.430418 INFO] Zip: Extracting weather/USA_FL_Tampa.Intl.AP.722110_TMY3.epw
[19:29:02.441510 INFO] Zip: Extracting weather/USA_FL_Tampa.Intl.AP.722110_TMY3.stat
[19:29:02.442839 INFO] Zip: Extracting weather/USA_GA_Atlanta-Hartsfield-Jackson.Intl.AP.722190_TMY3.ddy
[19:29:02.443379 INFO] Zip: Extracting weather/USA_GA_Atlanta-Hartsfield-Jackson.Intl.AP.722190_TMY3.epw
[19:29:02.456196 INFO] Zip: Extracting weather/USA_GA_Atlanta-Hartsfield-Jackson.Intl.AP.722190_TMY3.stat
[19:29:02.457083 INFO] Zip: Extracting weather/USA_HI_Honolulu.Intl.AP.911820_TMY3.ddy
[19:29:02.457715 INFO] Zip: Extracting weather/USA_HI_Honolulu.Intl.AP.911820_TMY3.epw
[19:29:02.471376 INFO] Zip: Extracting weather/USA_HI_Honolulu.Intl.AP.911820_TMY3.stat
[19:29:02.472331 INFO] Zip: Extracting weather/USA_MN_International.Falls.Intl.AP.727470_TMY3.ddy
[19:29:02.473012 INFO] Zip: Extracting weather/USA_MN_International.Falls.Intl.AP.727470_TMY3.epw
[19:29:02.488857 INFO] Zip: Extracting weather/USA_MN_International.Falls.Intl.AP.727470_TMY3.stat
[19:29:02.489762 INFO] Zip: Extracting weather/USA_MN_Rochester.Intl.AP.726440_TMY3.ddy
[19:29:02.490274 INFO] Zip: Extracting weather/USA_MN_Rochester.Intl.AP.726440_TMY3.epw
[19:29:02.500431 INFO] Zip: Extracting weather/USA_MN_Rochester.Intl.AP.726440_TMY3.stat
[19:29:02.501302 INFO] Zip: Extracting weather/USA_MT_Great.Falls.Intl.AP.727750_TMY3.ddy
[19:29:02.501850 INFO] Zip: Extracting weather/USA_MT_Great.Falls.Intl.AP.727750_TMY3.epw
[19:29:02.512835 INFO] Zip: Extracting weather/USA_MT_Great.Falls.Intl.AP.727750_TMY3.stat
[19:29:02.513684 INFO] Zip: Extracting weather/USA_NM_Albuquerque.Intl.AP.723650_TMY3.ddy
[19:29:02.514306 INFO] Zip: Extracting weather/USA_NM_Albuquerque.Intl.AP.723650_TMY3.epw
[19:29:02.527092 INFO] Zip: Extracting weather/USA_NM_Albuquerque.Intl.AP.723650_TMY3.stat
[19:29:02.527862 INFO] Zip: Extracting weather/USA_NY_Buffalo-Greater.Buffalo.Intl.AP.725280_TMY3.ddy
[19:29:02.528350 INFO] Zip: Extracting weather/USA_NY_Buffalo-Greater.Buffalo.Intl.AP.725280_TMY3.epw
[19:29:02.541373 INFO] Zip: Extracting weather/USA_NY_Buffalo-Greater.Buffalo.Intl.AP.725280_TMY3.stat
[19:29:02.542218 INFO] Zip: Extracting weather/USA_NY_New.York-J.F.Kennedy.Intl.AP.744860_TMY3.ddy
[19:29:02.542752 INFO] Zip: Extracting weather/USA_NY_New.York-J.F.Kennedy.Intl.AP.744860_TMY3.epw
[19:29:02.553749 INFO] Zip: Extracting weather/USA_NY_New.York-J.F.Kennedy.Intl.AP.744860_TMY3.stat
[19:29:02.554568 INFO] Zip: Extracting weather/USA_TX_El.Paso.Intl.AP.722700_TMY3.ddy
[19:29:02.555103 INFO] Zip: Extracting weather/USA_TX_El.Paso.Intl.AP.722700_TMY3.epw
[19:29:02.571216 INFO] Zip: Extracting weather/USA_TX_El.Paso.Intl.AP.722700_TMY3.stat
[19:29:02.572302 INFO] Zip: Extracting weather/USA_WA_Port.Angeles-William.R.Fairchild.Intl.AP.727885_TMY3.ddy
[19:29:02.573053 INFO] Zip: Extracting weather/USA_WA_Port.Angeles-William.R.Fairchild.Intl.AP.727885_TMY3.epw
[19:29:02.707447 INFO] Zip: Extracting weather/USA_WA_Port.Angeles-William.R.Fairchild.Intl.AP.727885_TMY3.stat
[19:29:02.708295 INFO] Zip: Extracting weather/USA_WA_Seattle-Tacoma.Intl.AP.727930_TMY3.ddy
[19:29:02.708872 INFO] Zip: Extracting weather/USA_WA_Seattle-Tacoma.Intl.AP.727930_TMY3.epw
[19:29:02.719316 INFO] Zip: Extracting weather/USA_WA_Seattle-Tacoma.Intl.AP.727930_TMY3.stat
[19:29:02.722564 INFO] Downloading analysis.json from http://web:80/analyses/72a216d4-3a64-4cd6-8e04-b9bc3af7ff20.json
[19:29:02.793902 INFO] Checking for presence of args file at /mnt/openstudio/analysis_72a216d4-3a64-4cd6-8e04-b9bc3af7ff20/scripts/data_point/initialize.args
[19:29:02.793971 INFO] Checking for presence of script file at /mnt/openstudio/analysis_72a216d4-3a64-4cd6-8e04-b9bc3af7ff20/scripts/data_point/initialize.sh
[19:29:02.794015 INFO] Finished worker initialization
[19:29:02.794064 INFO] RestClient delete
[19:29:02.794099 INFO] delete post_count = 1
[19:29:02.811284 INFO] Downloading datapoint from http://web:80/data_points/b953ddcb-1c9f-4157-9a96-fe4a9c762f47.json
[19:29:02.811371 INFO] get url post_count = 1
[19:29:02.831845 INFO] Creating Workflow Manager instance
[19:29:02.831932 INFO] Directory is /mnt/openstudio/analysis_72a216d4-3a64-4cd6-8e04-b9bc3af7ff20/data_point_b953ddcb-1c9f-4157-9a96-fe4a9c762f47
[19:29:02.832000 INFO] Opening run.log file '/mnt/openstudio/analysis_72a216d4-3a64-4cd6-8e04-b9bc3af7ff20/data_point_b953ddcb-1c9f-4157-9a96-fe4a9c762f47/run/run.log'
[19:29:02.832168 WARN] Error finding Oscli: OPENSTUDIO_EXE_PATH not set
[19:29:02.853924 WARN] Defaulting to fun Oscli via /usr/local/bin/openstudio
[19:29:02.854160 INFO] Returning Oscli cmd: /usr/local/bin/openstudio --bundle /var/oscli/Gemfile --bundle_path /var/oscli/gems 
[19:29:02.854459 INFO] Running workflow using cmd /usr/local/bin/openstudio --bundle /var/oscli/Gemfile --bundle_path /var/oscli/gems   run --workflow '/mnt/openstudio/analysis_72a216d4-3a64-4cd6-8e04-b9bc3af7ff20/data_point_b953ddcb-1c9f-4157-9a96-fe4a9c762f47/data_point.osw'  and writing log to /mnt/openstudio/analysis_72a216d4-3a64-4cd6-8e04-b9bc3af7ff20/data_point_b953ddcb-1c9f-4157-9a96-fe4a9c762f47/oscli_simulation.log
[19:29:24.567777 INFO] Oscli output: /var/oscli/gems/ruby/2.5.0/gems/openstudio-standards-0.2.11/lib/openstudio-standards/btap/btap.rb:56: warning: constant ::Fixnum is deprecated
[openstudio.standards.Model] <1> Model has been assigned a weather file, but the file is not in the specified location of 'file:////mnt/openstudio/analysis_72a216d4-3a64-4cd6-8e04-b9bc3af7ff20/weather/SAU_Riyadh.404380_IWEC.epw'.
[19:29:20.068875 WARN] Could not add loads for Plenum. Not expected for 90.1-2013
[19:29:24.016728 WARN] [openstudio.standards.Construction] Requested U-value of 0.58 for Typical Insulated Exterior Mass Wall is too low given the other materials in the construction; insulation layer will not be modified.
[19:29:24.017384 WARN] [openstudio.standards.Construction] Can only set the u-value of opaque constructions or simple glazing. U 0.60 SHGC 0.25 Dbl 2.5mm air is not opaque or simple glazing.
[19:29:24.017773 WARN] [openstudio.standards.Construction] Can only set the u-value of opaque constructions or simple glazing. U 0.65 SHGC 0.25 Dbl Ref-C-H Clr 6mm/6mm Air is not opaque or simple glazing.
[19:29:24.017911 WARN] [openstudio.standards.Construction] Requested U-value of 1.1686635536297982 for Typical Overhead Door is greater than the sum of the inside and outside resistance, and the max U-value (6.636 SI) is used instead.
[19:29:24.018203 WARN] [openstudio.standards.Construction] Can only set the u-value of opaque constructions or simple glazing. Window_U_0.75_SHGC_0.35_Skylight_Frame_Width_2.339_in is not opaque or simple glazing.
[19:29:24.019109 WARN] [openstudio.weather.Model] Could not find ground temperatures; will use generic temperatures, which will skew results.
[19:29:24.035349 ERROR] [openstudio.standards.Model] Model has been assigned a weather file, but the file is not in the specified location of 'file:////mnt/openstudio/analysis_72a216d4-3a64-4cd6-8e04-b9bc3af7ff20/weather/SAU_Riyadh.404380_IWEC.epw'.
[19:29:24.261191 ERROR] /var/oscli/gems/ruby/2.5.0/gems/openstudio-workflow-2.0.0/lib/openstudio/workflow/util/measure.rb failed with message Runner error /var/oscli/gems/ruby/2.5.0/gems/openstudio-workflow-2.0.0/lib/openstudio/workflow/util/measure.rb failed with Measure create_typical_building_from_model reported an error with ["[openstudio.standards.Model] Model has been assigned a weather file, but the file is not in the specified location of 'file:////mnt/openstudio/analysis_72a216d4-3a64-4cd6-8e04-b9bc3af7ff20/weather/SAU_Riyadh.404380_IWEC.epw'."], /var/oscli/gems/ruby/2.5.0/gems/openstudio-workflow-2.0.0/lib/openstudio/workflow/util/measure.rb:560:in `apply_measure'
/var/oscli/gems/ruby/2.5.0/gems/openstudio-workflow-2.0.0/lib/openstudio/workflow/util/measure.rb:109:in `block in apply_measures'
/var/oscli/gems/ruby/2.5.0/gems/openstudio-workflow-2.0.0/lib/openstudio/workflow/util/measure.rb:67:in `each_index'
/var/oscli/gems/ruby/2.5.0/gems/openstudio-workflow-2.0.0/lib/openstudio/workflow/util/measure.rb:67:in `apply_measures'
/var/oscli/gems/ruby/2.5.0/gems/openstudio-workflow-2.0.0/lib/openstudio/workflow/jobs/run_os_measures.rb:70:in `perform'
/var/oscli/gems/ruby/2.5.0/gems/openstudio-workflow-2.0.0/lib/openstudio/workflow/run.rb:292:in `step'
/var/oscli/gems/ruby/2.5.0/gems/openstudio-workflow-2.0.0/lib/openstudio/workflow/run.rb:234:in `run'
:/openstudio_cli.rb:960:in `execute'
:/openstudio_cli.rb:750:in `execute'
:/openstudio_cli.rb:1744:in `<main>'
eval:174:in `eval'
eval:174:in `require_embedded_absolute'
eval:160:in `block in require_embedded'
eval:154:in `each'
eval:154:in `require_embedded'
eval:113:in `require'
eval:3:in `<main>' in /var/oscli/gems/ruby/2.5.0/gems/openstudio-workflow-2.0.0/lib/openstudio/workflow/util/measure.rb:598:in `rescue in apply_measure'
/var/oscli/gems/ruby/2.5.0/gems/openstudio-workflow-2.0.0/lib/openstudio/workflow/util/measure.rb:548:in `apply_measure'
/var/oscli/gems/ruby/2.5.0/gems/openstudio-workflow-2.0.0/lib/openstudio/workflow/util/measure.rb:109:in `block in apply_measures'
/var/oscli/gems/ruby/2.5.0/gems/openstudio-workflow-2.0.0/lib/openstudio/workflow/util/measure.rb:67:in `each_index'
/var/oscli/gems/ruby/2.5.0/gems/openstudio-workflow-2.0.0/lib/openstudio/workflow/util/measure.rb:67:in `apply_measures'
/var/oscli/gems/ruby/2.5.0/gems/openstudio-workflow-2.0.0/lib/openstudio/workflow/jobs/run_os_measures.rb:70:in `perform'
/var/oscli/gems/ruby/2.5.0/gems/openstudio-workflow-2.0.0/lib/openstudio/workflow/run.rb:292:in `step'
/var/oscli/gems/ruby/2.5.0/gems/openstudio-workflow-2.0.0/lib/openstudio/workflow/run.rb:234:in `run'
:/openstudio_cli.rb:960:in `execute'
:/openstudio_cli.rb:750:in `execute'
:/openstudio_cli.rb:1744:in `<main>'
eval:174:in `eval'
eval:174:in `require_embedded_absolute'
eval:160:in `block in require_embedded'
eval:154:in `each'
eval:154:in `require_embedded'
eval:113:in `require'
eval:3:in `<main>'
[19:29:24.264882 ERROR] Found error in state 'os_measures' with message ["/var/oscli/gems/ruby/2.5.0/gems/openstudio-workflow-2.0.0/lib/openstudio/workflow/util/measure.rb failed with message Runner error /var/oscli/gems/ruby/2.5.0/gems/openstudio-workflow-2.0.0/lib/openstudio/workflow/util/measure.rb failed with Measure create_typical_building_from_model reported an error with [\"[openstudio.standards.Model] Model has been assigned a weather file, but the file is not in the specified location of 'file:////mnt/openstudio/analysis_72a216d4-3a64-4cd6-8e04-b9bc3af7ff20/weather/SAU_Riyadh.404380_IWEC.epw'.\"], /var/oscli/gems/ruby/2.5.0/gems/openstudio-workflow-2.0.0/lib/openstudio/workflow/util/measure.rb:560:in `apply_measure'\n/var/oscli/gems/ruby/2.5.0/gems/openstudio-workflow-2.0.0/lib/openstudio/workflow/util/measure.rb:109:in `block in apply_measures'\n/var/oscli/gems/ruby/2.5.0/gems/openstudio-workflow-2.0.0/lib/openstudio/workflow/util/measure.rb:67:in `each_index'\n/var/oscli/gems/ruby/2.5.0/gems/openstudio-workflow-2.0.0/lib/openstudio/workflow/util/measure.rb:67:in `apply_measures'\n/var/oscli/gems/ruby/2.5.0/gems/openstudio-workflow-2.0.0/lib/openstudio/workflow/jobs/run_os_measures.rb:70:in `perform'\n/var/oscli/gems/ruby/2.5.0/gems/openstudio-workflow-2.0.0/lib/openstudio/workflow/run.rb:292:in `step'\n/var/oscli/gems/ruby/2.5.0/gems/openstudio-workflow-2.0.0/lib/openstudio/workflow/run.rb:234:in `run'\n:/openstudio_cli.rb:960:in `execute'\n:/openstudio_cli.rb:750:in `execute'\n:/openstudio_cli.rb:1744:in `<main>'\neval:174:in `eval'\neval:174:in `require_embedded_absolute'\neval:160:in `block in require_embedded'\neval:154:in `each'\neval:154:in `require_embedded'\neval:113:in `require'\neval:3:in `<main>' in /var/oscli/gems/ruby/2.5.0/gems/openstudio-workflow-2.0.0/lib/openstudio/workflow/util/measure.rb:598:in `rescue in apply_measure'\n/var/oscli/gems/ruby/2.5.0/gems/openstudio-workflow-2.0.0/lib/openstudio/workflow/util/measure.rb:548:in `apply_measure'\n/var/oscli/gems/ruby/2.5.0/gems/openstudio-workflow-2.0.0/lib/openstudio/workflow/util/measure.rb:109:in `block in apply_measures'\n/var/oscli/gems/ruby/2.5.0/gems/openstudio-workflow-2.0.0/lib/openstudio/workflow/util/measure.rb:67:in `each_index'\n/var/oscli/gems/ruby/2.5.0/gems/openstudio-workflow-2.0.0/lib/openstudio/workflow/util/measure.rb:67:in `apply_measures'\n/var/oscli/gems/ruby/2.5.0/gems/openstudio-workflow-2.0.0/lib/openstudio/workflow/jobs/run_os_measures.rb:70:in `perform'\n/var/oscli/gems/ruby/2.5.0/gems/openstudio-workflow-2.0.0/lib/openstudio/workflow/run.rb:292:in `step'\n/var/oscli/gems/ruby/2.5.0/gems/openstudio-workflow-2.0.0/lib/openstudio/workflow/run.rb:234:in `run'\n:/openstudio_cli.rb:960:in `execute'\n:/openstudio_cli.rb:750:in `execute'\n:/openstudio_cli.rb:1744:in `<main>'\neval:174:in `eval'\neval:174:in `require_embedded_absolute'\neval:160:in `block in require_embedded'\neval:154:in `each'\neval:154:in `require_embedded'\neval:113:in `require'\neval:3:in `<main>':/var/oscli/gems/ruby/2.5.0/gems/openstudio-workflow-2.0.0/lib/openstudio/workflow/util/measure.rb:647:in `rescue in apply_measure'\n/var/oscli/gems/ruby/2.5.0/gems/openstudio-workflow-2.0.0/lib/openstudio/workflow/util/measure.rb:305:in `apply_measure'\n/var/oscli/gems/ruby/2.5.0/gems/openstudio-workflow-2.0.0/lib/openstudio/workflow/util/measure.rb:109:in `block in apply_measures'\n/var/oscli/gems/ruby/2.5.0/gems/openstudio-workflow-2.0.0/lib/openstudio/workflow/util/measure.rb:67:in `each_index'\n/var/oscli/gems/ruby/2.5.0/gems/openstudio-workflow-2.0.0/lib/openstudio/workflow/util/measure.rb:67:in `apply_measures'\n/var/oscli/gems/ruby/2.5.0/gems/openstudio-workflow-2.0.0/lib/openstudio/workflow/jobs/run_os_measures.rb:70:in `perform'\n/var/oscli/gems/ruby/2.5.0/gems/openstudio-workflow-2.0.0/lib/openstudio/workflow/run.rb:292:in `step'\n/var/oscli/gems/ruby/2.5.0/gems/openstudio-workflow-2.0.0/lib/openstudio/workflow/run.rb:234:in `run'\n:/openstudio_cli.rb:960:in `execute'\n:/openstudio_cli.rb:750:in `execute'\n:/openstudio_cli.rb:1744:in `<main>'\neval:174:in `eval'\neval:174:in `require_embedded_absolute'\neval:160:in `block in require_embedded'\neval:154:in `each'\neval:154:in `require_embedded'\neval:113:in `require'\neval:3:in `<main>'"]}

[19:29:24.568682 ERROR] Could not find results /mnt/openstudio/analysis_72a216d4-3a64-4cd6-8e04-b9bc3af7ff20/data_point_b953ddcb-1c9f-4157-9a96-fe4a9c762f47/run/measure_attributes.json
[19:29:24.568739 INFO] Saving files/reports back to the server
[19:29:24.569049 INFO] Saving report /mnt/openstudio/analysis_72a216d4-3a64-4cd6-8e04-b9bc3af7ff20/data_point_b953ddcb-1c9f-4157-9a96-fe4a9c762f47/out.osw to http://web:80/data_points/b953ddcb-1c9f-4157-9a96-fe4a9c762f47/upload_file
[19:29:24.599555 INFO] Saving report responded with {"id":"5efb9294ce5ea001352be9ca","data_point_id":"b953ddcb-1c9f-4157-9a96-fe4a9c762f47","display_name":"Final OSW File","type":"Report","created_at":"2020-06-30T19:29:24.582Z","updated_at":"2020-06-30T19:29:24.582Z"}
[19:29:24.599883 INFO] Saving report /mnt/openstudio/analysis_72a216d4-3a64-4cd6-8e04-b9bc3af7ff20/data_point_b953ddcb-1c9f-4157-9a96-fe4a9c762f47/run/data_point.zip to http://web:80/data_points/b953ddcb-1c9f-4157-9a96-fe4a9c762f47/upload_file
[19:29:24.639957 INFO] Saving report responded with {"id":"5efb9294ce5ea001352be9cb","data_point_id":"b953ddcb-1c9f-4157-9a96-fe4a9c762f47","display_name":"Zip File","type":"Data Point","created_at":"2020-06-30T19:29:24.621Z","updated_at":"2020-06-30T19:29:24.621Z"}
[19:29:24.640231 INFO] Checking for presence of args file at /mnt/openstudio/analysis_72a216d4-3a64-4cd6-8e04-b9bc3af7ff20/scripts/data_point/finalize.args
[19:29:24.640300 INFO] Checking for presence of script file at /mnt/openstudio/analysis_72a216d4-3a64-4cd6-8e04-b9bc3af7ff20/scripts/data_point/finalize.sh
[19:29:24.645180 INFO] Finished /opt/openstudio/server/app/jobs/dj_jobs/run_simulate_data_point.rb
