# Logfile created on 2020-06-30 19:29:02 +0000 by logger.rb/61378
[19:29:02.306502 INFO] Server host is http://web:80
[19:29:02.306885 INFO] Analysis directory is /mnt/openstudio/analysis_72a216d4-3a64-4cd6-8e04-b9bc3af7ff20
[19:29:02.306957 INFO] Simulation directory is /mnt/openstudio/analysis_72a216d4-3a64-4cd6-8e04-b9bc3af7ff20/data_point_e038a5ef-c877-4ed5-ba76-9a2334df5fbc
[19:29:02.307004 INFO] Run datapoint type/file is 
[19:29:02.307053 INFO] Starting initialize_worker for datapoint e038a5ef-c877-4ed5-ba76-9a2334df5fbc
[19:29:02.307364 INFO] Downloading analysis zip from http://web:80/analyses/72a216d4-3a64-4cd6-8e04-b9bc3af7ff20/download_analysis_zip
[19:29:03.965791 INFO] Extracting analysis zip to /mnt/openstudio/analysis_72a216d4-3a64-4cd6-8e04-b9bc3af7ff20
[19:29:03.979367 INFO] Zip: Extracting lib/resources/ASHRAE_zone12_Spec.idf
[19:29:03.980689 INFO] Zip: Extracting lib/resources/ASHRAE_zone3_Spec.idf
[19:29:03.981222 INFO] Zip: Extracting lib/resources/ASHRAE_zone456_Spec.idf
[19:29:03.981877 INFO] Zip: Extracting lib/resources/ASHRAE_zone78_Spec.idf
[19:29:03.982420 INFO] Zip: Extracting lib/resources/GlzSys19_13F-air-9_Spec.idf
[19:29:03.983593 INFO] Zip: Extracting lib/resources/GlzSys20_14F-air-3000_Spec.idf
[19:29:03.984692 INFO] Zip: Extracting lib/resources/GlzSys21_13F-air-3000_Spec.idf
[19:29:03.985822 INFO] Zip: Extracting lib/resources/GlzSys_10-air-9_Spec.idf
[19:29:03.986968 INFO] Zip: Extracting lib/resources/GlzSys_10F-air-3000_Spec.idf
[19:29:03.988083 INFO] Zip: Extracting lib/resources/GlzSys_11F-air-3000_Spec.idf
[19:29:03.989254 INFO] Zip: Extracting lib/resources/GlzSys_16095-air-3000_Spec.idf
[19:29:03.990423 INFO] Zip: Extracting lib/resources/GlzSys_16095-air-9_Spec.idf
[19:29:03.991570 INFO] Zip: Extracting lib/resources/GlzSys_6374-air-3000_Spec.idf
[19:29:03.993164 INFO] Zip: Extracting lib/resources/GlzSys_Dark_PV_Spec.idf
[19:29:03.994199 INFO] Zip: Extracting lib/resources/GlzSys_Light_PV_Spec.idf
[19:29:03.994958 INFO] Zip: Extracting lib/resources/GlzSys_Thermochromic_30C.idf
[19:29:03.996084 INFO] Zip: Extracting lib/resources/GlzSys_Thermochromic_35C.idf
[19:29:03.997201 INFO] Zip: Extracting lib/resources/GlzSys_Thermochromic_40C.idf
[19:29:03.998368 INFO] Zip: Extracting lib/resources/SG_zone12_Spec.idf
[19:29:03.999655 INFO] Zip: Extracting lib/resources/SG_zone3_Spec.idf
[19:29:04.000889 INFO] Zip: Extracting lib/resources/SG_zone456_Spec.idf
[19:29:04.002517 INFO] Zip: Extracting lib/resources/SG_zone78_Spec.idf
[19:29:04.004163 INFO] Zip: Extracting lib/resources/Window_PV_No_frame_Spec_Spec.idf
[19:29:04.005295 INFO] Zip: Extracting lib/resources/Window_PV_frame_Spec.idf
[19:29:04.006267 INFO] Zip: Extracting measures/AddMeter/
[19:29:04.006531 INFO] Zip: Extracting measures/AddMeter/LICENSE.md
[19:29:04.007075 INFO] Zip: Extracting measures/AddMeter/New folder/
[19:29:04.007299 INFO] Zip: Extracting measures/AddMeter/README.md
[19:29:04.007927 INFO] Zip: Extracting measures/AddMeter/README.md.erb
[19:29:04.008514 INFO] Zip: Extracting measures/AddMeter/measure.rb
[19:29:04.009106 INFO] Zip: Extracting measures/AddMeter/measure.xml
[19:29:04.009637 INFO] Zip: Extracting measures/AddMeter/tests/
[19:29:04.009922 INFO] Zip: Extracting measures/AddMeter/tests/AddMeter_Test.rb
[19:29:04.010486 INFO] Zip: Extracting measures/AddOutputVariable/
[19:29:04.010710 INFO] Zip: Extracting measures/AddOutputVariable/LICENSE.md
[19:29:04.011279 INFO] Zip: Extracting measures/AddOutputVariable/README.md
[19:29:04.011856 INFO] Zip: Extracting measures/AddOutputVariable/README.md.erb
[19:29:04.012406 INFO] Zip: Extracting measures/AddOutputVariable/measure.rb
[19:29:04.012985 INFO] Zip: Extracting measures/AddOutputVariable/measure.xml
[19:29:04.013614 INFO] Zip: Extracting measures/AddOutputVariable/tests/
[19:29:04.013848 INFO] Zip: Extracting measures/AddOutputVariable/tests/AddOutputVariable_Test.rb
[19:29:04.014388 INFO] Zip: Extracting measures/ChangeBuildingLocation/
[19:29:04.014608 INFO] Zip: Extracting measures/ChangeBuildingLocation/LICENSE.md
[19:29:04.015136 INFO] Zip: Extracting measures/ChangeBuildingLocation/README.md
[19:29:04.015729 INFO] Zip: Extracting measures/ChangeBuildingLocation/README.md.erb
[19:29:04.016246 INFO] Zip: Extracting measures/ChangeBuildingLocation/measure.rb
[19:29:04.016909 INFO] Zip: Extracting measures/ChangeBuildingLocation/measure.xml
[19:29:04.017472 INFO] Zip: Extracting measures/ChangeBuildingLocation/resources/
[19:29:04.017798 INFO] Zip: Extracting measures/ChangeBuildingLocation/resources/epw.rb
[19:29:04.018397 INFO] Zip: Extracting measures/ChangeBuildingLocation/resources/os_lib_helper_methods.rb
[19:29:04.019044 INFO] Zip: Extracting measures/ChangeBuildingLocation/resources/stat_file.rb
[19:29:04.019666 INFO] Zip: Extracting measures/ChangeBuildingLocation/tests/
[19:29:04.019968 INFO] Zip: Extracting measures/ChangeBuildingLocation/tests/USA_MA_Boston-Logan.Intl.AP.725090_TMY3.ddy
[19:29:04.020656 INFO] Zip: Extracting measures/ChangeBuildingLocation/tests/USA_MA_Boston-Logan.Intl.AP.725090_TMY3.epw
[19:29:04.035392 INFO] Zip: Extracting measures/ChangeBuildingLocation/tests/USA_MA_Boston-Logan.Intl.AP.725090_TMY3.stat
[19:29:04.036238 INFO] Zip: Extracting measures/ChangeBuildingLocation/tests/USA_WA_Renton.Muni.AP.727934_TMY3.ddy
[19:29:04.036708 INFO] Zip: Extracting measures/ChangeBuildingLocation/tests/USA_WA_Renton.Muni.AP.727934_TMY3.epw
[19:29:04.051091 INFO] Zip: Extracting measures/ChangeBuildingLocation/tests/USA_WA_Renton.Muni.AP.727934_TMY3.stat
[19:29:04.051935 INFO] Zip: Extracting measures/ChangeBuildingLocation/tests/another_weather_file.ddy
[19:29:04.052580 INFO] Zip: Extracting measures/ChangeBuildingLocation/tests/another_weather_file.epw
[19:29:04.067327 INFO] Zip: Extracting measures/ChangeBuildingLocation/tests/another_weather_file.stat
[19:29:04.068257 INFO] Zip: Extracting measures/ChangeBuildingLocation/tests/change_building_location_test.rb
[19:29:04.068790 INFO] Zip: Extracting measures/ChangeBuildingLocation/tests/multiyear.ddy
[19:29:04.069398 INFO] Zip: Extracting measures/ChangeBuildingLocation/tests/multiyear.epw
[19:29:04.070464 INFO] Zip: Extracting measures/ChangeBuildingLocation/tests/multiyear.stat
[19:29:04.071192 INFO] Zip: Extracting measures/ChangeBuildingLocation/tests/test.osm
[19:29:04.075947 INFO] Zip: Extracting measures/ChangeBuildingLocation/tests/test.osw
[19:29:04.076998 INFO] Zip: Extracting measures/ServerDirectoryCleanup/
[19:29:04.077193 INFO] Zip: Extracting measures/ServerDirectoryCleanup/LICENSE.md
[19:29:04.077702 INFO] Zip: Extracting measures/ServerDirectoryCleanup/measure.rb
[19:29:04.078175 INFO] Zip: Extracting measures/ServerDirectoryCleanup/measure.xml
[19:29:04.078671 INFO] Zip: Extracting measures/ServerDirectoryCleanup/tests/
[19:29:04.078850 INFO] Zip: Extracting measures/ServerDirectoryCleanup/tests/ServerDirectoryCleanup_test.rb
[19:29:04.079331 INFO] Zip: Extracting measures/ServerDirectoryCleanup/tests/USA_CO_Golden-NREL.724666_TMY3.epw
[19:29:04.094947 INFO] Zip: Extracting measures/ServerDirectoryCleanup/tests/example_model.osm
[19:29:04.096846 INFO] Zip: Extracting measures/WindowPV_reporting/
[19:29:04.097081 INFO] Zip: Extracting measures/WindowPV_reporting/measure.rb
[19:29:04.097781 INFO] Zip: Extracting measures/WindowPV_reporting/measure.xml
[19:29:04.098305 INFO] Zip: Extracting measures/WindowPV_reporting/resources/
[19:29:04.098458 INFO] Zip: Extracting measures/WindowPV_reporting/resources/os_lib_helper_methods.rb
[19:29:04.098943 INFO] Zip: Extracting measures/WindowPV_reporting/resources/report.html.in
[19:29:04.099371 INFO] Zip: Extracting measures/WindowPV_reporting/tests/
[19:29:04.099523 INFO] Zip: Extracting measures/WindowPV_reporting/tests/USA_CO_Golden-NREL.724666_TMY3.epw
[19:29:04.114919 INFO] Zip: Extracting measures/WindowPV_reporting/tests/example_model.osm
[19:29:04.116686 INFO] Zip: Extracting measures/WindowPV_reporting/tests/ubi_qd_reporting_test.rb
[19:29:04.117223 INFO] Zip: Extracting measures/a_inject_window_specific_idf_objects/
[19:29:04.117390 INFO] Zip: Extracting measures/a_inject_window_specific_idf_objects/LICENSE.md
[19:29:04.117810 INFO] Zip: Extracting measures/a_inject_window_specific_idf_objects/measure.rb
[19:29:04.118327 INFO] Zip: Extracting measures/a_inject_window_specific_idf_objects/measure.xml
[19:29:04.118758 INFO] Zip: Extracting measures/a_inject_window_specific_idf_objects/tests/
[19:29:04.118895 INFO] Zip: Extracting measures/a_inject_window_specific_idf_objects/tests/EnvelopeAndLoadTestModel_01.osm
[19:29:04.255052 INFO] Zip: Extracting measures/a_inject_window_specific_idf_objects/tests/Example B - BlockEnergyCharge.idf
[19:29:04.255718 INFO] Zip: Extracting measures/a_inject_window_specific_idf_objects/tests/measure_Test.rb
[19:29:04.256200 INFO] Zip: Extracting measures/a_inject_window_specific_idf_objects/tests/test.osw
[19:29:04.257128 INFO] Zip: Extracting measures/add_thermochromic_bipv/
[19:29:04.257365 INFO] Zip: Extracting measures/add_thermochromic_bipv/measure.rb
[19:29:04.257974 INFO] Zip: Extracting measures/add_thermochromic_bipv/measure.xml
[19:29:04.258533 INFO] Zip: Extracting measures/add_thermochromic_bipv/resources/
[19:29:04.258756 INFO] Zip: Extracting measures/add_thermochromic_bipv/resources/HVACSizing.Model.rb
[19:29:04.259445 INFO] Zip: Extracting measures/add_thermochromic_bipv/resources/Standards.Construction.rb
[19:29:04.259967 INFO] Zip: Extracting measures/add_thermochromic_bipv/resources/os_lib_helper_methods.rb
[19:29:04.260546 INFO] Zip: Extracting measures/add_thermochromic_bipv/resources/os_lib_schedules.rb
[19:29:04.261218 INFO] Zip: Extracting measures/create_bar_from_building_type_ratios/
[19:29:04.261383 INFO] Zip: Extracting measures/create_bar_from_building_type_ratios/LICENSE.md
[19:29:04.261731 INFO] Zip: Extracting measures/create_bar_from_building_type_ratios/README.md
[19:29:04.262083 INFO] Zip: Extracting measures/create_bar_from_building_type_ratios/README.md.erb
[19:29:04.262400 INFO] Zip: Extracting measures/create_bar_from_building_type_ratios/measure.rb
[19:29:04.262935 INFO] Zip: Extracting measures/create_bar_from_building_type_ratios/measure.xml
[19:29:04.263363 INFO] Zip: Extracting measures/create_bar_from_building_type_ratios/resources/
[19:29:04.263511 INFO] Zip: Extracting measures/create_bar_from_building_type_ratios/resources/os_lib_geometry.rb
[19:29:04.264104 INFO] Zip: Extracting measures/create_bar_from_building_type_ratios/resources/os_lib_helper_methods.rb
[19:29:04.264542 INFO] Zip: Extracting measures/create_bar_from_building_type_ratios/resources/os_lib_model_generation.rb
[19:29:04.265088 INFO] Zip: Extracting measures/create_bar_from_building_type_ratios/resources/os_lib_model_simplification.rb
[19:29:04.265664 INFO] Zip: Extracting measures/create_bar_from_building_type_ratios/tests/
[19:29:04.265810 INFO] Zip: Extracting measures/create_bar_from_building_type_ratios/tests/create_bar_from_building_type_ratios_test.rb
[19:29:04.266195 INFO] Zip: Extracting measures/create_bar_from_building_type_ratios/tests/example_model.osm
[19:29:04.268323 INFO] Zip: Extracting measures/create_typical_building_from_model/
[19:29:04.268588 INFO] Zip: Extracting measures/create_typical_building_from_model/LICENSE.md
[19:29:04.268980 INFO] Zip: Extracting measures/create_typical_building_from_model/README.md
[19:29:04.269322 INFO] Zip: Extracting measures/create_typical_building_from_model/README.md.erb
[19:29:04.269628 INFO] Zip: Extracting measures/create_typical_building_from_model/measure.rb
[19:29:04.270166 INFO] Zip: Extracting measures/create_typical_building_from_model/measure.xml
[19:29:04.270600 INFO] Zip: Extracting measures/create_typical_building_from_model/resources/
[19:29:04.270750 INFO] Zip: Extracting measures/create_typical_building_from_model/resources/Model.hvac.rb
[19:29:04.271130 INFO] Zip: Extracting measures/create_typical_building_from_model/resources/os_lib_helper_methods.rb
[19:29:04.271533 INFO] Zip: Extracting measures/create_typical_building_from_model/resources/os_lib_model_generation.rb
[19:29:04.272078 INFO] Zip: Extracting measures/create_typical_building_from_model/tests/
[19:29:04.272546 INFO] Zip: Extracting measures/create_typical_building_from_model/tests/GenericGbxml.osm
[19:29:04.274840 INFO] Zip: Extracting measures/create_typical_building_from_model/tests/LargeOffice04.osm
[19:29:04.281190 INFO] Zip: Extracting measures/create_typical_building_from_model/tests/MidriseApartment.osm
[19:29:04.417048 INFO] Zip: Extracting measures/create_typical_building_from_model/tests/SmallOffice.osm
[19:29:04.418984 INFO] Zip: Extracting measures/create_typical_building_from_model/tests/USA_TX_Houston-Bush.Intercontinental.AP.722430_TMY3.epw
[19:29:04.428657 INFO] Zip: Extracting measures/create_typical_building_from_model/tests/create_typical_building_from_model_test.rb
[19:29:04.429145 INFO] Zip: Extracting measures/create_typical_building_from_model/tests/test.osw
[19:29:04.429805 INFO] Zip: Extracting measures/create_typical_building_from_model/tests/test_hvac.rb
[19:29:04.430181 INFO] Zip: Extracting measures/export_variableto_csv_variables_for_bipvpce/
[19:29:04.430340 INFO] Zip: Extracting measures/export_variableto_csv_variables_for_bipvpce/measure.rb
[19:29:04.430725 INFO] Zip: Extracting measures/export_variableto_csv_variables_for_bipvpce/measure.xml
[19:29:04.431063 INFO] Zip: Extracting measures/export_variableto_csv_variables_for_bipvpce/resources/
[19:29:04.431198 INFO] Zip: Extracting measures/export_variableto_csv_variables_for_bipvpce/resources/report.html.in
[19:29:04.431494 INFO] Zip: Extracting measures/export_variableto_csv_variables_for_bipvpce/tests/
[19:29:04.431628 INFO] Zip: Extracting measures/export_variableto_csv_variables_for_bipvpce/tests/ExportVariabletoCSV_test.rb
[19:29:04.431961 INFO] Zip: Extracting measures/export_variableto_csv_variables_for_bipvpce/tests/example_model.osm
[19:29:04.433106 INFO] Zip: Extracting measures/inject_idf_window_objects/
[19:29:04.433246 INFO] Zip: Extracting measures/inject_idf_window_objects/LICENSE.md
[19:29:04.433572 INFO] Zip: Extracting measures/inject_idf_window_objects/measure.rb
[19:29:04.433965 INFO] Zip: Extracting measures/inject_idf_window_objects/measure.xml
[19:29:04.434310 INFO] Zip: Extracting measures/inject_idf_window_objects/tests/
[19:29:04.434449 INFO] Zip: Extracting measures/inject_idf_window_objects/tests/EnvelopeAndLoadTestModel_01.osm
[19:29:04.438612 INFO] Zip: Extracting measures/inject_idf_window_objects/tests/Example B - BlockEnergyCharge.idf
[19:29:04.439102 INFO] Zip: Extracting measures/inject_idf_window_objects/tests/measure_Test.rb
[19:29:04.439433 INFO] Zip: Extracting measures/inject_idf_window_objects/tests/test.osw
[19:29:04.440016 INFO] Zip: Extracting seeds/switchglaze/
[19:29:04.440180 INFO] Zip: Extracting seeds/switchglaze.osm
[19:29:04.452487 INFO] Zip: Extracting seeds/switchglaze/files/
[19:29:04.452694 INFO] Zip: Extracting seeds/switchglaze/measures/
[19:29:04.452885 INFO] Zip: Extracting seeds/switchglaze/run/
[19:29:04.453015 INFO] Zip: Extracting seeds/switchglaze/workflow.osw
[19:29:04.453385 INFO] Zip: Extracting weather/DEU_Hamburg.101470_IWEC.ddy
[19:29:04.454071 INFO] Zip: Extracting weather/DEU_Hamburg.101470_IWEC.epw
[19:29:04.465555 INFO] Zip: Extracting weather/DEU_Hamburg.101470_IWEC.stat
[19:29:04.466467 INFO] Zip: Extracting weather/JPN_Tokyo.Hyakuri.477150_IWEC.ddy
[19:29:04.467033 INFO] Zip: Extracting weather/JPN_Tokyo.Hyakuri.477150_IWEC.epw
[19:29:04.479074 INFO] Zip: Extracting weather/JPN_Tokyo.Hyakuri.477150_IWEC.stat
[19:29:04.480016 INFO] Zip: Extracting weather/SAU_Riyadh.404380_IWEC.ddy
[19:29:04.480603 INFO] Zip: Extracting weather/SAU_Riyadh.404380_IWEC.epw
[19:29:04.491731 INFO] Zip: Extracting weather/SAU_Riyadh.404380_IWEC.stat
[19:29:04.492440 INFO] Zip: Extracting weather/SGP_Singapore.486980_IWEC.ddy
[19:29:04.493404 INFO] Zip: Extracting weather/SGP_Singapore.486980_IWEC.epw
[19:29:04.508557 INFO] Zip: Extracting weather/SGP_Singapore.486980_IWEC.stat
[19:29:04.509575 INFO] Zip: Extracting weather/USA_AK_Fairbanks.Intl.AP.702610_TMY3.ddy
[19:29:04.510379 INFO] Zip: Extracting weather/USA_AK_Fairbanks.Intl.AP.702610_TMY3.epw
[19:29:04.531417 INFO] Zip: Extracting weather/USA_AK_Fairbanks.Intl.AP.702610_TMY3.stat
[19:29:04.532502 INFO] Zip: Extracting weather/USA_AZ_Tucson.Intl.AP.722740_TMY3.ddy
[19:29:04.533229 INFO] Zip: Extracting weather/USA_AZ_Tucson.Intl.AP.722740_TMY3.epw
[19:29:04.551807 INFO] Zip: Extracting weather/USA_AZ_Tucson.Intl.AP.722740_TMY3.stat
[19:29:04.552878 INFO] Zip: Extracting weather/USA_CA_San.Diego-Lindbergh.Field.722900_TMY3.ddy
[19:29:04.553585 INFO] Zip: Extracting weather/USA_CA_San.Diego-Lindbergh.Field.722900_TMY3.epw
[19:29:04.755219 INFO] Zip: Extracting weather/USA_CA_San.Diego-Lindbergh.Field.722900_TMY3.stat
[19:29:04.756499 INFO] Zip: Extracting weather/USA_CO_Denver.Intl.AP.725650_TMY3.ddy
[19:29:04.757272 INFO] Zip: Extracting weather/USA_CO_Denver.Intl.AP.725650_TMY3.epw
[19:29:04.775580 INFO] Zip: Extracting weather/USA_CO_Denver.Intl.AP.725650_TMY3.stat
[19:29:04.776716 INFO] Zip: Extracting weather/USA_FL_Tampa.Intl.AP.722110_TMY3.ddy
[19:29:04.777423 INFO] Zip: Extracting weather/USA_FL_Tampa.Intl.AP.722110_TMY3.epw
[19:29:04.794212 INFO] Zip: Extracting weather/USA_FL_Tampa.Intl.AP.722110_TMY3.stat
[19:29:04.795272 INFO] Zip: Extracting weather/USA_GA_Atlanta-Hartsfield-Jackson.Intl.AP.722190_TMY3.ddy
[19:29:04.795983 INFO] Zip: Extracting weather/USA_GA_Atlanta-Hartsfield-Jackson.Intl.AP.722190_TMY3.epw
[19:29:04.949563 INFO] Zip: Extracting weather/USA_GA_Atlanta-Hartsfield-Jackson.Intl.AP.722190_TMY3.stat
[19:29:04.950488 INFO] Zip: Extracting weather/USA_HI_Honolulu.Intl.AP.911820_TMY3.ddy
[19:29:04.951053 INFO] Zip: Extracting weather/USA_HI_Honolulu.Intl.AP.911820_TMY3.epw
[19:29:04.965541 INFO] Zip: Extracting weather/USA_HI_Honolulu.Intl.AP.911820_TMY3.stat
[19:29:04.966443 INFO] Zip: Extracting weather/USA_MN_International.Falls.Intl.AP.727470_TMY3.ddy
[19:29:04.966993 INFO] Zip: Extracting weather/USA_MN_International.Falls.Intl.AP.727470_TMY3.epw
[19:29:04.989707 INFO] Zip: Extracting weather/USA_MN_International.Falls.Intl.AP.727470_TMY3.stat
[19:29:04.990619 INFO] Zip: Extracting weather/USA_MN_Rochester.Intl.AP.726440_TMY3.ddy
[19:29:04.991240 INFO] Zip: Extracting weather/USA_MN_Rochester.Intl.AP.726440_TMY3.epw
[19:29:05.004673 INFO] Zip: Extracting weather/USA_MN_Rochester.Intl.AP.726440_TMY3.stat
[19:29:05.005674 INFO] Zip: Extracting weather/USA_MT_Great.Falls.Intl.AP.727750_TMY3.ddy
[19:29:05.006224 INFO] Zip: Extracting weather/USA_MT_Great.Falls.Intl.AP.727750_TMY3.epw
[19:29:05.019066 INFO] Zip: Extracting weather/USA_MT_Great.Falls.Intl.AP.727750_TMY3.stat
[19:29:05.019954 INFO] Zip: Extracting weather/USA_NM_Albuquerque.Intl.AP.723650_TMY3.ddy
[19:29:05.020546 INFO] Zip: Extracting weather/USA_NM_Albuquerque.Intl.AP.723650_TMY3.epw
[19:29:05.034808 INFO] Zip: Extracting weather/USA_NM_Albuquerque.Intl.AP.723650_TMY3.stat
[19:29:05.035778 INFO] Zip: Extracting weather/USA_NY_Buffalo-Greater.Buffalo.Intl.AP.725280_TMY3.ddy
[19:29:05.036458 INFO] Zip: Extracting weather/USA_NY_Buffalo-Greater.Buffalo.Intl.AP.725280_TMY3.epw
[19:29:05.054155 INFO] Zip: Extracting weather/USA_NY_Buffalo-Greater.Buffalo.Intl.AP.725280_TMY3.stat
[19:29:05.055266 INFO] Zip: Extracting weather/USA_NY_New.York-J.F.Kennedy.Intl.AP.744860_TMY3.ddy
[19:29:05.056034 INFO] Zip: Extracting weather/USA_NY_New.York-J.F.Kennedy.Intl.AP.744860_TMY3.epw
[19:29:05.078062 INFO] Zip: Extracting weather/USA_NY_New.York-J.F.Kennedy.Intl.AP.744860_TMY3.stat
[19:29:05.079671 INFO] Zip: Extracting weather/USA_TX_El.Paso.Intl.AP.722700_TMY3.ddy
[19:29:05.080423 INFO] Zip: Extracting weather/USA_TX_El.Paso.Intl.AP.722700_TMY3.epw
[19:29:05.092891 INFO] Zip: Extracting weather/USA_TX_El.Paso.Intl.AP.722700_TMY3.stat
[19:29:05.093774 INFO] Zip: Extracting weather/USA_WA_Port.Angeles-William.R.Fairchild.Intl.AP.727885_TMY3.ddy
[19:29:05.094351 INFO] Zip: Extracting weather/USA_WA_Port.Angeles-William.R.Fairchild.Intl.AP.727885_TMY3.epw
[19:29:05.107413 INFO] Zip: Extracting weather/USA_WA_Port.Angeles-William.R.Fairchild.Intl.AP.727885_TMY3.stat
[19:29:05.108399 INFO] Zip: Extracting weather/USA_WA_Seattle-Tacoma.Intl.AP.727930_TMY3.ddy
[19:29:05.109006 INFO] Zip: Extracting weather/USA_WA_Seattle-Tacoma.Intl.AP.727930_TMY3.epw
[19:29:05.121602 INFO] Zip: Extracting weather/USA_WA_Seattle-Tacoma.Intl.AP.727930_TMY3.stat
[19:29:05.125750 INFO] Downloading analysis.json from http://web:80/analyses/72a216d4-3a64-4cd6-8e04-b9bc3af7ff20.json
[19:29:05.203206 INFO] Checking for presence of args file at /mnt/openstudio/analysis_72a216d4-3a64-4cd6-8e04-b9bc3af7ff20/scripts/data_point/initialize.args
[19:29:05.203292 INFO] Checking for presence of script file at /mnt/openstudio/analysis_72a216d4-3a64-4cd6-8e04-b9bc3af7ff20/scripts/data_point/initialize.sh
[19:29:05.203355 INFO] Finished worker initialization
[19:29:05.203399 INFO] RestClient delete
[19:29:05.203442 INFO] delete post_count = 1
[19:29:05.218715 INFO] Downloading datapoint from http://web:80/data_points/e038a5ef-c877-4ed5-ba76-9a2334df5fbc.json
[19:29:05.218793 INFO] get url post_count = 1
[19:29:05.242203 INFO] Creating Workflow Manager instance
[19:29:05.242322 INFO] Directory is /mnt/openstudio/analysis_72a216d4-3a64-4cd6-8e04-b9bc3af7ff20/data_point_e038a5ef-c877-4ed5-ba76-9a2334df5fbc
[19:29:05.242416 INFO] Opening run.log file '/mnt/openstudio/analysis_72a216d4-3a64-4cd6-8e04-b9bc3af7ff20/data_point_e038a5ef-c877-4ed5-ba76-9a2334df5fbc/run/run.log'
[19:29:05.242626 WARN] Error finding Oscli: OPENSTUDIO_EXE_PATH not set
[19:29:05.257449 WARN] Defaulting to fun Oscli via /usr/local/bin/openstudio
[19:29:05.257625 INFO] Returning Oscli cmd: /usr/local/bin/openstudio --bundle /var/oscli/Gemfile --bundle_path /var/oscli/gems 
[19:29:05.257864 INFO] Running workflow using cmd /usr/local/bin/openstudio --bundle /var/oscli/Gemfile --bundle_path /var/oscli/gems   run --workflow '/mnt/openstudio/analysis_72a216d4-3a64-4cd6-8e04-b9bc3af7ff20/data_point_e038a5ef-c877-4ed5-ba76-9a2334df5fbc/data_point.osw'  and writing log to /mnt/openstudio/analysis_72a216d4-3a64-4cd6-8e04-b9bc3af7ff20/data_point_e038a5ef-c877-4ed5-ba76-9a2334df5fbc/oscli_simulation.log
[19:29:27.030556 INFO] Oscli output: /var/oscli/gems/ruby/2.5.0/gems/openstudio-standards-0.2.11/lib/openstudio-standards/btap/btap.rb:56: warning: constant ::Fixnum is deprecated
[openstudio.standards.Model] <1> Model has been assigned a weather file, but the file is not in the specified location of 'file:////mnt/openstudio/analysis_72a216d4-3a64-4cd6-8e04-b9bc3af7ff20/weather/SAU_Riyadh.404380_IWEC.epw'.
[19:29:22.464511 WARN] Could not add loads for Plenum. Not expected for 90.1-2013
[19:29:26.493507 WARN] [openstudio.standards.Construction] Requested U-value of 0.58 for Typical Insulated Exterior Mass Wall is too low given the other materials in the construction; insulation layer will not be modified.
[19:29:26.494159 WARN] [openstudio.standards.Construction] Can only set the u-value of opaque constructions or simple glazing. U 0.60 SHGC 0.25 Dbl 2.5mm air is not opaque or simple glazing.
[19:29:26.494549 WARN] [openstudio.standards.Construction] Can only set the u-value of opaque constructions or simple glazing. U 0.65 SHGC 0.25 Dbl Ref-C-H Clr 6mm/6mm Air is not opaque or simple glazing.
[19:29:26.494687 WARN] [openstudio.standards.Construction] Requested U-value of 1.1686635536297982 for Typical Overhead Door is greater than the sum of the inside and outside resistance, and the max U-value (6.636 SI) is used instead.
[19:29:26.494972 WARN] [openstudio.standards.Construction] Can only set the u-value of opaque constructions or simple glazing. Window_U_0.75_SHGC_0.35_Skylight_Frame_Width_2.339_in is not opaque or simple glazing.
[19:29:26.495823 WARN] [openstudio.weather.Model] Could not find ground temperatures; will use generic temperatures, which will skew results.
[19:29:26.511295 ERROR] [openstudio.standards.Model] Model has been assigned a weather file, but the file is not in the specified location of 'file:////mnt/openstudio/analysis_72a216d4-3a64-4cd6-8e04-b9bc3af7ff20/weather/SAU_Riyadh.404380_IWEC.epw'.
[19:29:26.727491 ERROR] /var/oscli/gems/ruby/2.5.0/gems/openstudio-workflow-2.0.0/lib/openstudio/workflow/util/measure.rb failed with message Runner error /var/oscli/gems/ruby/2.5.0/gems/openstudio-workflow-2.0.0/lib/openstudio/workflow/util/measure.rb failed with Measure create_typical_building_from_model reported an error with ["[openstudio.standards.Model] Model has been assigned a weather file, but the file is not in the specified location of 'file:////mnt/openstudio/analysis_72a216d4-3a64-4cd6-8e04-b9bc3af7ff20/weather/SAU_Riyadh.404380_IWEC.epw'."], /var/oscli/gems/ruby/2.5.0/gems/openstudio-workflow-2.0.0/lib/openstudio/workflow/util/measure.rb:560:in `apply_measure'
/var/oscli/gems/ruby/2.5.0/gems/openstudio-workflow-2.0.0/lib/openstudio/workflow/util/measure.rb:109:in `block in apply_measures'
/var/oscli/gems/ruby/2.5.0/gems/openstudio-workflow-2.0.0/lib/openstudio/workflow/util/measure.rb:67:in `each_index'
/var/oscli/gems/ruby/2.5.0/gems/openstudio-workflow-2.0.0/lib/openstudio/workflow/util/measure.rb:67:in `apply_measures'
/var/oscli/gems/ruby/2.5.0/gems/openstudio-workflow-2.0.0/lib/openstudio/workflow/jobs/run_os_measures.rb:70:in `perform'
/var/oscli/gems/ruby/2.5.0/gems/openstudio-workflow-2.0.0/lib/openstudio/workflow/run.rb:292:in `step'
/var/oscli/gems/ruby/2.5.0/gems/openstudio-workflow-2.0.0/lib/openstudio/workflow/run.rb:234:in `run'
:/openstudio_cli.rb:960:in `execute'
:/openstudio_cli.rb:750:in `execute'
:/openstudio_cli.rb:1744:in `<main>'
eval:174:in `eval'
eval:174:in `require_embedded_absolute'
eval:160:in `block in require_embedded'
eval:154:in `each'
eval:154:in `require_embedded'
eval:113:in `require'
eval:3:in `<main>' in /var/oscli/gems/ruby/2.5.0/gems/openstudio-workflow-2.0.0/lib/openstudio/workflow/util/measure.rb:598:in `rescue in apply_measure'
/var/oscli/gems/ruby/2.5.0/gems/openstudio-workflow-2.0.0/lib/openstudio/workflow/util/measure.rb:548:in `apply_measure'
/var/oscli/gems/ruby/2.5.0/gems/openstudio-workflow-2.0.0/lib/openstudio/workflow/util/measure.rb:109:in `block in apply_measures'
/var/oscli/gems/ruby/2.5.0/gems/openstudio-workflow-2.0.0/lib/openstudio/workflow/util/measure.rb:67:in `each_index'
/var/oscli/gems/ruby/2.5.0/gems/openstudio-workflow-2.0.0/lib/openstudio/workflow/util/measure.rb:67:in `apply_measures'
/var/oscli/gems/ruby/2.5.0/gems/openstudio-workflow-2.0.0/lib/openstudio/workflow/jobs/run_os_measures.rb:70:in `perform'
/var/oscli/gems/ruby/2.5.0/gems/openstudio-workflow-2.0.0/lib/openstudio/workflow/run.rb:292:in `step'
/var/oscli/gems/ruby/2.5.0/gems/openstudio-workflow-2.0.0/lib/openstudio/workflow/run.rb:234:in `run'
:/openstudio_cli.rb:960:in `execute'
:/openstudio_cli.rb:750:in `execute'
:/openstudio_cli.rb:1744:in `<main>'
eval:174:in `eval'
eval:174:in `require_embedded_absolute'
eval:160:in `block in require_embedded'
eval:154:in `each'
eval:154:in `require_embedded'
eval:113:in `require'
eval:3:in `<main>'
[19:29:26.731168 ERROR] Found error in state 'os_measures' with message ["/var/oscli/gems/ruby/2.5.0/gems/openstudio-workflow-2.0.0/lib/openstudio/workflow/util/measure.rb failed with message Runner error /var/oscli/gems/ruby/2.5.0/gems/openstudio-workflow-2.0.0/lib/openstudio/workflow/util/measure.rb failed with Measure create_typical_building_from_model reported an error with [\"[openstudio.standards.Model] Model has been assigned a weather file, but the file is not in the specified location of 'file:////mnt/openstudio/analysis_72a216d4-3a64-4cd6-8e04-b9bc3af7ff20/weather/SAU_Riyadh.404380_IWEC.epw'.\"], /var/oscli/gems/ruby/2.5.0/gems/openstudio-workflow-2.0.0/lib/openstudio/workflow/util/measure.rb:560:in `apply_measure'\n/var/oscli/gems/ruby/2.5.0/gems/openstudio-workflow-2.0.0/lib/openstudio/workflow/util/measure.rb:109:in `block in apply_measures'\n/var/oscli/gems/ruby/2.5.0/gems/openstudio-workflow-2.0.0/lib/openstudio/workflow/util/measure.rb:67:in `each_index'\n/var/oscli/gems/ruby/2.5.0/gems/openstudio-workflow-2.0.0/lib/openstudio/workflow/util/measure.rb:67:in `apply_measures'\n/var/oscli/gems/ruby/2.5.0/gems/openstudio-workflow-2.0.0/lib/openstudio/workflow/jobs/run_os_measures.rb:70:in `perform'\n/var/oscli/gems/ruby/2.5.0/gems/openstudio-workflow-2.0.0/lib/openstudio/workflow/run.rb:292:in `step'\n/var/oscli/gems/ruby/2.5.0/gems/openstudio-workflow-2.0.0/lib/openstudio/workflow/run.rb:234:in `run'\n:/openstudio_cli.rb:960:in `execute'\n:/openstudio_cli.rb:750:in `execute'\n:/openstudio_cli.rb:1744:in `<main>'\neval:174:in `eval'\neval:174:in `require_embedded_absolute'\neval:160:in `block in require_embedded'\neval:154:in `each'\neval:154:in `require_embedded'\neval:113:in `require'\neval:3:in `<main>' in /var/oscli/gems/ruby/2.5.0/gems/openstudio-workflow-2.0.0/lib/openstudio/workflow/util/measure.rb:598:in `rescue in apply_measure'\n/var/oscli/gems/ruby/2.5.0/gems/openstudio-workflow-2.0.0/lib/openstudio/workflow/util/measure.rb:548:in `apply_measure'\n/var/oscli/gems/ruby/2.5.0/gems/openstudio-workflow-2.0.0/lib/openstudio/workflow/util/measure.rb:109:in `block in apply_measures'\n/var/oscli/gems/ruby/2.5.0/gems/openstudio-workflow-2.0.0/lib/openstudio/workflow/util/measure.rb:67:in `each_index'\n/var/oscli/gems/ruby/2.5.0/gems/openstudio-workflow-2.0.0/lib/openstudio/workflow/util/measure.rb:67:in `apply_measures'\n/var/oscli/gems/ruby/2.5.0/gems/openstudio-workflow-2.0.0/lib/openstudio/workflow/jobs/run_os_measures.rb:70:in `perform'\n/var/oscli/gems/ruby/2.5.0/gems/openstudio-workflow-2.0.0/lib/openstudio/workflow/run.rb:292:in `step'\n/var/oscli/gems/ruby/2.5.0/gems/openstudio-workflow-2.0.0/lib/openstudio/workflow/run.rb:234:in `run'\n:/openstudio_cli.rb:960:in `execute'\n:/openstudio_cli.rb:750:in `execute'\n:/openstudio_cli.rb:1744:in `<main>'\neval:174:in `eval'\neval:174:in `require_embedded_absolute'\neval:160:in `block in require_embedded'\neval:154:in `each'\neval:154:in `require_embedded'\neval:113:in `require'\neval:3:in `<main>':/var/oscli/gems/ruby/2.5.0/gems/openstudio-workflow-2.0.0/lib/openstudio/workflow/util/measure.rb:647:in `rescue in apply_measure'\n/var/oscli/gems/ruby/2.5.0/gems/openstudio-workflow-2.0.0/lib/openstudio/workflow/util/measure.rb:305:in `apply_measure'\n/var/oscli/gems/ruby/2.5.0/gems/openstudio-workflow-2.0.0/lib/openstudio/workflow/util/measure.rb:109:in `block in apply_measures'\n/var/oscli/gems/ruby/2.5.0/gems/openstudio-workflow-2.0.0/lib/openstudio/workflow/util/measure.rb:67:in `each_index'\n/var/oscli/gems/ruby/2.5.0/gems/openstudio-workflow-2.0.0/lib/openstudio/workflow/util/measure.rb:67:in `apply_measures'\n/var/oscli/gems/ruby/2.5.0/gems/openstudio-workflow-2.0.0/lib/openstudio/workflow/jobs/run_os_measures.rb:70:in `perform'\n/var/oscli/gems/ruby/2.5.0/gems/openstudio-workflow-2.0.0/lib/openstudio/workflow/run.rb:292:in `step'\n/var/oscli/gems/ruby/2.5.0/gems/openstudio-workflow-2.0.0/lib/openstudio/workflow/run.rb:234:in `run'\n:/openstudio_cli.rb:960:in `execute'\n:/openstudio_cli.rb:750:in `execute'\n:/openstudio_cli.rb:1744:in `<main>'\neval:174:in `eval'\neval:174:in `require_embedded_absolute'\neval:160:in `block in require_embedded'\neval:154:in `each'\neval:154:in `require_embedded'\neval:113:in `require'\neval:3:in `<main>'"]}

[19:29:27.031472 ERROR] Could not find results /mnt/openstudio/analysis_72a216d4-3a64-4cd6-8e04-b9bc3af7ff20/data_point_e038a5ef-c877-4ed5-ba76-9a2334df5fbc/run/measure_attributes.json
[19:29:27.031538 INFO] Saving files/reports back to the server
[19:29:27.031833 INFO] Saving report /mnt/openstudio/analysis_72a216d4-3a64-4cd6-8e04-b9bc3af7ff20/data_point_e038a5ef-c877-4ed5-ba76-9a2334df5fbc/out.osw to http://web:80/data_points/e038a5ef-c877-4ed5-ba76-9a2334df5fbc/upload_file
[19:29:27.054803 INFO] Saving report responded with {"id":"5efb9297ce5ea001352be9e5","data_point_id":"e038a5ef-c877-4ed5-ba76-9a2334df5fbc","display_name":"Final OSW File","type":"Report","created_at":"2020-06-30T19:29:27.042Z","updated_at":"2020-06-30T19:29:27.042Z"}
[19:29:27.055073 INFO] Saving report /mnt/openstudio/analysis_72a216d4-3a64-4cd6-8e04-b9bc3af7ff20/data_point_e038a5ef-c877-4ed5-ba76-9a2334df5fbc/run/data_point.zip to http://web:80/data_points/e038a5ef-c877-4ed5-ba76-9a2334df5fbc/upload_file
[19:29:27.086602 INFO] Saving report responded with {"id":"5efb9297ce5ea001352be9e6","data_point_id":"e038a5ef-c877-4ed5-ba76-9a2334df5fbc","display_name":"Zip File","type":"Data Point","created_at":"2020-06-30T19:29:27.073Z","updated_at":"2020-06-30T19:29:27.073Z"}
[19:29:27.086961 INFO] Checking for presence of args file at /mnt/openstudio/analysis_72a216d4-3a64-4cd6-8e04-b9bc3af7ff20/scripts/data_point/finalize.args
[19:29:27.087032 INFO] Checking for presence of script file at /mnt/openstudio/analysis_72a216d4-3a64-4cd6-8e04-b9bc3af7ff20/scripts/data_point/finalize.sh
[19:29:27.091854 INFO] Finished /opt/openstudio/server/app/jobs/dj_jobs/run_simulate_data_point.rb
