# Logfile created on 2020-06-30 19:29:02 +0000 by logger.rb/61378
[19:29:02.307316 INFO] Server host is http://web:80
[19:29:02.307475 INFO] Analysis directory is /mnt/openstudio/analysis_72a216d4-3a64-4cd6-8e04-b9bc3af7ff20
[19:29:02.307564 INFO] Simulation directory is /mnt/openstudio/analysis_72a216d4-3a64-4cd6-8e04-b9bc3af7ff20/data_point_14271f4b-dc7b-4d3e-a30b-00ce5d48c5b1
[19:29:02.307608 INFO] Run datapoint type/file is 
[19:29:02.307670 INFO] Starting initialize_worker for datapoint 14271f4b-dc7b-4d3e-a30b-00ce5d48c5b1
[19:29:02.308061 INFO] Downloading analysis zip from http://web:80/analyses/72a216d4-3a64-4cd6-8e04-b9bc3af7ff20/download_analysis_zip
[19:29:05.937178 INFO] Extracting analysis zip to /mnt/openstudio/analysis_72a216d4-3a64-4cd6-8e04-b9bc3af7ff20
[19:29:05.954597 INFO] Zip: Extracting lib/resources/ASHRAE_zone12_Spec.idf
[19:29:05.956135 INFO] Zip: Extracting lib/resources/ASHRAE_zone3_Spec.idf
[19:29:05.956766 INFO] Zip: Extracting lib/resources/ASHRAE_zone456_Spec.idf
[19:29:05.957423 INFO] Zip: Extracting lib/resources/ASHRAE_zone78_Spec.idf
[19:29:05.958033 INFO] Zip: Extracting lib/resources/GlzSys19_13F-air-9_Spec.idf
[19:29:05.959439 INFO] Zip: Extracting lib/resources/GlzSys20_14F-air-3000_Spec.idf
[19:29:05.961269 INFO] Zip: Extracting lib/resources/GlzSys21_13F-air-3000_Spec.idf
[19:29:05.962765 INFO] Zip: Extracting lib/resources/GlzSys_10-air-9_Spec.idf
[19:29:05.970350 INFO] Zip: Extracting lib/resources/GlzSys_10F-air-3000_Spec.idf
[19:29:05.971883 INFO] Zip: Extracting lib/resources/GlzSys_11F-air-3000_Spec.idf
[19:29:05.973267 INFO] Zip: Extracting lib/resources/GlzSys_16095-air-3000_Spec.idf
[19:29:05.974599 INFO] Zip: Extracting lib/resources/GlzSys_16095-air-9_Spec.idf
[19:29:05.976040 INFO] Zip: Extracting lib/resources/GlzSys_6374-air-3000_Spec.idf
[19:29:05.977418 INFO] Zip: Extracting lib/resources/GlzSys_Dark_PV_Spec.idf
[19:29:05.978297 INFO] Zip: Extracting lib/resources/GlzSys_Light_PV_Spec.idf
[19:29:05.979300 INFO] Zip: Extracting lib/resources/GlzSys_Thermochromic_30C.idf
[19:29:05.980322 INFO] Zip: Extracting lib/resources/GlzSys_Thermochromic_35C.idf
[19:29:05.981556 INFO] Zip: Extracting lib/resources/GlzSys_Thermochromic_40C.idf
[19:29:05.982909 INFO] Zip: Extracting lib/resources/SG_zone12_Spec.idf
[19:29:05.983988 INFO] Zip: Extracting lib/resources/SG_zone3_Spec.idf
[19:29:05.985341 INFO] Zip: Extracting lib/resources/SG_zone456_Spec.idf
[19:29:05.987261 INFO] Zip: Extracting lib/resources/SG_zone78_Spec.idf
[19:29:05.989170 INFO] Zip: Extracting lib/resources/Window_PV_No_frame_Spec_Spec.idf
[19:29:05.990209 INFO] Zip: Extracting lib/resources/Window_PV_frame_Spec.idf
[19:29:05.991290 INFO] Zip: Extracting measures/AddMeter/
[19:29:05.991523 INFO] Zip: Extracting measures/AddMeter/LICENSE.md
[19:29:05.992066 INFO] Zip: Extracting measures/AddMeter/New folder/
[19:29:05.992242 INFO] Zip: Extracting measures/AddMeter/README.md
[19:29:05.992780 INFO] Zip: Extracting measures/AddMeter/README.md.erb
[19:29:05.993154 INFO] Zip: Extracting measures/AddMeter/measure.rb
[19:29:05.993603 INFO] Zip: Extracting measures/AddMeter/measure.xml
[19:29:05.994025 INFO] Zip: Extracting measures/AddMeter/tests/
[19:29:05.994211 INFO] Zip: Extracting measures/AddMeter/tests/AddMeter_Test.rb
[19:29:05.994721 INFO] Zip: Extracting measures/AddOutputVariable/
[19:29:05.994888 INFO] Zip: Extracting measures/AddOutputVariable/LICENSE.md
[19:29:05.995291 INFO] Zip: Extracting measures/AddOutputVariable/README.md
[19:29:05.995654 INFO] Zip: Extracting measures/AddOutputVariable/README.md.erb
[19:29:05.996058 INFO] Zip: Extracting measures/AddOutputVariable/measure.rb
[19:29:05.996626 INFO] Zip: Extracting measures/AddOutputVariable/measure.xml
[19:29:05.997034 INFO] Zip: Extracting measures/AddOutputVariable/tests/
[19:29:05.997225 INFO] Zip: Extracting measures/AddOutputVariable/tests/AddOutputVariable_Test.rb
[19:29:05.997639 INFO] Zip: Extracting measures/ChangeBuildingLocation/
[19:29:05.997812 INFO] Zip: Extracting measures/ChangeBuildingLocation/LICENSE.md
[19:29:05.998240 INFO] Zip: Extracting measures/ChangeBuildingLocation/README.md
[19:29:05.998713 INFO] Zip: Extracting measures/ChangeBuildingLocation/README.md.erb
[19:29:05.999092 INFO] Zip: Extracting measures/ChangeBuildingLocation/measure.rb
[19:29:05.999577 INFO] Zip: Extracting measures/ChangeBuildingLocation/measure.xml
[19:29:06.000004 INFO] Zip: Extracting measures/ChangeBuildingLocation/resources/
[19:29:06.000186 INFO] Zip: Extracting measures/ChangeBuildingLocation/resources/epw.rb
[19:29:06.000785 INFO] Zip: Extracting measures/ChangeBuildingLocation/resources/os_lib_helper_methods.rb
[19:29:06.001302 INFO] Zip: Extracting measures/ChangeBuildingLocation/resources/stat_file.rb
[19:29:06.001765 INFO] Zip: Extracting measures/ChangeBuildingLocation/tests/
[19:29:06.001954 INFO] Zip: Extracting measures/ChangeBuildingLocation/tests/USA_MA_Boston-Logan.Intl.AP.725090_TMY3.ddy
[19:29:06.002523 INFO] Zip: Extracting measures/ChangeBuildingLocation/tests/USA_MA_Boston-Logan.Intl.AP.725090_TMY3.epw
[19:29:06.020650 INFO] Zip: Extracting measures/ChangeBuildingLocation/tests/USA_MA_Boston-Logan.Intl.AP.725090_TMY3.stat
[19:29:06.021735 INFO] Zip: Extracting measures/ChangeBuildingLocation/tests/USA_WA_Renton.Muni.AP.727934_TMY3.ddy
[19:29:06.022345 INFO] Zip: Extracting measures/ChangeBuildingLocation/tests/USA_WA_Renton.Muni.AP.727934_TMY3.epw
[19:29:06.041467 INFO] Zip: Extracting measures/ChangeBuildingLocation/tests/USA_WA_Renton.Muni.AP.727934_TMY3.stat
[19:29:06.042566 INFO] Zip: Extracting measures/ChangeBuildingLocation/tests/another_weather_file.ddy
[19:29:06.043392 INFO] Zip: Extracting measures/ChangeBuildingLocation/tests/another_weather_file.epw
[19:29:06.065072 INFO] Zip: Extracting measures/ChangeBuildingLocation/tests/another_weather_file.stat
[19:29:06.066097 INFO] Zip: Extracting measures/ChangeBuildingLocation/tests/change_building_location_test.rb
[19:29:06.066615 INFO] Zip: Extracting measures/ChangeBuildingLocation/tests/multiyear.ddy
[19:29:06.067208 INFO] Zip: Extracting measures/ChangeBuildingLocation/tests/multiyear.epw
[19:29:06.067694 INFO] Zip: Extracting measures/ChangeBuildingLocation/tests/multiyear.stat
[19:29:06.068503 INFO] Zip: Extracting measures/ChangeBuildingLocation/tests/test.osm
[19:29:06.072459 INFO] Zip: Extracting measures/ChangeBuildingLocation/tests/test.osw
[19:29:06.073467 INFO] Zip: Extracting measures/ServerDirectoryCleanup/
[19:29:06.073718 INFO] Zip: Extracting measures/ServerDirectoryCleanup/LICENSE.md
[19:29:06.074196 INFO] Zip: Extracting measures/ServerDirectoryCleanup/measure.rb
[19:29:06.074661 INFO] Zip: Extracting measures/ServerDirectoryCleanup/measure.xml
[19:29:06.075136 INFO] Zip: Extracting measures/ServerDirectoryCleanup/tests/
[19:29:06.075341 INFO] Zip: Extracting measures/ServerDirectoryCleanup/tests/ServerDirectoryCleanup_test.rb
[19:29:06.075842 INFO] Zip: Extracting measures/ServerDirectoryCleanup/tests/USA_CO_Golden-NREL.724666_TMY3.epw
[19:29:06.090443 INFO] Zip: Extracting measures/ServerDirectoryCleanup/tests/example_model.osm
[19:29:06.092758 INFO] Zip: Extracting measures/WindowPV_reporting/
[19:29:06.093069 INFO] Zip: Extracting measures/WindowPV_reporting/measure.rb
[19:29:06.093954 INFO] Zip: Extracting measures/WindowPV_reporting/measure.xml
[19:29:06.094588 INFO] Zip: Extracting measures/WindowPV_reporting/resources/
[19:29:06.094801 INFO] Zip: Extracting measures/WindowPV_reporting/resources/os_lib_helper_methods.rb
[19:29:06.095436 INFO] Zip: Extracting measures/WindowPV_reporting/resources/report.html.in
[19:29:06.095965 INFO] Zip: Extracting measures/WindowPV_reporting/tests/
[19:29:06.096151 INFO] Zip: Extracting measures/WindowPV_reporting/tests/USA_CO_Golden-NREL.724666_TMY3.epw
[19:29:06.115961 INFO] Zip: Extracting measures/WindowPV_reporting/tests/example_model.osm
[19:29:06.118358 INFO] Zip: Extracting measures/WindowPV_reporting/tests/ubi_qd_reporting_test.rb
[19:29:06.119106 INFO] Zip: Extracting measures/a_inject_window_specific_idf_objects/
[19:29:06.119335 INFO] Zip: Extracting measures/a_inject_window_specific_idf_objects/LICENSE.md
[19:29:06.119914 INFO] Zip: Extracting measures/a_inject_window_specific_idf_objects/measure.rb
[19:29:06.120645 INFO] Zip: Extracting measures/a_inject_window_specific_idf_objects/measure.xml
[19:29:06.121259 INFO] Zip: Extracting measures/a_inject_window_specific_idf_objects/tests/
[19:29:06.121462 INFO] Zip: Extracting measures/a_inject_window_specific_idf_objects/tests/EnvelopeAndLoadTestModel_01.osm
[19:29:06.130462 INFO] Zip: Extracting measures/a_inject_window_specific_idf_objects/tests/Example B - BlockEnergyCharge.idf
[19:29:06.131166 INFO] Zip: Extracting measures/a_inject_window_specific_idf_objects/tests/measure_Test.rb
[19:29:06.131738 INFO] Zip: Extracting measures/a_inject_window_specific_idf_objects/tests/test.osw
[19:29:06.132847 INFO] Zip: Extracting measures/add_thermochromic_bipv/
[19:29:06.133078 INFO] Zip: Extracting measures/add_thermochromic_bipv/measure.rb
[19:29:06.133759 INFO] Zip: Extracting measures/add_thermochromic_bipv/measure.xml
[19:29:06.134390 INFO] Zip: Extracting measures/add_thermochromic_bipv/resources/
[19:29:06.134604 INFO] Zip: Extracting measures/add_thermochromic_bipv/resources/HVACSizing.Model.rb
[19:29:06.135338 INFO] Zip: Extracting measures/add_thermochromic_bipv/resources/Standards.Construction.rb
[19:29:06.135899 INFO] Zip: Extracting measures/add_thermochromic_bipv/resources/os_lib_helper_methods.rb
[19:29:06.136541 INFO] Zip: Extracting measures/add_thermochromic_bipv/resources/os_lib_schedules.rb
[19:29:06.137415 INFO] Zip: Extracting measures/create_bar_from_building_type_ratios/
[19:29:06.137616 INFO] Zip: Extracting measures/create_bar_from_building_type_ratios/LICENSE.md
[19:29:06.138186 INFO] Zip: Extracting measures/create_bar_from_building_type_ratios/README.md
[19:29:06.138782 INFO] Zip: Extracting measures/create_bar_from_building_type_ratios/README.md.erb
[19:29:06.139317 INFO] Zip: Extracting measures/create_bar_from_building_type_ratios/measure.rb
[19:29:06.140925 INFO] Zip: Extracting measures/create_bar_from_building_type_ratios/measure.xml
[19:29:06.141739 INFO] Zip: Extracting measures/create_bar_from_building_type_ratios/resources/
[19:29:06.141962 INFO] Zip: Extracting measures/create_bar_from_building_type_ratios/resources/os_lib_geometry.rb
[19:29:06.142982 INFO] Zip: Extracting measures/create_bar_from_building_type_ratios/resources/os_lib_helper_methods.rb
[19:29:06.143709 INFO] Zip: Extracting measures/create_bar_from_building_type_ratios/resources/os_lib_model_generation.rb
[19:29:06.144681 INFO] Zip: Extracting measures/create_bar_from_building_type_ratios/resources/os_lib_model_simplification.rb
[19:29:06.145748 INFO] Zip: Extracting measures/create_bar_from_building_type_ratios/tests/
[19:29:06.145980 INFO] Zip: Extracting measures/create_bar_from_building_type_ratios/tests/create_bar_from_building_type_ratios_test.rb
[19:29:06.146677 INFO] Zip: Extracting measures/create_bar_from_building_type_ratios/tests/example_model.osm
[19:29:06.151129 INFO] Zip: Extracting measures/create_typical_building_from_model/
[19:29:06.151417 INFO] Zip: Extracting measures/create_typical_building_from_model/LICENSE.md
[19:29:06.152044 INFO] Zip: Extracting measures/create_typical_building_from_model/README.md
[19:29:06.152663 INFO] Zip: Extracting measures/create_typical_building_from_model/README.md.erb
[19:29:06.153203 INFO] Zip: Extracting measures/create_typical_building_from_model/measure.rb
[19:29:06.154124 INFO] Zip: Extracting measures/create_typical_building_from_model/measure.xml
[19:29:06.154870 INFO] Zip: Extracting measures/create_typical_building_from_model/resources/
[19:29:06.155079 INFO] Zip: Extracting measures/create_typical_building_from_model/resources/Model.hvac.rb
[19:29:06.155751 INFO] Zip: Extracting measures/create_typical_building_from_model/resources/os_lib_helper_methods.rb
[19:29:06.156485 INFO] Zip: Extracting measures/create_typical_building_from_model/resources/os_lib_model_generation.rb
[19:29:06.157446 INFO] Zip: Extracting measures/create_typical_building_from_model/tests/
[19:29:06.157661 INFO] Zip: Extracting measures/create_typical_building_from_model/tests/GenericGbxml.osm
[19:29:06.162600 INFO] Zip: Extracting measures/create_typical_building_from_model/tests/LargeOffice04.osm
[19:29:06.337440 INFO] Zip: Extracting measures/create_typical_building_from_model/tests/MidriseApartment.osm
[19:29:06.349108 INFO] Zip: Extracting measures/create_typical_building_from_model/tests/SmallOffice.osm
[19:29:06.351936 INFO] Zip: Extracting measures/create_typical_building_from_model/tests/USA_TX_Houston-Bush.Intercontinental.AP.722430_TMY3.epw
[19:29:06.365468 INFO] Zip: Extracting measures/create_typical_building_from_model/tests/create_typical_building_from_model_test.rb
[19:29:06.366129 INFO] Zip: Extracting measures/create_typical_building_from_model/tests/test.osw
[19:29:06.367071 INFO] Zip: Extracting measures/create_typical_building_from_model/tests/test_hvac.rb
[19:29:06.367602 INFO] Zip: Extracting measures/export_variableto_csv_variables_for_bipvpce/
[19:29:06.367825 INFO] Zip: Extracting measures/export_variableto_csv_variables_for_bipvpce/measure.rb
[19:29:06.368387 INFO] Zip: Extracting measures/export_variableto_csv_variables_for_bipvpce/measure.xml
[19:29:06.368851 INFO] Zip: Extracting measures/export_variableto_csv_variables_for_bipvpce/resources/
[19:29:06.369042 INFO] Zip: Extracting measures/export_variableto_csv_variables_for_bipvpce/resources/report.html.in
[19:29:06.369463 INFO] Zip: Extracting measures/export_variableto_csv_variables_for_bipvpce/tests/
[19:29:06.369646 INFO] Zip: Extracting measures/export_variableto_csv_variables_for_bipvpce/tests/ExportVariabletoCSV_test.rb
[19:29:06.370095 INFO] Zip: Extracting measures/export_variableto_csv_variables_for_bipvpce/tests/example_model.osm
[19:29:06.371673 INFO] Zip: Extracting measures/inject_idf_window_objects/
[19:29:06.371880 INFO] Zip: Extracting measures/inject_idf_window_objects/LICENSE.md
[19:29:06.372335 INFO] Zip: Extracting measures/inject_idf_window_objects/measure.rb
[19:29:06.372948 INFO] Zip: Extracting measures/inject_idf_window_objects/measure.xml
[19:29:06.373427 INFO] Zip: Extracting measures/inject_idf_window_objects/tests/
[19:29:06.373614 INFO] Zip: Extracting measures/inject_idf_window_objects/tests/EnvelopeAndLoadTestModel_01.osm
[19:29:06.517895 INFO] Zip: Extracting measures/inject_idf_window_objects/tests/Example B - BlockEnergyCharge.idf
[19:29:06.518522 INFO] Zip: Extracting measures/inject_idf_window_objects/tests/measure_Test.rb
[19:29:06.518935 INFO] Zip: Extracting measures/inject_idf_window_objects/tests/test.osw
[19:29:06.519736 INFO] Zip: Extracting seeds/switchglaze/
[19:29:06.519955 INFO] Zip: Extracting seeds/switchglaze.osm
[19:29:06.525033 INFO] Zip: Extracting seeds/switchglaze/files/
[19:29:06.525321 INFO] Zip: Extracting seeds/switchglaze/measures/
[19:29:06.525498 INFO] Zip: Extracting seeds/switchglaze/run/
[19:29:06.525686 INFO] Zip: Extracting seeds/switchglaze/workflow.osw
[19:29:06.526204 INFO] Zip: Extracting weather/DEU_Hamburg.101470_IWEC.ddy
[19:29:06.526768 INFO] Zip: Extracting weather/DEU_Hamburg.101470_IWEC.epw
[19:29:06.538813 INFO] Zip: Extracting weather/DEU_Hamburg.101470_IWEC.stat
[19:29:06.539770 INFO] Zip: Extracting weather/JPN_Tokyo.Hyakuri.477150_IWEC.ddy
[19:29:06.540299 INFO] Zip: Extracting weather/JPN_Tokyo.Hyakuri.477150_IWEC.epw
[19:29:06.559686 INFO] Zip: Extracting weather/JPN_Tokyo.Hyakuri.477150_IWEC.stat
[19:29:06.560582 INFO] Zip: Extracting weather/SAU_Riyadh.404380_IWEC.ddy
[19:29:06.561134 INFO] Zip: Extracting weather/SAU_Riyadh.404380_IWEC.epw
[19:29:06.573367 INFO] Zip: Extracting weather/SAU_Riyadh.404380_IWEC.stat
[19:29:06.574356 INFO] Zip: Extracting weather/SGP_Singapore.486980_IWEC.ddy
[19:29:06.574882 INFO] Zip: Extracting weather/SGP_Singapore.486980_IWEC.epw
[19:29:06.587527 INFO] Zip: Extracting weather/SGP_Singapore.486980_IWEC.stat
[19:29:06.594043 INFO] Zip: Extracting weather/USA_AK_Fairbanks.Intl.AP.702610_TMY3.ddy
[19:29:06.597134 INFO] Zip: Extracting weather/USA_AK_Fairbanks.Intl.AP.702610_TMY3.epw
[19:29:06.614963 INFO] Zip: Extracting weather/USA_AK_Fairbanks.Intl.AP.702610_TMY3.stat
[19:29:06.616442 INFO] Zip: Extracting weather/USA_AZ_Tucson.Intl.AP.722740_TMY3.ddy
[19:29:06.617416 INFO] Zip: Extracting weather/USA_AZ_Tucson.Intl.AP.722740_TMY3.epw
[19:29:06.662228 INFO] Zip: Extracting weather/USA_AZ_Tucson.Intl.AP.722740_TMY3.stat
[19:29:06.663817 INFO] Zip: Extracting weather/USA_CA_San.Diego-Lindbergh.Field.722900_TMY3.ddy
[19:29:06.665183 INFO] Zip: Extracting weather/USA_CA_San.Diego-Lindbergh.Field.722900_TMY3.epw
[19:29:06.684821 INFO] Zip: Extracting weather/USA_CA_San.Diego-Lindbergh.Field.722900_TMY3.stat
[19:29:06.686195 INFO] Zip: Extracting weather/USA_CO_Denver.Intl.AP.725650_TMY3.ddy
[19:29:06.687493 INFO] Zip: Extracting weather/USA_CO_Denver.Intl.AP.725650_TMY3.epw
[19:29:06.707238 INFO] Zip: Extracting weather/USA_CO_Denver.Intl.AP.725650_TMY3.stat
[19:29:06.708602 INFO] Zip: Extracting weather/USA_FL_Tampa.Intl.AP.722110_TMY3.ddy
[19:29:06.709468 INFO] Zip: Extracting weather/USA_FL_Tampa.Intl.AP.722110_TMY3.epw
[19:29:06.884782 INFO] Zip: Extracting weather/USA_FL_Tampa.Intl.AP.722110_TMY3.stat
[19:29:06.885870 INFO] Zip: Extracting weather/USA_GA_Atlanta-Hartsfield-Jackson.Intl.AP.722190_TMY3.ddy
[19:29:06.886506 INFO] Zip: Extracting weather/USA_GA_Atlanta-Hartsfield-Jackson.Intl.AP.722190_TMY3.epw
[19:29:06.900100 INFO] Zip: Extracting weather/USA_GA_Atlanta-Hartsfield-Jackson.Intl.AP.722190_TMY3.stat
[19:29:06.901074 INFO] Zip: Extracting weather/USA_HI_Honolulu.Intl.AP.911820_TMY3.ddy
[19:29:06.901633 INFO] Zip: Extracting weather/USA_HI_Honolulu.Intl.AP.911820_TMY3.epw
[19:29:06.914924 INFO] Zip: Extracting weather/USA_HI_Honolulu.Intl.AP.911820_TMY3.stat
[19:29:06.915902 INFO] Zip: Extracting weather/USA_MN_International.Falls.Intl.AP.727470_TMY3.ddy
[19:29:06.916516 INFO] Zip: Extracting weather/USA_MN_International.Falls.Intl.AP.727470_TMY3.epw
[19:29:07.064686 INFO] Zip: Extracting weather/USA_MN_International.Falls.Intl.AP.727470_TMY3.stat
[19:29:07.065979 INFO] Zip: Extracting weather/USA_MN_Rochester.Intl.AP.726440_TMY3.ddy
[19:29:07.066800 INFO] Zip: Extracting weather/USA_MN_Rochester.Intl.AP.726440_TMY3.epw
[19:29:07.087870 INFO] Zip: Extracting weather/USA_MN_Rochester.Intl.AP.726440_TMY3.stat
[19:29:07.088813 INFO] Zip: Extracting weather/USA_MT_Great.Falls.Intl.AP.727750_TMY3.ddy
[19:29:07.089380 INFO] Zip: Extracting weather/USA_MT_Great.Falls.Intl.AP.727750_TMY3.epw
[19:29:07.101474 INFO] Zip: Extracting weather/USA_MT_Great.Falls.Intl.AP.727750_TMY3.stat
[19:29:07.104918 INFO] Zip: Extracting weather/USA_NM_Albuquerque.Intl.AP.723650_TMY3.ddy
[19:29:07.109553 INFO] Zip: Extracting weather/USA_NM_Albuquerque.Intl.AP.723650_TMY3.epw
[19:29:07.123066 INFO] Zip: Extracting weather/USA_NM_Albuquerque.Intl.AP.723650_TMY3.stat
[19:29:07.123946 INFO] Zip: Extracting weather/USA_NY_Buffalo-Greater.Buffalo.Intl.AP.725280_TMY3.ddy
[19:29:07.124491 INFO] Zip: Extracting weather/USA_NY_Buffalo-Greater.Buffalo.Intl.AP.725280_TMY3.epw
[19:29:07.138065 INFO] Zip: Extracting weather/USA_NY_Buffalo-Greater.Buffalo.Intl.AP.725280_TMY3.stat
[19:29:07.139041 INFO] Zip: Extracting weather/USA_NY_New.York-J.F.Kennedy.Intl.AP.744860_TMY3.ddy
[19:29:07.139589 INFO] Zip: Extracting weather/USA_NY_New.York-J.F.Kennedy.Intl.AP.744860_TMY3.epw
[19:29:07.151881 INFO] Zip: Extracting weather/USA_NY_New.York-J.F.Kennedy.Intl.AP.744860_TMY3.stat
[19:29:07.152827 INFO] Zip: Extracting weather/USA_TX_El.Paso.Intl.AP.722700_TMY3.ddy
[19:29:07.153380 INFO] Zip: Extracting weather/USA_TX_El.Paso.Intl.AP.722700_TMY3.epw
[19:29:07.166665 INFO] Zip: Extracting weather/USA_TX_El.Paso.Intl.AP.722700_TMY3.stat
[19:29:07.167781 INFO] Zip: Extracting weather/USA_WA_Port.Angeles-William.R.Fairchild.Intl.AP.727885_TMY3.ddy
[19:29:07.168309 INFO] Zip: Extracting weather/USA_WA_Port.Angeles-William.R.Fairchild.Intl.AP.727885_TMY3.epw
[19:29:07.187903 INFO] Zip: Extracting weather/USA_WA_Port.Angeles-William.R.Fairchild.Intl.AP.727885_TMY3.stat
[19:29:07.188877 INFO] Zip: Extracting weather/USA_WA_Seattle-Tacoma.Intl.AP.727930_TMY3.ddy
[19:29:07.189468 INFO] Zip: Extracting weather/USA_WA_Seattle-Tacoma.Intl.AP.727930_TMY3.epw
[19:29:07.202119 INFO] Zip: Extracting weather/USA_WA_Seattle-Tacoma.Intl.AP.727930_TMY3.stat
[19:29:07.206965 INFO] Downloading analysis.json from http://web:80/analyses/72a216d4-3a64-4cd6-8e04-b9bc3af7ff20.json
[19:29:07.277646 INFO] Checking for presence of args file at /mnt/openstudio/analysis_72a216d4-3a64-4cd6-8e04-b9bc3af7ff20/scripts/data_point/initialize.args
[19:29:07.277726 INFO] Checking for presence of script file at /mnt/openstudio/analysis_72a216d4-3a64-4cd6-8e04-b9bc3af7ff20/scripts/data_point/initialize.sh
[19:29:07.277786 INFO] Finished worker initialization
[19:29:07.277832 INFO] RestClient delete
[19:29:07.277872 INFO] delete post_count = 1
[19:29:07.294512 INFO] Downloading datapoint from http://web:80/data_points/14271f4b-dc7b-4d3e-a30b-00ce5d48c5b1.json
[19:29:07.294578 INFO] get url post_count = 1
[19:29:07.321890 INFO] Creating Workflow Manager instance
[19:29:07.321964 INFO] Directory is /mnt/openstudio/analysis_72a216d4-3a64-4cd6-8e04-b9bc3af7ff20/data_point_14271f4b-dc7b-4d3e-a30b-00ce5d48c5b1
[19:29:07.322034 INFO] Opening run.log file '/mnt/openstudio/analysis_72a216d4-3a64-4cd6-8e04-b9bc3af7ff20/data_point_14271f4b-dc7b-4d3e-a30b-00ce5d48c5b1/run/run.log'
[19:29:07.322192 WARN] Error finding Oscli: OPENSTUDIO_EXE_PATH not set
[19:29:07.334784 WARN] Defaulting to fun Oscli via /usr/local/bin/openstudio
[19:29:07.334925 INFO] Returning Oscli cmd: /usr/local/bin/openstudio --bundle /var/oscli/Gemfile --bundle_path /var/oscli/gems 
[19:29:07.335096 INFO] Running workflow using cmd /usr/local/bin/openstudio --bundle /var/oscli/Gemfile --bundle_path /var/oscli/gems   run --workflow '/mnt/openstudio/analysis_72a216d4-3a64-4cd6-8e04-b9bc3af7ff20/data_point_14271f4b-dc7b-4d3e-a30b-00ce5d48c5b1/data_point.osw'  and writing log to /mnt/openstudio/analysis_72a216d4-3a64-4cd6-8e04-b9bc3af7ff20/data_point_14271f4b-dc7b-4d3e-a30b-00ce5d48c5b1/oscli_simulation.log
[19:29:23.239628 INFO] Oscli output: /var/oscli/gems/ruby/2.5.0/gems/openstudio-standards-0.2.11/lib/openstudio-standards/btap/btap.rb:56: warning: constant ::Fixnum is deprecated
[openstudio.standards.Model] <1> Model has been assigned a weather file, but the file is not in the specified location of 'file:////mnt/openstudio/analysis_72a216d4-3a64-4cd6-8e04-b9bc3af7ff20/weather/SAU_Riyadh.404380_IWEC.epw'.
[19:29:19.044294 WARN] Could not add loads for Plenum. Not expected for 90.1-2013
[19:29:22.777455 WARN] [openstudio.standards.Construction] Requested U-value of 0.58 for Typical Insulated Exterior Mass Wall is too low given the other materials in the construction; insulation layer will not be modified.
[19:29:22.777845 WARN] [openstudio.standards.Construction] Can only set the u-value of opaque constructions or simple glazing. U 0.60 SHGC 0.25 Dbl 2.5mm air is not opaque or simple glazing.
[19:29:22.778065 WARN] [openstudio.standards.Construction] Can only set the u-value of opaque constructions or simple glazing. U 0.65 SHGC 0.25 Dbl Ref-C-H Clr 6mm/6mm Air is not opaque or simple glazing.
[19:29:22.778164 WARN] [openstudio.standards.Construction] Requested U-value of 1.1686635536297982 for Typical Overhead Door is greater than the sum of the inside and outside resistance, and the max U-value (6.636 SI) is used instead.
[19:29:22.778305 WARN] [openstudio.standards.Construction] Can only set the u-value of opaque constructions or simple glazing. Window_U_0.75_SHGC_0.35_Skylight_Frame_Width_2.339_in is not opaque or simple glazing.
[19:29:22.778791 WARN] [openstudio.weather.Model] Could not find ground temperatures; will use generic temperatures, which will skew results.
[19:29:22.787967 ERROR] [openstudio.standards.Model] Model has been assigned a weather file, but the file is not in the specified location of 'file:////mnt/openstudio/analysis_72a216d4-3a64-4cd6-8e04-b9bc3af7ff20/weather/SAU_Riyadh.404380_IWEC.epw'.
[19:29:22.955155 ERROR] /var/oscli/gems/ruby/2.5.0/gems/openstudio-workflow-2.0.0/lib/openstudio/workflow/util/measure.rb failed with message Runner error /var/oscli/gems/ruby/2.5.0/gems/openstudio-workflow-2.0.0/lib/openstudio/workflow/util/measure.rb failed with Measure create_typical_building_from_model reported an error with ["[openstudio.standards.Model] Model has been assigned a weather file, but the file is not in the specified location of 'file:////mnt/openstudio/analysis_72a216d4-3a64-4cd6-8e04-b9bc3af7ff20/weather/SAU_Riyadh.404380_IWEC.epw'."], /var/oscli/gems/ruby/2.5.0/gems/openstudio-workflow-2.0.0/lib/openstudio/workflow/util/measure.rb:560:in `apply_measure'
/var/oscli/gems/ruby/2.5.0/gems/openstudio-workflow-2.0.0/lib/openstudio/workflow/util/measure.rb:109:in `block in apply_measures'
/var/oscli/gems/ruby/2.5.0/gems/openstudio-workflow-2.0.0/lib/openstudio/workflow/util/measure.rb:67:in `each_index'
/var/oscli/gems/ruby/2.5.0/gems/openstudio-workflow-2.0.0/lib/openstudio/workflow/util/measure.rb:67:in `apply_measures'
/var/oscli/gems/ruby/2.5.0/gems/openstudio-workflow-2.0.0/lib/openstudio/workflow/jobs/run_os_measures.rb:70:in `perform'
/var/oscli/gems/ruby/2.5.0/gems/openstudio-workflow-2.0.0/lib/openstudio/workflow/run.rb:292:in `step'
/var/oscli/gems/ruby/2.5.0/gems/openstudio-workflow-2.0.0/lib/openstudio/workflow/run.rb:234:in `run'
:/openstudio_cli.rb:960:in `execute'
:/openstudio_cli.rb:750:in `execute'
:/openstudio_cli.rb:1744:in `<main>'
eval:174:in `eval'
eval:174:in `require_embedded_absolute'
eval:160:in `block in require_embedded'
eval:154:in `each'
eval:154:in `require_embedded'
eval:113:in `require'
eval:3:in `<main>' in /var/oscli/gems/ruby/2.5.0/gems/openstudio-workflow-2.0.0/lib/openstudio/workflow/util/measure.rb:598:in `rescue in apply_measure'
/var/oscli/gems/ruby/2.5.0/gems/openstudio-workflow-2.0.0/lib/openstudio/workflow/util/measure.rb:548:in `apply_measure'
/var/oscli/gems/ruby/2.5.0/gems/openstudio-workflow-2.0.0/lib/openstudio/workflow/util/measure.rb:109:in `block in apply_measures'
/var/oscli/gems/ruby/2.5.0/gems/openstudio-workflow-2.0.0/lib/openstudio/workflow/util/measure.rb:67:in `each_index'
/var/oscli/gems/ruby/2.5.0/gems/openstudio-workflow-2.0.0/lib/openstudio/workflow/util/measure.rb:67:in `apply_measures'
/var/oscli/gems/ruby/2.5.0/gems/openstudio-workflow-2.0.0/lib/openstudio/workflow/jobs/run_os_measures.rb:70:in `perform'
/var/oscli/gems/ruby/2.5.0/gems/openstudio-workflow-2.0.0/lib/openstudio/workflow/run.rb:292:in `step'
/var/oscli/gems/ruby/2.5.0/gems/openstudio-workflow-2.0.0/lib/openstudio/workflow/run.rb:234:in `run'
:/openstudio_cli.rb:960:in `execute'
:/openstudio_cli.rb:750:in `execute'
:/openstudio_cli.rb:1744:in `<main>'
eval:174:in `eval'
eval:174:in `require_embedded_absolute'
eval:160:in `block in require_embedded'
eval:154:in `each'
eval:154:in `require_embedded'
eval:113:in `require'
eval:3:in `<main>'
[19:29:22.958527 ERROR] Found error in state 'os_measures' with message ["/var/oscli/gems/ruby/2.5.0/gems/openstudio-workflow-2.0.0/lib/openstudio/workflow/util/measure.rb failed with message Runner error /var/oscli/gems/ruby/2.5.0/gems/openstudio-workflow-2.0.0/lib/openstudio/workflow/util/measure.rb failed with Measure create_typical_building_from_model reported an error with [\"[openstudio.standards.Model] Model has been assigned a weather file, but the file is not in the specified location of 'file:////mnt/openstudio/analysis_72a216d4-3a64-4cd6-8e04-b9bc3af7ff20/weather/SAU_Riyadh.404380_IWEC.epw'.\"], /var/oscli/gems/ruby/2.5.0/gems/openstudio-workflow-2.0.0/lib/openstudio/workflow/util/measure.rb:560:in `apply_measure'\n/var/oscli/gems/ruby/2.5.0/gems/openstudio-workflow-2.0.0/lib/openstudio/workflow/util/measure.rb:109:in `block in apply_measures'\n/var/oscli/gems/ruby/2.5.0/gems/openstudio-workflow-2.0.0/lib/openstudio/workflow/util/measure.rb:67:in `each_index'\n/var/oscli/gems/ruby/2.5.0/gems/openstudio-workflow-2.0.0/lib/openstudio/workflow/util/measure.rb:67:in `apply_measures'\n/var/oscli/gems/ruby/2.5.0/gems/openstudio-workflow-2.0.0/lib/openstudio/workflow/jobs/run_os_measures.rb:70:in `perform'\n/var/oscli/gems/ruby/2.5.0/gems/openstudio-workflow-2.0.0/lib/openstudio/workflow/run.rb:292:in `step'\n/var/oscli/gems/ruby/2.5.0/gems/openstudio-workflow-2.0.0/lib/openstudio/workflow/run.rb:234:in `run'\n:/openstudio_cli.rb:960:in `execute'\n:/openstudio_cli.rb:750:in `execute'\n:/openstudio_cli.rb:1744:in `<main>'\neval:174:in `eval'\neval:174:in `require_embedded_absolute'\neval:160:in `block in require_embedded'\neval:154:in `each'\neval:154:in `require_embedded'\neval:113:in `require'\neval:3:in `<main>' in /var/oscli/gems/ruby/2.5.0/gems/openstudio-workflow-2.0.0/lib/openstudio/workflow/util/measure.rb:598:in `rescue in apply_measure'\n/var/oscli/gems/ruby/2.5.0/gems/openstudio-workflow-2.0.0/lib/openstudio/workflow/util/measure.rb:548:in `apply_measure'\n/var/oscli/gems/ruby/2.5.0/gems/openstudio-workflow-2.0.0/lib/openstudio/workflow/util/measure.rb:109:in `block in apply_measures'\n/var/oscli/gems/ruby/2.5.0/gems/openstudio-workflow-2.0.0/lib/openstudio/workflow/util/measure.rb:67:in `each_index'\n/var/oscli/gems/ruby/2.5.0/gems/openstudio-workflow-2.0.0/lib/openstudio/workflow/util/measure.rb:67:in `apply_measures'\n/var/oscli/gems/ruby/2.5.0/gems/openstudio-workflow-2.0.0/lib/openstudio/workflow/jobs/run_os_measures.rb:70:in `perform'\n/var/oscli/gems/ruby/2.5.0/gems/openstudio-workflow-2.0.0/lib/openstudio/workflow/run.rb:292:in `step'\n/var/oscli/gems/ruby/2.5.0/gems/openstudio-workflow-2.0.0/lib/openstudio/workflow/run.rb:234:in `run'\n:/openstudio_cli.rb:960:in `execute'\n:/openstudio_cli.rb:750:in `execute'\n:/openstudio_cli.rb:1744:in `<main>'\neval:174:in `eval'\neval:174:in `require_embedded_absolute'\neval:160:in `block in require_embedded'\neval:154:in `each'\neval:154:in `require_embedded'\neval:113:in `require'\neval:3:in `<main>':/var/oscli/gems/ruby/2.5.0/gems/openstudio-workflow-2.0.0/lib/openstudio/workflow/util/measure.rb:647:in `rescue in apply_measure'\n/var/oscli/gems/ruby/2.5.0/gems/openstudio-workflow-2.0.0/lib/openstudio/workflow/util/measure.rb:305:in `apply_measure'\n/var/oscli/gems/ruby/2.5.0/gems/openstudio-workflow-2.0.0/lib/openstudio/workflow/util/measure.rb:109:in `block in apply_measures'\n/var/oscli/gems/ruby/2.5.0/gems/openstudio-workflow-2.0.0/lib/openstudio/workflow/util/measure.rb:67:in `each_index'\n/var/oscli/gems/ruby/2.5.0/gems/openstudio-workflow-2.0.0/lib/openstudio/workflow/util/measure.rb:67:in `apply_measures'\n/var/oscli/gems/ruby/2.5.0/gems/openstudio-workflow-2.0.0/lib/openstudio/workflow/jobs/run_os_measures.rb:70:in `perform'\n/var/oscli/gems/ruby/2.5.0/gems/openstudio-workflow-2.0.0/lib/openstudio/workflow/run.rb:292:in `step'\n/var/oscli/gems/ruby/2.5.0/gems/openstudio-workflow-2.0.0/lib/openstudio/workflow/run.rb:234:in `run'\n:/openstudio_cli.rb:960:in `execute'\n:/openstudio_cli.rb:750:in `execute'\n:/openstudio_cli.rb:1744:in `<main>'\neval:174:in `eval'\neval:174:in `require_embedded_absolute'\neval:160:in `block in require_embedded'\neval:154:in `each'\neval:154:in `require_embedded'\neval:113:in `require'\neval:3:in `<main>'"]}

[19:29:23.240657 ERROR] Could not find results /mnt/openstudio/analysis_72a216d4-3a64-4cd6-8e04-b9bc3af7ff20/data_point_14271f4b-dc7b-4d3e-a30b-00ce5d48c5b1/run/measure_attributes.json
[19:29:23.240744 INFO] Saving files/reports back to the server
[19:29:23.241039 INFO] Saving report /mnt/openstudio/analysis_72a216d4-3a64-4cd6-8e04-b9bc3af7ff20/data_point_14271f4b-dc7b-4d3e-a30b-00ce5d48c5b1/out.osw to http://web:80/data_points/14271f4b-dc7b-4d3e-a30b-00ce5d48c5b1/upload_file
[19:29:23.288949 INFO] Saving report responded with {"id":"5efb9293ce5ea001352be9c1","data_point_id":"14271f4b-dc7b-4d3e-a30b-00ce5d48c5b1","display_name":"Final OSW File","type":"Report","created_at":"2020-06-30T19:29:23.260Z","updated_at":"2020-06-30T19:29:23.260Z"}
[19:29:23.289256 INFO] Saving report /mnt/openstudio/analysis_72a216d4-3a64-4cd6-8e04-b9bc3af7ff20/data_point_14271f4b-dc7b-4d3e-a30b-00ce5d48c5b1/run/data_point.zip to http://web:80/data_points/14271f4b-dc7b-4d3e-a30b-00ce5d48c5b1/upload_file
[19:29:23.346875 INFO] Saving report responded with {"id":"5efb9293ce5ea001352be9c2","data_point_id":"14271f4b-dc7b-4d3e-a30b-00ce5d48c5b1","display_name":"Zip File","type":"Data Point","created_at":"2020-06-30T19:29:23.317Z","updated_at":"2020-06-30T19:29:23.317Z"}
[19:29:23.347132 INFO] Checking for presence of args file at /mnt/openstudio/analysis_72a216d4-3a64-4cd6-8e04-b9bc3af7ff20/scripts/data_point/finalize.args
[19:29:23.347197 INFO] Checking for presence of script file at /mnt/openstudio/analysis_72a216d4-3a64-4cd6-8e04-b9bc3af7ff20/scripts/data_point/finalize.sh
[19:29:23.351250 INFO] Finished /opt/openstudio/server/app/jobs/dj_jobs/run_simulate_data_point.rb
