# Logfile created on 2020-06-30 19:28:58 +0000 by logger.rb/61378
[19:28:58.569397 INFO] Server host is http://web:80
[19:28:58.569505 INFO] Analysis directory is /mnt/openstudio/analysis_72a216d4-3a64-4cd6-8e04-b9bc3af7ff20
[19:28:58.569695 INFO] Simulation directory is /mnt/openstudio/analysis_72a216d4-3a64-4cd6-8e04-b9bc3af7ff20/data_point_67524dc8-910c-4300-a7aa-07fe1f747f82
[19:28:58.569747 INFO] Run datapoint type/file is 
[19:28:58.569829 INFO] Starting initialize_worker for datapoint 67524dc8-910c-4300-a7aa-07fe1f747f82
[19:28:58.570269 INFO] Downloading analysis zip from http://web:80/analyses/72a216d4-3a64-4cd6-8e04-b9bc3af7ff20/download_analysis_zip
[19:28:59.720024 INFO] Extracting analysis zip to /mnt/openstudio/analysis_72a216d4-3a64-4cd6-8e04-b9bc3af7ff20
[19:28:59.732384 INFO] Zip: Extracting lib/resources/ASHRAE_zone12_Spec.idf
[19:28:59.733844 INFO] Zip: Extracting lib/resources/ASHRAE_zone3_Spec.idf
[19:28:59.734303 INFO] Zip: Extracting lib/resources/ASHRAE_zone456_Spec.idf
[19:28:59.734825 INFO] Zip: Extracting lib/resources/ASHRAE_zone78_Spec.idf
[19:28:59.735347 INFO] Zip: Extracting lib/resources/GlzSys19_13F-air-9_Spec.idf
[19:28:59.736431 INFO] Zip: Extracting lib/resources/GlzSys20_14F-air-3000_Spec.idf
[19:28:59.737487 INFO] Zip: Extracting lib/resources/GlzSys21_13F-air-3000_Spec.idf
[19:28:59.738547 INFO] Zip: Extracting lib/resources/GlzSys_10-air-9_Spec.idf
[19:28:59.739638 INFO] Zip: Extracting lib/resources/GlzSys_10F-air-3000_Spec.idf
[19:28:59.740694 INFO] Zip: Extracting lib/resources/GlzSys_11F-air-3000_Spec.idf
[19:28:59.741761 INFO] Zip: Extracting lib/resources/GlzSys_16095-air-3000_Spec.idf
[19:28:59.742758 INFO] Zip: Extracting lib/resources/GlzSys_16095-air-9_Spec.idf
[19:28:59.743776 INFO] Zip: Extracting lib/resources/GlzSys_6374-air-3000_Spec.idf
[19:28:59.744845 INFO] Zip: Extracting lib/resources/GlzSys_Dark_PV_Spec.idf
[19:28:59.745477 INFO] Zip: Extracting lib/resources/GlzSys_Light_PV_Spec.idf
[19:28:59.746118 INFO] Zip: Extracting lib/resources/GlzSys_Thermochromic_30C.idf
[19:28:59.746917 INFO] Zip: Extracting lib/resources/GlzSys_Thermochromic_35C.idf
[19:28:59.747756 INFO] Zip: Extracting lib/resources/GlzSys_Thermochromic_40C.idf
[19:28:59.748629 INFO] Zip: Extracting lib/resources/SG_zone12_Spec.idf
[19:28:59.749424 INFO] Zip: Extracting lib/resources/SG_zone3_Spec.idf
[19:28:59.750228 INFO] Zip: Extracting lib/resources/SG_zone456_Spec.idf
[19:28:59.751440 INFO] Zip: Extracting lib/resources/SG_zone78_Spec.idf
[19:28:59.752941 INFO] Zip: Extracting lib/resources/Window_PV_No_frame_Spec_Spec.idf
[19:28:59.753780 INFO] Zip: Extracting lib/resources/Window_PV_frame_Spec.idf
[19:28:59.754594 INFO] Zip: Extracting measures/AddMeter/
[19:28:59.754811 INFO] Zip: Extracting measures/AddMeter/LICENSE.md
[19:28:59.755275 INFO] Zip: Extracting measures/AddMeter/New folder/
[19:28:59.755439 INFO] Zip: Extracting measures/AddMeter/README.md
[19:28:59.755883 INFO] Zip: Extracting measures/AddMeter/README.md.erb
[19:28:59.756331 INFO] Zip: Extracting measures/AddMeter/measure.rb
[19:28:59.756830 INFO] Zip: Extracting measures/AddMeter/measure.xml
[19:28:59.757277 INFO] Zip: Extracting measures/AddMeter/tests/
[19:28:59.757421 INFO] Zip: Extracting measures/AddMeter/tests/AddMeter_Test.rb
[19:28:59.757878 INFO] Zip: Extracting measures/AddOutputVariable/
[19:28:59.758041 INFO] Zip: Extracting measures/AddOutputVariable/LICENSE.md
[19:28:59.758508 INFO] Zip: Extracting measures/AddOutputVariable/README.md
[19:28:59.758924 INFO] Zip: Extracting measures/AddOutputVariable/README.md.erb
[19:28:59.759354 INFO] Zip: Extracting measures/AddOutputVariable/measure.rb
[19:28:59.759831 INFO] Zip: Extracting measures/AddOutputVariable/measure.xml
[19:28:59.760309 INFO] Zip: Extracting measures/AddOutputVariable/tests/
[19:28:59.760475 INFO] Zip: Extracting measures/AddOutputVariable/tests/AddOutputVariable_Test.rb
[19:28:59.760933 INFO] Zip: Extracting measures/ChangeBuildingLocation/
[19:28:59.761095 INFO] Zip: Extracting measures/ChangeBuildingLocation/LICENSE.md
[19:28:59.761530 INFO] Zip: Extracting measures/ChangeBuildingLocation/README.md
[19:28:59.761993 INFO] Zip: Extracting measures/ChangeBuildingLocation/README.md.erb
[19:28:59.762425 INFO] Zip: Extracting measures/ChangeBuildingLocation/measure.rb
[19:28:59.762958 INFO] Zip: Extracting measures/ChangeBuildingLocation/measure.xml
[19:28:59.763465 INFO] Zip: Extracting measures/ChangeBuildingLocation/resources/
[19:28:59.763637 INFO] Zip: Extracting measures/ChangeBuildingLocation/resources/epw.rb
[19:28:59.764151 INFO] Zip: Extracting measures/ChangeBuildingLocation/resources/os_lib_helper_methods.rb
[19:28:59.764711 INFO] Zip: Extracting measures/ChangeBuildingLocation/resources/stat_file.rb
[19:28:59.765202 INFO] Zip: Extracting measures/ChangeBuildingLocation/tests/
[19:28:59.765344 INFO] Zip: Extracting measures/ChangeBuildingLocation/tests/USA_MA_Boston-Logan.Intl.AP.725090_TMY3.ddy
[19:28:59.765924 INFO] Zip: Extracting measures/ChangeBuildingLocation/tests/USA_MA_Boston-Logan.Intl.AP.725090_TMY3.epw
[19:28:59.780809 INFO] Zip: Extracting measures/ChangeBuildingLocation/tests/USA_MA_Boston-Logan.Intl.AP.725090_TMY3.stat
[19:28:59.781552 INFO] Zip: Extracting measures/ChangeBuildingLocation/tests/USA_WA_Renton.Muni.AP.727934_TMY3.ddy
[19:28:59.781929 INFO] Zip: Extracting measures/ChangeBuildingLocation/tests/USA_WA_Renton.Muni.AP.727934_TMY3.epw
[19:28:59.792675 INFO] Zip: Extracting measures/ChangeBuildingLocation/tests/USA_WA_Renton.Muni.AP.727934_TMY3.stat
[19:28:59.793468 INFO] Zip: Extracting measures/ChangeBuildingLocation/tests/another_weather_file.ddy
[19:28:59.794108 INFO] Zip: Extracting measures/ChangeBuildingLocation/tests/another_weather_file.epw
[19:28:59.810203 INFO] Zip: Extracting measures/ChangeBuildingLocation/tests/another_weather_file.stat
[19:28:59.811087 INFO] Zip: Extracting measures/ChangeBuildingLocation/tests/change_building_location_test.rb
[19:28:59.811616 INFO] Zip: Extracting measures/ChangeBuildingLocation/tests/multiyear.ddy
[19:28:59.812243 INFO] Zip: Extracting measures/ChangeBuildingLocation/tests/multiyear.epw
[19:28:59.812718 INFO] Zip: Extracting measures/ChangeBuildingLocation/tests/multiyear.stat
[19:28:59.813435 INFO] Zip: Extracting measures/ChangeBuildingLocation/tests/test.osm
[19:28:59.818117 INFO] Zip: Extracting measures/ChangeBuildingLocation/tests/test.osw
[19:28:59.818988 INFO] Zip: Extracting measures/ServerDirectoryCleanup/
[19:28:59.819165 INFO] Zip: Extracting measures/ServerDirectoryCleanup/LICENSE.md
[19:28:59.819658 INFO] Zip: Extracting measures/ServerDirectoryCleanup/measure.rb
[19:28:59.820115 INFO] Zip: Extracting measures/ServerDirectoryCleanup/measure.xml
[19:28:59.820676 INFO] Zip: Extracting measures/ServerDirectoryCleanup/tests/
[19:28:59.820829 INFO] Zip: Extracting measures/ServerDirectoryCleanup/tests/ServerDirectoryCleanup_test.rb
[19:28:59.821330 INFO] Zip: Extracting measures/ServerDirectoryCleanup/tests/USA_CO_Golden-NREL.724666_TMY3.epw
[19:28:59.836749 INFO] Zip: Extracting measures/ServerDirectoryCleanup/tests/example_model.osm
[19:28:59.838629 INFO] Zip: Extracting measures/WindowPV_reporting/
[19:28:59.838813 INFO] Zip: Extracting measures/WindowPV_reporting/measure.rb
[19:28:59.839471 INFO] Zip: Extracting measures/WindowPV_reporting/measure.xml
[19:28:59.839946 INFO] Zip: Extracting measures/WindowPV_reporting/resources/
[19:28:59.840096 INFO] Zip: Extracting measures/WindowPV_reporting/resources/os_lib_helper_methods.rb
[19:28:59.840613 INFO] Zip: Extracting measures/WindowPV_reporting/resources/report.html.in
[19:28:59.841043 INFO] Zip: Extracting measures/WindowPV_reporting/tests/
[19:28:59.841188 INFO] Zip: Extracting measures/WindowPV_reporting/tests/USA_CO_Golden-NREL.724666_TMY3.epw
[19:28:59.995415 INFO] Zip: Extracting measures/WindowPV_reporting/tests/example_model.osm
[19:28:59.996823 INFO] Zip: Extracting measures/WindowPV_reporting/tests/ubi_qd_reporting_test.rb
[19:28:59.997203 INFO] Zip: Extracting measures/a_inject_window_specific_idf_objects/
[19:28:59.997372 INFO] Zip: Extracting measures/a_inject_window_specific_idf_objects/LICENSE.md
[19:28:59.997745 INFO] Zip: Extracting measures/a_inject_window_specific_idf_objects/measure.rb
[19:28:59.998198 INFO] Zip: Extracting measures/a_inject_window_specific_idf_objects/measure.xml
[19:28:59.998578 INFO] Zip: Extracting measures/a_inject_window_specific_idf_objects/tests/
[19:28:59.998730 INFO] Zip: Extracting measures/a_inject_window_specific_idf_objects/tests/EnvelopeAndLoadTestModel_01.osm
[19:29:00.003288 INFO] Zip: Extracting measures/a_inject_window_specific_idf_objects/tests/Example B - BlockEnergyCharge.idf
[19:29:00.003666 INFO] Zip: Extracting measures/a_inject_window_specific_idf_objects/tests/measure_Test.rb
[19:29:00.004043 INFO] Zip: Extracting measures/a_inject_window_specific_idf_objects/tests/test.osw
[19:29:00.004818 INFO] Zip: Extracting measures/add_thermochromic_bipv/
[19:29:00.004993 INFO] Zip: Extracting measures/add_thermochromic_bipv/measure.rb
[19:29:00.005440 INFO] Zip: Extracting measures/add_thermochromic_bipv/measure.xml
[19:29:00.005818 INFO] Zip: Extracting measures/add_thermochromic_bipv/resources/
[19:29:00.005968 INFO] Zip: Extracting measures/add_thermochromic_bipv/resources/HVACSizing.Model.rb
[19:29:00.006439 INFO] Zip: Extracting measures/add_thermochromic_bipv/resources/Standards.Construction.rb
[19:29:00.006790 INFO] Zip: Extracting measures/add_thermochromic_bipv/resources/os_lib_helper_methods.rb
[19:29:00.007186 INFO] Zip: Extracting measures/add_thermochromic_bipv/resources/os_lib_schedules.rb
[19:29:00.007737 INFO] Zip: Extracting measures/create_bar_from_building_type_ratios/
[19:29:00.007884 INFO] Zip: Extracting measures/create_bar_from_building_type_ratios/LICENSE.md
[19:29:00.008227 INFO] Zip: Extracting measures/create_bar_from_building_type_ratios/README.md
[19:29:00.008645 INFO] Zip: Extracting measures/create_bar_from_building_type_ratios/README.md.erb
[19:29:00.008997 INFO] Zip: Extracting measures/create_bar_from_building_type_ratios/measure.rb
[19:29:00.009574 INFO] Zip: Extracting measures/create_bar_from_building_type_ratios/measure.xml
[19:29:00.010020 INFO] Zip: Extracting measures/create_bar_from_building_type_ratios/resources/
[19:29:00.010180 INFO] Zip: Extracting measures/create_bar_from_building_type_ratios/resources/os_lib_geometry.rb
[19:29:00.010771 INFO] Zip: Extracting measures/create_bar_from_building_type_ratios/resources/os_lib_helper_methods.rb
[19:29:00.011232 INFO] Zip: Extracting measures/create_bar_from_building_type_ratios/resources/os_lib_model_generation.rb
[19:29:00.011798 INFO] Zip: Extracting measures/create_bar_from_building_type_ratios/resources/os_lib_model_simplification.rb
[19:29:00.012433 INFO] Zip: Extracting measures/create_bar_from_building_type_ratios/tests/
[19:29:00.012599 INFO] Zip: Extracting measures/create_bar_from_building_type_ratios/tests/create_bar_from_building_type_ratios_test.rb
[19:29:00.013006 INFO] Zip: Extracting measures/create_bar_from_building_type_ratios/tests/example_model.osm
[19:29:00.015279 INFO] Zip: Extracting measures/create_typical_building_from_model/
[19:29:00.015434 INFO] Zip: Extracting measures/create_typical_building_from_model/LICENSE.md
[19:29:00.015777 INFO] Zip: Extracting measures/create_typical_building_from_model/README.md
[19:29:00.016149 INFO] Zip: Extracting measures/create_typical_building_from_model/README.md.erb
[19:29:00.016938 INFO] Zip: Extracting measures/create_typical_building_from_model/measure.rb
[19:29:00.017552 INFO] Zip: Extracting measures/create_typical_building_from_model/measure.xml
[19:29:00.018048 INFO] Zip: Extracting measures/create_typical_building_from_model/resources/
[19:29:00.018204 INFO] Zip: Extracting measures/create_typical_building_from_model/resources/Model.hvac.rb
[19:29:00.018628 INFO] Zip: Extracting measures/create_typical_building_from_model/resources/os_lib_helper_methods.rb
[19:29:00.019071 INFO] Zip: Extracting measures/create_typical_building_from_model/resources/os_lib_model_generation.rb
[19:29:00.019692 INFO] Zip: Extracting measures/create_typical_building_from_model/tests/
[19:29:00.019854 INFO] Zip: Extracting measures/create_typical_building_from_model/tests/GenericGbxml.osm
[19:29:00.022516 INFO] Zip: Extracting measures/create_typical_building_from_model/tests/LargeOffice04.osm
[19:29:00.123296 INFO] Zip: Extracting measures/create_typical_building_from_model/tests/MidriseApartment.osm
[19:29:00.132259 INFO] Zip: Extracting measures/create_typical_building_from_model/tests/SmallOffice.osm
[19:29:00.134323 INFO] Zip: Extracting measures/create_typical_building_from_model/tests/USA_TX_Houston-Bush.Intercontinental.AP.722430_TMY3.epw
[19:29:00.144473 INFO] Zip: Extracting measures/create_typical_building_from_model/tests/create_typical_building_from_model_test.rb
[19:29:00.144974 INFO] Zip: Extracting measures/create_typical_building_from_model/tests/test.osw
[19:29:00.145702 INFO] Zip: Extracting measures/create_typical_building_from_model/tests/test_hvac.rb
[19:29:00.146119 INFO] Zip: Extracting measures/export_variableto_csv_variables_for_bipvpce/
[19:29:00.146300 INFO] Zip: Extracting measures/export_variableto_csv_variables_for_bipvpce/measure.rb
[19:29:00.151730 INFO] Zip: Extracting measures/export_variableto_csv_variables_for_bipvpce/measure.xml
[19:29:00.155119 INFO] Zip: Extracting measures/export_variableto_csv_variables_for_bipvpce/resources/
[19:29:00.155286 INFO] Zip: Extracting measures/export_variableto_csv_variables_for_bipvpce/resources/report.html.in
[19:29:00.155635 INFO] Zip: Extracting measures/export_variableto_csv_variables_for_bipvpce/tests/
[19:29:00.155781 INFO] Zip: Extracting measures/export_variableto_csv_variables_for_bipvpce/tests/ExportVariabletoCSV_test.rb
[19:29:00.156130 INFO] Zip: Extracting measures/export_variableto_csv_variables_for_bipvpce/tests/example_model.osm
[19:29:00.157803 INFO] Zip: Extracting measures/inject_idf_window_objects/
[19:29:00.158063 INFO] Zip: Extracting measures/inject_idf_window_objects/LICENSE.md
[19:29:00.158421 INFO] Zip: Extracting measures/inject_idf_window_objects/measure.rb
[19:29:00.158849 INFO] Zip: Extracting measures/inject_idf_window_objects/measure.xml
[19:29:00.159231 INFO] Zip: Extracting measures/inject_idf_window_objects/tests/
[19:29:00.159381 INFO] Zip: Extracting measures/inject_idf_window_objects/tests/EnvelopeAndLoadTestModel_01.osm
[19:29:00.164330 INFO] Zip: Extracting measures/inject_idf_window_objects/tests/Example B - BlockEnergyCharge.idf
[19:29:00.164714 INFO] Zip: Extracting measures/inject_idf_window_objects/tests/measure_Test.rb
[19:29:00.165060 INFO] Zip: Extracting measures/inject_idf_window_objects/tests/test.osw
[19:29:00.165763 INFO] Zip: Extracting seeds/switchglaze/
[19:29:00.165929 INFO] Zip: Extracting seeds/switchglaze.osm
[19:29:00.170556 INFO] Zip: Extracting seeds/switchglaze/files/
[19:29:00.170727 INFO] Zip: Extracting seeds/switchglaze/measures/
[19:29:00.170876 INFO] Zip: Extracting seeds/switchglaze/run/
[19:29:00.171026 INFO] Zip: Extracting seeds/switchglaze/workflow.osw
[19:29:00.171346 INFO] Zip: Extracting weather/DEU_Hamburg.101470_IWEC.ddy
[19:29:00.171791 INFO] Zip: Extracting weather/DEU_Hamburg.101470_IWEC.epw
[19:29:00.181673 INFO] Zip: Extracting weather/DEU_Hamburg.101470_IWEC.stat
[19:29:00.182331 INFO] Zip: Extracting weather/JPN_Tokyo.Hyakuri.477150_IWEC.ddy
[19:29:00.182765 INFO] Zip: Extracting weather/JPN_Tokyo.Hyakuri.477150_IWEC.epw
[19:29:00.194719 INFO] Zip: Extracting weather/JPN_Tokyo.Hyakuri.477150_IWEC.stat
[19:29:00.195454 INFO] Zip: Extracting weather/SAU_Riyadh.404380_IWEC.ddy
[19:29:00.195898 INFO] Zip: Extracting weather/SAU_Riyadh.404380_IWEC.epw
[19:29:00.206003 INFO] Zip: Extracting weather/SAU_Riyadh.404380_IWEC.stat
[19:29:00.206712 INFO] Zip: Extracting weather/SGP_Singapore.486980_IWEC.ddy
[19:29:00.207169 INFO] Zip: Extracting weather/SGP_Singapore.486980_IWEC.epw
[19:29:00.218785 INFO] Zip: Extracting weather/SGP_Singapore.486980_IWEC.stat
[19:29:00.219594 INFO] Zip: Extracting weather/USA_AK_Fairbanks.Intl.AP.702610_TMY3.ddy
[19:29:00.220211 INFO] Zip: Extracting weather/USA_AK_Fairbanks.Intl.AP.702610_TMY3.epw
[19:29:00.325427 INFO] Zip: Extracting weather/USA_AK_Fairbanks.Intl.AP.702610_TMY3.stat
[19:29:00.326204 INFO] Zip: Extracting weather/USA_AZ_Tucson.Intl.AP.722740_TMY3.ddy
[19:29:00.326671 INFO] Zip: Extracting weather/USA_AZ_Tucson.Intl.AP.722740_TMY3.epw
[19:29:00.336669 INFO] Zip: Extracting weather/USA_AZ_Tucson.Intl.AP.722740_TMY3.stat
[19:29:00.337350 INFO] Zip: Extracting weather/USA_CA_San.Diego-Lindbergh.Field.722900_TMY3.ddy
[19:29:00.337808 INFO] Zip: Extracting weather/USA_CA_San.Diego-Lindbergh.Field.722900_TMY3.epw
[19:29:00.348304 INFO] Zip: Extracting weather/USA_CA_San.Diego-Lindbergh.Field.722900_TMY3.stat
[19:29:00.348998 INFO] Zip: Extracting weather/USA_CO_Denver.Intl.AP.725650_TMY3.ddy
[19:29:00.349455 INFO] Zip: Extracting weather/USA_CO_Denver.Intl.AP.725650_TMY3.epw
[19:29:00.451826 INFO] Zip: Extracting weather/USA_CO_Denver.Intl.AP.725650_TMY3.stat
[19:29:00.452605 INFO] Zip: Extracting weather/USA_FL_Tampa.Intl.AP.722110_TMY3.ddy
[19:29:00.453047 INFO] Zip: Extracting weather/USA_FL_Tampa.Intl.AP.722110_TMY3.epw
[19:29:00.463092 INFO] Zip: Extracting weather/USA_FL_Tampa.Intl.AP.722110_TMY3.stat
[19:29:00.463780 INFO] Zip: Extracting weather/USA_GA_Atlanta-Hartsfield-Jackson.Intl.AP.722190_TMY3.ddy
[19:29:00.464237 INFO] Zip: Extracting weather/USA_GA_Atlanta-Hartsfield-Jackson.Intl.AP.722190_TMY3.epw
[19:29:00.474286 INFO] Zip: Extracting weather/USA_GA_Atlanta-Hartsfield-Jackson.Intl.AP.722190_TMY3.stat
[19:29:00.477303 INFO] Zip: Extracting weather/USA_HI_Honolulu.Intl.AP.911820_TMY3.ddy
[19:29:00.480735 INFO] Zip: Extracting weather/USA_HI_Honolulu.Intl.AP.911820_TMY3.epw
[19:29:00.490823 INFO] Zip: Extracting weather/USA_HI_Honolulu.Intl.AP.911820_TMY3.stat
[19:29:00.491492 INFO] Zip: Extracting weather/USA_MN_International.Falls.Intl.AP.727470_TMY3.ddy
[19:29:00.491930 INFO] Zip: Extracting weather/USA_MN_International.Falls.Intl.AP.727470_TMY3.epw
[19:29:00.502019 INFO] Zip: Extracting weather/USA_MN_International.Falls.Intl.AP.727470_TMY3.stat
[19:29:00.502671 INFO] Zip: Extracting weather/USA_MN_Rochester.Intl.AP.726440_TMY3.ddy
[19:29:00.503163 INFO] Zip: Extracting weather/USA_MN_Rochester.Intl.AP.726440_TMY3.epw
[19:29:00.512986 INFO] Zip: Extracting weather/USA_MN_Rochester.Intl.AP.726440_TMY3.stat
[19:29:00.513680 INFO] Zip: Extracting weather/USA_MT_Great.Falls.Intl.AP.727750_TMY3.ddy
[19:29:00.514134 INFO] Zip: Extracting weather/USA_MT_Great.Falls.Intl.AP.727750_TMY3.epw
[19:29:00.524510 INFO] Zip: Extracting weather/USA_MT_Great.Falls.Intl.AP.727750_TMY3.stat
[19:29:00.525164 INFO] Zip: Extracting weather/USA_NM_Albuquerque.Intl.AP.723650_TMY3.ddy
[19:29:00.525615 INFO] Zip: Extracting weather/USA_NM_Albuquerque.Intl.AP.723650_TMY3.epw
[19:29:00.540866 INFO] Zip: Extracting weather/USA_NM_Albuquerque.Intl.AP.723650_TMY3.stat
[19:29:00.541576 INFO] Zip: Extracting weather/USA_NY_Buffalo-Greater.Buffalo.Intl.AP.725280_TMY3.ddy
[19:29:00.542015 INFO] Zip: Extracting weather/USA_NY_Buffalo-Greater.Buffalo.Intl.AP.725280_TMY3.epw
[19:29:00.552249 INFO] Zip: Extracting weather/USA_NY_Buffalo-Greater.Buffalo.Intl.AP.725280_TMY3.stat
[19:29:00.552906 INFO] Zip: Extracting weather/USA_NY_New.York-J.F.Kennedy.Intl.AP.744860_TMY3.ddy
[19:29:00.553476 INFO] Zip: Extracting weather/USA_NY_New.York-J.F.Kennedy.Intl.AP.744860_TMY3.epw
[19:29:00.563444 INFO] Zip: Extracting weather/USA_NY_New.York-J.F.Kennedy.Intl.AP.744860_TMY3.stat
[19:29:00.564114 INFO] Zip: Extracting weather/USA_TX_El.Paso.Intl.AP.722700_TMY3.ddy
[19:29:00.564572 INFO] Zip: Extracting weather/USA_TX_El.Paso.Intl.AP.722700_TMY3.epw
[19:29:00.574341 INFO] Zip: Extracting weather/USA_TX_El.Paso.Intl.AP.722700_TMY3.stat
[19:29:00.575074 INFO] Zip: Extracting weather/USA_WA_Port.Angeles-William.R.Fairchild.Intl.AP.727885_TMY3.ddy
[19:29:00.575512 INFO] Zip: Extracting weather/USA_WA_Port.Angeles-William.R.Fairchild.Intl.AP.727885_TMY3.epw
[19:29:00.585725 INFO] Zip: Extracting weather/USA_WA_Port.Angeles-William.R.Fairchild.Intl.AP.727885_TMY3.stat
[19:29:00.586454 INFO] Zip: Extracting weather/USA_WA_Seattle-Tacoma.Intl.AP.727930_TMY3.ddy
[19:29:00.586923 INFO] Zip: Extracting weather/USA_WA_Seattle-Tacoma.Intl.AP.727930_TMY3.epw
[19:29:00.599696 INFO] Zip: Extracting weather/USA_WA_Seattle-Tacoma.Intl.AP.727930_TMY3.stat
[19:29:00.602791 INFO] Downloading analysis.json from http://web:80/analyses/72a216d4-3a64-4cd6-8e04-b9bc3af7ff20.json
[19:29:00.654510 INFO] Checking for presence of args file at /mnt/openstudio/analysis_72a216d4-3a64-4cd6-8e04-b9bc3af7ff20/scripts/data_point/initialize.args
[19:29:00.654579 INFO] Checking for presence of script file at /mnt/openstudio/analysis_72a216d4-3a64-4cd6-8e04-b9bc3af7ff20/scripts/data_point/initialize.sh
[19:29:00.654622 INFO] Finished worker initialization
[19:29:00.654658 INFO] RestClient delete
[19:29:00.654690 INFO] delete post_count = 1
[19:29:00.666808 INFO] Downloading datapoint from http://web:80/data_points/67524dc8-910c-4300-a7aa-07fe1f747f82.json
[19:29:00.666874 INFO] get url post_count = 1
[19:29:00.683290 INFO] Creating Workflow Manager instance
[19:29:00.683370 INFO] Directory is /mnt/openstudio/analysis_72a216d4-3a64-4cd6-8e04-b9bc3af7ff20/data_point_67524dc8-910c-4300-a7aa-07fe1f747f82
[19:29:00.683439 INFO] Opening run.log file '/mnt/openstudio/analysis_72a216d4-3a64-4cd6-8e04-b9bc3af7ff20/data_point_67524dc8-910c-4300-a7aa-07fe1f747f82/run/run.log'
[19:29:00.683603 WARN] Error finding Oscli: OPENSTUDIO_EXE_PATH not set
[19:29:00.698029 WARN] Defaulting to fun Oscli via /usr/local/bin/openstudio
[19:29:00.698175 INFO] Returning Oscli cmd: /usr/local/bin/openstudio --bundle /var/oscli/Gemfile --bundle_path /var/oscli/gems 
[19:29:00.698344 INFO] Running workflow using cmd /usr/local/bin/openstudio --bundle /var/oscli/Gemfile --bundle_path /var/oscli/gems   run --workflow '/mnt/openstudio/analysis_72a216d4-3a64-4cd6-8e04-b9bc3af7ff20/data_point_67524dc8-910c-4300-a7aa-07fe1f747f82/data_point.osw'  and writing log to /mnt/openstudio/analysis_72a216d4-3a64-4cd6-8e04-b9bc3af7ff20/data_point_67524dc8-910c-4300-a7aa-07fe1f747f82/oscli_simulation.log
[19:29:18.285121 INFO] Oscli output: /var/oscli/gems/ruby/2.5.0/gems/openstudio-standards-0.2.11/lib/openstudio-standards/btap/btap.rb:56: warning: constant ::Fixnum is deprecated
[openstudio.standards.Model] <1> Model has been assigned a weather file, but the file is not in the specified location of 'file:////mnt/openstudio/analysis_72a216d4-3a64-4cd6-8e04-b9bc3af7ff20/weather/SAU_Riyadh.404380_IWEC.epw'.
[19:29:14.205669 WARN] Could not add loads for Plenum. Not expected for 90.1-2013
[19:29:17.722836 WARN] [openstudio.standards.Construction] Requested U-value of 0.58 for Typical Insulated Exterior Mass Wall is too low given the other materials in the construction; insulation layer will not be modified.
[19:29:17.723438 WARN] [openstudio.standards.Construction] Can only set the u-value of opaque constructions or simple glazing. U 0.60 SHGC 0.25 Dbl 2.5mm air is not opaque or simple glazing.
[19:29:17.723837 WARN] [openstudio.standards.Construction] Can only set the u-value of opaque constructions or simple glazing. U 0.65 SHGC 0.25 Dbl Ref-C-H Clr 6mm/6mm Air is not opaque or simple glazing.
[19:29:17.723985 WARN] [openstudio.standards.Construction] Requested U-value of 1.1686635536297982 for Typical Overhead Door is greater than the sum of the inside and outside resistance, and the max U-value (6.636 SI) is used instead.
[19:29:17.724274 WARN] [openstudio.standards.Construction] Can only set the u-value of opaque constructions or simple glazing. Window_U_0.75_SHGC_0.35_Skylight_Frame_Width_2.339_in is not opaque or simple glazing.
[19:29:17.725207 WARN] [openstudio.weather.Model] Could not find ground temperatures; will use generic temperatures, which will skew results.
[19:29:17.740512 ERROR] [openstudio.standards.Model] Model has been assigned a weather file, but the file is not in the specified location of 'file:////mnt/openstudio/analysis_72a216d4-3a64-4cd6-8e04-b9bc3af7ff20/weather/SAU_Riyadh.404380_IWEC.epw'.
[19:29:17.953469 ERROR] /var/oscli/gems/ruby/2.5.0/gems/openstudio-workflow-2.0.0/lib/openstudio/workflow/util/measure.rb failed with message Runner error /var/oscli/gems/ruby/2.5.0/gems/openstudio-workflow-2.0.0/lib/openstudio/workflow/util/measure.rb failed with Measure create_typical_building_from_model reported an error with ["[openstudio.standards.Model] Model has been assigned a weather file, but the file is not in the specified location of 'file:////mnt/openstudio/analysis_72a216d4-3a64-4cd6-8e04-b9bc3af7ff20/weather/SAU_Riyadh.404380_IWEC.epw'."], /var/oscli/gems/ruby/2.5.0/gems/openstudio-workflow-2.0.0/lib/openstudio/workflow/util/measure.rb:560:in `apply_measure'
/var/oscli/gems/ruby/2.5.0/gems/openstudio-workflow-2.0.0/lib/openstudio/workflow/util/measure.rb:109:in `block in apply_measures'
/var/oscli/gems/ruby/2.5.0/gems/openstudio-workflow-2.0.0/lib/openstudio/workflow/util/measure.rb:67:in `each_index'
/var/oscli/gems/ruby/2.5.0/gems/openstudio-workflow-2.0.0/lib/openstudio/workflow/util/measure.rb:67:in `apply_measures'
/var/oscli/gems/ruby/2.5.0/gems/openstudio-workflow-2.0.0/lib/openstudio/workflow/jobs/run_os_measures.rb:70:in `perform'
/var/oscli/gems/ruby/2.5.0/gems/openstudio-workflow-2.0.0/lib/openstudio/workflow/run.rb:292:in `step'
/var/oscli/gems/ruby/2.5.0/gems/openstudio-workflow-2.0.0/lib/openstudio/workflow/run.rb:234:in `run'
:/openstudio_cli.rb:960:in `execute'
:/openstudio_cli.rb:750:in `execute'
:/openstudio_cli.rb:1744:in `<main>'
eval:174:in `eval'
eval:174:in `require_embedded_absolute'
eval:160:in `block in require_embedded'
eval:154:in `each'
eval:154:in `require_embedded'
eval:113:in `require'
eval:3:in `<main>' in /var/oscli/gems/ruby/2.5.0/gems/openstudio-workflow-2.0.0/lib/openstudio/workflow/util/measure.rb:598:in `rescue in apply_measure'
/var/oscli/gems/ruby/2.5.0/gems/openstudio-workflow-2.0.0/lib/openstudio/workflow/util/measure.rb:548:in `apply_measure'
/var/oscli/gems/ruby/2.5.0/gems/openstudio-workflow-2.0.0/lib/openstudio/workflow/util/measure.rb:109:in `block in apply_measures'
/var/oscli/gems/ruby/2.5.0/gems/openstudio-workflow-2.0.0/lib/openstudio/workflow/util/measure.rb:67:in `each_index'
/var/oscli/gems/ruby/2.5.0/gems/openstudio-workflow-2.0.0/lib/openstudio/workflow/util/measure.rb:67:in `apply_measures'
/var/oscli/gems/ruby/2.5.0/gems/openstudio-workflow-2.0.0/lib/openstudio/workflow/jobs/run_os_measures.rb:70:in `perform'
/var/oscli/gems/ruby/2.5.0/gems/openstudio-workflow-2.0.0/lib/openstudio/workflow/run.rb:292:in `step'
/var/oscli/gems/ruby/2.5.0/gems/openstudio-workflow-2.0.0/lib/openstudio/workflow/run.rb:234:in `run'
:/openstudio_cli.rb:960:in `execute'
:/openstudio_cli.rb:750:in `execute'
:/openstudio_cli.rb:1744:in `<main>'
eval:174:in `eval'
eval:174:in `require_embedded_absolute'
eval:160:in `block in require_embedded'
eval:154:in `each'
eval:154:in `require_embedded'
eval:113:in `require'
eval:3:in `<main>'
[19:29:17.956244 ERROR] Found error in state 'os_measures' with message ["/var/oscli/gems/ruby/2.5.0/gems/openstudio-workflow-2.0.0/lib/openstudio/workflow/util/measure.rb failed with message Runner error /var/oscli/gems/ruby/2.5.0/gems/openstudio-workflow-2.0.0/lib/openstudio/workflow/util/measure.rb failed with Measure create_typical_building_from_model reported an error with [\"[openstudio.standards.Model] Model has been assigned a weather file, but the file is not in the specified location of 'file:////mnt/openstudio/analysis_72a216d4-3a64-4cd6-8e04-b9bc3af7ff20/weather/SAU_Riyadh.404380_IWEC.epw'.\"], /var/oscli/gems/ruby/2.5.0/gems/openstudio-workflow-2.0.0/lib/openstudio/workflow/util/measure.rb:560:in `apply_measure'\n/var/oscli/gems/ruby/2.5.0/gems/openstudio-workflow-2.0.0/lib/openstudio/workflow/util/measure.rb:109:in `block in apply_measures'\n/var/oscli/gems/ruby/2.5.0/gems/openstudio-workflow-2.0.0/lib/openstudio/workflow/util/measure.rb:67:in `each_index'\n/var/oscli/gems/ruby/2.5.0/gems/openstudio-workflow-2.0.0/lib/openstudio/workflow/util/measure.rb:67:in `apply_measures'\n/var/oscli/gems/ruby/2.5.0/gems/openstudio-workflow-2.0.0/lib/openstudio/workflow/jobs/run_os_measures.rb:70:in `perform'\n/var/oscli/gems/ruby/2.5.0/gems/openstudio-workflow-2.0.0/lib/openstudio/workflow/run.rb:292:in `step'\n/var/oscli/gems/ruby/2.5.0/gems/openstudio-workflow-2.0.0/lib/openstudio/workflow/run.rb:234:in `run'\n:/openstudio_cli.rb:960:in `execute'\n:/openstudio_cli.rb:750:in `execute'\n:/openstudio_cli.rb:1744:in `<main>'\neval:174:in `eval'\neval:174:in `require_embedded_absolute'\neval:160:in `block in require_embedded'\neval:154:in `each'\neval:154:in `require_embedded'\neval:113:in `require'\neval:3:in `<main>' in /var/oscli/gems/ruby/2.5.0/gems/openstudio-workflow-2.0.0/lib/openstudio/workflow/util/measure.rb:598:in `rescue in apply_measure'\n/var/oscli/gems/ruby/2.5.0/gems/openstudio-workflow-2.0.0/lib/openstudio/workflow/util/measure.rb:548:in `apply_measure'\n/var/oscli/gems/ruby/2.5.0/gems/openstudio-workflow-2.0.0/lib/openstudio/workflow/util/measure.rb:109:in `block in apply_measures'\n/var/oscli/gems/ruby/2.5.0/gems/openstudio-workflow-2.0.0/lib/openstudio/workflow/util/measure.rb:67:in `each_index'\n/var/oscli/gems/ruby/2.5.0/gems/openstudio-workflow-2.0.0/lib/openstudio/workflow/util/measure.rb:67:in `apply_measures'\n/var/oscli/gems/ruby/2.5.0/gems/openstudio-workflow-2.0.0/lib/openstudio/workflow/jobs/run_os_measures.rb:70:in `perform'\n/var/oscli/gems/ruby/2.5.0/gems/openstudio-workflow-2.0.0/lib/openstudio/workflow/run.rb:292:in `step'\n/var/oscli/gems/ruby/2.5.0/gems/openstudio-workflow-2.0.0/lib/openstudio/workflow/run.rb:234:in `run'\n:/openstudio_cli.rb:960:in `execute'\n:/openstudio_cli.rb:750:in `execute'\n:/openstudio_cli.rb:1744:in `<main>'\neval:174:in `eval'\neval:174:in `require_embedded_absolute'\neval:160:in `block in require_embedded'\neval:154:in `each'\neval:154:in `require_embedded'\neval:113:in `require'\neval:3:in `<main>':/var/oscli/gems/ruby/2.5.0/gems/openstudio-workflow-2.0.0/lib/openstudio/workflow/util/measure.rb:647:in `rescue in apply_measure'\n/var/oscli/gems/ruby/2.5.0/gems/openstudio-workflow-2.0.0/lib/openstudio/workflow/util/measure.rb:305:in `apply_measure'\n/var/oscli/gems/ruby/2.5.0/gems/openstudio-workflow-2.0.0/lib/openstudio/workflow/util/measure.rb:109:in `block in apply_measures'\n/var/oscli/gems/ruby/2.5.0/gems/openstudio-workflow-2.0.0/lib/openstudio/workflow/util/measure.rb:67:in `each_index'\n/var/oscli/gems/ruby/2.5.0/gems/openstudio-workflow-2.0.0/lib/openstudio/workflow/util/measure.rb:67:in `apply_measures'\n/var/oscli/gems/ruby/2.5.0/gems/openstudio-workflow-2.0.0/lib/openstudio/workflow/jobs/run_os_measures.rb:70:in `perform'\n/var/oscli/gems/ruby/2.5.0/gems/openstudio-workflow-2.0.0/lib/openstudio/workflow/run.rb:292:in `step'\n/var/oscli/gems/ruby/2.5.0/gems/openstudio-workflow-2.0.0/lib/openstudio/workflow/run.rb:234:in `run'\n:/openstudio_cli.rb:960:in `execute'\n:/openstudio_cli.rb:750:in `execute'\n:/openstudio_cli.rb:1744:in `<main>'\neval:174:in `eval'\neval:174:in `require_embedded_absolute'\neval:160:in `block in require_embedded'\neval:154:in `each'\neval:154:in `require_embedded'\neval:113:in `require'\neval:3:in `<main>'"]}

[19:29:18.286028 ERROR] Could not find results /mnt/openstudio/analysis_72a216d4-3a64-4cd6-8e04-b9bc3af7ff20/data_point_67524dc8-910c-4300-a7aa-07fe1f747f82/run/measure_attributes.json
[19:29:18.286080 INFO] Saving files/reports back to the server
[19:29:18.286352 INFO] Saving report /mnt/openstudio/analysis_72a216d4-3a64-4cd6-8e04-b9bc3af7ff20/data_point_67524dc8-910c-4300-a7aa-07fe1f747f82/out.osw to http://web:80/data_points/67524dc8-910c-4300-a7aa-07fe1f747f82/upload_file
[19:29:18.479443 INFO] Saving report responded with {"id":"5efb928ece5ea001352be9a4","data_point_id":"67524dc8-910c-4300-a7aa-07fe1f747f82","display_name":"Final OSW File","type":"Report","created_at":"2020-06-30T19:29:18.454Z","updated_at":"2020-06-30T19:29:18.454Z"}
[19:29:18.479856 INFO] Saving report /mnt/openstudio/analysis_72a216d4-3a64-4cd6-8e04-b9bc3af7ff20/data_point_67524dc8-910c-4300-a7aa-07fe1f747f82/run/data_point.zip to http://web:80/data_points/67524dc8-910c-4300-a7aa-07fe1f747f82/upload_file
[19:29:18.589534 INFO] Saving report responded with {"id":"5efb928ece5ea001352be9a5","data_point_id":"67524dc8-910c-4300-a7aa-07fe1f747f82","display_name":"Zip File","type":"Data Point","created_at":"2020-06-30T19:29:18.570Z","updated_at":"2020-06-30T19:29:18.570Z"}
[19:29:18.589857 INFO] Checking for presence of args file at /mnt/openstudio/analysis_72a216d4-3a64-4cd6-8e04-b9bc3af7ff20/scripts/data_point/finalize.args
[19:29:18.589928 INFO] Checking for presence of script file at /mnt/openstudio/analysis_72a216d4-3a64-4cd6-8e04-b9bc3af7ff20/scripts/data_point/finalize.sh
[19:29:18.595008 INFO] Finished /opt/openstudio/server/app/jobs/dj_jobs/run_simulate_data_point.rb
