# Logfile created on 2020-06-30 19:28:58 +0000 by logger.rb/61378
[19:28:58.925758 INFO] Server host is http://web:80
[19:28:58.925971 INFO] Analysis directory is /mnt/openstudio/analysis_72a216d4-3a64-4cd6-8e04-b9bc3af7ff20
[19:28:58.926095 INFO] Simulation directory is /mnt/openstudio/analysis_72a216d4-3a64-4cd6-8e04-b9bc3af7ff20/data_point_875b4104-fc2d-4ea7-aee1-a3cf19739b34
[19:28:58.926157 INFO] Run datapoint type/file is 
[19:28:58.926256 INFO] Starting initialize_worker for datapoint 875b4104-fc2d-4ea7-aee1-a3cf19739b34
[19:28:58.926843 INFO] Downloading analysis zip from http://web:80/analyses/72a216d4-3a64-4cd6-8e04-b9bc3af7ff20/download_analysis_zip
[19:29:02.808574 INFO] Extracting analysis zip to /mnt/openstudio/analysis_72a216d4-3a64-4cd6-8e04-b9bc3af7ff20
[19:29:02.821260 INFO] Zip: Extracting lib/resources/ASHRAE_zone12_Spec.idf
[19:29:02.822987 INFO] Zip: Extracting lib/resources/ASHRAE_zone3_Spec.idf
[19:29:02.823462 INFO] Zip: Extracting lib/resources/ASHRAE_zone456_Spec.idf
[19:29:02.824008 INFO] Zip: Extracting lib/resources/ASHRAE_zone78_Spec.idf
[19:29:02.824541 INFO] Zip: Extracting lib/resources/GlzSys19_13F-air-9_Spec.idf
[19:29:02.825681 INFO] Zip: Extracting lib/resources/GlzSys20_14F-air-3000_Spec.idf
[19:29:02.827168 INFO] Zip: Extracting lib/resources/GlzSys21_13F-air-3000_Spec.idf
[19:29:02.828701 INFO] Zip: Extracting lib/resources/GlzSys_10-air-9_Spec.idf
[19:29:02.830415 INFO] Zip: Extracting lib/resources/GlzSys_10F-air-3000_Spec.idf
[19:29:02.832074 INFO] Zip: Extracting lib/resources/GlzSys_11F-air-3000_Spec.idf
[19:29:02.833732 INFO] Zip: Extracting lib/resources/GlzSys_16095-air-3000_Spec.idf
[19:29:02.835292 INFO] Zip: Extracting lib/resources/GlzSys_16095-air-9_Spec.idf
[19:29:02.842736 INFO] Zip: Extracting lib/resources/GlzSys_6374-air-3000_Spec.idf
[19:29:02.844876 INFO] Zip: Extracting lib/resources/GlzSys_Dark_PV_Spec.idf
[19:29:02.846061 INFO] Zip: Extracting lib/resources/GlzSys_Light_PV_Spec.idf
[19:29:02.847199 INFO] Zip: Extracting lib/resources/GlzSys_Thermochromic_30C.idf
[19:29:02.848933 INFO] Zip: Extracting lib/resources/GlzSys_Thermochromic_35C.idf
[19:29:02.850224 INFO] Zip: Extracting lib/resources/GlzSys_Thermochromic_40C.idf
[19:29:02.851597 INFO] Zip: Extracting lib/resources/SG_zone12_Spec.idf
[19:29:02.852790 INFO] Zip: Extracting lib/resources/SG_zone3_Spec.idf
[19:29:02.854256 INFO] Zip: Extracting lib/resources/SG_zone456_Spec.idf
[19:29:02.856001 INFO] Zip: Extracting lib/resources/SG_zone78_Spec.idf
[19:29:02.857894 INFO] Zip: Extracting lib/resources/Window_PV_No_frame_Spec_Spec.idf
[19:29:02.859090 INFO] Zip: Extracting lib/resources/Window_PV_frame_Spec.idf
[19:29:02.860333 INFO] Zip: Extracting measures/AddMeter/
[19:29:02.860654 INFO] Zip: Extracting measures/AddMeter/LICENSE.md
[19:29:02.861156 INFO] Zip: Extracting measures/AddMeter/New folder/
[19:29:02.861363 INFO] Zip: Extracting measures/AddMeter/README.md
[19:29:02.861807 INFO] Zip: Extracting measures/AddMeter/README.md.erb
[19:29:02.862347 INFO] Zip: Extracting measures/AddMeter/measure.rb
[19:29:02.863086 INFO] Zip: Extracting measures/AddMeter/measure.xml
[19:29:02.863562 INFO] Zip: Extracting measures/AddMeter/tests/
[19:29:02.863778 INFO] Zip: Extracting measures/AddMeter/tests/AddMeter_Test.rb
[19:29:02.864298 INFO] Zip: Extracting measures/AddOutputVariable/
[19:29:02.864699 INFO] Zip: Extracting measures/AddOutputVariable/LICENSE.md
[19:29:02.865214 INFO] Zip: Extracting measures/AddOutputVariable/README.md
[19:29:02.865710 INFO] Zip: Extracting measures/AddOutputVariable/README.md.erb
[19:29:02.866164 INFO] Zip: Extracting measures/AddOutputVariable/measure.rb
[19:29:02.866766 INFO] Zip: Extracting measures/AddOutputVariable/measure.xml
[19:29:02.867244 INFO] Zip: Extracting measures/AddOutputVariable/tests/
[19:29:02.867457 INFO] Zip: Extracting measures/AddOutputVariable/tests/AddOutputVariable_Test.rb
[19:29:02.867944 INFO] Zip: Extracting measures/ChangeBuildingLocation/
[19:29:02.868166 INFO] Zip: Extracting measures/ChangeBuildingLocation/LICENSE.md
[19:29:02.868695 INFO] Zip: Extracting measures/ChangeBuildingLocation/README.md
[19:29:02.869276 INFO] Zip: Extracting measures/ChangeBuildingLocation/README.md.erb
[19:29:02.869737 INFO] Zip: Extracting measures/ChangeBuildingLocation/measure.rb
[19:29:02.870359 INFO] Zip: Extracting measures/ChangeBuildingLocation/measure.xml
[19:29:02.870841 INFO] Zip: Extracting measures/ChangeBuildingLocation/resources/
[19:29:02.871044 INFO] Zip: Extracting measures/ChangeBuildingLocation/resources/epw.rb
[19:29:02.871672 INFO] Zip: Extracting measures/ChangeBuildingLocation/resources/os_lib_helper_methods.rb
[19:29:02.872296 INFO] Zip: Extracting measures/ChangeBuildingLocation/resources/stat_file.rb
[19:29:02.872872 INFO] Zip: Extracting measures/ChangeBuildingLocation/tests/
[19:29:02.873084 INFO] Zip: Extracting measures/ChangeBuildingLocation/tests/USA_MA_Boston-Logan.Intl.AP.725090_TMY3.ddy
[19:29:02.873734 INFO] Zip: Extracting measures/ChangeBuildingLocation/tests/USA_MA_Boston-Logan.Intl.AP.725090_TMY3.epw
[19:29:02.893881 INFO] Zip: Extracting measures/ChangeBuildingLocation/tests/USA_MA_Boston-Logan.Intl.AP.725090_TMY3.stat
[19:29:02.894828 INFO] Zip: Extracting measures/ChangeBuildingLocation/tests/USA_WA_Renton.Muni.AP.727934_TMY3.ddy
[19:29:02.895362 INFO] Zip: Extracting measures/ChangeBuildingLocation/tests/USA_WA_Renton.Muni.AP.727934_TMY3.epw
[19:29:02.915860 INFO] Zip: Extracting measures/ChangeBuildingLocation/tests/USA_WA_Renton.Muni.AP.727934_TMY3.stat
[19:29:02.917021 INFO] Zip: Extracting measures/ChangeBuildingLocation/tests/another_weather_file.ddy
[19:29:02.917728 INFO] Zip: Extracting measures/ChangeBuildingLocation/tests/another_weather_file.epw
[19:29:02.941880 INFO] Zip: Extracting measures/ChangeBuildingLocation/tests/another_weather_file.stat
[19:29:02.942895 INFO] Zip: Extracting measures/ChangeBuildingLocation/tests/change_building_location_test.rb
[19:29:02.943420 INFO] Zip: Extracting measures/ChangeBuildingLocation/tests/multiyear.ddy
[19:29:02.944038 INFO] Zip: Extracting measures/ChangeBuildingLocation/tests/multiyear.epw
[19:29:02.944564 INFO] Zip: Extracting measures/ChangeBuildingLocation/tests/multiyear.stat
[19:29:02.945379 INFO] Zip: Extracting measures/ChangeBuildingLocation/tests/test.osm
[19:29:02.949342 INFO] Zip: Extracting measures/ChangeBuildingLocation/tests/test.osw
[19:29:02.950422 INFO] Zip: Extracting measures/ServerDirectoryCleanup/
[19:29:02.950655 INFO] Zip: Extracting measures/ServerDirectoryCleanup/LICENSE.md
[19:29:02.951123 INFO] Zip: Extracting measures/ServerDirectoryCleanup/measure.rb
[19:29:02.951573 INFO] Zip: Extracting measures/ServerDirectoryCleanup/measure.xml
[19:29:02.952092 INFO] Zip: Extracting measures/ServerDirectoryCleanup/tests/
[19:29:02.952323 INFO] Zip: Extracting measures/ServerDirectoryCleanup/tests/ServerDirectoryCleanup_test.rb
[19:29:02.952853 INFO] Zip: Extracting measures/ServerDirectoryCleanup/tests/USA_CO_Golden-NREL.724666_TMY3.epw
[19:29:02.964309 INFO] Zip: Extracting measures/ServerDirectoryCleanup/tests/example_model.osm
[19:29:02.965808 INFO] Zip: Extracting measures/WindowPV_reporting/
[19:29:02.965982 INFO] Zip: Extracting measures/WindowPV_reporting/measure.rb
[19:29:02.966500 INFO] Zip: Extracting measures/WindowPV_reporting/measure.xml
[19:29:02.966910 INFO] Zip: Extracting measures/WindowPV_reporting/resources/
[19:29:02.967065 INFO] Zip: Extracting measures/WindowPV_reporting/resources/os_lib_helper_methods.rb
[19:29:02.967521 INFO] Zip: Extracting measures/WindowPV_reporting/resources/report.html.in
[19:29:02.967886 INFO] Zip: Extracting measures/WindowPV_reporting/tests/
[19:29:02.968040 INFO] Zip: Extracting measures/WindowPV_reporting/tests/USA_CO_Golden-NREL.724666_TMY3.epw
[19:29:02.982971 INFO] Zip: Extracting measures/WindowPV_reporting/tests/example_model.osm
[19:29:02.984839 INFO] Zip: Extracting measures/WindowPV_reporting/tests/ubi_qd_reporting_test.rb
[19:29:02.985367 INFO] Zip: Extracting measures/a_inject_window_specific_idf_objects/
[19:29:02.985524 INFO] Zip: Extracting measures/a_inject_window_specific_idf_objects/LICENSE.md
[19:29:02.985968 INFO] Zip: Extracting measures/a_inject_window_specific_idf_objects/measure.rb
[19:29:02.986545 INFO] Zip: Extracting measures/a_inject_window_specific_idf_objects/measure.xml
[19:29:02.987024 INFO] Zip: Extracting measures/a_inject_window_specific_idf_objects/tests/
[19:29:02.987171 INFO] Zip: Extracting measures/a_inject_window_specific_idf_objects/tests/EnvelopeAndLoadTestModel_01.osm
[19:29:02.994341 INFO] Zip: Extracting measures/a_inject_window_specific_idf_objects/tests/Example B - BlockEnergyCharge.idf
[19:29:02.994927 INFO] Zip: Extracting measures/a_inject_window_specific_idf_objects/tests/measure_Test.rb
[19:29:02.995381 INFO] Zip: Extracting measures/a_inject_window_specific_idf_objects/tests/test.osw
[19:29:02.996278 INFO] Zip: Extracting measures/add_thermochromic_bipv/
[19:29:02.996461 INFO] Zip: Extracting measures/add_thermochromic_bipv/measure.rb
[19:29:02.997014 INFO] Zip: Extracting measures/add_thermochromic_bipv/measure.xml
[19:29:02.997483 INFO] Zip: Extracting measures/add_thermochromic_bipv/resources/
[19:29:02.997640 INFO] Zip: Extracting measures/add_thermochromic_bipv/resources/HVACSizing.Model.rb
[19:29:02.998220 INFO] Zip: Extracting measures/add_thermochromic_bipv/resources/Standards.Construction.rb
[19:29:02.998661 INFO] Zip: Extracting measures/add_thermochromic_bipv/resources/os_lib_helper_methods.rb
[19:29:02.999180 INFO] Zip: Extracting measures/add_thermochromic_bipv/resources/os_lib_schedules.rb
[19:29:02.999869 INFO] Zip: Extracting measures/create_bar_from_building_type_ratios/
[19:29:03.000034 INFO] Zip: Extracting measures/create_bar_from_building_type_ratios/LICENSE.md
[19:29:03.000659 INFO] Zip: Extracting measures/create_bar_from_building_type_ratios/README.md
[19:29:03.001309 INFO] Zip: Extracting measures/create_bar_from_building_type_ratios/README.md.erb
[19:29:03.001858 INFO] Zip: Extracting measures/create_bar_from_building_type_ratios/measure.rb
[19:29:03.002793 INFO] Zip: Extracting measures/create_bar_from_building_type_ratios/measure.xml
[19:29:03.003404 INFO] Zip: Extracting measures/create_bar_from_building_type_ratios/resources/
[19:29:03.003572 INFO] Zip: Extracting measures/create_bar_from_building_type_ratios/resources/os_lib_geometry.rb
[19:29:03.004346 INFO] Zip: Extracting measures/create_bar_from_building_type_ratios/resources/os_lib_helper_methods.rb
[19:29:03.004960 INFO] Zip: Extracting measures/create_bar_from_building_type_ratios/resources/os_lib_model_generation.rb
[19:29:03.005697 INFO] Zip: Extracting measures/create_bar_from_building_type_ratios/resources/os_lib_model_simplification.rb
[19:29:03.006534 INFO] Zip: Extracting measures/create_bar_from_building_type_ratios/tests/
[19:29:03.006689 INFO] Zip: Extracting measures/create_bar_from_building_type_ratios/tests/create_bar_from_building_type_ratios_test.rb
[19:29:03.007205 INFO] Zip: Extracting measures/create_bar_from_building_type_ratios/tests/example_model.osm
[19:29:03.010782 INFO] Zip: Extracting measures/create_typical_building_from_model/
[19:29:03.010991 INFO] Zip: Extracting measures/create_typical_building_from_model/LICENSE.md
[19:29:03.011456 INFO] Zip: Extracting measures/create_typical_building_from_model/README.md
[19:29:03.011923 INFO] Zip: Extracting measures/create_typical_building_from_model/README.md.erb
[19:29:03.012373 INFO] Zip: Extracting measures/create_typical_building_from_model/measure.rb
[19:29:03.013112 INFO] Zip: Extracting measures/create_typical_building_from_model/measure.xml
[19:29:03.013730 INFO] Zip: Extracting measures/create_typical_building_from_model/resources/
[19:29:03.013885 INFO] Zip: Extracting measures/create_typical_building_from_model/resources/Model.hvac.rb
[19:29:03.014402 INFO] Zip: Extracting measures/create_typical_building_from_model/resources/os_lib_helper_methods.rb
[19:29:03.014948 INFO] Zip: Extracting measures/create_typical_building_from_model/resources/os_lib_model_generation.rb
[19:29:03.015704 INFO] Zip: Extracting measures/create_typical_building_from_model/tests/
[19:29:03.015855 INFO] Zip: Extracting measures/create_typical_building_from_model/tests/GenericGbxml.osm
[19:29:03.019845 INFO] Zip: Extracting measures/create_typical_building_from_model/tests/LargeOffice04.osm
[19:29:03.030276 INFO] Zip: Extracting measures/create_typical_building_from_model/tests/MidriseApartment.osm
[19:29:03.198363 INFO] Zip: Extracting measures/create_typical_building_from_model/tests/SmallOffice.osm
[19:29:03.201282 INFO] Zip: Extracting measures/create_typical_building_from_model/tests/USA_TX_Houston-Bush.Intercontinental.AP.722430_TMY3.epw
[19:29:03.216260 INFO] Zip: Extracting measures/create_typical_building_from_model/tests/create_typical_building_from_model_test.rb
[19:29:03.216970 INFO] Zip: Extracting measures/create_typical_building_from_model/tests/test.osw
[19:29:03.217853 INFO] Zip: Extracting measures/create_typical_building_from_model/tests/test_hvac.rb
[19:29:03.218418 INFO] Zip: Extracting measures/export_variableto_csv_variables_for_bipvpce/
[19:29:03.218665 INFO] Zip: Extracting measures/export_variableto_csv_variables_for_bipvpce/measure.rb
[19:29:03.219289 INFO] Zip: Extracting measures/export_variableto_csv_variables_for_bipvpce/measure.xml
[19:29:03.219788 INFO] Zip: Extracting measures/export_variableto_csv_variables_for_bipvpce/resources/
[19:29:03.220009 INFO] Zip: Extracting measures/export_variableto_csv_variables_for_bipvpce/resources/report.html.in
[19:29:03.220492 INFO] Zip: Extracting measures/export_variableto_csv_variables_for_bipvpce/tests/
[19:29:03.220695 INFO] Zip: Extracting measures/export_variableto_csv_variables_for_bipvpce/tests/ExportVariabletoCSV_test.rb
[19:29:03.221157 INFO] Zip: Extracting measures/export_variableto_csv_variables_for_bipvpce/tests/example_model.osm
[19:29:03.222995 INFO] Zip: Extracting measures/inject_idf_window_objects/
[19:29:03.223236 INFO] Zip: Extracting measures/inject_idf_window_objects/LICENSE.md
[19:29:03.223723 INFO] Zip: Extracting measures/inject_idf_window_objects/measure.rb
[19:29:03.224332 INFO] Zip: Extracting measures/inject_idf_window_objects/measure.xml
[19:29:03.224872 INFO] Zip: Extracting measures/inject_idf_window_objects/tests/
[19:29:03.225089 INFO] Zip: Extracting measures/inject_idf_window_objects/tests/EnvelopeAndLoadTestModel_01.osm
[19:29:03.376010 INFO] Zip: Extracting measures/inject_idf_window_objects/tests/Example B - BlockEnergyCharge.idf
[19:29:03.376717 INFO] Zip: Extracting measures/inject_idf_window_objects/tests/measure_Test.rb
[19:29:03.377211 INFO] Zip: Extracting measures/inject_idf_window_objects/tests/test.osw
[19:29:03.378119 INFO] Zip: Extracting seeds/switchglaze/
[19:29:03.378378 INFO] Zip: Extracting seeds/switchglaze.osm
[19:29:03.384116 INFO] Zip: Extracting seeds/switchglaze/files/
[19:29:03.384442 INFO] Zip: Extracting seeds/switchglaze/measures/
[19:29:03.384655 INFO] Zip: Extracting seeds/switchglaze/run/
[19:29:03.384865 INFO] Zip: Extracting seeds/switchglaze/workflow.osw
[19:29:03.385382 INFO] Zip: Extracting weather/DEU_Hamburg.101470_IWEC.ddy
[19:29:03.385964 INFO] Zip: Extracting weather/DEU_Hamburg.101470_IWEC.epw
[19:29:03.400307 INFO] Zip: Extracting weather/DEU_Hamburg.101470_IWEC.stat
[19:29:03.401310 INFO] Zip: Extracting weather/JPN_Tokyo.Hyakuri.477150_IWEC.ddy
[19:29:03.401906 INFO] Zip: Extracting weather/JPN_Tokyo.Hyakuri.477150_IWEC.epw
[19:29:03.416209 INFO] Zip: Extracting weather/JPN_Tokyo.Hyakuri.477150_IWEC.stat
[19:29:03.417217 INFO] Zip: Extracting weather/SAU_Riyadh.404380_IWEC.ddy
[19:29:03.417817 INFO] Zip: Extracting weather/SAU_Riyadh.404380_IWEC.epw
[19:29:03.440128 INFO] Zip: Extracting weather/SAU_Riyadh.404380_IWEC.stat
[19:29:03.441226 INFO] Zip: Extracting weather/SGP_Singapore.486980_IWEC.ddy
[19:29:03.441842 INFO] Zip: Extracting weather/SGP_Singapore.486980_IWEC.epw
[19:29:03.455381 INFO] Zip: Extracting weather/SGP_Singapore.486980_IWEC.stat
[19:29:03.456421 INFO] Zip: Extracting weather/USA_AK_Fairbanks.Intl.AP.702610_TMY3.ddy
[19:29:03.457108 INFO] Zip: Extracting weather/USA_AK_Fairbanks.Intl.AP.702610_TMY3.epw
[19:29:03.470459 INFO] Zip: Extracting weather/USA_AK_Fairbanks.Intl.AP.702610_TMY3.stat
[19:29:03.471439 INFO] Zip: Extracting weather/USA_AZ_Tucson.Intl.AP.722740_TMY3.ddy
[19:29:03.472050 INFO] Zip: Extracting weather/USA_AZ_Tucson.Intl.AP.722740_TMY3.epw
[19:29:03.486039 INFO] Zip: Extracting weather/USA_AZ_Tucson.Intl.AP.722740_TMY3.stat
[19:29:03.487114 INFO] Zip: Extracting weather/USA_CA_San.Diego-Lindbergh.Field.722900_TMY3.ddy
[19:29:03.487733 INFO] Zip: Extracting weather/USA_CA_San.Diego-Lindbergh.Field.722900_TMY3.epw
[19:29:03.537393 INFO] Zip: Extracting weather/USA_CA_San.Diego-Lindbergh.Field.722900_TMY3.stat
[19:29:03.539422 INFO] Zip: Extracting weather/USA_CO_Denver.Intl.AP.725650_TMY3.ddy
[19:29:03.540419 INFO] Zip: Extracting weather/USA_CO_Denver.Intl.AP.725650_TMY3.epw
[19:29:03.559405 INFO] Zip: Extracting weather/USA_CO_Denver.Intl.AP.725650_TMY3.stat
[19:29:03.560761 INFO] Zip: Extracting weather/USA_FL_Tampa.Intl.AP.722110_TMY3.ddy
[19:29:03.561662 INFO] Zip: Extracting weather/USA_FL_Tampa.Intl.AP.722110_TMY3.epw
[19:29:03.580603 INFO] Zip: Extracting weather/USA_FL_Tampa.Intl.AP.722110_TMY3.stat
[19:29:03.581877 INFO] Zip: Extracting weather/USA_GA_Atlanta-Hartsfield-Jackson.Intl.AP.722190_TMY3.ddy
[19:29:03.582809 INFO] Zip: Extracting weather/USA_GA_Atlanta-Hartsfield-Jackson.Intl.AP.722190_TMY3.epw
[19:29:03.762771 INFO] Zip: Extracting weather/USA_GA_Atlanta-Hartsfield-Jackson.Intl.AP.722190_TMY3.stat
[19:29:03.763934 INFO] Zip: Extracting weather/USA_HI_Honolulu.Intl.AP.911820_TMY3.ddy
[19:29:03.764719 INFO] Zip: Extracting weather/USA_HI_Honolulu.Intl.AP.911820_TMY3.epw
[19:29:03.781692 INFO] Zip: Extracting weather/USA_HI_Honolulu.Intl.AP.911820_TMY3.stat
[19:29:03.782825 INFO] Zip: Extracting weather/USA_MN_International.Falls.Intl.AP.727470_TMY3.ddy
[19:29:03.783555 INFO] Zip: Extracting weather/USA_MN_International.Falls.Intl.AP.727470_TMY3.epw
[19:29:03.801762 INFO] Zip: Extracting weather/USA_MN_International.Falls.Intl.AP.727470_TMY3.stat
[19:29:03.802798 INFO] Zip: Extracting weather/USA_MN_Rochester.Intl.AP.726440_TMY3.ddy
[19:29:03.803580 INFO] Zip: Extracting weather/USA_MN_Rochester.Intl.AP.726440_TMY3.epw
[19:29:03.955400 INFO] Zip: Extracting weather/USA_MN_Rochester.Intl.AP.726440_TMY3.stat
[19:29:03.956447 INFO] Zip: Extracting weather/USA_MT_Great.Falls.Intl.AP.727750_TMY3.ddy
[19:29:03.957052 INFO] Zip: Extracting weather/USA_MT_Great.Falls.Intl.AP.727750_TMY3.epw
[19:29:03.971067 INFO] Zip: Extracting weather/USA_MT_Great.Falls.Intl.AP.727750_TMY3.stat
[19:29:03.972029 INFO] Zip: Extracting weather/USA_NM_Albuquerque.Intl.AP.723650_TMY3.ddy
[19:29:03.972660 INFO] Zip: Extracting weather/USA_NM_Albuquerque.Intl.AP.723650_TMY3.epw
[19:29:03.994229 INFO] Zip: Extracting weather/USA_NM_Albuquerque.Intl.AP.723650_TMY3.stat
[19:29:03.995193 INFO] Zip: Extracting weather/USA_NY_Buffalo-Greater.Buffalo.Intl.AP.725280_TMY3.ddy
[19:29:03.995851 INFO] Zip: Extracting weather/USA_NY_Buffalo-Greater.Buffalo.Intl.AP.725280_TMY3.epw
[19:29:04.010370 INFO] Zip: Extracting weather/USA_NY_Buffalo-Greater.Buffalo.Intl.AP.725280_TMY3.stat
[19:29:04.011337 INFO] Zip: Extracting weather/USA_NY_New.York-J.F.Kennedy.Intl.AP.744860_TMY3.ddy
[19:29:04.011936 INFO] Zip: Extracting weather/USA_NY_New.York-J.F.Kennedy.Intl.AP.744860_TMY3.epw
[19:29:04.025670 INFO] Zip: Extracting weather/USA_NY_New.York-J.F.Kennedy.Intl.AP.744860_TMY3.stat
[19:29:04.026663 INFO] Zip: Extracting weather/USA_TX_El.Paso.Intl.AP.722700_TMY3.ddy
[19:29:04.027292 INFO] Zip: Extracting weather/USA_TX_El.Paso.Intl.AP.722700_TMY3.epw
[19:29:04.044098 INFO] Zip: Extracting weather/USA_TX_El.Paso.Intl.AP.722700_TMY3.stat
[19:29:04.045315 INFO] Zip: Extracting weather/USA_WA_Port.Angeles-William.R.Fairchild.Intl.AP.727885_TMY3.ddy
[19:29:04.046096 INFO] Zip: Extracting weather/USA_WA_Port.Angeles-William.R.Fairchild.Intl.AP.727885_TMY3.epw
[19:29:04.064166 INFO] Zip: Extracting weather/USA_WA_Port.Angeles-William.R.Fairchild.Intl.AP.727885_TMY3.stat
[19:29:04.065299 INFO] Zip: Extracting weather/USA_WA_Seattle-Tacoma.Intl.AP.727930_TMY3.ddy
[19:29:04.066195 INFO] Zip: Extracting weather/USA_WA_Seattle-Tacoma.Intl.AP.727930_TMY3.epw
[19:29:04.089424 INFO] Zip: Extracting weather/USA_WA_Seattle-Tacoma.Intl.AP.727930_TMY3.stat
[19:29:04.094081 INFO] Downloading analysis.json from http://web:80/analyses/72a216d4-3a64-4cd6-8e04-b9bc3af7ff20.json
[19:29:04.180478 INFO] Checking for presence of args file at /mnt/openstudio/analysis_72a216d4-3a64-4cd6-8e04-b9bc3af7ff20/scripts/data_point/initialize.args
[19:29:04.180575 INFO] Checking for presence of script file at /mnt/openstudio/analysis_72a216d4-3a64-4cd6-8e04-b9bc3af7ff20/scripts/data_point/initialize.sh
[19:29:04.180643 INFO] Finished worker initialization
[19:29:04.180708 INFO] RestClient delete
[19:29:04.180760 INFO] delete post_count = 1
[19:29:04.197300 INFO] Downloading datapoint from http://web:80/data_points/875b4104-fc2d-4ea7-aee1-a3cf19739b34.json
[19:29:04.197378 INFO] get url post_count = 1
[19:29:04.222112 INFO] Creating Workflow Manager instance
[19:29:04.222192 INFO] Directory is /mnt/openstudio/analysis_72a216d4-3a64-4cd6-8e04-b9bc3af7ff20/data_point_875b4104-fc2d-4ea7-aee1-a3cf19739b34
[19:29:04.222254 INFO] Opening run.log file '/mnt/openstudio/analysis_72a216d4-3a64-4cd6-8e04-b9bc3af7ff20/data_point_875b4104-fc2d-4ea7-aee1-a3cf19739b34/run/run.log'
[19:29:04.222411 WARN] Error finding Oscli: OPENSTUDIO_EXE_PATH not set
[19:29:04.241364 WARN] Defaulting to fun Oscli via /usr/local/bin/openstudio
[19:29:04.241608 INFO] Returning Oscli cmd: /usr/local/bin/openstudio --bundle /var/oscli/Gemfile --bundle_path /var/oscli/gems 
[19:29:04.242022 INFO] Running workflow using cmd /usr/local/bin/openstudio --bundle /var/oscli/Gemfile --bundle_path /var/oscli/gems   run --workflow '/mnt/openstudio/analysis_72a216d4-3a64-4cd6-8e04-b9bc3af7ff20/data_point_875b4104-fc2d-4ea7-aee1-a3cf19739b34/data_point.osw'  and writing log to /mnt/openstudio/analysis_72a216d4-3a64-4cd6-8e04-b9bc3af7ff20/data_point_875b4104-fc2d-4ea7-aee1-a3cf19739b34/oscli_simulation.log
[19:29:26.197281 INFO] Oscli output: /var/oscli/gems/ruby/2.5.0/gems/openstudio-standards-0.2.11/lib/openstudio-standards/btap/btap.rb:56: warning: constant ::Fixnum is deprecated
[openstudio.standards.Model] <1> Model has been assigned a weather file, but the file is not in the specified location of 'file:////mnt/openstudio/analysis_72a216d4-3a64-4cd6-8e04-b9bc3af7ff20/weather/SAU_Riyadh.404380_IWEC.epw'.
[19:29:21.655014 WARN] Could not add loads for Plenum. Not expected for 90.1-2013
[19:29:25.660151 WARN] [openstudio.standards.Construction] Requested U-value of 0.58 for Typical Insulated Exterior Mass Wall is too low given the other materials in the construction; insulation layer will not be modified.
[19:29:25.660826 WARN] [openstudio.standards.Construction] Can only set the u-value of opaque constructions or simple glazing. U 0.60 SHGC 0.25 Dbl 2.5mm air is not opaque or simple glazing.
[19:29:25.661225 WARN] [openstudio.standards.Construction] Can only set the u-value of opaque constructions or simple glazing. U 0.65 SHGC 0.25 Dbl Ref-C-H Clr 6mm/6mm Air is not opaque or simple glazing.
[19:29:25.661364 WARN] [openstudio.standards.Construction] Requested U-value of 1.1686635536297982 for Typical Overhead Door is greater than the sum of the inside and outside resistance, and the max U-value (6.636 SI) is used instead.
[19:29:25.661656 WARN] [openstudio.standards.Construction] Can only set the u-value of opaque constructions or simple glazing. Window_U_0.75_SHGC_0.35_Skylight_Frame_Width_2.339_in is not opaque or simple glazing.
[19:29:25.662545 WARN] [openstudio.weather.Model] Could not find ground temperatures; will use generic temperatures, which will skew results.
[19:29:25.678015 ERROR] [openstudio.standards.Model] Model has been assigned a weather file, but the file is not in the specified location of 'file:////mnt/openstudio/analysis_72a216d4-3a64-4cd6-8e04-b9bc3af7ff20/weather/SAU_Riyadh.404380_IWEC.epw'.
[19:29:25.895856 ERROR] /var/oscli/gems/ruby/2.5.0/gems/openstudio-workflow-2.0.0/lib/openstudio/workflow/util/measure.rb failed with message Runner error /var/oscli/gems/ruby/2.5.0/gems/openstudio-workflow-2.0.0/lib/openstudio/workflow/util/measure.rb failed with Measure create_typical_building_from_model reported an error with ["[openstudio.standards.Model] Model has been assigned a weather file, but the file is not in the specified location of 'file:////mnt/openstudio/analysis_72a216d4-3a64-4cd6-8e04-b9bc3af7ff20/weather/SAU_Riyadh.404380_IWEC.epw'."], /var/oscli/gems/ruby/2.5.0/gems/openstudio-workflow-2.0.0/lib/openstudio/workflow/util/measure.rb:560:in `apply_measure'
/var/oscli/gems/ruby/2.5.0/gems/openstudio-workflow-2.0.0/lib/openstudio/workflow/util/measure.rb:109:in `block in apply_measures'
/var/oscli/gems/ruby/2.5.0/gems/openstudio-workflow-2.0.0/lib/openstudio/workflow/util/measure.rb:67:in `each_index'
/var/oscli/gems/ruby/2.5.0/gems/openstudio-workflow-2.0.0/lib/openstudio/workflow/util/measure.rb:67:in `apply_measures'
/var/oscli/gems/ruby/2.5.0/gems/openstudio-workflow-2.0.0/lib/openstudio/workflow/jobs/run_os_measures.rb:70:in `perform'
/var/oscli/gems/ruby/2.5.0/gems/openstudio-workflow-2.0.0/lib/openstudio/workflow/run.rb:292:in `step'
/var/oscli/gems/ruby/2.5.0/gems/openstudio-workflow-2.0.0/lib/openstudio/workflow/run.rb:234:in `run'
:/openstudio_cli.rb:960:in `execute'
:/openstudio_cli.rb:750:in `execute'
:/openstudio_cli.rb:1744:in `<main>'
eval:174:in `eval'
eval:174:in `require_embedded_absolute'
eval:160:in `block in require_embedded'
eval:154:in `each'
eval:154:in `require_embedded'
eval:113:in `require'
eval:3:in `<main>' in /var/oscli/gems/ruby/2.5.0/gems/openstudio-workflow-2.0.0/lib/openstudio/workflow/util/measure.rb:598:in `rescue in apply_measure'
/var/oscli/gems/ruby/2.5.0/gems/openstudio-workflow-2.0.0/lib/openstudio/workflow/util/measure.rb:548:in `apply_measure'
/var/oscli/gems/ruby/2.5.0/gems/openstudio-workflow-2.0.0/lib/openstudio/workflow/util/measure.rb:109:in `block in apply_measures'
/var/oscli/gems/ruby/2.5.0/gems/openstudio-workflow-2.0.0/lib/openstudio/workflow/util/measure.rb:67:in `each_index'
/var/oscli/gems/ruby/2.5.0/gems/openstudio-workflow-2.0.0/lib/openstudio/workflow/util/measure.rb:67:in `apply_measures'
/var/oscli/gems/ruby/2.5.0/gems/openstudio-workflow-2.0.0/lib/openstudio/workflow/jobs/run_os_measures.rb:70:in `perform'
/var/oscli/gems/ruby/2.5.0/gems/openstudio-workflow-2.0.0/lib/openstudio/workflow/run.rb:292:in `step'
/var/oscli/gems/ruby/2.5.0/gems/openstudio-workflow-2.0.0/lib/openstudio/workflow/run.rb:234:in `run'
:/openstudio_cli.rb:960:in `execute'
:/openstudio_cli.rb:750:in `execute'
:/openstudio_cli.rb:1744:in `<main>'
eval:174:in `eval'
eval:174:in `require_embedded_absolute'
eval:160:in `block in require_embedded'
eval:154:in `each'
eval:154:in `require_embedded'
eval:113:in `require'
eval:3:in `<main>'
[19:29:25.898624 ERROR] Found error in state 'os_measures' with message ["/var/oscli/gems/ruby/2.5.0/gems/openstudio-workflow-2.0.0/lib/openstudio/workflow/util/measure.rb failed with message Runner error /var/oscli/gems/ruby/2.5.0/gems/openstudio-workflow-2.0.0/lib/openstudio/workflow/util/measure.rb failed with Measure create_typical_building_from_model reported an error with [\"[openstudio.standards.Model] Model has been assigned a weather file, but the file is not in the specified location of 'file:////mnt/openstudio/analysis_72a216d4-3a64-4cd6-8e04-b9bc3af7ff20/weather/SAU_Riyadh.404380_IWEC.epw'.\"], /var/oscli/gems/ruby/2.5.0/gems/openstudio-workflow-2.0.0/lib/openstudio/workflow/util/measure.rb:560:in `apply_measure'\n/var/oscli/gems/ruby/2.5.0/gems/openstudio-workflow-2.0.0/lib/openstudio/workflow/util/measure.rb:109:in `block in apply_measures'\n/var/oscli/gems/ruby/2.5.0/gems/openstudio-workflow-2.0.0/lib/openstudio/workflow/util/measure.rb:67:in `each_index'\n/var/oscli/gems/ruby/2.5.0/gems/openstudio-workflow-2.0.0/lib/openstudio/workflow/util/measure.rb:67:in `apply_measures'\n/var/oscli/gems/ruby/2.5.0/gems/openstudio-workflow-2.0.0/lib/openstudio/workflow/jobs/run_os_measures.rb:70:in `perform'\n/var/oscli/gems/ruby/2.5.0/gems/openstudio-workflow-2.0.0/lib/openstudio/workflow/run.rb:292:in `step'\n/var/oscli/gems/ruby/2.5.0/gems/openstudio-workflow-2.0.0/lib/openstudio/workflow/run.rb:234:in `run'\n:/openstudio_cli.rb:960:in `execute'\n:/openstudio_cli.rb:750:in `execute'\n:/openstudio_cli.rb:1744:in `<main>'\neval:174:in `eval'\neval:174:in `require_embedded_absolute'\neval:160:in `block in require_embedded'\neval:154:in `each'\neval:154:in `require_embedded'\neval:113:in `require'\neval:3:in `<main>' in /var/oscli/gems/ruby/2.5.0/gems/openstudio-workflow-2.0.0/lib/openstudio/workflow/util/measure.rb:598:in `rescue in apply_measure'\n/var/oscli/gems/ruby/2.5.0/gems/openstudio-workflow-2.0.0/lib/openstudio/workflow/util/measure.rb:548:in `apply_measure'\n/var/oscli/gems/ruby/2.5.0/gems/openstudio-workflow-2.0.0/lib/openstudio/workflow/util/measure.rb:109:in `block in apply_measures'\n/var/oscli/gems/ruby/2.5.0/gems/openstudio-workflow-2.0.0/lib/openstudio/workflow/util/measure.rb:67:in `each_index'\n/var/oscli/gems/ruby/2.5.0/gems/openstudio-workflow-2.0.0/lib/openstudio/workflow/util/measure.rb:67:in `apply_measures'\n/var/oscli/gems/ruby/2.5.0/gems/openstudio-workflow-2.0.0/lib/openstudio/workflow/jobs/run_os_measures.rb:70:in `perform'\n/var/oscli/gems/ruby/2.5.0/gems/openstudio-workflow-2.0.0/lib/openstudio/workflow/run.rb:292:in `step'\n/var/oscli/gems/ruby/2.5.0/gems/openstudio-workflow-2.0.0/lib/openstudio/workflow/run.rb:234:in `run'\n:/openstudio_cli.rb:960:in `execute'\n:/openstudio_cli.rb:750:in `execute'\n:/openstudio_cli.rb:1744:in `<main>'\neval:174:in `eval'\neval:174:in `require_embedded_absolute'\neval:160:in `block in require_embedded'\neval:154:in `each'\neval:154:in `require_embedded'\neval:113:in `require'\neval:3:in `<main>':/var/oscli/gems/ruby/2.5.0/gems/openstudio-workflow-2.0.0/lib/openstudio/workflow/util/measure.rb:647:in `rescue in apply_measure'\n/var/oscli/gems/ruby/2.5.0/gems/openstudio-workflow-2.0.0/lib/openstudio/workflow/util/measure.rb:305:in `apply_measure'\n/var/oscli/gems/ruby/2.5.0/gems/openstudio-workflow-2.0.0/lib/openstudio/workflow/util/measure.rb:109:in `block in apply_measures'\n/var/oscli/gems/ruby/2.5.0/gems/openstudio-workflow-2.0.0/lib/openstudio/workflow/util/measure.rb:67:in `each_index'\n/var/oscli/gems/ruby/2.5.0/gems/openstudio-workflow-2.0.0/lib/openstudio/workflow/util/measure.rb:67:in `apply_measures'\n/var/oscli/gems/ruby/2.5.0/gems/openstudio-workflow-2.0.0/lib/openstudio/workflow/jobs/run_os_measures.rb:70:in `perform'\n/var/oscli/gems/ruby/2.5.0/gems/openstudio-workflow-2.0.0/lib/openstudio/workflow/run.rb:292:in `step'\n/var/oscli/gems/ruby/2.5.0/gems/openstudio-workflow-2.0.0/lib/openstudio/workflow/run.rb:234:in `run'\n:/openstudio_cli.rb:960:in `execute'\n:/openstudio_cli.rb:750:in `execute'\n:/openstudio_cli.rb:1744:in `<main>'\neval:174:in `eval'\neval:174:in `require_embedded_absolute'\neval:160:in `block in require_embedded'\neval:154:in `each'\neval:154:in `require_embedded'\neval:113:in `require'\neval:3:in `<main>'"]}

[19:29:26.198541 ERROR] Could not find results /mnt/openstudio/analysis_72a216d4-3a64-4cd6-8e04-b9bc3af7ff20/data_point_875b4104-fc2d-4ea7-aee1-a3cf19739b34/run/measure_attributes.json
[19:29:26.198600 INFO] Saving files/reports back to the server
[19:29:26.198922 INFO] Saving report /mnt/openstudio/analysis_72a216d4-3a64-4cd6-8e04-b9bc3af7ff20/data_point_875b4104-fc2d-4ea7-aee1-a3cf19739b34/out.osw to http://web:80/data_points/875b4104-fc2d-4ea7-aee1-a3cf19739b34/upload_file
[19:29:26.229151 INFO] Saving report responded with {"id":"5efb9296ce5ea001492bc077","data_point_id":"875b4104-fc2d-4ea7-aee1-a3cf19739b34","display_name":"Final OSW File","type":"Report","created_at":"2020-06-30T19:29:26.212Z","updated_at":"2020-06-30T19:29:26.212Z"}
[19:29:26.229500 INFO] Saving report /mnt/openstudio/analysis_72a216d4-3a64-4cd6-8e04-b9bc3af7ff20/data_point_875b4104-fc2d-4ea7-aee1-a3cf19739b34/run/data_point.zip to http://web:80/data_points/875b4104-fc2d-4ea7-aee1-a3cf19739b34/upload_file
[19:29:26.282300 INFO] Saving report responded with {"id":"5efb9296ce5ea001852bb517","data_point_id":"875b4104-fc2d-4ea7-aee1-a3cf19739b34","display_name":"Zip File","type":"Data Point","created_at":"2020-06-30T19:29:26.265Z","updated_at":"2020-06-30T19:29:26.265Z"}
[19:29:26.282553 INFO] Checking for presence of args file at /mnt/openstudio/analysis_72a216d4-3a64-4cd6-8e04-b9bc3af7ff20/scripts/data_point/finalize.args
[19:29:26.282614 INFO] Checking for presence of script file at /mnt/openstudio/analysis_72a216d4-3a64-4cd6-8e04-b9bc3af7ff20/scripts/data_point/finalize.sh
[19:29:26.287431 INFO] Finished /opt/openstudio/server/app/jobs/dj_jobs/run_simulate_data_point.rb
