# Logfile created on 2020-06-30 19:29:00 +0000 by logger.rb/61378
[19:29:00.473738 INFO] Server host is http://web:80
[19:29:00.473981 INFO] Analysis directory is /mnt/openstudio/analysis_72a216d4-3a64-4cd6-8e04-b9bc3af7ff20
[19:29:00.474046 INFO] Simulation directory is /mnt/openstudio/analysis_72a216d4-3a64-4cd6-8e04-b9bc3af7ff20/data_point_2f3aee8f-dcff-41ca-9b4f-31809281c35f
[19:29:00.474079 INFO] Run datapoint type/file is 
[19:29:00.474115 INFO] Starting initialize_worker for datapoint 2f3aee8f-dcff-41ca-9b4f-31809281c35f
[19:29:00.474422 INFO] Downloading analysis zip from http://web:80/analyses/72a216d4-3a64-4cd6-8e04-b9bc3af7ff20/download_analysis_zip
[19:29:01.698341 INFO] Extracting analysis zip to /mnt/openstudio/analysis_72a216d4-3a64-4cd6-8e04-b9bc3af7ff20
[19:29:01.710260 INFO] Zip: Extracting lib/resources/ASHRAE_zone12_Spec.idf
[19:29:01.711392 INFO] Zip: Extracting lib/resources/ASHRAE_zone3_Spec.idf
[19:29:01.711855 INFO] Zip: Extracting lib/resources/ASHRAE_zone456_Spec.idf
[19:29:01.712401 INFO] Zip: Extracting lib/resources/ASHRAE_zone78_Spec.idf
[19:29:01.712918 INFO] Zip: Extracting lib/resources/GlzSys19_13F-air-9_Spec.idf
[19:29:01.714492 INFO] Zip: Extracting lib/resources/GlzSys20_14F-air-3000_Spec.idf
[19:29:01.715567 INFO] Zip: Extracting lib/resources/GlzSys21_13F-air-3000_Spec.idf
[19:29:01.716650 INFO] Zip: Extracting lib/resources/GlzSys_10-air-9_Spec.idf
[19:29:01.717768 INFO] Zip: Extracting lib/resources/GlzSys_10F-air-3000_Spec.idf
[19:29:01.718837 INFO] Zip: Extracting lib/resources/GlzSys_11F-air-3000_Spec.idf
[19:29:01.720030 INFO] Zip: Extracting lib/resources/GlzSys_16095-air-3000_Spec.idf
[19:29:01.721107 INFO] Zip: Extracting lib/resources/GlzSys_16095-air-9_Spec.idf
[19:29:01.722258 INFO] Zip: Extracting lib/resources/GlzSys_6374-air-3000_Spec.idf
[19:29:01.723326 INFO] Zip: Extracting lib/resources/GlzSys_Dark_PV_Spec.idf
[19:29:01.723947 INFO] Zip: Extracting lib/resources/GlzSys_Light_PV_Spec.idf
[19:29:01.724584 INFO] Zip: Extracting lib/resources/GlzSys_Thermochromic_30C.idf
[19:29:01.725377 INFO] Zip: Extracting lib/resources/GlzSys_Thermochromic_35C.idf
[19:29:01.726184 INFO] Zip: Extracting lib/resources/GlzSys_Thermochromic_40C.idf
[19:29:01.727051 INFO] Zip: Extracting lib/resources/SG_zone12_Spec.idf
[19:29:01.728101 INFO] Zip: Extracting lib/resources/SG_zone3_Spec.idf
[19:29:01.729239 INFO] Zip: Extracting lib/resources/SG_zone456_Spec.idf
[19:29:01.730720 INFO] Zip: Extracting lib/resources/SG_zone78_Spec.idf
[19:29:01.732178 INFO] Zip: Extracting lib/resources/Window_PV_No_frame_Spec_Spec.idf
[19:29:01.733359 INFO] Zip: Extracting lib/resources/Window_PV_frame_Spec.idf
[19:29:01.734226 INFO] Zip: Extracting measures/AddMeter/
[19:29:01.734414 INFO] Zip: Extracting measures/AddMeter/LICENSE.md
[19:29:01.734871 INFO] Zip: Extracting measures/AddMeter/New folder/
[19:29:01.735019 INFO] Zip: Extracting measures/AddMeter/README.md
[19:29:01.735444 INFO] Zip: Extracting measures/AddMeter/README.md.erb
[19:29:01.735896 INFO] Zip: Extracting measures/AddMeter/measure.rb
[19:29:01.736420 INFO] Zip: Extracting measures/AddMeter/measure.xml
[19:29:01.736887 INFO] Zip: Extracting measures/AddMeter/tests/
[19:29:01.737045 INFO] Zip: Extracting measures/AddMeter/tests/AddMeter_Test.rb
[19:29:01.737505 INFO] Zip: Extracting measures/AddOutputVariable/
[19:29:01.737645 INFO] Zip: Extracting measures/AddOutputVariable/LICENSE.md
[19:29:01.738102 INFO] Zip: Extracting measures/AddOutputVariable/README.md
[19:29:01.738524 INFO] Zip: Extracting measures/AddOutputVariable/README.md.erb
[19:29:01.738963 INFO] Zip: Extracting measures/AddOutputVariable/measure.rb
[19:29:01.739459 INFO] Zip: Extracting measures/AddOutputVariable/measure.xml
[19:29:01.740215 INFO] Zip: Extracting measures/AddOutputVariable/tests/
[19:29:01.740379 INFO] Zip: Extracting measures/AddOutputVariable/tests/AddOutputVariable_Test.rb
[19:29:01.740828 INFO] Zip: Extracting measures/ChangeBuildingLocation/
[19:29:01.740974 INFO] Zip: Extracting measures/ChangeBuildingLocation/LICENSE.md
[19:29:01.741443 INFO] Zip: Extracting measures/ChangeBuildingLocation/README.md
[19:29:01.741879 INFO] Zip: Extracting measures/ChangeBuildingLocation/README.md.erb
[19:29:01.742314 INFO] Zip: Extracting measures/ChangeBuildingLocation/measure.rb
[19:29:01.742858 INFO] Zip: Extracting measures/ChangeBuildingLocation/measure.xml
[19:29:01.743330 INFO] Zip: Extracting measures/ChangeBuildingLocation/resources/
[19:29:01.743473 INFO] Zip: Extracting measures/ChangeBuildingLocation/resources/epw.rb
[19:29:01.743973 INFO] Zip: Extracting measures/ChangeBuildingLocation/resources/os_lib_helper_methods.rb
[19:29:01.744553 INFO] Zip: Extracting measures/ChangeBuildingLocation/resources/stat_file.rb
[19:29:01.745040 INFO] Zip: Extracting measures/ChangeBuildingLocation/tests/
[19:29:01.745187 INFO] Zip: Extracting measures/ChangeBuildingLocation/tests/USA_MA_Boston-Logan.Intl.AP.725090_TMY3.ddy
[19:29:01.745783 INFO] Zip: Extracting measures/ChangeBuildingLocation/tests/USA_MA_Boston-Logan.Intl.AP.725090_TMY3.epw
[19:29:01.761353 INFO] Zip: Extracting measures/ChangeBuildingLocation/tests/USA_MA_Boston-Logan.Intl.AP.725090_TMY3.stat
[19:29:01.762263 INFO] Zip: Extracting measures/ChangeBuildingLocation/tests/USA_WA_Renton.Muni.AP.727934_TMY3.ddy
[19:29:01.762709 INFO] Zip: Extracting measures/ChangeBuildingLocation/tests/USA_WA_Renton.Muni.AP.727934_TMY3.epw
[19:29:01.903092 INFO] Zip: Extracting measures/ChangeBuildingLocation/tests/USA_WA_Renton.Muni.AP.727934_TMY3.stat
[19:29:01.903887 INFO] Zip: Extracting measures/ChangeBuildingLocation/tests/another_weather_file.ddy
[19:29:01.904374 INFO] Zip: Extracting measures/ChangeBuildingLocation/tests/another_weather_file.epw
[19:29:01.914609 INFO] Zip: Extracting measures/ChangeBuildingLocation/tests/another_weather_file.stat
[19:29:01.915409 INFO] Zip: Extracting measures/ChangeBuildingLocation/tests/change_building_location_test.rb
[19:29:01.915814 INFO] Zip: Extracting measures/ChangeBuildingLocation/tests/multiyear.ddy
[19:29:01.916270 INFO] Zip: Extracting measures/ChangeBuildingLocation/tests/multiyear.epw
[19:29:01.916677 INFO] Zip: Extracting measures/ChangeBuildingLocation/tests/multiyear.stat
[19:29:01.917255 INFO] Zip: Extracting measures/ChangeBuildingLocation/tests/test.osm
[19:29:01.920200 INFO] Zip: Extracting measures/ChangeBuildingLocation/tests/test.osw
[19:29:01.920926 INFO] Zip: Extracting measures/ServerDirectoryCleanup/
[19:29:01.921103 INFO] Zip: Extracting measures/ServerDirectoryCleanup/LICENSE.md
[19:29:01.921475 INFO] Zip: Extracting measures/ServerDirectoryCleanup/measure.rb
[19:29:01.921836 INFO] Zip: Extracting measures/ServerDirectoryCleanup/measure.xml
[19:29:01.922225 INFO] Zip: Extracting measures/ServerDirectoryCleanup/tests/
[19:29:01.922375 INFO] Zip: Extracting measures/ServerDirectoryCleanup/tests/ServerDirectoryCleanup_test.rb
[19:29:01.922759 INFO] Zip: Extracting measures/ServerDirectoryCleanup/tests/USA_CO_Golden-NREL.724666_TMY3.epw
[19:29:02.026108 INFO] Zip: Extracting measures/ServerDirectoryCleanup/tests/example_model.osm
[19:29:02.027447 INFO] Zip: Extracting measures/WindowPV_reporting/
[19:29:02.027616 INFO] Zip: Extracting measures/WindowPV_reporting/measure.rb
[19:29:02.028120 INFO] Zip: Extracting measures/WindowPV_reporting/measure.xml
[19:29:02.028557 INFO] Zip: Extracting measures/WindowPV_reporting/resources/
[19:29:02.028706 INFO] Zip: Extracting measures/WindowPV_reporting/resources/os_lib_helper_methods.rb
[19:29:02.029098 INFO] Zip: Extracting measures/WindowPV_reporting/resources/report.html.in
[19:29:02.029422 INFO] Zip: Extracting measures/WindowPV_reporting/tests/
[19:29:02.029572 INFO] Zip: Extracting measures/WindowPV_reporting/tests/USA_CO_Golden-NREL.724666_TMY3.epw
[19:29:02.039863 INFO] Zip: Extracting measures/WindowPV_reporting/tests/example_model.osm
[19:29:02.041227 INFO] Zip: Extracting measures/WindowPV_reporting/tests/ubi_qd_reporting_test.rb
[19:29:02.041618 INFO] Zip: Extracting measures/a_inject_window_specific_idf_objects/
[19:29:02.041778 INFO] Zip: Extracting measures/a_inject_window_specific_idf_objects/LICENSE.md
[19:29:02.042124 INFO] Zip: Extracting measures/a_inject_window_specific_idf_objects/measure.rb
[19:29:02.042579 INFO] Zip: Extracting measures/a_inject_window_specific_idf_objects/measure.xml
[19:29:02.042960 INFO] Zip: Extracting measures/a_inject_window_specific_idf_objects/tests/
[19:29:02.043121 INFO] Zip: Extracting measures/a_inject_window_specific_idf_objects/tests/EnvelopeAndLoadTestModel_01.osm
[19:29:02.047647 INFO] Zip: Extracting measures/a_inject_window_specific_idf_objects/tests/Example B - BlockEnergyCharge.idf
[19:29:02.048121 INFO] Zip: Extracting measures/a_inject_window_specific_idf_objects/tests/measure_Test.rb
[19:29:02.048511 INFO] Zip: Extracting measures/a_inject_window_specific_idf_objects/tests/test.osw
[19:29:02.049176 INFO] Zip: Extracting measures/add_thermochromic_bipv/
[19:29:02.049336 INFO] Zip: Extracting measures/add_thermochromic_bipv/measure.rb
[19:29:02.049786 INFO] Zip: Extracting measures/add_thermochromic_bipv/measure.xml
[19:29:02.050160 INFO] Zip: Extracting measures/add_thermochromic_bipv/resources/
[19:29:02.050316 INFO] Zip: Extracting measures/add_thermochromic_bipv/resources/HVACSizing.Model.rb
[19:29:02.050789 INFO] Zip: Extracting measures/add_thermochromic_bipv/resources/Standards.Construction.rb
[19:29:02.051150 INFO] Zip: Extracting measures/add_thermochromic_bipv/resources/os_lib_helper_methods.rb
[19:29:02.051546 INFO] Zip: Extracting measures/add_thermochromic_bipv/resources/os_lib_schedules.rb
[19:29:02.052084 INFO] Zip: Extracting measures/create_bar_from_building_type_ratios/
[19:29:02.052233 INFO] Zip: Extracting measures/create_bar_from_building_type_ratios/LICENSE.md
[19:29:02.054782 INFO] Zip: Extracting measures/create_bar_from_building_type_ratios/README.md
[19:29:02.058168 INFO] Zip: Extracting measures/create_bar_from_building_type_ratios/README.md.erb
[19:29:02.058548 INFO] Zip: Extracting measures/create_bar_from_building_type_ratios/measure.rb
[19:29:02.059149 INFO] Zip: Extracting measures/create_bar_from_building_type_ratios/measure.xml
[19:29:02.059601 INFO] Zip: Extracting measures/create_bar_from_building_type_ratios/resources/
[19:29:02.059757 INFO] Zip: Extracting measures/create_bar_from_building_type_ratios/resources/os_lib_geometry.rb
[19:29:02.060495 INFO] Zip: Extracting measures/create_bar_from_building_type_ratios/resources/os_lib_helper_methods.rb
[19:29:02.060945 INFO] Zip: Extracting measures/create_bar_from_building_type_ratios/resources/os_lib_model_generation.rb
[19:29:02.061536 INFO] Zip: Extracting measures/create_bar_from_building_type_ratios/resources/os_lib_model_simplification.rb
[19:29:02.062157 INFO] Zip: Extracting measures/create_bar_from_building_type_ratios/tests/
[19:29:02.062323 INFO] Zip: Extracting measures/create_bar_from_building_type_ratios/tests/create_bar_from_building_type_ratios_test.rb
[19:29:02.062868 INFO] Zip: Extracting measures/create_bar_from_building_type_ratios/tests/example_model.osm
[19:29:02.065207 INFO] Zip: Extracting measures/create_typical_building_from_model/
[19:29:02.065376 INFO] Zip: Extracting measures/create_typical_building_from_model/LICENSE.md
[19:29:02.065730 INFO] Zip: Extracting measures/create_typical_building_from_model/README.md
[19:29:02.066088 INFO] Zip: Extracting measures/create_typical_building_from_model/README.md.erb
[19:29:02.066565 INFO] Zip: Extracting measures/create_typical_building_from_model/measure.rb
[19:29:02.067149 INFO] Zip: Extracting measures/create_typical_building_from_model/measure.xml
[19:29:02.067616 INFO] Zip: Extracting measures/create_typical_building_from_model/resources/
[19:29:02.067765 INFO] Zip: Extracting measures/create_typical_building_from_model/resources/Model.hvac.rb
[19:29:02.068211 INFO] Zip: Extracting measures/create_typical_building_from_model/resources/os_lib_helper_methods.rb
[19:29:02.068665 INFO] Zip: Extracting measures/create_typical_building_from_model/resources/os_lib_model_generation.rb
[19:29:02.069245 INFO] Zip: Extracting measures/create_typical_building_from_model/tests/
[19:29:02.069395 INFO] Zip: Extracting measures/create_typical_building_from_model/tests/GenericGbxml.osm
[19:29:02.071883 INFO] Zip: Extracting measures/create_typical_building_from_model/tests/LargeOffice04.osm
[19:29:02.078656 INFO] Zip: Extracting measures/create_typical_building_from_model/tests/MidriseApartment.osm
[19:29:02.087689 INFO] Zip: Extracting measures/create_typical_building_from_model/tests/SmallOffice.osm
[19:29:02.089893 INFO] Zip: Extracting measures/create_typical_building_from_model/tests/USA_TX_Houston-Bush.Intercontinental.AP.722430_TMY3.epw
[19:29:02.103185 INFO] Zip: Extracting measures/create_typical_building_from_model/tests/create_typical_building_from_model_test.rb
[19:29:02.103740 INFO] Zip: Extracting measures/create_typical_building_from_model/tests/test.osw
[19:29:02.104503 INFO] Zip: Extracting measures/create_typical_building_from_model/tests/test_hvac.rb
[19:29:02.104942 INFO] Zip: Extracting measures/export_variableto_csv_variables_for_bipvpce/
[19:29:02.105113 INFO] Zip: Extracting measures/export_variableto_csv_variables_for_bipvpce/measure.rb
[19:29:02.105534 INFO] Zip: Extracting measures/export_variableto_csv_variables_for_bipvpce/measure.xml
[19:29:02.105932 INFO] Zip: Extracting measures/export_variableto_csv_variables_for_bipvpce/resources/
[19:29:02.106085 INFO] Zip: Extracting measures/export_variableto_csv_variables_for_bipvpce/resources/report.html.in
[19:29:02.106424 INFO] Zip: Extracting measures/export_variableto_csv_variables_for_bipvpce/tests/
[19:29:02.106574 INFO] Zip: Extracting measures/export_variableto_csv_variables_for_bipvpce/tests/ExportVariabletoCSV_test.rb
[19:29:02.106969 INFO] Zip: Extracting measures/export_variableto_csv_variables_for_bipvpce/tests/example_model.osm
[19:29:02.108222 INFO] Zip: Extracting measures/inject_idf_window_objects/
[19:29:02.108408 INFO] Zip: Extracting measures/inject_idf_window_objects/LICENSE.md
[19:29:02.108772 INFO] Zip: Extracting measures/inject_idf_window_objects/measure.rb
[19:29:02.109224 INFO] Zip: Extracting measures/inject_idf_window_objects/measure.xml
[19:29:02.109630 INFO] Zip: Extracting measures/inject_idf_window_objects/tests/
[19:29:02.109784 INFO] Zip: Extracting measures/inject_idf_window_objects/tests/EnvelopeAndLoadTestModel_01.osm
[19:29:02.114572 INFO] Zip: Extracting measures/inject_idf_window_objects/tests/Example B - BlockEnergyCharge.idf
[19:29:02.115019 INFO] Zip: Extracting measures/inject_idf_window_objects/tests/measure_Test.rb
[19:29:02.115392 INFO] Zip: Extracting measures/inject_idf_window_objects/tests/test.osw
[19:29:02.116060 INFO] Zip: Extracting seeds/switchglaze/
[19:29:02.116246 INFO] Zip: Extracting seeds/switchglaze.osm
[19:29:02.120609 INFO] Zip: Extracting seeds/switchglaze/files/
[19:29:02.120845 INFO] Zip: Extracting seeds/switchglaze/measures/
[19:29:02.120994 INFO] Zip: Extracting seeds/switchglaze/run/
[19:29:02.121157 INFO] Zip: Extracting seeds/switchglaze/workflow.osw
[19:29:02.121549 INFO] Zip: Extracting weather/DEU_Hamburg.101470_IWEC.ddy
[19:29:02.121993 INFO] Zip: Extracting weather/DEU_Hamburg.101470_IWEC.epw
[19:29:02.133959 INFO] Zip: Extracting weather/DEU_Hamburg.101470_IWEC.stat
[19:29:02.226536 INFO] Zip: Extracting weather/JPN_Tokyo.Hyakuri.477150_IWEC.ddy
[19:29:02.227163 INFO] Zip: Extracting weather/JPN_Tokyo.Hyakuri.477150_IWEC.epw
[19:29:02.236752 INFO] Zip: Extracting weather/JPN_Tokyo.Hyakuri.477150_IWEC.stat
[19:29:02.237524 INFO] Zip: Extracting weather/SAU_Riyadh.404380_IWEC.ddy
[19:29:02.237972 INFO] Zip: Extracting weather/SAU_Riyadh.404380_IWEC.epw
[19:29:02.247784 INFO] Zip: Extracting weather/SAU_Riyadh.404380_IWEC.stat
[19:29:02.248589 INFO] Zip: Extracting weather/SGP_Singapore.486980_IWEC.ddy
[19:29:02.249043 INFO] Zip: Extracting weather/SGP_Singapore.486980_IWEC.epw
[19:29:02.351539 INFO] Zip: Extracting weather/SGP_Singapore.486980_IWEC.stat
[19:29:02.352258 INFO] Zip: Extracting weather/USA_AK_Fairbanks.Intl.AP.702610_TMY3.ddy
[19:29:02.352729 INFO] Zip: Extracting weather/USA_AK_Fairbanks.Intl.AP.702610_TMY3.epw
[19:29:02.362580 INFO] Zip: Extracting weather/USA_AK_Fairbanks.Intl.AP.702610_TMY3.stat
[19:29:02.363345 INFO] Zip: Extracting weather/USA_AZ_Tucson.Intl.AP.722740_TMY3.ddy
[19:29:02.363795 INFO] Zip: Extracting weather/USA_AZ_Tucson.Intl.AP.722740_TMY3.epw
[19:29:02.373830 INFO] Zip: Extracting weather/USA_AZ_Tucson.Intl.AP.722740_TMY3.stat
[19:29:02.374566 INFO] Zip: Extracting weather/USA_CA_San.Diego-Lindbergh.Field.722900_TMY3.ddy
[19:29:02.375004 INFO] Zip: Extracting weather/USA_CA_San.Diego-Lindbergh.Field.722900_TMY3.epw
[19:29:02.390514 INFO] Zip: Extracting weather/USA_CA_San.Diego-Lindbergh.Field.722900_TMY3.stat
[19:29:02.391294 INFO] Zip: Extracting weather/USA_CO_Denver.Intl.AP.725650_TMY3.ddy
[19:29:02.391804 INFO] Zip: Extracting weather/USA_CO_Denver.Intl.AP.725650_TMY3.epw
[19:29:02.402188 INFO] Zip: Extracting weather/USA_CO_Denver.Intl.AP.725650_TMY3.stat
[19:29:02.403001 INFO] Zip: Extracting weather/USA_FL_Tampa.Intl.AP.722110_TMY3.ddy
[19:29:02.403447 INFO] Zip: Extracting weather/USA_FL_Tampa.Intl.AP.722110_TMY3.epw
[19:29:02.413769 INFO] Zip: Extracting weather/USA_FL_Tampa.Intl.AP.722110_TMY3.stat
[19:29:02.414586 INFO] Zip: Extracting weather/USA_GA_Atlanta-Hartsfield-Jackson.Intl.AP.722190_TMY3.ddy
[19:29:02.415039 INFO] Zip: Extracting weather/USA_GA_Atlanta-Hartsfield-Jackson.Intl.AP.722190_TMY3.epw
[19:29:02.425168 INFO] Zip: Extracting weather/USA_GA_Atlanta-Hartsfield-Jackson.Intl.AP.722190_TMY3.stat
[19:29:02.425942 INFO] Zip: Extracting weather/USA_HI_Honolulu.Intl.AP.911820_TMY3.ddy
[19:29:02.426379 INFO] Zip: Extracting weather/USA_HI_Honolulu.Intl.AP.911820_TMY3.epw
[19:29:02.436544 INFO] Zip: Extracting weather/USA_HI_Honolulu.Intl.AP.911820_TMY3.stat
[19:29:02.437275 INFO] Zip: Extracting weather/USA_MN_International.Falls.Intl.AP.727470_TMY3.ddy
[19:29:02.437719 INFO] Zip: Extracting weather/USA_MN_International.Falls.Intl.AP.727470_TMY3.epw
[19:29:02.453520 INFO] Zip: Extracting weather/USA_MN_International.Falls.Intl.AP.727470_TMY3.stat
[19:29:02.454413 INFO] Zip: Extracting weather/USA_MN_Rochester.Intl.AP.726440_TMY3.ddy
[19:29:02.454864 INFO] Zip: Extracting weather/USA_MN_Rochester.Intl.AP.726440_TMY3.epw
[19:29:02.464943 INFO] Zip: Extracting weather/USA_MN_Rochester.Intl.AP.726440_TMY3.stat
[19:29:02.465711 INFO] Zip: Extracting weather/USA_MT_Great.Falls.Intl.AP.727750_TMY3.ddy
[19:29:02.466155 INFO] Zip: Extracting weather/USA_MT_Great.Falls.Intl.AP.727750_TMY3.epw
[19:29:02.476286 INFO] Zip: Extracting weather/USA_MT_Great.Falls.Intl.AP.727750_TMY3.stat
[19:29:02.477094 INFO] Zip: Extracting weather/USA_NM_Albuquerque.Intl.AP.723650_TMY3.ddy
[19:29:02.477535 INFO] Zip: Extracting weather/USA_NM_Albuquerque.Intl.AP.723650_TMY3.epw
[19:29:02.487551 INFO] Zip: Extracting weather/USA_NM_Albuquerque.Intl.AP.723650_TMY3.stat
[19:29:02.488349 INFO] Zip: Extracting weather/USA_NY_Buffalo-Greater.Buffalo.Intl.AP.725280_TMY3.ddy
[19:29:02.488843 INFO] Zip: Extracting weather/USA_NY_Buffalo-Greater.Buffalo.Intl.AP.725280_TMY3.epw
[19:29:02.501541 INFO] Zip: Extracting weather/USA_NY_Buffalo-Greater.Buffalo.Intl.AP.725280_TMY3.stat
[19:29:02.502272 INFO] Zip: Extracting weather/USA_NY_New.York-J.F.Kennedy.Intl.AP.744860_TMY3.ddy
[19:29:02.502740 INFO] Zip: Extracting weather/USA_NY_New.York-J.F.Kennedy.Intl.AP.744860_TMY3.epw
[19:29:02.512775 INFO] Zip: Extracting weather/USA_NY_New.York-J.F.Kennedy.Intl.AP.744860_TMY3.stat
[19:29:02.513543 INFO] Zip: Extracting weather/USA_TX_El.Paso.Intl.AP.722700_TMY3.ddy
[19:29:02.514011 INFO] Zip: Extracting weather/USA_TX_El.Paso.Intl.AP.722700_TMY3.epw
[19:29:02.528477 INFO] Zip: Extracting weather/USA_TX_El.Paso.Intl.AP.722700_TMY3.stat
[19:29:02.529413 INFO] Zip: Extracting weather/USA_WA_Port.Angeles-William.R.Fairchild.Intl.AP.727885_TMY3.ddy
[19:29:02.530026 INFO] Zip: Extracting weather/USA_WA_Port.Angeles-William.R.Fairchild.Intl.AP.727885_TMY3.epw
[19:29:02.634646 INFO] Zip: Extracting weather/USA_WA_Port.Angeles-William.R.Fairchild.Intl.AP.727885_TMY3.stat
[19:29:02.635398 INFO] Zip: Extracting weather/USA_WA_Seattle-Tacoma.Intl.AP.727930_TMY3.ddy
[19:29:02.635875 INFO] Zip: Extracting weather/USA_WA_Seattle-Tacoma.Intl.AP.727930_TMY3.epw
[19:29:02.645877 INFO] Zip: Extracting weather/USA_WA_Seattle-Tacoma.Intl.AP.727930_TMY3.stat
[19:29:02.649146 INFO] Downloading analysis.json from http://web:80/analyses/72a216d4-3a64-4cd6-8e04-b9bc3af7ff20.json
[19:29:02.746545 INFO] Checking for presence of args file at /mnt/openstudio/analysis_72a216d4-3a64-4cd6-8e04-b9bc3af7ff20/scripts/data_point/initialize.args
[19:29:02.746635 INFO] Checking for presence of script file at /mnt/openstudio/analysis_72a216d4-3a64-4cd6-8e04-b9bc3af7ff20/scripts/data_point/initialize.sh
[19:29:02.746683 INFO] Finished worker initialization
[19:29:02.746721 INFO] RestClient delete
[19:29:02.746755 INFO] delete post_count = 1
[19:29:02.762707 INFO] Downloading datapoint from http://web:80/data_points/2f3aee8f-dcff-41ca-9b4f-31809281c35f.json
[19:29:02.762782 INFO] get url post_count = 1
[19:29:02.782683 INFO] Creating Workflow Manager instance
[19:29:02.782774 INFO] Directory is /mnt/openstudio/analysis_72a216d4-3a64-4cd6-8e04-b9bc3af7ff20/data_point_2f3aee8f-dcff-41ca-9b4f-31809281c35f
[19:29:02.782848 INFO] Opening run.log file '/mnt/openstudio/analysis_72a216d4-3a64-4cd6-8e04-b9bc3af7ff20/data_point_2f3aee8f-dcff-41ca-9b4f-31809281c35f/run/run.log'
[19:29:02.783027 WARN] Error finding Oscli: OPENSTUDIO_EXE_PATH not set
[19:29:02.803544 WARN] Defaulting to fun Oscli via /usr/local/bin/openstudio
[19:29:02.803764 INFO] Returning Oscli cmd: /usr/local/bin/openstudio --bundle /var/oscli/Gemfile --bundle_path /var/oscli/gems 
[19:29:02.804100 INFO] Running workflow using cmd /usr/local/bin/openstudio --bundle /var/oscli/Gemfile --bundle_path /var/oscli/gems   run --workflow '/mnt/openstudio/analysis_72a216d4-3a64-4cd6-8e04-b9bc3af7ff20/data_point_2f3aee8f-dcff-41ca-9b4f-31809281c35f/data_point.osw'  and writing log to /mnt/openstudio/analysis_72a216d4-3a64-4cd6-8e04-b9bc3af7ff20/data_point_2f3aee8f-dcff-41ca-9b4f-31809281c35f/oscli_simulation.log
[19:29:23.930636 INFO] Oscli output: /var/oscli/gems/ruby/2.5.0/gems/openstudio-standards-0.2.11/lib/openstudio-standards/btap/btap.rb:56: warning: constant ::Fixnum is deprecated
[openstudio.standards.Model] <1> Model has been assigned a weather file, but the file is not in the specified location of 'file:////mnt/openstudio/analysis_72a216d4-3a64-4cd6-8e04-b9bc3af7ff20/weather/SAU_Riyadh.404380_IWEC.epw'.
[19:29:19.480602 WARN] Could not add loads for Plenum. Not expected for 90.1-2013
[19:29:23.413990 WARN] [openstudio.standards.Construction] Requested U-value of 0.58 for Typical Insulated Exterior Mass Wall is too low given the other materials in the construction; insulation layer will not be modified.
[19:29:23.414616 WARN] [openstudio.standards.Construction] Can only set the u-value of opaque constructions or simple glazing. U 0.60 SHGC 0.25 Dbl 2.5mm air is not opaque or simple glazing.
[19:29:23.414980 WARN] [openstudio.standards.Construction] Can only set the u-value of opaque constructions or simple glazing. U 0.65 SHGC 0.25 Dbl Ref-C-H Clr 6mm/6mm Air is not opaque or simple glazing.
[19:29:23.415107 WARN] [openstudio.standards.Construction] Requested U-value of 1.1686635536297982 for Typical Overhead Door is greater than the sum of the inside and outside resistance, and the max U-value (6.636 SI) is used instead.
[19:29:23.415362 WARN] [openstudio.standards.Construction] Can only set the u-value of opaque constructions or simple glazing. Window_U_0.75_SHGC_0.35_Skylight_Frame_Width_2.339_in is not opaque or simple glazing.
[19:29:23.416198 WARN] [openstudio.weather.Model] Could not find ground temperatures; will use generic temperatures, which will skew results.
[19:29:23.430850 ERROR] [openstudio.standards.Model] Model has been assigned a weather file, but the file is not in the specified location of 'file:////mnt/openstudio/analysis_72a216d4-3a64-4cd6-8e04-b9bc3af7ff20/weather/SAU_Riyadh.404380_IWEC.epw'.
[19:29:23.642695 ERROR] /var/oscli/gems/ruby/2.5.0/gems/openstudio-workflow-2.0.0/lib/openstudio/workflow/util/measure.rb failed with message Runner error /var/oscli/gems/ruby/2.5.0/gems/openstudio-workflow-2.0.0/lib/openstudio/workflow/util/measure.rb failed with Measure create_typical_building_from_model reported an error with ["[openstudio.standards.Model] Model has been assigned a weather file, but the file is not in the specified location of 'file:////mnt/openstudio/analysis_72a216d4-3a64-4cd6-8e04-b9bc3af7ff20/weather/SAU_Riyadh.404380_IWEC.epw'."], /var/oscli/gems/ruby/2.5.0/gems/openstudio-workflow-2.0.0/lib/openstudio/workflow/util/measure.rb:560:in `apply_measure'
/var/oscli/gems/ruby/2.5.0/gems/openstudio-workflow-2.0.0/lib/openstudio/workflow/util/measure.rb:109:in `block in apply_measures'
/var/oscli/gems/ruby/2.5.0/gems/openstudio-workflow-2.0.0/lib/openstudio/workflow/util/measure.rb:67:in `each_index'
/var/oscli/gems/ruby/2.5.0/gems/openstudio-workflow-2.0.0/lib/openstudio/workflow/util/measure.rb:67:in `apply_measures'
/var/oscli/gems/ruby/2.5.0/gems/openstudio-workflow-2.0.0/lib/openstudio/workflow/jobs/run_os_measures.rb:70:in `perform'
/var/oscli/gems/ruby/2.5.0/gems/openstudio-workflow-2.0.0/lib/openstudio/workflow/run.rb:292:in `step'
/var/oscli/gems/ruby/2.5.0/gems/openstudio-workflow-2.0.0/lib/openstudio/workflow/run.rb:234:in `run'
:/openstudio_cli.rb:960:in `execute'
:/openstudio_cli.rb:750:in `execute'
:/openstudio_cli.rb:1744:in `<main>'
eval:174:in `eval'
eval:174:in `require_embedded_absolute'
eval:160:in `block in require_embedded'
eval:154:in `each'
eval:154:in `require_embedded'
eval:113:in `require'
eval:3:in `<main>' in /var/oscli/gems/ruby/2.5.0/gems/openstudio-workflow-2.0.0/lib/openstudio/workflow/util/measure.rb:598:in `rescue in apply_measure'
/var/oscli/gems/ruby/2.5.0/gems/openstudio-workflow-2.0.0/lib/openstudio/workflow/util/measure.rb:548:in `apply_measure'
/var/oscli/gems/ruby/2.5.0/gems/openstudio-workflow-2.0.0/lib/openstudio/workflow/util/measure.rb:109:in `block in apply_measures'
/var/oscli/gems/ruby/2.5.0/gems/openstudio-workflow-2.0.0/lib/openstudio/workflow/util/measure.rb:67:in `each_index'
/var/oscli/gems/ruby/2.5.0/gems/openstudio-workflow-2.0.0/lib/openstudio/workflow/util/measure.rb:67:in `apply_measures'
/var/oscli/gems/ruby/2.5.0/gems/openstudio-workflow-2.0.0/lib/openstudio/workflow/jobs/run_os_measures.rb:70:in `perform'
/var/oscli/gems/ruby/2.5.0/gems/openstudio-workflow-2.0.0/lib/openstudio/workflow/run.rb:292:in `step'
/var/oscli/gems/ruby/2.5.0/gems/openstudio-workflow-2.0.0/lib/openstudio/workflow/run.rb:234:in `run'
:/openstudio_cli.rb:960:in `execute'
:/openstudio_cli.rb:750:in `execute'
:/openstudio_cli.rb:1744:in `<main>'
eval:174:in `eval'
eval:174:in `require_embedded_absolute'
eval:160:in `block in require_embedded'
eval:154:in `each'
eval:154:in `require_embedded'
eval:113:in `require'
eval:3:in `<main>'
[19:29:23.645520 ERROR] Found error in state 'os_measures' with message ["/var/oscli/gems/ruby/2.5.0/gems/openstudio-workflow-2.0.0/lib/openstudio/workflow/util/measure.rb failed with message Runner error /var/oscli/gems/ruby/2.5.0/gems/openstudio-workflow-2.0.0/lib/openstudio/workflow/util/measure.rb failed with Measure create_typical_building_from_model reported an error with [\"[openstudio.standards.Model] Model has been assigned a weather file, but the file is not in the specified location of 'file:////mnt/openstudio/analysis_72a216d4-3a64-4cd6-8e04-b9bc3af7ff20/weather/SAU_Riyadh.404380_IWEC.epw'.\"], /var/oscli/gems/ruby/2.5.0/gems/openstudio-workflow-2.0.0/lib/openstudio/workflow/util/measure.rb:560:in `apply_measure'\n/var/oscli/gems/ruby/2.5.0/gems/openstudio-workflow-2.0.0/lib/openstudio/workflow/util/measure.rb:109:in `block in apply_measures'\n/var/oscli/gems/ruby/2.5.0/gems/openstudio-workflow-2.0.0/lib/openstudio/workflow/util/measure.rb:67:in `each_index'\n/var/oscli/gems/ruby/2.5.0/gems/openstudio-workflow-2.0.0/lib/openstudio/workflow/util/measure.rb:67:in `apply_measures'\n/var/oscli/gems/ruby/2.5.0/gems/openstudio-workflow-2.0.0/lib/openstudio/workflow/jobs/run_os_measures.rb:70:in `perform'\n/var/oscli/gems/ruby/2.5.0/gems/openstudio-workflow-2.0.0/lib/openstudio/workflow/run.rb:292:in `step'\n/var/oscli/gems/ruby/2.5.0/gems/openstudio-workflow-2.0.0/lib/openstudio/workflow/run.rb:234:in `run'\n:/openstudio_cli.rb:960:in `execute'\n:/openstudio_cli.rb:750:in `execute'\n:/openstudio_cli.rb:1744:in `<main>'\neval:174:in `eval'\neval:174:in `require_embedded_absolute'\neval:160:in `block in require_embedded'\neval:154:in `each'\neval:154:in `require_embedded'\neval:113:in `require'\neval:3:in `<main>' in /var/oscli/gems/ruby/2.5.0/gems/openstudio-workflow-2.0.0/lib/openstudio/workflow/util/measure.rb:598:in `rescue in apply_measure'\n/var/oscli/gems/ruby/2.5.0/gems/openstudio-workflow-2.0.0/lib/openstudio/workflow/util/measure.rb:548:in `apply_measure'\n/var/oscli/gems/ruby/2.5.0/gems/openstudio-workflow-2.0.0/lib/openstudio/workflow/util/measure.rb:109:in `block in apply_measures'\n/var/oscli/gems/ruby/2.5.0/gems/openstudio-workflow-2.0.0/lib/openstudio/workflow/util/measure.rb:67:in `each_index'\n/var/oscli/gems/ruby/2.5.0/gems/openstudio-workflow-2.0.0/lib/openstudio/workflow/util/measure.rb:67:in `apply_measures'\n/var/oscli/gems/ruby/2.5.0/gems/openstudio-workflow-2.0.0/lib/openstudio/workflow/jobs/run_os_measures.rb:70:in `perform'\n/var/oscli/gems/ruby/2.5.0/gems/openstudio-workflow-2.0.0/lib/openstudio/workflow/run.rb:292:in `step'\n/var/oscli/gems/ruby/2.5.0/gems/openstudio-workflow-2.0.0/lib/openstudio/workflow/run.rb:234:in `run'\n:/openstudio_cli.rb:960:in `execute'\n:/openstudio_cli.rb:750:in `execute'\n:/openstudio_cli.rb:1744:in `<main>'\neval:174:in `eval'\neval:174:in `require_embedded_absolute'\neval:160:in `block in require_embedded'\neval:154:in `each'\neval:154:in `require_embedded'\neval:113:in `require'\neval:3:in `<main>':/var/oscli/gems/ruby/2.5.0/gems/openstudio-workflow-2.0.0/lib/openstudio/workflow/util/measure.rb:647:in `rescue in apply_measure'\n/var/oscli/gems/ruby/2.5.0/gems/openstudio-workflow-2.0.0/lib/openstudio/workflow/util/measure.rb:305:in `apply_measure'\n/var/oscli/gems/ruby/2.5.0/gems/openstudio-workflow-2.0.0/lib/openstudio/workflow/util/measure.rb:109:in `block in apply_measures'\n/var/oscli/gems/ruby/2.5.0/gems/openstudio-workflow-2.0.0/lib/openstudio/workflow/util/measure.rb:67:in `each_index'\n/var/oscli/gems/ruby/2.5.0/gems/openstudio-workflow-2.0.0/lib/openstudio/workflow/util/measure.rb:67:in `apply_measures'\n/var/oscli/gems/ruby/2.5.0/gems/openstudio-workflow-2.0.0/lib/openstudio/workflow/jobs/run_os_measures.rb:70:in `perform'\n/var/oscli/gems/ruby/2.5.0/gems/openstudio-workflow-2.0.0/lib/openstudio/workflow/run.rb:292:in `step'\n/var/oscli/gems/ruby/2.5.0/gems/openstudio-workflow-2.0.0/lib/openstudio/workflow/run.rb:234:in `run'\n:/openstudio_cli.rb:960:in `execute'\n:/openstudio_cli.rb:750:in `execute'\n:/openstudio_cli.rb:1744:in `<main>'\neval:174:in `eval'\neval:174:in `require_embedded_absolute'\neval:160:in `block in require_embedded'\neval:154:in `each'\neval:154:in `require_embedded'\neval:113:in `require'\neval:3:in `<main>'"]}

[19:29:23.931626 ERROR] Could not find results /mnt/openstudio/analysis_72a216d4-3a64-4cd6-8e04-b9bc3af7ff20/data_point_2f3aee8f-dcff-41ca-9b4f-31809281c35f/run/measure_attributes.json
[19:29:23.931684 INFO] Saving files/reports back to the server
[19:29:23.932036 INFO] Saving report /mnt/openstudio/analysis_72a216d4-3a64-4cd6-8e04-b9bc3af7ff20/data_point_2f3aee8f-dcff-41ca-9b4f-31809281c35f/out.osw to http://web:80/data_points/2f3aee8f-dcff-41ca-9b4f-31809281c35f/upload_file
[19:29:23.961034 INFO] Saving report responded with {"id":"5efb9293ce5ea001352be9c4","data_point_id":"2f3aee8f-dcff-41ca-9b4f-31809281c35f","display_name":"Final OSW File","type":"Report","created_at":"2020-06-30T19:29:23.945Z","updated_at":"2020-06-30T19:29:23.945Z"}
[19:29:23.961364 INFO] Saving report /mnt/openstudio/analysis_72a216d4-3a64-4cd6-8e04-b9bc3af7ff20/data_point_2f3aee8f-dcff-41ca-9b4f-31809281c35f/run/data_point.zip to http://web:80/data_points/2f3aee8f-dcff-41ca-9b4f-31809281c35f/upload_file
[19:29:23.999309 INFO] Saving report responded with {"id":"5efb9293ce5ea001352be9c5","data_point_id":"2f3aee8f-dcff-41ca-9b4f-31809281c35f","display_name":"Zip File","type":"Data Point","created_at":"2020-06-30T19:29:23.982Z","updated_at":"2020-06-30T19:29:23.982Z"}
[19:29:23.999590 INFO] Checking for presence of args file at /mnt/openstudio/analysis_72a216d4-3a64-4cd6-8e04-b9bc3af7ff20/scripts/data_point/finalize.args
[19:29:23.999655 INFO] Checking for presence of script file at /mnt/openstudio/analysis_72a216d4-3a64-4cd6-8e04-b9bc3af7ff20/scripts/data_point/finalize.sh
[19:29:24.003704 INFO] Finished /opt/openstudio/server/app/jobs/dj_jobs/run_simulate_data_point.rb
