# Logfile created on 2020-06-30 19:29:01 +0000 by logger.rb/61378
[19:29:01.744289 INFO] Server host is http://web:80
[19:29:01.744444 INFO] Analysis directory is /mnt/openstudio/analysis_72a216d4-3a64-4cd6-8e04-b9bc3af7ff20
[19:29:01.744514 INFO] Simulation directory is /mnt/openstudio/analysis_72a216d4-3a64-4cd6-8e04-b9bc3af7ff20/data_point_d895a884-42d3-4a2f-858e-cb7420063e19
[19:29:01.744557 INFO] Run datapoint type/file is 
[19:29:01.744607 INFO] Starting initialize_worker for datapoint d895a884-42d3-4a2f-858e-cb7420063e19
[19:29:01.745124 INFO] Downloading analysis zip from http://web:80/analyses/72a216d4-3a64-4cd6-8e04-b9bc3af7ff20/download_analysis_zip
[19:29:05.041624 INFO] Extracting analysis zip to /mnt/openstudio/analysis_72a216d4-3a64-4cd6-8e04-b9bc3af7ff20
[19:29:05.059207 INFO] Zip: Extracting lib/resources/ASHRAE_zone12_Spec.idf
[19:29:05.060650 INFO] Zip: Extracting lib/resources/ASHRAE_zone3_Spec.idf
[19:29:05.061313 INFO] Zip: Extracting lib/resources/ASHRAE_zone456_Spec.idf
[19:29:05.061946 INFO] Zip: Extracting lib/resources/ASHRAE_zone78_Spec.idf
[19:29:05.062643 INFO] Zip: Extracting lib/resources/GlzSys19_13F-air-9_Spec.idf
[19:29:05.063954 INFO] Zip: Extracting lib/resources/GlzSys20_14F-air-3000_Spec.idf
[19:29:05.065281 INFO] Zip: Extracting lib/resources/GlzSys21_13F-air-3000_Spec.idf
[19:29:05.066718 INFO] Zip: Extracting lib/resources/GlzSys_10-air-9_Spec.idf
[19:29:05.068271 INFO] Zip: Extracting lib/resources/GlzSys_10F-air-3000_Spec.idf
[19:29:05.069763 INFO] Zip: Extracting lib/resources/GlzSys_11F-air-3000_Spec.idf
[19:29:05.071122 INFO] Zip: Extracting lib/resources/GlzSys_16095-air-3000_Spec.idf
[19:29:05.072486 INFO] Zip: Extracting lib/resources/GlzSys_16095-air-9_Spec.idf
[19:29:05.073898 INFO] Zip: Extracting lib/resources/GlzSys_6374-air-3000_Spec.idf
[19:29:05.075286 INFO] Zip: Extracting lib/resources/GlzSys_Dark_PV_Spec.idf
[19:29:05.076105 INFO] Zip: Extracting lib/resources/GlzSys_Light_PV_Spec.idf
[19:29:05.076925 INFO] Zip: Extracting lib/resources/GlzSys_Thermochromic_30C.idf
[19:29:05.077945 INFO] Zip: Extracting lib/resources/GlzSys_Thermochromic_35C.idf
[19:29:05.079134 INFO] Zip: Extracting lib/resources/GlzSys_Thermochromic_40C.idf
[19:29:05.080156 INFO] Zip: Extracting lib/resources/SG_zone12_Spec.idf
[19:29:05.081157 INFO] Zip: Extracting lib/resources/SG_zone3_Spec.idf
[19:29:05.082251 INFO] Zip: Extracting lib/resources/SG_zone456_Spec.idf
[19:29:05.083637 INFO] Zip: Extracting lib/resources/SG_zone78_Spec.idf
[19:29:05.085127 INFO] Zip: Extracting lib/resources/Window_PV_No_frame_Spec_Spec.idf
[19:29:05.086043 INFO] Zip: Extracting lib/resources/Window_PV_frame_Spec.idf
[19:29:05.086836 INFO] Zip: Extracting measures/AddMeter/
[19:29:05.087059 INFO] Zip: Extracting measures/AddMeter/LICENSE.md
[19:29:05.087490 INFO] Zip: Extracting measures/AddMeter/New folder/
[19:29:05.087679 INFO] Zip: Extracting measures/AddMeter/README.md
[19:29:05.088079 INFO] Zip: Extracting measures/AddMeter/README.md.erb
[19:29:05.088559 INFO] Zip: Extracting measures/AddMeter/measure.rb
[19:29:05.089208 INFO] Zip: Extracting measures/AddMeter/measure.xml
[19:29:05.089665 INFO] Zip: Extracting measures/AddMeter/tests/
[19:29:05.089857 INFO] Zip: Extracting measures/AddMeter/tests/AddMeter_Test.rb
[19:29:05.090356 INFO] Zip: Extracting measures/AddOutputVariable/
[19:29:05.090561 INFO] Zip: Extracting measures/AddOutputVariable/LICENSE.md
[19:29:05.091023 INFO] Zip: Extracting measures/AddOutputVariable/README.md
[19:29:05.091411 INFO] Zip: Extracting measures/AddOutputVariable/README.md.erb
[19:29:05.091865 INFO] Zip: Extracting measures/AddOutputVariable/measure.rb
[19:29:05.092302 INFO] Zip: Extracting measures/AddOutputVariable/measure.xml
[19:29:05.092758 INFO] Zip: Extracting measures/AddOutputVariable/tests/
[19:29:05.092935 INFO] Zip: Extracting measures/AddOutputVariable/tests/AddOutputVariable_Test.rb
[19:29:05.093410 INFO] Zip: Extracting measures/ChangeBuildingLocation/
[19:29:05.093576 INFO] Zip: Extracting measures/ChangeBuildingLocation/LICENSE.md
[19:29:05.093980 INFO] Zip: Extracting measures/ChangeBuildingLocation/README.md
[19:29:05.094415 INFO] Zip: Extracting measures/ChangeBuildingLocation/README.md.erb
[19:29:05.094872 INFO] Zip: Extracting measures/ChangeBuildingLocation/measure.rb
[19:29:05.095406 INFO] Zip: Extracting measures/ChangeBuildingLocation/measure.xml
[19:29:05.095865 INFO] Zip: Extracting measures/ChangeBuildingLocation/resources/
[19:29:05.096071 INFO] Zip: Extracting measures/ChangeBuildingLocation/resources/epw.rb
[19:29:05.096635 INFO] Zip: Extracting measures/ChangeBuildingLocation/resources/os_lib_helper_methods.rb
[19:29:05.097238 INFO] Zip: Extracting measures/ChangeBuildingLocation/resources/stat_file.rb
[19:29:05.097710 INFO] Zip: Extracting measures/ChangeBuildingLocation/tests/
[19:29:05.097906 INFO] Zip: Extracting measures/ChangeBuildingLocation/tests/USA_MA_Boston-Logan.Intl.AP.725090_TMY3.ddy
[19:29:05.098449 INFO] Zip: Extracting measures/ChangeBuildingLocation/tests/USA_MA_Boston-Logan.Intl.AP.725090_TMY3.epw
[19:29:05.111270 INFO] Zip: Extracting measures/ChangeBuildingLocation/tests/USA_MA_Boston-Logan.Intl.AP.725090_TMY3.stat
[19:29:05.112199 INFO] Zip: Extracting measures/ChangeBuildingLocation/tests/USA_WA_Renton.Muni.AP.727934_TMY3.ddy
[19:29:05.112685 INFO] Zip: Extracting measures/ChangeBuildingLocation/tests/USA_WA_Renton.Muni.AP.727934_TMY3.epw
[19:29:05.130470 INFO] Zip: Extracting measures/ChangeBuildingLocation/tests/USA_WA_Renton.Muni.AP.727934_TMY3.stat
[19:29:05.131507 INFO] Zip: Extracting measures/ChangeBuildingLocation/tests/another_weather_file.ddy
[19:29:05.132246 INFO] Zip: Extracting measures/ChangeBuildingLocation/tests/another_weather_file.epw
[19:29:05.149851 INFO] Zip: Extracting measures/ChangeBuildingLocation/tests/another_weather_file.stat
[19:29:05.150908 INFO] Zip: Extracting measures/ChangeBuildingLocation/tests/change_building_location_test.rb
[19:29:05.151501 INFO] Zip: Extracting measures/ChangeBuildingLocation/tests/multiyear.ddy
[19:29:05.152246 INFO] Zip: Extracting measures/ChangeBuildingLocation/tests/multiyear.epw
[19:29:05.153622 INFO] Zip: Extracting measures/ChangeBuildingLocation/tests/multiyear.stat
[19:29:05.154582 INFO] Zip: Extracting measures/ChangeBuildingLocation/tests/test.osm
[19:29:05.160329 INFO] Zip: Extracting measures/ChangeBuildingLocation/tests/test.osw
[19:29:05.161575 INFO] Zip: Extracting measures/ServerDirectoryCleanup/
[19:29:05.161801 INFO] Zip: Extracting measures/ServerDirectoryCleanup/LICENSE.md
[19:29:05.162414 INFO] Zip: Extracting measures/ServerDirectoryCleanup/measure.rb
[19:29:05.163017 INFO] Zip: Extracting measures/ServerDirectoryCleanup/measure.xml
[19:29:05.163624 INFO] Zip: Extracting measures/ServerDirectoryCleanup/tests/
[19:29:05.163800 INFO] Zip: Extracting measures/ServerDirectoryCleanup/tests/ServerDirectoryCleanup_test.rb
[19:29:05.164380 INFO] Zip: Extracting measures/ServerDirectoryCleanup/tests/USA_CO_Golden-NREL.724666_TMY3.epw
[19:29:05.183453 INFO] Zip: Extracting measures/ServerDirectoryCleanup/tests/example_model.osm
[19:29:05.185863 INFO] Zip: Extracting measures/WindowPV_reporting/
[19:29:05.186140 INFO] Zip: Extracting measures/WindowPV_reporting/measure.rb
[19:29:05.187007 INFO] Zip: Extracting measures/WindowPV_reporting/measure.xml
[19:29:05.187628 INFO] Zip: Extracting measures/WindowPV_reporting/resources/
[19:29:05.187832 INFO] Zip: Extracting measures/WindowPV_reporting/resources/os_lib_helper_methods.rb
[19:29:05.188466 INFO] Zip: Extracting measures/WindowPV_reporting/resources/report.html.in
[19:29:05.189037 INFO] Zip: Extracting measures/WindowPV_reporting/tests/
[19:29:05.189217 INFO] Zip: Extracting measures/WindowPV_reporting/tests/USA_CO_Golden-NREL.724666_TMY3.epw
[19:29:05.208079 INFO] Zip: Extracting measures/WindowPV_reporting/tests/example_model.osm
[19:29:05.210447 INFO] Zip: Extracting measures/WindowPV_reporting/tests/ubi_qd_reporting_test.rb
[19:29:05.211199 INFO] Zip: Extracting measures/a_inject_window_specific_idf_objects/
[19:29:05.211427 INFO] Zip: Extracting measures/a_inject_window_specific_idf_objects/LICENSE.md
[19:29:05.211969 INFO] Zip: Extracting measures/a_inject_window_specific_idf_objects/measure.rb
[19:29:05.212648 INFO] Zip: Extracting measures/a_inject_window_specific_idf_objects/measure.xml
[19:29:05.213214 INFO] Zip: Extracting measures/a_inject_window_specific_idf_objects/tests/
[19:29:05.213396 INFO] Zip: Extracting measures/a_inject_window_specific_idf_objects/tests/EnvelopeAndLoadTestModel_01.osm
[19:29:05.369018 INFO] Zip: Extracting measures/a_inject_window_specific_idf_objects/tests/Example B - BlockEnergyCharge.idf
[19:29:05.369534 INFO] Zip: Extracting measures/a_inject_window_specific_idf_objects/tests/measure_Test.rb
[19:29:05.369874 INFO] Zip: Extracting measures/a_inject_window_specific_idf_objects/tests/test.osw
[19:29:05.370492 INFO] Zip: Extracting measures/add_thermochromic_bipv/
[19:29:05.370701 INFO] Zip: Extracting measures/add_thermochromic_bipv/measure.rb
[19:29:05.371185 INFO] Zip: Extracting measures/add_thermochromic_bipv/measure.xml
[19:29:05.371539 INFO] Zip: Extracting measures/add_thermochromic_bipv/resources/
[19:29:05.371690 INFO] Zip: Extracting measures/add_thermochromic_bipv/resources/HVACSizing.Model.rb
[19:29:05.372120 INFO] Zip: Extracting measures/add_thermochromic_bipv/resources/Standards.Construction.rb
[19:29:05.372501 INFO] Zip: Extracting measures/add_thermochromic_bipv/resources/os_lib_helper_methods.rb
[19:29:05.372902 INFO] Zip: Extracting measures/add_thermochromic_bipv/resources/os_lib_schedules.rb
[19:29:05.373475 INFO] Zip: Extracting measures/create_bar_from_building_type_ratios/
[19:29:05.373688 INFO] Zip: Extracting measures/create_bar_from_building_type_ratios/LICENSE.md
[19:29:05.374082 INFO] Zip: Extracting measures/create_bar_from_building_type_ratios/README.md
[19:29:05.374418 INFO] Zip: Extracting measures/create_bar_from_building_type_ratios/README.md.erb
[19:29:05.374727 INFO] Zip: Extracting measures/create_bar_from_building_type_ratios/measure.rb
[19:29:05.375256 INFO] Zip: Extracting measures/create_bar_from_building_type_ratios/measure.xml
[19:29:05.375662 INFO] Zip: Extracting measures/create_bar_from_building_type_ratios/resources/
[19:29:05.375804 INFO] Zip: Extracting measures/create_bar_from_building_type_ratios/resources/os_lib_geometry.rb
[19:29:05.376496 INFO] Zip: Extracting measures/create_bar_from_building_type_ratios/resources/os_lib_helper_methods.rb
[19:29:05.376903 INFO] Zip: Extracting measures/create_bar_from_building_type_ratios/resources/os_lib_model_generation.rb
[19:29:05.377440 INFO] Zip: Extracting measures/create_bar_from_building_type_ratios/resources/os_lib_model_simplification.rb
[19:29:05.378026 INFO] Zip: Extracting measures/create_bar_from_building_type_ratios/tests/
[19:29:05.378174 INFO] Zip: Extracting measures/create_bar_from_building_type_ratios/tests/create_bar_from_building_type_ratios_test.rb
[19:29:05.378564 INFO] Zip: Extracting measures/create_bar_from_building_type_ratios/tests/example_model.osm
[19:29:05.380686 INFO] Zip: Extracting measures/create_typical_building_from_model/
[19:29:05.380878 INFO] Zip: Extracting measures/create_typical_building_from_model/LICENSE.md
[19:29:05.381309 INFO] Zip: Extracting measures/create_typical_building_from_model/README.md
[19:29:05.382001 INFO] Zip: Extracting measures/create_typical_building_from_model/README.md.erb
[19:29:05.382304 INFO] Zip: Extracting measures/create_typical_building_from_model/measure.rb
[19:29:05.382843 INFO] Zip: Extracting measures/create_typical_building_from_model/measure.xml
[19:29:05.383242 INFO] Zip: Extracting measures/create_typical_building_from_model/resources/
[19:29:05.383387 INFO] Zip: Extracting measures/create_typical_building_from_model/resources/Model.hvac.rb
[19:29:05.383765 INFO] Zip: Extracting measures/create_typical_building_from_model/resources/os_lib_helper_methods.rb
[19:29:05.384274 INFO] Zip: Extracting measures/create_typical_building_from_model/resources/os_lib_model_generation.rb
[19:29:05.384864 INFO] Zip: Extracting measures/create_typical_building_from_model/tests/
[19:29:05.385032 INFO] Zip: Extracting measures/create_typical_building_from_model/tests/GenericGbxml.osm
[19:29:05.387291 INFO] Zip: Extracting measures/create_typical_building_from_model/tests/LargeOffice04.osm
[19:29:05.393794 INFO] Zip: Extracting measures/create_typical_building_from_model/tests/MidriseApartment.osm
[19:29:05.514940 INFO] Zip: Extracting measures/create_typical_building_from_model/tests/SmallOffice.osm
[19:29:05.516886 INFO] Zip: Extracting measures/create_typical_building_from_model/tests/USA_TX_Houston-Bush.Intercontinental.AP.722430_TMY3.epw
[19:29:05.526236 INFO] Zip: Extracting measures/create_typical_building_from_model/tests/create_typical_building_from_model_test.rb
[19:29:05.526709 INFO] Zip: Extracting measures/create_typical_building_from_model/tests/test.osw
[19:29:05.527355 INFO] Zip: Extracting measures/create_typical_building_from_model/tests/test_hvac.rb
[19:29:05.527732 INFO] Zip: Extracting measures/export_variableto_csv_variables_for_bipvpce/
[19:29:05.527886 INFO] Zip: Extracting measures/export_variableto_csv_variables_for_bipvpce/measure.rb
[19:29:05.528267 INFO] Zip: Extracting measures/export_variableto_csv_variables_for_bipvpce/measure.xml
[19:29:05.528615 INFO] Zip: Extracting measures/export_variableto_csv_variables_for_bipvpce/resources/
[19:29:05.528754 INFO] Zip: Extracting measures/export_variableto_csv_variables_for_bipvpce/resources/report.html.in
[19:29:05.529070 INFO] Zip: Extracting measures/export_variableto_csv_variables_for_bipvpce/tests/
[19:29:05.529200 INFO] Zip: Extracting measures/export_variableto_csv_variables_for_bipvpce/tests/ExportVariabletoCSV_test.rb
[19:29:05.529515 INFO] Zip: Extracting measures/export_variableto_csv_variables_for_bipvpce/tests/example_model.osm
[19:29:05.530613 INFO] Zip: Extracting measures/inject_idf_window_objects/
[19:29:05.530767 INFO] Zip: Extracting measures/inject_idf_window_objects/LICENSE.md
[19:29:05.531088 INFO] Zip: Extracting measures/inject_idf_window_objects/measure.rb
[19:29:05.531473 INFO] Zip: Extracting measures/inject_idf_window_objects/measure.xml
[19:29:05.531806 INFO] Zip: Extracting measures/inject_idf_window_objects/tests/
[19:29:05.531936 INFO] Zip: Extracting measures/inject_idf_window_objects/tests/EnvelopeAndLoadTestModel_01.osm
[19:29:05.536139 INFO] Zip: Extracting measures/inject_idf_window_objects/tests/Example B - BlockEnergyCharge.idf
[19:29:05.536608 INFO] Zip: Extracting measures/inject_idf_window_objects/tests/measure_Test.rb
[19:29:05.536925 INFO] Zip: Extracting measures/inject_idf_window_objects/tests/test.osw
[19:29:05.537508 INFO] Zip: Extracting seeds/switchglaze/
[19:29:05.537671 INFO] Zip: Extracting seeds/switchglaze.osm
[19:29:05.549439 INFO] Zip: Extracting seeds/switchglaze/files/
[19:29:05.549669 INFO] Zip: Extracting seeds/switchglaze/measures/
[19:29:05.549801 INFO] Zip: Extracting seeds/switchglaze/run/
[19:29:05.549929 INFO] Zip: Extracting seeds/switchglaze/workflow.osw
[19:29:05.550428 INFO] Zip: Extracting weather/DEU_Hamburg.101470_IWEC.ddy
[19:29:05.550865 INFO] Zip: Extracting weather/DEU_Hamburg.101470_IWEC.epw
[19:29:05.559909 INFO] Zip: Extracting weather/DEU_Hamburg.101470_IWEC.stat
[19:29:05.560734 INFO] Zip: Extracting weather/JPN_Tokyo.Hyakuri.477150_IWEC.ddy
[19:29:05.561155 INFO] Zip: Extracting weather/JPN_Tokyo.Hyakuri.477150_IWEC.epw
[19:29:05.569867 INFO] Zip: Extracting weather/JPN_Tokyo.Hyakuri.477150_IWEC.stat
[19:29:05.570537 INFO] Zip: Extracting weather/SAU_Riyadh.404380_IWEC.ddy
[19:29:05.570927 INFO] Zip: Extracting weather/SAU_Riyadh.404380_IWEC.epw
[19:29:05.579714 INFO] Zip: Extracting weather/SAU_Riyadh.404380_IWEC.stat
[19:29:05.580393 INFO] Zip: Extracting weather/SGP_Singapore.486980_IWEC.ddy
[19:29:05.580787 INFO] Zip: Extracting weather/SGP_Singapore.486980_IWEC.epw
[19:29:05.594731 INFO] Zip: Extracting weather/SGP_Singapore.486980_IWEC.stat
[19:29:05.595555 INFO] Zip: Extracting weather/USA_AK_Fairbanks.Intl.AP.702610_TMY3.ddy
[19:29:05.596106 INFO] Zip: Extracting weather/USA_AK_Fairbanks.Intl.AP.702610_TMY3.epw
[19:29:05.609977 INFO] Zip: Extracting weather/USA_AK_Fairbanks.Intl.AP.702610_TMY3.stat
[19:29:05.610860 INFO] Zip: Extracting weather/USA_AZ_Tucson.Intl.AP.722740_TMY3.ddy
[19:29:05.611404 INFO] Zip: Extracting weather/USA_AZ_Tucson.Intl.AP.722740_TMY3.epw
[19:29:05.625262 INFO] Zip: Extracting weather/USA_AZ_Tucson.Intl.AP.722740_TMY3.stat
[19:29:05.626132 INFO] Zip: Extracting weather/USA_CA_San.Diego-Lindbergh.Field.722900_TMY3.ddy
[19:29:05.626683 INFO] Zip: Extracting weather/USA_CA_San.Diego-Lindbergh.Field.722900_TMY3.epw
[19:29:05.834497 INFO] Zip: Extracting weather/USA_CA_San.Diego-Lindbergh.Field.722900_TMY3.stat
[19:29:05.835847 INFO] Zip: Extracting weather/USA_CO_Denver.Intl.AP.725650_TMY3.ddy
[19:29:05.836742 INFO] Zip: Extracting weather/USA_CO_Denver.Intl.AP.725650_TMY3.epw
[19:29:05.854879 INFO] Zip: Extracting weather/USA_CO_Denver.Intl.AP.725650_TMY3.stat
[19:29:05.856087 INFO] Zip: Extracting weather/USA_FL_Tampa.Intl.AP.722110_TMY3.ddy
[19:29:05.856877 INFO] Zip: Extracting weather/USA_FL_Tampa.Intl.AP.722110_TMY3.epw
[19:29:05.873774 INFO] Zip: Extracting weather/USA_FL_Tampa.Intl.AP.722110_TMY3.stat
[19:29:05.874885 INFO] Zip: Extracting weather/USA_GA_Atlanta-Hartsfield-Jackson.Intl.AP.722190_TMY3.ddy
[19:29:05.875598 INFO] Zip: Extracting weather/USA_GA_Atlanta-Hartsfield-Jackson.Intl.AP.722190_TMY3.epw
[19:29:06.030142 INFO] Zip: Extracting weather/USA_GA_Atlanta-Hartsfield-Jackson.Intl.AP.722190_TMY3.stat
[19:29:06.031122 INFO] Zip: Extracting weather/USA_HI_Honolulu.Intl.AP.911820_TMY3.ddy
[19:29:06.031689 INFO] Zip: Extracting weather/USA_HI_Honolulu.Intl.AP.911820_TMY3.epw
[19:29:06.045380 INFO] Zip: Extracting weather/USA_HI_Honolulu.Intl.AP.911820_TMY3.stat
[19:29:06.046315 INFO] Zip: Extracting weather/USA_MN_International.Falls.Intl.AP.727470_TMY3.ddy
[19:29:06.047049 INFO] Zip: Extracting weather/USA_MN_International.Falls.Intl.AP.727470_TMY3.epw
[19:29:06.072153 INFO] Zip: Extracting weather/USA_MN_International.Falls.Intl.AP.727470_TMY3.stat
[19:29:06.073047 INFO] Zip: Extracting weather/USA_MN_Rochester.Intl.AP.726440_TMY3.ddy
[19:29:06.073561 INFO] Zip: Extracting weather/USA_MN_Rochester.Intl.AP.726440_TMY3.epw
[19:29:06.085332 INFO] Zip: Extracting weather/USA_MN_Rochester.Intl.AP.726440_TMY3.stat
[19:29:06.086248 INFO] Zip: Extracting weather/USA_MT_Great.Falls.Intl.AP.727750_TMY3.ddy
[19:29:06.086759 INFO] Zip: Extracting weather/USA_MT_Great.Falls.Intl.AP.727750_TMY3.epw
[19:29:06.098845 INFO] Zip: Extracting weather/USA_MT_Great.Falls.Intl.AP.727750_TMY3.stat
[19:29:06.099684 INFO] Zip: Extracting weather/USA_NM_Albuquerque.Intl.AP.723650_TMY3.ddy
[19:29:06.100191 INFO] Zip: Extracting weather/USA_NM_Albuquerque.Intl.AP.723650_TMY3.epw
[19:29:06.112441 INFO] Zip: Extracting weather/USA_NM_Albuquerque.Intl.AP.723650_TMY3.stat
[19:29:06.113387 INFO] Zip: Extracting weather/USA_NY_Buffalo-Greater.Buffalo.Intl.AP.725280_TMY3.ddy
[19:29:06.114017 INFO] Zip: Extracting weather/USA_NY_Buffalo-Greater.Buffalo.Intl.AP.725280_TMY3.epw
[19:29:06.129837 INFO] Zip: Extracting weather/USA_NY_Buffalo-Greater.Buffalo.Intl.AP.725280_TMY3.stat
[19:29:06.130847 INFO] Zip: Extracting weather/USA_NY_New.York-J.F.Kennedy.Intl.AP.744860_TMY3.ddy
[19:29:06.131476 INFO] Zip: Extracting weather/USA_NY_New.York-J.F.Kennedy.Intl.AP.744860_TMY3.epw
[19:29:06.152433 INFO] Zip: Extracting weather/USA_NY_New.York-J.F.Kennedy.Intl.AP.744860_TMY3.stat
[19:29:06.153244 INFO] Zip: Extracting weather/USA_TX_El.Paso.Intl.AP.722700_TMY3.ddy
[19:29:06.153868 INFO] Zip: Extracting weather/USA_TX_El.Paso.Intl.AP.722700_TMY3.epw
[19:29:06.165471 INFO] Zip: Extracting weather/USA_TX_El.Paso.Intl.AP.722700_TMY3.stat
[19:29:06.166261 INFO] Zip: Extracting weather/USA_WA_Port.Angeles-William.R.Fairchild.Intl.AP.727885_TMY3.ddy
[19:29:06.166918 INFO] Zip: Extracting weather/USA_WA_Port.Angeles-William.R.Fairchild.Intl.AP.727885_TMY3.epw
[19:29:06.178222 INFO] Zip: Extracting weather/USA_WA_Port.Angeles-William.R.Fairchild.Intl.AP.727885_TMY3.stat
[19:29:06.179114 INFO] Zip: Extracting weather/USA_WA_Seattle-Tacoma.Intl.AP.727930_TMY3.ddy
[19:29:06.179624 INFO] Zip: Extracting weather/USA_WA_Seattle-Tacoma.Intl.AP.727930_TMY3.epw
[19:29:06.191099 INFO] Zip: Extracting weather/USA_WA_Seattle-Tacoma.Intl.AP.727930_TMY3.stat
[19:29:06.195183 INFO] Downloading analysis.json from http://web:80/analyses/72a216d4-3a64-4cd6-8e04-b9bc3af7ff20.json
[19:29:06.265694 INFO] Checking for presence of args file at /mnt/openstudio/analysis_72a216d4-3a64-4cd6-8e04-b9bc3af7ff20/scripts/data_point/initialize.args
[19:29:06.265777 INFO] Checking for presence of script file at /mnt/openstudio/analysis_72a216d4-3a64-4cd6-8e04-b9bc3af7ff20/scripts/data_point/initialize.sh
[19:29:06.265839 INFO] Finished worker initialization
[19:29:06.265898 INFO] RestClient delete
[19:29:06.265939 INFO] delete post_count = 1
[19:29:06.283299 INFO] Downloading datapoint from http://web:80/data_points/d895a884-42d3-4a2f-858e-cb7420063e19.json
[19:29:06.283405 INFO] get url post_count = 1
[19:29:06.307993 INFO] Creating Workflow Manager instance
[19:29:06.308119 INFO] Directory is /mnt/openstudio/analysis_72a216d4-3a64-4cd6-8e04-b9bc3af7ff20/data_point_d895a884-42d3-4a2f-858e-cb7420063e19
[19:29:06.308215 INFO] Opening run.log file '/mnt/openstudio/analysis_72a216d4-3a64-4cd6-8e04-b9bc3af7ff20/data_point_d895a884-42d3-4a2f-858e-cb7420063e19/run/run.log'
[19:29:06.308490 WARN] Error finding Oscli: OPENSTUDIO_EXE_PATH not set
[19:29:06.324630 WARN] Defaulting to fun Oscli via /usr/local/bin/openstudio
[19:29:06.324808 INFO] Returning Oscli cmd: /usr/local/bin/openstudio --bundle /var/oscli/Gemfile --bundle_path /var/oscli/gems 
[19:29:06.325073 INFO] Running workflow using cmd /usr/local/bin/openstudio --bundle /var/oscli/Gemfile --bundle_path /var/oscli/gems   run --workflow '/mnt/openstudio/analysis_72a216d4-3a64-4cd6-8e04-b9bc3af7ff20/data_point_d895a884-42d3-4a2f-858e-cb7420063e19/data_point.osw'  and writing log to /mnt/openstudio/analysis_72a216d4-3a64-4cd6-8e04-b9bc3af7ff20/data_point_d895a884-42d3-4a2f-858e-cb7420063e19/oscli_simulation.log
[19:29:27.402929 INFO] Oscli output: /var/oscli/gems/ruby/2.5.0/gems/openstudio-standards-0.2.11/lib/openstudio-standards/btap/btap.rb:56: warning: constant ::Fixnum is deprecated
[openstudio.standards.Model] <1> Model has been assigned a weather file, but the file is not in the specified location of 'file:////mnt/openstudio/analysis_72a216d4-3a64-4cd6-8e04-b9bc3af7ff20/weather/SAU_Riyadh.404380_IWEC.epw'.
[19:29:22.997844 WARN] Could not add loads for Plenum. Not expected for 90.1-2013
[19:29:26.837727 WARN] [openstudio.standards.Construction] Requested U-value of 0.58 for Typical Insulated Exterior Mass Wall is too low given the other materials in the construction; insulation layer will not be modified.
[19:29:26.838217 WARN] [openstudio.standards.Construction] Can only set the u-value of opaque constructions or simple glazing. U 0.60 SHGC 0.25 Dbl 2.5mm air is not opaque or simple glazing.
[19:29:26.838576 WARN] [openstudio.standards.Construction] Can only set the u-value of opaque constructions or simple glazing. U 0.65 SHGC 0.25 Dbl Ref-C-H Clr 6mm/6mm Air is not opaque or simple glazing.
[19:29:26.838723 WARN] [openstudio.standards.Construction] Requested U-value of 1.1686635536297982 for Typical Overhead Door is greater than the sum of the inside and outside resistance, and the max U-value (6.636 SI) is used instead.
[19:29:26.838987 WARN] [openstudio.standards.Construction] Can only set the u-value of opaque constructions or simple glazing. Window_U_0.75_SHGC_0.35_Skylight_Frame_Width_2.339_in is not opaque or simple glazing.
[19:29:26.839786 WARN] [openstudio.weather.Model] Could not find ground temperatures; will use generic temperatures, which will skew results.
[19:29:26.854040 ERROR] [openstudio.standards.Model] Model has been assigned a weather file, but the file is not in the specified location of 'file:////mnt/openstudio/analysis_72a216d4-3a64-4cd6-8e04-b9bc3af7ff20/weather/SAU_Riyadh.404380_IWEC.epw'.
[19:29:27.080186 ERROR] /var/oscli/gems/ruby/2.5.0/gems/openstudio-workflow-2.0.0/lib/openstudio/workflow/util/measure.rb failed with message Runner error /var/oscli/gems/ruby/2.5.0/gems/openstudio-workflow-2.0.0/lib/openstudio/workflow/util/measure.rb failed with Measure create_typical_building_from_model reported an error with ["[openstudio.standards.Model] Model has been assigned a weather file, but the file is not in the specified location of 'file:////mnt/openstudio/analysis_72a216d4-3a64-4cd6-8e04-b9bc3af7ff20/weather/SAU_Riyadh.404380_IWEC.epw'."], /var/oscli/gems/ruby/2.5.0/gems/openstudio-workflow-2.0.0/lib/openstudio/workflow/util/measure.rb:560:in `apply_measure'
/var/oscli/gems/ruby/2.5.0/gems/openstudio-workflow-2.0.0/lib/openstudio/workflow/util/measure.rb:109:in `block in apply_measures'
/var/oscli/gems/ruby/2.5.0/gems/openstudio-workflow-2.0.0/lib/openstudio/workflow/util/measure.rb:67:in `each_index'
/var/oscli/gems/ruby/2.5.0/gems/openstudio-workflow-2.0.0/lib/openstudio/workflow/util/measure.rb:67:in `apply_measures'
/var/oscli/gems/ruby/2.5.0/gems/openstudio-workflow-2.0.0/lib/openstudio/workflow/jobs/run_os_measures.rb:70:in `perform'
/var/oscli/gems/ruby/2.5.0/gems/openstudio-workflow-2.0.0/lib/openstudio/workflow/run.rb:292:in `step'
/var/oscli/gems/ruby/2.5.0/gems/openstudio-workflow-2.0.0/lib/openstudio/workflow/run.rb:234:in `run'
:/openstudio_cli.rb:960:in `execute'
:/openstudio_cli.rb:750:in `execute'
:/openstudio_cli.rb:1744:in `<main>'
eval:174:in `eval'
eval:174:in `require_embedded_absolute'
eval:160:in `block in require_embedded'
eval:154:in `each'
eval:154:in `require_embedded'
eval:113:in `require'
eval:3:in `<main>' in /var/oscli/gems/ruby/2.5.0/gems/openstudio-workflow-2.0.0/lib/openstudio/workflow/util/measure.rb:598:in `rescue in apply_measure'
/var/oscli/gems/ruby/2.5.0/gems/openstudio-workflow-2.0.0/lib/openstudio/workflow/util/measure.rb:548:in `apply_measure'
/var/oscli/gems/ruby/2.5.0/gems/openstudio-workflow-2.0.0/lib/openstudio/workflow/util/measure.rb:109:in `block in apply_measures'
/var/oscli/gems/ruby/2.5.0/gems/openstudio-workflow-2.0.0/lib/openstudio/workflow/util/measure.rb:67:in `each_index'
/var/oscli/gems/ruby/2.5.0/gems/openstudio-workflow-2.0.0/lib/openstudio/workflow/util/measure.rb:67:in `apply_measures'
/var/oscli/gems/ruby/2.5.0/gems/openstudio-workflow-2.0.0/lib/openstudio/workflow/jobs/run_os_measures.rb:70:in `perform'
/var/oscli/gems/ruby/2.5.0/gems/openstudio-workflow-2.0.0/lib/openstudio/workflow/run.rb:292:in `step'
/var/oscli/gems/ruby/2.5.0/gems/openstudio-workflow-2.0.0/lib/openstudio/workflow/run.rb:234:in `run'
:/openstudio_cli.rb:960:in `execute'
:/openstudio_cli.rb:750:in `execute'
:/openstudio_cli.rb:1744:in `<main>'
eval:174:in `eval'
eval:174:in `require_embedded_absolute'
eval:160:in `block in require_embedded'
eval:154:in `each'
eval:154:in `require_embedded'
eval:113:in `require'
eval:3:in `<main>'
[19:29:27.083929 ERROR] Found error in state 'os_measures' with message ["/var/oscli/gems/ruby/2.5.0/gems/openstudio-workflow-2.0.0/lib/openstudio/workflow/util/measure.rb failed with message Runner error /var/oscli/gems/ruby/2.5.0/gems/openstudio-workflow-2.0.0/lib/openstudio/workflow/util/measure.rb failed with Measure create_typical_building_from_model reported an error with [\"[openstudio.standards.Model] Model has been assigned a weather file, but the file is not in the specified location of 'file:////mnt/openstudio/analysis_72a216d4-3a64-4cd6-8e04-b9bc3af7ff20/weather/SAU_Riyadh.404380_IWEC.epw'.\"], /var/oscli/gems/ruby/2.5.0/gems/openstudio-workflow-2.0.0/lib/openstudio/workflow/util/measure.rb:560:in `apply_measure'\n/var/oscli/gems/ruby/2.5.0/gems/openstudio-workflow-2.0.0/lib/openstudio/workflow/util/measure.rb:109:in `block in apply_measures'\n/var/oscli/gems/ruby/2.5.0/gems/openstudio-workflow-2.0.0/lib/openstudio/workflow/util/measure.rb:67:in `each_index'\n/var/oscli/gems/ruby/2.5.0/gems/openstudio-workflow-2.0.0/lib/openstudio/workflow/util/measure.rb:67:in `apply_measures'\n/var/oscli/gems/ruby/2.5.0/gems/openstudio-workflow-2.0.0/lib/openstudio/workflow/jobs/run_os_measures.rb:70:in `perform'\n/var/oscli/gems/ruby/2.5.0/gems/openstudio-workflow-2.0.0/lib/openstudio/workflow/run.rb:292:in `step'\n/var/oscli/gems/ruby/2.5.0/gems/openstudio-workflow-2.0.0/lib/openstudio/workflow/run.rb:234:in `run'\n:/openstudio_cli.rb:960:in `execute'\n:/openstudio_cli.rb:750:in `execute'\n:/openstudio_cli.rb:1744:in `<main>'\neval:174:in `eval'\neval:174:in `require_embedded_absolute'\neval:160:in `block in require_embedded'\neval:154:in `each'\neval:154:in `require_embedded'\neval:113:in `require'\neval:3:in `<main>' in /var/oscli/gems/ruby/2.5.0/gems/openstudio-workflow-2.0.0/lib/openstudio/workflow/util/measure.rb:598:in `rescue in apply_measure'\n/var/oscli/gems/ruby/2.5.0/gems/openstudio-workflow-2.0.0/lib/openstudio/workflow/util/measure.rb:548:in `apply_measure'\n/var/oscli/gems/ruby/2.5.0/gems/openstudio-workflow-2.0.0/lib/openstudio/workflow/util/measure.rb:109:in `block in apply_measures'\n/var/oscli/gems/ruby/2.5.0/gems/openstudio-workflow-2.0.0/lib/openstudio/workflow/util/measure.rb:67:in `each_index'\n/var/oscli/gems/ruby/2.5.0/gems/openstudio-workflow-2.0.0/lib/openstudio/workflow/util/measure.rb:67:in `apply_measures'\n/var/oscli/gems/ruby/2.5.0/gems/openstudio-workflow-2.0.0/lib/openstudio/workflow/jobs/run_os_measures.rb:70:in `perform'\n/var/oscli/gems/ruby/2.5.0/gems/openstudio-workflow-2.0.0/lib/openstudio/workflow/run.rb:292:in `step'\n/var/oscli/gems/ruby/2.5.0/gems/openstudio-workflow-2.0.0/lib/openstudio/workflow/run.rb:234:in `run'\n:/openstudio_cli.rb:960:in `execute'\n:/openstudio_cli.rb:750:in `execute'\n:/openstudio_cli.rb:1744:in `<main>'\neval:174:in `eval'\neval:174:in `require_embedded_absolute'\neval:160:in `block in require_embedded'\neval:154:in `each'\neval:154:in `require_embedded'\neval:113:in `require'\neval:3:in `<main>':/var/oscli/gems/ruby/2.5.0/gems/openstudio-workflow-2.0.0/lib/openstudio/workflow/util/measure.rb:647:in `rescue in apply_measure'\n/var/oscli/gems/ruby/2.5.0/gems/openstudio-workflow-2.0.0/lib/openstudio/workflow/util/measure.rb:305:in `apply_measure'\n/var/oscli/gems/ruby/2.5.0/gems/openstudio-workflow-2.0.0/lib/openstudio/workflow/util/measure.rb:109:in `block in apply_measures'\n/var/oscli/gems/ruby/2.5.0/gems/openstudio-workflow-2.0.0/lib/openstudio/workflow/util/measure.rb:67:in `each_index'\n/var/oscli/gems/ruby/2.5.0/gems/openstudio-workflow-2.0.0/lib/openstudio/workflow/util/measure.rb:67:in `apply_measures'\n/var/oscli/gems/ruby/2.5.0/gems/openstudio-workflow-2.0.0/lib/openstudio/workflow/jobs/run_os_measures.rb:70:in `perform'\n/var/oscli/gems/ruby/2.5.0/gems/openstudio-workflow-2.0.0/lib/openstudio/workflow/run.rb:292:in `step'\n/var/oscli/gems/ruby/2.5.0/gems/openstudio-workflow-2.0.0/lib/openstudio/workflow/run.rb:234:in `run'\n:/openstudio_cli.rb:960:in `execute'\n:/openstudio_cli.rb:750:in `execute'\n:/openstudio_cli.rb:1744:in `<main>'\neval:174:in `eval'\neval:174:in `require_embedded_absolute'\neval:160:in `block in require_embedded'\neval:154:in `each'\neval:154:in `require_embedded'\neval:113:in `require'\neval:3:in `<main>'"]}

[19:29:27.403848 ERROR] Could not find results /mnt/openstudio/analysis_72a216d4-3a64-4cd6-8e04-b9bc3af7ff20/data_point_d895a884-42d3-4a2f-858e-cb7420063e19/run/measure_attributes.json
[19:29:27.403901 INFO] Saving files/reports back to the server
[19:29:27.404211 INFO] Saving report /mnt/openstudio/analysis_72a216d4-3a64-4cd6-8e04-b9bc3af7ff20/data_point_d895a884-42d3-4a2f-858e-cb7420063e19/out.osw to http://web:80/data_points/d895a884-42d3-4a2f-858e-cb7420063e19/upload_file
[19:29:27.436646 INFO] Saving report responded with {"id":"5efb9297ce5ea001352be9e8","data_point_id":"d895a884-42d3-4a2f-858e-cb7420063e19","display_name":"Final OSW File","type":"Report","created_at":"2020-06-30T19:29:27.419Z","updated_at":"2020-06-30T19:29:27.419Z"}
[19:29:27.437079 INFO] Saving report /mnt/openstudio/analysis_72a216d4-3a64-4cd6-8e04-b9bc3af7ff20/data_point_d895a884-42d3-4a2f-858e-cb7420063e19/run/data_point.zip to http://web:80/data_points/d895a884-42d3-4a2f-858e-cb7420063e19/upload_file
[19:29:27.481652 INFO] Saving report responded with {"id":"5efb9297ce5ea001352be9e9","data_point_id":"d895a884-42d3-4a2f-858e-cb7420063e19","display_name":"Zip File","type":"Data Point","created_at":"2020-06-30T19:29:27.460Z","updated_at":"2020-06-30T19:29:27.460Z"}
[19:29:27.481955 INFO] Checking for presence of args file at /mnt/openstudio/analysis_72a216d4-3a64-4cd6-8e04-b9bc3af7ff20/scripts/data_point/finalize.args
[19:29:27.482021 INFO] Checking for presence of script file at /mnt/openstudio/analysis_72a216d4-3a64-4cd6-8e04-b9bc3af7ff20/scripts/data_point/finalize.sh
[19:29:27.487114 INFO] Finished /opt/openstudio/server/app/jobs/dj_jobs/run_simulate_data_point.rb
