# Logfile created on 2020-06-30 19:29:01 +0000 by logger.rb/61378
[19:29:01.130392 INFO] Server host is http://web:80
[19:29:01.130539 INFO] Analysis directory is /mnt/openstudio/analysis_72a216d4-3a64-4cd6-8e04-b9bc3af7ff20
[19:29:01.130607 INFO] Simulation directory is /mnt/openstudio/analysis_72a216d4-3a64-4cd6-8e04-b9bc3af7ff20/data_point_8481bf5f-9ce6-4540-b39c-447cbeb122ec
[19:29:01.130651 INFO] Run datapoint type/file is 
[19:29:01.130702 INFO] Starting initialize_worker for datapoint 8481bf5f-9ce6-4540-b39c-447cbeb122ec
[19:29:01.131075 INFO] Downloading analysis zip from http://web:80/analyses/72a216d4-3a64-4cd6-8e04-b9bc3af7ff20/download_analysis_zip
[19:29:02.006025 INFO] Extracting analysis zip to /mnt/openstudio/analysis_72a216d4-3a64-4cd6-8e04-b9bc3af7ff20
[19:29:02.018817 INFO] Zip: Extracting lib/resources/ASHRAE_zone12_Spec.idf
[19:29:02.020068 INFO] Zip: Extracting lib/resources/ASHRAE_zone3_Spec.idf
[19:29:02.020557 INFO] Zip: Extracting lib/resources/ASHRAE_zone456_Spec.idf
[19:29:02.021104 INFO] Zip: Extracting lib/resources/ASHRAE_zone78_Spec.idf
[19:29:02.021669 INFO] Zip: Extracting lib/resources/GlzSys19_13F-air-9_Spec.idf
[19:29:02.022781 INFO] Zip: Extracting lib/resources/GlzSys20_14F-air-3000_Spec.idf
[19:29:02.023918 INFO] Zip: Extracting lib/resources/GlzSys21_13F-air-3000_Spec.idf
[19:29:02.025060 INFO] Zip: Extracting lib/resources/GlzSys_10-air-9_Spec.idf
[19:29:02.026209 INFO] Zip: Extracting lib/resources/GlzSys_10F-air-3000_Spec.idf
[19:29:02.027365 INFO] Zip: Extracting lib/resources/GlzSys_11F-air-3000_Spec.idf
[19:29:02.028513 INFO] Zip: Extracting lib/resources/GlzSys_16095-air-3000_Spec.idf
[19:29:02.029592 INFO] Zip: Extracting lib/resources/GlzSys_16095-air-9_Spec.idf
[19:29:02.030726 INFO] Zip: Extracting lib/resources/GlzSys_6374-air-3000_Spec.idf
[19:29:02.031824 INFO] Zip: Extracting lib/resources/GlzSys_Dark_PV_Spec.idf
[19:29:02.032537 INFO] Zip: Extracting lib/resources/GlzSys_Light_PV_Spec.idf
[19:29:02.033168 INFO] Zip: Extracting lib/resources/GlzSys_Thermochromic_30C.idf
[19:29:02.033989 INFO] Zip: Extracting lib/resources/GlzSys_Thermochromic_35C.idf
[19:29:02.034801 INFO] Zip: Extracting lib/resources/GlzSys_Thermochromic_40C.idf
[19:29:02.035679 INFO] Zip: Extracting lib/resources/SG_zone12_Spec.idf
[19:29:02.036994 INFO] Zip: Extracting lib/resources/SG_zone3_Spec.idf
[19:29:02.037819 INFO] Zip: Extracting lib/resources/SG_zone456_Spec.idf
[19:29:02.038970 INFO] Zip: Extracting lib/resources/SG_zone78_Spec.idf
[19:29:02.040059 INFO] Zip: Extracting lib/resources/Window_PV_No_frame_Spec_Spec.idf
[19:29:02.040726 INFO] Zip: Extracting lib/resources/Window_PV_frame_Spec.idf
[19:29:02.041388 INFO] Zip: Extracting measures/AddMeter/
[19:29:02.041632 INFO] Zip: Extracting measures/AddMeter/LICENSE.md
[19:29:02.042022 INFO] Zip: Extracting measures/AddMeter/New folder/
[19:29:02.042168 INFO] Zip: Extracting measures/AddMeter/README.md
[19:29:02.042512 INFO] Zip: Extracting measures/AddMeter/README.md.erb
[19:29:02.042839 INFO] Zip: Extracting measures/AddMeter/measure.rb
[19:29:02.043257 INFO] Zip: Extracting measures/AddMeter/measure.xml
[19:29:02.043602 INFO] Zip: Extracting measures/AddMeter/tests/
[19:29:02.043743 INFO] Zip: Extracting measures/AddMeter/tests/AddMeter_Test.rb
[19:29:02.044107 INFO] Zip: Extracting measures/AddOutputVariable/
[19:29:02.044247 INFO] Zip: Extracting measures/AddOutputVariable/LICENSE.md
[19:29:02.044663 INFO] Zip: Extracting measures/AddOutputVariable/README.md
[19:29:02.044981 INFO] Zip: Extracting measures/AddOutputVariable/README.md.erb
[19:29:02.045317 INFO] Zip: Extracting measures/AddOutputVariable/measure.rb
[19:29:02.045705 INFO] Zip: Extracting measures/AddOutputVariable/measure.xml
[19:29:02.046100 INFO] Zip: Extracting measures/AddOutputVariable/tests/
[19:29:02.046245 INFO] Zip: Extracting measures/AddOutputVariable/tests/AddOutputVariable_Test.rb
[19:29:02.046612 INFO] Zip: Extracting measures/ChangeBuildingLocation/
[19:29:02.046749 INFO] Zip: Extracting measures/ChangeBuildingLocation/LICENSE.md
[19:29:02.047138 INFO] Zip: Extracting measures/ChangeBuildingLocation/README.md
[19:29:02.047481 INFO] Zip: Extracting measures/ChangeBuildingLocation/README.md.erb
[19:29:02.047824 INFO] Zip: Extracting measures/ChangeBuildingLocation/measure.rb
[19:29:02.048282 INFO] Zip: Extracting measures/ChangeBuildingLocation/measure.xml
[19:29:02.048899 INFO] Zip: Extracting measures/ChangeBuildingLocation/resources/
[19:29:02.049043 INFO] Zip: Extracting measures/ChangeBuildingLocation/resources/epw.rb
[19:29:02.049454 INFO] Zip: Extracting measures/ChangeBuildingLocation/resources/os_lib_helper_methods.rb
[19:29:02.049899 INFO] Zip: Extracting measures/ChangeBuildingLocation/resources/stat_file.rb
[19:29:02.050313 INFO] Zip: Extracting measures/ChangeBuildingLocation/tests/
[19:29:02.050470 INFO] Zip: Extracting measures/ChangeBuildingLocation/tests/USA_MA_Boston-Logan.Intl.AP.725090_TMY3.ddy
[19:29:02.050908 INFO] Zip: Extracting measures/ChangeBuildingLocation/tests/USA_MA_Boston-Logan.Intl.AP.725090_TMY3.epw
[19:29:02.061526 INFO] Zip: Extracting measures/ChangeBuildingLocation/tests/USA_MA_Boston-Logan.Intl.AP.725090_TMY3.stat
[19:29:02.062287 INFO] Zip: Extracting measures/ChangeBuildingLocation/tests/USA_WA_Renton.Muni.AP.727934_TMY3.ddy
[19:29:02.062700 INFO] Zip: Extracting measures/ChangeBuildingLocation/tests/USA_WA_Renton.Muni.AP.727934_TMY3.epw
[19:29:02.077207 INFO] Zip: Extracting measures/ChangeBuildingLocation/tests/USA_WA_Renton.Muni.AP.727934_TMY3.stat
[19:29:02.078095 INFO] Zip: Extracting measures/ChangeBuildingLocation/tests/another_weather_file.ddy
[19:29:02.078712 INFO] Zip: Extracting measures/ChangeBuildingLocation/tests/another_weather_file.epw
[19:29:02.094050 INFO] Zip: Extracting measures/ChangeBuildingLocation/tests/another_weather_file.stat
[19:29:02.095431 INFO] Zip: Extracting measures/ChangeBuildingLocation/tests/change_building_location_test.rb
[19:29:02.096150 INFO] Zip: Extracting measures/ChangeBuildingLocation/tests/multiyear.ddy
[19:29:02.097069 INFO] Zip: Extracting measures/ChangeBuildingLocation/tests/multiyear.epw
[19:29:02.098491 INFO] Zip: Extracting measures/ChangeBuildingLocation/tests/multiyear.stat
[19:29:02.099544 INFO] Zip: Extracting measures/ChangeBuildingLocation/tests/test.osm
[19:29:02.105748 INFO] Zip: Extracting measures/ChangeBuildingLocation/tests/test.osw
[19:29:02.106959 INFO] Zip: Extracting measures/ServerDirectoryCleanup/
[19:29:02.107174 INFO] Zip: Extracting measures/ServerDirectoryCleanup/LICENSE.md
[19:29:02.107742 INFO] Zip: Extracting measures/ServerDirectoryCleanup/measure.rb
[19:29:02.108325 INFO] Zip: Extracting measures/ServerDirectoryCleanup/measure.xml
[19:29:02.108958 INFO] Zip: Extracting measures/ServerDirectoryCleanup/tests/
[19:29:02.109145 INFO] Zip: Extracting measures/ServerDirectoryCleanup/tests/ServerDirectoryCleanup_test.rb
[19:29:02.109739 INFO] Zip: Extracting measures/ServerDirectoryCleanup/tests/USA_CO_Golden-NREL.724666_TMY3.epw
[19:29:02.129993 INFO] Zip: Extracting measures/ServerDirectoryCleanup/tests/example_model.osm
[19:29:02.132513 INFO] Zip: Extracting measures/WindowPV_reporting/
[19:29:02.132747 INFO] Zip: Extracting measures/WindowPV_reporting/measure.rb
[19:29:02.133593 INFO] Zip: Extracting measures/WindowPV_reporting/measure.xml
[19:29:02.134200 INFO] Zip: Extracting measures/WindowPV_reporting/resources/
[19:29:02.134396 INFO] Zip: Extracting measures/WindowPV_reporting/resources/os_lib_helper_methods.rb
[19:29:02.135033 INFO] Zip: Extracting measures/WindowPV_reporting/resources/report.html.in
[19:29:02.135579 INFO] Zip: Extracting measures/WindowPV_reporting/tests/
[19:29:02.135775 INFO] Zip: Extracting measures/WindowPV_reporting/tests/USA_CO_Golden-NREL.724666_TMY3.epw
[19:29:02.155920 INFO] Zip: Extracting measures/WindowPV_reporting/tests/example_model.osm
[19:29:02.158397 INFO] Zip: Extracting measures/WindowPV_reporting/tests/ubi_qd_reporting_test.rb
[19:29:02.159021 INFO] Zip: Extracting measures/a_inject_window_specific_idf_objects/
[19:29:02.159234 INFO] Zip: Extracting measures/a_inject_window_specific_idf_objects/LICENSE.md
[19:29:02.159827 INFO] Zip: Extracting measures/a_inject_window_specific_idf_objects/measure.rb
[19:29:02.160563 INFO] Zip: Extracting measures/a_inject_window_specific_idf_objects/measure.xml
[19:29:02.161175 INFO] Zip: Extracting measures/a_inject_window_specific_idf_objects/tests/
[19:29:02.161360 INFO] Zip: Extracting measures/a_inject_window_specific_idf_objects/tests/EnvelopeAndLoadTestModel_01.osm
[19:29:02.282972 INFO] Zip: Extracting measures/a_inject_window_specific_idf_objects/tests/Example B - BlockEnergyCharge.idf
[19:29:02.283477 INFO] Zip: Extracting measures/a_inject_window_specific_idf_objects/tests/measure_Test.rb
[19:29:02.283843 INFO] Zip: Extracting measures/a_inject_window_specific_idf_objects/tests/test.osw
[19:29:02.284555 INFO] Zip: Extracting measures/add_thermochromic_bipv/
[19:29:02.284732 INFO] Zip: Extracting measures/add_thermochromic_bipv/measure.rb
[19:29:02.285187 INFO] Zip: Extracting measures/add_thermochromic_bipv/measure.xml
[19:29:02.285591 INFO] Zip: Extracting measures/add_thermochromic_bipv/resources/
[19:29:02.285744 INFO] Zip: Extracting measures/add_thermochromic_bipv/resources/HVACSizing.Model.rb
[19:29:02.286223 INFO] Zip: Extracting measures/add_thermochromic_bipv/resources/Standards.Construction.rb
[19:29:02.286619 INFO] Zip: Extracting measures/add_thermochromic_bipv/resources/os_lib_helper_methods.rb
[19:29:02.287073 INFO] Zip: Extracting measures/add_thermochromic_bipv/resources/os_lib_schedules.rb
[19:29:02.287658 INFO] Zip: Extracting measures/create_bar_from_building_type_ratios/
[19:29:02.287811 INFO] Zip: Extracting measures/create_bar_from_building_type_ratios/LICENSE.md
[19:29:02.288181 INFO] Zip: Extracting measures/create_bar_from_building_type_ratios/README.md
[19:29:02.288587 INFO] Zip: Extracting measures/create_bar_from_building_type_ratios/README.md.erb
[19:29:02.288932 INFO] Zip: Extracting measures/create_bar_from_building_type_ratios/measure.rb
[19:29:02.289545 INFO] Zip: Extracting measures/create_bar_from_building_type_ratios/measure.xml
[19:29:02.289982 INFO] Zip: Extracting measures/create_bar_from_building_type_ratios/resources/
[19:29:02.290131 INFO] Zip: Extracting measures/create_bar_from_building_type_ratios/resources/os_lib_geometry.rb
[19:29:02.290736 INFO] Zip: Extracting measures/create_bar_from_building_type_ratios/resources/os_lib_helper_methods.rb
[19:29:02.291173 INFO] Zip: Extracting measures/create_bar_from_building_type_ratios/resources/os_lib_model_generation.rb
[19:29:02.291751 INFO] Zip: Extracting measures/create_bar_from_building_type_ratios/resources/os_lib_model_simplification.rb
[19:29:02.292394 INFO] Zip: Extracting measures/create_bar_from_building_type_ratios/tests/
[19:29:02.292550 INFO] Zip: Extracting measures/create_bar_from_building_type_ratios/tests/create_bar_from_building_type_ratios_test.rb
[19:29:02.292969 INFO] Zip: Extracting measures/create_bar_from_building_type_ratios/tests/example_model.osm
[19:29:02.295391 INFO] Zip: Extracting measures/create_typical_building_from_model/
[19:29:02.295567 INFO] Zip: Extracting measures/create_typical_building_from_model/LICENSE.md
[19:29:02.295954 INFO] Zip: Extracting measures/create_typical_building_from_model/README.md
[19:29:02.296325 INFO] Zip: Extracting measures/create_typical_building_from_model/README.md.erb
[19:29:02.296681 INFO] Zip: Extracting measures/create_typical_building_from_model/measure.rb
[19:29:02.297280 INFO] Zip: Extracting measures/create_typical_building_from_model/measure.xml
[19:29:02.297725 INFO] Zip: Extracting measures/create_typical_building_from_model/resources/
[19:29:02.297872 INFO] Zip: Extracting measures/create_typical_building_from_model/resources/Model.hvac.rb
[19:29:02.298301 INFO] Zip: Extracting measures/create_typical_building_from_model/resources/os_lib_helper_methods.rb
[19:29:02.298739 INFO] Zip: Extracting measures/create_typical_building_from_model/resources/os_lib_model_generation.rb
[19:29:02.299341 INFO] Zip: Extracting measures/create_typical_building_from_model/tests/
[19:29:02.299490 INFO] Zip: Extracting measures/create_typical_building_from_model/tests/GenericGbxml.osm
[19:29:02.301971 INFO] Zip: Extracting measures/create_typical_building_from_model/tests/LargeOffice04.osm
[19:29:02.308731 INFO] Zip: Extracting measures/create_typical_building_from_model/tests/MidriseApartment.osm
[19:29:02.423640 INFO] Zip: Extracting measures/create_typical_building_from_model/tests/SmallOffice.osm
[19:29:02.425926 INFO] Zip: Extracting measures/create_typical_building_from_model/tests/USA_TX_Houston-Bush.Intercontinental.AP.722430_TMY3.epw
[19:29:02.436371 INFO] Zip: Extracting measures/create_typical_building_from_model/tests/create_typical_building_from_model_test.rb
[19:29:02.436915 INFO] Zip: Extracting measures/create_typical_building_from_model/tests/test.osw
[19:29:02.437667 INFO] Zip: Extracting measures/create_typical_building_from_model/tests/test_hvac.rb
[19:29:02.438087 INFO] Zip: Extracting measures/export_variableto_csv_variables_for_bipvpce/
[19:29:02.438247 INFO] Zip: Extracting measures/export_variableto_csv_variables_for_bipvpce/measure.rb
[19:29:02.438681 INFO] Zip: Extracting measures/export_variableto_csv_variables_for_bipvpce/measure.xml
[19:29:02.439077 INFO] Zip: Extracting measures/export_variableto_csv_variables_for_bipvpce/resources/
[19:29:02.439223 INFO] Zip: Extracting measures/export_variableto_csv_variables_for_bipvpce/resources/report.html.in
[19:29:02.439551 INFO] Zip: Extracting measures/export_variableto_csv_variables_for_bipvpce/tests/
[19:29:02.439701 INFO] Zip: Extracting measures/export_variableto_csv_variables_for_bipvpce/tests/ExportVariabletoCSV_test.rb
[19:29:02.440062 INFO] Zip: Extracting measures/export_variableto_csv_variables_for_bipvpce/tests/example_model.osm
[19:29:02.441407 INFO] Zip: Extracting measures/inject_idf_window_objects/
[19:29:02.442167 INFO] Zip: Extracting measures/inject_idf_window_objects/LICENSE.md
[19:29:02.442537 INFO] Zip: Extracting measures/inject_idf_window_objects/measure.rb
[19:29:02.442988 INFO] Zip: Extracting measures/inject_idf_window_objects/measure.xml
[19:29:02.443374 INFO] Zip: Extracting measures/inject_idf_window_objects/tests/
[19:29:02.443521 INFO] Zip: Extracting measures/inject_idf_window_objects/tests/EnvelopeAndLoadTestModel_01.osm
[19:29:02.448264 INFO] Zip: Extracting measures/inject_idf_window_objects/tests/Example B - BlockEnergyCharge.idf
[19:29:02.448737 INFO] Zip: Extracting measures/inject_idf_window_objects/tests/measure_Test.rb
[19:29:02.449079 INFO] Zip: Extracting measures/inject_idf_window_objects/tests/test.osw
[19:29:02.449720 INFO] Zip: Extracting seeds/switchglaze/
[19:29:02.449893 INFO] Zip: Extracting seeds/switchglaze.osm
[19:29:02.463606 INFO] Zip: Extracting seeds/switchglaze/files/
[19:29:02.463848 INFO] Zip: Extracting seeds/switchglaze/measures/
[19:29:02.463996 INFO] Zip: Extracting seeds/switchglaze/run/
[19:29:02.464135 INFO] Zip: Extracting seeds/switchglaze/workflow.osw
[19:29:02.464551 INFO] Zip: Extracting weather/DEU_Hamburg.101470_IWEC.ddy
[19:29:02.465170 INFO] Zip: Extracting weather/DEU_Hamburg.101470_IWEC.epw
[19:29:02.477952 INFO] Zip: Extracting weather/DEU_Hamburg.101470_IWEC.stat
[19:29:02.478985 INFO] Zip: Extracting weather/JPN_Tokyo.Hyakuri.477150_IWEC.ddy
[19:29:02.479588 INFO] Zip: Extracting weather/JPN_Tokyo.Hyakuri.477150_IWEC.epw
[19:29:02.493331 INFO] Zip: Extracting weather/JPN_Tokyo.Hyakuri.477150_IWEC.stat
[19:29:02.494480 INFO] Zip: Extracting weather/SAU_Riyadh.404380_IWEC.ddy
[19:29:02.495135 INFO] Zip: Extracting weather/SAU_Riyadh.404380_IWEC.epw
[19:29:02.509930 INFO] Zip: Extracting weather/SAU_Riyadh.404380_IWEC.stat
[19:29:02.510979 INFO] Zip: Extracting weather/SGP_Singapore.486980_IWEC.ddy
[19:29:02.511628 INFO] Zip: Extracting weather/SGP_Singapore.486980_IWEC.epw
[19:29:02.532631 INFO] Zip: Extracting weather/SGP_Singapore.486980_IWEC.stat
[19:29:02.533989 INFO] Zip: Extracting weather/USA_AK_Fairbanks.Intl.AP.702610_TMY3.ddy
[19:29:02.534911 INFO] Zip: Extracting weather/USA_AK_Fairbanks.Intl.AP.702610_TMY3.epw
[19:29:02.555672 INFO] Zip: Extracting weather/USA_AK_Fairbanks.Intl.AP.702610_TMY3.stat
[19:29:02.556683 INFO] Zip: Extracting weather/USA_AZ_Tucson.Intl.AP.722740_TMY3.ddy
[19:29:02.557285 INFO] Zip: Extracting weather/USA_AZ_Tucson.Intl.AP.722740_TMY3.epw
[19:29:02.577927 INFO] Zip: Extracting weather/USA_AZ_Tucson.Intl.AP.722740_TMY3.stat
[19:29:02.579251 INFO] Zip: Extracting weather/USA_CA_San.Diego-Lindbergh.Field.722900_TMY3.ddy
[19:29:02.580119 INFO] Zip: Extracting weather/USA_CA_San.Diego-Lindbergh.Field.722900_TMY3.epw
[19:29:02.715909 INFO] Zip: Extracting weather/USA_CA_San.Diego-Lindbergh.Field.722900_TMY3.stat
[19:29:02.716966 INFO] Zip: Extracting weather/USA_CO_Denver.Intl.AP.725650_TMY3.ddy
[19:29:02.717621 INFO] Zip: Extracting weather/USA_CO_Denver.Intl.AP.725650_TMY3.epw
[19:29:02.731741 INFO] Zip: Extracting weather/USA_CO_Denver.Intl.AP.725650_TMY3.stat
[19:29:02.732515 INFO] Zip: Extracting weather/USA_FL_Tampa.Intl.AP.722110_TMY3.ddy
[19:29:02.733011 INFO] Zip: Extracting weather/USA_FL_Tampa.Intl.AP.722110_TMY3.epw
[19:29:02.743762 INFO] Zip: Extracting weather/USA_FL_Tampa.Intl.AP.722110_TMY3.stat
[19:29:02.744580 INFO] Zip: Extracting weather/USA_GA_Atlanta-Hartsfield-Jackson.Intl.AP.722190_TMY3.ddy
[19:29:02.745065 INFO] Zip: Extracting weather/USA_GA_Atlanta-Hartsfield-Jackson.Intl.AP.722190_TMY3.epw
[19:29:02.859353 INFO] Zip: Extracting weather/USA_GA_Atlanta-Hartsfield-Jackson.Intl.AP.722190_TMY3.stat
[19:29:02.860193 INFO] Zip: Extracting weather/USA_HI_Honolulu.Intl.AP.911820_TMY3.ddy
[19:29:02.860673 INFO] Zip: Extracting weather/USA_HI_Honolulu.Intl.AP.911820_TMY3.epw
[19:29:02.871080 INFO] Zip: Extracting weather/USA_HI_Honolulu.Intl.AP.911820_TMY3.stat
[19:29:02.871901 INFO] Zip: Extracting weather/USA_MN_International.Falls.Intl.AP.727470_TMY3.ddy
[19:29:02.872400 INFO] Zip: Extracting weather/USA_MN_International.Falls.Intl.AP.727470_TMY3.epw
[19:29:02.888578 INFO] Zip: Extracting weather/USA_MN_International.Falls.Intl.AP.727470_TMY3.stat
[19:29:02.889304 INFO] Zip: Extracting weather/USA_MN_Rochester.Intl.AP.726440_TMY3.ddy
[19:29:02.889762 INFO] Zip: Extracting weather/USA_MN_Rochester.Intl.AP.726440_TMY3.epw
[19:29:02.900249 INFO] Zip: Extracting weather/USA_MN_Rochester.Intl.AP.726440_TMY3.stat
[19:29:02.901171 INFO] Zip: Extracting weather/USA_MT_Great.Falls.Intl.AP.727750_TMY3.ddy
[19:29:02.901632 INFO] Zip: Extracting weather/USA_MT_Great.Falls.Intl.AP.727750_TMY3.epw
[19:29:02.911771 INFO] Zip: Extracting weather/USA_MT_Great.Falls.Intl.AP.727750_TMY3.stat
[19:29:02.912638 INFO] Zip: Extracting weather/USA_NM_Albuquerque.Intl.AP.723650_TMY3.ddy
[19:29:02.913076 INFO] Zip: Extracting weather/USA_NM_Albuquerque.Intl.AP.723650_TMY3.epw
[19:29:02.923223 INFO] Zip: Extracting weather/USA_NM_Albuquerque.Intl.AP.723650_TMY3.stat
[19:29:02.924030 INFO] Zip: Extracting weather/USA_NY_Buffalo-Greater.Buffalo.Intl.AP.725280_TMY3.ddy
[19:29:02.924490 INFO] Zip: Extracting weather/USA_NY_Buffalo-Greater.Buffalo.Intl.AP.725280_TMY3.epw
[19:29:02.934735 INFO] Zip: Extracting weather/USA_NY_Buffalo-Greater.Buffalo.Intl.AP.725280_TMY3.stat
[19:29:02.935559 INFO] Zip: Extracting weather/USA_NY_New.York-J.F.Kennedy.Intl.AP.744860_TMY3.ddy
[19:29:02.935999 INFO] Zip: Extracting weather/USA_NY_New.York-J.F.Kennedy.Intl.AP.744860_TMY3.epw
[19:29:02.954445 INFO] Zip: Extracting weather/USA_NY_New.York-J.F.Kennedy.Intl.AP.744860_TMY3.stat
[19:29:02.955411 INFO] Zip: Extracting weather/USA_TX_El.Paso.Intl.AP.722700_TMY3.ddy
[19:29:02.955866 INFO] Zip: Extracting weather/USA_TX_El.Paso.Intl.AP.722700_TMY3.epw
[19:29:02.966185 INFO] Zip: Extracting weather/USA_TX_El.Paso.Intl.AP.722700_TMY3.stat
[19:29:02.967011 INFO] Zip: Extracting weather/USA_WA_Port.Angeles-William.R.Fairchild.Intl.AP.727885_TMY3.ddy
[19:29:02.967445 INFO] Zip: Extracting weather/USA_WA_Port.Angeles-William.R.Fairchild.Intl.AP.727885_TMY3.epw
[19:29:02.977728 INFO] Zip: Extracting weather/USA_WA_Port.Angeles-William.R.Fairchild.Intl.AP.727885_TMY3.stat
[19:29:02.978646 INFO] Zip: Extracting weather/USA_WA_Seattle-Tacoma.Intl.AP.727930_TMY3.ddy
[19:29:02.979123 INFO] Zip: Extracting weather/USA_WA_Seattle-Tacoma.Intl.AP.727930_TMY3.epw
[19:29:02.989676 INFO] Zip: Extracting weather/USA_WA_Seattle-Tacoma.Intl.AP.727930_TMY3.stat
[19:29:02.992887 INFO] Downloading analysis.json from http://web:80/analyses/72a216d4-3a64-4cd6-8e04-b9bc3af7ff20.json
[19:29:03.101890 INFO] Checking for presence of args file at /mnt/openstudio/analysis_72a216d4-3a64-4cd6-8e04-b9bc3af7ff20/scripts/data_point/initialize.args
[19:29:03.101979 INFO] Checking for presence of script file at /mnt/openstudio/analysis_72a216d4-3a64-4cd6-8e04-b9bc3af7ff20/scripts/data_point/initialize.sh
[19:29:03.102027 INFO] Finished worker initialization
[19:29:03.102056 INFO] RestClient delete
[19:29:03.102081 INFO] delete post_count = 1
[19:29:03.133651 INFO] Downloading datapoint from http://web:80/data_points/8481bf5f-9ce6-4540-b39c-447cbeb122ec.json
[19:29:03.133761 INFO] get url post_count = 1
[19:29:03.157829 INFO] Creating Workflow Manager instance
[19:29:03.157938 INFO] Directory is /mnt/openstudio/analysis_72a216d4-3a64-4cd6-8e04-b9bc3af7ff20/data_point_8481bf5f-9ce6-4540-b39c-447cbeb122ec
[19:29:03.158038 INFO] Opening run.log file '/mnt/openstudio/analysis_72a216d4-3a64-4cd6-8e04-b9bc3af7ff20/data_point_8481bf5f-9ce6-4540-b39c-447cbeb122ec/run/run.log'
[19:29:03.158264 WARN] Error finding Oscli: OPENSTUDIO_EXE_PATH not set
[19:29:03.180307 WARN] Defaulting to fun Oscli via /usr/local/bin/openstudio
[19:29:03.180517 INFO] Returning Oscli cmd: /usr/local/bin/openstudio --bundle /var/oscli/Gemfile --bundle_path /var/oscli/gems 
[19:29:03.180786 INFO] Running workflow using cmd /usr/local/bin/openstudio --bundle /var/oscli/Gemfile --bundle_path /var/oscli/gems   run --workflow '/mnt/openstudio/analysis_72a216d4-3a64-4cd6-8e04-b9bc3af7ff20/data_point_8481bf5f-9ce6-4540-b39c-447cbeb122ec/data_point.osw'  and writing log to /mnt/openstudio/analysis_72a216d4-3a64-4cd6-8e04-b9bc3af7ff20/data_point_8481bf5f-9ce6-4540-b39c-447cbeb122ec/oscli_simulation.log
[19:29:24.203007 INFO] Oscli output: /var/oscli/gems/ruby/2.5.0/gems/openstudio-standards-0.2.11/lib/openstudio-standards/btap/btap.rb:56: warning: constant ::Fixnum is deprecated
[openstudio.standards.Model] <1> Model has been assigned a weather file, but the file is not in the specified location of 'file:////mnt/openstudio/analysis_72a216d4-3a64-4cd6-8e04-b9bc3af7ff20/weather/SAU_Riyadh.404380_IWEC.epw'.
[19:29:20.202916 WARN] Could not add loads for Plenum. Not expected for 90.1-2013
[19:29:23.683771 WARN] [openstudio.standards.Construction] Requested U-value of 0.58 for Typical Insulated Exterior Mass Wall is too low given the other materials in the construction; insulation layer will not be modified.
[19:29:23.684491 WARN] [openstudio.standards.Construction] Can only set the u-value of opaque constructions or simple glazing. U 0.60 SHGC 0.25 Dbl 2.5mm air is not opaque or simple glazing.
[19:29:23.684956 WARN] [openstudio.standards.Construction] Can only set the u-value of opaque constructions or simple glazing. U 0.65 SHGC 0.25 Dbl Ref-C-H Clr 6mm/6mm Air is not opaque or simple glazing.
[19:29:23.685141 WARN] [openstudio.standards.Construction] Requested U-value of 1.1686635536297982 for Typical Overhead Door is greater than the sum of the inside and outside resistance, and the max U-value (6.636 SI) is used instead.
[19:29:23.685478 WARN] [openstudio.standards.Construction] Can only set the u-value of opaque constructions or simple glazing. Window_U_0.75_SHGC_0.35_Skylight_Frame_Width_2.339_in is not opaque or simple glazing.
[19:29:23.686498 WARN] [openstudio.weather.Model] Could not find ground temperatures; will use generic temperatures, which will skew results.
[19:29:23.702592 ERROR] [openstudio.standards.Model] Model has been assigned a weather file, but the file is not in the specified location of 'file:////mnt/openstudio/analysis_72a216d4-3a64-4cd6-8e04-b9bc3af7ff20/weather/SAU_Riyadh.404380_IWEC.epw'.
[19:29:23.911894 ERROR] /var/oscli/gems/ruby/2.5.0/gems/openstudio-workflow-2.0.0/lib/openstudio/workflow/util/measure.rb failed with message Runner error /var/oscli/gems/ruby/2.5.0/gems/openstudio-workflow-2.0.0/lib/openstudio/workflow/util/measure.rb failed with Measure create_typical_building_from_model reported an error with ["[openstudio.standards.Model] Model has been assigned a weather file, but the file is not in the specified location of 'file:////mnt/openstudio/analysis_72a216d4-3a64-4cd6-8e04-b9bc3af7ff20/weather/SAU_Riyadh.404380_IWEC.epw'."], /var/oscli/gems/ruby/2.5.0/gems/openstudio-workflow-2.0.0/lib/openstudio/workflow/util/measure.rb:560:in `apply_measure'
/var/oscli/gems/ruby/2.5.0/gems/openstudio-workflow-2.0.0/lib/openstudio/workflow/util/measure.rb:109:in `block in apply_measures'
/var/oscli/gems/ruby/2.5.0/gems/openstudio-workflow-2.0.0/lib/openstudio/workflow/util/measure.rb:67:in `each_index'
/var/oscli/gems/ruby/2.5.0/gems/openstudio-workflow-2.0.0/lib/openstudio/workflow/util/measure.rb:67:in `apply_measures'
/var/oscli/gems/ruby/2.5.0/gems/openstudio-workflow-2.0.0/lib/openstudio/workflow/jobs/run_os_measures.rb:70:in `perform'
/var/oscli/gems/ruby/2.5.0/gems/openstudio-workflow-2.0.0/lib/openstudio/workflow/run.rb:292:in `step'
/var/oscli/gems/ruby/2.5.0/gems/openstudio-workflow-2.0.0/lib/openstudio/workflow/run.rb:234:in `run'
:/openstudio_cli.rb:960:in `execute'
:/openstudio_cli.rb:750:in `execute'
:/openstudio_cli.rb:1744:in `<main>'
eval:174:in `eval'
eval:174:in `require_embedded_absolute'
eval:160:in `block in require_embedded'
eval:154:in `each'
eval:154:in `require_embedded'
eval:113:in `require'
eval:3:in `<main>' in /var/oscli/gems/ruby/2.5.0/gems/openstudio-workflow-2.0.0/lib/openstudio/workflow/util/measure.rb:598:in `rescue in apply_measure'
/var/oscli/gems/ruby/2.5.0/gems/openstudio-workflow-2.0.0/lib/openstudio/workflow/util/measure.rb:548:in `apply_measure'
/var/oscli/gems/ruby/2.5.0/gems/openstudio-workflow-2.0.0/lib/openstudio/workflow/util/measure.rb:109:in `block in apply_measures'
/var/oscli/gems/ruby/2.5.0/gems/openstudio-workflow-2.0.0/lib/openstudio/workflow/util/measure.rb:67:in `each_index'
/var/oscli/gems/ruby/2.5.0/gems/openstudio-workflow-2.0.0/lib/openstudio/workflow/util/measure.rb:67:in `apply_measures'
/var/oscli/gems/ruby/2.5.0/gems/openstudio-workflow-2.0.0/lib/openstudio/workflow/jobs/run_os_measures.rb:70:in `perform'
/var/oscli/gems/ruby/2.5.0/gems/openstudio-workflow-2.0.0/lib/openstudio/workflow/run.rb:292:in `step'
/var/oscli/gems/ruby/2.5.0/gems/openstudio-workflow-2.0.0/lib/openstudio/workflow/run.rb:234:in `run'
:/openstudio_cli.rb:960:in `execute'
:/openstudio_cli.rb:750:in `execute'
:/openstudio_cli.rb:1744:in `<main>'
eval:174:in `eval'
eval:174:in `require_embedded_absolute'
eval:160:in `block in require_embedded'
eval:154:in `each'
eval:154:in `require_embedded'
eval:113:in `require'
eval:3:in `<main>'
[19:29:23.914855 ERROR] Found error in state 'os_measures' with message ["/var/oscli/gems/ruby/2.5.0/gems/openstudio-workflow-2.0.0/lib/openstudio/workflow/util/measure.rb failed with message Runner error /var/oscli/gems/ruby/2.5.0/gems/openstudio-workflow-2.0.0/lib/openstudio/workflow/util/measure.rb failed with Measure create_typical_building_from_model reported an error with [\"[openstudio.standards.Model] Model has been assigned a weather file, but the file is not in the specified location of 'file:////mnt/openstudio/analysis_72a216d4-3a64-4cd6-8e04-b9bc3af7ff20/weather/SAU_Riyadh.404380_IWEC.epw'.\"], /var/oscli/gems/ruby/2.5.0/gems/openstudio-workflow-2.0.0/lib/openstudio/workflow/util/measure.rb:560:in `apply_measure'\n/var/oscli/gems/ruby/2.5.0/gems/openstudio-workflow-2.0.0/lib/openstudio/workflow/util/measure.rb:109:in `block in apply_measures'\n/var/oscli/gems/ruby/2.5.0/gems/openstudio-workflow-2.0.0/lib/openstudio/workflow/util/measure.rb:67:in `each_index'\n/var/oscli/gems/ruby/2.5.0/gems/openstudio-workflow-2.0.0/lib/openstudio/workflow/util/measure.rb:67:in `apply_measures'\n/var/oscli/gems/ruby/2.5.0/gems/openstudio-workflow-2.0.0/lib/openstudio/workflow/jobs/run_os_measures.rb:70:in `perform'\n/var/oscli/gems/ruby/2.5.0/gems/openstudio-workflow-2.0.0/lib/openstudio/workflow/run.rb:292:in `step'\n/var/oscli/gems/ruby/2.5.0/gems/openstudio-workflow-2.0.0/lib/openstudio/workflow/run.rb:234:in `run'\n:/openstudio_cli.rb:960:in `execute'\n:/openstudio_cli.rb:750:in `execute'\n:/openstudio_cli.rb:1744:in `<main>'\neval:174:in `eval'\neval:174:in `require_embedded_absolute'\neval:160:in `block in require_embedded'\neval:154:in `each'\neval:154:in `require_embedded'\neval:113:in `require'\neval:3:in `<main>' in /var/oscli/gems/ruby/2.5.0/gems/openstudio-workflow-2.0.0/lib/openstudio/workflow/util/measure.rb:598:in `rescue in apply_measure'\n/var/oscli/gems/ruby/2.5.0/gems/openstudio-workflow-2.0.0/lib/openstudio/workflow/util/measure.rb:548:in `apply_measure'\n/var/oscli/gems/ruby/2.5.0/gems/openstudio-workflow-2.0.0/lib/openstudio/workflow/util/measure.rb:109:in `block in apply_measures'\n/var/oscli/gems/ruby/2.5.0/gems/openstudio-workflow-2.0.0/lib/openstudio/workflow/util/measure.rb:67:in `each_index'\n/var/oscli/gems/ruby/2.5.0/gems/openstudio-workflow-2.0.0/lib/openstudio/workflow/util/measure.rb:67:in `apply_measures'\n/var/oscli/gems/ruby/2.5.0/gems/openstudio-workflow-2.0.0/lib/openstudio/workflow/jobs/run_os_measures.rb:70:in `perform'\n/var/oscli/gems/ruby/2.5.0/gems/openstudio-workflow-2.0.0/lib/openstudio/workflow/run.rb:292:in `step'\n/var/oscli/gems/ruby/2.5.0/gems/openstudio-workflow-2.0.0/lib/openstudio/workflow/run.rb:234:in `run'\n:/openstudio_cli.rb:960:in `execute'\n:/openstudio_cli.rb:750:in `execute'\n:/openstudio_cli.rb:1744:in `<main>'\neval:174:in `eval'\neval:174:in `require_embedded_absolute'\neval:160:in `block in require_embedded'\neval:154:in `each'\neval:154:in `require_embedded'\neval:113:in `require'\neval:3:in `<main>':/var/oscli/gems/ruby/2.5.0/gems/openstudio-workflow-2.0.0/lib/openstudio/workflow/util/measure.rb:647:in `rescue in apply_measure'\n/var/oscli/gems/ruby/2.5.0/gems/openstudio-workflow-2.0.0/lib/openstudio/workflow/util/measure.rb:305:in `apply_measure'\n/var/oscli/gems/ruby/2.5.0/gems/openstudio-workflow-2.0.0/lib/openstudio/workflow/util/measure.rb:109:in `block in apply_measures'\n/var/oscli/gems/ruby/2.5.0/gems/openstudio-workflow-2.0.0/lib/openstudio/workflow/util/measure.rb:67:in `each_index'\n/var/oscli/gems/ruby/2.5.0/gems/openstudio-workflow-2.0.0/lib/openstudio/workflow/util/measure.rb:67:in `apply_measures'\n/var/oscli/gems/ruby/2.5.0/gems/openstudio-workflow-2.0.0/lib/openstudio/workflow/jobs/run_os_measures.rb:70:in `perform'\n/var/oscli/gems/ruby/2.5.0/gems/openstudio-workflow-2.0.0/lib/openstudio/workflow/run.rb:292:in `step'\n/var/oscli/gems/ruby/2.5.0/gems/openstudio-workflow-2.0.0/lib/openstudio/workflow/run.rb:234:in `run'\n:/openstudio_cli.rb:960:in `execute'\n:/openstudio_cli.rb:750:in `execute'\n:/openstudio_cli.rb:1744:in `<main>'\neval:174:in `eval'\neval:174:in `require_embedded_absolute'\neval:160:in `block in require_embedded'\neval:154:in `each'\neval:154:in `require_embedded'\neval:113:in `require'\neval:3:in `<main>'"]}

[19:29:24.203945 ERROR] Could not find results /mnt/openstudio/analysis_72a216d4-3a64-4cd6-8e04-b9bc3af7ff20/data_point_8481bf5f-9ce6-4540-b39c-447cbeb122ec/run/measure_attributes.json
[19:29:24.204005 INFO] Saving files/reports back to the server
[19:29:24.204300 INFO] Saving report /mnt/openstudio/analysis_72a216d4-3a64-4cd6-8e04-b9bc3af7ff20/data_point_8481bf5f-9ce6-4540-b39c-447cbeb122ec/out.osw to http://web:80/data_points/8481bf5f-9ce6-4540-b39c-447cbeb122ec/upload_file
[19:29:24.234064 INFO] Saving report responded with {"id":"5efb9294ce5ea001352be9c7","data_point_id":"8481bf5f-9ce6-4540-b39c-447cbeb122ec","display_name":"Final OSW File","type":"Report","created_at":"2020-06-30T19:29:24.217Z","updated_at":"2020-06-30T19:29:24.217Z"}
[19:29:24.234473 INFO] Saving report /mnt/openstudio/analysis_72a216d4-3a64-4cd6-8e04-b9bc3af7ff20/data_point_8481bf5f-9ce6-4540-b39c-447cbeb122ec/run/data_point.zip to http://web:80/data_points/8481bf5f-9ce6-4540-b39c-447cbeb122ec/upload_file
[19:29:24.273283 INFO] Saving report responded with {"id":"5efb9294ce5ea001352be9c8","data_point_id":"8481bf5f-9ce6-4540-b39c-447cbeb122ec","display_name":"Zip File","type":"Data Point","created_at":"2020-06-30T19:29:24.256Z","updated_at":"2020-06-30T19:29:24.256Z"}
[19:29:24.273570 INFO] Checking for presence of args file at /mnt/openstudio/analysis_72a216d4-3a64-4cd6-8e04-b9bc3af7ff20/scripts/data_point/finalize.args
[19:29:24.273634 INFO] Checking for presence of script file at /mnt/openstudio/analysis_72a216d4-3a64-4cd6-8e04-b9bc3af7ff20/scripts/data_point/finalize.sh
[19:29:24.277960 INFO] Finished /opt/openstudio/server/app/jobs/dj_jobs/run_simulate_data_point.rb
