# Logfile created on 2020-06-30 19:29:02 +0000 by logger.rb/61378
[19:29:02.370597 INFO] Server host is http://web:80
[19:29:02.370815 INFO] Analysis directory is /mnt/openstudio/analysis_72a216d4-3a64-4cd6-8e04-b9bc3af7ff20
[19:29:02.370961 INFO] Simulation directory is /mnt/openstudio/analysis_72a216d4-3a64-4cd6-8e04-b9bc3af7ff20/data_point_bc4227de-b2ac-4470-b84a-d233a06d194c
[19:29:02.371086 INFO] Run datapoint type/file is 
[19:29:02.371157 INFO] Starting initialize_worker for datapoint bc4227de-b2ac-4470-b84a-d233a06d194c
[19:29:02.371905 INFO] Downloading analysis zip from http://web:80/analyses/72a216d4-3a64-4cd6-8e04-b9bc3af7ff20/download_analysis_zip
[19:29:05.778995 INFO] Extracting analysis zip to /mnt/openstudio/analysis_72a216d4-3a64-4cd6-8e04-b9bc3af7ff20
[19:29:05.795489 INFO] Zip: Extracting lib/resources/ASHRAE_zone12_Spec.idf
[19:29:05.797103 INFO] Zip: Extracting lib/resources/ASHRAE_zone3_Spec.idf
[19:29:05.797744 INFO] Zip: Extracting lib/resources/ASHRAE_zone456_Spec.idf
[19:29:05.798452 INFO] Zip: Extracting lib/resources/ASHRAE_zone78_Spec.idf
[19:29:05.799114 INFO] Zip: Extracting lib/resources/GlzSys19_13F-air-9_Spec.idf
[19:29:05.800406 INFO] Zip: Extracting lib/resources/GlzSys20_14F-air-3000_Spec.idf
[19:29:05.801708 INFO] Zip: Extracting lib/resources/GlzSys21_13F-air-3000_Spec.idf
[19:29:05.803048 INFO] Zip: Extracting lib/resources/GlzSys_10-air-9_Spec.idf
[19:29:05.804461 INFO] Zip: Extracting lib/resources/GlzSys_10F-air-3000_Spec.idf
[19:29:05.805805 INFO] Zip: Extracting lib/resources/GlzSys_11F-air-3000_Spec.idf
[19:29:05.807130 INFO] Zip: Extracting lib/resources/GlzSys_16095-air-3000_Spec.idf
[19:29:05.808546 INFO] Zip: Extracting lib/resources/GlzSys_16095-air-9_Spec.idf
[19:29:05.809992 INFO] Zip: Extracting lib/resources/GlzSys_6374-air-3000_Spec.idf
[19:29:05.811716 INFO] Zip: Extracting lib/resources/GlzSys_Dark_PV_Spec.idf
[19:29:05.812926 INFO] Zip: Extracting lib/resources/GlzSys_Light_PV_Spec.idf
[19:29:05.813961 INFO] Zip: Extracting lib/resources/GlzSys_Thermochromic_30C.idf
[19:29:05.815276 INFO] Zip: Extracting lib/resources/GlzSys_Thermochromic_35C.idf
[19:29:05.816725 INFO] Zip: Extracting lib/resources/GlzSys_Thermochromic_40C.idf
[19:29:05.818181 INFO] Zip: Extracting lib/resources/SG_zone12_Spec.idf
[19:29:05.819641 INFO] Zip: Extracting lib/resources/SG_zone3_Spec.idf
[19:29:05.821108 INFO] Zip: Extracting lib/resources/SG_zone456_Spec.idf
[19:29:05.823066 INFO] Zip: Extracting lib/resources/SG_zone78_Spec.idf
[19:29:05.825146 INFO] Zip: Extracting lib/resources/Window_PV_No_frame_Spec_Spec.idf
[19:29:05.826398 INFO] Zip: Extracting lib/resources/Window_PV_frame_Spec.idf
[19:29:05.827519 INFO] Zip: Extracting measures/AddMeter/
[19:29:05.827772 INFO] Zip: Extracting measures/AddMeter/LICENSE.md
[19:29:05.828372 INFO] Zip: Extracting measures/AddMeter/New folder/
[19:29:05.828568 INFO] Zip: Extracting measures/AddMeter/README.md
[19:29:05.829137 INFO] Zip: Extracting measures/AddMeter/README.md.erb
[19:29:05.829734 INFO] Zip: Extracting measures/AddMeter/measure.rb
[19:29:05.830378 INFO] Zip: Extracting measures/AddMeter/measure.xml
[19:29:05.830960 INFO] Zip: Extracting measures/AddMeter/tests/
[19:29:05.831181 INFO] Zip: Extracting measures/AddMeter/tests/AddMeter_Test.rb
[19:29:05.831865 INFO] Zip: Extracting measures/AddOutputVariable/
[19:29:05.832052 INFO] Zip: Extracting measures/AddOutputVariable/LICENSE.md
[19:29:05.832600 INFO] Zip: Extracting measures/AddOutputVariable/README.md
[19:29:05.833215 INFO] Zip: Extracting measures/AddOutputVariable/README.md.erb
[19:29:05.833850 INFO] Zip: Extracting measures/AddOutputVariable/measure.rb
[19:29:05.834529 INFO] Zip: Extracting measures/AddOutputVariable/measure.xml
[19:29:05.835133 INFO] Zip: Extracting measures/AddOutputVariable/tests/
[19:29:05.835354 INFO] Zip: Extracting measures/AddOutputVariable/tests/AddOutputVariable_Test.rb
[19:29:05.835954 INFO] Zip: Extracting measures/ChangeBuildingLocation/
[19:29:05.836149 INFO] Zip: Extracting measures/ChangeBuildingLocation/LICENSE.md
[19:29:05.836802 INFO] Zip: Extracting measures/ChangeBuildingLocation/README.md
[19:29:05.837379 INFO] Zip: Extracting measures/ChangeBuildingLocation/README.md.erb
[19:29:05.837906 INFO] Zip: Extracting measures/ChangeBuildingLocation/measure.rb
[19:29:05.838630 INFO] Zip: Extracting measures/ChangeBuildingLocation/measure.xml
[19:29:05.839281 INFO] Zip: Extracting measures/ChangeBuildingLocation/resources/
[19:29:05.839475 INFO] Zip: Extracting measures/ChangeBuildingLocation/resources/epw.rb
[19:29:05.840156 INFO] Zip: Extracting measures/ChangeBuildingLocation/resources/os_lib_helper_methods.rb
[19:29:05.840950 INFO] Zip: Extracting measures/ChangeBuildingLocation/resources/stat_file.rb
[19:29:05.841571 INFO] Zip: Extracting measures/ChangeBuildingLocation/tests/
[19:29:05.841805 INFO] Zip: Extracting measures/ChangeBuildingLocation/tests/USA_MA_Boston-Logan.Intl.AP.725090_TMY3.ddy
[19:29:05.842651 INFO] Zip: Extracting measures/ChangeBuildingLocation/tests/USA_MA_Boston-Logan.Intl.AP.725090_TMY3.epw
[19:29:05.863011 INFO] Zip: Extracting measures/ChangeBuildingLocation/tests/USA_MA_Boston-Logan.Intl.AP.725090_TMY3.stat
[19:29:05.864223 INFO] Zip: Extracting measures/ChangeBuildingLocation/tests/USA_WA_Renton.Muni.AP.727934_TMY3.ddy
[19:29:05.864795 INFO] Zip: Extracting measures/ChangeBuildingLocation/tests/USA_WA_Renton.Muni.AP.727934_TMY3.epw
[19:29:06.032612 INFO] Zip: Extracting measures/ChangeBuildingLocation/tests/USA_WA_Renton.Muni.AP.727934_TMY3.stat
[19:29:06.033563 INFO] Zip: Extracting measures/ChangeBuildingLocation/tests/another_weather_file.ddy
[19:29:06.034137 INFO] Zip: Extracting measures/ChangeBuildingLocation/tests/another_weather_file.epw
[19:29:06.047551 INFO] Zip: Extracting measures/ChangeBuildingLocation/tests/another_weather_file.stat
[19:29:06.048525 INFO] Zip: Extracting measures/ChangeBuildingLocation/tests/change_building_location_test.rb
[19:29:06.049119 INFO] Zip: Extracting measures/ChangeBuildingLocation/tests/multiyear.ddy
[19:29:06.049700 INFO] Zip: Extracting measures/ChangeBuildingLocation/tests/multiyear.epw
[19:29:06.050123 INFO] Zip: Extracting measures/ChangeBuildingLocation/tests/multiyear.stat
[19:29:06.050928 INFO] Zip: Extracting measures/ChangeBuildingLocation/tests/test.osm
[19:29:06.055067 INFO] Zip: Extracting measures/ChangeBuildingLocation/tests/test.osw
[19:29:06.056229 INFO] Zip: Extracting measures/ServerDirectoryCleanup/
[19:29:06.056517 INFO] Zip: Extracting measures/ServerDirectoryCleanup/LICENSE.md
[19:29:06.056982 INFO] Zip: Extracting measures/ServerDirectoryCleanup/measure.rb
[19:29:06.057460 INFO] Zip: Extracting measures/ServerDirectoryCleanup/measure.xml
[19:29:06.058002 INFO] Zip: Extracting measures/ServerDirectoryCleanup/tests/
[19:29:06.058232 INFO] Zip: Extracting measures/ServerDirectoryCleanup/tests/ServerDirectoryCleanup_test.rb
[19:29:06.058698 INFO] Zip: Extracting measures/ServerDirectoryCleanup/tests/USA_CO_Golden-NREL.724666_TMY3.epw
[19:29:06.209155 INFO] Zip: Extracting measures/ServerDirectoryCleanup/tests/example_model.osm
[19:29:06.210580 INFO] Zip: Extracting measures/WindowPV_reporting/
[19:29:06.210771 INFO] Zip: Extracting measures/WindowPV_reporting/measure.rb
[19:29:06.211262 INFO] Zip: Extracting measures/WindowPV_reporting/measure.xml
[19:29:06.211611 INFO] Zip: Extracting measures/WindowPV_reporting/resources/
[19:29:06.211743 INFO] Zip: Extracting measures/WindowPV_reporting/resources/os_lib_helper_methods.rb
[19:29:06.212094 INFO] Zip: Extracting measures/WindowPV_reporting/resources/report.html.in
[19:29:06.212429 INFO] Zip: Extracting measures/WindowPV_reporting/tests/
[19:29:06.212558 INFO] Zip: Extracting measures/WindowPV_reporting/tests/USA_CO_Golden-NREL.724666_TMY3.epw
[19:29:06.221936 INFO] Zip: Extracting measures/WindowPV_reporting/tests/example_model.osm
[19:29:06.223165 INFO] Zip: Extracting measures/WindowPV_reporting/tests/ubi_qd_reporting_test.rb
[19:29:06.223541 INFO] Zip: Extracting measures/a_inject_window_specific_idf_objects/
[19:29:06.223732 INFO] Zip: Extracting measures/a_inject_window_specific_idf_objects/LICENSE.md
[19:29:06.224196 INFO] Zip: Extracting measures/a_inject_window_specific_idf_objects/measure.rb
[19:29:06.224780 INFO] Zip: Extracting measures/a_inject_window_specific_idf_objects/measure.xml
[19:29:06.225209 INFO] Zip: Extracting measures/a_inject_window_specific_idf_objects/tests/
[19:29:06.225345 INFO] Zip: Extracting measures/a_inject_window_specific_idf_objects/tests/EnvelopeAndLoadTestModel_01.osm
[19:29:06.229494 INFO] Zip: Extracting measures/a_inject_window_specific_idf_objects/tests/Example B - BlockEnergyCharge.idf
[19:29:06.229959 INFO] Zip: Extracting measures/a_inject_window_specific_idf_objects/tests/measure_Test.rb
[19:29:06.230283 INFO] Zip: Extracting measures/a_inject_window_specific_idf_objects/tests/test.osw
[19:29:06.230852 INFO] Zip: Extracting measures/add_thermochromic_bipv/
[19:29:06.231000 INFO] Zip: Extracting measures/add_thermochromic_bipv/measure.rb
[19:29:06.231387 INFO] Zip: Extracting measures/add_thermochromic_bipv/measure.xml
[19:29:06.231732 INFO] Zip: Extracting measures/add_thermochromic_bipv/resources/
[19:29:06.231859 INFO] Zip: Extracting measures/add_thermochromic_bipv/resources/HVACSizing.Model.rb
[19:29:06.232265 INFO] Zip: Extracting measures/add_thermochromic_bipv/resources/Standards.Construction.rb
[19:29:06.232621 INFO] Zip: Extracting measures/add_thermochromic_bipv/resources/os_lib_helper_methods.rb
[19:29:06.232981 INFO] Zip: Extracting measures/add_thermochromic_bipv/resources/os_lib_schedules.rb
[19:29:06.238543 INFO] Zip: Extracting measures/create_bar_from_building_type_ratios/
[19:29:06.238751 INFO] Zip: Extracting measures/create_bar_from_building_type_ratios/LICENSE.md
[19:29:06.239116 INFO] Zip: Extracting measures/create_bar_from_building_type_ratios/README.md
[19:29:06.239477 INFO] Zip: Extracting measures/create_bar_from_building_type_ratios/README.md.erb
[19:29:06.239781 INFO] Zip: Extracting measures/create_bar_from_building_type_ratios/measure.rb
[19:29:06.240447 INFO] Zip: Extracting measures/create_bar_from_building_type_ratios/measure.xml
[19:29:06.240866 INFO] Zip: Extracting measures/create_bar_from_building_type_ratios/resources/
[19:29:06.241007 INFO] Zip: Extracting measures/create_bar_from_building_type_ratios/resources/os_lib_geometry.rb
[19:29:06.241544 INFO] Zip: Extracting measures/create_bar_from_building_type_ratios/resources/os_lib_helper_methods.rb
[19:29:06.241934 INFO] Zip: Extracting measures/create_bar_from_building_type_ratios/resources/os_lib_model_generation.rb
[19:29:06.242570 INFO] Zip: Extracting measures/create_bar_from_building_type_ratios/resources/os_lib_model_simplification.rb
[19:29:06.243148 INFO] Zip: Extracting measures/create_bar_from_building_type_ratios/tests/
[19:29:06.243295 INFO] Zip: Extracting measures/create_bar_from_building_type_ratios/tests/create_bar_from_building_type_ratios_test.rb
[19:29:06.243665 INFO] Zip: Extracting measures/create_bar_from_building_type_ratios/tests/example_model.osm
[19:29:06.245746 INFO] Zip: Extracting measures/create_typical_building_from_model/
[19:29:06.246032 INFO] Zip: Extracting measures/create_typical_building_from_model/LICENSE.md
[19:29:06.246383 INFO] Zip: Extracting measures/create_typical_building_from_model/README.md
[19:29:06.246718 INFO] Zip: Extracting measures/create_typical_building_from_model/README.md.erb
[19:29:06.247027 INFO] Zip: Extracting measures/create_typical_building_from_model/measure.rb
[19:29:06.247561 INFO] Zip: Extracting measures/create_typical_building_from_model/measure.xml
[19:29:06.247963 INFO] Zip: Extracting measures/create_typical_building_from_model/resources/
[19:29:06.248099 INFO] Zip: Extracting measures/create_typical_building_from_model/resources/Model.hvac.rb
[19:29:06.248507 INFO] Zip: Extracting measures/create_typical_building_from_model/resources/os_lib_helper_methods.rb
[19:29:06.248897 INFO] Zip: Extracting measures/create_typical_building_from_model/resources/os_lib_model_generation.rb
[19:29:06.249428 INFO] Zip: Extracting measures/create_typical_building_from_model/tests/
[19:29:06.249582 INFO] Zip: Extracting measures/create_typical_building_from_model/tests/GenericGbxml.osm
[19:29:06.251778 INFO] Zip: Extracting measures/create_typical_building_from_model/tests/LargeOffice04.osm
[19:29:06.257886 INFO] Zip: Extracting measures/create_typical_building_from_model/tests/MidriseApartment.osm
[19:29:06.268419 INFO] Zip: Extracting measures/create_typical_building_from_model/tests/SmallOffice.osm
[19:29:06.270836 INFO] Zip: Extracting measures/create_typical_building_from_model/tests/USA_TX_Houston-Bush.Intercontinental.AP.722430_TMY3.epw
[19:29:06.286498 INFO] Zip: Extracting measures/create_typical_building_from_model/tests/create_typical_building_from_model_test.rb
[19:29:06.287133 INFO] Zip: Extracting measures/create_typical_building_from_model/tests/test.osw
[19:29:06.288041 INFO] Zip: Extracting measures/create_typical_building_from_model/tests/test_hvac.rb
[19:29:06.288585 INFO] Zip: Extracting measures/export_variableto_csv_variables_for_bipvpce/
[19:29:06.288781 INFO] Zip: Extracting measures/export_variableto_csv_variables_for_bipvpce/measure.rb
[19:29:06.289304 INFO] Zip: Extracting measures/export_variableto_csv_variables_for_bipvpce/measure.xml
[19:29:06.289759 INFO] Zip: Extracting measures/export_variableto_csv_variables_for_bipvpce/resources/
[19:29:06.289939 INFO] Zip: Extracting measures/export_variableto_csv_variables_for_bipvpce/resources/report.html.in
[19:29:06.290350 INFO] Zip: Extracting measures/export_variableto_csv_variables_for_bipvpce/tests/
[19:29:06.290532 INFO] Zip: Extracting measures/export_variableto_csv_variables_for_bipvpce/tests/ExportVariabletoCSV_test.rb
[19:29:06.290984 INFO] Zip: Extracting measures/export_variableto_csv_variables_for_bipvpce/tests/example_model.osm
[19:29:06.293136 INFO] Zip: Extracting measures/inject_idf_window_objects/
[19:29:06.293378 INFO] Zip: Extracting measures/inject_idf_window_objects/LICENSE.md
[19:29:06.293794 INFO] Zip: Extracting measures/inject_idf_window_objects/measure.rb
[19:29:06.294341 INFO] Zip: Extracting measures/inject_idf_window_objects/measure.xml
[19:29:06.294826 INFO] Zip: Extracting measures/inject_idf_window_objects/tests/
[19:29:06.295025 INFO] Zip: Extracting measures/inject_idf_window_objects/tests/EnvelopeAndLoadTestModel_01.osm
[19:29:06.300689 INFO] Zip: Extracting measures/inject_idf_window_objects/tests/Example B - BlockEnergyCharge.idf
[19:29:06.301308 INFO] Zip: Extracting measures/inject_idf_window_objects/tests/measure_Test.rb
[19:29:06.301812 INFO] Zip: Extracting measures/inject_idf_window_objects/tests/test.osw
[19:29:06.302594 INFO] Zip: Extracting seeds/switchglaze/
[19:29:06.302809 INFO] Zip: Extracting seeds/switchglaze.osm
[19:29:06.308186 INFO] Zip: Extracting seeds/switchglaze/files/
[19:29:06.308511 INFO] Zip: Extracting seeds/switchglaze/measures/
[19:29:06.308718 INFO] Zip: Extracting seeds/switchglaze/run/
[19:29:06.308900 INFO] Zip: Extracting seeds/switchglaze/workflow.osw
[19:29:06.309372 INFO] Zip: Extracting weather/DEU_Hamburg.101470_IWEC.ddy
[19:29:06.309889 INFO] Zip: Extracting weather/DEU_Hamburg.101470_IWEC.epw
[19:29:06.477226 INFO] Zip: Extracting weather/DEU_Hamburg.101470_IWEC.stat
[19:29:06.478644 INFO] Zip: Extracting weather/JPN_Tokyo.Hyakuri.477150_IWEC.ddy
[19:29:06.479408 INFO] Zip: Extracting weather/JPN_Tokyo.Hyakuri.477150_IWEC.epw
[19:29:06.495351 INFO] Zip: Extracting weather/JPN_Tokyo.Hyakuri.477150_IWEC.stat
[19:29:06.496530 INFO] Zip: Extracting weather/SAU_Riyadh.404380_IWEC.ddy
[19:29:06.497222 INFO] Zip: Extracting weather/SAU_Riyadh.404380_IWEC.epw
[19:29:06.513174 INFO] Zip: Extracting weather/SAU_Riyadh.404380_IWEC.stat
[19:29:06.514307 INFO] Zip: Extracting weather/SGP_Singapore.486980_IWEC.ddy
[19:29:06.515042 INFO] Zip: Extracting weather/SGP_Singapore.486980_IWEC.epw
[19:29:06.666344 INFO] Zip: Extracting weather/SGP_Singapore.486980_IWEC.stat
[19:29:06.667265 INFO] Zip: Extracting weather/USA_AK_Fairbanks.Intl.AP.702610_TMY3.ddy
[19:29:06.667862 INFO] Zip: Extracting weather/USA_AK_Fairbanks.Intl.AP.702610_TMY3.epw
[19:29:06.679822 INFO] Zip: Extracting weather/USA_AK_Fairbanks.Intl.AP.702610_TMY3.stat
[19:29:06.680677 INFO] Zip: Extracting weather/USA_AZ_Tucson.Intl.AP.722740_TMY3.ddy
[19:29:06.681078 INFO] Zip: Extracting weather/USA_AZ_Tucson.Intl.AP.722740_TMY3.epw
[19:29:06.690513 INFO] Zip: Extracting weather/USA_AZ_Tucson.Intl.AP.722740_TMY3.stat
[19:29:06.691295 INFO] Zip: Extracting weather/USA_CA_San.Diego-Lindbergh.Field.722900_TMY3.ddy
[19:29:06.691739 INFO] Zip: Extracting weather/USA_CA_San.Diego-Lindbergh.Field.722900_TMY3.epw
[19:29:06.707887 INFO] Zip: Extracting weather/USA_CA_San.Diego-Lindbergh.Field.722900_TMY3.stat
[19:29:06.708661 INFO] Zip: Extracting weather/USA_CO_Denver.Intl.AP.725650_TMY3.ddy
[19:29:06.709109 INFO] Zip: Extracting weather/USA_CO_Denver.Intl.AP.725650_TMY3.epw
[19:29:06.718873 INFO] Zip: Extracting weather/USA_CO_Denver.Intl.AP.725650_TMY3.stat
[19:29:06.719628 INFO] Zip: Extracting weather/USA_FL_Tampa.Intl.AP.722110_TMY3.ddy
[19:29:06.720017 INFO] Zip: Extracting weather/USA_FL_Tampa.Intl.AP.722110_TMY3.epw
[19:29:06.730322 INFO] Zip: Extracting weather/USA_FL_Tampa.Intl.AP.722110_TMY3.stat
[19:29:06.731099 INFO] Zip: Extracting weather/USA_GA_Atlanta-Hartsfield-Jackson.Intl.AP.722190_TMY3.ddy
[19:29:06.731524 INFO] Zip: Extracting weather/USA_GA_Atlanta-Hartsfield-Jackson.Intl.AP.722190_TMY3.epw
[19:29:06.741872 INFO] Zip: Extracting weather/USA_GA_Atlanta-Hartsfield-Jackson.Intl.AP.722190_TMY3.stat
[19:29:06.742685 INFO] Zip: Extracting weather/USA_HI_Honolulu.Intl.AP.911820_TMY3.ddy
[19:29:06.743159 INFO] Zip: Extracting weather/USA_HI_Honolulu.Intl.AP.911820_TMY3.epw
[19:29:06.753842 INFO] Zip: Extracting weather/USA_HI_Honolulu.Intl.AP.911820_TMY3.stat
[19:29:06.754615 INFO] Zip: Extracting weather/USA_MN_International.Falls.Intl.AP.727470_TMY3.ddy
[19:29:06.755102 INFO] Zip: Extracting weather/USA_MN_International.Falls.Intl.AP.727470_TMY3.epw
[19:29:06.769741 INFO] Zip: Extracting weather/USA_MN_International.Falls.Intl.AP.727470_TMY3.stat
[19:29:06.770634 INFO] Zip: Extracting weather/USA_MN_Rochester.Intl.AP.726440_TMY3.ddy
[19:29:06.771048 INFO] Zip: Extracting weather/USA_MN_Rochester.Intl.AP.726440_TMY3.epw
[19:29:06.780033 INFO] Zip: Extracting weather/USA_MN_Rochester.Intl.AP.726440_TMY3.stat
[19:29:06.780821 INFO] Zip: Extracting weather/USA_MT_Great.Falls.Intl.AP.727750_TMY3.ddy
[19:29:06.781239 INFO] Zip: Extracting weather/USA_MT_Great.Falls.Intl.AP.727750_TMY3.epw
[19:29:06.790453 INFO] Zip: Extracting weather/USA_MT_Great.Falls.Intl.AP.727750_TMY3.stat
[19:29:06.791167 INFO] Zip: Extracting weather/USA_NM_Albuquerque.Intl.AP.723650_TMY3.ddy
[19:29:06.791645 INFO] Zip: Extracting weather/USA_NM_Albuquerque.Intl.AP.723650_TMY3.epw
[19:29:06.803148 INFO] Zip: Extracting weather/USA_NM_Albuquerque.Intl.AP.723650_TMY3.stat
[19:29:06.803886 INFO] Zip: Extracting weather/USA_NY_Buffalo-Greater.Buffalo.Intl.AP.725280_TMY3.ddy
[19:29:06.804289 INFO] Zip: Extracting weather/USA_NY_Buffalo-Greater.Buffalo.Intl.AP.725280_TMY3.epw
[19:29:06.816106 INFO] Zip: Extracting weather/USA_NY_Buffalo-Greater.Buffalo.Intl.AP.725280_TMY3.stat
[19:29:06.816846 INFO] Zip: Extracting weather/USA_NY_New.York-J.F.Kennedy.Intl.AP.744860_TMY3.ddy
[19:29:06.817264 INFO] Zip: Extracting weather/USA_NY_New.York-J.F.Kennedy.Intl.AP.744860_TMY3.epw
[19:29:06.826503 INFO] Zip: Extracting weather/USA_NY_New.York-J.F.Kennedy.Intl.AP.744860_TMY3.stat
[19:29:06.827271 INFO] Zip: Extracting weather/USA_TX_El.Paso.Intl.AP.722700_TMY3.ddy
[19:29:06.827690 INFO] Zip: Extracting weather/USA_TX_El.Paso.Intl.AP.722700_TMY3.epw
[19:29:06.841158 INFO] Zip: Extracting weather/USA_TX_El.Paso.Intl.AP.722700_TMY3.stat
[19:29:06.842061 INFO] Zip: Extracting weather/USA_WA_Port.Angeles-William.R.Fairchild.Intl.AP.727885_TMY3.ddy
[19:29:06.842594 INFO] Zip: Extracting weather/USA_WA_Port.Angeles-William.R.Fairchild.Intl.AP.727885_TMY3.epw
[19:29:06.961513 INFO] Zip: Extracting weather/USA_WA_Port.Angeles-William.R.Fairchild.Intl.AP.727885_TMY3.stat
[19:29:06.962289 INFO] Zip: Extracting weather/USA_WA_Seattle-Tacoma.Intl.AP.727930_TMY3.ddy
[19:29:06.962701 INFO] Zip: Extracting weather/USA_WA_Seattle-Tacoma.Intl.AP.727930_TMY3.epw
[19:29:06.971761 INFO] Zip: Extracting weather/USA_WA_Seattle-Tacoma.Intl.AP.727930_TMY3.stat
[19:29:06.974822 INFO] Downloading analysis.json from http://web:80/analyses/72a216d4-3a64-4cd6-8e04-b9bc3af7ff20.json
[19:29:07.057712 INFO] Checking for presence of args file at /mnt/openstudio/analysis_72a216d4-3a64-4cd6-8e04-b9bc3af7ff20/scripts/data_point/initialize.args
[19:29:07.057808 INFO] Checking for presence of script file at /mnt/openstudio/analysis_72a216d4-3a64-4cd6-8e04-b9bc3af7ff20/scripts/data_point/initialize.sh
[19:29:07.057867 INFO] Finished worker initialization
[19:29:07.057915 INFO] RestClient delete
[19:29:07.057955 INFO] delete post_count = 1
[19:29:07.076333 INFO] Downloading datapoint from http://web:80/data_points/bc4227de-b2ac-4470-b84a-d233a06d194c.json
[19:29:07.076431 INFO] get url post_count = 1
[19:29:07.102989 INFO] Creating Workflow Manager instance
[19:29:07.103125 INFO] Directory is /mnt/openstudio/analysis_72a216d4-3a64-4cd6-8e04-b9bc3af7ff20/data_point_bc4227de-b2ac-4470-b84a-d233a06d194c
[19:29:07.103217 INFO] Opening run.log file '/mnt/openstudio/analysis_72a216d4-3a64-4cd6-8e04-b9bc3af7ff20/data_point_bc4227de-b2ac-4470-b84a-d233a06d194c/run/run.log'
[19:29:07.103433 WARN] Error finding Oscli: OPENSTUDIO_EXE_PATH not set
[19:29:07.119178 WARN] Defaulting to fun Oscli via /usr/local/bin/openstudio
[19:29:07.119364 INFO] Returning Oscli cmd: /usr/local/bin/openstudio --bundle /var/oscli/Gemfile --bundle_path /var/oscli/gems 
[19:29:07.119578 INFO] Running workflow using cmd /usr/local/bin/openstudio --bundle /var/oscli/Gemfile --bundle_path /var/oscli/gems   run --workflow '/mnt/openstudio/analysis_72a216d4-3a64-4cd6-8e04-b9bc3af7ff20/data_point_bc4227de-b2ac-4470-b84a-d233a06d194c/data_point.osw'  and writing log to /mnt/openstudio/analysis_72a216d4-3a64-4cd6-8e04-b9bc3af7ff20/data_point_bc4227de-b2ac-4470-b84a-d233a06d194c/oscli_simulation.log
[19:29:28.207296 INFO] Oscli output: /var/oscli/gems/ruby/2.5.0/gems/openstudio-standards-0.2.11/lib/openstudio-standards/btap/btap.rb:56: warning: constant ::Fixnum is deprecated
[openstudio.standards.Model] <1> Model has been assigned a weather file, but the file is not in the specified location of 'file:////mnt/openstudio/analysis_72a216d4-3a64-4cd6-8e04-b9bc3af7ff20/weather/SAU_Riyadh.404380_IWEC.epw'.
[19:29:24.197952 WARN] Could not add loads for Plenum. Not expected for 90.1-2013
[19:29:27.677579 WARN] [openstudio.standards.Construction] Requested U-value of 0.58 for Typical Insulated Exterior Mass Wall is too low given the other materials in the construction; insulation layer will not be modified.
[19:29:27.677978 WARN] [openstudio.standards.Construction] Can only set the u-value of opaque constructions or simple glazing. U 0.60 SHGC 0.25 Dbl 2.5mm air is not opaque or simple glazing.
[19:29:27.678206 WARN] [openstudio.standards.Construction] Can only set the u-value of opaque constructions or simple glazing. U 0.65 SHGC 0.25 Dbl Ref-C-H Clr 6mm/6mm Air is not opaque or simple glazing.
[19:29:27.678303 WARN] [openstudio.standards.Construction] Requested U-value of 1.1686635536297982 for Typical Overhead Door is greater than the sum of the inside and outside resistance, and the max U-value (6.636 SI) is used instead.
[19:29:27.678446 WARN] [openstudio.standards.Construction] Can only set the u-value of opaque constructions or simple glazing. Window_U_0.75_SHGC_0.35_Skylight_Frame_Width_2.339_in is not opaque or simple glazing.
[19:29:27.678966 WARN] [openstudio.weather.Model] Could not find ground temperatures; will use generic temperatures, which will skew results.
[19:29:27.687939 ERROR] [openstudio.standards.Model] Model has been assigned a weather file, but the file is not in the specified location of 'file:////mnt/openstudio/analysis_72a216d4-3a64-4cd6-8e04-b9bc3af7ff20/weather/SAU_Riyadh.404380_IWEC.epw'.
[19:29:27.900819 ERROR] /var/oscli/gems/ruby/2.5.0/gems/openstudio-workflow-2.0.0/lib/openstudio/workflow/util/measure.rb failed with message Runner error /var/oscli/gems/ruby/2.5.0/gems/openstudio-workflow-2.0.0/lib/openstudio/workflow/util/measure.rb failed with Measure create_typical_building_from_model reported an error with ["[openstudio.standards.Model] Model has been assigned a weather file, but the file is not in the specified location of 'file:////mnt/openstudio/analysis_72a216d4-3a64-4cd6-8e04-b9bc3af7ff20/weather/SAU_Riyadh.404380_IWEC.epw'."], /var/oscli/gems/ruby/2.5.0/gems/openstudio-workflow-2.0.0/lib/openstudio/workflow/util/measure.rb:560:in `apply_measure'
/var/oscli/gems/ruby/2.5.0/gems/openstudio-workflow-2.0.0/lib/openstudio/workflow/util/measure.rb:109:in `block in apply_measures'
/var/oscli/gems/ruby/2.5.0/gems/openstudio-workflow-2.0.0/lib/openstudio/workflow/util/measure.rb:67:in `each_index'
/var/oscli/gems/ruby/2.5.0/gems/openstudio-workflow-2.0.0/lib/openstudio/workflow/util/measure.rb:67:in `apply_measures'
/var/oscli/gems/ruby/2.5.0/gems/openstudio-workflow-2.0.0/lib/openstudio/workflow/jobs/run_os_measures.rb:70:in `perform'
/var/oscli/gems/ruby/2.5.0/gems/openstudio-workflow-2.0.0/lib/openstudio/workflow/run.rb:292:in `step'
/var/oscli/gems/ruby/2.5.0/gems/openstudio-workflow-2.0.0/lib/openstudio/workflow/run.rb:234:in `run'
:/openstudio_cli.rb:960:in `execute'
:/openstudio_cli.rb:750:in `execute'
:/openstudio_cli.rb:1744:in `<main>'
eval:174:in `eval'
eval:174:in `require_embedded_absolute'
eval:160:in `block in require_embedded'
eval:154:in `each'
eval:154:in `require_embedded'
eval:113:in `require'
eval:3:in `<main>' in /var/oscli/gems/ruby/2.5.0/gems/openstudio-workflow-2.0.0/lib/openstudio/workflow/util/measure.rb:598:in `rescue in apply_measure'
/var/oscli/gems/ruby/2.5.0/gems/openstudio-workflow-2.0.0/lib/openstudio/workflow/util/measure.rb:548:in `apply_measure'
/var/oscli/gems/ruby/2.5.0/gems/openstudio-workflow-2.0.0/lib/openstudio/workflow/util/measure.rb:109:in `block in apply_measures'
/var/oscli/gems/ruby/2.5.0/gems/openstudio-workflow-2.0.0/lib/openstudio/workflow/util/measure.rb:67:in `each_index'
/var/oscli/gems/ruby/2.5.0/gems/openstudio-workflow-2.0.0/lib/openstudio/workflow/util/measure.rb:67:in `apply_measures'
/var/oscli/gems/ruby/2.5.0/gems/openstudio-workflow-2.0.0/lib/openstudio/workflow/jobs/run_os_measures.rb:70:in `perform'
/var/oscli/gems/ruby/2.5.0/gems/openstudio-workflow-2.0.0/lib/openstudio/workflow/run.rb:292:in `step'
/var/oscli/gems/ruby/2.5.0/gems/openstudio-workflow-2.0.0/lib/openstudio/workflow/run.rb:234:in `run'
:/openstudio_cli.rb:960:in `execute'
:/openstudio_cli.rb:750:in `execute'
:/openstudio_cli.rb:1744:in `<main>'
eval:174:in `eval'
eval:174:in `require_embedded_absolute'
eval:160:in `block in require_embedded'
eval:154:in `each'
eval:154:in `require_embedded'
eval:113:in `require'
eval:3:in `<main>'
[19:29:27.904226 ERROR] Found error in state 'os_measures' with message ["/var/oscli/gems/ruby/2.5.0/gems/openstudio-workflow-2.0.0/lib/openstudio/workflow/util/measure.rb failed with message Runner error /var/oscli/gems/ruby/2.5.0/gems/openstudio-workflow-2.0.0/lib/openstudio/workflow/util/measure.rb failed with Measure create_typical_building_from_model reported an error with [\"[openstudio.standards.Model] Model has been assigned a weather file, but the file is not in the specified location of 'file:////mnt/openstudio/analysis_72a216d4-3a64-4cd6-8e04-b9bc3af7ff20/weather/SAU_Riyadh.404380_IWEC.epw'.\"], /var/oscli/gems/ruby/2.5.0/gems/openstudio-workflow-2.0.0/lib/openstudio/workflow/util/measure.rb:560:in `apply_measure'\n/var/oscli/gems/ruby/2.5.0/gems/openstudio-workflow-2.0.0/lib/openstudio/workflow/util/measure.rb:109:in `block in apply_measures'\n/var/oscli/gems/ruby/2.5.0/gems/openstudio-workflow-2.0.0/lib/openstudio/workflow/util/measure.rb:67:in `each_index'\n/var/oscli/gems/ruby/2.5.0/gems/openstudio-workflow-2.0.0/lib/openstudio/workflow/util/measure.rb:67:in `apply_measures'\n/var/oscli/gems/ruby/2.5.0/gems/openstudio-workflow-2.0.0/lib/openstudio/workflow/jobs/run_os_measures.rb:70:in `perform'\n/var/oscli/gems/ruby/2.5.0/gems/openstudio-workflow-2.0.0/lib/openstudio/workflow/run.rb:292:in `step'\n/var/oscli/gems/ruby/2.5.0/gems/openstudio-workflow-2.0.0/lib/openstudio/workflow/run.rb:234:in `run'\n:/openstudio_cli.rb:960:in `execute'\n:/openstudio_cli.rb:750:in `execute'\n:/openstudio_cli.rb:1744:in `<main>'\neval:174:in `eval'\neval:174:in `require_embedded_absolute'\neval:160:in `block in require_embedded'\neval:154:in `each'\neval:154:in `require_embedded'\neval:113:in `require'\neval:3:in `<main>' in /var/oscli/gems/ruby/2.5.0/gems/openstudio-workflow-2.0.0/lib/openstudio/workflow/util/measure.rb:598:in `rescue in apply_measure'\n/var/oscli/gems/ruby/2.5.0/gems/openstudio-workflow-2.0.0/lib/openstudio/workflow/util/measure.rb:548:in `apply_measure'\n/var/oscli/gems/ruby/2.5.0/gems/openstudio-workflow-2.0.0/lib/openstudio/workflow/util/measure.rb:109:in `block in apply_measures'\n/var/oscli/gems/ruby/2.5.0/gems/openstudio-workflow-2.0.0/lib/openstudio/workflow/util/measure.rb:67:in `each_index'\n/var/oscli/gems/ruby/2.5.0/gems/openstudio-workflow-2.0.0/lib/openstudio/workflow/util/measure.rb:67:in `apply_measures'\n/var/oscli/gems/ruby/2.5.0/gems/openstudio-workflow-2.0.0/lib/openstudio/workflow/jobs/run_os_measures.rb:70:in `perform'\n/var/oscli/gems/ruby/2.5.0/gems/openstudio-workflow-2.0.0/lib/openstudio/workflow/run.rb:292:in `step'\n/var/oscli/gems/ruby/2.5.0/gems/openstudio-workflow-2.0.0/lib/openstudio/workflow/run.rb:234:in `run'\n:/openstudio_cli.rb:960:in `execute'\n:/openstudio_cli.rb:750:in `execute'\n:/openstudio_cli.rb:1744:in `<main>'\neval:174:in `eval'\neval:174:in `require_embedded_absolute'\neval:160:in `block in require_embedded'\neval:154:in `each'\neval:154:in `require_embedded'\neval:113:in `require'\neval:3:in `<main>':/var/oscli/gems/ruby/2.5.0/gems/openstudio-workflow-2.0.0/lib/openstudio/workflow/util/measure.rb:647:in `rescue in apply_measure'\n/var/oscli/gems/ruby/2.5.0/gems/openstudio-workflow-2.0.0/lib/openstudio/workflow/util/measure.rb:305:in `apply_measure'\n/var/oscli/gems/ruby/2.5.0/gems/openstudio-workflow-2.0.0/lib/openstudio/workflow/util/measure.rb:109:in `block in apply_measures'\n/var/oscli/gems/ruby/2.5.0/gems/openstudio-workflow-2.0.0/lib/openstudio/workflow/util/measure.rb:67:in `each_index'\n/var/oscli/gems/ruby/2.5.0/gems/openstudio-workflow-2.0.0/lib/openstudio/workflow/util/measure.rb:67:in `apply_measures'\n/var/oscli/gems/ruby/2.5.0/gems/openstudio-workflow-2.0.0/lib/openstudio/workflow/jobs/run_os_measures.rb:70:in `perform'\n/var/oscli/gems/ruby/2.5.0/gems/openstudio-workflow-2.0.0/lib/openstudio/workflow/run.rb:292:in `step'\n/var/oscli/gems/ruby/2.5.0/gems/openstudio-workflow-2.0.0/lib/openstudio/workflow/run.rb:234:in `run'\n:/openstudio_cli.rb:960:in `execute'\n:/openstudio_cli.rb:750:in `execute'\n:/openstudio_cli.rb:1744:in `<main>'\neval:174:in `eval'\neval:174:in `require_embedded_absolute'\neval:160:in `block in require_embedded'\neval:154:in `each'\neval:154:in `require_embedded'\neval:113:in `require'\neval:3:in `<main>'"]}

[19:29:28.208248 ERROR] Could not find results /mnt/openstudio/analysis_72a216d4-3a64-4cd6-8e04-b9bc3af7ff20/data_point_bc4227de-b2ac-4470-b84a-d233a06d194c/run/measure_attributes.json
[19:29:28.208301 INFO] Saving files/reports back to the server
[19:29:28.208618 INFO] Saving report /mnt/openstudio/analysis_72a216d4-3a64-4cd6-8e04-b9bc3af7ff20/data_point_bc4227de-b2ac-4470-b84a-d233a06d194c/out.osw to http://web:80/data_points/bc4227de-b2ac-4470-b84a-d233a06d194c/upload_file
[19:29:28.239748 INFO] Saving report responded with {"id":"5efb9298ce5ea001352be9ef","data_point_id":"bc4227de-b2ac-4470-b84a-d233a06d194c","display_name":"Final OSW File","type":"Report","created_at":"2020-06-30T19:29:28.222Z","updated_at":"2020-06-30T19:29:28.222Z"}
[19:29:28.240094 INFO] Saving report /mnt/openstudio/analysis_72a216d4-3a64-4cd6-8e04-b9bc3af7ff20/data_point_bc4227de-b2ac-4470-b84a-d233a06d194c/run/data_point.zip to http://web:80/data_points/bc4227de-b2ac-4470-b84a-d233a06d194c/upload_file
[19:29:28.279143 INFO] Saving report responded with {"id":"5efb9298ce5ea001352be9f0","data_point_id":"bc4227de-b2ac-4470-b84a-d233a06d194c","display_name":"Zip File","type":"Data Point","created_at":"2020-06-30T19:29:28.261Z","updated_at":"2020-06-30T19:29:28.261Z"}
[19:29:28.279407 INFO] Checking for presence of args file at /mnt/openstudio/analysis_72a216d4-3a64-4cd6-8e04-b9bc3af7ff20/scripts/data_point/finalize.args
[19:29:28.279469 INFO] Checking for presence of script file at /mnt/openstudio/analysis_72a216d4-3a64-4cd6-8e04-b9bc3af7ff20/scripts/data_point/finalize.sh
[19:29:28.283658 INFO] Finished /opt/openstudio/server/app/jobs/dj_jobs/run_simulate_data_point.rb
