# Logfile created on 2020-06-30 19:29:02 +0000 by logger.rb/61378
[19:29:02.178779 INFO] Server host is http://web:80
[19:29:02.178949 INFO] Analysis directory is /mnt/openstudio/analysis_72a216d4-3a64-4cd6-8e04-b9bc3af7ff20
[19:29:02.179018 INFO] Simulation directory is /mnt/openstudio/analysis_72a216d4-3a64-4cd6-8e04-b9bc3af7ff20/data_point_28e0d09c-521d-4dc9-aa59-1bae168fef1e
[19:29:02.179054 INFO] Run datapoint type/file is 
[19:29:02.179101 INFO] Starting initialize_worker for datapoint 28e0d09c-521d-4dc9-aa59-1bae168fef1e
[19:29:02.179607 INFO] Downloading analysis zip from http://web:80/analyses/72a216d4-3a64-4cd6-8e04-b9bc3af7ff20/download_analysis_zip
[19:29:07.074023 INFO] Extracting analysis zip to /mnt/openstudio/analysis_72a216d4-3a64-4cd6-8e04-b9bc3af7ff20
[19:29:07.091757 INFO] Zip: Extracting lib/resources/ASHRAE_zone12_Spec.idf
[19:29:07.093409 INFO] Zip: Extracting lib/resources/ASHRAE_zone3_Spec.idf
[19:29:07.094091 INFO] Zip: Extracting lib/resources/ASHRAE_zone456_Spec.idf
[19:29:07.094745 INFO] Zip: Extracting lib/resources/ASHRAE_zone78_Spec.idf
[19:29:07.095380 INFO] Zip: Extracting lib/resources/GlzSys19_13F-air-9_Spec.idf
[19:29:07.096804 INFO] Zip: Extracting lib/resources/GlzSys20_14F-air-3000_Spec.idf
[19:29:07.098250 INFO] Zip: Extracting lib/resources/GlzSys21_13F-air-3000_Spec.idf
[19:29:07.099698 INFO] Zip: Extracting lib/resources/GlzSys_10-air-9_Spec.idf
[19:29:07.101208 INFO] Zip: Extracting lib/resources/GlzSys_10F-air-3000_Spec.idf
[19:29:07.102703 INFO] Zip: Extracting lib/resources/GlzSys_11F-air-3000_Spec.idf
[19:29:07.104173 INFO] Zip: Extracting lib/resources/GlzSys_16095-air-3000_Spec.idf
[19:29:07.105607 INFO] Zip: Extracting lib/resources/GlzSys_16095-air-9_Spec.idf
[19:29:07.106979 INFO] Zip: Extracting lib/resources/GlzSys_6374-air-3000_Spec.idf
[19:29:07.108456 INFO] Zip: Extracting lib/resources/GlzSys_Dark_PV_Spec.idf
[19:29:07.109410 INFO] Zip: Extracting lib/resources/GlzSys_Light_PV_Spec.idf
[19:29:07.110219 INFO] Zip: Extracting lib/resources/GlzSys_Thermochromic_30C.idf
[19:29:07.111247 INFO] Zip: Extracting lib/resources/GlzSys_Thermochromic_35C.idf
[19:29:07.112301 INFO] Zip: Extracting lib/resources/GlzSys_Thermochromic_40C.idf
[19:29:07.113390 INFO] Zip: Extracting lib/resources/SG_zone12_Spec.idf
[19:29:07.114438 INFO] Zip: Extracting lib/resources/SG_zone3_Spec.idf
[19:29:07.115510 INFO] Zip: Extracting lib/resources/SG_zone456_Spec.idf
[19:29:07.116922 INFO] Zip: Extracting lib/resources/SG_zone78_Spec.idf
[19:29:07.118395 INFO] Zip: Extracting lib/resources/Window_PV_No_frame_Spec_Spec.idf
[19:29:07.119301 INFO] Zip: Extracting lib/resources/Window_PV_frame_Spec.idf
[19:29:07.120151 INFO] Zip: Extracting measures/AddMeter/
[19:29:07.120413 INFO] Zip: Extracting measures/AddMeter/LICENSE.md
[19:29:07.120903 INFO] Zip: Extracting measures/AddMeter/New folder/
[19:29:07.121102 INFO] Zip: Extracting measures/AddMeter/README.md
[19:29:07.121598 INFO] Zip: Extracting measures/AddMeter/README.md.erb
[19:29:07.122141 INFO] Zip: Extracting measures/AddMeter/measure.rb
[19:29:07.122746 INFO] Zip: Extracting measures/AddMeter/measure.xml
[19:29:07.123313 INFO] Zip: Extracting measures/AddMeter/tests/
[19:29:07.123520 INFO] Zip: Extracting measures/AddMeter/tests/AddMeter_Test.rb
[19:29:07.124109 INFO] Zip: Extracting measures/AddOutputVariable/
[19:29:07.124303 INFO] Zip: Extracting measures/AddOutputVariable/LICENSE.md
[19:29:07.124890 INFO] Zip: Extracting measures/AddOutputVariable/README.md
[19:29:07.125442 INFO] Zip: Extracting measures/AddOutputVariable/README.md.erb
[19:29:07.125987 INFO] Zip: Extracting measures/AddOutputVariable/measure.rb
[19:29:07.126628 INFO] Zip: Extracting measures/AddOutputVariable/measure.xml
[19:29:07.127217 INFO] Zip: Extracting measures/AddOutputVariable/tests/
[19:29:07.127423 INFO] Zip: Extracting measures/AddOutputVariable/tests/AddOutputVariable_Test.rb
[19:29:07.128018 INFO] Zip: Extracting measures/ChangeBuildingLocation/
[19:29:07.128228 INFO] Zip: Extracting measures/ChangeBuildingLocation/LICENSE.md
[19:29:07.128853 INFO] Zip: Extracting measures/ChangeBuildingLocation/README.md
[19:29:07.129433 INFO] Zip: Extracting measures/ChangeBuildingLocation/README.md.erb
[19:29:07.130007 INFO] Zip: Extracting measures/ChangeBuildingLocation/measure.rb
[19:29:07.130687 INFO] Zip: Extracting measures/ChangeBuildingLocation/measure.xml
[19:29:07.131317 INFO] Zip: Extracting measures/ChangeBuildingLocation/resources/
[19:29:07.131549 INFO] Zip: Extracting measures/ChangeBuildingLocation/resources/epw.rb
[19:29:07.132217 INFO] Zip: Extracting measures/ChangeBuildingLocation/resources/os_lib_helper_methods.rb
[19:29:07.132953 INFO] Zip: Extracting measures/ChangeBuildingLocation/resources/stat_file.rb
[19:29:07.133594 INFO] Zip: Extracting measures/ChangeBuildingLocation/tests/
[19:29:07.133814 INFO] Zip: Extracting measures/ChangeBuildingLocation/tests/USA_MA_Boston-Logan.Intl.AP.725090_TMY3.ddy
[19:29:07.134641 INFO] Zip: Extracting measures/ChangeBuildingLocation/tests/USA_MA_Boston-Logan.Intl.AP.725090_TMY3.epw
[19:29:07.156669 INFO] Zip: Extracting measures/ChangeBuildingLocation/tests/USA_MA_Boston-Logan.Intl.AP.725090_TMY3.stat
[19:29:07.157709 INFO] Zip: Extracting measures/ChangeBuildingLocation/tests/USA_WA_Renton.Muni.AP.727934_TMY3.ddy
[19:29:07.158143 INFO] Zip: Extracting measures/ChangeBuildingLocation/tests/USA_WA_Renton.Muni.AP.727934_TMY3.epw
[19:29:07.170973 INFO] Zip: Extracting measures/ChangeBuildingLocation/tests/USA_WA_Renton.Muni.AP.727934_TMY3.stat
[19:29:07.171960 INFO] Zip: Extracting measures/ChangeBuildingLocation/tests/another_weather_file.ddy
[19:29:07.172630 INFO] Zip: Extracting measures/ChangeBuildingLocation/tests/another_weather_file.epw
[19:29:07.189585 INFO] Zip: Extracting measures/ChangeBuildingLocation/tests/another_weather_file.stat
[19:29:07.190779 INFO] Zip: Extracting measures/ChangeBuildingLocation/tests/change_building_location_test.rb
[19:29:07.191405 INFO] Zip: Extracting measures/ChangeBuildingLocation/tests/multiyear.ddy
[19:29:07.192145 INFO] Zip: Extracting measures/ChangeBuildingLocation/tests/multiyear.epw
[19:29:07.192799 INFO] Zip: Extracting measures/ChangeBuildingLocation/tests/multiyear.stat
[19:29:07.193693 INFO] Zip: Extracting measures/ChangeBuildingLocation/tests/test.osm
[19:29:07.199426 INFO] Zip: Extracting measures/ChangeBuildingLocation/tests/test.osw
[19:29:07.200817 INFO] Zip: Extracting measures/ServerDirectoryCleanup/
[19:29:07.201056 INFO] Zip: Extracting measures/ServerDirectoryCleanup/LICENSE.md
[19:29:07.201672 INFO] Zip: Extracting measures/ServerDirectoryCleanup/measure.rb
[19:29:07.202247 INFO] Zip: Extracting measures/ServerDirectoryCleanup/measure.xml
[19:29:07.203100 INFO] Zip: Extracting measures/ServerDirectoryCleanup/tests/
[19:29:07.203315 INFO] Zip: Extracting measures/ServerDirectoryCleanup/tests/ServerDirectoryCleanup_test.rb
[19:29:07.203917 INFO] Zip: Extracting measures/ServerDirectoryCleanup/tests/USA_CO_Golden-NREL.724666_TMY3.epw
[19:29:07.223206 INFO] Zip: Extracting measures/ServerDirectoryCleanup/tests/example_model.osm
[19:29:07.225666 INFO] Zip: Extracting measures/WindowPV_reporting/
[19:29:07.225999 INFO] Zip: Extracting measures/WindowPV_reporting/measure.rb
[19:29:07.227291 INFO] Zip: Extracting measures/WindowPV_reporting/measure.xml
[19:29:07.227990 INFO] Zip: Extracting measures/WindowPV_reporting/resources/
[19:29:07.228196 INFO] Zip: Extracting measures/WindowPV_reporting/resources/os_lib_helper_methods.rb
[19:29:07.228886 INFO] Zip: Extracting measures/WindowPV_reporting/resources/report.html.in
[19:29:07.229430 INFO] Zip: Extracting measures/WindowPV_reporting/tests/
[19:29:07.229627 INFO] Zip: Extracting measures/WindowPV_reporting/tests/USA_CO_Golden-NREL.724666_TMY3.epw
[19:29:07.411010 INFO] Zip: Extracting measures/WindowPV_reporting/tests/example_model.osm
[19:29:07.412850 INFO] Zip: Extracting measures/WindowPV_reporting/tests/ubi_qd_reporting_test.rb
[19:29:07.413437 INFO] Zip: Extracting measures/a_inject_window_specific_idf_objects/
[19:29:07.413656 INFO] Zip: Extracting measures/a_inject_window_specific_idf_objects/LICENSE.md
[19:29:07.414101 INFO] Zip: Extracting measures/a_inject_window_specific_idf_objects/measure.rb
[19:29:07.414686 INFO] Zip: Extracting measures/a_inject_window_specific_idf_objects/measure.xml
[19:29:07.415178 INFO] Zip: Extracting measures/a_inject_window_specific_idf_objects/tests/
[19:29:07.415382 INFO] Zip: Extracting measures/a_inject_window_specific_idf_objects/tests/EnvelopeAndLoadTestModel_01.osm
[19:29:07.420935 INFO] Zip: Extracting measures/a_inject_window_specific_idf_objects/tests/Example B - BlockEnergyCharge.idf
[19:29:07.421627 INFO] Zip: Extracting measures/a_inject_window_specific_idf_objects/tests/measure_Test.rb
[19:29:07.422076 INFO] Zip: Extracting measures/a_inject_window_specific_idf_objects/tests/test.osw
[19:29:07.422883 INFO] Zip: Extracting measures/add_thermochromic_bipv/
[19:29:07.423113 INFO] Zip: Extracting measures/add_thermochromic_bipv/measure.rb
[19:29:07.423660 INFO] Zip: Extracting measures/add_thermochromic_bipv/measure.xml
[19:29:07.424121 INFO] Zip: Extracting measures/add_thermochromic_bipv/resources/
[19:29:07.424314 INFO] Zip: Extracting measures/add_thermochromic_bipv/resources/HVACSizing.Model.rb
[19:29:07.424907 INFO] Zip: Extracting measures/add_thermochromic_bipv/resources/Standards.Construction.rb
[19:29:07.425345 INFO] Zip: Extracting measures/add_thermochromic_bipv/resources/os_lib_helper_methods.rb
[19:29:07.425843 INFO] Zip: Extracting measures/add_thermochromic_bipv/resources/os_lib_schedules.rb
[19:29:07.426516 INFO] Zip: Extracting measures/create_bar_from_building_type_ratios/
[19:29:07.426728 INFO] Zip: Extracting measures/create_bar_from_building_type_ratios/LICENSE.md
[19:29:07.427153 INFO] Zip: Extracting measures/create_bar_from_building_type_ratios/README.md
[19:29:07.427595 INFO] Zip: Extracting measures/create_bar_from_building_type_ratios/README.md.erb
[19:29:07.428006 INFO] Zip: Extracting measures/create_bar_from_building_type_ratios/measure.rb
[19:29:07.428723 INFO] Zip: Extracting measures/create_bar_from_building_type_ratios/measure.xml
[19:29:07.429265 INFO] Zip: Extracting measures/create_bar_from_building_type_ratios/resources/
[19:29:07.429455 INFO] Zip: Extracting measures/create_bar_from_building_type_ratios/resources/os_lib_geometry.rb
[19:29:07.430217 INFO] Zip: Extracting measures/create_bar_from_building_type_ratios/resources/os_lib_helper_methods.rb
[19:29:07.430769 INFO] Zip: Extracting measures/create_bar_from_building_type_ratios/resources/os_lib_model_generation.rb
[19:29:07.431490 INFO] Zip: Extracting measures/create_bar_from_building_type_ratios/resources/os_lib_model_simplification.rb
[19:29:07.432292 INFO] Zip: Extracting measures/create_bar_from_building_type_ratios/tests/
[19:29:07.432522 INFO] Zip: Extracting measures/create_bar_from_building_type_ratios/tests/create_bar_from_building_type_ratios_test.rb
[19:29:07.433041 INFO] Zip: Extracting measures/create_bar_from_building_type_ratios/tests/example_model.osm
[19:29:07.435876 INFO] Zip: Extracting measures/create_typical_building_from_model/
[19:29:07.436212 INFO] Zip: Extracting measures/create_typical_building_from_model/LICENSE.md
[19:29:07.436788 INFO] Zip: Extracting measures/create_typical_building_from_model/README.md
[19:29:07.437254 INFO] Zip: Extracting measures/create_typical_building_from_model/README.md.erb
[19:29:07.437668 INFO] Zip: Extracting measures/create_typical_building_from_model/measure.rb
[19:29:07.438398 INFO] Zip: Extracting measures/create_typical_building_from_model/measure.xml
[19:29:07.438973 INFO] Zip: Extracting measures/create_typical_building_from_model/resources/
[19:29:07.439183 INFO] Zip: Extracting measures/create_typical_building_from_model/resources/Model.hvac.rb
[19:29:07.439689 INFO] Zip: Extracting measures/create_typical_building_from_model/resources/os_lib_helper_methods.rb
[19:29:07.440223 INFO] Zip: Extracting measures/create_typical_building_from_model/resources/os_lib_model_generation.rb
[19:29:07.440952 INFO] Zip: Extracting measures/create_typical_building_from_model/tests/
[19:29:07.441164 INFO] Zip: Extracting measures/create_typical_building_from_model/tests/GenericGbxml.osm
[19:29:07.444173 INFO] Zip: Extracting measures/create_typical_building_from_model/tests/LargeOffice04.osm
[19:29:07.598718 INFO] Zip: Extracting measures/create_typical_building_from_model/tests/MidriseApartment.osm
[19:29:07.609919 INFO] Zip: Extracting measures/create_typical_building_from_model/tests/SmallOffice.osm
[19:29:07.612620 INFO] Zip: Extracting measures/create_typical_building_from_model/tests/USA_TX_Houston-Bush.Intercontinental.AP.722430_TMY3.epw
[19:29:07.625474 INFO] Zip: Extracting measures/create_typical_building_from_model/tests/create_typical_building_from_model_test.rb
[19:29:07.626232 INFO] Zip: Extracting measures/create_typical_building_from_model/tests/test.osw
[19:29:07.627135 INFO] Zip: Extracting measures/create_typical_building_from_model/tests/test_hvac.rb
[19:29:07.627642 INFO] Zip: Extracting measures/export_variableto_csv_variables_for_bipvpce/
[19:29:07.627856 INFO] Zip: Extracting measures/export_variableto_csv_variables_for_bipvpce/measure.rb
[19:29:07.628424 INFO] Zip: Extracting measures/export_variableto_csv_variables_for_bipvpce/measure.xml
[19:29:07.628868 INFO] Zip: Extracting measures/export_variableto_csv_variables_for_bipvpce/resources/
[19:29:07.629054 INFO] Zip: Extracting measures/export_variableto_csv_variables_for_bipvpce/resources/report.html.in
[19:29:07.629459 INFO] Zip: Extracting measures/export_variableto_csv_variables_for_bipvpce/tests/
[19:29:07.629653 INFO] Zip: Extracting measures/export_variableto_csv_variables_for_bipvpce/tests/ExportVariabletoCSV_test.rb
[19:29:07.630098 INFO] Zip: Extracting measures/export_variableto_csv_variables_for_bipvpce/tests/example_model.osm
[19:29:07.631594 INFO] Zip: Extracting measures/inject_idf_window_objects/
[19:29:07.631807 INFO] Zip: Extracting measures/inject_idf_window_objects/LICENSE.md
[19:29:07.632254 INFO] Zip: Extracting measures/inject_idf_window_objects/measure.rb
[19:29:07.632827 INFO] Zip: Extracting measures/inject_idf_window_objects/measure.xml
[19:29:07.633296 INFO] Zip: Extracting measures/inject_idf_window_objects/tests/
[19:29:07.633494 INFO] Zip: Extracting measures/inject_idf_window_objects/tests/EnvelopeAndLoadTestModel_01.osm
[19:29:07.646645 INFO] Zip: Extracting measures/inject_idf_window_objects/tests/Example B - BlockEnergyCharge.idf
[19:29:07.647337 INFO] Zip: Extracting measures/inject_idf_window_objects/tests/measure_Test.rb
[19:29:07.647772 INFO] Zip: Extracting measures/inject_idf_window_objects/tests/test.osw
[19:29:07.648611 INFO] Zip: Extracting seeds/switchglaze/
[19:29:07.649033 INFO] Zip: Extracting seeds/switchglaze.osm
[19:29:07.654146 INFO] Zip: Extracting seeds/switchglaze/files/
[19:29:07.654496 INFO] Zip: Extracting seeds/switchglaze/measures/
[19:29:07.654685 INFO] Zip: Extracting seeds/switchglaze/run/
[19:29:07.654883 INFO] Zip: Extracting seeds/switchglaze/workflow.osw
[19:29:07.658834 INFO] Zip: Extracting weather/DEU_Hamburg.101470_IWEC.ddy
[19:29:07.659518 INFO] Zip: Extracting weather/DEU_Hamburg.101470_IWEC.epw
[19:29:07.671544 INFO] Zip: Extracting weather/DEU_Hamburg.101470_IWEC.stat
[19:29:07.672650 INFO] Zip: Extracting weather/JPN_Tokyo.Hyakuri.477150_IWEC.ddy
[19:29:07.673226 INFO] Zip: Extracting weather/JPN_Tokyo.Hyakuri.477150_IWEC.epw
[19:29:07.684938 INFO] Zip: Extracting weather/JPN_Tokyo.Hyakuri.477150_IWEC.stat
[19:29:07.685913 INFO] Zip: Extracting weather/SAU_Riyadh.404380_IWEC.ddy
[19:29:07.686451 INFO] Zip: Extracting weather/SAU_Riyadh.404380_IWEC.epw
[19:29:07.701799 INFO] Zip: Extracting weather/SAU_Riyadh.404380_IWEC.stat
[19:29:07.702813 INFO] Zip: Extracting weather/SGP_Singapore.486980_IWEC.ddy
[19:29:07.703359 INFO] Zip: Extracting weather/SGP_Singapore.486980_IWEC.epw
[19:29:07.720281 INFO] Zip: Extracting weather/SGP_Singapore.486980_IWEC.stat
[19:29:07.721516 INFO] Zip: Extracting weather/USA_AK_Fairbanks.Intl.AP.702610_TMY3.ddy
[19:29:07.722262 INFO] Zip: Extracting weather/USA_AK_Fairbanks.Intl.AP.702610_TMY3.epw
[19:29:07.748215 INFO] Zip: Extracting weather/USA_AK_Fairbanks.Intl.AP.702610_TMY3.stat
[19:29:07.752097 INFO] Zip: Extracting weather/USA_AZ_Tucson.Intl.AP.722740_TMY3.ddy
[19:29:07.753514 INFO] Zip: Extracting weather/USA_AZ_Tucson.Intl.AP.722740_TMY3.epw
[19:29:07.993143 INFO] Zip: Extracting weather/USA_AZ_Tucson.Intl.AP.722740_TMY3.stat
[19:29:07.994657 INFO] Zip: Extracting weather/USA_CA_San.Diego-Lindbergh.Field.722900_TMY3.ddy
[19:29:07.995727 INFO] Zip: Extracting weather/USA_CA_San.Diego-Lindbergh.Field.722900_TMY3.epw
[19:29:08.024234 INFO] Zip: Extracting weather/USA_CA_San.Diego-Lindbergh.Field.722900_TMY3.stat
[19:29:08.025722 INFO] Zip: Extracting weather/USA_CO_Denver.Intl.AP.725650_TMY3.ddy
[19:29:08.026771 INFO] Zip: Extracting weather/USA_CO_Denver.Intl.AP.725650_TMY3.epw
[19:29:08.055044 INFO] Zip: Extracting weather/USA_CO_Denver.Intl.AP.725650_TMY3.stat
[19:29:08.056514 INFO] Zip: Extracting weather/USA_FL_Tampa.Intl.AP.722110_TMY3.ddy
[19:29:08.057547 INFO] Zip: Extracting weather/USA_FL_Tampa.Intl.AP.722110_TMY3.epw
[19:29:08.202500 INFO] Zip: Extracting weather/USA_FL_Tampa.Intl.AP.722110_TMY3.stat
[19:29:08.203502 INFO] Zip: Extracting weather/USA_GA_Atlanta-Hartsfield-Jackson.Intl.AP.722190_TMY3.ddy
[19:29:08.204107 INFO] Zip: Extracting weather/USA_GA_Atlanta-Hartsfield-Jackson.Intl.AP.722190_TMY3.epw
[19:29:08.221532 INFO] Zip: Extracting weather/USA_GA_Atlanta-Hartsfield-Jackson.Intl.AP.722190_TMY3.stat
[19:29:08.222604 INFO] Zip: Extracting weather/USA_HI_Honolulu.Intl.AP.911820_TMY3.ddy
[19:29:08.223364 INFO] Zip: Extracting weather/USA_HI_Honolulu.Intl.AP.911820_TMY3.epw
[19:29:08.238795 INFO] Zip: Extracting weather/USA_HI_Honolulu.Intl.AP.911820_TMY3.stat
[19:29:08.240142 INFO] Zip: Extracting weather/USA_MN_International.Falls.Intl.AP.727470_TMY3.ddy
[19:29:08.243824 INFO] Zip: Extracting weather/USA_MN_International.Falls.Intl.AP.727470_TMY3.epw
[19:29:08.268195 INFO] Zip: Extracting weather/USA_MN_International.Falls.Intl.AP.727470_TMY3.stat
[19:29:08.269259 INFO] Zip: Extracting weather/USA_MN_Rochester.Intl.AP.726440_TMY3.ddy
[19:29:08.269827 INFO] Zip: Extracting weather/USA_MN_Rochester.Intl.AP.726440_TMY3.epw
[19:29:08.282741 INFO] Zip: Extracting weather/USA_MN_Rochester.Intl.AP.726440_TMY3.stat
[19:29:08.283792 INFO] Zip: Extracting weather/USA_MT_Great.Falls.Intl.AP.727750_TMY3.ddy
[19:29:08.284330 INFO] Zip: Extracting weather/USA_MT_Great.Falls.Intl.AP.727750_TMY3.epw
[19:29:08.297389 INFO] Zip: Extracting weather/USA_MT_Great.Falls.Intl.AP.727750_TMY3.stat
[19:29:08.298350 INFO] Zip: Extracting weather/USA_NM_Albuquerque.Intl.AP.723650_TMY3.ddy
[19:29:08.298884 INFO] Zip: Extracting weather/USA_NM_Albuquerque.Intl.AP.723650_TMY3.epw
[19:29:08.320522 INFO] Zip: Extracting weather/USA_NM_Albuquerque.Intl.AP.723650_TMY3.stat
[19:29:08.321591 INFO] Zip: Extracting weather/USA_NY_Buffalo-Greater.Buffalo.Intl.AP.725280_TMY3.ddy
[19:29:08.322318 INFO] Zip: Extracting weather/USA_NY_Buffalo-Greater.Buffalo.Intl.AP.725280_TMY3.epw
[19:29:08.346528 INFO] Zip: Extracting weather/USA_NY_Buffalo-Greater.Buffalo.Intl.AP.725280_TMY3.stat
[19:29:08.347475 INFO] Zip: Extracting weather/USA_NY_New.York-J.F.Kennedy.Intl.AP.744860_TMY3.ddy
[19:29:08.348010 INFO] Zip: Extracting weather/USA_NY_New.York-J.F.Kennedy.Intl.AP.744860_TMY3.epw
[19:29:08.360520 INFO] Zip: Extracting weather/USA_NY_New.York-J.F.Kennedy.Intl.AP.744860_TMY3.stat
[19:29:08.361497 INFO] Zip: Extracting weather/USA_TX_El.Paso.Intl.AP.722700_TMY3.ddy
[19:29:08.362245 INFO] Zip: Extracting weather/USA_TX_El.Paso.Intl.AP.722700_TMY3.epw
[19:29:08.374509 INFO] Zip: Extracting weather/USA_TX_El.Paso.Intl.AP.722700_TMY3.stat
[19:29:08.375501 INFO] Zip: Extracting weather/USA_WA_Port.Angeles-William.R.Fairchild.Intl.AP.727885_TMY3.ddy
[19:29:08.376031 INFO] Zip: Extracting weather/USA_WA_Port.Angeles-William.R.Fairchild.Intl.AP.727885_TMY3.epw
[19:29:08.388464 INFO] Zip: Extracting weather/USA_WA_Port.Angeles-William.R.Fairchild.Intl.AP.727885_TMY3.stat
[19:29:08.389432 INFO] Zip: Extracting weather/USA_WA_Seattle-Tacoma.Intl.AP.727930_TMY3.ddy
[19:29:08.389963 INFO] Zip: Extracting weather/USA_WA_Seattle-Tacoma.Intl.AP.727930_TMY3.epw
[19:29:08.403875 INFO] Zip: Extracting weather/USA_WA_Seattle-Tacoma.Intl.AP.727930_TMY3.stat
[19:29:08.408418 INFO] Downloading analysis.json from http://web:80/analyses/72a216d4-3a64-4cd6-8e04-b9bc3af7ff20.json
[19:29:08.484778 INFO] Checking for presence of args file at /mnt/openstudio/analysis_72a216d4-3a64-4cd6-8e04-b9bc3af7ff20/scripts/data_point/initialize.args
[19:29:08.484866 INFO] Checking for presence of script file at /mnt/openstudio/analysis_72a216d4-3a64-4cd6-8e04-b9bc3af7ff20/scripts/data_point/initialize.sh
[19:29:08.484924 INFO] Finished worker initialization
[19:29:08.484972 INFO] RestClient delete
[19:29:08.485031 INFO] delete post_count = 1
[19:29:08.501188 INFO] Downloading datapoint from http://web:80/data_points/28e0d09c-521d-4dc9-aa59-1bae168fef1e.json
[19:29:08.501271 INFO] get url post_count = 1
[19:29:08.525307 INFO] Creating Workflow Manager instance
[19:29:08.525423 INFO] Directory is /mnt/openstudio/analysis_72a216d4-3a64-4cd6-8e04-b9bc3af7ff20/data_point_28e0d09c-521d-4dc9-aa59-1bae168fef1e
[19:29:08.525518 INFO] Opening run.log file '/mnt/openstudio/analysis_72a216d4-3a64-4cd6-8e04-b9bc3af7ff20/data_point_28e0d09c-521d-4dc9-aa59-1bae168fef1e/run/run.log'
[19:29:08.525734 WARN] Error finding Oscli: OPENSTUDIO_EXE_PATH not set
[19:29:08.540788 WARN] Defaulting to fun Oscli via /usr/local/bin/openstudio
[19:29:08.541015 INFO] Returning Oscli cmd: /usr/local/bin/openstudio --bundle /var/oscli/Gemfile --bundle_path /var/oscli/gems 
[19:29:08.541313 INFO] Running workflow using cmd /usr/local/bin/openstudio --bundle /var/oscli/Gemfile --bundle_path /var/oscli/gems   run --workflow '/mnt/openstudio/analysis_72a216d4-3a64-4cd6-8e04-b9bc3af7ff20/data_point_28e0d09c-521d-4dc9-aa59-1bae168fef1e/data_point.osw'  and writing log to /mnt/openstudio/analysis_72a216d4-3a64-4cd6-8e04-b9bc3af7ff20/data_point_28e0d09c-521d-4dc9-aa59-1bae168fef1e/oscli_simulation.log
[19:29:28.616441 INFO] Oscli output: /var/oscli/gems/ruby/2.5.0/gems/openstudio-standards-0.2.11/lib/openstudio-standards/btap/btap.rb:56: warning: constant ::Fixnum is deprecated
[openstudio.standards.Model] <1> Model has been assigned a weather file, but the file is not in the specified location of 'file:////mnt/openstudio/analysis_72a216d4-3a64-4cd6-8e04-b9bc3af7ff20/weather/SAU_Riyadh.404380_IWEC.epw'.
[19:29:24.850004 WARN] Could not add loads for Plenum. Not expected for 90.1-2013
[19:29:28.236800 WARN] [openstudio.standards.Construction] Requested U-value of 0.58 for Typical Insulated Exterior Mass Wall is too low given the other materials in the construction; insulation layer will not be modified.
[19:29:28.237121 WARN] [openstudio.standards.Construction] Can only set the u-value of opaque constructions or simple glazing. U 0.60 SHGC 0.25 Dbl 2.5mm air is not opaque or simple glazing.
[19:29:28.237344 WARN] [openstudio.standards.Construction] Can only set the u-value of opaque constructions or simple glazing. U 0.65 SHGC 0.25 Dbl Ref-C-H Clr 6mm/6mm Air is not opaque or simple glazing.
[19:29:28.237424 WARN] [openstudio.standards.Construction] Requested U-value of 1.1686635536297982 for Typical Overhead Door is greater than the sum of the inside and outside resistance, and the max U-value (6.636 SI) is used instead.
[19:29:28.237584 WARN] [openstudio.standards.Construction] Can only set the u-value of opaque constructions or simple glazing. Window_U_0.75_SHGC_0.35_Skylight_Frame_Width_2.339_in is not opaque or simple glazing.
[19:29:28.238079 WARN] [openstudio.weather.Model] Could not find ground temperatures; will use generic temperatures, which will skew results.
[19:29:28.247245 ERROR] [openstudio.standards.Model] Model has been assigned a weather file, but the file is not in the specified location of 'file:////mnt/openstudio/analysis_72a216d4-3a64-4cd6-8e04-b9bc3af7ff20/weather/SAU_Riyadh.404380_IWEC.epw'.
[19:29:28.393249 ERROR] /var/oscli/gems/ruby/2.5.0/gems/openstudio-workflow-2.0.0/lib/openstudio/workflow/util/measure.rb failed with message Runner error /var/oscli/gems/ruby/2.5.0/gems/openstudio-workflow-2.0.0/lib/openstudio/workflow/util/measure.rb failed with Measure create_typical_building_from_model reported an error with ["[openstudio.standards.Model] Model has been assigned a weather file, but the file is not in the specified location of 'file:////mnt/openstudio/analysis_72a216d4-3a64-4cd6-8e04-b9bc3af7ff20/weather/SAU_Riyadh.404380_IWEC.epw'."], /var/oscli/gems/ruby/2.5.0/gems/openstudio-workflow-2.0.0/lib/openstudio/workflow/util/measure.rb:560:in `apply_measure'
/var/oscli/gems/ruby/2.5.0/gems/openstudio-workflow-2.0.0/lib/openstudio/workflow/util/measure.rb:109:in `block in apply_measures'
/var/oscli/gems/ruby/2.5.0/gems/openstudio-workflow-2.0.0/lib/openstudio/workflow/util/measure.rb:67:in `each_index'
/var/oscli/gems/ruby/2.5.0/gems/openstudio-workflow-2.0.0/lib/openstudio/workflow/util/measure.rb:67:in `apply_measures'
/var/oscli/gems/ruby/2.5.0/gems/openstudio-workflow-2.0.0/lib/openstudio/workflow/jobs/run_os_measures.rb:70:in `perform'
/var/oscli/gems/ruby/2.5.0/gems/openstudio-workflow-2.0.0/lib/openstudio/workflow/run.rb:292:in `step'
/var/oscli/gems/ruby/2.5.0/gems/openstudio-workflow-2.0.0/lib/openstudio/workflow/run.rb:234:in `run'
:/openstudio_cli.rb:960:in `execute'
:/openstudio_cli.rb:750:in `execute'
:/openstudio_cli.rb:1744:in `<main>'
eval:174:in `eval'
eval:174:in `require_embedded_absolute'
eval:160:in `block in require_embedded'
eval:154:in `each'
eval:154:in `require_embedded'
eval:113:in `require'
eval:3:in `<main>' in /var/oscli/gems/ruby/2.5.0/gems/openstudio-workflow-2.0.0/lib/openstudio/workflow/util/measure.rb:598:in `rescue in apply_measure'
/var/oscli/gems/ruby/2.5.0/gems/openstudio-workflow-2.0.0/lib/openstudio/workflow/util/measure.rb:548:in `apply_measure'
/var/oscli/gems/ruby/2.5.0/gems/openstudio-workflow-2.0.0/lib/openstudio/workflow/util/measure.rb:109:in `block in apply_measures'
/var/oscli/gems/ruby/2.5.0/gems/openstudio-workflow-2.0.0/lib/openstudio/workflow/util/measure.rb:67:in `each_index'
/var/oscli/gems/ruby/2.5.0/gems/openstudio-workflow-2.0.0/lib/openstudio/workflow/util/measure.rb:67:in `apply_measures'
/var/oscli/gems/ruby/2.5.0/gems/openstudio-workflow-2.0.0/lib/openstudio/workflow/jobs/run_os_measures.rb:70:in `perform'
/var/oscli/gems/ruby/2.5.0/gems/openstudio-workflow-2.0.0/lib/openstudio/workflow/run.rb:292:in `step'
/var/oscli/gems/ruby/2.5.0/gems/openstudio-workflow-2.0.0/lib/openstudio/workflow/run.rb:234:in `run'
:/openstudio_cli.rb:960:in `execute'
:/openstudio_cli.rb:750:in `execute'
:/openstudio_cli.rb:1744:in `<main>'
eval:174:in `eval'
eval:174:in `require_embedded_absolute'
eval:160:in `block in require_embedded'
eval:154:in `each'
eval:154:in `require_embedded'
eval:113:in `require'
eval:3:in `<main>'
[19:29:28.396528 ERROR] Found error in state 'os_measures' with message ["/var/oscli/gems/ruby/2.5.0/gems/openstudio-workflow-2.0.0/lib/openstudio/workflow/util/measure.rb failed with message Runner error /var/oscli/gems/ruby/2.5.0/gems/openstudio-workflow-2.0.0/lib/openstudio/workflow/util/measure.rb failed with Measure create_typical_building_from_model reported an error with [\"[openstudio.standards.Model] Model has been assigned a weather file, but the file is not in the specified location of 'file:////mnt/openstudio/analysis_72a216d4-3a64-4cd6-8e04-b9bc3af7ff20/weather/SAU_Riyadh.404380_IWEC.epw'.\"], /var/oscli/gems/ruby/2.5.0/gems/openstudio-workflow-2.0.0/lib/openstudio/workflow/util/measure.rb:560:in `apply_measure'\n/var/oscli/gems/ruby/2.5.0/gems/openstudio-workflow-2.0.0/lib/openstudio/workflow/util/measure.rb:109:in `block in apply_measures'\n/var/oscli/gems/ruby/2.5.0/gems/openstudio-workflow-2.0.0/lib/openstudio/workflow/util/measure.rb:67:in `each_index'\n/var/oscli/gems/ruby/2.5.0/gems/openstudio-workflow-2.0.0/lib/openstudio/workflow/util/measure.rb:67:in `apply_measures'\n/var/oscli/gems/ruby/2.5.0/gems/openstudio-workflow-2.0.0/lib/openstudio/workflow/jobs/run_os_measures.rb:70:in `perform'\n/var/oscli/gems/ruby/2.5.0/gems/openstudio-workflow-2.0.0/lib/openstudio/workflow/run.rb:292:in `step'\n/var/oscli/gems/ruby/2.5.0/gems/openstudio-workflow-2.0.0/lib/openstudio/workflow/run.rb:234:in `run'\n:/openstudio_cli.rb:960:in `execute'\n:/openstudio_cli.rb:750:in `execute'\n:/openstudio_cli.rb:1744:in `<main>'\neval:174:in `eval'\neval:174:in `require_embedded_absolute'\neval:160:in `block in require_embedded'\neval:154:in `each'\neval:154:in `require_embedded'\neval:113:in `require'\neval:3:in `<main>' in /var/oscli/gems/ruby/2.5.0/gems/openstudio-workflow-2.0.0/lib/openstudio/workflow/util/measure.rb:598:in `rescue in apply_measure'\n/var/oscli/gems/ruby/2.5.0/gems/openstudio-workflow-2.0.0/lib/openstudio/workflow/util/measure.rb:548:in `apply_measure'\n/var/oscli/gems/ruby/2.5.0/gems/openstudio-workflow-2.0.0/lib/openstudio/workflow/util/measure.rb:109:in `block in apply_measures'\n/var/oscli/gems/ruby/2.5.0/gems/openstudio-workflow-2.0.0/lib/openstudio/workflow/util/measure.rb:67:in `each_index'\n/var/oscli/gems/ruby/2.5.0/gems/openstudio-workflow-2.0.0/lib/openstudio/workflow/util/measure.rb:67:in `apply_measures'\n/var/oscli/gems/ruby/2.5.0/gems/openstudio-workflow-2.0.0/lib/openstudio/workflow/jobs/run_os_measures.rb:70:in `perform'\n/var/oscli/gems/ruby/2.5.0/gems/openstudio-workflow-2.0.0/lib/openstudio/workflow/run.rb:292:in `step'\n/var/oscli/gems/ruby/2.5.0/gems/openstudio-workflow-2.0.0/lib/openstudio/workflow/run.rb:234:in `run'\n:/openstudio_cli.rb:960:in `execute'\n:/openstudio_cli.rb:750:in `execute'\n:/openstudio_cli.rb:1744:in `<main>'\neval:174:in `eval'\neval:174:in `require_embedded_absolute'\neval:160:in `block in require_embedded'\neval:154:in `each'\neval:154:in `require_embedded'\neval:113:in `require'\neval:3:in `<main>':/var/oscli/gems/ruby/2.5.0/gems/openstudio-workflow-2.0.0/lib/openstudio/workflow/util/measure.rb:647:in `rescue in apply_measure'\n/var/oscli/gems/ruby/2.5.0/gems/openstudio-workflow-2.0.0/lib/openstudio/workflow/util/measure.rb:305:in `apply_measure'\n/var/oscli/gems/ruby/2.5.0/gems/openstudio-workflow-2.0.0/lib/openstudio/workflow/util/measure.rb:109:in `block in apply_measures'\n/var/oscli/gems/ruby/2.5.0/gems/openstudio-workflow-2.0.0/lib/openstudio/workflow/util/measure.rb:67:in `each_index'\n/var/oscli/gems/ruby/2.5.0/gems/openstudio-workflow-2.0.0/lib/openstudio/workflow/util/measure.rb:67:in `apply_measures'\n/var/oscli/gems/ruby/2.5.0/gems/openstudio-workflow-2.0.0/lib/openstudio/workflow/jobs/run_os_measures.rb:70:in `perform'\n/var/oscli/gems/ruby/2.5.0/gems/openstudio-workflow-2.0.0/lib/openstudio/workflow/run.rb:292:in `step'\n/var/oscli/gems/ruby/2.5.0/gems/openstudio-workflow-2.0.0/lib/openstudio/workflow/run.rb:234:in `run'\n:/openstudio_cli.rb:960:in `execute'\n:/openstudio_cli.rb:750:in `execute'\n:/openstudio_cli.rb:1744:in `<main>'\neval:174:in `eval'\neval:174:in `require_embedded_absolute'\neval:160:in `block in require_embedded'\neval:154:in `each'\neval:154:in `require_embedded'\neval:113:in `require'\neval:3:in `<main>'"]}

[19:29:28.617470 ERROR] Could not find results /mnt/openstudio/analysis_72a216d4-3a64-4cd6-8e04-b9bc3af7ff20/data_point_28e0d09c-521d-4dc9-aa59-1bae168fef1e/run/measure_attributes.json
[19:29:28.617567 INFO] Saving files/reports back to the server
[19:29:28.617884 INFO] Saving report /mnt/openstudio/analysis_72a216d4-3a64-4cd6-8e04-b9bc3af7ff20/data_point_28e0d09c-521d-4dc9-aa59-1bae168fef1e/out.osw to http://web:80/data_points/28e0d09c-521d-4dc9-aa59-1bae168fef1e/upload_file
[19:29:28.653313 INFO] Saving report responded with {"id":"5efb9298ce5ea001352be9f3","data_point_id":"28e0d09c-521d-4dc9-aa59-1bae168fef1e","display_name":"Final OSW File","type":"Report","created_at":"2020-06-30T19:29:28.633Z","updated_at":"2020-06-30T19:29:28.633Z"}
[19:29:28.653663 INFO] Saving report /mnt/openstudio/analysis_72a216d4-3a64-4cd6-8e04-b9bc3af7ff20/data_point_28e0d09c-521d-4dc9-aa59-1bae168fef1e/run/data_point.zip to http://web:80/data_points/28e0d09c-521d-4dc9-aa59-1bae168fef1e/upload_file
[19:29:28.696418 INFO] Saving report responded with {"id":"5efb9298ce5ea001352be9f4","data_point_id":"28e0d09c-521d-4dc9-aa59-1bae168fef1e","display_name":"Zip File","type":"Data Point","created_at":"2020-06-30T19:29:28.677Z","updated_at":"2020-06-30T19:29:28.677Z"}
[19:29:28.696710 INFO] Checking for presence of args file at /mnt/openstudio/analysis_72a216d4-3a64-4cd6-8e04-b9bc3af7ff20/scripts/data_point/finalize.args
[19:29:28.696779 INFO] Checking for presence of script file at /mnt/openstudio/analysis_72a216d4-3a64-4cd6-8e04-b9bc3af7ff20/scripts/data_point/finalize.sh
[19:29:28.701078 INFO] Finished /opt/openstudio/server/app/jobs/dj_jobs/run_simulate_data_point.rb
