# Logfile created on 2020-06-30 19:28:59 +0000 by logger.rb/61378
[19:28:59.313346 INFO] Server host is http://web:80
[19:28:59.313462 INFO] Analysis directory is /mnt/openstudio/analysis_72a216d4-3a64-4cd6-8e04-b9bc3af7ff20
[19:28:59.313526 INFO] Simulation directory is /mnt/openstudio/analysis_72a216d4-3a64-4cd6-8e04-b9bc3af7ff20/data_point_93f1eb39-7ce4-4137-a010-235a662dd769
[19:28:59.313560 INFO] Run datapoint type/file is 
[19:28:59.313610 INFO] Starting initialize_worker for datapoint 93f1eb39-7ce4-4137-a010-235a662dd769
[19:28:59.313963 INFO] Downloading analysis zip from http://web:80/analyses/72a216d4-3a64-4cd6-8e04-b9bc3af7ff20/download_analysis_zip
[19:29:01.288976 INFO] Extracting analysis zip to /mnt/openstudio/analysis_72a216d4-3a64-4cd6-8e04-b9bc3af7ff20
[19:29:01.301606 INFO] Zip: Extracting lib/resources/ASHRAE_zone12_Spec.idf
[19:29:01.302858 INFO] Zip: Extracting lib/resources/ASHRAE_zone3_Spec.idf
[19:29:01.303325 INFO] Zip: Extracting lib/resources/ASHRAE_zone456_Spec.idf
[19:29:01.303883 INFO] Zip: Extracting lib/resources/ASHRAE_zone78_Spec.idf
[19:29:01.304430 INFO] Zip: Extracting lib/resources/GlzSys19_13F-air-9_Spec.idf
[19:29:01.305564 INFO] Zip: Extracting lib/resources/GlzSys20_14F-air-3000_Spec.idf
[19:29:01.306736 INFO] Zip: Extracting lib/resources/GlzSys21_13F-air-3000_Spec.idf
[19:29:01.307828 INFO] Zip: Extracting lib/resources/GlzSys_10-air-9_Spec.idf
[19:29:01.308990 INFO] Zip: Extracting lib/resources/GlzSys_10F-air-3000_Spec.idf
[19:29:01.310105 INFO] Zip: Extracting lib/resources/GlzSys_11F-air-3000_Spec.idf
[19:29:01.311146 INFO] Zip: Extracting lib/resources/GlzSys_16095-air-3000_Spec.idf
[19:29:01.312142 INFO] Zip: Extracting lib/resources/GlzSys_16095-air-9_Spec.idf
[19:29:01.313274 INFO] Zip: Extracting lib/resources/GlzSys_6374-air-3000_Spec.idf
[19:29:01.314324 INFO] Zip: Extracting lib/resources/GlzSys_Dark_PV_Spec.idf
[19:29:01.314987 INFO] Zip: Extracting lib/resources/GlzSys_Light_PV_Spec.idf
[19:29:01.315679 INFO] Zip: Extracting lib/resources/GlzSys_Thermochromic_30C.idf
[19:29:01.316576 INFO] Zip: Extracting lib/resources/GlzSys_Thermochromic_35C.idf
[19:29:01.317351 INFO] Zip: Extracting lib/resources/GlzSys_Thermochromic_40C.idf
[19:29:01.318164 INFO] Zip: Extracting lib/resources/SG_zone12_Spec.idf
[19:29:01.319020 INFO] Zip: Extracting lib/resources/SG_zone3_Spec.idf
[19:29:01.319828 INFO] Zip: Extracting lib/resources/SG_zone456_Spec.idf
[19:29:01.320959 INFO] Zip: Extracting lib/resources/SG_zone78_Spec.idf
[19:29:01.322070 INFO] Zip: Extracting lib/resources/Window_PV_No_frame_Spec_Spec.idf
[19:29:01.322694 INFO] Zip: Extracting lib/resources/Window_PV_frame_Spec.idf
[19:29:01.323420 INFO] Zip: Extracting measures/AddMeter/
[19:29:01.323614 INFO] Zip: Extracting measures/AddMeter/LICENSE.md
[19:29:01.323950 INFO] Zip: Extracting measures/AddMeter/New folder/
[19:29:01.324096 INFO] Zip: Extracting measures/AddMeter/README.md
[19:29:01.324505 INFO] Zip: Extracting measures/AddMeter/README.md.erb
[19:29:01.324848 INFO] Zip: Extracting measures/AddMeter/measure.rb
[19:29:01.325250 INFO] Zip: Extracting measures/AddMeter/measure.xml
[19:29:01.325650 INFO] Zip: Extracting measures/AddMeter/tests/
[19:29:01.325793 INFO] Zip: Extracting measures/AddMeter/tests/AddMeter_Test.rb
[19:29:01.326154 INFO] Zip: Extracting measures/AddOutputVariable/
[19:29:01.326295 INFO] Zip: Extracting measures/AddOutputVariable/LICENSE.md
[19:29:01.326632 INFO] Zip: Extracting measures/AddOutputVariable/README.md
[19:29:01.327004 INFO] Zip: Extracting measures/AddOutputVariable/README.md.erb
[19:29:01.327328 INFO] Zip: Extracting measures/AddOutputVariable/measure.rb
[19:29:01.327699 INFO] Zip: Extracting measures/AddOutputVariable/measure.xml
[19:29:01.328114 INFO] Zip: Extracting measures/AddOutputVariable/tests/
[19:29:01.328632 INFO] Zip: Extracting measures/AddOutputVariable/tests/AddOutputVariable_Test.rb
[19:29:01.329013 INFO] Zip: Extracting measures/ChangeBuildingLocation/
[19:29:01.329154 INFO] Zip: Extracting measures/ChangeBuildingLocation/LICENSE.md
[19:29:01.329487 INFO] Zip: Extracting measures/ChangeBuildingLocation/README.md
[19:29:01.329832 INFO] Zip: Extracting measures/ChangeBuildingLocation/README.md.erb
[19:29:01.330230 INFO] Zip: Extracting measures/ChangeBuildingLocation/measure.rb
[19:29:01.330641 INFO] Zip: Extracting measures/ChangeBuildingLocation/measure.xml
[19:29:01.331017 INFO] Zip: Extracting measures/ChangeBuildingLocation/resources/
[19:29:01.331159 INFO] Zip: Extracting measures/ChangeBuildingLocation/resources/epw.rb
[19:29:01.331580 INFO] Zip: Extracting measures/ChangeBuildingLocation/resources/os_lib_helper_methods.rb
[19:29:01.332051 INFO] Zip: Extracting measures/ChangeBuildingLocation/resources/stat_file.rb
[19:29:01.332455 INFO] Zip: Extracting measures/ChangeBuildingLocation/tests/
[19:29:01.332622 INFO] Zip: Extracting measures/ChangeBuildingLocation/tests/USA_MA_Boston-Logan.Intl.AP.725090_TMY3.ddy
[19:29:01.333067 INFO] Zip: Extracting measures/ChangeBuildingLocation/tests/USA_MA_Boston-Logan.Intl.AP.725090_TMY3.epw
[19:29:01.344189 INFO] Zip: Extracting measures/ChangeBuildingLocation/tests/USA_MA_Boston-Logan.Intl.AP.725090_TMY3.stat
[19:29:01.345092 INFO] Zip: Extracting measures/ChangeBuildingLocation/tests/USA_WA_Renton.Muni.AP.727934_TMY3.ddy
[19:29:01.345571 INFO] Zip: Extracting measures/ChangeBuildingLocation/tests/USA_WA_Renton.Muni.AP.727934_TMY3.epw
[19:29:01.362822 INFO] Zip: Extracting measures/ChangeBuildingLocation/tests/USA_WA_Renton.Muni.AP.727934_TMY3.stat
[19:29:01.363666 INFO] Zip: Extracting measures/ChangeBuildingLocation/tests/another_weather_file.ddy
[19:29:01.364327 INFO] Zip: Extracting measures/ChangeBuildingLocation/tests/another_weather_file.epw
[19:29:01.378177 INFO] Zip: Extracting measures/ChangeBuildingLocation/tests/another_weather_file.stat
[19:29:01.378954 INFO] Zip: Extracting measures/ChangeBuildingLocation/tests/change_building_location_test.rb
[19:29:01.379381 INFO] Zip: Extracting measures/ChangeBuildingLocation/tests/multiyear.ddy
[19:29:01.379863 INFO] Zip: Extracting measures/ChangeBuildingLocation/tests/multiyear.epw
[19:29:01.380268 INFO] Zip: Extracting measures/ChangeBuildingLocation/tests/multiyear.stat
[19:29:01.380908 INFO] Zip: Extracting measures/ChangeBuildingLocation/tests/test.osm
[19:29:01.384947 INFO] Zip: Extracting measures/ChangeBuildingLocation/tests/test.osw
[19:29:01.385915 INFO] Zip: Extracting measures/ServerDirectoryCleanup/
[19:29:01.386084 INFO] Zip: Extracting measures/ServerDirectoryCleanup/LICENSE.md
[19:29:01.386542 INFO] Zip: Extracting measures/ServerDirectoryCleanup/measure.rb
[19:29:01.387025 INFO] Zip: Extracting measures/ServerDirectoryCleanup/measure.xml
[19:29:01.387527 INFO] Zip: Extracting measures/ServerDirectoryCleanup/tests/
[19:29:01.387680 INFO] Zip: Extracting measures/ServerDirectoryCleanup/tests/ServerDirectoryCleanup_test.rb
[19:29:01.388149 INFO] Zip: Extracting measures/ServerDirectoryCleanup/tests/USA_CO_Golden-NREL.724666_TMY3.epw
[19:29:01.408751 INFO] Zip: Extracting measures/ServerDirectoryCleanup/tests/example_model.osm
[19:29:01.411553 INFO] Zip: Extracting measures/WindowPV_reporting/
[19:29:01.411827 INFO] Zip: Extracting measures/WindowPV_reporting/measure.rb
[19:29:01.412894 INFO] Zip: Extracting measures/WindowPV_reporting/measure.xml
[19:29:01.413663 INFO] Zip: Extracting measures/WindowPV_reporting/resources/
[19:29:01.413912 INFO] Zip: Extracting measures/WindowPV_reporting/resources/os_lib_helper_methods.rb
[19:29:01.414692 INFO] Zip: Extracting measures/WindowPV_reporting/resources/report.html.in
[19:29:01.415373 INFO] Zip: Extracting measures/WindowPV_reporting/tests/
[19:29:01.415603 INFO] Zip: Extracting measures/WindowPV_reporting/tests/USA_CO_Golden-NREL.724666_TMY3.epw
[19:29:01.438755 INFO] Zip: Extracting measures/WindowPV_reporting/tests/example_model.osm
[19:29:01.441417 INFO] Zip: Extracting measures/WindowPV_reporting/tests/ubi_qd_reporting_test.rb
[19:29:01.442118 INFO] Zip: Extracting measures/a_inject_window_specific_idf_objects/
[19:29:01.442357 INFO] Zip: Extracting measures/a_inject_window_specific_idf_objects/LICENSE.md
[19:29:01.442989 INFO] Zip: Extracting measures/a_inject_window_specific_idf_objects/measure.rb
[19:29:01.443892 INFO] Zip: Extracting measures/a_inject_window_specific_idf_objects/measure.xml
[19:29:01.444622 INFO] Zip: Extracting measures/a_inject_window_specific_idf_objects/tests/
[19:29:01.444857 INFO] Zip: Extracting measures/a_inject_window_specific_idf_objects/tests/EnvelopeAndLoadTestModel_01.osm
[19:29:01.565656 INFO] Zip: Extracting measures/a_inject_window_specific_idf_objects/tests/Example B - BlockEnergyCharge.idf
[19:29:01.566112 INFO] Zip: Extracting measures/a_inject_window_specific_idf_objects/tests/measure_Test.rb
[19:29:01.566508 INFO] Zip: Extracting measures/a_inject_window_specific_idf_objects/tests/test.osw
[19:29:01.567447 INFO] Zip: Extracting measures/add_thermochromic_bipv/
[19:29:01.567617 INFO] Zip: Extracting measures/add_thermochromic_bipv/measure.rb
[19:29:01.568056 INFO] Zip: Extracting measures/add_thermochromic_bipv/measure.xml
[19:29:01.568476 INFO] Zip: Extracting measures/add_thermochromic_bipv/resources/
[19:29:01.568642 INFO] Zip: Extracting measures/add_thermochromic_bipv/resources/HVACSizing.Model.rb
[19:29:01.569147 INFO] Zip: Extracting measures/add_thermochromic_bipv/resources/Standards.Construction.rb
[19:29:01.569605 INFO] Zip: Extracting measures/add_thermochromic_bipv/resources/os_lib_helper_methods.rb
[19:29:01.570022 INFO] Zip: Extracting measures/add_thermochromic_bipv/resources/os_lib_schedules.rb
[19:29:01.570586 INFO] Zip: Extracting measures/create_bar_from_building_type_ratios/
[19:29:01.570744 INFO] Zip: Extracting measures/create_bar_from_building_type_ratios/LICENSE.md
[19:29:01.571087 INFO] Zip: Extracting measures/create_bar_from_building_type_ratios/README.md
[19:29:01.571480 INFO] Zip: Extracting measures/create_bar_from_building_type_ratios/README.md.erb
[19:29:01.571814 INFO] Zip: Extracting measures/create_bar_from_building_type_ratios/measure.rb
[19:29:01.572448 INFO] Zip: Extracting measures/create_bar_from_building_type_ratios/measure.xml
[19:29:01.572893 INFO] Zip: Extracting measures/create_bar_from_building_type_ratios/resources/
[19:29:01.573048 INFO] Zip: Extracting measures/create_bar_from_building_type_ratios/resources/os_lib_geometry.rb
[19:29:01.573654 INFO] Zip: Extracting measures/create_bar_from_building_type_ratios/resources/os_lib_helper_methods.rb
[19:29:01.574093 INFO] Zip: Extracting measures/create_bar_from_building_type_ratios/resources/os_lib_model_generation.rb
[19:29:01.574682 INFO] Zip: Extracting measures/create_bar_from_building_type_ratios/resources/os_lib_model_simplification.rb
[19:29:01.575334 INFO] Zip: Extracting measures/create_bar_from_building_type_ratios/tests/
[19:29:01.575482 INFO] Zip: Extracting measures/create_bar_from_building_type_ratios/tests/create_bar_from_building_type_ratios_test.rb
[19:29:01.575897 INFO] Zip: Extracting measures/create_bar_from_building_type_ratios/tests/example_model.osm
[19:29:01.578267 INFO] Zip: Extracting measures/create_typical_building_from_model/
[19:29:01.578438 INFO] Zip: Extracting measures/create_typical_building_from_model/LICENSE.md
[19:29:01.578792 INFO] Zip: Extracting measures/create_typical_building_from_model/README.md
[19:29:01.579151 INFO] Zip: Extracting measures/create_typical_building_from_model/README.md.erb
[19:29:01.579484 INFO] Zip: Extracting measures/create_typical_building_from_model/measure.rb
[19:29:01.580086 INFO] Zip: Extracting measures/create_typical_building_from_model/measure.xml
[19:29:01.580562 INFO] Zip: Extracting measures/create_typical_building_from_model/resources/
[19:29:01.580723 INFO] Zip: Extracting measures/create_typical_building_from_model/resources/Model.hvac.rb
[19:29:01.581139 INFO] Zip: Extracting measures/create_typical_building_from_model/resources/os_lib_helper_methods.rb
[19:29:01.581585 INFO] Zip: Extracting measures/create_typical_building_from_model/resources/os_lib_model_generation.rb
[19:29:01.582219 INFO] Zip: Extracting measures/create_typical_building_from_model/tests/
[19:29:01.582380 INFO] Zip: Extracting measures/create_typical_building_from_model/tests/GenericGbxml.osm
[19:29:01.585028 INFO] Zip: Extracting measures/create_typical_building_from_model/tests/LargeOffice04.osm
[19:29:01.591793 INFO] Zip: Extracting measures/create_typical_building_from_model/tests/MidriseApartment.osm
[19:29:01.694788 INFO] Zip: Extracting measures/create_typical_building_from_model/tests/SmallOffice.osm
[19:29:01.696877 INFO] Zip: Extracting measures/create_typical_building_from_model/tests/USA_TX_Houston-Bush.Intercontinental.AP.722430_TMY3.epw
[19:29:01.707020 INFO] Zip: Extracting measures/create_typical_building_from_model/tests/create_typical_building_from_model_test.rb
[19:29:01.707572 INFO] Zip: Extracting measures/create_typical_building_from_model/tests/test.osw
[19:29:01.708290 INFO] Zip: Extracting measures/create_typical_building_from_model/tests/test_hvac.rb
[19:29:01.708723 INFO] Zip: Extracting measures/export_variableto_csv_variables_for_bipvpce/
[19:29:01.708908 INFO] Zip: Extracting measures/export_variableto_csv_variables_for_bipvpce/measure.rb
[19:29:01.709331 INFO] Zip: Extracting measures/export_variableto_csv_variables_for_bipvpce/measure.xml
[19:29:01.709702 INFO] Zip: Extracting measures/export_variableto_csv_variables_for_bipvpce/resources/
[19:29:01.709849 INFO] Zip: Extracting measures/export_variableto_csv_variables_for_bipvpce/resources/report.html.in
[19:29:01.710167 INFO] Zip: Extracting measures/export_variableto_csv_variables_for_bipvpce/tests/
[19:29:01.710311 INFO] Zip: Extracting measures/export_variableto_csv_variables_for_bipvpce/tests/ExportVariabletoCSV_test.rb
[19:29:01.710663 INFO] Zip: Extracting measures/export_variableto_csv_variables_for_bipvpce/tests/example_model.osm
[19:29:01.711898 INFO] Zip: Extracting measures/inject_idf_window_objects/
[19:29:01.712045 INFO] Zip: Extracting measures/inject_idf_window_objects/LICENSE.md
[19:29:01.712433 INFO] Zip: Extracting measures/inject_idf_window_objects/measure.rb
[19:29:01.712859 INFO] Zip: Extracting measures/inject_idf_window_objects/measure.xml
[19:29:01.713235 INFO] Zip: Extracting measures/inject_idf_window_objects/tests/
[19:29:01.713377 INFO] Zip: Extracting measures/inject_idf_window_objects/tests/EnvelopeAndLoadTestModel_01.osm
[19:29:01.717840 INFO] Zip: Extracting measures/inject_idf_window_objects/tests/Example B - BlockEnergyCharge.idf
[19:29:01.718246 INFO] Zip: Extracting measures/inject_idf_window_objects/tests/measure_Test.rb
[19:29:01.718605 INFO] Zip: Extracting measures/inject_idf_window_objects/tests/test.osw
[19:29:01.719266 INFO] Zip: Extracting seeds/switchglaze/
[19:29:01.719435 INFO] Zip: Extracting seeds/switchglaze.osm
[19:29:01.723657 INFO] Zip: Extracting seeds/switchglaze/files/
[19:29:01.723850 INFO] Zip: Extracting seeds/switchglaze/measures/
[19:29:01.724000 INFO] Zip: Extracting seeds/switchglaze/run/
[19:29:01.724149 INFO] Zip: Extracting seeds/switchglaze/workflow.osw
[19:29:01.730490 INFO] Zip: Extracting weather/DEU_Hamburg.101470_IWEC.ddy
[19:29:01.734093 INFO] Zip: Extracting weather/DEU_Hamburg.101470_IWEC.epw
[19:29:01.744066 INFO] Zip: Extracting weather/DEU_Hamburg.101470_IWEC.stat
[19:29:01.744797 INFO] Zip: Extracting weather/JPN_Tokyo.Hyakuri.477150_IWEC.ddy
[19:29:01.745235 INFO] Zip: Extracting weather/JPN_Tokyo.Hyakuri.477150_IWEC.epw
[19:29:01.754808 INFO] Zip: Extracting weather/JPN_Tokyo.Hyakuri.477150_IWEC.stat
[19:29:01.755689 INFO] Zip: Extracting weather/SAU_Riyadh.404380_IWEC.ddy
[19:29:01.756136 INFO] Zip: Extracting weather/SAU_Riyadh.404380_IWEC.epw
[19:29:01.765898 INFO] Zip: Extracting weather/SAU_Riyadh.404380_IWEC.stat
[19:29:01.766646 INFO] Zip: Extracting weather/SGP_Singapore.486980_IWEC.ddy
[19:29:01.767083 INFO] Zip: Extracting weather/SGP_Singapore.486980_IWEC.epw
[19:29:01.776957 INFO] Zip: Extracting weather/SGP_Singapore.486980_IWEC.stat
[19:29:01.777701 INFO] Zip: Extracting weather/USA_AK_Fairbanks.Intl.AP.702610_TMY3.ddy
[19:29:01.778298 INFO] Zip: Extracting weather/USA_AK_Fairbanks.Intl.AP.702610_TMY3.epw
[19:29:01.795752 INFO] Zip: Extracting weather/USA_AK_Fairbanks.Intl.AP.702610_TMY3.stat
[19:29:01.796700 INFO] Zip: Extracting weather/USA_AZ_Tucson.Intl.AP.722740_TMY3.ddy
[19:29:01.797308 INFO] Zip: Extracting weather/USA_AZ_Tucson.Intl.AP.722740_TMY3.epw
[19:29:01.812652 INFO] Zip: Extracting weather/USA_AZ_Tucson.Intl.AP.722740_TMY3.stat
[19:29:01.813576 INFO] Zip: Extracting weather/USA_CA_San.Diego-Lindbergh.Field.722900_TMY3.ddy
[19:29:01.814182 INFO] Zip: Extracting weather/USA_CA_San.Diego-Lindbergh.Field.722900_TMY3.epw
[19:29:01.829574 INFO] Zip: Extracting weather/USA_CA_San.Diego-Lindbergh.Field.722900_TMY3.stat
[19:29:01.830491 INFO] Zip: Extracting weather/USA_CO_Denver.Intl.AP.725650_TMY3.ddy
[19:29:01.831103 INFO] Zip: Extracting weather/USA_CO_Denver.Intl.AP.725650_TMY3.epw
[19:29:01.933437 INFO] Zip: Extracting weather/USA_CO_Denver.Intl.AP.725650_TMY3.stat
[19:29:01.934222 INFO] Zip: Extracting weather/USA_FL_Tampa.Intl.AP.722110_TMY3.ddy
[19:29:01.934679 INFO] Zip: Extracting weather/USA_FL_Tampa.Intl.AP.722110_TMY3.epw
[19:29:01.945035 INFO] Zip: Extracting weather/USA_FL_Tampa.Intl.AP.722110_TMY3.stat
[19:29:01.945805 INFO] Zip: Extracting weather/USA_GA_Atlanta-Hartsfield-Jackson.Intl.AP.722190_TMY3.ddy
[19:29:01.946255 INFO] Zip: Extracting weather/USA_GA_Atlanta-Hartsfield-Jackson.Intl.AP.722190_TMY3.epw
[19:29:02.079526 INFO] Zip: Extracting weather/USA_GA_Atlanta-Hartsfield-Jackson.Intl.AP.722190_TMY3.stat
[19:29:02.080527 INFO] Zip: Extracting weather/USA_HI_Honolulu.Intl.AP.911820_TMY3.ddy
[19:29:02.081092 INFO] Zip: Extracting weather/USA_HI_Honolulu.Intl.AP.911820_TMY3.epw
[19:29:02.094810 INFO] Zip: Extracting weather/USA_HI_Honolulu.Intl.AP.911820_TMY3.stat
[19:29:02.095648 INFO] Zip: Extracting weather/USA_MN_International.Falls.Intl.AP.727470_TMY3.ddy
[19:29:02.096244 INFO] Zip: Extracting weather/USA_MN_International.Falls.Intl.AP.727470_TMY3.epw
[19:29:02.109911 INFO] Zip: Extracting weather/USA_MN_International.Falls.Intl.AP.727470_TMY3.stat
[19:29:02.110764 INFO] Zip: Extracting weather/USA_MN_Rochester.Intl.AP.726440_TMY3.ddy
[19:29:02.111353 INFO] Zip: Extracting weather/USA_MN_Rochester.Intl.AP.726440_TMY3.epw
[19:29:02.131377 INFO] Zip: Extracting weather/USA_MN_Rochester.Intl.AP.726440_TMY3.stat
[19:29:02.132220 INFO] Zip: Extracting weather/USA_MT_Great.Falls.Intl.AP.727750_TMY3.ddy
[19:29:02.132760 INFO] Zip: Extracting weather/USA_MT_Great.Falls.Intl.AP.727750_TMY3.epw
[19:29:02.143451 INFO] Zip: Extracting weather/USA_MT_Great.Falls.Intl.AP.727750_TMY3.stat
[19:29:02.144238 INFO] Zip: Extracting weather/USA_NM_Albuquerque.Intl.AP.723650_TMY3.ddy
[19:29:02.144769 INFO] Zip: Extracting weather/USA_NM_Albuquerque.Intl.AP.723650_TMY3.epw
[19:29:02.155257 INFO] Zip: Extracting weather/USA_NM_Albuquerque.Intl.AP.723650_TMY3.stat
[19:29:02.156046 INFO] Zip: Extracting weather/USA_NY_Buffalo-Greater.Buffalo.Intl.AP.725280_TMY3.ddy
[19:29:02.156541 INFO] Zip: Extracting weather/USA_NY_Buffalo-Greater.Buffalo.Intl.AP.725280_TMY3.epw
[19:29:02.169277 INFO] Zip: Extracting weather/USA_NY_Buffalo-Greater.Buffalo.Intl.AP.725280_TMY3.stat
[19:29:02.170126 INFO] Zip: Extracting weather/USA_NY_New.York-J.F.Kennedy.Intl.AP.744860_TMY3.ddy
[19:29:02.170672 INFO] Zip: Extracting weather/USA_NY_New.York-J.F.Kennedy.Intl.AP.744860_TMY3.epw
[19:29:02.185445 INFO] Zip: Extracting weather/USA_NY_New.York-J.F.Kennedy.Intl.AP.744860_TMY3.stat
[19:29:02.186383 INFO] Zip: Extracting weather/USA_TX_El.Paso.Intl.AP.722700_TMY3.ddy
[19:29:02.186988 INFO] Zip: Extracting weather/USA_TX_El.Paso.Intl.AP.722700_TMY3.epw
[19:29:02.203720 INFO] Zip: Extracting weather/USA_TX_El.Paso.Intl.AP.722700_TMY3.stat
[19:29:02.204532 INFO] Zip: Extracting weather/USA_WA_Port.Angeles-William.R.Fairchild.Intl.AP.727885_TMY3.ddy
[19:29:02.205106 INFO] Zip: Extracting weather/USA_WA_Port.Angeles-William.R.Fairchild.Intl.AP.727885_TMY3.epw
[19:29:02.215317 INFO] Zip: Extracting weather/USA_WA_Port.Angeles-William.R.Fairchild.Intl.AP.727885_TMY3.stat
[19:29:02.216092 INFO] Zip: Extracting weather/USA_WA_Seattle-Tacoma.Intl.AP.727930_TMY3.ddy
[19:29:02.216670 INFO] Zip: Extracting weather/USA_WA_Seattle-Tacoma.Intl.AP.727930_TMY3.epw
[19:29:02.227013 INFO] Zip: Extracting weather/USA_WA_Seattle-Tacoma.Intl.AP.727930_TMY3.stat
[19:29:02.230075 INFO] Downloading analysis.json from http://web:80/analyses/72a216d4-3a64-4cd6-8e04-b9bc3af7ff20.json
[19:29:02.299039 INFO] Checking for presence of args file at /mnt/openstudio/analysis_72a216d4-3a64-4cd6-8e04-b9bc3af7ff20/scripts/data_point/initialize.args
[19:29:02.299122 INFO] Checking for presence of script file at /mnt/openstudio/analysis_72a216d4-3a64-4cd6-8e04-b9bc3af7ff20/scripts/data_point/initialize.sh
[19:29:02.299170 INFO] Finished worker initialization
[19:29:02.299224 INFO] RestClient delete
[19:29:02.299263 INFO] delete post_count = 1
[19:29:02.312691 INFO] Downloading datapoint from http://web:80/data_points/93f1eb39-7ce4-4137-a010-235a662dd769.json
[19:29:02.312780 INFO] get url post_count = 1
[19:29:02.335905 INFO] Creating Workflow Manager instance
[19:29:02.336083 INFO] Directory is /mnt/openstudio/analysis_72a216d4-3a64-4cd6-8e04-b9bc3af7ff20/data_point_93f1eb39-7ce4-4137-a010-235a662dd769
[19:29:02.336198 INFO] Opening run.log file '/mnt/openstudio/analysis_72a216d4-3a64-4cd6-8e04-b9bc3af7ff20/data_point_93f1eb39-7ce4-4137-a010-235a662dd769/run/run.log'
[19:29:02.336510 WARN] Error finding Oscli: OPENSTUDIO_EXE_PATH not set
[19:29:02.359416 WARN] Defaulting to fun Oscli via /usr/local/bin/openstudio
[19:29:02.359657 INFO] Returning Oscli cmd: /usr/local/bin/openstudio --bundle /var/oscli/Gemfile --bundle_path /var/oscli/gems 
[19:29:02.359951 INFO] Running workflow using cmd /usr/local/bin/openstudio --bundle /var/oscli/Gemfile --bundle_path /var/oscli/gems   run --workflow '/mnt/openstudio/analysis_72a216d4-3a64-4cd6-8e04-b9bc3af7ff20/data_point_93f1eb39-7ce4-4137-a010-235a662dd769/data_point.osw'  and writing log to /mnt/openstudio/analysis_72a216d4-3a64-4cd6-8e04-b9bc3af7ff20/data_point_93f1eb39-7ce4-4137-a010-235a662dd769/oscli_simulation.log
[19:29:21.794819 INFO] Oscli output: /var/oscli/gems/ruby/2.5.0/gems/openstudio-standards-0.2.11/lib/openstudio-standards/btap/btap.rb:56: warning: constant ::Fixnum is deprecated
[openstudio.standards.Model] <1> Model has been assigned a weather file, but the file is not in the specified location of 'file:////mnt/openstudio/analysis_72a216d4-3a64-4cd6-8e04-b9bc3af7ff20/weather/SAU_Riyadh.404380_IWEC.epw'.
[19:29:18.444780 WARN] Could not add loads for Plenum. Not expected for 90.1-2013
[19:29:21.421131 WARN] [openstudio.standards.Construction] Requested U-value of 0.58 for Typical Insulated Exterior Mass Wall is too low given the other materials in the construction; insulation layer will not be modified.
[19:29:21.421438 WARN] [openstudio.standards.Construction] Can only set the u-value of opaque constructions or simple glazing. U 0.60 SHGC 0.25 Dbl 2.5mm air is not opaque or simple glazing.
[19:29:21.421661 WARN] [openstudio.standards.Construction] Can only set the u-value of opaque constructions or simple glazing. U 0.65 SHGC 0.25 Dbl Ref-C-H Clr 6mm/6mm Air is not opaque or simple glazing.
[19:29:21.421737 WARN] [openstudio.standards.Construction] Requested U-value of 1.1686635536297982 for Typical Overhead Door is greater than the sum of the inside and outside resistance, and the max U-value (6.636 SI) is used instead.
[19:29:21.421886 WARN] [openstudio.standards.Construction] Can only set the u-value of opaque constructions or simple glazing. Window_U_0.75_SHGC_0.35_Skylight_Frame_Width_2.339_in is not opaque or simple glazing.
[19:29:21.422349 WARN] [openstudio.weather.Model] Could not find ground temperatures; will use generic temperatures, which will skew results.
[19:29:21.430774 ERROR] [openstudio.standards.Model] Model has been assigned a weather file, but the file is not in the specified location of 'file:////mnt/openstudio/analysis_72a216d4-3a64-4cd6-8e04-b9bc3af7ff20/weather/SAU_Riyadh.404380_IWEC.epw'.
[19:29:21.566172 ERROR] /var/oscli/gems/ruby/2.5.0/gems/openstudio-workflow-2.0.0/lib/openstudio/workflow/util/measure.rb failed with message Runner error /var/oscli/gems/ruby/2.5.0/gems/openstudio-workflow-2.0.0/lib/openstudio/workflow/util/measure.rb failed with Measure create_typical_building_from_model reported an error with ["[openstudio.standards.Model] Model has been assigned a weather file, but the file is not in the specified location of 'file:////mnt/openstudio/analysis_72a216d4-3a64-4cd6-8e04-b9bc3af7ff20/weather/SAU_Riyadh.404380_IWEC.epw'."], /var/oscli/gems/ruby/2.5.0/gems/openstudio-workflow-2.0.0/lib/openstudio/workflow/util/measure.rb:560:in `apply_measure'
/var/oscli/gems/ruby/2.5.0/gems/openstudio-workflow-2.0.0/lib/openstudio/workflow/util/measure.rb:109:in `block in apply_measures'
/var/oscli/gems/ruby/2.5.0/gems/openstudio-workflow-2.0.0/lib/openstudio/workflow/util/measure.rb:67:in `each_index'
/var/oscli/gems/ruby/2.5.0/gems/openstudio-workflow-2.0.0/lib/openstudio/workflow/util/measure.rb:67:in `apply_measures'
/var/oscli/gems/ruby/2.5.0/gems/openstudio-workflow-2.0.0/lib/openstudio/workflow/jobs/run_os_measures.rb:70:in `perform'
/var/oscli/gems/ruby/2.5.0/gems/openstudio-workflow-2.0.0/lib/openstudio/workflow/run.rb:292:in `step'
/var/oscli/gems/ruby/2.5.0/gems/openstudio-workflow-2.0.0/lib/openstudio/workflow/run.rb:234:in `run'
:/openstudio_cli.rb:960:in `execute'
:/openstudio_cli.rb:750:in `execute'
:/openstudio_cli.rb:1744:in `<main>'
eval:174:in `eval'
eval:174:in `require_embedded_absolute'
eval:160:in `block in require_embedded'
eval:154:in `each'
eval:154:in `require_embedded'
eval:113:in `require'
eval:3:in `<main>' in /var/oscli/gems/ruby/2.5.0/gems/openstudio-workflow-2.0.0/lib/openstudio/workflow/util/measure.rb:598:in `rescue in apply_measure'
/var/oscli/gems/ruby/2.5.0/gems/openstudio-workflow-2.0.0/lib/openstudio/workflow/util/measure.rb:548:in `apply_measure'
/var/oscli/gems/ruby/2.5.0/gems/openstudio-workflow-2.0.0/lib/openstudio/workflow/util/measure.rb:109:in `block in apply_measures'
/var/oscli/gems/ruby/2.5.0/gems/openstudio-workflow-2.0.0/lib/openstudio/workflow/util/measure.rb:67:in `each_index'
/var/oscli/gems/ruby/2.5.0/gems/openstudio-workflow-2.0.0/lib/openstudio/workflow/util/measure.rb:67:in `apply_measures'
/var/oscli/gems/ruby/2.5.0/gems/openstudio-workflow-2.0.0/lib/openstudio/workflow/jobs/run_os_measures.rb:70:in `perform'
/var/oscli/gems/ruby/2.5.0/gems/openstudio-workflow-2.0.0/lib/openstudio/workflow/run.rb:292:in `step'
/var/oscli/gems/ruby/2.5.0/gems/openstudio-workflow-2.0.0/lib/openstudio/workflow/run.rb:234:in `run'
:/openstudio_cli.rb:960:in `execute'
:/openstudio_cli.rb:750:in `execute'
:/openstudio_cli.rb:1744:in `<main>'
eval:174:in `eval'
eval:174:in `require_embedded_absolute'
eval:160:in `block in require_embedded'
eval:154:in `each'
eval:154:in `require_embedded'
eval:113:in `require'
eval:3:in `<main>'
[19:29:21.569563 ERROR] Found error in state 'os_measures' with message ["/var/oscli/gems/ruby/2.5.0/gems/openstudio-workflow-2.0.0/lib/openstudio/workflow/util/measure.rb failed with message Runner error /var/oscli/gems/ruby/2.5.0/gems/openstudio-workflow-2.0.0/lib/openstudio/workflow/util/measure.rb failed with Measure create_typical_building_from_model reported an error with [\"[openstudio.standards.Model] Model has been assigned a weather file, but the file is not in the specified location of 'file:////mnt/openstudio/analysis_72a216d4-3a64-4cd6-8e04-b9bc3af7ff20/weather/SAU_Riyadh.404380_IWEC.epw'.\"], /var/oscli/gems/ruby/2.5.0/gems/openstudio-workflow-2.0.0/lib/openstudio/workflow/util/measure.rb:560:in `apply_measure'\n/var/oscli/gems/ruby/2.5.0/gems/openstudio-workflow-2.0.0/lib/openstudio/workflow/util/measure.rb:109:in `block in apply_measures'\n/var/oscli/gems/ruby/2.5.0/gems/openstudio-workflow-2.0.0/lib/openstudio/workflow/util/measure.rb:67:in `each_index'\n/var/oscli/gems/ruby/2.5.0/gems/openstudio-workflow-2.0.0/lib/openstudio/workflow/util/measure.rb:67:in `apply_measures'\n/var/oscli/gems/ruby/2.5.0/gems/openstudio-workflow-2.0.0/lib/openstudio/workflow/jobs/run_os_measures.rb:70:in `perform'\n/var/oscli/gems/ruby/2.5.0/gems/openstudio-workflow-2.0.0/lib/openstudio/workflow/run.rb:292:in `step'\n/var/oscli/gems/ruby/2.5.0/gems/openstudio-workflow-2.0.0/lib/openstudio/workflow/run.rb:234:in `run'\n:/openstudio_cli.rb:960:in `execute'\n:/openstudio_cli.rb:750:in `execute'\n:/openstudio_cli.rb:1744:in `<main>'\neval:174:in `eval'\neval:174:in `require_embedded_absolute'\neval:160:in `block in require_embedded'\neval:154:in `each'\neval:154:in `require_embedded'\neval:113:in `require'\neval:3:in `<main>' in /var/oscli/gems/ruby/2.5.0/gems/openstudio-workflow-2.0.0/lib/openstudio/workflow/util/measure.rb:598:in `rescue in apply_measure'\n/var/oscli/gems/ruby/2.5.0/gems/openstudio-workflow-2.0.0/lib/openstudio/workflow/util/measure.rb:548:in `apply_measure'\n/var/oscli/gems/ruby/2.5.0/gems/openstudio-workflow-2.0.0/lib/openstudio/workflow/util/measure.rb:109:in `block in apply_measures'\n/var/oscli/gems/ruby/2.5.0/gems/openstudio-workflow-2.0.0/lib/openstudio/workflow/util/measure.rb:67:in `each_index'\n/var/oscli/gems/ruby/2.5.0/gems/openstudio-workflow-2.0.0/lib/openstudio/workflow/util/measure.rb:67:in `apply_measures'\n/var/oscli/gems/ruby/2.5.0/gems/openstudio-workflow-2.0.0/lib/openstudio/workflow/jobs/run_os_measures.rb:70:in `perform'\n/var/oscli/gems/ruby/2.5.0/gems/openstudio-workflow-2.0.0/lib/openstudio/workflow/run.rb:292:in `step'\n/var/oscli/gems/ruby/2.5.0/gems/openstudio-workflow-2.0.0/lib/openstudio/workflow/run.rb:234:in `run'\n:/openstudio_cli.rb:960:in `execute'\n:/openstudio_cli.rb:750:in `execute'\n:/openstudio_cli.rb:1744:in `<main>'\neval:174:in `eval'\neval:174:in `require_embedded_absolute'\neval:160:in `block in require_embedded'\neval:154:in `each'\neval:154:in `require_embedded'\neval:113:in `require'\neval:3:in `<main>':/var/oscli/gems/ruby/2.5.0/gems/openstudio-workflow-2.0.0/lib/openstudio/workflow/util/measure.rb:647:in `rescue in apply_measure'\n/var/oscli/gems/ruby/2.5.0/gems/openstudio-workflow-2.0.0/lib/openstudio/workflow/util/measure.rb:305:in `apply_measure'\n/var/oscli/gems/ruby/2.5.0/gems/openstudio-workflow-2.0.0/lib/openstudio/workflow/util/measure.rb:109:in `block in apply_measures'\n/var/oscli/gems/ruby/2.5.0/gems/openstudio-workflow-2.0.0/lib/openstudio/workflow/util/measure.rb:67:in `each_index'\n/var/oscli/gems/ruby/2.5.0/gems/openstudio-workflow-2.0.0/lib/openstudio/workflow/util/measure.rb:67:in `apply_measures'\n/var/oscli/gems/ruby/2.5.0/gems/openstudio-workflow-2.0.0/lib/openstudio/workflow/jobs/run_os_measures.rb:70:in `perform'\n/var/oscli/gems/ruby/2.5.0/gems/openstudio-workflow-2.0.0/lib/openstudio/workflow/run.rb:292:in `step'\n/var/oscli/gems/ruby/2.5.0/gems/openstudio-workflow-2.0.0/lib/openstudio/workflow/run.rb:234:in `run'\n:/openstudio_cli.rb:960:in `execute'\n:/openstudio_cli.rb:750:in `execute'\n:/openstudio_cli.rb:1744:in `<main>'\neval:174:in `eval'\neval:174:in `require_embedded_absolute'\neval:160:in `block in require_embedded'\neval:154:in `each'\neval:154:in `require_embedded'\neval:113:in `require'\neval:3:in `<main>'"]}

[19:29:21.795776 ERROR] Could not find results /mnt/openstudio/analysis_72a216d4-3a64-4cd6-8e04-b9bc3af7ff20/data_point_93f1eb39-7ce4-4137-a010-235a662dd769/run/measure_attributes.json
[19:29:21.795834 INFO] Saving files/reports back to the server
[19:29:21.796180 INFO] Saving report /mnt/openstudio/analysis_72a216d4-3a64-4cd6-8e04-b9bc3af7ff20/data_point_93f1eb39-7ce4-4137-a010-235a662dd769/out.osw to http://web:80/data_points/93f1eb39-7ce4-4137-a010-235a662dd769/upload_file
[19:29:21.849256 INFO] Saving report responded with {"id":"5efb9291ce5ea001352be9b6","data_point_id":"93f1eb39-7ce4-4137-a010-235a662dd769","display_name":"Final OSW File","type":"Report","created_at":"2020-06-30T19:29:21.824Z","updated_at":"2020-06-30T19:29:21.824Z"}
[19:29:21.849607 INFO] Saving report /mnt/openstudio/analysis_72a216d4-3a64-4cd6-8e04-b9bc3af7ff20/data_point_93f1eb39-7ce4-4137-a010-235a662dd769/run/data_point.zip to http://web:80/data_points/93f1eb39-7ce4-4137-a010-235a662dd769/upload_file
[19:29:21.922010 INFO] Saving report responded with {"id":"5efb9291ce5ea001352be9b7","data_point_id":"93f1eb39-7ce4-4137-a010-235a662dd769","display_name":"Zip File","type":"Data Point","created_at":"2020-06-30T19:29:21.890Z","updated_at":"2020-06-30T19:29:21.890Z"}
[19:29:21.922301 INFO] Checking for presence of args file at /mnt/openstudio/analysis_72a216d4-3a64-4cd6-8e04-b9bc3af7ff20/scripts/data_point/finalize.args
[19:29:21.922369 INFO] Checking for presence of script file at /mnt/openstudio/analysis_72a216d4-3a64-4cd6-8e04-b9bc3af7ff20/scripts/data_point/finalize.sh
[19:29:21.926833 INFO] Finished /opt/openstudio/server/app/jobs/dj_jobs/run_simulate_data_point.rb
