# Logfile created on 2020-06-30 19:29:02 +0000 by logger.rb/61378
[19:29:02.091367 INFO] Server host is http://web:80
[19:29:02.091515 INFO] Analysis directory is /mnt/openstudio/analysis_72a216d4-3a64-4cd6-8e04-b9bc3af7ff20
[19:29:02.091594 INFO] Simulation directory is /mnt/openstudio/analysis_72a216d4-3a64-4cd6-8e04-b9bc3af7ff20/data_point_e9423461-b870-4898-8f16-dcf642a8e7c5
[19:29:02.091645 INFO] Run datapoint type/file is 
[19:29:02.091701 INFO] Starting initialize_worker for datapoint e9423461-b870-4898-8f16-dcf642a8e7c5
[19:29:02.092349 INFO] Downloading analysis zip from http://web:80/analyses/72a216d4-3a64-4cd6-8e04-b9bc3af7ff20/download_analysis_zip
[19:29:03.570509 INFO] Extracting analysis zip to /mnt/openstudio/analysis_72a216d4-3a64-4cd6-8e04-b9bc3af7ff20
[19:29:03.582459 INFO] Zip: Extracting lib/resources/ASHRAE_zone12_Spec.idf
[19:29:03.583714 INFO] Zip: Extracting lib/resources/ASHRAE_zone3_Spec.idf
[19:29:03.584278 INFO] Zip: Extracting lib/resources/ASHRAE_zone456_Spec.idf
[19:29:03.584959 INFO] Zip: Extracting lib/resources/ASHRAE_zone78_Spec.idf
[19:29:03.585590 INFO] Zip: Extracting lib/resources/GlzSys19_13F-air-9_Spec.idf
[19:29:03.587246 INFO] Zip: Extracting lib/resources/GlzSys20_14F-air-3000_Spec.idf
[19:29:03.588817 INFO] Zip: Extracting lib/resources/GlzSys21_13F-air-3000_Spec.idf
[19:29:03.590298 INFO] Zip: Extracting lib/resources/GlzSys_10-air-9_Spec.idf
[19:29:03.591857 INFO] Zip: Extracting lib/resources/GlzSys_10F-air-3000_Spec.idf
[19:29:03.593440 INFO] Zip: Extracting lib/resources/GlzSys_11F-air-3000_Spec.idf
[19:29:03.595068 INFO] Zip: Extracting lib/resources/GlzSys_16095-air-3000_Spec.idf
[19:29:03.596570 INFO] Zip: Extracting lib/resources/GlzSys_16095-air-9_Spec.idf
[19:29:03.598051 INFO] Zip: Extracting lib/resources/GlzSys_6374-air-3000_Spec.idf
[19:29:03.599616 INFO] Zip: Extracting lib/resources/GlzSys_Dark_PV_Spec.idf
[19:29:03.600608 INFO] Zip: Extracting lib/resources/GlzSys_Light_PV_Spec.idf
[19:29:03.601450 INFO] Zip: Extracting lib/resources/GlzSys_Thermochromic_30C.idf
[19:29:03.602567 INFO] Zip: Extracting lib/resources/GlzSys_Thermochromic_35C.idf
[19:29:03.606475 INFO] Zip: Extracting lib/resources/GlzSys_Thermochromic_40C.idf
[19:29:03.607468 INFO] Zip: Extracting lib/resources/SG_zone12_Spec.idf
[19:29:03.608321 INFO] Zip: Extracting lib/resources/SG_zone3_Spec.idf
[19:29:03.609185 INFO] Zip: Extracting lib/resources/SG_zone456_Spec.idf
[19:29:03.610298 INFO] Zip: Extracting lib/resources/SG_zone78_Spec.idf
[19:29:03.611462 INFO] Zip: Extracting lib/resources/Window_PV_No_frame_Spec_Spec.idf
[19:29:03.612150 INFO] Zip: Extracting lib/resources/Window_PV_frame_Spec.idf
[19:29:03.612930 INFO] Zip: Extracting measures/AddMeter/
[19:29:03.613125 INFO] Zip: Extracting measures/AddMeter/LICENSE.md
[19:29:03.613603 INFO] Zip: Extracting measures/AddMeter/New folder/
[19:29:03.613828 INFO] Zip: Extracting measures/AddMeter/README.md
[19:29:03.614240 INFO] Zip: Extracting measures/AddMeter/README.md.erb
[19:29:03.614596 INFO] Zip: Extracting measures/AddMeter/measure.rb
[19:29:03.615340 INFO] Zip: Extracting measures/AddMeter/measure.xml
[19:29:03.615715 INFO] Zip: Extracting measures/AddMeter/tests/
[19:29:03.615878 INFO] Zip: Extracting measures/AddMeter/tests/AddMeter_Test.rb
[19:29:03.616279 INFO] Zip: Extracting measures/AddOutputVariable/
[19:29:03.616523 INFO] Zip: Extracting measures/AddOutputVariable/LICENSE.md
[19:29:03.616947 INFO] Zip: Extracting measures/AddOutputVariable/README.md
[19:29:03.617314 INFO] Zip: Extracting measures/AddOutputVariable/README.md.erb
[19:29:03.617650 INFO] Zip: Extracting measures/AddOutputVariable/measure.rb
[19:29:03.618070 INFO] Zip: Extracting measures/AddOutputVariable/measure.xml
[19:29:03.618461 INFO] Zip: Extracting measures/AddOutputVariable/tests/
[19:29:03.618607 INFO] Zip: Extracting measures/AddOutputVariable/tests/AddOutputVariable_Test.rb
[19:29:03.618998 INFO] Zip: Extracting measures/ChangeBuildingLocation/
[19:29:03.619145 INFO] Zip: Extracting measures/ChangeBuildingLocation/LICENSE.md
[19:29:03.619520 INFO] Zip: Extracting measures/ChangeBuildingLocation/README.md
[19:29:03.619912 INFO] Zip: Extracting measures/ChangeBuildingLocation/README.md.erb
[19:29:03.620257 INFO] Zip: Extracting measures/ChangeBuildingLocation/measure.rb
[19:29:03.620724 INFO] Zip: Extracting measures/ChangeBuildingLocation/measure.xml
[19:29:03.621154 INFO] Zip: Extracting measures/ChangeBuildingLocation/resources/
[19:29:03.621305 INFO] Zip: Extracting measures/ChangeBuildingLocation/resources/epw.rb
[19:29:03.626018 INFO] Zip: Extracting measures/ChangeBuildingLocation/resources/os_lib_helper_methods.rb
[19:29:03.626618 INFO] Zip: Extracting measures/ChangeBuildingLocation/resources/stat_file.rb
[19:29:03.627128 INFO] Zip: Extracting measures/ChangeBuildingLocation/tests/
[19:29:03.627285 INFO] Zip: Extracting measures/ChangeBuildingLocation/tests/USA_MA_Boston-Logan.Intl.AP.725090_TMY3.ddy
[19:29:03.627751 INFO] Zip: Extracting measures/ChangeBuildingLocation/tests/USA_MA_Boston-Logan.Intl.AP.725090_TMY3.epw
[19:29:03.643537 INFO] Zip: Extracting measures/ChangeBuildingLocation/tests/USA_MA_Boston-Logan.Intl.AP.725090_TMY3.stat
[19:29:03.644631 INFO] Zip: Extracting measures/ChangeBuildingLocation/tests/USA_WA_Renton.Muni.AP.727934_TMY3.ddy
[19:29:03.645063 INFO] Zip: Extracting measures/ChangeBuildingLocation/tests/USA_WA_Renton.Muni.AP.727934_TMY3.epw
[19:29:03.660666 INFO] Zip: Extracting measures/ChangeBuildingLocation/tests/USA_WA_Renton.Muni.AP.727934_TMY3.stat
[19:29:03.661505 INFO] Zip: Extracting measures/ChangeBuildingLocation/tests/another_weather_file.ddy
[19:29:03.661952 INFO] Zip: Extracting measures/ChangeBuildingLocation/tests/another_weather_file.epw
[19:29:03.677461 INFO] Zip: Extracting measures/ChangeBuildingLocation/tests/another_weather_file.stat
[19:29:03.678405 INFO] Zip: Extracting measures/ChangeBuildingLocation/tests/change_building_location_test.rb
[19:29:03.679021 INFO] Zip: Extracting measures/ChangeBuildingLocation/tests/multiyear.ddy
[19:29:03.679579 INFO] Zip: Extracting measures/ChangeBuildingLocation/tests/multiyear.epw
[19:29:03.679924 INFO] Zip: Extracting measures/ChangeBuildingLocation/tests/multiyear.stat
[19:29:03.680645 INFO] Zip: Extracting measures/ChangeBuildingLocation/tests/test.osm
[19:29:03.688914 INFO] Zip: Extracting measures/ChangeBuildingLocation/tests/test.osw
[19:29:03.689744 INFO] Zip: Extracting measures/ServerDirectoryCleanup/
[19:29:03.689942 INFO] Zip: Extracting measures/ServerDirectoryCleanup/LICENSE.md
[19:29:03.690330 INFO] Zip: Extracting measures/ServerDirectoryCleanup/measure.rb
[19:29:03.690705 INFO] Zip: Extracting measures/ServerDirectoryCleanup/measure.xml
[19:29:03.691112 INFO] Zip: Extracting measures/ServerDirectoryCleanup/tests/
[19:29:03.691326 INFO] Zip: Extracting measures/ServerDirectoryCleanup/tests/ServerDirectoryCleanup_test.rb
[19:29:03.691869 INFO] Zip: Extracting measures/ServerDirectoryCleanup/tests/USA_CO_Golden-NREL.724666_TMY3.epw
[19:29:03.702634 INFO] Zip: Extracting measures/ServerDirectoryCleanup/tests/example_model.osm
[19:29:03.704060 INFO] Zip: Extracting measures/WindowPV_reporting/
[19:29:03.704283 INFO] Zip: Extracting measures/WindowPV_reporting/measure.rb
[19:29:03.704899 INFO] Zip: Extracting measures/WindowPV_reporting/measure.xml
[19:29:03.705341 INFO] Zip: Extracting measures/WindowPV_reporting/resources/
[19:29:03.705493 INFO] Zip: Extracting measures/WindowPV_reporting/resources/os_lib_helper_methods.rb
[19:29:03.705939 INFO] Zip: Extracting measures/WindowPV_reporting/resources/report.html.in
[19:29:03.706381 INFO] Zip: Extracting measures/WindowPV_reporting/tests/
[19:29:03.706532 INFO] Zip: Extracting measures/WindowPV_reporting/tests/USA_CO_Golden-NREL.724666_TMY3.epw
[19:29:03.717520 INFO] Zip: Extracting measures/WindowPV_reporting/tests/example_model.osm
[19:29:03.718914 INFO] Zip: Extracting measures/WindowPV_reporting/tests/ubi_qd_reporting_test.rb
[19:29:03.719370 INFO] Zip: Extracting measures/a_inject_window_specific_idf_objects/
[19:29:03.719588 INFO] Zip: Extracting measures/a_inject_window_specific_idf_objects/LICENSE.md
[19:29:03.720044 INFO] Zip: Extracting measures/a_inject_window_specific_idf_objects/measure.rb
[19:29:03.720539 INFO] Zip: Extracting measures/a_inject_window_specific_idf_objects/measure.xml
[19:29:03.720928 INFO] Zip: Extracting measures/a_inject_window_specific_idf_objects/tests/
[19:29:03.721099 INFO] Zip: Extracting measures/a_inject_window_specific_idf_objects/tests/EnvelopeAndLoadTestModel_01.osm
[19:29:03.729037 INFO] Zip: Extracting measures/a_inject_window_specific_idf_objects/tests/Example B - BlockEnergyCharge.idf
[19:29:03.729873 INFO] Zip: Extracting measures/a_inject_window_specific_idf_objects/tests/measure_Test.rb
[19:29:03.730554 INFO] Zip: Extracting measures/a_inject_window_specific_idf_objects/tests/test.osw
[19:29:03.731766 INFO] Zip: Extracting measures/add_thermochromic_bipv/
[19:29:03.731994 INFO] Zip: Extracting measures/add_thermochromic_bipv/measure.rb
[19:29:03.732699 INFO] Zip: Extracting measures/add_thermochromic_bipv/measure.xml
[19:29:03.733311 INFO] Zip: Extracting measures/add_thermochromic_bipv/resources/
[19:29:03.733499 INFO] Zip: Extracting measures/add_thermochromic_bipv/resources/HVACSizing.Model.rb
[19:29:03.734251 INFO] Zip: Extracting measures/add_thermochromic_bipv/resources/Standards.Construction.rb
[19:29:03.734793 INFO] Zip: Extracting measures/add_thermochromic_bipv/resources/os_lib_helper_methods.rb
[19:29:03.735391 INFO] Zip: Extracting measures/add_thermochromic_bipv/resources/os_lib_schedules.rb
[19:29:03.736324 INFO] Zip: Extracting measures/create_bar_from_building_type_ratios/
[19:29:03.736534 INFO] Zip: Extracting measures/create_bar_from_building_type_ratios/LICENSE.md
[19:29:03.736994 INFO] Zip: Extracting measures/create_bar_from_building_type_ratios/README.md
[19:29:03.737471 INFO] Zip: Extracting measures/create_bar_from_building_type_ratios/README.md.erb
[19:29:03.737917 INFO] Zip: Extracting measures/create_bar_from_building_type_ratios/measure.rb
[19:29:03.738830 INFO] Zip: Extracting measures/create_bar_from_building_type_ratios/measure.xml
[19:29:03.739466 INFO] Zip: Extracting measures/create_bar_from_building_type_ratios/resources/
[19:29:03.739631 INFO] Zip: Extracting measures/create_bar_from_building_type_ratios/resources/os_lib_geometry.rb
[19:29:03.740435 INFO] Zip: Extracting measures/create_bar_from_building_type_ratios/resources/os_lib_helper_methods.rb
[19:29:03.741007 INFO] Zip: Extracting measures/create_bar_from_building_type_ratios/resources/os_lib_model_generation.rb
[19:29:03.741777 INFO] Zip: Extracting measures/create_bar_from_building_type_ratios/resources/os_lib_model_simplification.rb
[19:29:03.742624 INFO] Zip: Extracting measures/create_bar_from_building_type_ratios/tests/
[19:29:03.742798 INFO] Zip: Extracting measures/create_bar_from_building_type_ratios/tests/create_bar_from_building_type_ratios_test.rb
[19:29:03.743315 INFO] Zip: Extracting measures/create_bar_from_building_type_ratios/tests/example_model.osm
[19:29:03.747187 INFO] Zip: Extracting measures/create_typical_building_from_model/
[19:29:03.747418 INFO] Zip: Extracting measures/create_typical_building_from_model/LICENSE.md
[19:29:03.747940 INFO] Zip: Extracting measures/create_typical_building_from_model/README.md
[19:29:03.748432 INFO] Zip: Extracting measures/create_typical_building_from_model/README.md.erb
[19:29:03.748869 INFO] Zip: Extracting measures/create_typical_building_from_model/measure.rb
[19:29:03.749784 INFO] Zip: Extracting measures/create_typical_building_from_model/measure.xml
[19:29:03.750390 INFO] Zip: Extracting measures/create_typical_building_from_model/resources/
[19:29:03.750567 INFO] Zip: Extracting measures/create_typical_building_from_model/resources/Model.hvac.rb
[19:29:03.751087 INFO] Zip: Extracting measures/create_typical_building_from_model/resources/os_lib_helper_methods.rb
[19:29:03.751662 INFO] Zip: Extracting measures/create_typical_building_from_model/resources/os_lib_model_generation.rb
[19:29:03.752455 INFO] Zip: Extracting measures/create_typical_building_from_model/tests/
[19:29:03.752617 INFO] Zip: Extracting measures/create_typical_building_from_model/tests/GenericGbxml.osm
[19:29:03.756653 INFO] Zip: Extracting measures/create_typical_building_from_model/tests/LargeOffice04.osm
[19:29:03.768830 INFO] Zip: Extracting measures/create_typical_building_from_model/tests/MidriseApartment.osm
[19:29:03.896665 INFO] Zip: Extracting measures/create_typical_building_from_model/tests/SmallOffice.osm
[19:29:03.898813 INFO] Zip: Extracting measures/create_typical_building_from_model/tests/USA_TX_Houston-Bush.Intercontinental.AP.722430_TMY3.epw
[19:29:03.909425 INFO] Zip: Extracting measures/create_typical_building_from_model/tests/create_typical_building_from_model_test.rb
[19:29:03.909998 INFO] Zip: Extracting measures/create_typical_building_from_model/tests/test.osw
[19:29:03.910734 INFO] Zip: Extracting measures/create_typical_building_from_model/tests/test_hvac.rb
[19:29:03.911174 INFO] Zip: Extracting measures/export_variableto_csv_variables_for_bipvpce/
[19:29:03.911350 INFO] Zip: Extracting measures/export_variableto_csv_variables_for_bipvpce/measure.rb
[19:29:03.911796 INFO] Zip: Extracting measures/export_variableto_csv_variables_for_bipvpce/measure.xml
[19:29:03.912172 INFO] Zip: Extracting measures/export_variableto_csv_variables_for_bipvpce/resources/
[19:29:03.912324 INFO] Zip: Extracting measures/export_variableto_csv_variables_for_bipvpce/resources/report.html.in
[19:29:03.912682 INFO] Zip: Extracting measures/export_variableto_csv_variables_for_bipvpce/tests/
[19:29:03.912847 INFO] Zip: Extracting measures/export_variableto_csv_variables_for_bipvpce/tests/ExportVariabletoCSV_test.rb
[19:29:03.913209 INFO] Zip: Extracting measures/export_variableto_csv_variables_for_bipvpce/tests/example_model.osm
[19:29:03.914455 INFO] Zip: Extracting measures/inject_idf_window_objects/
[19:29:03.914632 INFO] Zip: Extracting measures/inject_idf_window_objects/LICENSE.md
[19:29:03.914996 INFO] Zip: Extracting measures/inject_idf_window_objects/measure.rb
[19:29:03.915449 INFO] Zip: Extracting measures/inject_idf_window_objects/measure.xml
[19:29:03.915857 INFO] Zip: Extracting measures/inject_idf_window_objects/tests/
[19:29:03.916006 INFO] Zip: Extracting measures/inject_idf_window_objects/tests/EnvelopeAndLoadTestModel_01.osm
[19:29:03.920789 INFO] Zip: Extracting measures/inject_idf_window_objects/tests/Example B - BlockEnergyCharge.idf
[19:29:03.921296 INFO] Zip: Extracting measures/inject_idf_window_objects/tests/measure_Test.rb
[19:29:03.921647 INFO] Zip: Extracting measures/inject_idf_window_objects/tests/test.osw
[19:29:03.922307 INFO] Zip: Extracting seeds/switchglaze/
[19:29:03.922474 INFO] Zip: Extracting seeds/switchglaze.osm
[19:29:04.025305 INFO] Zip: Extracting seeds/switchglaze/files/
[19:29:04.025569 INFO] Zip: Extracting seeds/switchglaze/measures/
[19:29:04.025720 INFO] Zip: Extracting seeds/switchglaze/run/
[19:29:04.025865 INFO] Zip: Extracting seeds/switchglaze/workflow.osw
[19:29:04.026251 INFO] Zip: Extracting weather/DEU_Hamburg.101470_IWEC.ddy
[19:29:04.026705 INFO] Zip: Extracting weather/DEU_Hamburg.101470_IWEC.epw
[19:29:04.036938 INFO] Zip: Extracting weather/DEU_Hamburg.101470_IWEC.stat
[19:29:04.038039 INFO] Zip: Extracting weather/JPN_Tokyo.Hyakuri.477150_IWEC.ddy
[19:29:04.039032 INFO] Zip: Extracting weather/JPN_Tokyo.Hyakuri.477150_IWEC.epw
[19:29:04.049174 INFO] Zip: Extracting weather/JPN_Tokyo.Hyakuri.477150_IWEC.stat
[19:29:04.050129 INFO] Zip: Extracting weather/SAU_Riyadh.404380_IWEC.ddy
[19:29:04.050635 INFO] Zip: Extracting weather/SAU_Riyadh.404380_IWEC.epw
[19:29:04.066952 INFO] Zip: Extracting weather/SAU_Riyadh.404380_IWEC.stat
[19:29:04.067674 INFO] Zip: Extracting weather/SGP_Singapore.486980_IWEC.ddy
[19:29:04.068122 INFO] Zip: Extracting weather/SGP_Singapore.486980_IWEC.epw
[19:29:04.078524 INFO] Zip: Extracting weather/SGP_Singapore.486980_IWEC.stat
[19:29:04.079331 INFO] Zip: Extracting weather/USA_AK_Fairbanks.Intl.AP.702610_TMY3.ddy
[19:29:04.079775 INFO] Zip: Extracting weather/USA_AK_Fairbanks.Intl.AP.702610_TMY3.epw
[19:29:04.089931 INFO] Zip: Extracting weather/USA_AK_Fairbanks.Intl.AP.702610_TMY3.stat
[19:29:04.090869 INFO] Zip: Extracting weather/USA_AZ_Tucson.Intl.AP.722740_TMY3.ddy
[19:29:04.091364 INFO] Zip: Extracting weather/USA_AZ_Tucson.Intl.AP.722740_TMY3.epw
[19:29:04.101983 INFO] Zip: Extracting weather/USA_AZ_Tucson.Intl.AP.722740_TMY3.stat
[19:29:04.102892 INFO] Zip: Extracting weather/USA_CA_San.Diego-Lindbergh.Field.722900_TMY3.ddy
[19:29:04.103395 INFO] Zip: Extracting weather/USA_CA_San.Diego-Lindbergh.Field.722900_TMY3.epw
[19:29:04.116584 INFO] Zip: Extracting weather/USA_CA_San.Diego-Lindbergh.Field.722900_TMY3.stat
[19:29:04.117470 INFO] Zip: Extracting weather/USA_CO_Denver.Intl.AP.725650_TMY3.ddy
[19:29:04.117915 INFO] Zip: Extracting weather/USA_CO_Denver.Intl.AP.725650_TMY3.epw
[19:29:04.127880 INFO] Zip: Extracting weather/USA_CO_Denver.Intl.AP.725650_TMY3.stat
[19:29:04.128641 INFO] Zip: Extracting weather/USA_FL_Tampa.Intl.AP.722110_TMY3.ddy
[19:29:04.129079 INFO] Zip: Extracting weather/USA_FL_Tampa.Intl.AP.722110_TMY3.epw
[19:29:04.139332 INFO] Zip: Extracting weather/USA_FL_Tampa.Intl.AP.722110_TMY3.stat
[19:29:04.140056 INFO] Zip: Extracting weather/USA_GA_Atlanta-Hartsfield-Jackson.Intl.AP.722190_TMY3.ddy
[19:29:04.140522 INFO] Zip: Extracting weather/USA_GA_Atlanta-Hartsfield-Jackson.Intl.AP.722190_TMY3.epw
[19:29:04.252851 INFO] Zip: Extracting weather/USA_GA_Atlanta-Hartsfield-Jackson.Intl.AP.722190_TMY3.stat
[19:29:04.253747 INFO] Zip: Extracting weather/USA_HI_Honolulu.Intl.AP.911820_TMY3.ddy
[19:29:04.254291 INFO] Zip: Extracting weather/USA_HI_Honolulu.Intl.AP.911820_TMY3.epw
[19:29:04.265273 INFO] Zip: Extracting weather/USA_HI_Honolulu.Intl.AP.911820_TMY3.stat
[19:29:04.265954 INFO] Zip: Extracting weather/USA_MN_International.Falls.Intl.AP.727470_TMY3.ddy
[19:29:04.266374 INFO] Zip: Extracting weather/USA_MN_International.Falls.Intl.AP.727470_TMY3.epw
[19:29:04.398970 INFO] Zip: Extracting weather/USA_MN_International.Falls.Intl.AP.727470_TMY3.stat
[19:29:04.399911 INFO] Zip: Extracting weather/USA_MN_Rochester.Intl.AP.726440_TMY3.ddy
[19:29:04.400660 INFO] Zip: Extracting weather/USA_MN_Rochester.Intl.AP.726440_TMY3.epw
[19:29:04.415466 INFO] Zip: Extracting weather/USA_MN_Rochester.Intl.AP.726440_TMY3.stat
[19:29:04.416228 INFO] Zip: Extracting weather/USA_MT_Great.Falls.Intl.AP.727750_TMY3.ddy
[19:29:04.416768 INFO] Zip: Extracting weather/USA_MT_Great.Falls.Intl.AP.727750_TMY3.epw
[19:29:04.431482 INFO] Zip: Extracting weather/USA_MT_Great.Falls.Intl.AP.727750_TMY3.stat
[19:29:04.432216 INFO] Zip: Extracting weather/USA_NM_Albuquerque.Intl.AP.723650_TMY3.ddy
[19:29:04.432727 INFO] Zip: Extracting weather/USA_NM_Albuquerque.Intl.AP.723650_TMY3.epw
[19:29:04.452671 INFO] Zip: Extracting weather/USA_NM_Albuquerque.Intl.AP.723650_TMY3.stat
[19:29:04.453681 INFO] Zip: Extracting weather/USA_NY_Buffalo-Greater.Buffalo.Intl.AP.725280_TMY3.ddy
[19:29:04.454270 INFO] Zip: Extracting weather/USA_NY_Buffalo-Greater.Buffalo.Intl.AP.725280_TMY3.epw
[19:29:04.465696 INFO] Zip: Extracting weather/USA_NY_Buffalo-Greater.Buffalo.Intl.AP.725280_TMY3.stat
[19:29:04.466474 INFO] Zip: Extracting weather/USA_NY_New.York-J.F.Kennedy.Intl.AP.744860_TMY3.ddy
[19:29:04.466988 INFO] Zip: Extracting weather/USA_NY_New.York-J.F.Kennedy.Intl.AP.744860_TMY3.epw
[19:29:04.478082 INFO] Zip: Extracting weather/USA_NY_New.York-J.F.Kennedy.Intl.AP.744860_TMY3.stat
[19:29:04.478871 INFO] Zip: Extracting weather/USA_TX_El.Paso.Intl.AP.722700_TMY3.ddy
[19:29:04.479415 INFO] Zip: Extracting weather/USA_TX_El.Paso.Intl.AP.722700_TMY3.epw
[19:29:04.492393 INFO] Zip: Extracting weather/USA_TX_El.Paso.Intl.AP.722700_TMY3.stat
[19:29:04.493205 INFO] Zip: Extracting weather/USA_WA_Port.Angeles-William.R.Fairchild.Intl.AP.727885_TMY3.ddy
[19:29:04.493755 INFO] Zip: Extracting weather/USA_WA_Port.Angeles-William.R.Fairchild.Intl.AP.727885_TMY3.epw
[19:29:04.508146 INFO] Zip: Extracting weather/USA_WA_Port.Angeles-William.R.Fairchild.Intl.AP.727885_TMY3.stat
[19:29:04.509123 INFO] Zip: Extracting weather/USA_WA_Seattle-Tacoma.Intl.AP.727930_TMY3.ddy
[19:29:04.509682 INFO] Zip: Extracting weather/USA_WA_Seattle-Tacoma.Intl.AP.727930_TMY3.epw
[19:29:04.526875 INFO] Zip: Extracting weather/USA_WA_Seattle-Tacoma.Intl.AP.727930_TMY3.stat
[19:29:04.530044 INFO] Downloading analysis.json from http://web:80/analyses/72a216d4-3a64-4cd6-8e04-b9bc3af7ff20.json
[19:29:04.596607 INFO] Checking for presence of args file at /mnt/openstudio/analysis_72a216d4-3a64-4cd6-8e04-b9bc3af7ff20/scripts/data_point/initialize.args
[19:29:04.596706 INFO] Checking for presence of script file at /mnt/openstudio/analysis_72a216d4-3a64-4cd6-8e04-b9bc3af7ff20/scripts/data_point/initialize.sh
[19:29:04.596766 INFO] Finished worker initialization
[19:29:04.596812 INFO] RestClient delete
[19:29:04.596850 INFO] delete post_count = 1
[19:29:04.611457 INFO] Downloading datapoint from http://web:80/data_points/e9423461-b870-4898-8f16-dcf642a8e7c5.json
[19:29:04.611536 INFO] get url post_count = 1
[19:29:04.635323 INFO] Creating Workflow Manager instance
[19:29:04.635428 INFO] Directory is /mnt/openstudio/analysis_72a216d4-3a64-4cd6-8e04-b9bc3af7ff20/data_point_e9423461-b870-4898-8f16-dcf642a8e7c5
[19:29:04.635504 INFO] Opening run.log file '/mnt/openstudio/analysis_72a216d4-3a64-4cd6-8e04-b9bc3af7ff20/data_point_e9423461-b870-4898-8f16-dcf642a8e7c5/run/run.log'
[19:29:04.635714 WARN] Error finding Oscli: OPENSTUDIO_EXE_PATH not set
[19:29:04.652095 WARN] Defaulting to fun Oscli via /usr/local/bin/openstudio
[19:29:04.652237 INFO] Returning Oscli cmd: /usr/local/bin/openstudio --bundle /var/oscli/Gemfile --bundle_path /var/oscli/gems 
[19:29:04.652449 INFO] Running workflow using cmd /usr/local/bin/openstudio --bundle /var/oscli/Gemfile --bundle_path /var/oscli/gems   run --workflow '/mnt/openstudio/analysis_72a216d4-3a64-4cd6-8e04-b9bc3af7ff20/data_point_e9423461-b870-4898-8f16-dcf642a8e7c5/data_point.osw'  and writing log to /mnt/openstudio/analysis_72a216d4-3a64-4cd6-8e04-b9bc3af7ff20/data_point_e9423461-b870-4898-8f16-dcf642a8e7c5/oscli_simulation.log
[19:29:25.979599 INFO] Oscli output: /var/oscli/gems/ruby/2.5.0/gems/openstudio-standards-0.2.11/lib/openstudio-standards/btap/btap.rb:56: warning: constant ::Fixnum is deprecated
[openstudio.standards.Model] <1> Model has been assigned a weather file, but the file is not in the specified location of 'file:////mnt/openstudio/analysis_72a216d4-3a64-4cd6-8e04-b9bc3af7ff20/weather/SAU_Riyadh.404380_IWEC.epw'.
[19:29:21.397171 WARN] Could not add loads for Plenum. Not expected for 90.1-2013
[19:29:25.462302 WARN] [openstudio.standards.Construction] Requested U-value of 0.58 for Typical Insulated Exterior Mass Wall is too low given the other materials in the construction; insulation layer will not be modified.
[19:29:25.463057 WARN] [openstudio.standards.Construction] Can only set the u-value of opaque constructions or simple glazing. U 0.60 SHGC 0.25 Dbl 2.5mm air is not opaque or simple glazing.
[19:29:25.463516 WARN] [openstudio.standards.Construction] Can only set the u-value of opaque constructions or simple glazing. U 0.65 SHGC 0.25 Dbl Ref-C-H Clr 6mm/6mm Air is not opaque or simple glazing.
[19:29:25.463679 WARN] [openstudio.standards.Construction] Requested U-value of 1.1686635536297982 for Typical Overhead Door is greater than the sum of the inside and outside resistance, and the max U-value (6.636 SI) is used instead.
[19:29:25.463983 WARN] [openstudio.standards.Construction] Can only set the u-value of opaque constructions or simple glazing. Window_U_0.75_SHGC_0.35_Skylight_Frame_Width_2.339_in is not opaque or simple glazing.
[19:29:25.465005 WARN] [openstudio.weather.Model] Could not find ground temperatures; will use generic temperatures, which will skew results.
[19:29:25.482242 ERROR] [openstudio.standards.Model] Model has been assigned a weather file, but the file is not in the specified location of 'file:////mnt/openstudio/analysis_72a216d4-3a64-4cd6-8e04-b9bc3af7ff20/weather/SAU_Riyadh.404380_IWEC.epw'.
[19:29:25.687988 ERROR] /var/oscli/gems/ruby/2.5.0/gems/openstudio-workflow-2.0.0/lib/openstudio/workflow/util/measure.rb failed with message Runner error /var/oscli/gems/ruby/2.5.0/gems/openstudio-workflow-2.0.0/lib/openstudio/workflow/util/measure.rb failed with Measure create_typical_building_from_model reported an error with ["[openstudio.standards.Model] Model has been assigned a weather file, but the file is not in the specified location of 'file:////mnt/openstudio/analysis_72a216d4-3a64-4cd6-8e04-b9bc3af7ff20/weather/SAU_Riyadh.404380_IWEC.epw'."], /var/oscli/gems/ruby/2.5.0/gems/openstudio-workflow-2.0.0/lib/openstudio/workflow/util/measure.rb:560:in `apply_measure'
/var/oscli/gems/ruby/2.5.0/gems/openstudio-workflow-2.0.0/lib/openstudio/workflow/util/measure.rb:109:in `block in apply_measures'
/var/oscli/gems/ruby/2.5.0/gems/openstudio-workflow-2.0.0/lib/openstudio/workflow/util/measure.rb:67:in `each_index'
/var/oscli/gems/ruby/2.5.0/gems/openstudio-workflow-2.0.0/lib/openstudio/workflow/util/measure.rb:67:in `apply_measures'
/var/oscli/gems/ruby/2.5.0/gems/openstudio-workflow-2.0.0/lib/openstudio/workflow/jobs/run_os_measures.rb:70:in `perform'
/var/oscli/gems/ruby/2.5.0/gems/openstudio-workflow-2.0.0/lib/openstudio/workflow/run.rb:292:in `step'
/var/oscli/gems/ruby/2.5.0/gems/openstudio-workflow-2.0.0/lib/openstudio/workflow/run.rb:234:in `run'
:/openstudio_cli.rb:960:in `execute'
:/openstudio_cli.rb:750:in `execute'
:/openstudio_cli.rb:1744:in `<main>'
eval:174:in `eval'
eval:174:in `require_embedded_absolute'
eval:160:in `block in require_embedded'
eval:154:in `each'
eval:154:in `require_embedded'
eval:113:in `require'
eval:3:in `<main>' in /var/oscli/gems/ruby/2.5.0/gems/openstudio-workflow-2.0.0/lib/openstudio/workflow/util/measure.rb:598:in `rescue in apply_measure'
/var/oscli/gems/ruby/2.5.0/gems/openstudio-workflow-2.0.0/lib/openstudio/workflow/util/measure.rb:548:in `apply_measure'
/var/oscli/gems/ruby/2.5.0/gems/openstudio-workflow-2.0.0/lib/openstudio/workflow/util/measure.rb:109:in `block in apply_measures'
/var/oscli/gems/ruby/2.5.0/gems/openstudio-workflow-2.0.0/lib/openstudio/workflow/util/measure.rb:67:in `each_index'
/var/oscli/gems/ruby/2.5.0/gems/openstudio-workflow-2.0.0/lib/openstudio/workflow/util/measure.rb:67:in `apply_measures'
/var/oscli/gems/ruby/2.5.0/gems/openstudio-workflow-2.0.0/lib/openstudio/workflow/jobs/run_os_measures.rb:70:in `perform'
/var/oscli/gems/ruby/2.5.0/gems/openstudio-workflow-2.0.0/lib/openstudio/workflow/run.rb:292:in `step'
/var/oscli/gems/ruby/2.5.0/gems/openstudio-workflow-2.0.0/lib/openstudio/workflow/run.rb:234:in `run'
:/openstudio_cli.rb:960:in `execute'
:/openstudio_cli.rb:750:in `execute'
:/openstudio_cli.rb:1744:in `<main>'
eval:174:in `eval'
eval:174:in `require_embedded_absolute'
eval:160:in `block in require_embedded'
eval:154:in `each'
eval:154:in `require_embedded'
eval:113:in `require'
eval:3:in `<main>'
[19:29:25.690532 ERROR] Found error in state 'os_measures' with message ["/var/oscli/gems/ruby/2.5.0/gems/openstudio-workflow-2.0.0/lib/openstudio/workflow/util/measure.rb failed with message Runner error /var/oscli/gems/ruby/2.5.0/gems/openstudio-workflow-2.0.0/lib/openstudio/workflow/util/measure.rb failed with Measure create_typical_building_from_model reported an error with [\"[openstudio.standards.Model] Model has been assigned a weather file, but the file is not in the specified location of 'file:////mnt/openstudio/analysis_72a216d4-3a64-4cd6-8e04-b9bc3af7ff20/weather/SAU_Riyadh.404380_IWEC.epw'.\"], /var/oscli/gems/ruby/2.5.0/gems/openstudio-workflow-2.0.0/lib/openstudio/workflow/util/measure.rb:560:in `apply_measure'\n/var/oscli/gems/ruby/2.5.0/gems/openstudio-workflow-2.0.0/lib/openstudio/workflow/util/measure.rb:109:in `block in apply_measures'\n/var/oscli/gems/ruby/2.5.0/gems/openstudio-workflow-2.0.0/lib/openstudio/workflow/util/measure.rb:67:in `each_index'\n/var/oscli/gems/ruby/2.5.0/gems/openstudio-workflow-2.0.0/lib/openstudio/workflow/util/measure.rb:67:in `apply_measures'\n/var/oscli/gems/ruby/2.5.0/gems/openstudio-workflow-2.0.0/lib/openstudio/workflow/jobs/run_os_measures.rb:70:in `perform'\n/var/oscli/gems/ruby/2.5.0/gems/openstudio-workflow-2.0.0/lib/openstudio/workflow/run.rb:292:in `step'\n/var/oscli/gems/ruby/2.5.0/gems/openstudio-workflow-2.0.0/lib/openstudio/workflow/run.rb:234:in `run'\n:/openstudio_cli.rb:960:in `execute'\n:/openstudio_cli.rb:750:in `execute'\n:/openstudio_cli.rb:1744:in `<main>'\neval:174:in `eval'\neval:174:in `require_embedded_absolute'\neval:160:in `block in require_embedded'\neval:154:in `each'\neval:154:in `require_embedded'\neval:113:in `require'\neval:3:in `<main>' in /var/oscli/gems/ruby/2.5.0/gems/openstudio-workflow-2.0.0/lib/openstudio/workflow/util/measure.rb:598:in `rescue in apply_measure'\n/var/oscli/gems/ruby/2.5.0/gems/openstudio-workflow-2.0.0/lib/openstudio/workflow/util/measure.rb:548:in `apply_measure'\n/var/oscli/gems/ruby/2.5.0/gems/openstudio-workflow-2.0.0/lib/openstudio/workflow/util/measure.rb:109:in `block in apply_measures'\n/var/oscli/gems/ruby/2.5.0/gems/openstudio-workflow-2.0.0/lib/openstudio/workflow/util/measure.rb:67:in `each_index'\n/var/oscli/gems/ruby/2.5.0/gems/openstudio-workflow-2.0.0/lib/openstudio/workflow/util/measure.rb:67:in `apply_measures'\n/var/oscli/gems/ruby/2.5.0/gems/openstudio-workflow-2.0.0/lib/openstudio/workflow/jobs/run_os_measures.rb:70:in `perform'\n/var/oscli/gems/ruby/2.5.0/gems/openstudio-workflow-2.0.0/lib/openstudio/workflow/run.rb:292:in `step'\n/var/oscli/gems/ruby/2.5.0/gems/openstudio-workflow-2.0.0/lib/openstudio/workflow/run.rb:234:in `run'\n:/openstudio_cli.rb:960:in `execute'\n:/openstudio_cli.rb:750:in `execute'\n:/openstudio_cli.rb:1744:in `<main>'\neval:174:in `eval'\neval:174:in `require_embedded_absolute'\neval:160:in `block in require_embedded'\neval:154:in `each'\neval:154:in `require_embedded'\neval:113:in `require'\neval:3:in `<main>':/var/oscli/gems/ruby/2.5.0/gems/openstudio-workflow-2.0.0/lib/openstudio/workflow/util/measure.rb:647:in `rescue in apply_measure'\n/var/oscli/gems/ruby/2.5.0/gems/openstudio-workflow-2.0.0/lib/openstudio/workflow/util/measure.rb:305:in `apply_measure'\n/var/oscli/gems/ruby/2.5.0/gems/openstudio-workflow-2.0.0/lib/openstudio/workflow/util/measure.rb:109:in `block in apply_measures'\n/var/oscli/gems/ruby/2.5.0/gems/openstudio-workflow-2.0.0/lib/openstudio/workflow/util/measure.rb:67:in `each_index'\n/var/oscli/gems/ruby/2.5.0/gems/openstudio-workflow-2.0.0/lib/openstudio/workflow/util/measure.rb:67:in `apply_measures'\n/var/oscli/gems/ruby/2.5.0/gems/openstudio-workflow-2.0.0/lib/openstudio/workflow/jobs/run_os_measures.rb:70:in `perform'\n/var/oscli/gems/ruby/2.5.0/gems/openstudio-workflow-2.0.0/lib/openstudio/workflow/run.rb:292:in `step'\n/var/oscli/gems/ruby/2.5.0/gems/openstudio-workflow-2.0.0/lib/openstudio/workflow/run.rb:234:in `run'\n:/openstudio_cli.rb:960:in `execute'\n:/openstudio_cli.rb:750:in `execute'\n:/openstudio_cli.rb:1744:in `<main>'\neval:174:in `eval'\neval:174:in `require_embedded_absolute'\neval:160:in `block in require_embedded'\neval:154:in `each'\neval:154:in `require_embedded'\neval:113:in `require'\neval:3:in `<main>'"]}

[19:29:25.980538 ERROR] Could not find results /mnt/openstudio/analysis_72a216d4-3a64-4cd6-8e04-b9bc3af7ff20/data_point_e9423461-b870-4898-8f16-dcf642a8e7c5/run/measure_attributes.json
[19:29:25.980596 INFO] Saving files/reports back to the server
[19:29:25.981026 INFO] Saving report /mnt/openstudio/analysis_72a216d4-3a64-4cd6-8e04-b9bc3af7ff20/data_point_e9423461-b870-4898-8f16-dcf642a8e7c5/out.osw to http://web:80/data_points/e9423461-b870-4898-8f16-dcf642a8e7c5/upload_file
[19:29:26.019939 INFO] Saving report responded with {"id":"5efb9295ce5ea001492bc074","data_point_id":"e9423461-b870-4898-8f16-dcf642a8e7c5","display_name":"Final OSW File","type":"Report","created_at":"2020-06-30T19:29:26.002Z","updated_at":"2020-06-30T19:29:26.002Z"}
[19:29:26.020371 INFO] Saving report /mnt/openstudio/analysis_72a216d4-3a64-4cd6-8e04-b9bc3af7ff20/data_point_e9423461-b870-4898-8f16-dcf642a8e7c5/run/data_point.zip to http://web:80/data_points/e9423461-b870-4898-8f16-dcf642a8e7c5/upload_file
[19:29:26.073257 INFO] Saving report responded with {"id":"5efb9296ce5ea001492bc075","data_point_id":"e9423461-b870-4898-8f16-dcf642a8e7c5","display_name":"Zip File","type":"Data Point","created_at":"2020-06-30T19:29:26.042Z","updated_at":"2020-06-30T19:29:26.042Z"}
[19:29:26.073584 INFO] Checking for presence of args file at /mnt/openstudio/analysis_72a216d4-3a64-4cd6-8e04-b9bc3af7ff20/scripts/data_point/finalize.args
[19:29:26.073654 INFO] Checking for presence of script file at /mnt/openstudio/analysis_72a216d4-3a64-4cd6-8e04-b9bc3af7ff20/scripts/data_point/finalize.sh
[19:29:26.078111 INFO] Finished /opt/openstudio/server/app/jobs/dj_jobs/run_simulate_data_point.rb
