# Logfile created on 2020-06-30 19:29:01 +0000 by logger.rb/61378
[19:29:01.630455 INFO] Server host is http://web:80
[19:29:01.630576 INFO] Analysis directory is /mnt/openstudio/analysis_72a216d4-3a64-4cd6-8e04-b9bc3af7ff20
[19:29:01.630642 INFO] Simulation directory is /mnt/openstudio/analysis_72a216d4-3a64-4cd6-8e04-b9bc3af7ff20/data_point_583ff4ce-34c0-46b9-8f70-35421e568c03
[19:29:01.630676 INFO] Run datapoint type/file is 
[19:29:01.630725 INFO] Starting initialize_worker for datapoint 583ff4ce-34c0-46b9-8f70-35421e568c03
[19:29:01.631148 INFO] Downloading analysis zip from http://web:80/analyses/72a216d4-3a64-4cd6-8e04-b9bc3af7ff20/download_analysis_zip
[19:29:04.232341 INFO] Extracting analysis zip to /mnt/openstudio/analysis_72a216d4-3a64-4cd6-8e04-b9bc3af7ff20
[19:29:04.246327 INFO] Zip: Extracting lib/resources/ASHRAE_zone12_Spec.idf
[19:29:04.248023 INFO] Zip: Extracting lib/resources/ASHRAE_zone3_Spec.idf
[19:29:04.248819 INFO] Zip: Extracting lib/resources/ASHRAE_zone456_Spec.idf
[19:29:04.249315 INFO] Zip: Extracting lib/resources/ASHRAE_zone78_Spec.idf
[19:29:04.249799 INFO] Zip: Extracting lib/resources/GlzSys19_13F-air-9_Spec.idf
[19:29:04.250991 INFO] Zip: Extracting lib/resources/GlzSys20_14F-air-3000_Spec.idf
[19:29:04.252008 INFO] Zip: Extracting lib/resources/GlzSys21_13F-air-3000_Spec.idf
[19:29:04.253110 INFO] Zip: Extracting lib/resources/GlzSys_10-air-9_Spec.idf
[19:29:04.254179 INFO] Zip: Extracting lib/resources/GlzSys_10F-air-3000_Spec.idf
[19:29:04.255696 INFO] Zip: Extracting lib/resources/GlzSys_11F-air-3000_Spec.idf
[19:29:04.256798 INFO] Zip: Extracting lib/resources/GlzSys_16095-air-3000_Spec.idf
[19:29:04.257794 INFO] Zip: Extracting lib/resources/GlzSys_16095-air-9_Spec.idf
[19:29:04.259036 INFO] Zip: Extracting lib/resources/GlzSys_6374-air-3000_Spec.idf
[19:29:04.260060 INFO] Zip: Extracting lib/resources/GlzSys_Dark_PV_Spec.idf
[19:29:04.260913 INFO] Zip: Extracting lib/resources/GlzSys_Light_PV_Spec.idf
[19:29:04.261668 INFO] Zip: Extracting lib/resources/GlzSys_Thermochromic_30C.idf
[19:29:04.262415 INFO] Zip: Extracting lib/resources/GlzSys_Thermochromic_35C.idf
[19:29:04.263166 INFO] Zip: Extracting lib/resources/GlzSys_Thermochromic_40C.idf
[19:29:04.263914 INFO] Zip: Extracting lib/resources/SG_zone12_Spec.idf
[19:29:04.264707 INFO] Zip: Extracting lib/resources/SG_zone3_Spec.idf
[19:29:04.265432 INFO] Zip: Extracting lib/resources/SG_zone456_Spec.idf
[19:29:04.266492 INFO] Zip: Extracting lib/resources/SG_zone78_Spec.idf
[19:29:04.267760 INFO] Zip: Extracting lib/resources/Window_PV_No_frame_Spec_Spec.idf
[19:29:04.268643 INFO] Zip: Extracting lib/resources/Window_PV_frame_Spec.idf
[19:29:04.269424 INFO] Zip: Extracting measures/AddMeter/
[19:29:04.269594 INFO] Zip: Extracting measures/AddMeter/LICENSE.md
[19:29:04.269997 INFO] Zip: Extracting measures/AddMeter/New folder/
[19:29:04.270134 INFO] Zip: Extracting measures/AddMeter/README.md
[19:29:04.270573 INFO] Zip: Extracting measures/AddMeter/README.md.erb
[19:29:04.270983 INFO] Zip: Extracting measures/AddMeter/measure.rb
[19:29:04.271430 INFO] Zip: Extracting measures/AddMeter/measure.xml
[19:29:04.271850 INFO] Zip: Extracting measures/AddMeter/tests/
[19:29:04.271990 INFO] Zip: Extracting measures/AddMeter/tests/AddMeter_Test.rb
[19:29:04.272443 INFO] Zip: Extracting measures/AddOutputVariable/
[19:29:04.272635 INFO] Zip: Extracting measures/AddOutputVariable/LICENSE.md
[19:29:04.273043 INFO] Zip: Extracting measures/AddOutputVariable/README.md
[19:29:04.273429 INFO] Zip: Extracting measures/AddOutputVariable/README.md.erb
[19:29:04.273822 INFO] Zip: Extracting measures/AddOutputVariable/measure.rb
[19:29:04.274270 INFO] Zip: Extracting measures/AddOutputVariable/measure.xml
[19:29:04.274718 INFO] Zip: Extracting measures/AddOutputVariable/tests/
[19:29:04.274874 INFO] Zip: Extracting measures/AddOutputVariable/tests/AddOutputVariable_Test.rb
[19:29:04.275288 INFO] Zip: Extracting measures/ChangeBuildingLocation/
[19:29:04.275428 INFO] Zip: Extracting measures/ChangeBuildingLocation/LICENSE.md
[19:29:04.275838 INFO] Zip: Extracting measures/ChangeBuildingLocation/README.md
[19:29:04.276241 INFO] Zip: Extracting measures/ChangeBuildingLocation/README.md.erb
[19:29:04.276725 INFO] Zip: Extracting measures/ChangeBuildingLocation/measure.rb
[19:29:04.277220 INFO] Zip: Extracting measures/ChangeBuildingLocation/measure.xml
[19:29:04.277664 INFO] Zip: Extracting measures/ChangeBuildingLocation/resources/
[19:29:04.277806 INFO] Zip: Extracting measures/ChangeBuildingLocation/resources/epw.rb
[19:29:04.278280 INFO] Zip: Extracting measures/ChangeBuildingLocation/resources/os_lib_helper_methods.rb
[19:29:04.278851 INFO] Zip: Extracting measures/ChangeBuildingLocation/resources/stat_file.rb
[19:29:04.279293 INFO] Zip: Extracting measures/ChangeBuildingLocation/tests/
[19:29:04.279428 INFO] Zip: Extracting measures/ChangeBuildingLocation/tests/USA_MA_Boston-Logan.Intl.AP.725090_TMY3.ddy
[19:29:04.279974 INFO] Zip: Extracting measures/ChangeBuildingLocation/tests/USA_MA_Boston-Logan.Intl.AP.725090_TMY3.epw
[19:29:04.294893 INFO] Zip: Extracting measures/ChangeBuildingLocation/tests/USA_MA_Boston-Logan.Intl.AP.725090_TMY3.stat
[19:29:04.296111 INFO] Zip: Extracting measures/ChangeBuildingLocation/tests/USA_WA_Renton.Muni.AP.727934_TMY3.ddy
[19:29:04.296732 INFO] Zip: Extracting measures/ChangeBuildingLocation/tests/USA_WA_Renton.Muni.AP.727934_TMY3.epw
[19:29:04.468448 INFO] Zip: Extracting measures/ChangeBuildingLocation/tests/USA_WA_Renton.Muni.AP.727934_TMY3.stat
[19:29:04.469302 INFO] Zip: Extracting measures/ChangeBuildingLocation/tests/another_weather_file.ddy
[19:29:04.469820 INFO] Zip: Extracting measures/ChangeBuildingLocation/tests/another_weather_file.epw
[19:29:04.483335 INFO] Zip: Extracting measures/ChangeBuildingLocation/tests/another_weather_file.stat
[19:29:04.484252 INFO] Zip: Extracting measures/ChangeBuildingLocation/tests/change_building_location_test.rb
[19:29:04.484788 INFO] Zip: Extracting measures/ChangeBuildingLocation/tests/multiyear.ddy
[19:29:04.485425 INFO] Zip: Extracting measures/ChangeBuildingLocation/tests/multiyear.epw
[19:29:04.485919 INFO] Zip: Extracting measures/ChangeBuildingLocation/tests/multiyear.stat
[19:29:04.486684 INFO] Zip: Extracting measures/ChangeBuildingLocation/tests/test.osm
[19:29:04.490616 INFO] Zip: Extracting measures/ChangeBuildingLocation/tests/test.osw
[19:29:04.491637 INFO] Zip: Extracting measures/ServerDirectoryCleanup/
[19:29:04.491859 INFO] Zip: Extracting measures/ServerDirectoryCleanup/LICENSE.md
[19:29:04.492394 INFO] Zip: Extracting measures/ServerDirectoryCleanup/measure.rb
[19:29:04.493463 INFO] Zip: Extracting measures/ServerDirectoryCleanup/measure.xml
[19:29:04.493960 INFO] Zip: Extracting measures/ServerDirectoryCleanup/tests/
[19:29:04.494158 INFO] Zip: Extracting measures/ServerDirectoryCleanup/tests/ServerDirectoryCleanup_test.rb
[19:29:04.494658 INFO] Zip: Extracting measures/ServerDirectoryCleanup/tests/USA_CO_Golden-NREL.724666_TMY3.epw
[19:29:04.653984 INFO] Zip: Extracting measures/ServerDirectoryCleanup/tests/example_model.osm
[19:29:04.655785 INFO] Zip: Extracting measures/WindowPV_reporting/
[19:29:04.656058 INFO] Zip: Extracting measures/WindowPV_reporting/measure.rb
[19:29:04.656743 INFO] Zip: Extracting measures/WindowPV_reporting/measure.xml
[19:29:04.657272 INFO] Zip: Extracting measures/WindowPV_reporting/resources/
[19:29:04.657479 INFO] Zip: Extracting measures/WindowPV_reporting/resources/os_lib_helper_methods.rb
[19:29:04.658051 INFO] Zip: Extracting measures/WindowPV_reporting/resources/report.html.in
[19:29:04.658464 INFO] Zip: Extracting measures/WindowPV_reporting/tests/
[19:29:04.658647 INFO] Zip: Extracting measures/WindowPV_reporting/tests/USA_CO_Golden-NREL.724666_TMY3.epw
[19:29:04.676931 INFO] Zip: Extracting measures/WindowPV_reporting/tests/example_model.osm
[19:29:04.678676 INFO] Zip: Extracting measures/WindowPV_reporting/tests/ubi_qd_reporting_test.rb
[19:29:04.679193 INFO] Zip: Extracting measures/a_inject_window_specific_idf_objects/
[19:29:04.679381 INFO] Zip: Extracting measures/a_inject_window_specific_idf_objects/LICENSE.md
[19:29:04.679816 INFO] Zip: Extracting measures/a_inject_window_specific_idf_objects/measure.rb
[19:29:04.680393 INFO] Zip: Extracting measures/a_inject_window_specific_idf_objects/measure.xml
[19:29:04.680875 INFO] Zip: Extracting measures/a_inject_window_specific_idf_objects/tests/
[19:29:04.681060 INFO] Zip: Extracting measures/a_inject_window_specific_idf_objects/tests/EnvelopeAndLoadTestModel_01.osm
[19:29:04.687145 INFO] Zip: Extracting measures/a_inject_window_specific_idf_objects/tests/Example B - BlockEnergyCharge.idf
[19:29:04.687768 INFO] Zip: Extracting measures/a_inject_window_specific_idf_objects/tests/measure_Test.rb
[19:29:04.688213 INFO] Zip: Extracting measures/a_inject_window_specific_idf_objects/tests/test.osw
[19:29:04.689038 INFO] Zip: Extracting measures/add_thermochromic_bipv/
[19:29:04.689237 INFO] Zip: Extracting measures/add_thermochromic_bipv/measure.rb
[19:29:04.689755 INFO] Zip: Extracting measures/add_thermochromic_bipv/measure.xml
[19:29:04.690208 INFO] Zip: Extracting measures/add_thermochromic_bipv/resources/
[19:29:04.690388 INFO] Zip: Extracting measures/add_thermochromic_bipv/resources/HVACSizing.Model.rb
[19:29:04.690946 INFO] Zip: Extracting measures/add_thermochromic_bipv/resources/Standards.Construction.rb
[19:29:04.691347 INFO] Zip: Extracting measures/add_thermochromic_bipv/resources/os_lib_helper_methods.rb
[19:29:04.691794 INFO] Zip: Extracting measures/add_thermochromic_bipv/resources/os_lib_schedules.rb
[19:29:04.692469 INFO] Zip: Extracting measures/create_bar_from_building_type_ratios/
[19:29:04.692659 INFO] Zip: Extracting measures/create_bar_from_building_type_ratios/LICENSE.md
[19:29:04.693068 INFO] Zip: Extracting measures/create_bar_from_building_type_ratios/README.md
[19:29:04.693522 INFO] Zip: Extracting measures/create_bar_from_building_type_ratios/README.md.erb
[19:29:04.693982 INFO] Zip: Extracting measures/create_bar_from_building_type_ratios/measure.rb
[19:29:04.694676 INFO] Zip: Extracting measures/create_bar_from_building_type_ratios/measure.xml
[19:29:04.695196 INFO] Zip: Extracting measures/create_bar_from_building_type_ratios/resources/
[19:29:04.695385 INFO] Zip: Extracting measures/create_bar_from_building_type_ratios/resources/os_lib_geometry.rb
[19:29:04.696160 INFO] Zip: Extracting measures/create_bar_from_building_type_ratios/resources/os_lib_helper_methods.rb
[19:29:04.696709 INFO] Zip: Extracting measures/create_bar_from_building_type_ratios/resources/os_lib_model_generation.rb
[19:29:04.697444 INFO] Zip: Extracting measures/create_bar_from_building_type_ratios/resources/os_lib_model_simplification.rb
[19:29:04.698238 INFO] Zip: Extracting measures/create_bar_from_building_type_ratios/tests/
[19:29:04.698437 INFO] Zip: Extracting measures/create_bar_from_building_type_ratios/tests/create_bar_from_building_type_ratios_test.rb
[19:29:04.698941 INFO] Zip: Extracting measures/create_bar_from_building_type_ratios/tests/example_model.osm
[19:29:04.708819 INFO] Zip: Extracting measures/create_typical_building_from_model/
[19:29:04.709114 INFO] Zip: Extracting measures/create_typical_building_from_model/LICENSE.md
[19:29:04.709608 INFO] Zip: Extracting measures/create_typical_building_from_model/README.md
[19:29:04.710045 INFO] Zip: Extracting measures/create_typical_building_from_model/README.md.erb
[19:29:04.710440 INFO] Zip: Extracting measures/create_typical_building_from_model/measure.rb
[19:29:04.711309 INFO] Zip: Extracting measures/create_typical_building_from_model/measure.xml
[19:29:04.711858 INFO] Zip: Extracting measures/create_typical_building_from_model/resources/
[19:29:04.712050 INFO] Zip: Extracting measures/create_typical_building_from_model/resources/Model.hvac.rb
[19:29:04.712588 INFO] Zip: Extracting measures/create_typical_building_from_model/resources/os_lib_helper_methods.rb
[19:29:04.713129 INFO] Zip: Extracting measures/create_typical_building_from_model/resources/os_lib_model_generation.rb
[19:29:04.713991 INFO] Zip: Extracting measures/create_typical_building_from_model/tests/
[19:29:04.714178 INFO] Zip: Extracting measures/create_typical_building_from_model/tests/GenericGbxml.osm
[19:29:04.717336 INFO] Zip: Extracting measures/create_typical_building_from_model/tests/LargeOffice04.osm
[19:29:04.726487 INFO] Zip: Extracting measures/create_typical_building_from_model/tests/MidriseApartment.osm
[19:29:04.737840 INFO] Zip: Extracting measures/create_typical_building_from_model/tests/SmallOffice.osm
[19:29:04.740587 INFO] Zip: Extracting measures/create_typical_building_from_model/tests/USA_TX_Houston-Bush.Intercontinental.AP.722430_TMY3.epw
[19:29:04.754159 INFO] Zip: Extracting measures/create_typical_building_from_model/tests/create_typical_building_from_model_test.rb
[19:29:04.754845 INFO] Zip: Extracting measures/create_typical_building_from_model/tests/test.osw
[19:29:04.758387 INFO] Zip: Extracting measures/create_typical_building_from_model/tests/test_hvac.rb
[19:29:04.759006 INFO] Zip: Extracting measures/export_variableto_csv_variables_for_bipvpce/
[19:29:04.759200 INFO] Zip: Extracting measures/export_variableto_csv_variables_for_bipvpce/measure.rb
[19:29:04.760214 INFO] Zip: Extracting measures/export_variableto_csv_variables_for_bipvpce/measure.xml
[19:29:04.760734 INFO] Zip: Extracting measures/export_variableto_csv_variables_for_bipvpce/resources/
[19:29:04.760942 INFO] Zip: Extracting measures/export_variableto_csv_variables_for_bipvpce/resources/report.html.in
[19:29:04.761398 INFO] Zip: Extracting measures/export_variableto_csv_variables_for_bipvpce/tests/
[19:29:04.761580 INFO] Zip: Extracting measures/export_variableto_csv_variables_for_bipvpce/tests/ExportVariabletoCSV_test.rb
[19:29:04.762007 INFO] Zip: Extracting measures/export_variableto_csv_variables_for_bipvpce/tests/example_model.osm
[19:29:04.763494 INFO] Zip: Extracting measures/inject_idf_window_objects/
[19:29:04.763696 INFO] Zip: Extracting measures/inject_idf_window_objects/LICENSE.md
[19:29:04.764136 INFO] Zip: Extracting measures/inject_idf_window_objects/measure.rb
[19:29:04.764691 INFO] Zip: Extracting measures/inject_idf_window_objects/measure.xml
[19:29:04.765140 INFO] Zip: Extracting measures/inject_idf_window_objects/tests/
[19:29:04.765316 INFO] Zip: Extracting measures/inject_idf_window_objects/tests/EnvelopeAndLoadTestModel_01.osm
[19:29:04.771268 INFO] Zip: Extracting measures/inject_idf_window_objects/tests/Example B - BlockEnergyCharge.idf
[19:29:04.771885 INFO] Zip: Extracting measures/inject_idf_window_objects/tests/measure_Test.rb
[19:29:04.772329 INFO] Zip: Extracting measures/inject_idf_window_objects/tests/test.osw
[19:29:04.773127 INFO] Zip: Extracting seeds/switchglaze/
[19:29:04.773324 INFO] Zip: Extracting seeds/switchglaze.osm
[19:29:04.779408 INFO] Zip: Extracting seeds/switchglaze/files/
[19:29:04.779700 INFO] Zip: Extracting seeds/switchglaze/measures/
[19:29:04.779874 INFO] Zip: Extracting seeds/switchglaze/run/
[19:29:04.780042 INFO] Zip: Extracting seeds/switchglaze/workflow.osw
[19:29:04.780526 INFO] Zip: Extracting weather/DEU_Hamburg.101470_IWEC.ddy
[19:29:04.781065 INFO] Zip: Extracting weather/DEU_Hamburg.101470_IWEC.epw
[19:29:04.793937 INFO] Zip: Extracting weather/DEU_Hamburg.101470_IWEC.stat
[19:29:04.794922 INFO] Zip: Extracting weather/JPN_Tokyo.Hyakuri.477150_IWEC.ddy
[19:29:04.795513 INFO] Zip: Extracting weather/JPN_Tokyo.Hyakuri.477150_IWEC.epw
[19:29:04.938142 INFO] Zip: Extracting weather/JPN_Tokyo.Hyakuri.477150_IWEC.stat
[19:29:04.939021 INFO] Zip: Extracting weather/SAU_Riyadh.404380_IWEC.ddy
[19:29:04.939548 INFO] Zip: Extracting weather/SAU_Riyadh.404380_IWEC.epw
[19:29:04.951427 INFO] Zip: Extracting weather/SAU_Riyadh.404380_IWEC.stat
[19:29:04.952274 INFO] Zip: Extracting weather/SGP_Singapore.486980_IWEC.ddy
[19:29:04.952821 INFO] Zip: Extracting weather/SGP_Singapore.486980_IWEC.epw
[19:29:04.964774 INFO] Zip: Extracting weather/SGP_Singapore.486980_IWEC.stat
[19:29:04.965629 INFO] Zip: Extracting weather/USA_AK_Fairbanks.Intl.AP.702610_TMY3.ddy
[19:29:04.966148 INFO] Zip: Extracting weather/USA_AK_Fairbanks.Intl.AP.702610_TMY3.epw
[19:29:05.117398 INFO] Zip: Extracting weather/USA_AK_Fairbanks.Intl.AP.702610_TMY3.stat
[19:29:05.118407 INFO] Zip: Extracting weather/USA_AZ_Tucson.Intl.AP.722740_TMY3.ddy
[19:29:05.119034 INFO] Zip: Extracting weather/USA_AZ_Tucson.Intl.AP.722740_TMY3.epw
[19:29:05.132736 INFO] Zip: Extracting weather/USA_AZ_Tucson.Intl.AP.722740_TMY3.stat
[19:29:05.133725 INFO] Zip: Extracting weather/USA_CA_San.Diego-Lindbergh.Field.722900_TMY3.ddy
[19:29:05.134323 INFO] Zip: Extracting weather/USA_CA_San.Diego-Lindbergh.Field.722900_TMY3.epw
[19:29:05.148080 INFO] Zip: Extracting weather/USA_CA_San.Diego-Lindbergh.Field.722900_TMY3.stat
[19:29:05.155409 INFO] Zip: Extracting weather/USA_CO_Denver.Intl.AP.725650_TMY3.ddy
[19:29:05.169131 INFO] Zip: Extracting weather/USA_CO_Denver.Intl.AP.725650_TMY3.epw
[19:29:05.200007 INFO] Zip: Extracting weather/USA_CO_Denver.Intl.AP.725650_TMY3.stat
[19:29:05.201494 INFO] Zip: Extracting weather/USA_FL_Tampa.Intl.AP.722110_TMY3.ddy
[19:29:05.202212 INFO] Zip: Extracting weather/USA_FL_Tampa.Intl.AP.722110_TMY3.epw
[19:29:05.220501 INFO] Zip: Extracting weather/USA_FL_Tampa.Intl.AP.722110_TMY3.stat
[19:29:05.221551 INFO] Zip: Extracting weather/USA_GA_Atlanta-Hartsfield-Jackson.Intl.AP.722190_TMY3.ddy
[19:29:05.222234 INFO] Zip: Extracting weather/USA_GA_Atlanta-Hartsfield-Jackson.Intl.AP.722190_TMY3.epw
[19:29:05.239250 INFO] Zip: Extracting weather/USA_GA_Atlanta-Hartsfield-Jackson.Intl.AP.722190_TMY3.stat
[19:29:05.240389 INFO] Zip: Extracting weather/USA_HI_Honolulu.Intl.AP.911820_TMY3.ddy
[19:29:05.241080 INFO] Zip: Extracting weather/USA_HI_Honolulu.Intl.AP.911820_TMY3.epw
[19:29:05.258676 INFO] Zip: Extracting weather/USA_HI_Honolulu.Intl.AP.911820_TMY3.stat
[19:29:05.259712 INFO] Zip: Extracting weather/USA_MN_International.Falls.Intl.AP.727470_TMY3.ddy
[19:29:05.260429 INFO] Zip: Extracting weather/USA_MN_International.Falls.Intl.AP.727470_TMY3.epw
[19:29:05.284739 INFO] Zip: Extracting weather/USA_MN_International.Falls.Intl.AP.727470_TMY3.stat
[19:29:05.285678 INFO] Zip: Extracting weather/USA_MN_Rochester.Intl.AP.726440_TMY3.ddy
[19:29:05.286259 INFO] Zip: Extracting weather/USA_MN_Rochester.Intl.AP.726440_TMY3.epw
[19:29:05.298865 INFO] Zip: Extracting weather/USA_MN_Rochester.Intl.AP.726440_TMY3.stat
[19:29:05.299878 INFO] Zip: Extracting weather/USA_MT_Great.Falls.Intl.AP.727750_TMY3.ddy
[19:29:05.300490 INFO] Zip: Extracting weather/USA_MT_Great.Falls.Intl.AP.727750_TMY3.epw
[19:29:05.313366 INFO] Zip: Extracting weather/USA_MT_Great.Falls.Intl.AP.727750_TMY3.stat
[19:29:05.314360 INFO] Zip: Extracting weather/USA_NM_Albuquerque.Intl.AP.723650_TMY3.ddy
[19:29:05.314913 INFO] Zip: Extracting weather/USA_NM_Albuquerque.Intl.AP.723650_TMY3.epw
[19:29:05.327625 INFO] Zip: Extracting weather/USA_NM_Albuquerque.Intl.AP.723650_TMY3.stat
[19:29:05.328643 INFO] Zip: Extracting weather/USA_NY_Buffalo-Greater.Buffalo.Intl.AP.725280_TMY3.ddy
[19:29:05.329294 INFO] Zip: Extracting weather/USA_NY_Buffalo-Greater.Buffalo.Intl.AP.725280_TMY3.epw
[19:29:05.345153 INFO] Zip: Extracting weather/USA_NY_Buffalo-Greater.Buffalo.Intl.AP.725280_TMY3.stat
[19:29:05.346252 INFO] Zip: Extracting weather/USA_NY_New.York-J.F.Kennedy.Intl.AP.744860_TMY3.ddy
[19:29:05.346922 INFO] Zip: Extracting weather/USA_NY_New.York-J.F.Kennedy.Intl.AP.744860_TMY3.epw
[19:29:05.362509 INFO] Zip: Extracting weather/USA_NY_New.York-J.F.Kennedy.Intl.AP.744860_TMY3.stat
[19:29:05.363496 INFO] Zip: Extracting weather/USA_TX_El.Paso.Intl.AP.722700_TMY3.ddy
[19:29:05.364098 INFO] Zip: Extracting weather/USA_TX_El.Paso.Intl.AP.722700_TMY3.epw
[19:29:05.377786 INFO] Zip: Extracting weather/USA_TX_El.Paso.Intl.AP.722700_TMY3.stat
[19:29:05.378863 INFO] Zip: Extracting weather/USA_WA_Port.Angeles-William.R.Fairchild.Intl.AP.727885_TMY3.ddy
[19:29:05.379641 INFO] Zip: Extracting weather/USA_WA_Port.Angeles-William.R.Fairchild.Intl.AP.727885_TMY3.epw
[19:29:05.397964 INFO] Zip: Extracting weather/USA_WA_Port.Angeles-William.R.Fairchild.Intl.AP.727885_TMY3.stat
[19:29:05.399203 INFO] Zip: Extracting weather/USA_WA_Seattle-Tacoma.Intl.AP.727930_TMY3.ddy
[19:29:05.400076 INFO] Zip: Extracting weather/USA_WA_Seattle-Tacoma.Intl.AP.727930_TMY3.epw
[19:29:05.550649 INFO] Zip: Extracting weather/USA_WA_Seattle-Tacoma.Intl.AP.727930_TMY3.stat
[19:29:05.554965 INFO] Downloading analysis.json from http://web:80/analyses/72a216d4-3a64-4cd6-8e04-b9bc3af7ff20.json
[19:29:05.637527 INFO] Checking for presence of args file at /mnt/openstudio/analysis_72a216d4-3a64-4cd6-8e04-b9bc3af7ff20/scripts/data_point/initialize.args
[19:29:05.637613 INFO] Checking for presence of script file at /mnt/openstudio/analysis_72a216d4-3a64-4cd6-8e04-b9bc3af7ff20/scripts/data_point/initialize.sh
[19:29:05.637672 INFO] Finished worker initialization
[19:29:05.637716 INFO] RestClient delete
[19:29:05.637758 INFO] delete post_count = 1
[19:29:05.654188 INFO] Downloading datapoint from http://web:80/data_points/583ff4ce-34c0-46b9-8f70-35421e568c03.json
[19:29:05.654264 INFO] get url post_count = 1
[19:29:05.679234 INFO] Creating Workflow Manager instance
[19:29:05.679360 INFO] Directory is /mnt/openstudio/analysis_72a216d4-3a64-4cd6-8e04-b9bc3af7ff20/data_point_583ff4ce-34c0-46b9-8f70-35421e568c03
[19:29:05.679453 INFO] Opening run.log file '/mnt/openstudio/analysis_72a216d4-3a64-4cd6-8e04-b9bc3af7ff20/data_point_583ff4ce-34c0-46b9-8f70-35421e568c03/run/run.log'
[19:29:05.679696 WARN] Error finding Oscli: OPENSTUDIO_EXE_PATH not set
[19:29:05.699953 WARN] Defaulting to fun Oscli via /usr/local/bin/openstudio
[19:29:05.700149 INFO] Returning Oscli cmd: /usr/local/bin/openstudio --bundle /var/oscli/Gemfile --bundle_path /var/oscli/gems 
[19:29:05.700448 INFO] Running workflow using cmd /usr/local/bin/openstudio --bundle /var/oscli/Gemfile --bundle_path /var/oscli/gems   run --workflow '/mnt/openstudio/analysis_72a216d4-3a64-4cd6-8e04-b9bc3af7ff20/data_point_583ff4ce-34c0-46b9-8f70-35421e568c03/data_point.osw'  and writing log to /mnt/openstudio/analysis_72a216d4-3a64-4cd6-8e04-b9bc3af7ff20/data_point_583ff4ce-34c0-46b9-8f70-35421e568c03/oscli_simulation.log
[19:29:26.405055 INFO] Oscli output: /var/oscli/gems/ruby/2.5.0/gems/openstudio-standards-0.2.11/lib/openstudio-standards/btap/btap.rb:56: warning: constant ::Fixnum is deprecated
[openstudio.standards.Model] <1> Model has been assigned a weather file, but the file is not in the specified location of 'file:////mnt/openstudio/analysis_72a216d4-3a64-4cd6-8e04-b9bc3af7ff20/weather/SAU_Riyadh.404380_IWEC.epw'.
[19:29:21.769127 WARN] Could not add loads for Plenum. Not expected for 90.1-2013
[19:29:25.835039 WARN] [openstudio.standards.Construction] Requested U-value of 0.58 for Typical Insulated Exterior Mass Wall is too low given the other materials in the construction; insulation layer will not be modified.
[19:29:25.835544 WARN] [openstudio.standards.Construction] Can only set the u-value of opaque constructions or simple glazing. U 0.60 SHGC 0.25 Dbl 2.5mm air is not opaque or simple glazing.
[19:29:25.835900 WARN] [openstudio.standards.Construction] Can only set the u-value of opaque constructions or simple glazing. U 0.65 SHGC 0.25 Dbl Ref-C-H Clr 6mm/6mm Air is not opaque or simple glazing.
[19:29:25.836026 WARN] [openstudio.standards.Construction] Requested U-value of 1.1686635536297982 for Typical Overhead Door is greater than the sum of the inside and outside resistance, and the max U-value (6.636 SI) is used instead.
[19:29:25.836280 WARN] [openstudio.standards.Construction] Can only set the u-value of opaque constructions or simple glazing. Window_U_0.75_SHGC_0.35_Skylight_Frame_Width_2.339_in is not opaque or simple glazing.
[19:29:25.837116 WARN] [openstudio.weather.Model] Could not find ground temperatures; will use generic temperatures, which will skew results.
[19:29:25.851388 ERROR] [openstudio.standards.Model] Model has been assigned a weather file, but the file is not in the specified location of 'file:////mnt/openstudio/analysis_72a216d4-3a64-4cd6-8e04-b9bc3af7ff20/weather/SAU_Riyadh.404380_IWEC.epw'.
[19:29:26.097157 ERROR] /var/oscli/gems/ruby/2.5.0/gems/openstudio-workflow-2.0.0/lib/openstudio/workflow/util/measure.rb failed with message Runner error /var/oscli/gems/ruby/2.5.0/gems/openstudio-workflow-2.0.0/lib/openstudio/workflow/util/measure.rb failed with Measure create_typical_building_from_model reported an error with ["[openstudio.standards.Model] Model has been assigned a weather file, but the file is not in the specified location of 'file:////mnt/openstudio/analysis_72a216d4-3a64-4cd6-8e04-b9bc3af7ff20/weather/SAU_Riyadh.404380_IWEC.epw'."], /var/oscli/gems/ruby/2.5.0/gems/openstudio-workflow-2.0.0/lib/openstudio/workflow/util/measure.rb:560:in `apply_measure'
/var/oscli/gems/ruby/2.5.0/gems/openstudio-workflow-2.0.0/lib/openstudio/workflow/util/measure.rb:109:in `block in apply_measures'
/var/oscli/gems/ruby/2.5.0/gems/openstudio-workflow-2.0.0/lib/openstudio/workflow/util/measure.rb:67:in `each_index'
/var/oscli/gems/ruby/2.5.0/gems/openstudio-workflow-2.0.0/lib/openstudio/workflow/util/measure.rb:67:in `apply_measures'
/var/oscli/gems/ruby/2.5.0/gems/openstudio-workflow-2.0.0/lib/openstudio/workflow/jobs/run_os_measures.rb:70:in `perform'
/var/oscli/gems/ruby/2.5.0/gems/openstudio-workflow-2.0.0/lib/openstudio/workflow/run.rb:292:in `step'
/var/oscli/gems/ruby/2.5.0/gems/openstudio-workflow-2.0.0/lib/openstudio/workflow/run.rb:234:in `run'
:/openstudio_cli.rb:960:in `execute'
:/openstudio_cli.rb:750:in `execute'
:/openstudio_cli.rb:1744:in `<main>'
eval:174:in `eval'
eval:174:in `require_embedded_absolute'
eval:160:in `block in require_embedded'
eval:154:in `each'
eval:154:in `require_embedded'
eval:113:in `require'
eval:3:in `<main>' in /var/oscli/gems/ruby/2.5.0/gems/openstudio-workflow-2.0.0/lib/openstudio/workflow/util/measure.rb:598:in `rescue in apply_measure'
/var/oscli/gems/ruby/2.5.0/gems/openstudio-workflow-2.0.0/lib/openstudio/workflow/util/measure.rb:548:in `apply_measure'
/var/oscli/gems/ruby/2.5.0/gems/openstudio-workflow-2.0.0/lib/openstudio/workflow/util/measure.rb:109:in `block in apply_measures'
/var/oscli/gems/ruby/2.5.0/gems/openstudio-workflow-2.0.0/lib/openstudio/workflow/util/measure.rb:67:in `each_index'
/var/oscli/gems/ruby/2.5.0/gems/openstudio-workflow-2.0.0/lib/openstudio/workflow/util/measure.rb:67:in `apply_measures'
/var/oscli/gems/ruby/2.5.0/gems/openstudio-workflow-2.0.0/lib/openstudio/workflow/jobs/run_os_measures.rb:70:in `perform'
/var/oscli/gems/ruby/2.5.0/gems/openstudio-workflow-2.0.0/lib/openstudio/workflow/run.rb:292:in `step'
/var/oscli/gems/ruby/2.5.0/gems/openstudio-workflow-2.0.0/lib/openstudio/workflow/run.rb:234:in `run'
:/openstudio_cli.rb:960:in `execute'
:/openstudio_cli.rb:750:in `execute'
:/openstudio_cli.rb:1744:in `<main>'
eval:174:in `eval'
eval:174:in `require_embedded_absolute'
eval:160:in `block in require_embedded'
eval:154:in `each'
eval:154:in `require_embedded'
eval:113:in `require'
eval:3:in `<main>'
[19:29:26.100652 ERROR] Found error in state 'os_measures' with message ["/var/oscli/gems/ruby/2.5.0/gems/openstudio-workflow-2.0.0/lib/openstudio/workflow/util/measure.rb failed with message Runner error /var/oscli/gems/ruby/2.5.0/gems/openstudio-workflow-2.0.0/lib/openstudio/workflow/util/measure.rb failed with Measure create_typical_building_from_model reported an error with [\"[openstudio.standards.Model] Model has been assigned a weather file, but the file is not in the specified location of 'file:////mnt/openstudio/analysis_72a216d4-3a64-4cd6-8e04-b9bc3af7ff20/weather/SAU_Riyadh.404380_IWEC.epw'.\"], /var/oscli/gems/ruby/2.5.0/gems/openstudio-workflow-2.0.0/lib/openstudio/workflow/util/measure.rb:560:in `apply_measure'\n/var/oscli/gems/ruby/2.5.0/gems/openstudio-workflow-2.0.0/lib/openstudio/workflow/util/measure.rb:109:in `block in apply_measures'\n/var/oscli/gems/ruby/2.5.0/gems/openstudio-workflow-2.0.0/lib/openstudio/workflow/util/measure.rb:67:in `each_index'\n/var/oscli/gems/ruby/2.5.0/gems/openstudio-workflow-2.0.0/lib/openstudio/workflow/util/measure.rb:67:in `apply_measures'\n/var/oscli/gems/ruby/2.5.0/gems/openstudio-workflow-2.0.0/lib/openstudio/workflow/jobs/run_os_measures.rb:70:in `perform'\n/var/oscli/gems/ruby/2.5.0/gems/openstudio-workflow-2.0.0/lib/openstudio/workflow/run.rb:292:in `step'\n/var/oscli/gems/ruby/2.5.0/gems/openstudio-workflow-2.0.0/lib/openstudio/workflow/run.rb:234:in `run'\n:/openstudio_cli.rb:960:in `execute'\n:/openstudio_cli.rb:750:in `execute'\n:/openstudio_cli.rb:1744:in `<main>'\neval:174:in `eval'\neval:174:in `require_embedded_absolute'\neval:160:in `block in require_embedded'\neval:154:in `each'\neval:154:in `require_embedded'\neval:113:in `require'\neval:3:in `<main>' in /var/oscli/gems/ruby/2.5.0/gems/openstudio-workflow-2.0.0/lib/openstudio/workflow/util/measure.rb:598:in `rescue in apply_measure'\n/var/oscli/gems/ruby/2.5.0/gems/openstudio-workflow-2.0.0/lib/openstudio/workflow/util/measure.rb:548:in `apply_measure'\n/var/oscli/gems/ruby/2.5.0/gems/openstudio-workflow-2.0.0/lib/openstudio/workflow/util/measure.rb:109:in `block in apply_measures'\n/var/oscli/gems/ruby/2.5.0/gems/openstudio-workflow-2.0.0/lib/openstudio/workflow/util/measure.rb:67:in `each_index'\n/var/oscli/gems/ruby/2.5.0/gems/openstudio-workflow-2.0.0/lib/openstudio/workflow/util/measure.rb:67:in `apply_measures'\n/var/oscli/gems/ruby/2.5.0/gems/openstudio-workflow-2.0.0/lib/openstudio/workflow/jobs/run_os_measures.rb:70:in `perform'\n/var/oscli/gems/ruby/2.5.0/gems/openstudio-workflow-2.0.0/lib/openstudio/workflow/run.rb:292:in `step'\n/var/oscli/gems/ruby/2.5.0/gems/openstudio-workflow-2.0.0/lib/openstudio/workflow/run.rb:234:in `run'\n:/openstudio_cli.rb:960:in `execute'\n:/openstudio_cli.rb:750:in `execute'\n:/openstudio_cli.rb:1744:in `<main>'\neval:174:in `eval'\neval:174:in `require_embedded_absolute'\neval:160:in `block in require_embedded'\neval:154:in `each'\neval:154:in `require_embedded'\neval:113:in `require'\neval:3:in `<main>':/var/oscli/gems/ruby/2.5.0/gems/openstudio-workflow-2.0.0/lib/openstudio/workflow/util/measure.rb:647:in `rescue in apply_measure'\n/var/oscli/gems/ruby/2.5.0/gems/openstudio-workflow-2.0.0/lib/openstudio/workflow/util/measure.rb:305:in `apply_measure'\n/var/oscli/gems/ruby/2.5.0/gems/openstudio-workflow-2.0.0/lib/openstudio/workflow/util/measure.rb:109:in `block in apply_measures'\n/var/oscli/gems/ruby/2.5.0/gems/openstudio-workflow-2.0.0/lib/openstudio/workflow/util/measure.rb:67:in `each_index'\n/var/oscli/gems/ruby/2.5.0/gems/openstudio-workflow-2.0.0/lib/openstudio/workflow/util/measure.rb:67:in `apply_measures'\n/var/oscli/gems/ruby/2.5.0/gems/openstudio-workflow-2.0.0/lib/openstudio/workflow/jobs/run_os_measures.rb:70:in `perform'\n/var/oscli/gems/ruby/2.5.0/gems/openstudio-workflow-2.0.0/lib/openstudio/workflow/run.rb:292:in `step'\n/var/oscli/gems/ruby/2.5.0/gems/openstudio-workflow-2.0.0/lib/openstudio/workflow/run.rb:234:in `run'\n:/openstudio_cli.rb:960:in `execute'\n:/openstudio_cli.rb:750:in `execute'\n:/openstudio_cli.rb:1744:in `<main>'\neval:174:in `eval'\neval:174:in `require_embedded_absolute'\neval:160:in `block in require_embedded'\neval:154:in `each'\neval:154:in `require_embedded'\neval:113:in `require'\neval:3:in `<main>'"]}

[19:29:26.406051 ERROR] Could not find results /mnt/openstudio/analysis_72a216d4-3a64-4cd6-8e04-b9bc3af7ff20/data_point_583ff4ce-34c0-46b9-8f70-35421e568c03/run/measure_attributes.json
[19:29:26.406110 INFO] Saving files/reports back to the server
[19:29:26.406386 INFO] Saving report /mnt/openstudio/analysis_72a216d4-3a64-4cd6-8e04-b9bc3af7ff20/data_point_583ff4ce-34c0-46b9-8f70-35421e568c03/out.osw to http://web:80/data_points/583ff4ce-34c0-46b9-8f70-35421e568c03/upload_file
[19:29:26.435203 INFO] Saving report responded with {"id":"5efb9296ce5ea001492bc07a","data_point_id":"583ff4ce-34c0-46b9-8f70-35421e568c03","display_name":"Final OSW File","type":"Report","created_at":"2020-06-30T19:29:26.419Z","updated_at":"2020-06-30T19:29:26.419Z"}
[19:29:26.435604 INFO] Saving report /mnt/openstudio/analysis_72a216d4-3a64-4cd6-8e04-b9bc3af7ff20/data_point_583ff4ce-34c0-46b9-8f70-35421e568c03/run/data_point.zip to http://web:80/data_points/583ff4ce-34c0-46b9-8f70-35421e568c03/upload_file
[19:29:26.476424 INFO] Saving report responded with {"id":"5efb9296ce5ea001702bb762","data_point_id":"583ff4ce-34c0-46b9-8f70-35421e568c03","display_name":"Zip File","type":"Data Point","created_at":"2020-06-30T19:29:26.457Z","updated_at":"2020-06-30T19:29:26.457Z"}
[19:29:26.476724 INFO] Checking for presence of args file at /mnt/openstudio/analysis_72a216d4-3a64-4cd6-8e04-b9bc3af7ff20/scripts/data_point/finalize.args
[19:29:26.476789 INFO] Checking for presence of script file at /mnt/openstudio/analysis_72a216d4-3a64-4cd6-8e04-b9bc3af7ff20/scripts/data_point/finalize.sh
[19:29:26.481151 INFO] Finished /opt/openstudio/server/app/jobs/dj_jobs/run_simulate_data_point.rb
