# Logfile created on 2020-06-30 19:28:58 +0000 by logger.rb/61378
[19:28:58.309664 INFO] Server host is http://web:80
[19:28:58.309788 INFO] Analysis directory is /mnt/openstudio/analysis_72a216d4-3a64-4cd6-8e04-b9bc3af7ff20
[19:28:58.309904 INFO] Simulation directory is /mnt/openstudio/analysis_72a216d4-3a64-4cd6-8e04-b9bc3af7ff20/data_point_7b4ff5c2-8e2b-41bd-8f6e-45323b28f74d
[19:28:58.309973 INFO] Run datapoint type/file is 
[19:28:58.310025 INFO] Starting initialize_worker for datapoint 7b4ff5c2-8e2b-41bd-8f6e-45323b28f74d
[19:28:58.310468 INFO] Downloading analysis zip from http://web:80/analyses/72a216d4-3a64-4cd6-8e04-b9bc3af7ff20/download_analysis_zip
[19:29:00.720718 INFO] Extracting analysis zip to /mnt/openstudio/analysis_72a216d4-3a64-4cd6-8e04-b9bc3af7ff20
[19:29:00.732465 INFO] Zip: Extracting lib/resources/ASHRAE_zone12_Spec.idf
[19:29:00.733768 INFO] Zip: Extracting lib/resources/ASHRAE_zone3_Spec.idf
[19:29:00.734321 INFO] Zip: Extracting lib/resources/ASHRAE_zone456_Spec.idf
[19:29:00.734984 INFO] Zip: Extracting lib/resources/ASHRAE_zone78_Spec.idf
[19:29:00.735614 INFO] Zip: Extracting lib/resources/GlzSys19_13F-air-9_Spec.idf
[19:29:00.737074 INFO] Zip: Extracting lib/resources/GlzSys20_14F-air-3000_Spec.idf
[19:29:00.738512 INFO] Zip: Extracting lib/resources/GlzSys21_13F-air-3000_Spec.idf
[19:29:00.739982 INFO] Zip: Extracting lib/resources/GlzSys_10-air-9_Spec.idf
[19:29:00.741478 INFO] Zip: Extracting lib/resources/GlzSys_10F-air-3000_Spec.idf
[19:29:00.742923 INFO] Zip: Extracting lib/resources/GlzSys_11F-air-3000_Spec.idf
[19:29:00.744414 INFO] Zip: Extracting lib/resources/GlzSys_16095-air-3000_Spec.idf
[19:29:00.745844 INFO] Zip: Extracting lib/resources/GlzSys_16095-air-9_Spec.idf
[19:29:00.747276 INFO] Zip: Extracting lib/resources/GlzSys_6374-air-3000_Spec.idf
[19:29:00.748717 INFO] Zip: Extracting lib/resources/GlzSys_Dark_PV_Spec.idf
[19:29:00.749587 INFO] Zip: Extracting lib/resources/GlzSys_Light_PV_Spec.idf
[19:29:00.750390 INFO] Zip: Extracting lib/resources/GlzSys_Thermochromic_30C.idf
[19:29:00.751438 INFO] Zip: Extracting lib/resources/GlzSys_Thermochromic_35C.idf
[19:29:00.752531 INFO] Zip: Extracting lib/resources/GlzSys_Thermochromic_40C.idf
[19:29:00.753599 INFO] Zip: Extracting lib/resources/SG_zone12_Spec.idf
[19:29:00.754652 INFO] Zip: Extracting lib/resources/SG_zone3_Spec.idf
[19:29:00.755687 INFO] Zip: Extracting lib/resources/SG_zone456_Spec.idf
[19:29:00.757350 INFO] Zip: Extracting lib/resources/SG_zone78_Spec.idf
[19:29:00.758822 INFO] Zip: Extracting lib/resources/Window_PV_No_frame_Spec_Spec.idf
[19:29:00.759649 INFO] Zip: Extracting lib/resources/Window_PV_frame_Spec.idf
[19:29:00.760500 INFO] Zip: Extracting measures/AddMeter/
[19:29:00.760674 INFO] Zip: Extracting measures/AddMeter/LICENSE.md
[19:29:00.761100 INFO] Zip: Extracting measures/AddMeter/New folder/
[19:29:00.761254 INFO] Zip: Extracting measures/AddMeter/README.md
[19:29:00.761664 INFO] Zip: Extracting measures/AddMeter/README.md.erb
[19:29:00.762099 INFO] Zip: Extracting measures/AddMeter/measure.rb
[19:29:00.762576 INFO] Zip: Extracting measures/AddMeter/measure.xml
[19:29:00.763028 INFO] Zip: Extracting measures/AddMeter/tests/
[19:29:00.763172 INFO] Zip: Extracting measures/AddMeter/tests/AddMeter_Test.rb
[19:29:00.763649 INFO] Zip: Extracting measures/AddOutputVariable/
[19:29:00.763790 INFO] Zip: Extracting measures/AddOutputVariable/LICENSE.md
[19:29:00.764209 INFO] Zip: Extracting measures/AddOutputVariable/README.md
[19:29:00.764649 INFO] Zip: Extracting measures/AddOutputVariable/README.md.erb
[19:29:00.765067 INFO] Zip: Extracting measures/AddOutputVariable/measure.rb
[19:29:00.765554 INFO] Zip: Extracting measures/AddOutputVariable/measure.xml
[19:29:00.765999 INFO] Zip: Extracting measures/AddOutputVariable/tests/
[19:29:00.766148 INFO] Zip: Extracting measures/AddOutputVariable/tests/AddOutputVariable_Test.rb
[19:29:00.766590 INFO] Zip: Extracting measures/ChangeBuildingLocation/
[19:29:00.766728 INFO] Zip: Extracting measures/ChangeBuildingLocation/LICENSE.md
[19:29:00.767156 INFO] Zip: Extracting measures/ChangeBuildingLocation/README.md
[19:29:00.767584 INFO] Zip: Extracting measures/ChangeBuildingLocation/README.md.erb
[19:29:00.768040 INFO] Zip: Extracting measures/ChangeBuildingLocation/measure.rb
[19:29:00.768580 INFO] Zip: Extracting measures/ChangeBuildingLocation/measure.xml
[19:29:00.769063 INFO] Zip: Extracting measures/ChangeBuildingLocation/resources/
[19:29:00.769228 INFO] Zip: Extracting measures/ChangeBuildingLocation/resources/epw.rb
[19:29:00.769729 INFO] Zip: Extracting measures/ChangeBuildingLocation/resources/os_lib_helper_methods.rb
[19:29:00.770270 INFO] Zip: Extracting measures/ChangeBuildingLocation/resources/stat_file.rb
[19:29:00.770733 INFO] Zip: Extracting measures/ChangeBuildingLocation/tests/
[19:29:00.770872 INFO] Zip: Extracting measures/ChangeBuildingLocation/tests/USA_MA_Boston-Logan.Intl.AP.725090_TMY3.ddy
[19:29:00.869737 INFO] Zip: Extracting measures/ChangeBuildingLocation/tests/USA_MA_Boston-Logan.Intl.AP.725090_TMY3.epw
[19:29:00.880262 INFO] Zip: Extracting measures/ChangeBuildingLocation/tests/USA_MA_Boston-Logan.Intl.AP.725090_TMY3.stat
[19:29:00.880890 INFO] Zip: Extracting measures/ChangeBuildingLocation/tests/USA_WA_Renton.Muni.AP.727934_TMY3.ddy
[19:29:00.881459 INFO] Zip: Extracting measures/ChangeBuildingLocation/tests/USA_WA_Renton.Muni.AP.727934_TMY3.epw
[19:29:00.891402 INFO] Zip: Extracting measures/ChangeBuildingLocation/tests/USA_WA_Renton.Muni.AP.727934_TMY3.stat
[19:29:00.891991 INFO] Zip: Extracting measures/ChangeBuildingLocation/tests/another_weather_file.ddy
[19:29:00.892452 INFO] Zip: Extracting measures/ChangeBuildingLocation/tests/another_weather_file.epw
[19:29:00.996321 INFO] Zip: Extracting measures/ChangeBuildingLocation/tests/another_weather_file.stat
[19:29:00.997115 INFO] Zip: Extracting measures/ChangeBuildingLocation/tests/change_building_location_test.rb
[19:29:00.997514 INFO] Zip: Extracting measures/ChangeBuildingLocation/tests/multiyear.ddy
[19:29:00.997984 INFO] Zip: Extracting measures/ChangeBuildingLocation/tests/multiyear.epw
[19:29:00.998353 INFO] Zip: Extracting measures/ChangeBuildingLocation/tests/multiyear.stat
[19:29:00.998932 INFO] Zip: Extracting measures/ChangeBuildingLocation/tests/test.osm
[19:29:01.002012 INFO] Zip: Extracting measures/ChangeBuildingLocation/tests/test.osw
[19:29:01.002694 INFO] Zip: Extracting measures/ServerDirectoryCleanup/
[19:29:01.002874 INFO] Zip: Extracting measures/ServerDirectoryCleanup/LICENSE.md
[19:29:01.003235 INFO] Zip: Extracting measures/ServerDirectoryCleanup/measure.rb
[19:29:01.003600 INFO] Zip: Extracting measures/ServerDirectoryCleanup/measure.xml
[19:29:01.003990 INFO] Zip: Extracting measures/ServerDirectoryCleanup/tests/
[19:29:01.004138 INFO] Zip: Extracting measures/ServerDirectoryCleanup/tests/ServerDirectoryCleanup_test.rb
[19:29:01.004553 INFO] Zip: Extracting measures/ServerDirectoryCleanup/tests/USA_CO_Golden-NREL.724666_TMY3.epw
[19:29:01.015179 INFO] Zip: Extracting measures/ServerDirectoryCleanup/tests/example_model.osm
[19:29:01.016571 INFO] Zip: Extracting measures/WindowPV_reporting/
[19:29:01.016742 INFO] Zip: Extracting measures/WindowPV_reporting/measure.rb
[19:29:01.017253 INFO] Zip: Extracting measures/WindowPV_reporting/measure.xml
[19:29:01.017681 INFO] Zip: Extracting measures/WindowPV_reporting/resources/
[19:29:01.017832 INFO] Zip: Extracting measures/WindowPV_reporting/resources/os_lib_helper_methods.rb
[19:29:01.018279 INFO] Zip: Extracting measures/WindowPV_reporting/resources/report.html.in
[19:29:01.018664 INFO] Zip: Extracting measures/WindowPV_reporting/tests/
[19:29:01.018833 INFO] Zip: Extracting measures/WindowPV_reporting/tests/USA_CO_Golden-NREL.724666_TMY3.epw
[19:29:01.035984 INFO] Zip: Extracting measures/WindowPV_reporting/tests/example_model.osm
[19:29:01.037439 INFO] Zip: Extracting measures/WindowPV_reporting/tests/ubi_qd_reporting_test.rb
[19:29:01.037861 INFO] Zip: Extracting measures/a_inject_window_specific_idf_objects/
[19:29:01.038035 INFO] Zip: Extracting measures/a_inject_window_specific_idf_objects/LICENSE.md
[19:29:01.038559 INFO] Zip: Extracting measures/a_inject_window_specific_idf_objects/measure.rb
[19:29:01.039042 INFO] Zip: Extracting measures/a_inject_window_specific_idf_objects/measure.xml
[19:29:01.039448 INFO] Zip: Extracting measures/a_inject_window_specific_idf_objects/tests/
[19:29:01.039596 INFO] Zip: Extracting measures/a_inject_window_specific_idf_objects/tests/EnvelopeAndLoadTestModel_01.osm
[19:29:01.044619 INFO] Zip: Extracting measures/a_inject_window_specific_idf_objects/tests/Example B - BlockEnergyCharge.idf
[19:29:01.045000 INFO] Zip: Extracting measures/a_inject_window_specific_idf_objects/tests/measure_Test.rb
[19:29:01.045372 INFO] Zip: Extracting measures/a_inject_window_specific_idf_objects/tests/test.osw
[19:29:01.046101 INFO] Zip: Extracting measures/add_thermochromic_bipv/
[19:29:01.046255 INFO] Zip: Extracting measures/add_thermochromic_bipv/measure.rb
[19:29:01.046697 INFO] Zip: Extracting measures/add_thermochromic_bipv/measure.xml
[19:29:01.047089 INFO] Zip: Extracting measures/add_thermochromic_bipv/resources/
[19:29:01.047241 INFO] Zip: Extracting measures/add_thermochromic_bipv/resources/HVACSizing.Model.rb
[19:29:01.047702 INFO] Zip: Extracting measures/add_thermochromic_bipv/resources/Standards.Construction.rb
[19:29:01.048086 INFO] Zip: Extracting measures/add_thermochromic_bipv/resources/os_lib_helper_methods.rb
[19:29:01.048512 INFO] Zip: Extracting measures/add_thermochromic_bipv/resources/os_lib_schedules.rb
[19:29:01.049077 INFO] Zip: Extracting measures/create_bar_from_building_type_ratios/
[19:29:01.049226 INFO] Zip: Extracting measures/create_bar_from_building_type_ratios/LICENSE.md
[19:29:01.049572 INFO] Zip: Extracting measures/create_bar_from_building_type_ratios/README.md
[19:29:01.049974 INFO] Zip: Extracting measures/create_bar_from_building_type_ratios/README.md.erb
[19:29:01.050323 INFO] Zip: Extracting measures/create_bar_from_building_type_ratios/measure.rb
[19:29:01.050926 INFO] Zip: Extracting measures/create_bar_from_building_type_ratios/measure.xml
[19:29:01.051385 INFO] Zip: Extracting measures/create_bar_from_building_type_ratios/resources/
[19:29:01.051531 INFO] Zip: Extracting measures/create_bar_from_building_type_ratios/resources/os_lib_geometry.rb
[19:29:01.052158 INFO] Zip: Extracting measures/create_bar_from_building_type_ratios/resources/os_lib_helper_methods.rb
[19:29:01.052630 INFO] Zip: Extracting measures/create_bar_from_building_type_ratios/resources/os_lib_model_generation.rb
[19:29:01.053258 INFO] Zip: Extracting measures/create_bar_from_building_type_ratios/resources/os_lib_model_simplification.rb
[19:29:01.053909 INFO] Zip: Extracting measures/create_bar_from_building_type_ratios/tests/
[19:29:01.054062 INFO] Zip: Extracting measures/create_bar_from_building_type_ratios/tests/create_bar_from_building_type_ratios_test.rb
[19:29:01.054498 INFO] Zip: Extracting measures/create_bar_from_building_type_ratios/tests/example_model.osm
[19:29:01.056955 INFO] Zip: Extracting measures/create_typical_building_from_model/
[19:29:01.057123 INFO] Zip: Extracting measures/create_typical_building_from_model/LICENSE.md
[19:29:01.057486 INFO] Zip: Extracting measures/create_typical_building_from_model/README.md
[19:29:01.057870 INFO] Zip: Extracting measures/create_typical_building_from_model/README.md.erb
[19:29:01.058217 INFO] Zip: Extracting measures/create_typical_building_from_model/measure.rb
[19:29:01.058825 INFO] Zip: Extracting measures/create_typical_building_from_model/measure.xml
[19:29:01.059298 INFO] Zip: Extracting measures/create_typical_building_from_model/resources/
[19:29:01.059447 INFO] Zip: Extracting measures/create_typical_building_from_model/resources/Model.hvac.rb
[19:29:01.059936 INFO] Zip: Extracting measures/create_typical_building_from_model/resources/os_lib_helper_methods.rb
[19:29:01.060453 INFO] Zip: Extracting measures/create_typical_building_from_model/resources/os_lib_model_generation.rb
[19:29:01.061071 INFO] Zip: Extracting measures/create_typical_building_from_model/tests/
[19:29:01.061218 INFO] Zip: Extracting measures/create_typical_building_from_model/tests/GenericGbxml.osm
[19:29:01.063845 INFO] Zip: Extracting measures/create_typical_building_from_model/tests/LargeOffice04.osm
[19:29:01.071006 INFO] Zip: Extracting measures/create_typical_building_from_model/tests/MidriseApartment.osm
[19:29:01.081095 INFO] Zip: Extracting measures/create_typical_building_from_model/tests/SmallOffice.osm
[19:29:01.086484 INFO] Zip: Extracting measures/create_typical_building_from_model/tests/USA_TX_Houston-Bush.Intercontinental.AP.722430_TMY3.epw
[19:29:01.098099 INFO] Zip: Extracting measures/create_typical_building_from_model/tests/create_typical_building_from_model_test.rb
[19:29:01.098758 INFO] Zip: Extracting measures/create_typical_building_from_model/tests/test.osw
[19:29:01.099542 INFO] Zip: Extracting measures/create_typical_building_from_model/tests/test_hvac.rb
[19:29:01.099990 INFO] Zip: Extracting measures/export_variableto_csv_variables_for_bipvpce/
[19:29:01.100182 INFO] Zip: Extracting measures/export_variableto_csv_variables_for_bipvpce/measure.rb
[19:29:01.100652 INFO] Zip: Extracting measures/export_variableto_csv_variables_for_bipvpce/measure.xml
[19:29:01.101060 INFO] Zip: Extracting measures/export_variableto_csv_variables_for_bipvpce/resources/
[19:29:01.101222 INFO] Zip: Extracting measures/export_variableto_csv_variables_for_bipvpce/resources/report.html.in
[19:29:01.101590 INFO] Zip: Extracting measures/export_variableto_csv_variables_for_bipvpce/tests/
[19:29:01.101744 INFO] Zip: Extracting measures/export_variableto_csv_variables_for_bipvpce/tests/ExportVariabletoCSV_test.rb
[19:29:01.102131 INFO] Zip: Extracting measures/export_variableto_csv_variables_for_bipvpce/tests/example_model.osm
[19:29:01.103463 INFO] Zip: Extracting measures/inject_idf_window_objects/
[19:29:01.103620 INFO] Zip: Extracting measures/inject_idf_window_objects/LICENSE.md
[19:29:01.104006 INFO] Zip: Extracting measures/inject_idf_window_objects/measure.rb
[19:29:01.104497 INFO] Zip: Extracting measures/inject_idf_window_objects/measure.xml
[19:29:01.104909 INFO] Zip: Extracting measures/inject_idf_window_objects/tests/
[19:29:01.105058 INFO] Zip: Extracting measures/inject_idf_window_objects/tests/EnvelopeAndLoadTestModel_01.osm
[19:29:01.112447 INFO] Zip: Extracting measures/inject_idf_window_objects/tests/Example B - BlockEnergyCharge.idf
[19:29:01.112954 INFO] Zip: Extracting measures/inject_idf_window_objects/tests/measure_Test.rb
[19:29:01.113412 INFO] Zip: Extracting measures/inject_idf_window_objects/tests/test.osw
[19:29:01.114306 INFO] Zip: Extracting seeds/switchglaze/
[19:29:01.114493 INFO] Zip: Extracting seeds/switchglaze.osm
[19:29:01.121202 INFO] Zip: Extracting seeds/switchglaze/files/
[19:29:01.121380 INFO] Zip: Extracting seeds/switchglaze/measures/
[19:29:01.121542 INFO] Zip: Extracting seeds/switchglaze/run/
[19:29:01.121689 INFO] Zip: Extracting seeds/switchglaze/workflow.osw
[19:29:01.122149 INFO] Zip: Extracting weather/DEU_Hamburg.101470_IWEC.ddy
[19:29:01.122775 INFO] Zip: Extracting weather/DEU_Hamburg.101470_IWEC.epw
[19:29:01.246840 INFO] Zip: Extracting weather/DEU_Hamburg.101470_IWEC.stat
[19:29:01.247648 INFO] Zip: Extracting weather/JPN_Tokyo.Hyakuri.477150_IWEC.ddy
[19:29:01.248110 INFO] Zip: Extracting weather/JPN_Tokyo.Hyakuri.477150_IWEC.epw
[19:29:01.258160 INFO] Zip: Extracting weather/JPN_Tokyo.Hyakuri.477150_IWEC.stat
[19:29:01.258864 INFO] Zip: Extracting weather/SAU_Riyadh.404380_IWEC.ddy
[19:29:01.259326 INFO] Zip: Extracting weather/SAU_Riyadh.404380_IWEC.epw
[19:29:01.269684 INFO] Zip: Extracting weather/SAU_Riyadh.404380_IWEC.stat
[19:29:01.270393 INFO] Zip: Extracting weather/SGP_Singapore.486980_IWEC.ddy
[19:29:01.270845 INFO] Zip: Extracting weather/SGP_Singapore.486980_IWEC.epw
[19:29:01.401191 INFO] Zip: Extracting weather/SGP_Singapore.486980_IWEC.stat
[19:29:01.402045 INFO] Zip: Extracting weather/USA_AK_Fairbanks.Intl.AP.702610_TMY3.ddy
[19:29:01.402511 INFO] Zip: Extracting weather/USA_AK_Fairbanks.Intl.AP.702610_TMY3.epw
[19:29:01.416011 INFO] Zip: Extracting weather/USA_AK_Fairbanks.Intl.AP.702610_TMY3.stat
[19:29:01.416906 INFO] Zip: Extracting weather/USA_AZ_Tucson.Intl.AP.722740_TMY3.ddy
[19:29:01.417380 INFO] Zip: Extracting weather/USA_AZ_Tucson.Intl.AP.722740_TMY3.epw
[19:29:01.434743 INFO] Zip: Extracting weather/USA_AZ_Tucson.Intl.AP.722740_TMY3.stat
[19:29:01.435554 INFO] Zip: Extracting weather/USA_CA_San.Diego-Lindbergh.Field.722900_TMY3.ddy
[19:29:01.436015 INFO] Zip: Extracting weather/USA_CA_San.Diego-Lindbergh.Field.722900_TMY3.epw
[19:29:01.446605 INFO] Zip: Extracting weather/USA_CA_San.Diego-Lindbergh.Field.722900_TMY3.stat
[19:29:01.447424 INFO] Zip: Extracting weather/USA_CO_Denver.Intl.AP.725650_TMY3.ddy
[19:29:01.447973 INFO] Zip: Extracting weather/USA_CO_Denver.Intl.AP.725650_TMY3.epw
[19:29:01.465120 INFO] Zip: Extracting weather/USA_CO_Denver.Intl.AP.725650_TMY3.stat
[19:29:01.466799 INFO] Zip: Extracting weather/USA_FL_Tampa.Intl.AP.722110_TMY3.ddy
[19:29:01.467470 INFO] Zip: Extracting weather/USA_FL_Tampa.Intl.AP.722110_TMY3.epw
[19:29:01.481240 INFO] Zip: Extracting weather/USA_FL_Tampa.Intl.AP.722110_TMY3.stat
[19:29:01.482166 INFO] Zip: Extracting weather/USA_GA_Atlanta-Hartsfield-Jackson.Intl.AP.722190_TMY3.ddy
[19:29:01.482844 INFO] Zip: Extracting weather/USA_GA_Atlanta-Hartsfield-Jackson.Intl.AP.722190_TMY3.epw
[19:29:01.497167 INFO] Zip: Extracting weather/USA_GA_Atlanta-Hartsfield-Jackson.Intl.AP.722190_TMY3.stat
[19:29:01.498134 INFO] Zip: Extracting weather/USA_HI_Honolulu.Intl.AP.911820_TMY3.ddy
[19:29:01.498757 INFO] Zip: Extracting weather/USA_HI_Honolulu.Intl.AP.911820_TMY3.epw
[19:29:01.534771 INFO] Zip: Extracting weather/USA_HI_Honolulu.Intl.AP.911820_TMY3.stat
[19:29:01.535685 INFO] Zip: Extracting weather/USA_MN_International.Falls.Intl.AP.727470_TMY3.ddy
[19:29:01.536778 INFO] Zip: Extracting weather/USA_MN_International.Falls.Intl.AP.727470_TMY3.epw
[19:29:01.550403 INFO] Zip: Extracting weather/USA_MN_International.Falls.Intl.AP.727470_TMY3.stat
[19:29:01.551225 INFO] Zip: Extracting weather/USA_MN_Rochester.Intl.AP.726440_TMY3.ddy
[19:29:01.551720 INFO] Zip: Extracting weather/USA_MN_Rochester.Intl.AP.726440_TMY3.epw
[19:29:01.564038 INFO] Zip: Extracting weather/USA_MN_Rochester.Intl.AP.726440_TMY3.stat
[19:29:01.565171 INFO] Zip: Extracting weather/USA_MT_Great.Falls.Intl.AP.727750_TMY3.ddy
[19:29:01.566008 INFO] Zip: Extracting weather/USA_MT_Great.Falls.Intl.AP.727750_TMY3.epw
[19:29:01.579962 INFO] Zip: Extracting weather/USA_MT_Great.Falls.Intl.AP.727750_TMY3.stat
[19:29:01.580750 INFO] Zip: Extracting weather/USA_NM_Albuquerque.Intl.AP.723650_TMY3.ddy
[19:29:01.581248 INFO] Zip: Extracting weather/USA_NM_Albuquerque.Intl.AP.723650_TMY3.epw
[19:29:01.594797 INFO] Zip: Extracting weather/USA_NM_Albuquerque.Intl.AP.723650_TMY3.stat
[19:29:01.595650 INFO] Zip: Extracting weather/USA_NY_Buffalo-Greater.Buffalo.Intl.AP.725280_TMY3.ddy
[19:29:01.596290 INFO] Zip: Extracting weather/USA_NY_Buffalo-Greater.Buffalo.Intl.AP.725280_TMY3.epw
[19:29:01.611057 INFO] Zip: Extracting weather/USA_NY_Buffalo-Greater.Buffalo.Intl.AP.725280_TMY3.stat
[19:29:01.611976 INFO] Zip: Extracting weather/USA_NY_New.York-J.F.Kennedy.Intl.AP.744860_TMY3.ddy
[19:29:01.612635 INFO] Zip: Extracting weather/USA_NY_New.York-J.F.Kennedy.Intl.AP.744860_TMY3.epw
[19:29:01.633382 INFO] Zip: Extracting weather/USA_NY_New.York-J.F.Kennedy.Intl.AP.744860_TMY3.stat
[19:29:01.634364 INFO] Zip: Extracting weather/USA_TX_El.Paso.Intl.AP.722700_TMY3.ddy
[19:29:01.635021 INFO] Zip: Extracting weather/USA_TX_El.Paso.Intl.AP.722700_TMY3.epw
[19:29:01.756589 INFO] Zip: Extracting weather/USA_TX_El.Paso.Intl.AP.722700_TMY3.stat
[19:29:01.757310 INFO] Zip: Extracting weather/USA_WA_Port.Angeles-William.R.Fairchild.Intl.AP.727885_TMY3.ddy
[19:29:01.757748 INFO] Zip: Extracting weather/USA_WA_Port.Angeles-William.R.Fairchild.Intl.AP.727885_TMY3.epw
[19:29:01.768132 INFO] Zip: Extracting weather/USA_WA_Port.Angeles-William.R.Fairchild.Intl.AP.727885_TMY3.stat
[19:29:01.768992 INFO] Zip: Extracting weather/USA_WA_Seattle-Tacoma.Intl.AP.727930_TMY3.ddy
[19:29:01.769437 INFO] Zip: Extracting weather/USA_WA_Seattle-Tacoma.Intl.AP.727930_TMY3.epw
[19:29:01.782521 INFO] Zip: Extracting weather/USA_WA_Seattle-Tacoma.Intl.AP.727930_TMY3.stat
[19:29:01.785768 INFO] Downloading analysis.json from http://web:80/analyses/72a216d4-3a64-4cd6-8e04-b9bc3af7ff20.json
[19:29:01.840509 INFO] Checking for presence of args file at /mnt/openstudio/analysis_72a216d4-3a64-4cd6-8e04-b9bc3af7ff20/scripts/data_point/initialize.args
[19:29:01.840579 INFO] Checking for presence of script file at /mnt/openstudio/analysis_72a216d4-3a64-4cd6-8e04-b9bc3af7ff20/scripts/data_point/initialize.sh
[19:29:01.840622 INFO] Finished worker initialization
[19:29:01.840651 INFO] RestClient delete
[19:29:01.840679 INFO] delete post_count = 1
[19:29:01.853351 INFO] Downloading datapoint from http://web:80/data_points/7b4ff5c2-8e2b-41bd-8f6e-45323b28f74d.json
[19:29:01.853428 INFO] get url post_count = 1
[19:29:01.871180 INFO] Creating Workflow Manager instance
[19:29:01.871261 INFO] Directory is /mnt/openstudio/analysis_72a216d4-3a64-4cd6-8e04-b9bc3af7ff20/data_point_7b4ff5c2-8e2b-41bd-8f6e-45323b28f74d
[19:29:01.871330 INFO] Opening run.log file '/mnt/openstudio/analysis_72a216d4-3a64-4cd6-8e04-b9bc3af7ff20/data_point_7b4ff5c2-8e2b-41bd-8f6e-45323b28f74d/run/run.log'
[19:29:01.871562 WARN] Error finding Oscli: OPENSTUDIO_EXE_PATH not set
[19:29:01.887517 WARN] Defaulting to fun Oscli via /usr/local/bin/openstudio
[19:29:01.887681 INFO] Returning Oscli cmd: /usr/local/bin/openstudio --bundle /var/oscli/Gemfile --bundle_path /var/oscli/gems 
[19:29:01.887865 INFO] Running workflow using cmd /usr/local/bin/openstudio --bundle /var/oscli/Gemfile --bundle_path /var/oscli/gems   run --workflow '/mnt/openstudio/analysis_72a216d4-3a64-4cd6-8e04-b9bc3af7ff20/data_point_7b4ff5c2-8e2b-41bd-8f6e-45323b28f74d/data_point.osw'  and writing log to /mnt/openstudio/analysis_72a216d4-3a64-4cd6-8e04-b9bc3af7ff20/data_point_7b4ff5c2-8e2b-41bd-8f6e-45323b28f74d/oscli_simulation.log
[19:29:22.756773 INFO] Oscli output: /var/oscli/gems/ruby/2.5.0/gems/openstudio-standards-0.2.11/lib/openstudio-standards/btap/btap.rb:56: warning: constant ::Fixnum is deprecated
[openstudio.standards.Model] <1> Model has been assigned a weather file, but the file is not in the specified location of 'file:////mnt/openstudio/analysis_72a216d4-3a64-4cd6-8e04-b9bc3af7ff20/weather/SAU_Riyadh.404380_IWEC.epw'.
[19:29:18.009845 WARN] Could not add loads for Plenum. Not expected for 90.1-2013
[19:29:22.218120 WARN] [openstudio.standards.Construction] Requested U-value of 0.58 for Typical Insulated Exterior Mass Wall is too low given the other materials in the construction; insulation layer will not be modified.
[19:29:22.218731 WARN] [openstudio.standards.Construction] Can only set the u-value of opaque constructions or simple glazing. U 0.60 SHGC 0.25 Dbl 2.5mm air is not opaque or simple glazing.
[19:29:22.219145 WARN] [openstudio.standards.Construction] Can only set the u-value of opaque constructions or simple glazing. U 0.65 SHGC 0.25 Dbl Ref-C-H Clr 6mm/6mm Air is not opaque or simple glazing.
[19:29:22.219294 WARN] [openstudio.standards.Construction] Requested U-value of 1.1686635536297982 for Typical Overhead Door is greater than the sum of the inside and outside resistance, and the max U-value (6.636 SI) is used instead.
[19:29:22.219579 WARN] [openstudio.standards.Construction] Can only set the u-value of opaque constructions or simple glazing. Window_U_0.75_SHGC_0.35_Skylight_Frame_Width_2.339_in is not opaque or simple glazing.
[19:29:22.220495 WARN] [openstudio.weather.Model] Could not find ground temperatures; will use generic temperatures, which will skew results.
[19:29:22.236674 ERROR] [openstudio.standards.Model] Model has been assigned a weather file, but the file is not in the specified location of 'file:////mnt/openstudio/analysis_72a216d4-3a64-4cd6-8e04-b9bc3af7ff20/weather/SAU_Riyadh.404380_IWEC.epw'.
[19:29:22.420009 ERROR] /var/oscli/gems/ruby/2.5.0/gems/openstudio-workflow-2.0.0/lib/openstudio/workflow/util/measure.rb failed with message Runner error /var/oscli/gems/ruby/2.5.0/gems/openstudio-workflow-2.0.0/lib/openstudio/workflow/util/measure.rb failed with Measure create_typical_building_from_model reported an error with ["[openstudio.standards.Model] Model has been assigned a weather file, but the file is not in the specified location of 'file:////mnt/openstudio/analysis_72a216d4-3a64-4cd6-8e04-b9bc3af7ff20/weather/SAU_Riyadh.404380_IWEC.epw'."], /var/oscli/gems/ruby/2.5.0/gems/openstudio-workflow-2.0.0/lib/openstudio/workflow/util/measure.rb:560:in `apply_measure'
/var/oscli/gems/ruby/2.5.0/gems/openstudio-workflow-2.0.0/lib/openstudio/workflow/util/measure.rb:109:in `block in apply_measures'
/var/oscli/gems/ruby/2.5.0/gems/openstudio-workflow-2.0.0/lib/openstudio/workflow/util/measure.rb:67:in `each_index'
/var/oscli/gems/ruby/2.5.0/gems/openstudio-workflow-2.0.0/lib/openstudio/workflow/util/measure.rb:67:in `apply_measures'
/var/oscli/gems/ruby/2.5.0/gems/openstudio-workflow-2.0.0/lib/openstudio/workflow/jobs/run_os_measures.rb:70:in `perform'
/var/oscli/gems/ruby/2.5.0/gems/openstudio-workflow-2.0.0/lib/openstudio/workflow/run.rb:292:in `step'
/var/oscli/gems/ruby/2.5.0/gems/openstudio-workflow-2.0.0/lib/openstudio/workflow/run.rb:234:in `run'
:/openstudio_cli.rb:960:in `execute'
:/openstudio_cli.rb:750:in `execute'
:/openstudio_cli.rb:1744:in `<main>'
eval:174:in `eval'
eval:174:in `require_embedded_absolute'
eval:160:in `block in require_embedded'
eval:154:in `each'
eval:154:in `require_embedded'
eval:113:in `require'
eval:3:in `<main>' in /var/oscli/gems/ruby/2.5.0/gems/openstudio-workflow-2.0.0/lib/openstudio/workflow/util/measure.rb:598:in `rescue in apply_measure'
/var/oscli/gems/ruby/2.5.0/gems/openstudio-workflow-2.0.0/lib/openstudio/workflow/util/measure.rb:548:in `apply_measure'
/var/oscli/gems/ruby/2.5.0/gems/openstudio-workflow-2.0.0/lib/openstudio/workflow/util/measure.rb:109:in `block in apply_measures'
/var/oscli/gems/ruby/2.5.0/gems/openstudio-workflow-2.0.0/lib/openstudio/workflow/util/measure.rb:67:in `each_index'
/var/oscli/gems/ruby/2.5.0/gems/openstudio-workflow-2.0.0/lib/openstudio/workflow/util/measure.rb:67:in `apply_measures'
/var/oscli/gems/ruby/2.5.0/gems/openstudio-workflow-2.0.0/lib/openstudio/workflow/jobs/run_os_measures.rb:70:in `perform'
/var/oscli/gems/ruby/2.5.0/gems/openstudio-workflow-2.0.0/lib/openstudio/workflow/run.rb:292:in `step'
/var/oscli/gems/ruby/2.5.0/gems/openstudio-workflow-2.0.0/lib/openstudio/workflow/run.rb:234:in `run'
:/openstudio_cli.rb:960:in `execute'
:/openstudio_cli.rb:750:in `execute'
:/openstudio_cli.rb:1744:in `<main>'
eval:174:in `eval'
eval:174:in `require_embedded_absolute'
eval:160:in `block in require_embedded'
eval:154:in `each'
eval:154:in `require_embedded'
eval:113:in `require'
eval:3:in `<main>'
[19:29:22.422893 ERROR] Found error in state 'os_measures' with message ["/var/oscli/gems/ruby/2.5.0/gems/openstudio-workflow-2.0.0/lib/openstudio/workflow/util/measure.rb failed with message Runner error /var/oscli/gems/ruby/2.5.0/gems/openstudio-workflow-2.0.0/lib/openstudio/workflow/util/measure.rb failed with Measure create_typical_building_from_model reported an error with [\"[openstudio.standards.Model] Model has been assigned a weather file, but the file is not in the specified location of 'file:////mnt/openstudio/analysis_72a216d4-3a64-4cd6-8e04-b9bc3af7ff20/weather/SAU_Riyadh.404380_IWEC.epw'.\"], /var/oscli/gems/ruby/2.5.0/gems/openstudio-workflow-2.0.0/lib/openstudio/workflow/util/measure.rb:560:in `apply_measure'\n/var/oscli/gems/ruby/2.5.0/gems/openstudio-workflow-2.0.0/lib/openstudio/workflow/util/measure.rb:109:in `block in apply_measures'\n/var/oscli/gems/ruby/2.5.0/gems/openstudio-workflow-2.0.0/lib/openstudio/workflow/util/measure.rb:67:in `each_index'\n/var/oscli/gems/ruby/2.5.0/gems/openstudio-workflow-2.0.0/lib/openstudio/workflow/util/measure.rb:67:in `apply_measures'\n/var/oscli/gems/ruby/2.5.0/gems/openstudio-workflow-2.0.0/lib/openstudio/workflow/jobs/run_os_measures.rb:70:in `perform'\n/var/oscli/gems/ruby/2.5.0/gems/openstudio-workflow-2.0.0/lib/openstudio/workflow/run.rb:292:in `step'\n/var/oscli/gems/ruby/2.5.0/gems/openstudio-workflow-2.0.0/lib/openstudio/workflow/run.rb:234:in `run'\n:/openstudio_cli.rb:960:in `execute'\n:/openstudio_cli.rb:750:in `execute'\n:/openstudio_cli.rb:1744:in `<main>'\neval:174:in `eval'\neval:174:in `require_embedded_absolute'\neval:160:in `block in require_embedded'\neval:154:in `each'\neval:154:in `require_embedded'\neval:113:in `require'\neval:3:in `<main>' in /var/oscli/gems/ruby/2.5.0/gems/openstudio-workflow-2.0.0/lib/openstudio/workflow/util/measure.rb:598:in `rescue in apply_measure'\n/var/oscli/gems/ruby/2.5.0/gems/openstudio-workflow-2.0.0/lib/openstudio/workflow/util/measure.rb:548:in `apply_measure'\n/var/oscli/gems/ruby/2.5.0/gems/openstudio-workflow-2.0.0/lib/openstudio/workflow/util/measure.rb:109:in `block in apply_measures'\n/var/oscli/gems/ruby/2.5.0/gems/openstudio-workflow-2.0.0/lib/openstudio/workflow/util/measure.rb:67:in `each_index'\n/var/oscli/gems/ruby/2.5.0/gems/openstudio-workflow-2.0.0/lib/openstudio/workflow/util/measure.rb:67:in `apply_measures'\n/var/oscli/gems/ruby/2.5.0/gems/openstudio-workflow-2.0.0/lib/openstudio/workflow/jobs/run_os_measures.rb:70:in `perform'\n/var/oscli/gems/ruby/2.5.0/gems/openstudio-workflow-2.0.0/lib/openstudio/workflow/run.rb:292:in `step'\n/var/oscli/gems/ruby/2.5.0/gems/openstudio-workflow-2.0.0/lib/openstudio/workflow/run.rb:234:in `run'\n:/openstudio_cli.rb:960:in `execute'\n:/openstudio_cli.rb:750:in `execute'\n:/openstudio_cli.rb:1744:in `<main>'\neval:174:in `eval'\neval:174:in `require_embedded_absolute'\neval:160:in `block in require_embedded'\neval:154:in `each'\neval:154:in `require_embedded'\neval:113:in `require'\neval:3:in `<main>':/var/oscli/gems/ruby/2.5.0/gems/openstudio-workflow-2.0.0/lib/openstudio/workflow/util/measure.rb:647:in `rescue in apply_measure'\n/var/oscli/gems/ruby/2.5.0/gems/openstudio-workflow-2.0.0/lib/openstudio/workflow/util/measure.rb:305:in `apply_measure'\n/var/oscli/gems/ruby/2.5.0/gems/openstudio-workflow-2.0.0/lib/openstudio/workflow/util/measure.rb:109:in `block in apply_measures'\n/var/oscli/gems/ruby/2.5.0/gems/openstudio-workflow-2.0.0/lib/openstudio/workflow/util/measure.rb:67:in `each_index'\n/var/oscli/gems/ruby/2.5.0/gems/openstudio-workflow-2.0.0/lib/openstudio/workflow/util/measure.rb:67:in `apply_measures'\n/var/oscli/gems/ruby/2.5.0/gems/openstudio-workflow-2.0.0/lib/openstudio/workflow/jobs/run_os_measures.rb:70:in `perform'\n/var/oscli/gems/ruby/2.5.0/gems/openstudio-workflow-2.0.0/lib/openstudio/workflow/run.rb:292:in `step'\n/var/oscli/gems/ruby/2.5.0/gems/openstudio-workflow-2.0.0/lib/openstudio/workflow/run.rb:234:in `run'\n:/openstudio_cli.rb:960:in `execute'\n:/openstudio_cli.rb:750:in `execute'\n:/openstudio_cli.rb:1744:in `<main>'\neval:174:in `eval'\neval:174:in `require_embedded_absolute'\neval:160:in `block in require_embedded'\neval:154:in `each'\neval:154:in `require_embedded'\neval:113:in `require'\neval:3:in `<main>'"]}

[19:29:22.757603 ERROR] Could not find results /mnt/openstudio/analysis_72a216d4-3a64-4cd6-8e04-b9bc3af7ff20/data_point_7b4ff5c2-8e2b-41bd-8f6e-45323b28f74d/run/measure_attributes.json
[19:29:22.757657 INFO] Saving files/reports back to the server
[19:29:22.757953 INFO] Saving report /mnt/openstudio/analysis_72a216d4-3a64-4cd6-8e04-b9bc3af7ff20/data_point_7b4ff5c2-8e2b-41bd-8f6e-45323b28f74d/out.osw to http://web:80/data_points/7b4ff5c2-8e2b-41bd-8f6e-45323b28f74d/upload_file
[19:29:22.831652 INFO] Saving report responded with {"id":"5efb9292ce5ea001492bc068","data_point_id":"7b4ff5c2-8e2b-41bd-8f6e-45323b28f74d","display_name":"Final OSW File","type":"Report","created_at":"2020-06-30T19:29:22.811Z","updated_at":"2020-06-30T19:29:22.811Z"}
[19:29:22.832031 INFO] Saving report /mnt/openstudio/analysis_72a216d4-3a64-4cd6-8e04-b9bc3af7ff20/data_point_7b4ff5c2-8e2b-41bd-8f6e-45323b28f74d/run/data_point.zip to http://web:80/data_points/7b4ff5c2-8e2b-41bd-8f6e-45323b28f74d/upload_file
[19:29:22.893734 INFO] Saving report responded with {"id":"5efb9292ce5ea001492bc069","data_point_id":"7b4ff5c2-8e2b-41bd-8f6e-45323b28f74d","display_name":"Zip File","type":"Data Point","created_at":"2020-06-30T19:29:22.869Z","updated_at":"2020-06-30T19:29:22.869Z"}
[19:29:22.894154 INFO] Checking for presence of args file at /mnt/openstudio/analysis_72a216d4-3a64-4cd6-8e04-b9bc3af7ff20/scripts/data_point/finalize.args
[19:29:22.894226 INFO] Checking for presence of script file at /mnt/openstudio/analysis_72a216d4-3a64-4cd6-8e04-b9bc3af7ff20/scripts/data_point/finalize.sh
[19:29:22.898978 INFO] Finished /opt/openstudio/server/app/jobs/dj_jobs/run_simulate_data_point.rb
