# Logfile created on 2020-06-30 19:28:58 +0000 by logger.rb/61378
[19:28:58.747874 INFO] Server host is http://web:80
[19:28:58.747976 INFO] Analysis directory is /mnt/openstudio/analysis_72a216d4-3a64-4cd6-8e04-b9bc3af7ff20
[19:28:58.748037 INFO] Simulation directory is /mnt/openstudio/analysis_72a216d4-3a64-4cd6-8e04-b9bc3af7ff20/data_point_7f166f6b-5a0d-4dfb-8ad2-766410f522da
[19:28:58.748071 INFO] Run datapoint type/file is 
[19:28:58.748116 INFO] Starting initialize_worker for datapoint 7f166f6b-5a0d-4dfb-8ad2-766410f522da
[19:28:58.748545 INFO] Downloading analysis zip from http://web:80/analyses/72a216d4-3a64-4cd6-8e04-b9bc3af7ff20/download_analysis_zip
[19:28:59.580479 INFO] Extracting analysis zip to /mnt/openstudio/analysis_72a216d4-3a64-4cd6-8e04-b9bc3af7ff20
[19:28:59.593011 INFO] Zip: Extracting lib/resources/ASHRAE_zone12_Spec.idf
[19:28:59.594121 INFO] Zip: Extracting lib/resources/ASHRAE_zone3_Spec.idf
[19:28:59.594597 INFO] Zip: Extracting lib/resources/ASHRAE_zone456_Spec.idf
[19:28:59.595123 INFO] Zip: Extracting lib/resources/ASHRAE_zone78_Spec.idf
[19:28:59.595625 INFO] Zip: Extracting lib/resources/GlzSys19_13F-air-9_Spec.idf
[19:28:59.596740 INFO] Zip: Extracting lib/resources/GlzSys20_14F-air-3000_Spec.idf
[19:28:59.598041 INFO] Zip: Extracting lib/resources/GlzSys21_13F-air-3000_Spec.idf
[19:28:59.599500 INFO] Zip: Extracting lib/resources/GlzSys_10-air-9_Spec.idf
[19:28:59.601004 INFO] Zip: Extracting lib/resources/GlzSys_10F-air-3000_Spec.idf
[19:28:59.602463 INFO] Zip: Extracting lib/resources/GlzSys_11F-air-3000_Spec.idf
[19:28:59.603925 INFO] Zip: Extracting lib/resources/GlzSys_16095-air-3000_Spec.idf
[19:28:59.605383 INFO] Zip: Extracting lib/resources/GlzSys_16095-air-9_Spec.idf
[19:28:59.606837 INFO] Zip: Extracting lib/resources/GlzSys_6374-air-3000_Spec.idf
[19:28:59.608279 INFO] Zip: Extracting lib/resources/GlzSys_Dark_PV_Spec.idf
[19:28:59.609281 INFO] Zip: Extracting lib/resources/GlzSys_Light_PV_Spec.idf
[19:28:59.610091 INFO] Zip: Extracting lib/resources/GlzSys_Thermochromic_30C.idf
[19:28:59.611174 INFO] Zip: Extracting lib/resources/GlzSys_Thermochromic_35C.idf
[19:28:59.612242 INFO] Zip: Extracting lib/resources/GlzSys_Thermochromic_40C.idf
[19:28:59.613362 INFO] Zip: Extracting lib/resources/SG_zone12_Spec.idf
[19:28:59.614427 INFO] Zip: Extracting lib/resources/SG_zone3_Spec.idf
[19:28:59.615471 INFO] Zip: Extracting lib/resources/SG_zone456_Spec.idf
[19:28:59.616957 INFO] Zip: Extracting lib/resources/SG_zone78_Spec.idf
[19:28:59.618453 INFO] Zip: Extracting lib/resources/Window_PV_No_frame_Spec_Spec.idf
[19:28:59.619300 INFO] Zip: Extracting lib/resources/Window_PV_frame_Spec.idf
[19:28:59.620121 INFO] Zip: Extracting measures/AddMeter/
[19:28:59.620316 INFO] Zip: Extracting measures/AddMeter/LICENSE.md
[19:28:59.620777 INFO] Zip: Extracting measures/AddMeter/New folder/
[19:28:59.620925 INFO] Zip: Extracting measures/AddMeter/README.md
[19:28:59.621373 INFO] Zip: Extracting measures/AddMeter/README.md.erb
[19:28:59.621811 INFO] Zip: Extracting measures/AddMeter/measure.rb
[19:28:59.622295 INFO] Zip: Extracting measures/AddMeter/measure.xml
[19:28:59.622750 INFO] Zip: Extracting measures/AddMeter/tests/
[19:28:59.622893 INFO] Zip: Extracting measures/AddMeter/tests/AddMeter_Test.rb
[19:28:59.623363 INFO] Zip: Extracting measures/AddOutputVariable/
[19:28:59.623514 INFO] Zip: Extracting measures/AddOutputVariable/LICENSE.md
[19:28:59.623966 INFO] Zip: Extracting measures/AddOutputVariable/README.md
[19:28:59.624496 INFO] Zip: Extracting measures/AddOutputVariable/README.md.erb
[19:28:59.624922 INFO] Zip: Extracting measures/AddOutputVariable/measure.rb
[19:28:59.625406 INFO] Zip: Extracting measures/AddOutputVariable/measure.xml
[19:28:59.625858 INFO] Zip: Extracting measures/AddOutputVariable/tests/
[19:28:59.625999 INFO] Zip: Extracting measures/AddOutputVariable/tests/AddOutputVariable_Test.rb
[19:28:59.626448 INFO] Zip: Extracting measures/ChangeBuildingLocation/
[19:28:59.626590 INFO] Zip: Extracting measures/ChangeBuildingLocation/LICENSE.md
[19:28:59.627028 INFO] Zip: Extracting measures/ChangeBuildingLocation/README.md
[19:28:59.627466 INFO] Zip: Extracting measures/ChangeBuildingLocation/README.md.erb
[19:28:59.627885 INFO] Zip: Extracting measures/ChangeBuildingLocation/measure.rb
[19:28:59.628431 INFO] Zip: Extracting measures/ChangeBuildingLocation/measure.xml
[19:28:59.628916 INFO] Zip: Extracting measures/ChangeBuildingLocation/resources/
[19:28:59.629059 INFO] Zip: Extracting measures/ChangeBuildingLocation/resources/epw.rb
[19:28:59.629577 INFO] Zip: Extracting measures/ChangeBuildingLocation/resources/os_lib_helper_methods.rb
[19:28:59.630129 INFO] Zip: Extracting measures/ChangeBuildingLocation/resources/stat_file.rb
[19:28:59.630611 INFO] Zip: Extracting measures/ChangeBuildingLocation/tests/
[19:28:59.630754 INFO] Zip: Extracting measures/ChangeBuildingLocation/tests/USA_MA_Boston-Logan.Intl.AP.725090_TMY3.ddy
[19:28:59.631325 INFO] Zip: Extracting measures/ChangeBuildingLocation/tests/USA_MA_Boston-Logan.Intl.AP.725090_TMY3.epw
[19:28:59.646687 INFO] Zip: Extracting measures/ChangeBuildingLocation/tests/USA_MA_Boston-Logan.Intl.AP.725090_TMY3.stat
[19:28:59.647568 INFO] Zip: Extracting measures/ChangeBuildingLocation/tests/USA_WA_Renton.Muni.AP.727934_TMY3.ddy
[19:28:59.647987 INFO] Zip: Extracting measures/ChangeBuildingLocation/tests/USA_WA_Renton.Muni.AP.727934_TMY3.epw
[19:28:59.771675 INFO] Zip: Extracting measures/ChangeBuildingLocation/tests/USA_WA_Renton.Muni.AP.727934_TMY3.stat
[19:28:59.772441 INFO] Zip: Extracting measures/ChangeBuildingLocation/tests/another_weather_file.ddy
[19:28:59.772898 INFO] Zip: Extracting measures/ChangeBuildingLocation/tests/another_weather_file.epw
[19:28:59.783196 INFO] Zip: Extracting measures/ChangeBuildingLocation/tests/another_weather_file.stat
[19:28:59.783902 INFO] Zip: Extracting measures/ChangeBuildingLocation/tests/change_building_location_test.rb
[19:28:59.784297 INFO] Zip: Extracting measures/ChangeBuildingLocation/tests/multiyear.ddy
[19:28:59.784752 INFO] Zip: Extracting measures/ChangeBuildingLocation/tests/multiyear.epw
[19:28:59.785123 INFO] Zip: Extracting measures/ChangeBuildingLocation/tests/multiyear.stat
[19:28:59.785684 INFO] Zip: Extracting measures/ChangeBuildingLocation/tests/test.osm
[19:28:59.788609 INFO] Zip: Extracting measures/ChangeBuildingLocation/tests/test.osw
[19:28:59.789263 INFO] Zip: Extracting measures/ServerDirectoryCleanup/
[19:28:59.789441 INFO] Zip: Extracting measures/ServerDirectoryCleanup/LICENSE.md
[19:28:59.789796 INFO] Zip: Extracting measures/ServerDirectoryCleanup/measure.rb
[19:28:59.790170 INFO] Zip: Extracting measures/ServerDirectoryCleanup/measure.xml
[19:28:59.790554 INFO] Zip: Extracting measures/ServerDirectoryCleanup/tests/
[19:28:59.790698 INFO] Zip: Extracting measures/ServerDirectoryCleanup/tests/ServerDirectoryCleanup_test.rb
[19:28:59.791095 INFO] Zip: Extracting measures/ServerDirectoryCleanup/tests/USA_CO_Golden-NREL.724666_TMY3.epw
[19:28:59.892724 INFO] Zip: Extracting measures/ServerDirectoryCleanup/tests/example_model.osm
[19:28:59.894049 INFO] Zip: Extracting measures/WindowPV_reporting/
[19:28:59.894220 INFO] Zip: Extracting measures/WindowPV_reporting/measure.rb
[19:28:59.894700 INFO] Zip: Extracting measures/WindowPV_reporting/measure.xml
[19:28:59.895091 INFO] Zip: Extracting measures/WindowPV_reporting/resources/
[19:28:59.895240 INFO] Zip: Extracting measures/WindowPV_reporting/resources/os_lib_helper_methods.rb
[19:28:59.895660 INFO] Zip: Extracting measures/WindowPV_reporting/resources/report.html.in
[19:28:59.895979 INFO] Zip: Extracting measures/WindowPV_reporting/tests/
[19:28:59.896120 INFO] Zip: Extracting measures/WindowPV_reporting/tests/USA_CO_Golden-NREL.724666_TMY3.epw
[19:28:59.906051 INFO] Zip: Extracting measures/WindowPV_reporting/tests/example_model.osm
[19:28:59.907337 INFO] Zip: Extracting measures/WindowPV_reporting/tests/ubi_qd_reporting_test.rb
[19:28:59.907717 INFO] Zip: Extracting measures/a_inject_window_specific_idf_objects/
[19:28:59.907882 INFO] Zip: Extracting measures/a_inject_window_specific_idf_objects/LICENSE.md
[19:28:59.908227 INFO] Zip: Extracting measures/a_inject_window_specific_idf_objects/measure.rb
[19:28:59.908722 INFO] Zip: Extracting measures/a_inject_window_specific_idf_objects/measure.xml
[19:28:59.909108 INFO] Zip: Extracting measures/a_inject_window_specific_idf_objects/tests/
[19:28:59.909253 INFO] Zip: Extracting measures/a_inject_window_specific_idf_objects/tests/EnvelopeAndLoadTestModel_01.osm
[19:28:59.913733 INFO] Zip: Extracting measures/a_inject_window_specific_idf_objects/tests/Example B - BlockEnergyCharge.idf
[19:28:59.914170 INFO] Zip: Extracting measures/a_inject_window_specific_idf_objects/tests/measure_Test.rb
[19:28:59.914545 INFO] Zip: Extracting measures/a_inject_window_specific_idf_objects/tests/test.osw
[19:28:59.915194 INFO] Zip: Extracting measures/add_thermochromic_bipv/
[19:28:59.915594 INFO] Zip: Extracting measures/add_thermochromic_bipv/measure.rb
[19:28:59.916038 INFO] Zip: Extracting measures/add_thermochromic_bipv/measure.xml
[19:28:59.916448 INFO] Zip: Extracting measures/add_thermochromic_bipv/resources/
[19:28:59.916594 INFO] Zip: Extracting measures/add_thermochromic_bipv/resources/HVACSizing.Model.rb
[19:28:59.917033 INFO] Zip: Extracting measures/add_thermochromic_bipv/resources/Standards.Construction.rb
[19:28:59.917374 INFO] Zip: Extracting measures/add_thermochromic_bipv/resources/os_lib_helper_methods.rb
[19:28:59.917771 INFO] Zip: Extracting measures/add_thermochromic_bipv/resources/os_lib_schedules.rb
[19:28:59.923416 INFO] Zip: Extracting measures/create_bar_from_building_type_ratios/
[19:28:59.923606 INFO] Zip: Extracting measures/create_bar_from_building_type_ratios/LICENSE.md
[19:28:59.923984 INFO] Zip: Extracting measures/create_bar_from_building_type_ratios/README.md
[19:28:59.924378 INFO] Zip: Extracting measures/create_bar_from_building_type_ratios/README.md.erb
[19:28:59.924704 INFO] Zip: Extracting measures/create_bar_from_building_type_ratios/measure.rb
[19:28:59.925389 INFO] Zip: Extracting measures/create_bar_from_building_type_ratios/measure.xml
[19:28:59.925841 INFO] Zip: Extracting measures/create_bar_from_building_type_ratios/resources/
[19:28:59.925987 INFO] Zip: Extracting measures/create_bar_from_building_type_ratios/resources/os_lib_geometry.rb
[19:28:59.926597 INFO] Zip: Extracting measures/create_bar_from_building_type_ratios/resources/os_lib_helper_methods.rb
[19:28:59.927030 INFO] Zip: Extracting measures/create_bar_from_building_type_ratios/resources/os_lib_model_generation.rb
[19:28:59.927757 INFO] Zip: Extracting measures/create_bar_from_building_type_ratios/resources/os_lib_model_simplification.rb
[19:28:59.928409 INFO] Zip: Extracting measures/create_bar_from_building_type_ratios/tests/
[19:28:59.928558 INFO] Zip: Extracting measures/create_bar_from_building_type_ratios/tests/create_bar_from_building_type_ratios_test.rb
[19:28:59.928989 INFO] Zip: Extracting measures/create_bar_from_building_type_ratios/tests/example_model.osm
[19:28:59.931235 INFO] Zip: Extracting measures/create_typical_building_from_model/
[19:28:59.931461 INFO] Zip: Extracting measures/create_typical_building_from_model/LICENSE.md
[19:28:59.931850 INFO] Zip: Extracting measures/create_typical_building_from_model/README.md
[19:28:59.932205 INFO] Zip: Extracting measures/create_typical_building_from_model/README.md.erb
[19:28:59.932557 INFO] Zip: Extracting measures/create_typical_building_from_model/measure.rb
[19:28:59.933133 INFO] Zip: Extracting measures/create_typical_building_from_model/measure.xml
[19:28:59.933573 INFO] Zip: Extracting measures/create_typical_building_from_model/resources/
[19:28:59.933723 INFO] Zip: Extracting measures/create_typical_building_from_model/resources/Model.hvac.rb
[19:28:59.934117 INFO] Zip: Extracting measures/create_typical_building_from_model/resources/os_lib_helper_methods.rb
[19:28:59.934552 INFO] Zip: Extracting measures/create_typical_building_from_model/resources/os_lib_model_generation.rb
[19:28:59.935137 INFO] Zip: Extracting measures/create_typical_building_from_model/tests/
[19:28:59.935282 INFO] Zip: Extracting measures/create_typical_building_from_model/tests/GenericGbxml.osm
[19:28:59.937726 INFO] Zip: Extracting measures/create_typical_building_from_model/tests/LargeOffice04.osm
[19:28:59.944388 INFO] Zip: Extracting measures/create_typical_building_from_model/tests/MidriseApartment.osm
[19:28:59.953174 INFO] Zip: Extracting measures/create_typical_building_from_model/tests/SmallOffice.osm
[19:28:59.955188 INFO] Zip: Extracting measures/create_typical_building_from_model/tests/USA_TX_Houston-Bush.Intercontinental.AP.722430_TMY3.epw
[19:28:59.968295 INFO] Zip: Extracting measures/create_typical_building_from_model/tests/create_typical_building_from_model_test.rb
[19:28:59.968890 INFO] Zip: Extracting measures/create_typical_building_from_model/tests/test.osw
[19:28:59.969653 INFO] Zip: Extracting measures/create_typical_building_from_model/tests/test_hvac.rb
[19:28:59.970069 INFO] Zip: Extracting measures/export_variableto_csv_variables_for_bipvpce/
[19:28:59.970241 INFO] Zip: Extracting measures/export_variableto_csv_variables_for_bipvpce/measure.rb
[19:28:59.970662 INFO] Zip: Extracting measures/export_variableto_csv_variables_for_bipvpce/measure.xml
[19:28:59.971053 INFO] Zip: Extracting measures/export_variableto_csv_variables_for_bipvpce/resources/
[19:28:59.971210 INFO] Zip: Extracting measures/export_variableto_csv_variables_for_bipvpce/resources/report.html.in
[19:28:59.971552 INFO] Zip: Extracting measures/export_variableto_csv_variables_for_bipvpce/tests/
[19:28:59.971699 INFO] Zip: Extracting measures/export_variableto_csv_variables_for_bipvpce/tests/ExportVariabletoCSV_test.rb
[19:28:59.972054 INFO] Zip: Extracting measures/export_variableto_csv_variables_for_bipvpce/tests/example_model.osm
[19:28:59.973359 INFO] Zip: Extracting measures/inject_idf_window_objects/
[19:28:59.973511 INFO] Zip: Extracting measures/inject_idf_window_objects/LICENSE.md
[19:28:59.973871 INFO] Zip: Extracting measures/inject_idf_window_objects/measure.rb
[19:28:59.974318 INFO] Zip: Extracting measures/inject_idf_window_objects/measure.xml
[19:28:59.974724 INFO] Zip: Extracting measures/inject_idf_window_objects/tests/
[19:28:59.974895 INFO] Zip: Extracting measures/inject_idf_window_objects/tests/EnvelopeAndLoadTestModel_01.osm
[19:28:59.979548 INFO] Zip: Extracting measures/inject_idf_window_objects/tests/Example B - BlockEnergyCharge.idf
[19:28:59.979926 INFO] Zip: Extracting measures/inject_idf_window_objects/tests/measure_Test.rb
[19:28:59.980291 INFO] Zip: Extracting measures/inject_idf_window_objects/tests/test.osw
[19:28:59.980974 INFO] Zip: Extracting seeds/switchglaze/
[19:28:59.981143 INFO] Zip: Extracting seeds/switchglaze.osm
[19:28:59.985606 INFO] Zip: Extracting seeds/switchglaze/files/
[19:28:59.985776 INFO] Zip: Extracting seeds/switchglaze/measures/
[19:28:59.985924 INFO] Zip: Extracting seeds/switchglaze/run/
[19:28:59.986084 INFO] Zip: Extracting seeds/switchglaze/workflow.osw
[19:28:59.986427 INFO] Zip: Extracting weather/DEU_Hamburg.101470_IWEC.ddy
[19:28:59.986878 INFO] Zip: Extracting weather/DEU_Hamburg.101470_IWEC.epw
[19:29:00.089128 INFO] Zip: Extracting weather/DEU_Hamburg.101470_IWEC.stat
[19:29:00.089861 INFO] Zip: Extracting weather/JPN_Tokyo.Hyakuri.477150_IWEC.ddy
[19:29:00.090292 INFO] Zip: Extracting weather/JPN_Tokyo.Hyakuri.477150_IWEC.epw
[19:29:00.099769 INFO] Zip: Extracting weather/JPN_Tokyo.Hyakuri.477150_IWEC.stat
[19:29:00.100518 INFO] Zip: Extracting weather/SAU_Riyadh.404380_IWEC.ddy
[19:29:00.100967 INFO] Zip: Extracting weather/SAU_Riyadh.404380_IWEC.epw
[19:29:00.110668 INFO] Zip: Extracting weather/SAU_Riyadh.404380_IWEC.stat
[19:29:00.111524 INFO] Zip: Extracting weather/SGP_Singapore.486980_IWEC.ddy
[19:29:00.111961 INFO] Zip: Extracting weather/SGP_Singapore.486980_IWEC.epw
[19:29:00.211808 INFO] Zip: Extracting weather/SGP_Singapore.486980_IWEC.stat
[19:29:00.212499 INFO] Zip: Extracting weather/USA_AK_Fairbanks.Intl.AP.702610_TMY3.ddy
[19:29:00.212957 INFO] Zip: Extracting weather/USA_AK_Fairbanks.Intl.AP.702610_TMY3.epw
[19:29:00.222799 INFO] Zip: Extracting weather/USA_AK_Fairbanks.Intl.AP.702610_TMY3.stat
[19:29:00.223442 INFO] Zip: Extracting weather/USA_AZ_Tucson.Intl.AP.722740_TMY3.ddy
[19:29:00.223876 INFO] Zip: Extracting weather/USA_AZ_Tucson.Intl.AP.722740_TMY3.epw
[19:29:00.233880 INFO] Zip: Extracting weather/USA_AZ_Tucson.Intl.AP.722740_TMY3.stat
[19:29:00.234527 INFO] Zip: Extracting weather/USA_CA_San.Diego-Lindbergh.Field.722900_TMY3.ddy
[19:29:00.234977 INFO] Zip: Extracting weather/USA_CA_San.Diego-Lindbergh.Field.722900_TMY3.epw
[19:29:00.250104 INFO] Zip: Extracting weather/USA_CA_San.Diego-Lindbergh.Field.722900_TMY3.stat
[19:29:00.250776 INFO] Zip: Extracting weather/USA_CO_Denver.Intl.AP.725650_TMY3.ddy
[19:29:00.251281 INFO] Zip: Extracting weather/USA_CO_Denver.Intl.AP.725650_TMY3.epw
[19:29:00.261305 INFO] Zip: Extracting weather/USA_CO_Denver.Intl.AP.725650_TMY3.stat
[19:29:00.261949 INFO] Zip: Extracting weather/USA_FL_Tampa.Intl.AP.722110_TMY3.ddy
[19:29:00.262392 INFO] Zip: Extracting weather/USA_FL_Tampa.Intl.AP.722110_TMY3.epw
[19:29:00.272529 INFO] Zip: Extracting weather/USA_FL_Tampa.Intl.AP.722110_TMY3.stat
[19:29:00.273179 INFO] Zip: Extracting weather/USA_GA_Atlanta-Hartsfield-Jackson.Intl.AP.722190_TMY3.ddy
[19:29:00.273609 INFO] Zip: Extracting weather/USA_GA_Atlanta-Hartsfield-Jackson.Intl.AP.722190_TMY3.epw
[19:29:00.283609 INFO] Zip: Extracting weather/USA_GA_Atlanta-Hartsfield-Jackson.Intl.AP.722190_TMY3.stat
[19:29:00.284230 INFO] Zip: Extracting weather/USA_HI_Honolulu.Intl.AP.911820_TMY3.ddy
[19:29:00.284678 INFO] Zip: Extracting weather/USA_HI_Honolulu.Intl.AP.911820_TMY3.epw
[19:29:00.299784 INFO] Zip: Extracting weather/USA_HI_Honolulu.Intl.AP.911820_TMY3.stat
[19:29:00.301327 INFO] Zip: Extracting weather/USA_MN_International.Falls.Intl.AP.727470_TMY3.ddy
[19:29:00.301935 INFO] Zip: Extracting weather/USA_MN_International.Falls.Intl.AP.727470_TMY3.epw
[19:29:00.334599 INFO] Zip: Extracting weather/USA_MN_International.Falls.Intl.AP.727470_TMY3.stat
[19:29:00.335950 INFO] Zip: Extracting weather/USA_MN_Rochester.Intl.AP.726440_TMY3.ddy
[19:29:00.336533 INFO] Zip: Extracting weather/USA_MN_Rochester.Intl.AP.726440_TMY3.epw
[19:29:00.350264 INFO] Zip: Extracting weather/USA_MN_Rochester.Intl.AP.726440_TMY3.stat
[19:29:00.351031 INFO] Zip: Extracting weather/USA_MT_Great.Falls.Intl.AP.727750_TMY3.ddy
[19:29:00.351609 INFO] Zip: Extracting weather/USA_MT_Great.Falls.Intl.AP.727750_TMY3.epw
[19:29:00.364985 INFO] Zip: Extracting weather/USA_MT_Great.Falls.Intl.AP.727750_TMY3.stat
[19:29:00.365778 INFO] Zip: Extracting weather/USA_NM_Albuquerque.Intl.AP.723650_TMY3.ddy
[19:29:00.366347 INFO] Zip: Extracting weather/USA_NM_Albuquerque.Intl.AP.723650_TMY3.epw
[19:29:00.379672 INFO] Zip: Extracting weather/USA_NM_Albuquerque.Intl.AP.723650_TMY3.stat
[19:29:00.380513 INFO] Zip: Extracting weather/USA_NY_Buffalo-Greater.Buffalo.Intl.AP.725280_TMY3.ddy
[19:29:00.381077 INFO] Zip: Extracting weather/USA_NY_Buffalo-Greater.Buffalo.Intl.AP.725280_TMY3.epw
[19:29:00.396032 INFO] Zip: Extracting weather/USA_NY_Buffalo-Greater.Buffalo.Intl.AP.725280_TMY3.stat
[19:29:00.396955 INFO] Zip: Extracting weather/USA_NY_New.York-J.F.Kennedy.Intl.AP.744860_TMY3.ddy
[19:29:00.397513 INFO] Zip: Extracting weather/USA_NY_New.York-J.F.Kennedy.Intl.AP.744860_TMY3.epw
[19:29:00.410906 INFO] Zip: Extracting weather/USA_NY_New.York-J.F.Kennedy.Intl.AP.744860_TMY3.stat
[19:29:00.411706 INFO] Zip: Extracting weather/USA_TX_El.Paso.Intl.AP.722700_TMY3.ddy
[19:29:00.412269 INFO] Zip: Extracting weather/USA_TX_El.Paso.Intl.AP.722700_TMY3.epw
[19:29:00.426968 INFO] Zip: Extracting weather/USA_TX_El.Paso.Intl.AP.722700_TMY3.stat
[19:29:00.427868 INFO] Zip: Extracting weather/USA_WA_Port.Angeles-William.R.Fairchild.Intl.AP.727885_TMY3.ddy
[19:29:00.428502 INFO] Zip: Extracting weather/USA_WA_Port.Angeles-William.R.Fairchild.Intl.AP.727885_TMY3.epw
[19:29:00.539009 INFO] Zip: Extracting weather/USA_WA_Port.Angeles-William.R.Fairchild.Intl.AP.727885_TMY3.stat
[19:29:00.539783 INFO] Zip: Extracting weather/USA_WA_Seattle-Tacoma.Intl.AP.727930_TMY3.ddy
[19:29:00.540232 INFO] Zip: Extracting weather/USA_WA_Seattle-Tacoma.Intl.AP.727930_TMY3.epw
[19:29:00.550674 INFO] Zip: Extracting weather/USA_WA_Seattle-Tacoma.Intl.AP.727930_TMY3.stat
[19:29:00.554018 INFO] Downloading analysis.json from http://web:80/analyses/72a216d4-3a64-4cd6-8e04-b9bc3af7ff20.json
[19:29:00.611093 INFO] Checking for presence of args file at /mnt/openstudio/analysis_72a216d4-3a64-4cd6-8e04-b9bc3af7ff20/scripts/data_point/initialize.args
[19:29:00.611166 INFO] Checking for presence of script file at /mnt/openstudio/analysis_72a216d4-3a64-4cd6-8e04-b9bc3af7ff20/scripts/data_point/initialize.sh
[19:29:00.611217 INFO] Finished worker initialization
[19:29:00.611250 INFO] RestClient delete
[19:29:00.611278 INFO] delete post_count = 1
[19:29:00.624100 INFO] Downloading datapoint from http://web:80/data_points/7f166f6b-5a0d-4dfb-8ad2-766410f522da.json
[19:29:00.624157 INFO] get url post_count = 1
[19:29:00.641192 INFO] Creating Workflow Manager instance
[19:29:00.641272 INFO] Directory is /mnt/openstudio/analysis_72a216d4-3a64-4cd6-8e04-b9bc3af7ff20/data_point_7f166f6b-5a0d-4dfb-8ad2-766410f522da
[19:29:00.641342 INFO] Opening run.log file '/mnt/openstudio/analysis_72a216d4-3a64-4cd6-8e04-b9bc3af7ff20/data_point_7f166f6b-5a0d-4dfb-8ad2-766410f522da/run/run.log'
[19:29:00.641513 WARN] Error finding Oscli: OPENSTUDIO_EXE_PATH not set
[19:29:00.654622 WARN] Defaulting to fun Oscli via /usr/local/bin/openstudio
[19:29:00.654758 INFO] Returning Oscli cmd: /usr/local/bin/openstudio --bundle /var/oscli/Gemfile --bundle_path /var/oscli/gems 
[19:29:00.654938 INFO] Running workflow using cmd /usr/local/bin/openstudio --bundle /var/oscli/Gemfile --bundle_path /var/oscli/gems   run --workflow '/mnt/openstudio/analysis_72a216d4-3a64-4cd6-8e04-b9bc3af7ff20/data_point_7f166f6b-5a0d-4dfb-8ad2-766410f522da/data_point.osw'  and writing log to /mnt/openstudio/analysis_72a216d4-3a64-4cd6-8e04-b9bc3af7ff20/data_point_7f166f6b-5a0d-4dfb-8ad2-766410f522da/oscli_simulation.log
[19:29:19.477500 INFO] Oscli output: /var/oscli/gems/ruby/2.5.0/gems/openstudio-standards-0.2.11/lib/openstudio-standards/btap/btap.rb:56: warning: constant ::Fixnum is deprecated
[openstudio.standards.Model] <1> Model has been assigned a weather file, but the file is not in the specified location of 'file:////mnt/openstudio/analysis_72a216d4-3a64-4cd6-8e04-b9bc3af7ff20/weather/SAU_Riyadh.404380_IWEC.epw'.
[19:29:15.214179 WARN] Could not add loads for Plenum. Not expected for 90.1-2013
[19:29:18.974403 WARN] [openstudio.standards.Construction] Requested U-value of 0.58 for Typical Insulated Exterior Mass Wall is too low given the other materials in the construction; insulation layer will not be modified.
[19:29:18.974799 WARN] [openstudio.standards.Construction] Can only set the u-value of opaque constructions or simple glazing. U 0.60 SHGC 0.25 Dbl 2.5mm air is not opaque or simple glazing.
[19:29:18.975047 WARN] [openstudio.standards.Construction] Can only set the u-value of opaque constructions or simple glazing. U 0.65 SHGC 0.25 Dbl Ref-C-H Clr 6mm/6mm Air is not opaque or simple glazing.
[19:29:18.975139 WARN] [openstudio.standards.Construction] Requested U-value of 1.1686635536297982 for Typical Overhead Door is greater than the sum of the inside and outside resistance, and the max U-value (6.636 SI) is used instead.
[19:29:18.975305 WARN] [openstudio.standards.Construction] Can only set the u-value of opaque constructions or simple glazing. Window_U_0.75_SHGC_0.35_Skylight_Frame_Width_2.339_in is not opaque or simple glazing.
[19:29:18.975830 WARN] [openstudio.weather.Model] Could not find ground temperatures; will use generic temperatures, which will skew results.
[19:29:18.985331 ERROR] [openstudio.standards.Model] Model has been assigned a weather file, but the file is not in the specified location of 'file:////mnt/openstudio/analysis_72a216d4-3a64-4cd6-8e04-b9bc3af7ff20/weather/SAU_Riyadh.404380_IWEC.epw'.
[19:29:19.121310 ERROR] /var/oscli/gems/ruby/2.5.0/gems/openstudio-workflow-2.0.0/lib/openstudio/workflow/util/measure.rb failed with message Runner error /var/oscli/gems/ruby/2.5.0/gems/openstudio-workflow-2.0.0/lib/openstudio/workflow/util/measure.rb failed with Measure create_typical_building_from_model reported an error with ["[openstudio.standards.Model] Model has been assigned a weather file, but the file is not in the specified location of 'file:////mnt/openstudio/analysis_72a216d4-3a64-4cd6-8e04-b9bc3af7ff20/weather/SAU_Riyadh.404380_IWEC.epw'."], /var/oscli/gems/ruby/2.5.0/gems/openstudio-workflow-2.0.0/lib/openstudio/workflow/util/measure.rb:560:in `apply_measure'
/var/oscli/gems/ruby/2.5.0/gems/openstudio-workflow-2.0.0/lib/openstudio/workflow/util/measure.rb:109:in `block in apply_measures'
/var/oscli/gems/ruby/2.5.0/gems/openstudio-workflow-2.0.0/lib/openstudio/workflow/util/measure.rb:67:in `each_index'
/var/oscli/gems/ruby/2.5.0/gems/openstudio-workflow-2.0.0/lib/openstudio/workflow/util/measure.rb:67:in `apply_measures'
/var/oscli/gems/ruby/2.5.0/gems/openstudio-workflow-2.0.0/lib/openstudio/workflow/jobs/run_os_measures.rb:70:in `perform'
/var/oscli/gems/ruby/2.5.0/gems/openstudio-workflow-2.0.0/lib/openstudio/workflow/run.rb:292:in `step'
/var/oscli/gems/ruby/2.5.0/gems/openstudio-workflow-2.0.0/lib/openstudio/workflow/run.rb:234:in `run'
:/openstudio_cli.rb:960:in `execute'
:/openstudio_cli.rb:750:in `execute'
:/openstudio_cli.rb:1744:in `<main>'
eval:174:in `eval'
eval:174:in `require_embedded_absolute'
eval:160:in `block in require_embedded'
eval:154:in `each'
eval:154:in `require_embedded'
eval:113:in `require'
eval:3:in `<main>' in /var/oscli/gems/ruby/2.5.0/gems/openstudio-workflow-2.0.0/lib/openstudio/workflow/util/measure.rb:598:in `rescue in apply_measure'
/var/oscli/gems/ruby/2.5.0/gems/openstudio-workflow-2.0.0/lib/openstudio/workflow/util/measure.rb:548:in `apply_measure'
/var/oscli/gems/ruby/2.5.0/gems/openstudio-workflow-2.0.0/lib/openstudio/workflow/util/measure.rb:109:in `block in apply_measures'
/var/oscli/gems/ruby/2.5.0/gems/openstudio-workflow-2.0.0/lib/openstudio/workflow/util/measure.rb:67:in `each_index'
/var/oscli/gems/ruby/2.5.0/gems/openstudio-workflow-2.0.0/lib/openstudio/workflow/util/measure.rb:67:in `apply_measures'
/var/oscli/gems/ruby/2.5.0/gems/openstudio-workflow-2.0.0/lib/openstudio/workflow/jobs/run_os_measures.rb:70:in `perform'
/var/oscli/gems/ruby/2.5.0/gems/openstudio-workflow-2.0.0/lib/openstudio/workflow/run.rb:292:in `step'
/var/oscli/gems/ruby/2.5.0/gems/openstudio-workflow-2.0.0/lib/openstudio/workflow/run.rb:234:in `run'
:/openstudio_cli.rb:960:in `execute'
:/openstudio_cli.rb:750:in `execute'
:/openstudio_cli.rb:1744:in `<main>'
eval:174:in `eval'
eval:174:in `require_embedded_absolute'
eval:160:in `block in require_embedded'
eval:154:in `each'
eval:154:in `require_embedded'
eval:113:in `require'
eval:3:in `<main>'
[19:29:19.122651 ERROR] Found error in state 'os_measures' with message ["/var/oscli/gems/ruby/2.5.0/gems/openstudio-workflow-2.0.0/lib/openstudio/workflow/util/measure.rb failed with message Runner error /var/oscli/gems/ruby/2.5.0/gems/openstudio-workflow-2.0.0/lib/openstudio/workflow/util/measure.rb failed with Measure create_typical_building_from_model reported an error with [\"[openstudio.standards.Model] Model has been assigned a weather file, but the file is not in the specified location of 'file:////mnt/openstudio/analysis_72a216d4-3a64-4cd6-8e04-b9bc3af7ff20/weather/SAU_Riyadh.404380_IWEC.epw'.\"], /var/oscli/gems/ruby/2.5.0/gems/openstudio-workflow-2.0.0/lib/openstudio/workflow/util/measure.rb:560:in `apply_measure'\n/var/oscli/gems/ruby/2.5.0/gems/openstudio-workflow-2.0.0/lib/openstudio/workflow/util/measure.rb:109:in `block in apply_measures'\n/var/oscli/gems/ruby/2.5.0/gems/openstudio-workflow-2.0.0/lib/openstudio/workflow/util/measure.rb:67:in `each_index'\n/var/oscli/gems/ruby/2.5.0/gems/openstudio-workflow-2.0.0/lib/openstudio/workflow/util/measure.rb:67:in `apply_measures'\n/var/oscli/gems/ruby/2.5.0/gems/openstudio-workflow-2.0.0/lib/openstudio/workflow/jobs/run_os_measures.rb:70:in `perform'\n/var/oscli/gems/ruby/2.5.0/gems/openstudio-workflow-2.0.0/lib/openstudio/workflow/run.rb:292:in `step'\n/var/oscli/gems/ruby/2.5.0/gems/openstudio-workflow-2.0.0/lib/openstudio/workflow/run.rb:234:in `run'\n:/openstudio_cli.rb:960:in `execute'\n:/openstudio_cli.rb:750:in `execute'\n:/openstudio_cli.rb:1744:in `<main>'\neval:174:in `eval'\neval:174:in `require_embedded_absolute'\neval:160:in `block in require_embedded'\neval:154:in `each'\neval:154:in `require_embedded'\neval:113:in `require'\neval:3:in `<main>' in /var/oscli/gems/ruby/2.5.0/gems/openstudio-workflow-2.0.0/lib/openstudio/workflow/util/measure.rb:598:in `rescue in apply_measure'\n/var/oscli/gems/ruby/2.5.0/gems/openstudio-workflow-2.0.0/lib/openstudio/workflow/util/measure.rb:548:in `apply_measure'\n/var/oscli/gems/ruby/2.5.0/gems/openstudio-workflow-2.0.0/lib/openstudio/workflow/util/measure.rb:109:in `block in apply_measures'\n/var/oscli/gems/ruby/2.5.0/gems/openstudio-workflow-2.0.0/lib/openstudio/workflow/util/measure.rb:67:in `each_index'\n/var/oscli/gems/ruby/2.5.0/gems/openstudio-workflow-2.0.0/lib/openstudio/workflow/util/measure.rb:67:in `apply_measures'\n/var/oscli/gems/ruby/2.5.0/gems/openstudio-workflow-2.0.0/lib/openstudio/workflow/jobs/run_os_measures.rb:70:in `perform'\n/var/oscli/gems/ruby/2.5.0/gems/openstudio-workflow-2.0.0/lib/openstudio/workflow/run.rb:292:in `step'\n/var/oscli/gems/ruby/2.5.0/gems/openstudio-workflow-2.0.0/lib/openstudio/workflow/run.rb:234:in `run'\n:/openstudio_cli.rb:960:in `execute'\n:/openstudio_cli.rb:750:in `execute'\n:/openstudio_cli.rb:1744:in `<main>'\neval:174:in `eval'\neval:174:in `require_embedded_absolute'\neval:160:in `block in require_embedded'\neval:154:in `each'\neval:154:in `require_embedded'\neval:113:in `require'\neval:3:in `<main>':/var/oscli/gems/ruby/2.5.0/gems/openstudio-workflow-2.0.0/lib/openstudio/workflow/util/measure.rb:647:in `rescue in apply_measure'\n/var/oscli/gems/ruby/2.5.0/gems/openstudio-workflow-2.0.0/lib/openstudio/workflow/util/measure.rb:305:in `apply_measure'\n/var/oscli/gems/ruby/2.5.0/gems/openstudio-workflow-2.0.0/lib/openstudio/workflow/util/measure.rb:109:in `block in apply_measures'\n/var/oscli/gems/ruby/2.5.0/gems/openstudio-workflow-2.0.0/lib/openstudio/workflow/util/measure.rb:67:in `each_index'\n/var/oscli/gems/ruby/2.5.0/gems/openstudio-workflow-2.0.0/lib/openstudio/workflow/util/measure.rb:67:in `apply_measures'\n/var/oscli/gems/ruby/2.5.0/gems/openstudio-workflow-2.0.0/lib/openstudio/workflow/jobs/run_os_measures.rb:70:in `perform'\n/var/oscli/gems/ruby/2.5.0/gems/openstudio-workflow-2.0.0/lib/openstudio/workflow/run.rb:292:in `step'\n/var/oscli/gems/ruby/2.5.0/gems/openstudio-workflow-2.0.0/lib/openstudio/workflow/run.rb:234:in `run'\n:/openstudio_cli.rb:960:in `execute'\n:/openstudio_cli.rb:750:in `execute'\n:/openstudio_cli.rb:1744:in `<main>'\neval:174:in `eval'\neval:174:in `require_embedded_absolute'\neval:160:in `block in require_embedded'\neval:154:in `each'\neval:154:in `require_embedded'\neval:113:in `require'\neval:3:in `<main>'"]}

[19:29:19.478771 ERROR] Could not find results /mnt/openstudio/analysis_72a216d4-3a64-4cd6-8e04-b9bc3af7ff20/data_point_7f166f6b-5a0d-4dfb-8ad2-766410f522da/run/measure_attributes.json
[19:29:19.478868 INFO] Saving files/reports back to the server
[19:29:19.479200 INFO] Saving report /mnt/openstudio/analysis_72a216d4-3a64-4cd6-8e04-b9bc3af7ff20/data_point_7f166f6b-5a0d-4dfb-8ad2-766410f522da/out.osw to http://web:80/data_points/7f166f6b-5a0d-4dfb-8ad2-766410f522da/upload_file
[19:29:19.750794 INFO] Saving report responded with {"id":"5efb928fce5ea001352be9aa","data_point_id":"7f166f6b-5a0d-4dfb-8ad2-766410f522da","display_name":"Final OSW File","type":"Report","created_at":"2020-06-30T19:29:19.612Z","updated_at":"2020-06-30T19:29:19.612Z"}
[19:29:19.751171 INFO] Saving report /mnt/openstudio/analysis_72a216d4-3a64-4cd6-8e04-b9bc3af7ff20/data_point_7f166f6b-5a0d-4dfb-8ad2-766410f522da/run/data_point.zip to http://web:80/data_points/7f166f6b-5a0d-4dfb-8ad2-766410f522da/upload_file
[19:29:19.801298 INFO] Saving report responded with {"id":"5efb928fce5ea001352be9ab","data_point_id":"7f166f6b-5a0d-4dfb-8ad2-766410f522da","display_name":"Zip File","type":"Data Point","created_at":"2020-06-30T19:29:19.776Z","updated_at":"2020-06-30T19:29:19.776Z"}
[19:29:19.801603 INFO] Checking for presence of args file at /mnt/openstudio/analysis_72a216d4-3a64-4cd6-8e04-b9bc3af7ff20/scripts/data_point/finalize.args
[19:29:19.801666 INFO] Checking for presence of script file at /mnt/openstudio/analysis_72a216d4-3a64-4cd6-8e04-b9bc3af7ff20/scripts/data_point/finalize.sh
[19:29:19.806146 INFO] Finished /opt/openstudio/server/app/jobs/dj_jobs/run_simulate_data_point.rb
