# Logfile created on 2020-06-30 19:29:01 +0000 by logger.rb/61378
[19:29:01.122587 INFO] Server host is http://web:80
[19:29:01.122713 INFO] Analysis directory is /mnt/openstudio/analysis_72a216d4-3a64-4cd6-8e04-b9bc3af7ff20
[19:29:01.122783 INFO] Simulation directory is /mnt/openstudio/analysis_72a216d4-3a64-4cd6-8e04-b9bc3af7ff20/data_point_0b514467-6a06-4594-bfbe-3bcecfc9bf2c
[19:29:01.122825 INFO] Run datapoint type/file is 
[19:29:01.122966 INFO] Starting initialize_worker for datapoint 0b514467-6a06-4594-bfbe-3bcecfc9bf2c
[19:29:01.123425 INFO] Downloading analysis zip from http://web:80/analyses/72a216d4-3a64-4cd6-8e04-b9bc3af7ff20/download_analysis_zip
[19:29:04.510304 INFO] Extracting analysis zip to /mnt/openstudio/analysis_72a216d4-3a64-4cd6-8e04-b9bc3af7ff20
[19:29:04.522259 INFO] Zip: Extracting lib/resources/ASHRAE_zone12_Spec.idf
[19:29:04.523388 INFO] Zip: Extracting lib/resources/ASHRAE_zone3_Spec.idf
[19:29:04.523830 INFO] Zip: Extracting lib/resources/ASHRAE_zone456_Spec.idf
[19:29:04.524316 INFO] Zip: Extracting lib/resources/ASHRAE_zone78_Spec.idf
[19:29:04.524935 INFO] Zip: Extracting lib/resources/GlzSys19_13F-air-9_Spec.idf
[19:29:04.526283 INFO] Zip: Extracting lib/resources/GlzSys20_14F-air-3000_Spec.idf
[19:29:04.527805 INFO] Zip: Extracting lib/resources/GlzSys21_13F-air-3000_Spec.idf
[19:29:04.529241 INFO] Zip: Extracting lib/resources/GlzSys_10-air-9_Spec.idf
[19:29:04.533217 INFO] Zip: Extracting lib/resources/GlzSys_10F-air-3000_Spec.idf
[19:29:04.534403 INFO] Zip: Extracting lib/resources/GlzSys_11F-air-3000_Spec.idf
[19:29:04.535419 INFO] Zip: Extracting lib/resources/GlzSys_16095-air-3000_Spec.idf
[19:29:04.536473 INFO] Zip: Extracting lib/resources/GlzSys_16095-air-9_Spec.idf
[19:29:04.537498 INFO] Zip: Extracting lib/resources/GlzSys_6374-air-3000_Spec.idf
[19:29:04.538650 INFO] Zip: Extracting lib/resources/GlzSys_Dark_PV_Spec.idf
[19:29:04.539528 INFO] Zip: Extracting lib/resources/GlzSys_Light_PV_Spec.idf
[19:29:04.540397 INFO] Zip: Extracting lib/resources/GlzSys_Thermochromic_30C.idf
[19:29:04.541419 INFO] Zip: Extracting lib/resources/GlzSys_Thermochromic_35C.idf
[19:29:04.542422 INFO] Zip: Extracting lib/resources/GlzSys_Thermochromic_40C.idf
[19:29:04.543202 INFO] Zip: Extracting lib/resources/SG_zone12_Spec.idf
[19:29:04.543984 INFO] Zip: Extracting lib/resources/SG_zone3_Spec.idf
[19:29:04.544770 INFO] Zip: Extracting lib/resources/SG_zone456_Spec.idf
[19:29:04.545829 INFO] Zip: Extracting lib/resources/SG_zone78_Spec.idf
[19:29:04.546924 INFO] Zip: Extracting lib/resources/Window_PV_No_frame_Spec_Spec.idf
[19:29:04.547586 INFO] Zip: Extracting lib/resources/Window_PV_frame_Spec.idf
[19:29:04.548217 INFO] Zip: Extracting measures/AddMeter/
[19:29:04.548421 INFO] Zip: Extracting measures/AddMeter/LICENSE.md
[19:29:04.548760 INFO] Zip: Extracting measures/AddMeter/New folder/
[19:29:04.548894 INFO] Zip: Extracting measures/AddMeter/README.md
[19:29:04.549226 INFO] Zip: Extracting measures/AddMeter/README.md.erb
[19:29:04.549560 INFO] Zip: Extracting measures/AddMeter/measure.rb
[19:29:04.549936 INFO] Zip: Extracting measures/AddMeter/measure.xml
[19:29:04.550302 INFO] Zip: Extracting measures/AddMeter/tests/
[19:29:04.550446 INFO] Zip: Extracting measures/AddMeter/tests/AddMeter_Test.rb
[19:29:04.550883 INFO] Zip: Extracting measures/AddOutputVariable/
[19:29:04.551025 INFO] Zip: Extracting measures/AddOutputVariable/LICENSE.md
[19:29:04.551418 INFO] Zip: Extracting measures/AddOutputVariable/README.md
[19:29:04.552343 INFO] Zip: Extracting measures/AddOutputVariable/README.md.erb
[19:29:04.552841 INFO] Zip: Extracting measures/AddOutputVariable/measure.rb
[19:29:04.553286 INFO] Zip: Extracting measures/AddOutputVariable/measure.xml
[19:29:04.553703 INFO] Zip: Extracting measures/AddOutputVariable/tests/
[19:29:04.553847 INFO] Zip: Extracting measures/AddOutputVariable/tests/AddOutputVariable_Test.rb
[19:29:04.554266 INFO] Zip: Extracting measures/ChangeBuildingLocation/
[19:29:04.554398 INFO] Zip: Extracting measures/ChangeBuildingLocation/LICENSE.md
[19:29:04.554786 INFO] Zip: Extracting measures/ChangeBuildingLocation/README.md
[19:29:04.555192 INFO] Zip: Extracting measures/ChangeBuildingLocation/README.md.erb
[19:29:04.555581 INFO] Zip: Extracting measures/ChangeBuildingLocation/measure.rb
[19:29:04.556090 INFO] Zip: Extracting measures/ChangeBuildingLocation/measure.xml
[19:29:04.556559 INFO] Zip: Extracting measures/ChangeBuildingLocation/resources/
[19:29:04.556725 INFO] Zip: Extracting measures/ChangeBuildingLocation/resources/epw.rb
[19:29:04.557183 INFO] Zip: Extracting measures/ChangeBuildingLocation/resources/os_lib_helper_methods.rb
[19:29:04.557691 INFO] Zip: Extracting measures/ChangeBuildingLocation/resources/stat_file.rb
[19:29:04.558134 INFO] Zip: Extracting measures/ChangeBuildingLocation/tests/
[19:29:04.558270 INFO] Zip: Extracting measures/ChangeBuildingLocation/tests/USA_MA_Boston-Logan.Intl.AP.725090_TMY3.ddy
[19:29:04.558805 INFO] Zip: Extracting measures/ChangeBuildingLocation/tests/USA_MA_Boston-Logan.Intl.AP.725090_TMY3.epw
[19:29:04.572907 INFO] Zip: Extracting measures/ChangeBuildingLocation/tests/USA_MA_Boston-Logan.Intl.AP.725090_TMY3.stat
[19:29:04.573754 INFO] Zip: Extracting measures/ChangeBuildingLocation/tests/USA_WA_Renton.Muni.AP.727934_TMY3.ddy
[19:29:04.574151 INFO] Zip: Extracting measures/ChangeBuildingLocation/tests/USA_WA_Renton.Muni.AP.727934_TMY3.epw
[19:29:04.588210 INFO] Zip: Extracting measures/ChangeBuildingLocation/tests/USA_WA_Renton.Muni.AP.727934_TMY3.stat
[19:29:04.589033 INFO] Zip: Extracting measures/ChangeBuildingLocation/tests/another_weather_file.ddy
[19:29:04.589577 INFO] Zip: Extracting measures/ChangeBuildingLocation/tests/another_weather_file.epw
[19:29:04.723866 INFO] Zip: Extracting measures/ChangeBuildingLocation/tests/another_weather_file.stat
[19:29:04.724604 INFO] Zip: Extracting measures/ChangeBuildingLocation/tests/change_building_location_test.rb
[19:29:04.724992 INFO] Zip: Extracting measures/ChangeBuildingLocation/tests/multiyear.ddy
[19:29:04.725462 INFO] Zip: Extracting measures/ChangeBuildingLocation/tests/multiyear.epw
[19:29:04.725803 INFO] Zip: Extracting measures/ChangeBuildingLocation/tests/multiyear.stat
[19:29:04.726337 INFO] Zip: Extracting measures/ChangeBuildingLocation/tests/test.osm
[19:29:04.729068 INFO] Zip: Extracting measures/ChangeBuildingLocation/tests/test.osw
[19:29:04.729828 INFO] Zip: Extracting measures/ServerDirectoryCleanup/
[19:29:04.729974 INFO] Zip: Extracting measures/ServerDirectoryCleanup/LICENSE.md
[19:29:04.730311 INFO] Zip: Extracting measures/ServerDirectoryCleanup/measure.rb
[19:29:04.730661 INFO] Zip: Extracting measures/ServerDirectoryCleanup/measure.xml
[19:29:04.731022 INFO] Zip: Extracting measures/ServerDirectoryCleanup/tests/
[19:29:04.731169 INFO] Zip: Extracting measures/ServerDirectoryCleanup/tests/ServerDirectoryCleanup_test.rb
[19:29:04.731522 INFO] Zip: Extracting measures/ServerDirectoryCleanup/tests/USA_CO_Golden-NREL.724666_TMY3.epw
[19:29:04.741025 INFO] Zip: Extracting measures/ServerDirectoryCleanup/tests/example_model.osm
[19:29:04.742292 INFO] Zip: Extracting measures/WindowPV_reporting/
[19:29:04.742479 INFO] Zip: Extracting measures/WindowPV_reporting/measure.rb
[19:29:04.742959 INFO] Zip: Extracting measures/WindowPV_reporting/measure.xml
[19:29:04.743327 INFO] Zip: Extracting measures/WindowPV_reporting/resources/
[19:29:04.743465 INFO] Zip: Extracting measures/WindowPV_reporting/resources/os_lib_helper_methods.rb
[19:29:04.743831 INFO] Zip: Extracting measures/WindowPV_reporting/resources/report.html.in
[19:29:04.744137 INFO] Zip: Extracting measures/WindowPV_reporting/tests/
[19:29:04.744270 INFO] Zip: Extracting measures/WindowPV_reporting/tests/USA_CO_Golden-NREL.724666_TMY3.epw
[19:29:04.885848 INFO] Zip: Extracting measures/WindowPV_reporting/tests/example_model.osm
[19:29:04.887618 INFO] Zip: Extracting measures/WindowPV_reporting/tests/ubi_qd_reporting_test.rb
[19:29:04.888286 INFO] Zip: Extracting measures/a_inject_window_specific_idf_objects/
[19:29:04.888535 INFO] Zip: Extracting measures/a_inject_window_specific_idf_objects/LICENSE.md
[19:29:04.888999 INFO] Zip: Extracting measures/a_inject_window_specific_idf_objects/measure.rb
[19:29:04.889596 INFO] Zip: Extracting measures/a_inject_window_specific_idf_objects/measure.xml
[19:29:04.890117 INFO] Zip: Extracting measures/a_inject_window_specific_idf_objects/tests/
[19:29:04.890328 INFO] Zip: Extracting measures/a_inject_window_specific_idf_objects/tests/EnvelopeAndLoadTestModel_01.osm
[19:29:04.896190 INFO] Zip: Extracting measures/a_inject_window_specific_idf_objects/tests/Example B - BlockEnergyCharge.idf
[19:29:04.896848 INFO] Zip: Extracting measures/a_inject_window_specific_idf_objects/tests/measure_Test.rb
[19:29:04.897308 INFO] Zip: Extracting measures/a_inject_window_specific_idf_objects/tests/test.osw
[19:29:04.898143 INFO] Zip: Extracting measures/add_thermochromic_bipv/
[19:29:04.898350 INFO] Zip: Extracting measures/add_thermochromic_bipv/measure.rb
[19:29:04.898916 INFO] Zip: Extracting measures/add_thermochromic_bipv/measure.xml
[19:29:04.899430 INFO] Zip: Extracting measures/add_thermochromic_bipv/resources/
[19:29:04.899622 INFO] Zip: Extracting measures/add_thermochromic_bipv/resources/HVACSizing.Model.rb
[19:29:04.900209 INFO] Zip: Extracting measures/add_thermochromic_bipv/resources/Standards.Construction.rb
[19:29:04.900693 INFO] Zip: Extracting measures/add_thermochromic_bipv/resources/os_lib_helper_methods.rb
[19:29:04.901202 INFO] Zip: Extracting measures/add_thermochromic_bipv/resources/os_lib_schedules.rb
[19:29:04.901904 INFO] Zip: Extracting measures/create_bar_from_building_type_ratios/
[19:29:04.902108 INFO] Zip: Extracting measures/create_bar_from_building_type_ratios/LICENSE.md
[19:29:04.902562 INFO] Zip: Extracting measures/create_bar_from_building_type_ratios/README.md
[19:29:04.903051 INFO] Zip: Extracting measures/create_bar_from_building_type_ratios/README.md.erb
[19:29:04.903473 INFO] Zip: Extracting measures/create_bar_from_building_type_ratios/measure.rb
[19:29:04.904220 INFO] Zip: Extracting measures/create_bar_from_building_type_ratios/measure.xml
[19:29:04.904804 INFO] Zip: Extracting measures/create_bar_from_building_type_ratios/resources/
[19:29:04.905023 INFO] Zip: Extracting measures/create_bar_from_building_type_ratios/resources/os_lib_geometry.rb
[19:29:04.905808 INFO] Zip: Extracting measures/create_bar_from_building_type_ratios/resources/os_lib_helper_methods.rb
[19:29:04.906381 INFO] Zip: Extracting measures/create_bar_from_building_type_ratios/resources/os_lib_model_generation.rb
[19:29:04.907117 INFO] Zip: Extracting measures/create_bar_from_building_type_ratios/resources/os_lib_model_simplification.rb
[19:29:04.907926 INFO] Zip: Extracting measures/create_bar_from_building_type_ratios/tests/
[19:29:04.908136 INFO] Zip: Extracting measures/create_bar_from_building_type_ratios/tests/create_bar_from_building_type_ratios_test.rb
[19:29:04.908702 INFO] Zip: Extracting measures/create_bar_from_building_type_ratios/tests/example_model.osm
[19:29:04.911630 INFO] Zip: Extracting measures/create_typical_building_from_model/
[19:29:04.911974 INFO] Zip: Extracting measures/create_typical_building_from_model/LICENSE.md
[19:29:04.912566 INFO] Zip: Extracting measures/create_typical_building_from_model/README.md
[19:29:04.913068 INFO] Zip: Extracting measures/create_typical_building_from_model/README.md.erb
[19:29:04.913492 INFO] Zip: Extracting measures/create_typical_building_from_model/measure.rb
[19:29:04.914235 INFO] Zip: Extracting measures/create_typical_building_from_model/measure.xml
[19:29:04.914847 INFO] Zip: Extracting measures/create_typical_building_from_model/resources/
[19:29:04.915055 INFO] Zip: Extracting measures/create_typical_building_from_model/resources/Model.hvac.rb
[19:29:04.915604 INFO] Zip: Extracting measures/create_typical_building_from_model/resources/os_lib_helper_methods.rb
[19:29:04.916169 INFO] Zip: Extracting measures/create_typical_building_from_model/resources/os_lib_model_generation.rb
[19:29:04.916928 INFO] Zip: Extracting measures/create_typical_building_from_model/tests/
[19:29:04.917159 INFO] Zip: Extracting measures/create_typical_building_from_model/tests/GenericGbxml.osm
[19:29:04.920281 INFO] Zip: Extracting measures/create_typical_building_from_model/tests/LargeOffice04.osm
[19:29:04.937270 INFO] Zip: Extracting measures/create_typical_building_from_model/tests/MidriseApartment.osm
[19:29:04.949389 INFO] Zip: Extracting measures/create_typical_building_from_model/tests/SmallOffice.osm
[19:29:04.952203 INFO] Zip: Extracting measures/create_typical_building_from_model/tests/USA_TX_Houston-Bush.Intercontinental.AP.722430_TMY3.epw
[19:29:04.973029 INFO] Zip: Extracting measures/create_typical_building_from_model/tests/create_typical_building_from_model_test.rb
[19:29:04.973914 INFO] Zip: Extracting measures/create_typical_building_from_model/tests/test.osw
[19:29:04.974768 INFO] Zip: Extracting measures/create_typical_building_from_model/tests/test_hvac.rb
[19:29:04.975258 INFO] Zip: Extracting measures/export_variableto_csv_variables_for_bipvpce/
[19:29:04.975453 INFO] Zip: Extracting measures/export_variableto_csv_variables_for_bipvpce/measure.rb
[19:29:04.975954 INFO] Zip: Extracting measures/export_variableto_csv_variables_for_bipvpce/measure.xml
[19:29:04.976604 INFO] Zip: Extracting measures/export_variableto_csv_variables_for_bipvpce/resources/
[19:29:04.976785 INFO] Zip: Extracting measures/export_variableto_csv_variables_for_bipvpce/resources/report.html.in
[19:29:04.977721 INFO] Zip: Extracting measures/export_variableto_csv_variables_for_bipvpce/tests/
[19:29:04.977937 INFO] Zip: Extracting measures/export_variableto_csv_variables_for_bipvpce/tests/ExportVariabletoCSV_test.rb
[19:29:04.978449 INFO] Zip: Extracting measures/export_variableto_csv_variables_for_bipvpce/tests/example_model.osm
[19:29:04.980153 INFO] Zip: Extracting measures/inject_idf_window_objects/
[19:29:04.980457 INFO] Zip: Extracting measures/inject_idf_window_objects/LICENSE.md
[19:29:04.981007 INFO] Zip: Extracting measures/inject_idf_window_objects/measure.rb
[19:29:04.981612 INFO] Zip: Extracting measures/inject_idf_window_objects/measure.xml
[19:29:04.982139 INFO] Zip: Extracting measures/inject_idf_window_objects/tests/
[19:29:04.982359 INFO] Zip: Extracting measures/inject_idf_window_objects/tests/EnvelopeAndLoadTestModel_01.osm
[19:29:04.988412 INFO] Zip: Extracting measures/inject_idf_window_objects/tests/Example B - BlockEnergyCharge.idf
[19:29:04.989124 INFO] Zip: Extracting measures/inject_idf_window_objects/tests/measure_Test.rb
[19:29:04.989611 INFO] Zip: Extracting measures/inject_idf_window_objects/tests/test.osw
[19:29:04.990507 INFO] Zip: Extracting seeds/switchglaze/
[19:29:04.990752 INFO] Zip: Extracting seeds/switchglaze.osm
[19:29:04.997896 INFO] Zip: Extracting seeds/switchglaze/files/
[19:29:04.998275 INFO] Zip: Extracting seeds/switchglaze/measures/
[19:29:04.998506 INFO] Zip: Extracting seeds/switchglaze/run/
[19:29:04.998720 INFO] Zip: Extracting seeds/switchglaze/workflow.osw
[19:29:04.999410 INFO] Zip: Extracting weather/DEU_Hamburg.101470_IWEC.ddy
[19:29:05.000260 INFO] Zip: Extracting weather/DEU_Hamburg.101470_IWEC.epw
[19:29:05.020133 INFO] Zip: Extracting weather/DEU_Hamburg.101470_IWEC.stat
[19:29:05.021381 INFO] Zip: Extracting weather/JPN_Tokyo.Hyakuri.477150_IWEC.ddy
[19:29:05.022252 INFO] Zip: Extracting weather/JPN_Tokyo.Hyakuri.477150_IWEC.epw
[19:29:05.045619 INFO] Zip: Extracting weather/JPN_Tokyo.Hyakuri.477150_IWEC.stat
[19:29:05.046831 INFO] Zip: Extracting weather/SAU_Riyadh.404380_IWEC.ddy
[19:29:05.047699 INFO] Zip: Extracting weather/SAU_Riyadh.404380_IWEC.epw
[19:29:05.067848 INFO] Zip: Extracting weather/SAU_Riyadh.404380_IWEC.stat
[19:29:05.069119 INFO] Zip: Extracting weather/SGP_Singapore.486980_IWEC.ddy
[19:29:05.069988 INFO] Zip: Extracting weather/SGP_Singapore.486980_IWEC.epw
[19:29:05.322829 INFO] Zip: Extracting weather/SGP_Singapore.486980_IWEC.stat
[19:29:05.324959 INFO] Zip: Extracting weather/USA_AK_Fairbanks.Intl.AP.702610_TMY3.ddy
[19:29:05.326111 INFO] Zip: Extracting weather/USA_AK_Fairbanks.Intl.AP.702610_TMY3.epw
[19:29:05.355963 INFO] Zip: Extracting weather/USA_AK_Fairbanks.Intl.AP.702610_TMY3.stat
[19:29:05.357613 INFO] Zip: Extracting weather/USA_AZ_Tucson.Intl.AP.722740_TMY3.ddy
[19:29:05.358888 INFO] Zip: Extracting weather/USA_AZ_Tucson.Intl.AP.722740_TMY3.epw
[19:29:05.388773 INFO] Zip: Extracting weather/USA_AZ_Tucson.Intl.AP.722740_TMY3.stat
[19:29:05.390175 INFO] Zip: Extracting weather/USA_CA_San.Diego-Lindbergh.Field.722900_TMY3.ddy
[19:29:05.391255 INFO] Zip: Extracting weather/USA_CA_San.Diego-Lindbergh.Field.722900_TMY3.epw
[19:29:05.575186 INFO] Zip: Extracting weather/USA_CA_San.Diego-Lindbergh.Field.722900_TMY3.stat
[19:29:05.576161 INFO] Zip: Extracting weather/USA_CO_Denver.Intl.AP.725650_TMY3.ddy
[19:29:05.576866 INFO] Zip: Extracting weather/USA_CO_Denver.Intl.AP.725650_TMY3.epw
[19:29:05.594741 INFO] Zip: Extracting weather/USA_CO_Denver.Intl.AP.725650_TMY3.stat
[19:29:05.595749 INFO] Zip: Extracting weather/USA_FL_Tampa.Intl.AP.722110_TMY3.ddy
[19:29:05.596443 INFO] Zip: Extracting weather/USA_FL_Tampa.Intl.AP.722110_TMY3.epw
[19:29:05.611961 INFO] Zip: Extracting weather/USA_FL_Tampa.Intl.AP.722110_TMY3.stat
[19:29:05.613403 INFO] Zip: Extracting weather/USA_GA_Atlanta-Hartsfield-Jackson.Intl.AP.722190_TMY3.ddy
[19:29:05.614073 INFO] Zip: Extracting weather/USA_GA_Atlanta-Hartsfield-Jackson.Intl.AP.722190_TMY3.epw
[19:29:05.642528 INFO] Zip: Extracting weather/USA_GA_Atlanta-Hartsfield-Jackson.Intl.AP.722190_TMY3.stat
[19:29:05.643880 INFO] Zip: Extracting weather/USA_HI_Honolulu.Intl.AP.911820_TMY3.ddy
[19:29:05.644523 INFO] Zip: Extracting weather/USA_HI_Honolulu.Intl.AP.911820_TMY3.epw
[19:29:05.657746 INFO] Zip: Extracting weather/USA_HI_Honolulu.Intl.AP.911820_TMY3.stat
[19:29:05.658685 INFO] Zip: Extracting weather/USA_MN_International.Falls.Intl.AP.727470_TMY3.ddy
[19:29:05.659222 INFO] Zip: Extracting weather/USA_MN_International.Falls.Intl.AP.727470_TMY3.epw
[19:29:05.677057 INFO] Zip: Extracting weather/USA_MN_International.Falls.Intl.AP.727470_TMY3.stat
[19:29:05.678054 INFO] Zip: Extracting weather/USA_MN_Rochester.Intl.AP.726440_TMY3.ddy
[19:29:05.678655 INFO] Zip: Extracting weather/USA_MN_Rochester.Intl.AP.726440_TMY3.epw
[19:29:05.701873 INFO] Zip: Extracting weather/USA_MN_Rochester.Intl.AP.726440_TMY3.stat
[19:29:05.703156 INFO] Zip: Extracting weather/USA_MT_Great.Falls.Intl.AP.727750_TMY3.ddy
[19:29:05.704132 INFO] Zip: Extracting weather/USA_MT_Great.Falls.Intl.AP.727750_TMY3.epw
[19:29:05.732302 INFO] Zip: Extracting weather/USA_MT_Great.Falls.Intl.AP.727750_TMY3.stat
[19:29:05.733664 INFO] Zip: Extracting weather/USA_NM_Albuquerque.Intl.AP.723650_TMY3.ddy
[19:29:05.734622 INFO] Zip: Extracting weather/USA_NM_Albuquerque.Intl.AP.723650_TMY3.epw
[19:29:05.755247 INFO] Zip: Extracting weather/USA_NM_Albuquerque.Intl.AP.723650_TMY3.stat
[19:29:05.756400 INFO] Zip: Extracting weather/USA_NY_Buffalo-Greater.Buffalo.Intl.AP.725280_TMY3.ddy
[19:29:05.757013 INFO] Zip: Extracting weather/USA_NY_Buffalo-Greater.Buffalo.Intl.AP.725280_TMY3.epw
[19:29:05.770879 INFO] Zip: Extracting weather/USA_NY_Buffalo-Greater.Buffalo.Intl.AP.725280_TMY3.stat
[19:29:05.771810 INFO] Zip: Extracting weather/USA_NY_New.York-J.F.Kennedy.Intl.AP.744860_TMY3.ddy
[19:29:05.772346 INFO] Zip: Extracting weather/USA_NY_New.York-J.F.Kennedy.Intl.AP.744860_TMY3.epw
[19:29:05.785582 INFO] Zip: Extracting weather/USA_NY_New.York-J.F.Kennedy.Intl.AP.744860_TMY3.stat
[19:29:05.786890 INFO] Zip: Extracting weather/USA_TX_El.Paso.Intl.AP.722700_TMY3.ddy
[19:29:05.787461 INFO] Zip: Extracting weather/USA_TX_El.Paso.Intl.AP.722700_TMY3.epw
[19:29:05.801459 INFO] Zip: Extracting weather/USA_TX_El.Paso.Intl.AP.722700_TMY3.stat
[19:29:05.802484 INFO] Zip: Extracting weather/USA_WA_Port.Angeles-William.R.Fairchild.Intl.AP.727885_TMY3.ddy
[19:29:05.803032 INFO] Zip: Extracting weather/USA_WA_Port.Angeles-William.R.Fairchild.Intl.AP.727885_TMY3.epw
[19:29:05.822508 INFO] Zip: Extracting weather/USA_WA_Port.Angeles-William.R.Fairchild.Intl.AP.727885_TMY3.stat
[19:29:05.823958 INFO] Zip: Extracting weather/USA_WA_Seattle-Tacoma.Intl.AP.727930_TMY3.ddy
[19:29:05.825001 INFO] Zip: Extracting weather/USA_WA_Seattle-Tacoma.Intl.AP.727930_TMY3.epw
[19:29:05.852724 INFO] Zip: Extracting weather/USA_WA_Seattle-Tacoma.Intl.AP.727930_TMY3.stat
[19:29:05.857712 INFO] Downloading analysis.json from http://web:80/analyses/72a216d4-3a64-4cd6-8e04-b9bc3af7ff20.json
[19:29:05.933906 INFO] Checking for presence of args file at /mnt/openstudio/analysis_72a216d4-3a64-4cd6-8e04-b9bc3af7ff20/scripts/data_point/initialize.args
[19:29:05.933980 INFO] Checking for presence of script file at /mnt/openstudio/analysis_72a216d4-3a64-4cd6-8e04-b9bc3af7ff20/scripts/data_point/initialize.sh
[19:29:05.934021 INFO] Finished worker initialization
[19:29:05.934055 INFO] RestClient delete
[19:29:05.934086 INFO] delete post_count = 1
[19:29:05.958842 INFO] Downloading datapoint from http://web:80/data_points/0b514467-6a06-4594-bfbe-3bcecfc9bf2c.json
[19:29:05.958932 INFO] get url post_count = 1
[19:29:05.984629 INFO] Creating Workflow Manager instance
[19:29:05.984773 INFO] Directory is /mnt/openstudio/analysis_72a216d4-3a64-4cd6-8e04-b9bc3af7ff20/data_point_0b514467-6a06-4594-bfbe-3bcecfc9bf2c
[19:29:05.984860 INFO] Opening run.log file '/mnt/openstudio/analysis_72a216d4-3a64-4cd6-8e04-b9bc3af7ff20/data_point_0b514467-6a06-4594-bfbe-3bcecfc9bf2c/run/run.log'
[19:29:05.985095 WARN] Error finding Oscli: OPENSTUDIO_EXE_PATH not set
[19:29:06.005393 WARN] Defaulting to fun Oscli via /usr/local/bin/openstudio
[19:29:06.005586 INFO] Returning Oscli cmd: /usr/local/bin/openstudio --bundle /var/oscli/Gemfile --bundle_path /var/oscli/gems 
[19:29:06.005815 INFO] Running workflow using cmd /usr/local/bin/openstudio --bundle /var/oscli/Gemfile --bundle_path /var/oscli/gems   run --workflow '/mnt/openstudio/analysis_72a216d4-3a64-4cd6-8e04-b9bc3af7ff20/data_point_0b514467-6a06-4594-bfbe-3bcecfc9bf2c/data_point.osw'  and writing log to /mnt/openstudio/analysis_72a216d4-3a64-4cd6-8e04-b9bc3af7ff20/data_point_0b514467-6a06-4594-bfbe-3bcecfc9bf2c/oscli_simulation.log
[19:29:27.743754 INFO] Oscli output: /var/oscli/gems/ruby/2.5.0/gems/openstudio-standards-0.2.11/lib/openstudio-standards/btap/btap.rb:56: warning: constant ::Fixnum is deprecated
[openstudio.standards.Model] <1> Model has been assigned a weather file, but the file is not in the specified location of 'file:////mnt/openstudio/analysis_72a216d4-3a64-4cd6-8e04-b9bc3af7ff20/weather/SAU_Riyadh.404380_IWEC.epw'.
[19:29:23.205291 WARN] Could not add loads for Plenum. Not expected for 90.1-2013
[19:29:27.185726 WARN] [openstudio.standards.Construction] Requested U-value of 0.58 for Typical Insulated Exterior Mass Wall is too low given the other materials in the construction; insulation layer will not be modified.
[19:29:27.186383 WARN] [openstudio.standards.Construction] Can only set the u-value of opaque constructions or simple glazing. U 0.60 SHGC 0.25 Dbl 2.5mm air is not opaque or simple glazing.
[19:29:27.186766 WARN] [openstudio.standards.Construction] Can only set the u-value of opaque constructions or simple glazing. U 0.65 SHGC 0.25 Dbl Ref-C-H Clr 6mm/6mm Air is not opaque or simple glazing.
[19:29:27.186897 WARN] [openstudio.standards.Construction] Requested U-value of 1.1686635536297982 for Typical Overhead Door is greater than the sum of the inside and outside resistance, and the max U-value (6.636 SI) is used instead.
[19:29:27.187177 WARN] [openstudio.standards.Construction] Can only set the u-value of opaque constructions or simple glazing. Window_U_0.75_SHGC_0.35_Skylight_Frame_Width_2.339_in is not opaque or simple glazing.
[19:29:27.188094 WARN] [openstudio.weather.Model] Could not find ground temperatures; will use generic temperatures, which will skew results.
[19:29:27.203401 ERROR] [openstudio.standards.Model] Model has been assigned a weather file, but the file is not in the specified location of 'file:////mnt/openstudio/analysis_72a216d4-3a64-4cd6-8e04-b9bc3af7ff20/weather/SAU_Riyadh.404380_IWEC.epw'.
[19:29:27.428667 ERROR] /var/oscli/gems/ruby/2.5.0/gems/openstudio-workflow-2.0.0/lib/openstudio/workflow/util/measure.rb failed with message Runner error /var/oscli/gems/ruby/2.5.0/gems/openstudio-workflow-2.0.0/lib/openstudio/workflow/util/measure.rb failed with Measure create_typical_building_from_model reported an error with ["[openstudio.standards.Model] Model has been assigned a weather file, but the file is not in the specified location of 'file:////mnt/openstudio/analysis_72a216d4-3a64-4cd6-8e04-b9bc3af7ff20/weather/SAU_Riyadh.404380_IWEC.epw'."], /var/oscli/gems/ruby/2.5.0/gems/openstudio-workflow-2.0.0/lib/openstudio/workflow/util/measure.rb:560:in `apply_measure'
/var/oscli/gems/ruby/2.5.0/gems/openstudio-workflow-2.0.0/lib/openstudio/workflow/util/measure.rb:109:in `block in apply_measures'
/var/oscli/gems/ruby/2.5.0/gems/openstudio-workflow-2.0.0/lib/openstudio/workflow/util/measure.rb:67:in `each_index'
/var/oscli/gems/ruby/2.5.0/gems/openstudio-workflow-2.0.0/lib/openstudio/workflow/util/measure.rb:67:in `apply_measures'
/var/oscli/gems/ruby/2.5.0/gems/openstudio-workflow-2.0.0/lib/openstudio/workflow/jobs/run_os_measures.rb:70:in `perform'
/var/oscli/gems/ruby/2.5.0/gems/openstudio-workflow-2.0.0/lib/openstudio/workflow/run.rb:292:in `step'
/var/oscli/gems/ruby/2.5.0/gems/openstudio-workflow-2.0.0/lib/openstudio/workflow/run.rb:234:in `run'
:/openstudio_cli.rb:960:in `execute'
:/openstudio_cli.rb:750:in `execute'
:/openstudio_cli.rb:1744:in `<main>'
eval:174:in `eval'
eval:174:in `require_embedded_absolute'
eval:160:in `block in require_embedded'
eval:154:in `each'
eval:154:in `require_embedded'
eval:113:in `require'
eval:3:in `<main>' in /var/oscli/gems/ruby/2.5.0/gems/openstudio-workflow-2.0.0/lib/openstudio/workflow/util/measure.rb:598:in `rescue in apply_measure'
/var/oscli/gems/ruby/2.5.0/gems/openstudio-workflow-2.0.0/lib/openstudio/workflow/util/measure.rb:548:in `apply_measure'
/var/oscli/gems/ruby/2.5.0/gems/openstudio-workflow-2.0.0/lib/openstudio/workflow/util/measure.rb:109:in `block in apply_measures'
/var/oscli/gems/ruby/2.5.0/gems/openstudio-workflow-2.0.0/lib/openstudio/workflow/util/measure.rb:67:in `each_index'
/var/oscli/gems/ruby/2.5.0/gems/openstudio-workflow-2.0.0/lib/openstudio/workflow/util/measure.rb:67:in `apply_measures'
/var/oscli/gems/ruby/2.5.0/gems/openstudio-workflow-2.0.0/lib/openstudio/workflow/jobs/run_os_measures.rb:70:in `perform'
/var/oscli/gems/ruby/2.5.0/gems/openstudio-workflow-2.0.0/lib/openstudio/workflow/run.rb:292:in `step'
/var/oscli/gems/ruby/2.5.0/gems/openstudio-workflow-2.0.0/lib/openstudio/workflow/run.rb:234:in `run'
:/openstudio_cli.rb:960:in `execute'
:/openstudio_cli.rb:750:in `execute'
:/openstudio_cli.rb:1744:in `<main>'
eval:174:in `eval'
eval:174:in `require_embedded_absolute'
eval:160:in `block in require_embedded'
eval:154:in `each'
eval:154:in `require_embedded'
eval:113:in `require'
eval:3:in `<main>'
[19:29:27.432023 ERROR] Found error in state 'os_measures' with message ["/var/oscli/gems/ruby/2.5.0/gems/openstudio-workflow-2.0.0/lib/openstudio/workflow/util/measure.rb failed with message Runner error /var/oscli/gems/ruby/2.5.0/gems/openstudio-workflow-2.0.0/lib/openstudio/workflow/util/measure.rb failed with Measure create_typical_building_from_model reported an error with [\"[openstudio.standards.Model] Model has been assigned a weather file, but the file is not in the specified location of 'file:////mnt/openstudio/analysis_72a216d4-3a64-4cd6-8e04-b9bc3af7ff20/weather/SAU_Riyadh.404380_IWEC.epw'.\"], /var/oscli/gems/ruby/2.5.0/gems/openstudio-workflow-2.0.0/lib/openstudio/workflow/util/measure.rb:560:in `apply_measure'\n/var/oscli/gems/ruby/2.5.0/gems/openstudio-workflow-2.0.0/lib/openstudio/workflow/util/measure.rb:109:in `block in apply_measures'\n/var/oscli/gems/ruby/2.5.0/gems/openstudio-workflow-2.0.0/lib/openstudio/workflow/util/measure.rb:67:in `each_index'\n/var/oscli/gems/ruby/2.5.0/gems/openstudio-workflow-2.0.0/lib/openstudio/workflow/util/measure.rb:67:in `apply_measures'\n/var/oscli/gems/ruby/2.5.0/gems/openstudio-workflow-2.0.0/lib/openstudio/workflow/jobs/run_os_measures.rb:70:in `perform'\n/var/oscli/gems/ruby/2.5.0/gems/openstudio-workflow-2.0.0/lib/openstudio/workflow/run.rb:292:in `step'\n/var/oscli/gems/ruby/2.5.0/gems/openstudio-workflow-2.0.0/lib/openstudio/workflow/run.rb:234:in `run'\n:/openstudio_cli.rb:960:in `execute'\n:/openstudio_cli.rb:750:in `execute'\n:/openstudio_cli.rb:1744:in `<main>'\neval:174:in `eval'\neval:174:in `require_embedded_absolute'\neval:160:in `block in require_embedded'\neval:154:in `each'\neval:154:in `require_embedded'\neval:113:in `require'\neval:3:in `<main>' in /var/oscli/gems/ruby/2.5.0/gems/openstudio-workflow-2.0.0/lib/openstudio/workflow/util/measure.rb:598:in `rescue in apply_measure'\n/var/oscli/gems/ruby/2.5.0/gems/openstudio-workflow-2.0.0/lib/openstudio/workflow/util/measure.rb:548:in `apply_measure'\n/var/oscli/gems/ruby/2.5.0/gems/openstudio-workflow-2.0.0/lib/openstudio/workflow/util/measure.rb:109:in `block in apply_measures'\n/var/oscli/gems/ruby/2.5.0/gems/openstudio-workflow-2.0.0/lib/openstudio/workflow/util/measure.rb:67:in `each_index'\n/var/oscli/gems/ruby/2.5.0/gems/openstudio-workflow-2.0.0/lib/openstudio/workflow/util/measure.rb:67:in `apply_measures'\n/var/oscli/gems/ruby/2.5.0/gems/openstudio-workflow-2.0.0/lib/openstudio/workflow/jobs/run_os_measures.rb:70:in `perform'\n/var/oscli/gems/ruby/2.5.0/gems/openstudio-workflow-2.0.0/lib/openstudio/workflow/run.rb:292:in `step'\n/var/oscli/gems/ruby/2.5.0/gems/openstudio-workflow-2.0.0/lib/openstudio/workflow/run.rb:234:in `run'\n:/openstudio_cli.rb:960:in `execute'\n:/openstudio_cli.rb:750:in `execute'\n:/openstudio_cli.rb:1744:in `<main>'\neval:174:in `eval'\neval:174:in `require_embedded_absolute'\neval:160:in `block in require_embedded'\neval:154:in `each'\neval:154:in `require_embedded'\neval:113:in `require'\neval:3:in `<main>':/var/oscli/gems/ruby/2.5.0/gems/openstudio-workflow-2.0.0/lib/openstudio/workflow/util/measure.rb:647:in `rescue in apply_measure'\n/var/oscli/gems/ruby/2.5.0/gems/openstudio-workflow-2.0.0/lib/openstudio/workflow/util/measure.rb:305:in `apply_measure'\n/var/oscli/gems/ruby/2.5.0/gems/openstudio-workflow-2.0.0/lib/openstudio/workflow/util/measure.rb:109:in `block in apply_measures'\n/var/oscli/gems/ruby/2.5.0/gems/openstudio-workflow-2.0.0/lib/openstudio/workflow/util/measure.rb:67:in `each_index'\n/var/oscli/gems/ruby/2.5.0/gems/openstudio-workflow-2.0.0/lib/openstudio/workflow/util/measure.rb:67:in `apply_measures'\n/var/oscli/gems/ruby/2.5.0/gems/openstudio-workflow-2.0.0/lib/openstudio/workflow/jobs/run_os_measures.rb:70:in `perform'\n/var/oscli/gems/ruby/2.5.0/gems/openstudio-workflow-2.0.0/lib/openstudio/workflow/run.rb:292:in `step'\n/var/oscli/gems/ruby/2.5.0/gems/openstudio-workflow-2.0.0/lib/openstudio/workflow/run.rb:234:in `run'\n:/openstudio_cli.rb:960:in `execute'\n:/openstudio_cli.rb:750:in `execute'\n:/openstudio_cli.rb:1744:in `<main>'\neval:174:in `eval'\neval:174:in `require_embedded_absolute'\neval:160:in `block in require_embedded'\neval:154:in `each'\neval:154:in `require_embedded'\neval:113:in `require'\neval:3:in `<main>'"]}

[19:29:27.744819 ERROR] Could not find results /mnt/openstudio/analysis_72a216d4-3a64-4cd6-8e04-b9bc3af7ff20/data_point_0b514467-6a06-4594-bfbe-3bcecfc9bf2c/run/measure_attributes.json
[19:29:27.744881 INFO] Saving files/reports back to the server
[19:29:27.745214 INFO] Saving report /mnt/openstudio/analysis_72a216d4-3a64-4cd6-8e04-b9bc3af7ff20/data_point_0b514467-6a06-4594-bfbe-3bcecfc9bf2c/out.osw to http://web:80/data_points/0b514467-6a06-4594-bfbe-3bcecfc9bf2c/upload_file
[19:29:27.777792 INFO] Saving report responded with {"id":"5efb9297ce5ea001492bc07c","data_point_id":"0b514467-6a06-4594-bfbe-3bcecfc9bf2c","display_name":"Final OSW File","type":"Report","created_at":"2020-06-30T19:29:27.759Z","updated_at":"2020-06-30T19:29:27.759Z"}
[19:29:27.778180 INFO] Saving report /mnt/openstudio/analysis_72a216d4-3a64-4cd6-8e04-b9bc3af7ff20/data_point_0b514467-6a06-4594-bfbe-3bcecfc9bf2c/run/data_point.zip to http://web:80/data_points/0b514467-6a06-4594-bfbe-3bcecfc9bf2c/upload_file
[19:29:27.826171 INFO] Saving report responded with {"id":"5efb9297ce5ea001352be9ed","data_point_id":"0b514467-6a06-4594-bfbe-3bcecfc9bf2c","display_name":"Zip File","type":"Data Point","created_at":"2020-06-30T19:29:27.806Z","updated_at":"2020-06-30T19:29:27.806Z"}
[19:29:27.826482 INFO] Checking for presence of args file at /mnt/openstudio/analysis_72a216d4-3a64-4cd6-8e04-b9bc3af7ff20/scripts/data_point/finalize.args
[19:29:27.826548 INFO] Checking for presence of script file at /mnt/openstudio/analysis_72a216d4-3a64-4cd6-8e04-b9bc3af7ff20/scripts/data_point/finalize.sh
[19:29:27.831358 INFO] Finished /opt/openstudio/server/app/jobs/dj_jobs/run_simulate_data_point.rb
