# Logfile created on 2020-06-30 19:29:02 +0000 by logger.rb/61378
[19:29:02.394953 INFO] Server host is http://web:80
[19:29:02.395069 INFO] Analysis directory is /mnt/openstudio/analysis_72a216d4-3a64-4cd6-8e04-b9bc3af7ff20
[19:29:02.395137 INFO] Simulation directory is /mnt/openstudio/analysis_72a216d4-3a64-4cd6-8e04-b9bc3af7ff20/data_point_2701532c-8295-48d1-b0bd-cdee9b751497
[19:29:02.395172 INFO] Run datapoint type/file is 
[19:29:02.395223 INFO] Starting initialize_worker for datapoint 2701532c-8295-48d1-b0bd-cdee9b751497
[19:29:02.395553 INFO] Downloading analysis zip from http://web:80/analyses/72a216d4-3a64-4cd6-8e04-b9bc3af7ff20/download_analysis_zip
[19:29:05.118608 INFO] Extracting analysis zip to /mnt/openstudio/analysis_72a216d4-3a64-4cd6-8e04-b9bc3af7ff20
[19:29:05.134757 INFO] Zip: Extracting lib/resources/ASHRAE_zone12_Spec.idf
[19:29:05.136226 INFO] Zip: Extracting lib/resources/ASHRAE_zone3_Spec.idf
[19:29:05.136850 INFO] Zip: Extracting lib/resources/ASHRAE_zone456_Spec.idf
[19:29:05.137479 INFO] Zip: Extracting lib/resources/ASHRAE_zone78_Spec.idf
[19:29:05.138076 INFO] Zip: Extracting lib/resources/GlzSys19_13F-air-9_Spec.idf
[19:29:05.139421 INFO] Zip: Extracting lib/resources/GlzSys20_14F-air-3000_Spec.idf
[19:29:05.140786 INFO] Zip: Extracting lib/resources/GlzSys21_13F-air-3000_Spec.idf
[19:29:05.142169 INFO] Zip: Extracting lib/resources/GlzSys_10-air-9_Spec.idf
[19:29:05.143596 INFO] Zip: Extracting lib/resources/GlzSys_10F-air-3000_Spec.idf
[19:29:05.144908 INFO] Zip: Extracting lib/resources/GlzSys_11F-air-3000_Spec.idf
[19:29:05.146172 INFO] Zip: Extracting lib/resources/GlzSys_16095-air-3000_Spec.idf
[19:29:05.147387 INFO] Zip: Extracting lib/resources/GlzSys_16095-air-9_Spec.idf
[19:29:05.148704 INFO] Zip: Extracting lib/resources/GlzSys_6374-air-3000_Spec.idf
[19:29:05.149923 INFO] Zip: Extracting lib/resources/GlzSys_Dark_PV_Spec.idf
[19:29:05.150679 INFO] Zip: Extracting lib/resources/GlzSys_Light_PV_Spec.idf
[19:29:05.151420 INFO] Zip: Extracting lib/resources/GlzSys_Thermochromic_30C.idf
[19:29:05.152452 INFO] Zip: Extracting lib/resources/GlzSys_Thermochromic_35C.idf
[19:29:05.153392 INFO] Zip: Extracting lib/resources/GlzSys_Thermochromic_40C.idf
[19:29:05.154316 INFO] Zip: Extracting lib/resources/SG_zone12_Spec.idf
[19:29:05.155278 INFO] Zip: Extracting lib/resources/SG_zone3_Spec.idf
[19:29:05.156194 INFO] Zip: Extracting lib/resources/SG_zone456_Spec.idf
[19:29:05.157485 INFO] Zip: Extracting lib/resources/SG_zone78_Spec.idf
[19:29:05.158832 INFO] Zip: Extracting lib/resources/Window_PV_No_frame_Spec_Spec.idf
[19:29:05.159598 INFO] Zip: Extracting lib/resources/Window_PV_frame_Spec.idf
[19:29:05.160452 INFO] Zip: Extracting measures/AddMeter/
[19:29:05.160661 INFO] Zip: Extracting measures/AddMeter/LICENSE.md
[19:29:05.161069 INFO] Zip: Extracting measures/AddMeter/New folder/
[19:29:05.161249 INFO] Zip: Extracting measures/AddMeter/README.md
[19:29:05.161677 INFO] Zip: Extracting measures/AddMeter/README.md.erb
[19:29:05.162072 INFO] Zip: Extracting measures/AddMeter/measure.rb
[19:29:05.162507 INFO] Zip: Extracting measures/AddMeter/measure.xml
[19:29:05.162933 INFO] Zip: Extracting measures/AddMeter/tests/
[19:29:05.163107 INFO] Zip: Extracting measures/AddMeter/tests/AddMeter_Test.rb
[19:29:05.163513 INFO] Zip: Extracting measures/AddOutputVariable/
[19:29:05.163720 INFO] Zip: Extracting measures/AddOutputVariable/LICENSE.md
[19:29:05.164113 INFO] Zip: Extracting measures/AddOutputVariable/README.md
[19:29:05.164522 INFO] Zip: Extracting measures/AddOutputVariable/README.md.erb
[19:29:05.164969 INFO] Zip: Extracting measures/AddOutputVariable/measure.rb
[19:29:05.165391 INFO] Zip: Extracting measures/AddOutputVariable/measure.xml
[19:29:05.165799 INFO] Zip: Extracting measures/AddOutputVariable/tests/
[19:29:05.165981 INFO] Zip: Extracting measures/AddOutputVariable/tests/AddOutputVariable_Test.rb
[19:29:05.166475 INFO] Zip: Extracting measures/ChangeBuildingLocation/
[19:29:05.166655 INFO] Zip: Extracting measures/ChangeBuildingLocation/LICENSE.md
[19:29:05.167055 INFO] Zip: Extracting measures/ChangeBuildingLocation/README.md
[19:29:05.167452 INFO] Zip: Extracting measures/ChangeBuildingLocation/README.md.erb
[19:29:05.167882 INFO] Zip: Extracting measures/ChangeBuildingLocation/measure.rb
[19:29:05.168383 INFO] Zip: Extracting measures/ChangeBuildingLocation/measure.xml
[19:29:05.168814 INFO] Zip: Extracting measures/ChangeBuildingLocation/resources/
[19:29:05.168984 INFO] Zip: Extracting measures/ChangeBuildingLocation/resources/epw.rb
[19:29:05.169441 INFO] Zip: Extracting measures/ChangeBuildingLocation/resources/os_lib_helper_methods.rb
[19:29:05.169992 INFO] Zip: Extracting measures/ChangeBuildingLocation/resources/stat_file.rb
[19:29:05.170427 INFO] Zip: Extracting measures/ChangeBuildingLocation/tests/
[19:29:05.170591 INFO] Zip: Extracting measures/ChangeBuildingLocation/tests/USA_MA_Boston-Logan.Intl.AP.725090_TMY3.ddy
[19:29:05.171129 INFO] Zip: Extracting measures/ChangeBuildingLocation/tests/USA_MA_Boston-Logan.Intl.AP.725090_TMY3.epw
[19:29:05.184563 INFO] Zip: Extracting measures/ChangeBuildingLocation/tests/USA_MA_Boston-Logan.Intl.AP.725090_TMY3.stat
[19:29:05.185528 INFO] Zip: Extracting measures/ChangeBuildingLocation/tests/USA_WA_Renton.Muni.AP.727934_TMY3.ddy
[19:29:05.185985 INFO] Zip: Extracting measures/ChangeBuildingLocation/tests/USA_WA_Renton.Muni.AP.727934_TMY3.epw
[19:29:05.202886 INFO] Zip: Extracting measures/ChangeBuildingLocation/tests/USA_WA_Renton.Muni.AP.727934_TMY3.stat
[19:29:05.203757 INFO] Zip: Extracting measures/ChangeBuildingLocation/tests/another_weather_file.ddy
[19:29:05.204287 INFO] Zip: Extracting measures/ChangeBuildingLocation/tests/another_weather_file.epw
[19:29:05.221727 INFO] Zip: Extracting measures/ChangeBuildingLocation/tests/another_weather_file.stat
[19:29:05.222562 INFO] Zip: Extracting measures/ChangeBuildingLocation/tests/change_building_location_test.rb
[19:29:05.223019 INFO] Zip: Extracting measures/ChangeBuildingLocation/tests/multiyear.ddy
[19:29:05.223524 INFO] Zip: Extracting measures/ChangeBuildingLocation/tests/multiyear.epw
[19:29:05.223921 INFO] Zip: Extracting measures/ChangeBuildingLocation/tests/multiyear.stat
[19:29:05.224614 INFO] Zip: Extracting measures/ChangeBuildingLocation/tests/test.osm
[19:29:05.228133 INFO] Zip: Extracting measures/ChangeBuildingLocation/tests/test.osw
[19:29:05.229177 INFO] Zip: Extracting measures/ServerDirectoryCleanup/
[19:29:05.229398 INFO] Zip: Extracting measures/ServerDirectoryCleanup/LICENSE.md
[19:29:05.229848 INFO] Zip: Extracting measures/ServerDirectoryCleanup/measure.rb
[19:29:05.230281 INFO] Zip: Extracting measures/ServerDirectoryCleanup/measure.xml
[19:29:05.230720 INFO] Zip: Extracting measures/ServerDirectoryCleanup/tests/
[19:29:05.230913 INFO] Zip: Extracting measures/ServerDirectoryCleanup/tests/ServerDirectoryCleanup_test.rb
[19:29:05.231379 INFO] Zip: Extracting measures/ServerDirectoryCleanup/tests/USA_CO_Golden-NREL.724666_TMY3.epw
[19:29:05.250939 INFO] Zip: Extracting measures/ServerDirectoryCleanup/tests/example_model.osm
[19:29:05.253335 INFO] Zip: Extracting measures/WindowPV_reporting/
[19:29:05.253635 INFO] Zip: Extracting measures/WindowPV_reporting/measure.rb
[19:29:05.254491 INFO] Zip: Extracting measures/WindowPV_reporting/measure.xml
[19:29:05.255107 INFO] Zip: Extracting measures/WindowPV_reporting/resources/
[19:29:05.255301 INFO] Zip: Extracting measures/WindowPV_reporting/resources/os_lib_helper_methods.rb
[19:29:05.255951 INFO] Zip: Extracting measures/WindowPV_reporting/resources/report.html.in
[19:29:05.256531 INFO] Zip: Extracting measures/WindowPV_reporting/tests/
[19:29:05.256724 INFO] Zip: Extracting measures/WindowPV_reporting/tests/USA_CO_Golden-NREL.724666_TMY3.epw
[19:29:05.276012 INFO] Zip: Extracting measures/WindowPV_reporting/tests/example_model.osm
[19:29:05.278442 INFO] Zip: Extracting measures/WindowPV_reporting/tests/ubi_qd_reporting_test.rb
[19:29:05.279223 INFO] Zip: Extracting measures/a_inject_window_specific_idf_objects/
[19:29:05.279447 INFO] Zip: Extracting measures/a_inject_window_specific_idf_objects/LICENSE.md
[19:29:05.280007 INFO] Zip: Extracting measures/a_inject_window_specific_idf_objects/measure.rb
[19:29:05.281320 INFO] Zip: Extracting measures/a_inject_window_specific_idf_objects/measure.xml
[19:29:05.281982 INFO] Zip: Extracting measures/a_inject_window_specific_idf_objects/tests/
[19:29:05.282192 INFO] Zip: Extracting measures/a_inject_window_specific_idf_objects/tests/EnvelopeAndLoadTestModel_01.osm
[19:29:05.291365 INFO] Zip: Extracting measures/a_inject_window_specific_idf_objects/tests/Example B - BlockEnergyCharge.idf
[19:29:05.292122 INFO] Zip: Extracting measures/a_inject_window_specific_idf_objects/tests/measure_Test.rb
[19:29:05.292703 INFO] Zip: Extracting measures/a_inject_window_specific_idf_objects/tests/test.osw
[19:29:05.293809 INFO] Zip: Extracting measures/add_thermochromic_bipv/
[19:29:05.294028 INFO] Zip: Extracting measures/add_thermochromic_bipv/measure.rb
[19:29:05.294737 INFO] Zip: Extracting measures/add_thermochromic_bipv/measure.xml
[19:29:05.295359 INFO] Zip: Extracting measures/add_thermochromic_bipv/resources/
[19:29:05.295554 INFO] Zip: Extracting measures/add_thermochromic_bipv/resources/HVACSizing.Model.rb
[19:29:05.296302 INFO] Zip: Extracting measures/add_thermochromic_bipv/resources/Standards.Construction.rb
[19:29:05.296874 INFO] Zip: Extracting measures/add_thermochromic_bipv/resources/os_lib_helper_methods.rb
[19:29:05.297504 INFO] Zip: Extracting measures/add_thermochromic_bipv/resources/os_lib_schedules.rb
[19:29:05.451571 INFO] Zip: Extracting measures/create_bar_from_building_type_ratios/
[19:29:05.451873 INFO] Zip: Extracting measures/create_bar_from_building_type_ratios/LICENSE.md
[19:29:05.452409 INFO] Zip: Extracting measures/create_bar_from_building_type_ratios/README.md
[19:29:05.452878 INFO] Zip: Extracting measures/create_bar_from_building_type_ratios/README.md.erb
[19:29:05.453290 INFO] Zip: Extracting measures/create_bar_from_building_type_ratios/measure.rb
[19:29:05.454001 INFO] Zip: Extracting measures/create_bar_from_building_type_ratios/measure.xml
[19:29:05.454555 INFO] Zip: Extracting measures/create_bar_from_building_type_ratios/resources/
[19:29:05.454764 INFO] Zip: Extracting measures/create_bar_from_building_type_ratios/resources/os_lib_geometry.rb
[19:29:05.455490 INFO] Zip: Extracting measures/create_bar_from_building_type_ratios/resources/os_lib_helper_methods.rb
[19:29:05.456005 INFO] Zip: Extracting measures/create_bar_from_building_type_ratios/resources/os_lib_model_generation.rb
[19:29:05.456707 INFO] Zip: Extracting measures/create_bar_from_building_type_ratios/resources/os_lib_model_simplification.rb
[19:29:05.457451 INFO] Zip: Extracting measures/create_bar_from_building_type_ratios/tests/
[19:29:05.457635 INFO] Zip: Extracting measures/create_bar_from_building_type_ratios/tests/create_bar_from_building_type_ratios_test.rb
[19:29:05.458112 INFO] Zip: Extracting measures/create_bar_from_building_type_ratios/tests/example_model.osm
[19:29:05.460804 INFO] Zip: Extracting measures/create_typical_building_from_model/
[19:29:05.461080 INFO] Zip: Extracting measures/create_typical_building_from_model/LICENSE.md
[19:29:05.461544 INFO] Zip: Extracting measures/create_typical_building_from_model/README.md
[19:29:05.461995 INFO] Zip: Extracting measures/create_typical_building_from_model/README.md.erb
[19:29:05.462379 INFO] Zip: Extracting measures/create_typical_building_from_model/measure.rb
[19:29:05.463054 INFO] Zip: Extracting measures/create_typical_building_from_model/measure.xml
[19:29:05.463557 INFO] Zip: Extracting measures/create_typical_building_from_model/resources/
[19:29:05.463742 INFO] Zip: Extracting measures/create_typical_building_from_model/resources/Model.hvac.rb
[19:29:05.464208 INFO] Zip: Extracting measures/create_typical_building_from_model/resources/os_lib_helper_methods.rb
[19:29:05.464723 INFO] Zip: Extracting measures/create_typical_building_from_model/resources/os_lib_model_generation.rb
[19:29:05.465407 INFO] Zip: Extracting measures/create_typical_building_from_model/tests/
[19:29:05.465600 INFO] Zip: Extracting measures/create_typical_building_from_model/tests/GenericGbxml.osm
[19:29:05.468455 INFO] Zip: Extracting measures/create_typical_building_from_model/tests/LargeOffice04.osm
[19:29:05.476294 INFO] Zip: Extracting measures/create_typical_building_from_model/tests/MidriseApartment.osm
[19:29:05.486713 INFO] Zip: Extracting measures/create_typical_building_from_model/tests/SmallOffice.osm
[19:29:05.617383 INFO] Zip: Extracting measures/create_typical_building_from_model/tests/USA_TX_Houston-Bush.Intercontinental.AP.722430_TMY3.epw
[19:29:05.629971 INFO] Zip: Extracting measures/create_typical_building_from_model/tests/create_typical_building_from_model_test.rb
[19:29:05.630635 INFO] Zip: Extracting measures/create_typical_building_from_model/tests/test.osw
[19:29:05.631506 INFO] Zip: Extracting measures/create_typical_building_from_model/tests/test_hvac.rb
[19:29:05.632023 INFO] Zip: Extracting measures/export_variableto_csv_variables_for_bipvpce/
[19:29:05.632229 INFO] Zip: Extracting measures/export_variableto_csv_variables_for_bipvpce/measure.rb
[19:29:05.632758 INFO] Zip: Extracting measures/export_variableto_csv_variables_for_bipvpce/measure.xml
[19:29:05.633187 INFO] Zip: Extracting measures/export_variableto_csv_variables_for_bipvpce/resources/
[19:29:05.633367 INFO] Zip: Extracting measures/export_variableto_csv_variables_for_bipvpce/resources/report.html.in
[19:29:05.633777 INFO] Zip: Extracting measures/export_variableto_csv_variables_for_bipvpce/tests/
[19:29:05.633945 INFO] Zip: Extracting measures/export_variableto_csv_variables_for_bipvpce/tests/ExportVariabletoCSV_test.rb
[19:29:05.634341 INFO] Zip: Extracting measures/export_variableto_csv_variables_for_bipvpce/tests/example_model.osm
[19:29:05.635766 INFO] Zip: Extracting measures/inject_idf_window_objects/
[19:29:05.635985 INFO] Zip: Extracting measures/inject_idf_window_objects/LICENSE.md
[19:29:05.636493 INFO] Zip: Extracting measures/inject_idf_window_objects/measure.rb
[19:29:05.637018 INFO] Zip: Extracting measures/inject_idf_window_objects/measure.xml
[19:29:05.637477 INFO] Zip: Extracting measures/inject_idf_window_objects/tests/
[19:29:05.637662 INFO] Zip: Extracting measures/inject_idf_window_objects/tests/EnvelopeAndLoadTestModel_01.osm
[19:29:05.643096 INFO] Zip: Extracting measures/inject_idf_window_objects/tests/Example B - BlockEnergyCharge.idf
[19:29:05.643695 INFO] Zip: Extracting measures/inject_idf_window_objects/tests/measure_Test.rb
[19:29:05.644105 INFO] Zip: Extracting measures/inject_idf_window_objects/tests/test.osw
[19:29:05.644877 INFO] Zip: Extracting seeds/switchglaze/
[19:29:05.645080 INFO] Zip: Extracting seeds/switchglaze.osm
[19:29:05.650152 INFO] Zip: Extracting seeds/switchglaze/files/
[19:29:05.650440 INFO] Zip: Extracting seeds/switchglaze/measures/
[19:29:05.650626 INFO] Zip: Extracting seeds/switchglaze/run/
[19:29:05.650787 INFO] Zip: Extracting seeds/switchglaze/workflow.osw
[19:29:05.651230 INFO] Zip: Extracting weather/DEU_Hamburg.101470_IWEC.ddy
[19:29:05.651748 INFO] Zip: Extracting weather/DEU_Hamburg.101470_IWEC.epw
[19:29:05.673969 INFO] Zip: Extracting weather/DEU_Hamburg.101470_IWEC.stat
[19:29:05.674977 INFO] Zip: Extracting weather/JPN_Tokyo.Hyakuri.477150_IWEC.ddy
[19:29:05.675504 INFO] Zip: Extracting weather/JPN_Tokyo.Hyakuri.477150_IWEC.epw
[19:29:05.687690 INFO] Zip: Extracting weather/JPN_Tokyo.Hyakuri.477150_IWEC.stat
[19:29:05.688724 INFO] Zip: Extracting weather/SAU_Riyadh.404380_IWEC.ddy
[19:29:05.689233 INFO] Zip: Extracting weather/SAU_Riyadh.404380_IWEC.epw
[19:29:05.701196 INFO] Zip: Extracting weather/SAU_Riyadh.404380_IWEC.stat
[19:29:05.702039 INFO] Zip: Extracting weather/SGP_Singapore.486980_IWEC.ddy
[19:29:05.702540 INFO] Zip: Extracting weather/SGP_Singapore.486980_IWEC.epw
[19:29:05.714464 INFO] Zip: Extracting weather/SGP_Singapore.486980_IWEC.stat
[19:29:05.715338 INFO] Zip: Extracting weather/USA_AK_Fairbanks.Intl.AP.702610_TMY3.ddy
[19:29:05.715880 INFO] Zip: Extracting weather/USA_AK_Fairbanks.Intl.AP.702610_TMY3.epw
[19:29:05.736613 INFO] Zip: Extracting weather/USA_AK_Fairbanks.Intl.AP.702610_TMY3.stat
[19:29:05.737772 INFO] Zip: Extracting weather/USA_AZ_Tucson.Intl.AP.722740_TMY3.ddy
[19:29:05.738517 INFO] Zip: Extracting weather/USA_AZ_Tucson.Intl.AP.722740_TMY3.epw
[19:29:05.757793 INFO] Zip: Extracting weather/USA_AZ_Tucson.Intl.AP.722740_TMY3.stat
[19:29:05.758956 INFO] Zip: Extracting weather/USA_CA_San.Diego-Lindbergh.Field.722900_TMY3.ddy
[19:29:05.759768 INFO] Zip: Extracting weather/USA_CA_San.Diego-Lindbergh.Field.722900_TMY3.epw
[19:29:05.784007 INFO] Zip: Extracting weather/USA_CA_San.Diego-Lindbergh.Field.722900_TMY3.stat
[19:29:05.786184 INFO] Zip: Extracting weather/USA_CO_Denver.Intl.AP.725650_TMY3.ddy
[19:29:05.787101 INFO] Zip: Extracting weather/USA_CO_Denver.Intl.AP.725650_TMY3.epw
[19:29:05.957668 INFO] Zip: Extracting weather/USA_CO_Denver.Intl.AP.725650_TMY3.stat
[19:29:05.958752 INFO] Zip: Extracting weather/USA_FL_Tampa.Intl.AP.722110_TMY3.ddy
[19:29:05.959466 INFO] Zip: Extracting weather/USA_FL_Tampa.Intl.AP.722110_TMY3.epw
[19:29:05.976449 INFO] Zip: Extracting weather/USA_FL_Tampa.Intl.AP.722110_TMY3.stat
[19:29:05.977465 INFO] Zip: Extracting weather/USA_GA_Atlanta-Hartsfield-Jackson.Intl.AP.722190_TMY3.ddy
[19:29:05.978109 INFO] Zip: Extracting weather/USA_GA_Atlanta-Hartsfield-Jackson.Intl.AP.722190_TMY3.epw
[19:29:05.993948 INFO] Zip: Extracting weather/USA_GA_Atlanta-Hartsfield-Jackson.Intl.AP.722190_TMY3.stat
[19:29:05.994794 INFO] Zip: Extracting weather/USA_HI_Honolulu.Intl.AP.911820_TMY3.ddy
[19:29:05.995311 INFO] Zip: Extracting weather/USA_HI_Honolulu.Intl.AP.911820_TMY3.epw
[19:29:06.135122 INFO] Zip: Extracting weather/USA_HI_Honolulu.Intl.AP.911820_TMY3.stat
[19:29:06.136051 INFO] Zip: Extracting weather/USA_MN_International.Falls.Intl.AP.727470_TMY3.ddy
[19:29:06.136665 INFO] Zip: Extracting weather/USA_MN_International.Falls.Intl.AP.727470_TMY3.epw
[19:29:06.149438 INFO] Zip: Extracting weather/USA_MN_International.Falls.Intl.AP.727470_TMY3.stat
[19:29:06.150372 INFO] Zip: Extracting weather/USA_MN_Rochester.Intl.AP.726440_TMY3.ddy
[19:29:06.150936 INFO] Zip: Extracting weather/USA_MN_Rochester.Intl.AP.726440_TMY3.epw
[19:29:06.163786 INFO] Zip: Extracting weather/USA_MN_Rochester.Intl.AP.726440_TMY3.stat
[19:29:06.164708 INFO] Zip: Extracting weather/USA_MT_Great.Falls.Intl.AP.727750_TMY3.ddy
[19:29:06.165272 INFO] Zip: Extracting weather/USA_MT_Great.Falls.Intl.AP.727750_TMY3.epw
[19:29:06.185472 INFO] Zip: Extracting weather/USA_MT_Great.Falls.Intl.AP.727750_TMY3.stat
[19:29:06.186565 INFO] Zip: Extracting weather/USA_NM_Albuquerque.Intl.AP.723650_TMY3.ddy
[19:29:06.187246 INFO] Zip: Extracting weather/USA_NM_Albuquerque.Intl.AP.723650_TMY3.epw
[19:29:06.200498 INFO] Zip: Extracting weather/USA_NM_Albuquerque.Intl.AP.723650_TMY3.stat
[19:29:06.201567 INFO] Zip: Extracting weather/USA_NY_Buffalo-Greater.Buffalo.Intl.AP.725280_TMY3.ddy
[19:29:06.202130 INFO] Zip: Extracting weather/USA_NY_Buffalo-Greater.Buffalo.Intl.AP.725280_TMY3.epw
[19:29:06.215524 INFO] Zip: Extracting weather/USA_NY_Buffalo-Greater.Buffalo.Intl.AP.725280_TMY3.stat
[19:29:06.216533 INFO] Zip: Extracting weather/USA_NY_New.York-J.F.Kennedy.Intl.AP.744860_TMY3.ddy
[19:29:06.217198 INFO] Zip: Extracting weather/USA_NY_New.York-J.F.Kennedy.Intl.AP.744860_TMY3.epw
[19:29:06.233875 INFO] Zip: Extracting weather/USA_NY_New.York-J.F.Kennedy.Intl.AP.744860_TMY3.stat
[19:29:06.234945 INFO] Zip: Extracting weather/USA_TX_El.Paso.Intl.AP.722700_TMY3.ddy
[19:29:06.235663 INFO] Zip: Extracting weather/USA_TX_El.Paso.Intl.AP.722700_TMY3.epw
[19:29:06.258887 INFO] Zip: Extracting weather/USA_TX_El.Paso.Intl.AP.722700_TMY3.stat
[19:29:06.259756 INFO] Zip: Extracting weather/USA_WA_Port.Angeles-William.R.Fairchild.Intl.AP.727885_TMY3.ddy
[19:29:06.260407 INFO] Zip: Extracting weather/USA_WA_Port.Angeles-William.R.Fairchild.Intl.AP.727885_TMY3.epw
[19:29:06.272889 INFO] Zip: Extracting weather/USA_WA_Port.Angeles-William.R.Fairchild.Intl.AP.727885_TMY3.stat
[19:29:06.273889 INFO] Zip: Extracting weather/USA_WA_Seattle-Tacoma.Intl.AP.727930_TMY3.ddy
[19:29:06.274462 INFO] Zip: Extracting weather/USA_WA_Seattle-Tacoma.Intl.AP.727930_TMY3.epw
[19:29:06.286989 INFO] Zip: Extracting weather/USA_WA_Seattle-Tacoma.Intl.AP.727930_TMY3.stat
[19:29:06.291075 INFO] Downloading analysis.json from http://web:80/analyses/72a216d4-3a64-4cd6-8e04-b9bc3af7ff20.json
[19:29:06.364488 INFO] Checking for presence of args file at /mnt/openstudio/analysis_72a216d4-3a64-4cd6-8e04-b9bc3af7ff20/scripts/data_point/initialize.args
[19:29:06.364568 INFO] Checking for presence of script file at /mnt/openstudio/analysis_72a216d4-3a64-4cd6-8e04-b9bc3af7ff20/scripts/data_point/initialize.sh
[19:29:06.364625 INFO] Finished worker initialization
[19:29:06.364667 INFO] RestClient delete
[19:29:06.364707 INFO] delete post_count = 1
[19:29:06.380695 INFO] Downloading datapoint from http://web:80/data_points/2701532c-8295-48d1-b0bd-cdee9b751497.json
[19:29:06.380819 INFO] get url post_count = 1
[19:29:06.404408 INFO] Creating Workflow Manager instance
[19:29:06.404535 INFO] Directory is /mnt/openstudio/analysis_72a216d4-3a64-4cd6-8e04-b9bc3af7ff20/data_point_2701532c-8295-48d1-b0bd-cdee9b751497
[19:29:06.404628 INFO] Opening run.log file '/mnt/openstudio/analysis_72a216d4-3a64-4cd6-8e04-b9bc3af7ff20/data_point_2701532c-8295-48d1-b0bd-cdee9b751497/run/run.log'
[19:29:06.404868 WARN] Error finding Oscli: OPENSTUDIO_EXE_PATH not set
[19:29:06.423029 WARN] Defaulting to fun Oscli via /usr/local/bin/openstudio
[19:29:06.423345 INFO] Returning Oscli cmd: /usr/local/bin/openstudio --bundle /var/oscli/Gemfile --bundle_path /var/oscli/gems 
[19:29:06.423660 INFO] Running workflow using cmd /usr/local/bin/openstudio --bundle /var/oscli/Gemfile --bundle_path /var/oscli/gems   run --workflow '/mnt/openstudio/analysis_72a216d4-3a64-4cd6-8e04-b9bc3af7ff20/data_point_2701532c-8295-48d1-b0bd-cdee9b751497/data_point.osw'  and writing log to /mnt/openstudio/analysis_72a216d4-3a64-4cd6-8e04-b9bc3af7ff20/data_point_2701532c-8295-48d1-b0bd-cdee9b751497/oscli_simulation.log
[19:29:22.858232 INFO] Oscli output: /var/oscli/gems/ruby/2.5.0/gems/openstudio-standards-0.2.11/lib/openstudio-standards/btap/btap.rb:56: warning: constant ::Fixnum is deprecated
[openstudio.standards.Model] <1> Model has been assigned a weather file, but the file is not in the specified location of 'file:////mnt/openstudio/analysis_72a216d4-3a64-4cd6-8e04-b9bc3af7ff20/weather/SAU_Riyadh.404380_IWEC.epw'.
[19:29:18.417862 WARN] Could not add loads for Plenum. Not expected for 90.1-2013
[19:29:22.322169 WARN] [openstudio.standards.Construction] Requested U-value of 0.58 for Typical Insulated Exterior Mass Wall is too low given the other materials in the construction; insulation layer will not be modified.
[19:29:22.322770 WARN] [openstudio.standards.Construction] Can only set the u-value of opaque constructions or simple glazing. U 0.60 SHGC 0.25 Dbl 2.5mm air is not opaque or simple glazing.
[19:29:22.323133 WARN] [openstudio.standards.Construction] Can only set the u-value of opaque constructions or simple glazing. U 0.65 SHGC 0.25 Dbl Ref-C-H Clr 6mm/6mm Air is not opaque or simple glazing.
[19:29:22.323281 WARN] [openstudio.standards.Construction] Requested U-value of 1.1686635536297982 for Typical Overhead Door is greater than the sum of the inside and outside resistance, and the max U-value (6.636 SI) is used instead.
[19:29:22.323549 WARN] [openstudio.standards.Construction] Can only set the u-value of opaque constructions or simple glazing. Window_U_0.75_SHGC_0.35_Skylight_Frame_Width_2.339_in is not opaque or simple glazing.
[19:29:22.324458 WARN] [openstudio.weather.Model] Could not find ground temperatures; will use generic temperatures, which will skew results.
[19:29:22.339335 ERROR] [openstudio.standards.Model] Model has been assigned a weather file, but the file is not in the specified location of 'file:////mnt/openstudio/analysis_72a216d4-3a64-4cd6-8e04-b9bc3af7ff20/weather/SAU_Riyadh.404380_IWEC.epw'.
[19:29:22.545260 ERROR] /var/oscli/gems/ruby/2.5.0/gems/openstudio-workflow-2.0.0/lib/openstudio/workflow/util/measure.rb failed with message Runner error /var/oscli/gems/ruby/2.5.0/gems/openstudio-workflow-2.0.0/lib/openstudio/workflow/util/measure.rb failed with Measure create_typical_building_from_model reported an error with ["[openstudio.standards.Model] Model has been assigned a weather file, but the file is not in the specified location of 'file:////mnt/openstudio/analysis_72a216d4-3a64-4cd6-8e04-b9bc3af7ff20/weather/SAU_Riyadh.404380_IWEC.epw'."], /var/oscli/gems/ruby/2.5.0/gems/openstudio-workflow-2.0.0/lib/openstudio/workflow/util/measure.rb:560:in `apply_measure'
/var/oscli/gems/ruby/2.5.0/gems/openstudio-workflow-2.0.0/lib/openstudio/workflow/util/measure.rb:109:in `block in apply_measures'
/var/oscli/gems/ruby/2.5.0/gems/openstudio-workflow-2.0.0/lib/openstudio/workflow/util/measure.rb:67:in `each_index'
/var/oscli/gems/ruby/2.5.0/gems/openstudio-workflow-2.0.0/lib/openstudio/workflow/util/measure.rb:67:in `apply_measures'
/var/oscli/gems/ruby/2.5.0/gems/openstudio-workflow-2.0.0/lib/openstudio/workflow/jobs/run_os_measures.rb:70:in `perform'
/var/oscli/gems/ruby/2.5.0/gems/openstudio-workflow-2.0.0/lib/openstudio/workflow/run.rb:292:in `step'
/var/oscli/gems/ruby/2.5.0/gems/openstudio-workflow-2.0.0/lib/openstudio/workflow/run.rb:234:in `run'
:/openstudio_cli.rb:960:in `execute'
:/openstudio_cli.rb:750:in `execute'
:/openstudio_cli.rb:1744:in `<main>'
eval:174:in `eval'
eval:174:in `require_embedded_absolute'
eval:160:in `block in require_embedded'
eval:154:in `each'
eval:154:in `require_embedded'
eval:113:in `require'
eval:3:in `<main>' in /var/oscli/gems/ruby/2.5.0/gems/openstudio-workflow-2.0.0/lib/openstudio/workflow/util/measure.rb:598:in `rescue in apply_measure'
/var/oscli/gems/ruby/2.5.0/gems/openstudio-workflow-2.0.0/lib/openstudio/workflow/util/measure.rb:548:in `apply_measure'
/var/oscli/gems/ruby/2.5.0/gems/openstudio-workflow-2.0.0/lib/openstudio/workflow/util/measure.rb:109:in `block in apply_measures'
/var/oscli/gems/ruby/2.5.0/gems/openstudio-workflow-2.0.0/lib/openstudio/workflow/util/measure.rb:67:in `each_index'
/var/oscli/gems/ruby/2.5.0/gems/openstudio-workflow-2.0.0/lib/openstudio/workflow/util/measure.rb:67:in `apply_measures'
/var/oscli/gems/ruby/2.5.0/gems/openstudio-workflow-2.0.0/lib/openstudio/workflow/jobs/run_os_measures.rb:70:in `perform'
/var/oscli/gems/ruby/2.5.0/gems/openstudio-workflow-2.0.0/lib/openstudio/workflow/run.rb:292:in `step'
/var/oscli/gems/ruby/2.5.0/gems/openstudio-workflow-2.0.0/lib/openstudio/workflow/run.rb:234:in `run'
:/openstudio_cli.rb:960:in `execute'
:/openstudio_cli.rb:750:in `execute'
:/openstudio_cli.rb:1744:in `<main>'
eval:174:in `eval'
eval:174:in `require_embedded_absolute'
eval:160:in `block in require_embedded'
eval:154:in `each'
eval:154:in `require_embedded'
eval:113:in `require'
eval:3:in `<main>'
[19:29:22.548163 ERROR] Found error in state 'os_measures' with message ["/var/oscli/gems/ruby/2.5.0/gems/openstudio-workflow-2.0.0/lib/openstudio/workflow/util/measure.rb failed with message Runner error /var/oscli/gems/ruby/2.5.0/gems/openstudio-workflow-2.0.0/lib/openstudio/workflow/util/measure.rb failed with Measure create_typical_building_from_model reported an error with [\"[openstudio.standards.Model] Model has been assigned a weather file, but the file is not in the specified location of 'file:////mnt/openstudio/analysis_72a216d4-3a64-4cd6-8e04-b9bc3af7ff20/weather/SAU_Riyadh.404380_IWEC.epw'.\"], /var/oscli/gems/ruby/2.5.0/gems/openstudio-workflow-2.0.0/lib/openstudio/workflow/util/measure.rb:560:in `apply_measure'\n/var/oscli/gems/ruby/2.5.0/gems/openstudio-workflow-2.0.0/lib/openstudio/workflow/util/measure.rb:109:in `block in apply_measures'\n/var/oscli/gems/ruby/2.5.0/gems/openstudio-workflow-2.0.0/lib/openstudio/workflow/util/measure.rb:67:in `each_index'\n/var/oscli/gems/ruby/2.5.0/gems/openstudio-workflow-2.0.0/lib/openstudio/workflow/util/measure.rb:67:in `apply_measures'\n/var/oscli/gems/ruby/2.5.0/gems/openstudio-workflow-2.0.0/lib/openstudio/workflow/jobs/run_os_measures.rb:70:in `perform'\n/var/oscli/gems/ruby/2.5.0/gems/openstudio-workflow-2.0.0/lib/openstudio/workflow/run.rb:292:in `step'\n/var/oscli/gems/ruby/2.5.0/gems/openstudio-workflow-2.0.0/lib/openstudio/workflow/run.rb:234:in `run'\n:/openstudio_cli.rb:960:in `execute'\n:/openstudio_cli.rb:750:in `execute'\n:/openstudio_cli.rb:1744:in `<main>'\neval:174:in `eval'\neval:174:in `require_embedded_absolute'\neval:160:in `block in require_embedded'\neval:154:in `each'\neval:154:in `require_embedded'\neval:113:in `require'\neval:3:in `<main>' in /var/oscli/gems/ruby/2.5.0/gems/openstudio-workflow-2.0.0/lib/openstudio/workflow/util/measure.rb:598:in `rescue in apply_measure'\n/var/oscli/gems/ruby/2.5.0/gems/openstudio-workflow-2.0.0/lib/openstudio/workflow/util/measure.rb:548:in `apply_measure'\n/var/oscli/gems/ruby/2.5.0/gems/openstudio-workflow-2.0.0/lib/openstudio/workflow/util/measure.rb:109:in `block in apply_measures'\n/var/oscli/gems/ruby/2.5.0/gems/openstudio-workflow-2.0.0/lib/openstudio/workflow/util/measure.rb:67:in `each_index'\n/var/oscli/gems/ruby/2.5.0/gems/openstudio-workflow-2.0.0/lib/openstudio/workflow/util/measure.rb:67:in `apply_measures'\n/var/oscli/gems/ruby/2.5.0/gems/openstudio-workflow-2.0.0/lib/openstudio/workflow/jobs/run_os_measures.rb:70:in `perform'\n/var/oscli/gems/ruby/2.5.0/gems/openstudio-workflow-2.0.0/lib/openstudio/workflow/run.rb:292:in `step'\n/var/oscli/gems/ruby/2.5.0/gems/openstudio-workflow-2.0.0/lib/openstudio/workflow/run.rb:234:in `run'\n:/openstudio_cli.rb:960:in `execute'\n:/openstudio_cli.rb:750:in `execute'\n:/openstudio_cli.rb:1744:in `<main>'\neval:174:in `eval'\neval:174:in `require_embedded_absolute'\neval:160:in `block in require_embedded'\neval:154:in `each'\neval:154:in `require_embedded'\neval:113:in `require'\neval:3:in `<main>':/var/oscli/gems/ruby/2.5.0/gems/openstudio-workflow-2.0.0/lib/openstudio/workflow/util/measure.rb:647:in `rescue in apply_measure'\n/var/oscli/gems/ruby/2.5.0/gems/openstudio-workflow-2.0.0/lib/openstudio/workflow/util/measure.rb:305:in `apply_measure'\n/var/oscli/gems/ruby/2.5.0/gems/openstudio-workflow-2.0.0/lib/openstudio/workflow/util/measure.rb:109:in `block in apply_measures'\n/var/oscli/gems/ruby/2.5.0/gems/openstudio-workflow-2.0.0/lib/openstudio/workflow/util/measure.rb:67:in `each_index'\n/var/oscli/gems/ruby/2.5.0/gems/openstudio-workflow-2.0.0/lib/openstudio/workflow/util/measure.rb:67:in `apply_measures'\n/var/oscli/gems/ruby/2.5.0/gems/openstudio-workflow-2.0.0/lib/openstudio/workflow/jobs/run_os_measures.rb:70:in `perform'\n/var/oscli/gems/ruby/2.5.0/gems/openstudio-workflow-2.0.0/lib/openstudio/workflow/run.rb:292:in `step'\n/var/oscli/gems/ruby/2.5.0/gems/openstudio-workflow-2.0.0/lib/openstudio/workflow/run.rb:234:in `run'\n:/openstudio_cli.rb:960:in `execute'\n:/openstudio_cli.rb:750:in `execute'\n:/openstudio_cli.rb:1744:in `<main>'\neval:174:in `eval'\neval:174:in `require_embedded_absolute'\neval:160:in `block in require_embedded'\neval:154:in `each'\neval:154:in `require_embedded'\neval:113:in `require'\neval:3:in `<main>'"]}

[19:29:22.859015 ERROR] Could not find results /mnt/openstudio/analysis_72a216d4-3a64-4cd6-8e04-b9bc3af7ff20/data_point_2701532c-8295-48d1-b0bd-cdee9b751497/run/measure_attributes.json
[19:29:22.859072 INFO] Saving files/reports back to the server
[19:29:22.859382 INFO] Saving report /mnt/openstudio/analysis_72a216d4-3a64-4cd6-8e04-b9bc3af7ff20/data_point_2701532c-8295-48d1-b0bd-cdee9b751497/out.osw to http://web:80/data_points/2701532c-8295-48d1-b0bd-cdee9b751497/upload_file
[19:29:22.895367 INFO] Saving report responded with {"id":"5efb9292ce5ea001702bb75a","data_point_id":"2701532c-8295-48d1-b0bd-cdee9b751497","display_name":"Final OSW File","type":"Report","created_at":"2020-06-30T19:29:22.873Z","updated_at":"2020-06-30T19:29:22.873Z"}
[19:29:22.895760 INFO] Saving report /mnt/openstudio/analysis_72a216d4-3a64-4cd6-8e04-b9bc3af7ff20/data_point_2701532c-8295-48d1-b0bd-cdee9b751497/run/data_point.zip to http://web:80/data_points/2701532c-8295-48d1-b0bd-cdee9b751497/upload_file
[19:29:22.950358 INFO] Saving report responded with {"id":"5efb9292ce5ea001352be9bf","data_point_id":"2701532c-8295-48d1-b0bd-cdee9b751497","display_name":"Zip File","type":"Data Point","created_at":"2020-06-30T19:29:22.931Z","updated_at":"2020-06-30T19:29:22.931Z"}
[19:29:22.950635 INFO] Checking for presence of args file at /mnt/openstudio/analysis_72a216d4-3a64-4cd6-8e04-b9bc3af7ff20/scripts/data_point/finalize.args
[19:29:22.950698 INFO] Checking for presence of script file at /mnt/openstudio/analysis_72a216d4-3a64-4cd6-8e04-b9bc3af7ff20/scripts/data_point/finalize.sh
[19:29:22.954716 INFO] Finished /opt/openstudio/server/app/jobs/dj_jobs/run_simulate_data_point.rb
