# Logfile created on 2020-06-30 19:29:01 +0000 by logger.rb/61378
[19:29:01.726194 INFO] Server host is http://web:80
[19:29:01.726315 INFO] Analysis directory is /mnt/openstudio/analysis_72a216d4-3a64-4cd6-8e04-b9bc3af7ff20
[19:29:01.726376 INFO] Simulation directory is /mnt/openstudio/analysis_72a216d4-3a64-4cd6-8e04-b9bc3af7ff20/data_point_db9d937f-8840-4f4f-a257-53ad1c627b19
[19:29:01.726411 INFO] Run datapoint type/file is 
[19:29:01.726456 INFO] Starting initialize_worker for datapoint db9d937f-8840-4f4f-a257-53ad1c627b19
[19:29:01.726768 INFO] Downloading analysis zip from http://web:80/analyses/72a216d4-3a64-4cd6-8e04-b9bc3af7ff20/download_analysis_zip
[19:29:06.218120 INFO] Extracting analysis zip to /mnt/openstudio/analysis_72a216d4-3a64-4cd6-8e04-b9bc3af7ff20
[19:29:06.235960 INFO] Zip: Extracting lib/resources/ASHRAE_zone12_Spec.idf
[19:29:06.237505 INFO] Zip: Extracting lib/resources/ASHRAE_zone3_Spec.idf
[19:29:06.238083 INFO] Zip: Extracting lib/resources/ASHRAE_zone456_Spec.idf
[19:29:06.238740 INFO] Zip: Extracting lib/resources/ASHRAE_zone78_Spec.idf
[19:29:06.239346 INFO] Zip: Extracting lib/resources/GlzSys19_13F-air-9_Spec.idf
[19:29:06.240731 INFO] Zip: Extracting lib/resources/GlzSys20_14F-air-3000_Spec.idf
[19:29:06.242019 INFO] Zip: Extracting lib/resources/GlzSys21_13F-air-3000_Spec.idf
[19:29:06.243385 INFO] Zip: Extracting lib/resources/GlzSys_10-air-9_Spec.idf
[19:29:06.244852 INFO] Zip: Extracting lib/resources/GlzSys_10F-air-3000_Spec.idf
[19:29:06.246215 INFO] Zip: Extracting lib/resources/GlzSys_11F-air-3000_Spec.idf
[19:29:06.247592 INFO] Zip: Extracting lib/resources/GlzSys_16095-air-3000_Spec.idf
[19:29:06.248996 INFO] Zip: Extracting lib/resources/GlzSys_16095-air-9_Spec.idf
[19:29:06.250315 INFO] Zip: Extracting lib/resources/GlzSys_6374-air-3000_Spec.idf
[19:29:06.251621 INFO] Zip: Extracting lib/resources/GlzSys_Dark_PV_Spec.idf
[19:29:06.252587 INFO] Zip: Extracting lib/resources/GlzSys_Light_PV_Spec.idf
[19:29:06.253412 INFO] Zip: Extracting lib/resources/GlzSys_Thermochromic_30C.idf
[19:29:06.254490 INFO] Zip: Extracting lib/resources/GlzSys_Thermochromic_35C.idf
[19:29:06.255522 INFO] Zip: Extracting lib/resources/GlzSys_Thermochromic_40C.idf
[19:29:06.256579 INFO] Zip: Extracting lib/resources/SG_zone12_Spec.idf
[19:29:06.257640 INFO] Zip: Extracting lib/resources/SG_zone3_Spec.idf
[19:29:06.258589 INFO] Zip: Extracting lib/resources/SG_zone456_Spec.idf
[19:29:06.260039 INFO] Zip: Extracting lib/resources/SG_zone78_Spec.idf
[19:29:06.261512 INFO] Zip: Extracting lib/resources/Window_PV_No_frame_Spec_Spec.idf
[19:29:06.262355 INFO] Zip: Extracting lib/resources/Window_PV_frame_Spec.idf
[19:29:06.263207 INFO] Zip: Extracting measures/AddMeter/
[19:29:06.263435 INFO] Zip: Extracting measures/AddMeter/LICENSE.md
[19:29:06.263866 INFO] Zip: Extracting measures/AddMeter/New folder/
[19:29:06.264053 INFO] Zip: Extracting measures/AddMeter/README.md
[19:29:06.264508 INFO] Zip: Extracting measures/AddMeter/README.md.erb
[19:29:06.265040 INFO] Zip: Extracting measures/AddMeter/measure.rb
[19:29:06.265539 INFO] Zip: Extracting measures/AddMeter/measure.xml
[19:29:06.265992 INFO] Zip: Extracting measures/AddMeter/tests/
[19:29:06.266199 INFO] Zip: Extracting measures/AddMeter/tests/AddMeter_Test.rb
[19:29:06.266694 INFO] Zip: Extracting measures/AddOutputVariable/
[19:29:06.266901 INFO] Zip: Extracting measures/AddOutputVariable/LICENSE.md
[19:29:06.267374 INFO] Zip: Extracting measures/AddOutputVariable/README.md
[19:29:06.267757 INFO] Zip: Extracting measures/AddOutputVariable/README.md.erb
[19:29:06.268152 INFO] Zip: Extracting measures/AddOutputVariable/measure.rb
[19:29:06.268623 INFO] Zip: Extracting measures/AddOutputVariable/measure.xml
[19:29:06.269108 INFO] Zip: Extracting measures/AddOutputVariable/tests/
[19:29:06.269288 INFO] Zip: Extracting measures/AddOutputVariable/tests/AddOutputVariable_Test.rb
[19:29:06.269746 INFO] Zip: Extracting measures/ChangeBuildingLocation/
[19:29:06.269937 INFO] Zip: Extracting measures/ChangeBuildingLocation/LICENSE.md
[19:29:06.270351 INFO] Zip: Extracting measures/ChangeBuildingLocation/README.md
[19:29:06.270832 INFO] Zip: Extracting measures/ChangeBuildingLocation/README.md.erb
[19:29:06.271215 INFO] Zip: Extracting measures/ChangeBuildingLocation/measure.rb
[19:29:06.271719 INFO] Zip: Extracting measures/ChangeBuildingLocation/measure.xml
[19:29:06.272270 INFO] Zip: Extracting measures/ChangeBuildingLocation/resources/
[19:29:06.272487 INFO] Zip: Extracting measures/ChangeBuildingLocation/resources/epw.rb
[19:29:06.272991 INFO] Zip: Extracting measures/ChangeBuildingLocation/resources/os_lib_helper_methods.rb
[19:29:06.273488 INFO] Zip: Extracting measures/ChangeBuildingLocation/resources/stat_file.rb
[19:29:06.273988 INFO] Zip: Extracting measures/ChangeBuildingLocation/tests/
[19:29:06.274163 INFO] Zip: Extracting measures/ChangeBuildingLocation/tests/USA_MA_Boston-Logan.Intl.AP.725090_TMY3.ddy
[19:29:06.274688 INFO] Zip: Extracting measures/ChangeBuildingLocation/tests/USA_MA_Boston-Logan.Intl.AP.725090_TMY3.epw
[19:29:06.288186 INFO] Zip: Extracting measures/ChangeBuildingLocation/tests/USA_MA_Boston-Logan.Intl.AP.725090_TMY3.stat
[19:29:06.289208 INFO] Zip: Extracting measures/ChangeBuildingLocation/tests/USA_WA_Renton.Muni.AP.727934_TMY3.ddy
[19:29:06.289644 INFO] Zip: Extracting measures/ChangeBuildingLocation/tests/USA_WA_Renton.Muni.AP.727934_TMY3.epw
[19:29:06.307824 INFO] Zip: Extracting measures/ChangeBuildingLocation/tests/USA_WA_Renton.Muni.AP.727934_TMY3.stat
[19:29:06.308795 INFO] Zip: Extracting measures/ChangeBuildingLocation/tests/another_weather_file.ddy
[19:29:06.309342 INFO] Zip: Extracting measures/ChangeBuildingLocation/tests/another_weather_file.epw
[19:29:06.326634 INFO] Zip: Extracting measures/ChangeBuildingLocation/tests/another_weather_file.stat
[19:29:06.327562 INFO] Zip: Extracting measures/ChangeBuildingLocation/tests/change_building_location_test.rb
[19:29:06.328049 INFO] Zip: Extracting measures/ChangeBuildingLocation/tests/multiyear.ddy
[19:29:06.328601 INFO] Zip: Extracting measures/ChangeBuildingLocation/tests/multiyear.epw
[19:29:06.329022 INFO] Zip: Extracting measures/ChangeBuildingLocation/tests/multiyear.stat
[19:29:06.329706 INFO] Zip: Extracting measures/ChangeBuildingLocation/tests/test.osm
[19:29:06.334735 INFO] Zip: Extracting measures/ChangeBuildingLocation/tests/test.osw
[19:29:06.335975 INFO] Zip: Extracting measures/ServerDirectoryCleanup/
[19:29:06.336208 INFO] Zip: Extracting measures/ServerDirectoryCleanup/LICENSE.md
[19:29:06.336807 INFO] Zip: Extracting measures/ServerDirectoryCleanup/measure.rb
[19:29:06.337379 INFO] Zip: Extracting measures/ServerDirectoryCleanup/measure.xml
[19:29:06.337951 INFO] Zip: Extracting measures/ServerDirectoryCleanup/tests/
[19:29:06.338125 INFO] Zip: Extracting measures/ServerDirectoryCleanup/tests/ServerDirectoryCleanup_test.rb
[19:29:06.338654 INFO] Zip: Extracting measures/ServerDirectoryCleanup/tests/USA_CO_Golden-NREL.724666_TMY3.epw
[19:29:06.357726 INFO] Zip: Extracting measures/ServerDirectoryCleanup/tests/example_model.osm
[19:29:06.360022 INFO] Zip: Extracting measures/WindowPV_reporting/
[19:29:06.360294 INFO] Zip: Extracting measures/WindowPV_reporting/measure.rb
[19:29:06.361169 INFO] Zip: Extracting measures/WindowPV_reporting/measure.xml
[19:29:06.361791 INFO] Zip: Extracting measures/WindowPV_reporting/resources/
[19:29:06.361982 INFO] Zip: Extracting measures/WindowPV_reporting/resources/os_lib_helper_methods.rb
[19:29:06.362599 INFO] Zip: Extracting measures/WindowPV_reporting/resources/report.html.in
[19:29:06.363128 INFO] Zip: Extracting measures/WindowPV_reporting/tests/
[19:29:06.363314 INFO] Zip: Extracting measures/WindowPV_reporting/tests/USA_CO_Golden-NREL.724666_TMY3.epw
[19:29:06.382680 INFO] Zip: Extracting measures/WindowPV_reporting/tests/example_model.osm
[19:29:06.385054 INFO] Zip: Extracting measures/WindowPV_reporting/tests/ubi_qd_reporting_test.rb
[19:29:06.385809 INFO] Zip: Extracting measures/a_inject_window_specific_idf_objects/
[19:29:06.386026 INFO] Zip: Extracting measures/a_inject_window_specific_idf_objects/LICENSE.md
[19:29:06.386631 INFO] Zip: Extracting measures/a_inject_window_specific_idf_objects/measure.rb
[19:29:06.387400 INFO] Zip: Extracting measures/a_inject_window_specific_idf_objects/measure.xml
[19:29:06.388011 INFO] Zip: Extracting measures/a_inject_window_specific_idf_objects/tests/
[19:29:06.388209 INFO] Zip: Extracting measures/a_inject_window_specific_idf_objects/tests/EnvelopeAndLoadTestModel_01.osm
[19:29:06.554727 INFO] Zip: Extracting measures/a_inject_window_specific_idf_objects/tests/Example B - BlockEnergyCharge.idf
[19:29:06.555347 INFO] Zip: Extracting measures/a_inject_window_specific_idf_objects/tests/measure_Test.rb
[19:29:06.555800 INFO] Zip: Extracting measures/a_inject_window_specific_idf_objects/tests/test.osw
[19:29:06.556614 INFO] Zip: Extracting measures/add_thermochromic_bipv/
[19:29:06.556822 INFO] Zip: Extracting measures/add_thermochromic_bipv/measure.rb
[19:29:06.557369 INFO] Zip: Extracting measures/add_thermochromic_bipv/measure.xml
[19:29:06.557843 INFO] Zip: Extracting measures/add_thermochromic_bipv/resources/
[19:29:06.558042 INFO] Zip: Extracting measures/add_thermochromic_bipv/resources/HVACSizing.Model.rb
[19:29:06.558618 INFO] Zip: Extracting measures/add_thermochromic_bipv/resources/Standards.Construction.rb
[19:29:06.559064 INFO] Zip: Extracting measures/add_thermochromic_bipv/resources/os_lib_helper_methods.rb
[19:29:06.559558 INFO] Zip: Extracting measures/add_thermochromic_bipv/resources/os_lib_schedules.rb
[19:29:06.560218 INFO] Zip: Extracting measures/create_bar_from_building_type_ratios/
[19:29:06.560439 INFO] Zip: Extracting measures/create_bar_from_building_type_ratios/LICENSE.md
[19:29:06.560880 INFO] Zip: Extracting measures/create_bar_from_building_type_ratios/README.md
[19:29:06.561340 INFO] Zip: Extracting measures/create_bar_from_building_type_ratios/README.md.erb
[19:29:06.561755 INFO] Zip: Extracting measures/create_bar_from_building_type_ratios/measure.rb
[19:29:06.562471 INFO] Zip: Extracting measures/create_bar_from_building_type_ratios/measure.xml
[19:29:06.563019 INFO] Zip: Extracting measures/create_bar_from_building_type_ratios/resources/
[19:29:06.563222 INFO] Zip: Extracting measures/create_bar_from_building_type_ratios/resources/os_lib_geometry.rb
[19:29:06.563990 INFO] Zip: Extracting measures/create_bar_from_building_type_ratios/resources/os_lib_helper_methods.rb
[19:29:06.564566 INFO] Zip: Extracting measures/create_bar_from_building_type_ratios/resources/os_lib_model_generation.rb
[19:29:06.565311 INFO] Zip: Extracting measures/create_bar_from_building_type_ratios/resources/os_lib_model_simplification.rb
[19:29:06.566103 INFO] Zip: Extracting measures/create_bar_from_building_type_ratios/tests/
[19:29:06.566305 INFO] Zip: Extracting measures/create_bar_from_building_type_ratios/tests/create_bar_from_building_type_ratios_test.rb
[19:29:06.566849 INFO] Zip: Extracting measures/create_bar_from_building_type_ratios/tests/example_model.osm
[19:29:06.569687 INFO] Zip: Extracting measures/create_typical_building_from_model/
[19:29:06.569971 INFO] Zip: Extracting measures/create_typical_building_from_model/LICENSE.md
[19:29:06.570484 INFO] Zip: Extracting measures/create_typical_building_from_model/README.md
[19:29:06.570945 INFO] Zip: Extracting measures/create_typical_building_from_model/README.md.erb
[19:29:06.571362 INFO] Zip: Extracting measures/create_typical_building_from_model/measure.rb
[19:29:06.572070 INFO] Zip: Extracting measures/create_typical_building_from_model/measure.xml
[19:29:06.572620 INFO] Zip: Extracting measures/create_typical_building_from_model/resources/
[19:29:06.572819 INFO] Zip: Extracting measures/create_typical_building_from_model/resources/Model.hvac.rb
[19:29:06.573354 INFO] Zip: Extracting measures/create_typical_building_from_model/resources/os_lib_helper_methods.rb
[19:29:06.573894 INFO] Zip: Extracting measures/create_typical_building_from_model/resources/os_lib_model_generation.rb
[19:29:06.574617 INFO] Zip: Extracting measures/create_typical_building_from_model/tests/
[19:29:06.574826 INFO] Zip: Extracting measures/create_typical_building_from_model/tests/GenericGbxml.osm
[19:29:06.577849 INFO] Zip: Extracting measures/create_typical_building_from_model/tests/LargeOffice04.osm
[19:29:06.586358 INFO] Zip: Extracting measures/create_typical_building_from_model/tests/MidriseApartment.osm
[19:29:06.732483 INFO] Zip: Extracting measures/create_typical_building_from_model/tests/SmallOffice.osm
[19:29:06.735018 INFO] Zip: Extracting measures/create_typical_building_from_model/tests/USA_TX_Houston-Bush.Intercontinental.AP.722430_TMY3.epw
[19:29:06.747778 INFO] Zip: Extracting measures/create_typical_building_from_model/tests/create_typical_building_from_model_test.rb
[19:29:06.748551 INFO] Zip: Extracting measures/create_typical_building_from_model/tests/test.osw
[19:29:06.749439 INFO] Zip: Extracting measures/create_typical_building_from_model/tests/test_hvac.rb
[19:29:06.749943 INFO] Zip: Extracting measures/export_variableto_csv_variables_for_bipvpce/
[19:29:06.750145 INFO] Zip: Extracting measures/export_variableto_csv_variables_for_bipvpce/measure.rb
[19:29:06.750661 INFO] Zip: Extracting measures/export_variableto_csv_variables_for_bipvpce/measure.xml
[19:29:06.751096 INFO] Zip: Extracting measures/export_variableto_csv_variables_for_bipvpce/resources/
[19:29:06.751282 INFO] Zip: Extracting measures/export_variableto_csv_variables_for_bipvpce/resources/report.html.in
[19:29:06.751682 INFO] Zip: Extracting measures/export_variableto_csv_variables_for_bipvpce/tests/
[19:29:06.751861 INFO] Zip: Extracting measures/export_variableto_csv_variables_for_bipvpce/tests/ExportVariabletoCSV_test.rb
[19:29:06.752301 INFO] Zip: Extracting measures/export_variableto_csv_variables_for_bipvpce/tests/example_model.osm
[19:29:06.753813 INFO] Zip: Extracting measures/inject_idf_window_objects/
[19:29:06.754031 INFO] Zip: Extracting measures/inject_idf_window_objects/LICENSE.md
[19:29:06.754499 INFO] Zip: Extracting measures/inject_idf_window_objects/measure.rb
[19:29:06.755019 INFO] Zip: Extracting measures/inject_idf_window_objects/measure.xml
[19:29:06.755480 INFO] Zip: Extracting measures/inject_idf_window_objects/tests/
[19:29:06.755662 INFO] Zip: Extracting measures/inject_idf_window_objects/tests/EnvelopeAndLoadTestModel_01.osm
[19:29:06.761171 INFO] Zip: Extracting measures/inject_idf_window_objects/tests/Example B - BlockEnergyCharge.idf
[19:29:06.761834 INFO] Zip: Extracting measures/inject_idf_window_objects/tests/measure_Test.rb
[19:29:06.762269 INFO] Zip: Extracting measures/inject_idf_window_objects/tests/test.osw
[19:29:06.763067 INFO] Zip: Extracting seeds/switchglaze/
[19:29:06.763281 INFO] Zip: Extracting seeds/switchglaze.osm
[19:29:06.771017 INFO] Zip: Extracting seeds/switchglaze/files/
[19:29:06.771280 INFO] Zip: Extracting seeds/switchglaze/measures/
[19:29:06.771470 INFO] Zip: Extracting seeds/switchglaze/run/
[19:29:06.771644 INFO] Zip: Extracting seeds/switchglaze/workflow.osw
[19:29:06.772129 INFO] Zip: Extracting weather/DEU_Hamburg.101470_IWEC.ddy
[19:29:06.776901 INFO] Zip: Extracting weather/DEU_Hamburg.101470_IWEC.epw
[19:29:06.789550 INFO] Zip: Extracting weather/DEU_Hamburg.101470_IWEC.stat
[19:29:06.790514 INFO] Zip: Extracting weather/JPN_Tokyo.Hyakuri.477150_IWEC.ddy
[19:29:06.791231 INFO] Zip: Extracting weather/JPN_Tokyo.Hyakuri.477150_IWEC.epw
[19:29:06.803145 INFO] Zip: Extracting weather/JPN_Tokyo.Hyakuri.477150_IWEC.stat
[19:29:06.804041 INFO] Zip: Extracting weather/SAU_Riyadh.404380_IWEC.ddy
[19:29:06.804597 INFO] Zip: Extracting weather/SAU_Riyadh.404380_IWEC.epw
[19:29:06.816811 INFO] Zip: Extracting weather/SAU_Riyadh.404380_IWEC.stat
[19:29:06.817693 INFO] Zip: Extracting weather/SGP_Singapore.486980_IWEC.ddy
[19:29:06.818220 INFO] Zip: Extracting weather/SGP_Singapore.486980_IWEC.epw
[19:29:06.830406 INFO] Zip: Extracting weather/SGP_Singapore.486980_IWEC.stat
[19:29:06.831364 INFO] Zip: Extracting weather/USA_AK_Fairbanks.Intl.AP.702610_TMY3.ddy
[19:29:06.831909 INFO] Zip: Extracting weather/USA_AK_Fairbanks.Intl.AP.702610_TMY3.epw
[19:29:06.853082 INFO] Zip: Extracting weather/USA_AK_Fairbanks.Intl.AP.702610_TMY3.stat
[19:29:06.854323 INFO] Zip: Extracting weather/USA_AZ_Tucson.Intl.AP.722740_TMY3.ddy
[19:29:06.855083 INFO] Zip: Extracting weather/USA_AZ_Tucson.Intl.AP.722740_TMY3.epw
[19:29:06.874392 INFO] Zip: Extracting weather/USA_AZ_Tucson.Intl.AP.722740_TMY3.stat
[19:29:06.875605 INFO] Zip: Extracting weather/USA_CA_San.Diego-Lindbergh.Field.722900_TMY3.ddy
[19:29:06.876415 INFO] Zip: Extracting weather/USA_CA_San.Diego-Lindbergh.Field.722900_TMY3.epw
[19:29:06.901335 INFO] Zip: Extracting weather/USA_CA_San.Diego-Lindbergh.Field.722900_TMY3.stat
[19:29:06.903361 INFO] Zip: Extracting weather/USA_CO_Denver.Intl.AP.725650_TMY3.ddy
[19:29:06.904315 INFO] Zip: Extracting weather/USA_CO_Denver.Intl.AP.725650_TMY3.epw
[19:29:07.082317 INFO] Zip: Extracting weather/USA_CO_Denver.Intl.AP.725650_TMY3.stat
[19:29:07.083441 INFO] Zip: Extracting weather/USA_FL_Tampa.Intl.AP.722110_TMY3.ddy
[19:29:07.084182 INFO] Zip: Extracting weather/USA_FL_Tampa.Intl.AP.722110_TMY3.epw
[19:29:07.101589 INFO] Zip: Extracting weather/USA_FL_Tampa.Intl.AP.722110_TMY3.stat
[19:29:07.102622 INFO] Zip: Extracting weather/USA_GA_Atlanta-Hartsfield-Jackson.Intl.AP.722190_TMY3.ddy
[19:29:07.103304 INFO] Zip: Extracting weather/USA_GA_Atlanta-Hartsfield-Jackson.Intl.AP.722190_TMY3.epw
[19:29:07.119769 INFO] Zip: Extracting weather/USA_GA_Atlanta-Hartsfield-Jackson.Intl.AP.722190_TMY3.stat
[19:29:07.120881 INFO] Zip: Extracting weather/USA_HI_Honolulu.Intl.AP.911820_TMY3.ddy
[19:29:07.121575 INFO] Zip: Extracting weather/USA_HI_Honolulu.Intl.AP.911820_TMY3.epw
[19:29:07.267945 INFO] Zip: Extracting weather/USA_HI_Honolulu.Intl.AP.911820_TMY3.stat
[19:29:07.268917 INFO] Zip: Extracting weather/USA_MN_International.Falls.Intl.AP.727470_TMY3.ddy
[19:29:07.269482 INFO] Zip: Extracting weather/USA_MN_International.Falls.Intl.AP.727470_TMY3.epw
[19:29:07.282496 INFO] Zip: Extracting weather/USA_MN_International.Falls.Intl.AP.727470_TMY3.stat
[19:29:07.283418 INFO] Zip: Extracting weather/USA_MN_Rochester.Intl.AP.726440_TMY3.ddy
[19:29:07.284024 INFO] Zip: Extracting weather/USA_MN_Rochester.Intl.AP.726440_TMY3.epw
[19:29:07.304293 INFO] Zip: Extracting weather/USA_MN_Rochester.Intl.AP.726440_TMY3.stat
[19:29:07.305167 INFO] Zip: Extracting weather/USA_MT_Great.Falls.Intl.AP.727750_TMY3.ddy
[19:29:07.305743 INFO] Zip: Extracting weather/USA_MT_Great.Falls.Intl.AP.727750_TMY3.epw
[19:29:07.318293 INFO] Zip: Extracting weather/USA_MT_Great.Falls.Intl.AP.727750_TMY3.stat
[19:29:07.319241 INFO] Zip: Extracting weather/USA_NM_Albuquerque.Intl.AP.723650_TMY3.ddy
[19:29:07.319779 INFO] Zip: Extracting weather/USA_NM_Albuquerque.Intl.AP.723650_TMY3.epw
[19:29:07.334780 INFO] Zip: Extracting weather/USA_NM_Albuquerque.Intl.AP.723650_TMY3.stat
[19:29:07.335748 INFO] Zip: Extracting weather/USA_NY_Buffalo-Greater.Buffalo.Intl.AP.725280_TMY3.ddy
[19:29:07.336326 INFO] Zip: Extracting weather/USA_NY_Buffalo-Greater.Buffalo.Intl.AP.725280_TMY3.epw
[19:29:07.351184 INFO] Zip: Extracting weather/USA_NY_Buffalo-Greater.Buffalo.Intl.AP.725280_TMY3.stat
[19:29:07.352176 INFO] Zip: Extracting weather/USA_NY_New.York-J.F.Kennedy.Intl.AP.744860_TMY3.ddy
[19:29:07.352841 INFO] Zip: Extracting weather/USA_NY_New.York-J.F.Kennedy.Intl.AP.744860_TMY3.epw
[19:29:07.370137 INFO] Zip: Extracting weather/USA_NY_New.York-J.F.Kennedy.Intl.AP.744860_TMY3.stat
[19:29:07.371152 INFO] Zip: Extracting weather/USA_TX_El.Paso.Intl.AP.722700_TMY3.ddy
[19:29:07.371866 INFO] Zip: Extracting weather/USA_TX_El.Paso.Intl.AP.722700_TMY3.epw
[19:29:07.393329 INFO] Zip: Extracting weather/USA_TX_El.Paso.Intl.AP.722700_TMY3.stat
[19:29:07.394200 INFO] Zip: Extracting weather/USA_WA_Port.Angeles-William.R.Fairchild.Intl.AP.727885_TMY3.ddy
[19:29:07.394820 INFO] Zip: Extracting weather/USA_WA_Port.Angeles-William.R.Fairchild.Intl.AP.727885_TMY3.epw
[19:29:07.406967 INFO] Zip: Extracting weather/USA_WA_Port.Angeles-William.R.Fairchild.Intl.AP.727885_TMY3.stat
[19:29:07.407952 INFO] Zip: Extracting weather/USA_WA_Seattle-Tacoma.Intl.AP.727930_TMY3.ddy
[19:29:07.408555 INFO] Zip: Extracting weather/USA_WA_Seattle-Tacoma.Intl.AP.727930_TMY3.epw
[19:29:07.420838 INFO] Zip: Extracting weather/USA_WA_Seattle-Tacoma.Intl.AP.727930_TMY3.stat
[19:29:07.425006 INFO] Downloading analysis.json from http://web:80/analyses/72a216d4-3a64-4cd6-8e04-b9bc3af7ff20.json
[19:29:07.508069 INFO] Checking for presence of args file at /mnt/openstudio/analysis_72a216d4-3a64-4cd6-8e04-b9bc3af7ff20/scripts/data_point/initialize.args
[19:29:07.508162 INFO] Checking for presence of script file at /mnt/openstudio/analysis_72a216d4-3a64-4cd6-8e04-b9bc3af7ff20/scripts/data_point/initialize.sh
[19:29:07.508220 INFO] Finished worker initialization
[19:29:07.508270 INFO] RestClient delete
[19:29:07.508315 INFO] delete post_count = 1
[19:29:07.525033 INFO] Downloading datapoint from http://web:80/data_points/db9d937f-8840-4f4f-a257-53ad1c627b19.json
[19:29:07.525115 INFO] get url post_count = 1
[19:29:07.547762 INFO] Creating Workflow Manager instance
[19:29:07.547867 INFO] Directory is /mnt/openstudio/analysis_72a216d4-3a64-4cd6-8e04-b9bc3af7ff20/data_point_db9d937f-8840-4f4f-a257-53ad1c627b19
[19:29:07.547955 INFO] Opening run.log file '/mnt/openstudio/analysis_72a216d4-3a64-4cd6-8e04-b9bc3af7ff20/data_point_db9d937f-8840-4f4f-a257-53ad1c627b19/run/run.log'
[19:29:07.548188 WARN] Error finding Oscli: OPENSTUDIO_EXE_PATH not set
[19:29:07.562906 WARN] Defaulting to fun Oscli via /usr/local/bin/openstudio
[19:29:07.563117 INFO] Returning Oscli cmd: /usr/local/bin/openstudio --bundle /var/oscli/Gemfile --bundle_path /var/oscli/gems 
[19:29:07.563350 INFO] Running workflow using cmd /usr/local/bin/openstudio --bundle /var/oscli/Gemfile --bundle_path /var/oscli/gems   run --workflow '/mnt/openstudio/analysis_72a216d4-3a64-4cd6-8e04-b9bc3af7ff20/data_point_db9d937f-8840-4f4f-a257-53ad1c627b19/data_point.osw'  and writing log to /mnt/openstudio/analysis_72a216d4-3a64-4cd6-8e04-b9bc3af7ff20/data_point_db9d937f-8840-4f4f-a257-53ad1c627b19/oscli_simulation.log
[19:29:26.760251 INFO] Oscli output: /var/oscli/gems/ruby/2.5.0/gems/openstudio-standards-0.2.11/lib/openstudio-standards/btap/btap.rb:56: warning: constant ::Fixnum is deprecated
[openstudio.standards.Model] <1> Model has been assigned a weather file, but the file is not in the specified location of 'file:////mnt/openstudio/analysis_72a216d4-3a64-4cd6-8e04-b9bc3af7ff20/weather/SAU_Riyadh.404380_IWEC.epw'.
[19:29:23.037222 WARN] Could not add loads for Plenum. Not expected for 90.1-2013
[19:29:26.361029 WARN] [openstudio.standards.Construction] Requested U-value of 0.58 for Typical Insulated Exterior Mass Wall is too low given the other materials in the construction; insulation layer will not be modified.
[19:29:26.361466 WARN] [openstudio.standards.Construction] Can only set the u-value of opaque constructions or simple glazing. U 0.60 SHGC 0.25 Dbl 2.5mm air is not opaque or simple glazing.
[19:29:26.361805 WARN] [openstudio.standards.Construction] Can only set the u-value of opaque constructions or simple glazing. U 0.65 SHGC 0.25 Dbl Ref-C-H Clr 6mm/6mm Air is not opaque or simple glazing.
[19:29:26.361916 WARN] [openstudio.standards.Construction] Requested U-value of 1.1686635536297982 for Typical Overhead Door is greater than the sum of the inside and outside resistance, and the max U-value (6.636 SI) is used instead.
[19:29:26.362142 WARN] [openstudio.standards.Construction] Can only set the u-value of opaque constructions or simple glazing. Window_U_0.75_SHGC_0.35_Skylight_Frame_Width_2.339_in is not opaque or simple glazing.
[19:29:26.362848 WARN] [openstudio.weather.Model] Could not find ground temperatures; will use generic temperatures, which will skew results.
[19:29:26.373219 ERROR] [openstudio.standards.Model] Model has been assigned a weather file, but the file is not in the specified location of 'file:////mnt/openstudio/analysis_72a216d4-3a64-4cd6-8e04-b9bc3af7ff20/weather/SAU_Riyadh.404380_IWEC.epw'.
[19:29:26.532708 ERROR] /var/oscli/gems/ruby/2.5.0/gems/openstudio-workflow-2.0.0/lib/openstudio/workflow/util/measure.rb failed with message Runner error /var/oscli/gems/ruby/2.5.0/gems/openstudio-workflow-2.0.0/lib/openstudio/workflow/util/measure.rb failed with Measure create_typical_building_from_model reported an error with ["[openstudio.standards.Model] Model has been assigned a weather file, but the file is not in the specified location of 'file:////mnt/openstudio/analysis_72a216d4-3a64-4cd6-8e04-b9bc3af7ff20/weather/SAU_Riyadh.404380_IWEC.epw'."], /var/oscli/gems/ruby/2.5.0/gems/openstudio-workflow-2.0.0/lib/openstudio/workflow/util/measure.rb:560:in `apply_measure'
/var/oscli/gems/ruby/2.5.0/gems/openstudio-workflow-2.0.0/lib/openstudio/workflow/util/measure.rb:109:in `block in apply_measures'
/var/oscli/gems/ruby/2.5.0/gems/openstudio-workflow-2.0.0/lib/openstudio/workflow/util/measure.rb:67:in `each_index'
/var/oscli/gems/ruby/2.5.0/gems/openstudio-workflow-2.0.0/lib/openstudio/workflow/util/measure.rb:67:in `apply_measures'
/var/oscli/gems/ruby/2.5.0/gems/openstudio-workflow-2.0.0/lib/openstudio/workflow/jobs/run_os_measures.rb:70:in `perform'
/var/oscli/gems/ruby/2.5.0/gems/openstudio-workflow-2.0.0/lib/openstudio/workflow/run.rb:292:in `step'
/var/oscli/gems/ruby/2.5.0/gems/openstudio-workflow-2.0.0/lib/openstudio/workflow/run.rb:234:in `run'
:/openstudio_cli.rb:960:in `execute'
:/openstudio_cli.rb:750:in `execute'
:/openstudio_cli.rb:1744:in `<main>'
eval:174:in `eval'
eval:174:in `require_embedded_absolute'
eval:160:in `block in require_embedded'
eval:154:in `each'
eval:154:in `require_embedded'
eval:113:in `require'
eval:3:in `<main>' in /var/oscli/gems/ruby/2.5.0/gems/openstudio-workflow-2.0.0/lib/openstudio/workflow/util/measure.rb:598:in `rescue in apply_measure'
/var/oscli/gems/ruby/2.5.0/gems/openstudio-workflow-2.0.0/lib/openstudio/workflow/util/measure.rb:548:in `apply_measure'
/var/oscli/gems/ruby/2.5.0/gems/openstudio-workflow-2.0.0/lib/openstudio/workflow/util/measure.rb:109:in `block in apply_measures'
/var/oscli/gems/ruby/2.5.0/gems/openstudio-workflow-2.0.0/lib/openstudio/workflow/util/measure.rb:67:in `each_index'
/var/oscli/gems/ruby/2.5.0/gems/openstudio-workflow-2.0.0/lib/openstudio/workflow/util/measure.rb:67:in `apply_measures'
/var/oscli/gems/ruby/2.5.0/gems/openstudio-workflow-2.0.0/lib/openstudio/workflow/jobs/run_os_measures.rb:70:in `perform'
/var/oscli/gems/ruby/2.5.0/gems/openstudio-workflow-2.0.0/lib/openstudio/workflow/run.rb:292:in `step'
/var/oscli/gems/ruby/2.5.0/gems/openstudio-workflow-2.0.0/lib/openstudio/workflow/run.rb:234:in `run'
:/openstudio_cli.rb:960:in `execute'
:/openstudio_cli.rb:750:in `execute'
:/openstudio_cli.rb:1744:in `<main>'
eval:174:in `eval'
eval:174:in `require_embedded_absolute'
eval:160:in `block in require_embedded'
eval:154:in `each'
eval:154:in `require_embedded'
eval:113:in `require'
eval:3:in `<main>'
[19:29:26.535428 ERROR] Found error in state 'os_measures' with message ["/var/oscli/gems/ruby/2.5.0/gems/openstudio-workflow-2.0.0/lib/openstudio/workflow/util/measure.rb failed with message Runner error /var/oscli/gems/ruby/2.5.0/gems/openstudio-workflow-2.0.0/lib/openstudio/workflow/util/measure.rb failed with Measure create_typical_building_from_model reported an error with [\"[openstudio.standards.Model] Model has been assigned a weather file, but the file is not in the specified location of 'file:////mnt/openstudio/analysis_72a216d4-3a64-4cd6-8e04-b9bc3af7ff20/weather/SAU_Riyadh.404380_IWEC.epw'.\"], /var/oscli/gems/ruby/2.5.0/gems/openstudio-workflow-2.0.0/lib/openstudio/workflow/util/measure.rb:560:in `apply_measure'\n/var/oscli/gems/ruby/2.5.0/gems/openstudio-workflow-2.0.0/lib/openstudio/workflow/util/measure.rb:109:in `block in apply_measures'\n/var/oscli/gems/ruby/2.5.0/gems/openstudio-workflow-2.0.0/lib/openstudio/workflow/util/measure.rb:67:in `each_index'\n/var/oscli/gems/ruby/2.5.0/gems/openstudio-workflow-2.0.0/lib/openstudio/workflow/util/measure.rb:67:in `apply_measures'\n/var/oscli/gems/ruby/2.5.0/gems/openstudio-workflow-2.0.0/lib/openstudio/workflow/jobs/run_os_measures.rb:70:in `perform'\n/var/oscli/gems/ruby/2.5.0/gems/openstudio-workflow-2.0.0/lib/openstudio/workflow/run.rb:292:in `step'\n/var/oscli/gems/ruby/2.5.0/gems/openstudio-workflow-2.0.0/lib/openstudio/workflow/run.rb:234:in `run'\n:/openstudio_cli.rb:960:in `execute'\n:/openstudio_cli.rb:750:in `execute'\n:/openstudio_cli.rb:1744:in `<main>'\neval:174:in `eval'\neval:174:in `require_embedded_absolute'\neval:160:in `block in require_embedded'\neval:154:in `each'\neval:154:in `require_embedded'\neval:113:in `require'\neval:3:in `<main>' in /var/oscli/gems/ruby/2.5.0/gems/openstudio-workflow-2.0.0/lib/openstudio/workflow/util/measure.rb:598:in `rescue in apply_measure'\n/var/oscli/gems/ruby/2.5.0/gems/openstudio-workflow-2.0.0/lib/openstudio/workflow/util/measure.rb:548:in `apply_measure'\n/var/oscli/gems/ruby/2.5.0/gems/openstudio-workflow-2.0.0/lib/openstudio/workflow/util/measure.rb:109:in `block in apply_measures'\n/var/oscli/gems/ruby/2.5.0/gems/openstudio-workflow-2.0.0/lib/openstudio/workflow/util/measure.rb:67:in `each_index'\n/var/oscli/gems/ruby/2.5.0/gems/openstudio-workflow-2.0.0/lib/openstudio/workflow/util/measure.rb:67:in `apply_measures'\n/var/oscli/gems/ruby/2.5.0/gems/openstudio-workflow-2.0.0/lib/openstudio/workflow/jobs/run_os_measures.rb:70:in `perform'\n/var/oscli/gems/ruby/2.5.0/gems/openstudio-workflow-2.0.0/lib/openstudio/workflow/run.rb:292:in `step'\n/var/oscli/gems/ruby/2.5.0/gems/openstudio-workflow-2.0.0/lib/openstudio/workflow/run.rb:234:in `run'\n:/openstudio_cli.rb:960:in `execute'\n:/openstudio_cli.rb:750:in `execute'\n:/openstudio_cli.rb:1744:in `<main>'\neval:174:in `eval'\neval:174:in `require_embedded_absolute'\neval:160:in `block in require_embedded'\neval:154:in `each'\neval:154:in `require_embedded'\neval:113:in `require'\neval:3:in `<main>':/var/oscli/gems/ruby/2.5.0/gems/openstudio-workflow-2.0.0/lib/openstudio/workflow/util/measure.rb:647:in `rescue in apply_measure'\n/var/oscli/gems/ruby/2.5.0/gems/openstudio-workflow-2.0.0/lib/openstudio/workflow/util/measure.rb:305:in `apply_measure'\n/var/oscli/gems/ruby/2.5.0/gems/openstudio-workflow-2.0.0/lib/openstudio/workflow/util/measure.rb:109:in `block in apply_measures'\n/var/oscli/gems/ruby/2.5.0/gems/openstudio-workflow-2.0.0/lib/openstudio/workflow/util/measure.rb:67:in `each_index'\n/var/oscli/gems/ruby/2.5.0/gems/openstudio-workflow-2.0.0/lib/openstudio/workflow/util/measure.rb:67:in `apply_measures'\n/var/oscli/gems/ruby/2.5.0/gems/openstudio-workflow-2.0.0/lib/openstudio/workflow/jobs/run_os_measures.rb:70:in `perform'\n/var/oscli/gems/ruby/2.5.0/gems/openstudio-workflow-2.0.0/lib/openstudio/workflow/run.rb:292:in `step'\n/var/oscli/gems/ruby/2.5.0/gems/openstudio-workflow-2.0.0/lib/openstudio/workflow/run.rb:234:in `run'\n:/openstudio_cli.rb:960:in `execute'\n:/openstudio_cli.rb:750:in `execute'\n:/openstudio_cli.rb:1744:in `<main>'\neval:174:in `eval'\neval:174:in `require_embedded_absolute'\neval:160:in `block in require_embedded'\neval:154:in `each'\neval:154:in `require_embedded'\neval:113:in `require'\neval:3:in `<main>'"]}

[19:29:26.760988 ERROR] Could not find results /mnt/openstudio/analysis_72a216d4-3a64-4cd6-8e04-b9bc3af7ff20/data_point_db9d937f-8840-4f4f-a257-53ad1c627b19/run/measure_attributes.json
[19:29:26.761030 INFO] Saving files/reports back to the server
[19:29:26.761230 INFO] Saving report /mnt/openstudio/analysis_72a216d4-3a64-4cd6-8e04-b9bc3af7ff20/data_point_db9d937f-8840-4f4f-a257-53ad1c627b19/out.osw to http://web:80/data_points/db9d937f-8840-4f4f-a257-53ad1c627b19/upload_file
[19:29:26.785500 INFO] Saving report responded with {"id":"5efb9296ce5ea001352be9e2","data_point_id":"db9d937f-8840-4f4f-a257-53ad1c627b19","display_name":"Final OSW File","type":"Report","created_at":"2020-06-30T19:29:26.773Z","updated_at":"2020-06-30T19:29:26.773Z"}
[19:29:26.785773 INFO] Saving report /mnt/openstudio/analysis_72a216d4-3a64-4cd6-8e04-b9bc3af7ff20/data_point_db9d937f-8840-4f4f-a257-53ad1c627b19/run/data_point.zip to http://web:80/data_points/db9d937f-8840-4f4f-a257-53ad1c627b19/upload_file
[19:29:26.817785 INFO] Saving report responded with {"id":"5efb9296ce5ea001352be9e3","data_point_id":"db9d937f-8840-4f4f-a257-53ad1c627b19","display_name":"Zip File","type":"Data Point","created_at":"2020-06-30T19:29:26.804Z","updated_at":"2020-06-30T19:29:26.804Z"}
[19:29:26.818001 INFO] Checking for presence of args file at /mnt/openstudio/analysis_72a216d4-3a64-4cd6-8e04-b9bc3af7ff20/scripts/data_point/finalize.args
[19:29:26.818049 INFO] Checking for presence of script file at /mnt/openstudio/analysis_72a216d4-3a64-4cd6-8e04-b9bc3af7ff20/scripts/data_point/finalize.sh
[19:29:26.821326 INFO] Finished /opt/openstudio/server/app/jobs/dj_jobs/run_simulate_data_point.rb
