# Logfile created on 2020-06-30 19:29:00 +0000 by logger.rb/61378
[19:29:00.122545 INFO] Server host is http://web:80
[19:29:00.122698 INFO] Analysis directory is /mnt/openstudio/analysis_72a216d4-3a64-4cd6-8e04-b9bc3af7ff20
[19:29:00.122833 INFO] Simulation directory is /mnt/openstudio/analysis_72a216d4-3a64-4cd6-8e04-b9bc3af7ff20/data_point_7c06e630-85c2-4635-bb0a-75c3dbe3b0ce
[19:29:00.122912 INFO] Run datapoint type/file is 
[19:29:00.122961 INFO] Starting initialize_worker for datapoint 7c06e630-85c2-4635-bb0a-75c3dbe3b0ce
[19:29:00.123533 INFO] Downloading analysis zip from http://web:80/analyses/72a216d4-3a64-4cd6-8e04-b9bc3af7ff20/download_analysis_zip
[19:29:01.194865 INFO] Extracting analysis zip to /mnt/openstudio/analysis_72a216d4-3a64-4cd6-8e04-b9bc3af7ff20
[19:29:01.206854 INFO] Zip: Extracting lib/resources/ASHRAE_zone12_Spec.idf
[19:29:01.208215 INFO] Zip: Extracting lib/resources/ASHRAE_zone3_Spec.idf
[19:29:01.208808 INFO] Zip: Extracting lib/resources/ASHRAE_zone456_Spec.idf
[19:29:01.209466 INFO] Zip: Extracting lib/resources/ASHRAE_zone78_Spec.idf
[19:29:01.210102 INFO] Zip: Extracting lib/resources/GlzSys19_13F-air-9_Spec.idf
[19:29:01.211578 INFO] Zip: Extracting lib/resources/GlzSys20_14F-air-3000_Spec.idf
[19:29:01.213054 INFO] Zip: Extracting lib/resources/GlzSys21_13F-air-3000_Spec.idf
[19:29:01.214484 INFO] Zip: Extracting lib/resources/GlzSys_10-air-9_Spec.idf
[19:29:01.215950 INFO] Zip: Extracting lib/resources/GlzSys_10F-air-3000_Spec.idf
[19:29:01.217415 INFO] Zip: Extracting lib/resources/GlzSys_11F-air-3000_Spec.idf
[19:29:01.218872 INFO] Zip: Extracting lib/resources/GlzSys_16095-air-3000_Spec.idf
[19:29:01.220292 INFO] Zip: Extracting lib/resources/GlzSys_16095-air-9_Spec.idf
[19:29:01.221783 INFO] Zip: Extracting lib/resources/GlzSys_6374-air-3000_Spec.idf
[19:29:01.223198 INFO] Zip: Extracting lib/resources/GlzSys_Dark_PV_Spec.idf
[19:29:01.224031 INFO] Zip: Extracting lib/resources/GlzSys_Light_PV_Spec.idf
[19:29:01.224882 INFO] Zip: Extracting lib/resources/GlzSys_Thermochromic_30C.idf
[19:29:01.225932 INFO] Zip: Extracting lib/resources/GlzSys_Thermochromic_35C.idf
[19:29:01.226966 INFO] Zip: Extracting lib/resources/GlzSys_Thermochromic_40C.idf
[19:29:01.228027 INFO] Zip: Extracting lib/resources/SG_zone12_Spec.idf
[19:29:01.229082 INFO] Zip: Extracting lib/resources/SG_zone3_Spec.idf
[19:29:01.230123 INFO] Zip: Extracting lib/resources/SG_zone456_Spec.idf
[19:29:01.231589 INFO] Zip: Extracting lib/resources/SG_zone78_Spec.idf
[19:29:01.233234 INFO] Zip: Extracting lib/resources/Window_PV_No_frame_Spec_Spec.idf
[19:29:01.234053 INFO] Zip: Extracting lib/resources/Window_PV_frame_Spec.idf
[19:29:01.234898 INFO] Zip: Extracting measures/AddMeter/
[19:29:01.235086 INFO] Zip: Extracting measures/AddMeter/LICENSE.md
[19:29:01.353313 INFO] Zip: Extracting measures/AddMeter/New folder/
[19:29:01.353574 INFO] Zip: Extracting measures/AddMeter/README.md
[19:29:01.353996 INFO] Zip: Extracting measures/AddMeter/README.md.erb
[19:29:01.354340 INFO] Zip: Extracting measures/AddMeter/measure.rb
[19:29:01.354726 INFO] Zip: Extracting measures/AddMeter/measure.xml
[19:29:01.355067 INFO] Zip: Extracting measures/AddMeter/tests/
[19:29:01.355209 INFO] Zip: Extracting measures/AddMeter/tests/AddMeter_Test.rb
[19:29:01.355563 INFO] Zip: Extracting measures/AddOutputVariable/
[19:29:01.355707 INFO] Zip: Extracting measures/AddOutputVariable/LICENSE.md
[19:29:01.356049 INFO] Zip: Extracting measures/AddOutputVariable/README.md
[19:29:01.356412 INFO] Zip: Extracting measures/AddOutputVariable/README.md.erb
[19:29:01.356758 INFO] Zip: Extracting measures/AddOutputVariable/measure.rb
[19:29:01.357146 INFO] Zip: Extracting measures/AddOutputVariable/measure.xml
[19:29:01.357508 INFO] Zip: Extracting measures/AddOutputVariable/tests/
[19:29:01.357650 INFO] Zip: Extracting measures/AddOutputVariable/tests/AddOutputVariable_Test.rb
[19:29:01.358000 INFO] Zip: Extracting measures/ChangeBuildingLocation/
[19:29:01.358144 INFO] Zip: Extracting measures/ChangeBuildingLocation/LICENSE.md
[19:29:01.358493 INFO] Zip: Extracting measures/ChangeBuildingLocation/README.md
[19:29:01.358837 INFO] Zip: Extracting measures/ChangeBuildingLocation/README.md.erb
[19:29:01.359173 INFO] Zip: Extracting measures/ChangeBuildingLocation/measure.rb
[19:29:01.359597 INFO] Zip: Extracting measures/ChangeBuildingLocation/measure.xml
[19:29:01.359968 INFO] Zip: Extracting measures/ChangeBuildingLocation/resources/
[19:29:01.360107 INFO] Zip: Extracting measures/ChangeBuildingLocation/resources/epw.rb
[19:29:01.360532 INFO] Zip: Extracting measures/ChangeBuildingLocation/resources/os_lib_helper_methods.rb
[19:29:01.360976 INFO] Zip: Extracting measures/ChangeBuildingLocation/resources/stat_file.rb
[19:29:01.361351 INFO] Zip: Extracting measures/ChangeBuildingLocation/tests/
[19:29:01.361491 INFO] Zip: Extracting measures/ChangeBuildingLocation/tests/USA_MA_Boston-Logan.Intl.AP.725090_TMY3.ddy
[19:29:01.361931 INFO] Zip: Extracting measures/ChangeBuildingLocation/tests/USA_MA_Boston-Logan.Intl.AP.725090_TMY3.epw
[19:29:01.372246 INFO] Zip: Extracting measures/ChangeBuildingLocation/tests/USA_MA_Boston-Logan.Intl.AP.725090_TMY3.stat
[19:29:01.373068 INFO] Zip: Extracting measures/ChangeBuildingLocation/tests/USA_WA_Renton.Muni.AP.727934_TMY3.ddy
[19:29:01.373418 INFO] Zip: Extracting measures/ChangeBuildingLocation/tests/USA_WA_Renton.Muni.AP.727934_TMY3.epw
[19:29:01.383533 INFO] Zip: Extracting measures/ChangeBuildingLocation/tests/USA_WA_Renton.Muni.AP.727934_TMY3.stat
[19:29:01.384267 INFO] Zip: Extracting measures/ChangeBuildingLocation/tests/another_weather_file.ddy
[19:29:01.384732 INFO] Zip: Extracting measures/ChangeBuildingLocation/tests/another_weather_file.epw
[19:29:01.502023 INFO] Zip: Extracting measures/ChangeBuildingLocation/tests/another_weather_file.stat
[19:29:01.502873 INFO] Zip: Extracting measures/ChangeBuildingLocation/tests/change_building_location_test.rb
[19:29:01.503289 INFO] Zip: Extracting measures/ChangeBuildingLocation/tests/multiyear.ddy
[19:29:01.503743 INFO] Zip: Extracting measures/ChangeBuildingLocation/tests/multiyear.epw
[19:29:01.504096 INFO] Zip: Extracting measures/ChangeBuildingLocation/tests/multiyear.stat
[19:29:01.504695 INFO] Zip: Extracting measures/ChangeBuildingLocation/tests/test.osm
[19:29:01.507879 INFO] Zip: Extracting measures/ChangeBuildingLocation/tests/test.osw
[19:29:01.508586 INFO] Zip: Extracting measures/ServerDirectoryCleanup/
[19:29:01.508764 INFO] Zip: Extracting measures/ServerDirectoryCleanup/LICENSE.md
[19:29:01.509133 INFO] Zip: Extracting measures/ServerDirectoryCleanup/measure.rb
[19:29:01.509522 INFO] Zip: Extracting measures/ServerDirectoryCleanup/measure.xml
[19:29:01.509925 INFO] Zip: Extracting measures/ServerDirectoryCleanup/tests/
[19:29:01.510072 INFO] Zip: Extracting measures/ServerDirectoryCleanup/tests/ServerDirectoryCleanup_test.rb
[19:29:01.510466 INFO] Zip: Extracting measures/ServerDirectoryCleanup/tests/USA_CO_Golden-NREL.724666_TMY3.epw
[19:29:01.521102 INFO] Zip: Extracting measures/ServerDirectoryCleanup/tests/example_model.osm
[19:29:01.522567 INFO] Zip: Extracting measures/WindowPV_reporting/
[19:29:01.522749 INFO] Zip: Extracting measures/WindowPV_reporting/measure.rb
[19:29:01.523280 INFO] Zip: Extracting measures/WindowPV_reporting/measure.xml
[19:29:01.523680 INFO] Zip: Extracting measures/WindowPV_reporting/resources/
[19:29:01.523841 INFO] Zip: Extracting measures/WindowPV_reporting/resources/os_lib_helper_methods.rb
[19:29:01.524284 INFO] Zip: Extracting measures/WindowPV_reporting/resources/report.html.in
[19:29:01.524657 INFO] Zip: Extracting measures/WindowPV_reporting/tests/
[19:29:01.524802 INFO] Zip: Extracting measures/WindowPV_reporting/tests/USA_CO_Golden-NREL.724666_TMY3.epw
[19:29:01.541670 INFO] Zip: Extracting measures/WindowPV_reporting/tests/example_model.osm
[19:29:01.543340 INFO] Zip: Extracting measures/WindowPV_reporting/tests/ubi_qd_reporting_test.rb
[19:29:01.543749 INFO] Zip: Extracting measures/a_inject_window_specific_idf_objects/
[19:29:01.543924 INFO] Zip: Extracting measures/a_inject_window_specific_idf_objects/LICENSE.md
[19:29:01.544305 INFO] Zip: Extracting measures/a_inject_window_specific_idf_objects/measure.rb
[19:29:01.544794 INFO] Zip: Extracting measures/a_inject_window_specific_idf_objects/measure.xml
[19:29:01.545346 INFO] Zip: Extracting measures/a_inject_window_specific_idf_objects/tests/
[19:29:01.545496 INFO] Zip: Extracting measures/a_inject_window_specific_idf_objects/tests/EnvelopeAndLoadTestModel_01.osm
[19:29:01.550403 INFO] Zip: Extracting measures/a_inject_window_specific_idf_objects/tests/Example B - BlockEnergyCharge.idf
[19:29:01.550804 INFO] Zip: Extracting measures/a_inject_window_specific_idf_objects/tests/measure_Test.rb
[19:29:01.551204 INFO] Zip: Extracting measures/a_inject_window_specific_idf_objects/tests/test.osw
[19:29:01.551889 INFO] Zip: Extracting measures/add_thermochromic_bipv/
[19:29:01.552052 INFO] Zip: Extracting measures/add_thermochromic_bipv/measure.rb
[19:29:01.552529 INFO] Zip: Extracting measures/add_thermochromic_bipv/measure.xml
[19:29:01.552918 INFO] Zip: Extracting measures/add_thermochromic_bipv/resources/
[19:29:01.553074 INFO] Zip: Extracting measures/add_thermochromic_bipv/resources/HVACSizing.Model.rb
[19:29:01.553565 INFO] Zip: Extracting measures/add_thermochromic_bipv/resources/Standards.Construction.rb
[19:29:01.553920 INFO] Zip: Extracting measures/add_thermochromic_bipv/resources/os_lib_helper_methods.rb
[19:29:01.554331 INFO] Zip: Extracting measures/add_thermochromic_bipv/resources/os_lib_schedules.rb
[19:29:01.554889 INFO] Zip: Extracting measures/create_bar_from_building_type_ratios/
[19:29:01.555065 INFO] Zip: Extracting measures/create_bar_from_building_type_ratios/LICENSE.md
[19:29:01.555413 INFO] Zip: Extracting measures/create_bar_from_building_type_ratios/README.md
[19:29:01.555788 INFO] Zip: Extracting measures/create_bar_from_building_type_ratios/README.md.erb
[19:29:01.556120 INFO] Zip: Extracting measures/create_bar_from_building_type_ratios/measure.rb
[19:29:01.556728 INFO] Zip: Extracting measures/create_bar_from_building_type_ratios/measure.xml
[19:29:01.557193 INFO] Zip: Extracting measures/create_bar_from_building_type_ratios/resources/
[19:29:01.557339 INFO] Zip: Extracting measures/create_bar_from_building_type_ratios/resources/os_lib_geometry.rb
[19:29:01.557973 INFO] Zip: Extracting measures/create_bar_from_building_type_ratios/resources/os_lib_helper_methods.rb
[19:29:01.558433 INFO] Zip: Extracting measures/create_bar_from_building_type_ratios/resources/os_lib_model_generation.rb
[19:29:01.559032 INFO] Zip: Extracting measures/create_bar_from_building_type_ratios/resources/os_lib_model_simplification.rb
[19:29:01.559687 INFO] Zip: Extracting measures/create_bar_from_building_type_ratios/tests/
[19:29:01.559833 INFO] Zip: Extracting measures/create_bar_from_building_type_ratios/tests/create_bar_from_building_type_ratios_test.rb
[19:29:01.560247 INFO] Zip: Extracting measures/create_bar_from_building_type_ratios/tests/example_model.osm
[19:29:01.562739 INFO] Zip: Extracting measures/create_typical_building_from_model/
[19:29:01.562897 INFO] Zip: Extracting measures/create_typical_building_from_model/LICENSE.md
[19:29:01.563258 INFO] Zip: Extracting measures/create_typical_building_from_model/README.md
[19:29:01.563629 INFO] Zip: Extracting measures/create_typical_building_from_model/README.md.erb
[19:29:01.563977 INFO] Zip: Extracting measures/create_typical_building_from_model/measure.rb
[19:29:01.564593 INFO] Zip: Extracting measures/create_typical_building_from_model/measure.xml
[19:29:01.565062 INFO] Zip: Extracting measures/create_typical_building_from_model/resources/
[19:29:01.565209 INFO] Zip: Extracting measures/create_typical_building_from_model/resources/Model.hvac.rb
[19:29:01.565633 INFO] Zip: Extracting measures/create_typical_building_from_model/resources/os_lib_helper_methods.rb
[19:29:01.566125 INFO] Zip: Extracting measures/create_typical_building_from_model/resources/os_lib_model_generation.rb
[19:29:01.566746 INFO] Zip: Extracting measures/create_typical_building_from_model/tests/
[19:29:01.566892 INFO] Zip: Extracting measures/create_typical_building_from_model/tests/GenericGbxml.osm
[19:29:01.569549 INFO] Zip: Extracting measures/create_typical_building_from_model/tests/LargeOffice04.osm
[19:29:01.576821 INFO] Zip: Extracting measures/create_typical_building_from_model/tests/MidriseApartment.osm
[19:29:01.590091 INFO] Zip: Extracting measures/create_typical_building_from_model/tests/SmallOffice.osm
[19:29:01.592404 INFO] Zip: Extracting measures/create_typical_building_from_model/tests/USA_TX_Houston-Bush.Intercontinental.AP.722430_TMY3.epw
[19:29:01.604632 INFO] Zip: Extracting measures/create_typical_building_from_model/tests/create_typical_building_from_model_test.rb
[19:29:01.605369 INFO] Zip: Extracting measures/create_typical_building_from_model/tests/test.osw
[19:29:01.606371 INFO] Zip: Extracting measures/create_typical_building_from_model/tests/test_hvac.rb
[19:29:01.606910 INFO] Zip: Extracting measures/export_variableto_csv_variables_for_bipvpce/
[19:29:01.607086 INFO] Zip: Extracting measures/export_variableto_csv_variables_for_bipvpce/measure.rb
[19:29:01.607634 INFO] Zip: Extracting measures/export_variableto_csv_variables_for_bipvpce/measure.xml
[19:29:01.608106 INFO] Zip: Extracting measures/export_variableto_csv_variables_for_bipvpce/resources/
[19:29:01.608257 INFO] Zip: Extracting measures/export_variableto_csv_variables_for_bipvpce/resources/report.html.in
[19:29:01.608711 INFO] Zip: Extracting measures/export_variableto_csv_variables_for_bipvpce/tests/
[19:29:01.608863 INFO] Zip: Extracting measures/export_variableto_csv_variables_for_bipvpce/tests/ExportVariabletoCSV_test.rb
[19:29:01.609329 INFO] Zip: Extracting measures/export_variableto_csv_variables_for_bipvpce/tests/example_model.osm
[19:29:01.611149 INFO] Zip: Extracting measures/inject_idf_window_objects/
[19:29:01.611308 INFO] Zip: Extracting measures/inject_idf_window_objects/LICENSE.md
[19:29:01.611761 INFO] Zip: Extracting measures/inject_idf_window_objects/measure.rb
[19:29:01.612331 INFO] Zip: Extracting measures/inject_idf_window_objects/measure.xml
[19:29:01.612846 INFO] Zip: Extracting measures/inject_idf_window_objects/tests/
[19:29:01.612995 INFO] Zip: Extracting measures/inject_idf_window_objects/tests/EnvelopeAndLoadTestModel_01.osm
[19:29:01.620512 INFO] Zip: Extracting measures/inject_idf_window_objects/tests/Example B - BlockEnergyCharge.idf
[19:29:01.621103 INFO] Zip: Extracting measures/inject_idf_window_objects/tests/measure_Test.rb
[19:29:01.621564 INFO] Zip: Extracting measures/inject_idf_window_objects/tests/test.osw
[19:29:01.622444 INFO] Zip: Extracting seeds/switchglaze/
[19:29:01.622624 INFO] Zip: Extracting seeds/switchglaze.osm
[19:29:01.629499 INFO] Zip: Extracting seeds/switchglaze/files/
[19:29:01.629763 INFO] Zip: Extracting seeds/switchglaze/measures/
[19:29:01.629914 INFO] Zip: Extracting seeds/switchglaze/run/
[19:29:01.630068 INFO] Zip: Extracting seeds/switchglaze/workflow.osw
[19:29:01.738763 INFO] Zip: Extracting weather/DEU_Hamburg.101470_IWEC.ddy
[19:29:01.739445 INFO] Zip: Extracting weather/DEU_Hamburg.101470_IWEC.epw
[19:29:01.750105 INFO] Zip: Extracting weather/DEU_Hamburg.101470_IWEC.stat
[19:29:01.750891 INFO] Zip: Extracting weather/JPN_Tokyo.Hyakuri.477150_IWEC.ddy
[19:29:01.751360 INFO] Zip: Extracting weather/JPN_Tokyo.Hyakuri.477150_IWEC.epw
[19:29:01.761424 INFO] Zip: Extracting weather/JPN_Tokyo.Hyakuri.477150_IWEC.stat
[19:29:01.762183 INFO] Zip: Extracting weather/SAU_Riyadh.404380_IWEC.ddy
[19:29:01.762676 INFO] Zip: Extracting weather/SAU_Riyadh.404380_IWEC.epw
[19:29:01.883606 INFO] Zip: Extracting weather/SAU_Riyadh.404380_IWEC.stat
[19:29:01.884442 INFO] Zip: Extracting weather/SGP_Singapore.486980_IWEC.ddy
[19:29:01.884887 INFO] Zip: Extracting weather/SGP_Singapore.486980_IWEC.epw
[19:29:01.895314 INFO] Zip: Extracting weather/SGP_Singapore.486980_IWEC.stat
[19:29:01.896153 INFO] Zip: Extracting weather/USA_AK_Fairbanks.Intl.AP.702610_TMY3.ddy
[19:29:01.896641 INFO] Zip: Extracting weather/USA_AK_Fairbanks.Intl.AP.702610_TMY3.epw
[19:29:01.907120 INFO] Zip: Extracting weather/USA_AK_Fairbanks.Intl.AP.702610_TMY3.stat
[19:29:01.907985 INFO] Zip: Extracting weather/USA_AZ_Tucson.Intl.AP.722740_TMY3.ddy
[19:29:01.908473 INFO] Zip: Extracting weather/USA_AZ_Tucson.Intl.AP.722740_TMY3.epw
[19:29:01.925235 INFO] Zip: Extracting weather/USA_AZ_Tucson.Intl.AP.722740_TMY3.stat
[19:29:01.926055 INFO] Zip: Extracting weather/USA_CA_San.Diego-Lindbergh.Field.722900_TMY3.ddy
[19:29:01.926529 INFO] Zip: Extracting weather/USA_CA_San.Diego-Lindbergh.Field.722900_TMY3.epw
[19:29:01.937685 INFO] Zip: Extracting weather/USA_CA_San.Diego-Lindbergh.Field.722900_TMY3.stat
[19:29:01.938537 INFO] Zip: Extracting weather/USA_CO_Denver.Intl.AP.725650_TMY3.ddy
[19:29:01.938998 INFO] Zip: Extracting weather/USA_CO_Denver.Intl.AP.725650_TMY3.epw
[19:29:01.949934 INFO] Zip: Extracting weather/USA_CO_Denver.Intl.AP.725650_TMY3.stat
[19:29:01.950760 INFO] Zip: Extracting weather/USA_FL_Tampa.Intl.AP.722110_TMY3.ddy
[19:29:01.951235 INFO] Zip: Extracting weather/USA_FL_Tampa.Intl.AP.722110_TMY3.epw
[19:29:01.962112 INFO] Zip: Extracting weather/USA_FL_Tampa.Intl.AP.722110_TMY3.stat
[19:29:01.962947 INFO] Zip: Extracting weather/USA_GA_Atlanta-Hartsfield-Jackson.Intl.AP.722190_TMY3.ddy
[19:29:01.963418 INFO] Zip: Extracting weather/USA_GA_Atlanta-Hartsfield-Jackson.Intl.AP.722190_TMY3.epw
[19:29:01.974157 INFO] Zip: Extracting weather/USA_GA_Atlanta-Hartsfield-Jackson.Intl.AP.722190_TMY3.stat
[19:29:01.974962 INFO] Zip: Extracting weather/USA_HI_Honolulu.Intl.AP.911820_TMY3.ddy
[19:29:01.975415 INFO] Zip: Extracting weather/USA_HI_Honolulu.Intl.AP.911820_TMY3.epw
[19:29:01.992453 INFO] Zip: Extracting weather/USA_HI_Honolulu.Intl.AP.911820_TMY3.stat
[19:29:01.993353 INFO] Zip: Extracting weather/USA_MN_International.Falls.Intl.AP.727470_TMY3.ddy
[19:29:01.993993 INFO] Zip: Extracting weather/USA_MN_International.Falls.Intl.AP.727470_TMY3.epw
[19:29:02.004979 INFO] Zip: Extracting weather/USA_MN_International.Falls.Intl.AP.727470_TMY3.stat
[19:29:02.005762 INFO] Zip: Extracting weather/USA_MN_Rochester.Intl.AP.726440_TMY3.ddy
[19:29:02.006221 INFO] Zip: Extracting weather/USA_MN_Rochester.Intl.AP.726440_TMY3.epw
[19:29:02.016992 INFO] Zip: Extracting weather/USA_MN_Rochester.Intl.AP.726440_TMY3.stat
[19:29:02.017783 INFO] Zip: Extracting weather/USA_MT_Great.Falls.Intl.AP.727750_TMY3.ddy
[19:29:02.018258 INFO] Zip: Extracting weather/USA_MT_Great.Falls.Intl.AP.727750_TMY3.epw
[19:29:02.028913 INFO] Zip: Extracting weather/USA_MT_Great.Falls.Intl.AP.727750_TMY3.stat
[19:29:02.029688 INFO] Zip: Extracting weather/USA_NM_Albuquerque.Intl.AP.723650_TMY3.ddy
[19:29:02.030157 INFO] Zip: Extracting weather/USA_NM_Albuquerque.Intl.AP.723650_TMY3.epw
[19:29:02.043967 INFO] Zip: Extracting weather/USA_NM_Albuquerque.Intl.AP.723650_TMY3.stat
[19:29:02.044739 INFO] Zip: Extracting weather/USA_NY_Buffalo-Greater.Buffalo.Intl.AP.725280_TMY3.ddy
[19:29:02.045194 INFO] Zip: Extracting weather/USA_NY_Buffalo-Greater.Buffalo.Intl.AP.725280_TMY3.epw
[19:29:02.056122 INFO] Zip: Extracting weather/USA_NY_Buffalo-Greater.Buffalo.Intl.AP.725280_TMY3.stat
[19:29:02.056993 INFO] Zip: Extracting weather/USA_NY_New.York-J.F.Kennedy.Intl.AP.744860_TMY3.ddy
[19:29:02.057536 INFO] Zip: Extracting weather/USA_NY_New.York-J.F.Kennedy.Intl.AP.744860_TMY3.epw
[19:29:02.068436 INFO] Zip: Extracting weather/USA_NY_New.York-J.F.Kennedy.Intl.AP.744860_TMY3.stat
[19:29:02.069420 INFO] Zip: Extracting weather/USA_TX_El.Paso.Intl.AP.722700_TMY3.ddy
[19:29:02.070038 INFO] Zip: Extracting weather/USA_TX_El.Paso.Intl.AP.722700_TMY3.epw
[19:29:02.193864 INFO] Zip: Extracting weather/USA_TX_El.Paso.Intl.AP.722700_TMY3.stat
[19:29:02.194767 INFO] Zip: Extracting weather/USA_WA_Port.Angeles-William.R.Fairchild.Intl.AP.727885_TMY3.ddy
[19:29:02.195255 INFO] Zip: Extracting weather/USA_WA_Port.Angeles-William.R.Fairchild.Intl.AP.727885_TMY3.epw
[19:29:02.206048 INFO] Zip: Extracting weather/USA_WA_Port.Angeles-William.R.Fairchild.Intl.AP.727885_TMY3.stat
[19:29:02.206877 INFO] Zip: Extracting weather/USA_WA_Seattle-Tacoma.Intl.AP.727930_TMY3.ddy
[19:29:02.207357 INFO] Zip: Extracting weather/USA_WA_Seattle-Tacoma.Intl.AP.727930_TMY3.epw
[19:29:02.218150 INFO] Zip: Extracting weather/USA_WA_Seattle-Tacoma.Intl.AP.727930_TMY3.stat
[19:29:02.221476 INFO] Downloading analysis.json from http://web:80/analyses/72a216d4-3a64-4cd6-8e04-b9bc3af7ff20.json
[19:29:02.289525 INFO] Checking for presence of args file at /mnt/openstudio/analysis_72a216d4-3a64-4cd6-8e04-b9bc3af7ff20/scripts/data_point/initialize.args
[19:29:02.289599 INFO] Checking for presence of script file at /mnt/openstudio/analysis_72a216d4-3a64-4cd6-8e04-b9bc3af7ff20/scripts/data_point/initialize.sh
[19:29:02.289644 INFO] Finished worker initialization
[19:29:02.289676 INFO] RestClient delete
[19:29:02.289706 INFO] delete post_count = 1
[19:29:02.301924 INFO] Downloading datapoint from http://web:80/data_points/7c06e630-85c2-4635-bb0a-75c3dbe3b0ce.json
[19:29:02.302006 INFO] get url post_count = 1
[19:29:02.325431 INFO] Creating Workflow Manager instance
[19:29:02.325521 INFO] Directory is /mnt/openstudio/analysis_72a216d4-3a64-4cd6-8e04-b9bc3af7ff20/data_point_7c06e630-85c2-4635-bb0a-75c3dbe3b0ce
[19:29:02.325593 INFO] Opening run.log file '/mnt/openstudio/analysis_72a216d4-3a64-4cd6-8e04-b9bc3af7ff20/data_point_7c06e630-85c2-4635-bb0a-75c3dbe3b0ce/run/run.log'
[19:29:02.325768 WARN] Error finding Oscli: OPENSTUDIO_EXE_PATH not set
[19:29:02.349832 WARN] Defaulting to fun Oscli via /usr/local/bin/openstudio
[19:29:02.350001 INFO] Returning Oscli cmd: /usr/local/bin/openstudio --bundle /var/oscli/Gemfile --bundle_path /var/oscli/gems 
[19:29:02.350208 INFO] Running workflow using cmd /usr/local/bin/openstudio --bundle /var/oscli/Gemfile --bundle_path /var/oscli/gems   run --workflow '/mnt/openstudio/analysis_72a216d4-3a64-4cd6-8e04-b9bc3af7ff20/data_point_7c06e630-85c2-4635-bb0a-75c3dbe3b0ce/data_point.osw'  and writing log to /mnt/openstudio/analysis_72a216d4-3a64-4cd6-8e04-b9bc3af7ff20/data_point_7c06e630-85c2-4635-bb0a-75c3dbe3b0ce/oscli_simulation.log
[19:29:22.925993 INFO] Oscli output: /var/oscli/gems/ruby/2.5.0/gems/openstudio-standards-0.2.11/lib/openstudio-standards/btap/btap.rb:56: warning: constant ::Fixnum is deprecated
[openstudio.standards.Model] <1> Model has been assigned a weather file, but the file is not in the specified location of 'file:////mnt/openstudio/analysis_72a216d4-3a64-4cd6-8e04-b9bc3af7ff20/weather/SAU_Riyadh.404380_IWEC.epw'.
[19:29:18.436908 WARN] Could not add loads for Plenum. Not expected for 90.1-2013
[19:29:22.358888 WARN] [openstudio.standards.Construction] Requested U-value of 0.58 for Typical Insulated Exterior Mass Wall is too low given the other materials in the construction; insulation layer will not be modified.
[19:29:22.359397 WARN] [openstudio.standards.Construction] Can only set the u-value of opaque constructions or simple glazing. U 0.60 SHGC 0.25 Dbl 2.5mm air is not opaque or simple glazing.
[19:29:22.359779 WARN] [openstudio.standards.Construction] Can only set the u-value of opaque constructions or simple glazing. U 0.65 SHGC 0.25 Dbl Ref-C-H Clr 6mm/6mm Air is not opaque or simple glazing.
[19:29:22.359941 WARN] [openstudio.standards.Construction] Requested U-value of 1.1686635536297982 for Typical Overhead Door is greater than the sum of the inside and outside resistance, and the max U-value (6.636 SI) is used instead.
[19:29:22.360228 WARN] [openstudio.standards.Construction] Can only set the u-value of opaque constructions or simple glazing. Window_U_0.75_SHGC_0.35_Skylight_Frame_Width_2.339_in is not opaque or simple glazing.
[19:29:22.361155 WARN] [openstudio.weather.Model] Could not find ground temperatures; will use generic temperatures, which will skew results.
[19:29:22.376303 ERROR] [openstudio.standards.Model] Model has been assigned a weather file, but the file is not in the specified location of 'file:////mnt/openstudio/analysis_72a216d4-3a64-4cd6-8e04-b9bc3af7ff20/weather/SAU_Riyadh.404380_IWEC.epw'.
[19:29:22.596426 ERROR] /var/oscli/gems/ruby/2.5.0/gems/openstudio-workflow-2.0.0/lib/openstudio/workflow/util/measure.rb failed with message Runner error /var/oscli/gems/ruby/2.5.0/gems/openstudio-workflow-2.0.0/lib/openstudio/workflow/util/measure.rb failed with Measure create_typical_building_from_model reported an error with ["[openstudio.standards.Model] Model has been assigned a weather file, but the file is not in the specified location of 'file:////mnt/openstudio/analysis_72a216d4-3a64-4cd6-8e04-b9bc3af7ff20/weather/SAU_Riyadh.404380_IWEC.epw'."], /var/oscli/gems/ruby/2.5.0/gems/openstudio-workflow-2.0.0/lib/openstudio/workflow/util/measure.rb:560:in `apply_measure'
/var/oscli/gems/ruby/2.5.0/gems/openstudio-workflow-2.0.0/lib/openstudio/workflow/util/measure.rb:109:in `block in apply_measures'
/var/oscli/gems/ruby/2.5.0/gems/openstudio-workflow-2.0.0/lib/openstudio/workflow/util/measure.rb:67:in `each_index'
/var/oscli/gems/ruby/2.5.0/gems/openstudio-workflow-2.0.0/lib/openstudio/workflow/util/measure.rb:67:in `apply_measures'
/var/oscli/gems/ruby/2.5.0/gems/openstudio-workflow-2.0.0/lib/openstudio/workflow/jobs/run_os_measures.rb:70:in `perform'
/var/oscli/gems/ruby/2.5.0/gems/openstudio-workflow-2.0.0/lib/openstudio/workflow/run.rb:292:in `step'
/var/oscli/gems/ruby/2.5.0/gems/openstudio-workflow-2.0.0/lib/openstudio/workflow/run.rb:234:in `run'
:/openstudio_cli.rb:960:in `execute'
:/openstudio_cli.rb:750:in `execute'
:/openstudio_cli.rb:1744:in `<main>'
eval:174:in `eval'
eval:174:in `require_embedded_absolute'
eval:160:in `block in require_embedded'
eval:154:in `each'
eval:154:in `require_embedded'
eval:113:in `require'
eval:3:in `<main>' in /var/oscli/gems/ruby/2.5.0/gems/openstudio-workflow-2.0.0/lib/openstudio/workflow/util/measure.rb:598:in `rescue in apply_measure'
/var/oscli/gems/ruby/2.5.0/gems/openstudio-workflow-2.0.0/lib/openstudio/workflow/util/measure.rb:548:in `apply_measure'
/var/oscli/gems/ruby/2.5.0/gems/openstudio-workflow-2.0.0/lib/openstudio/workflow/util/measure.rb:109:in `block in apply_measures'
/var/oscli/gems/ruby/2.5.0/gems/openstudio-workflow-2.0.0/lib/openstudio/workflow/util/measure.rb:67:in `each_index'
/var/oscli/gems/ruby/2.5.0/gems/openstudio-workflow-2.0.0/lib/openstudio/workflow/util/measure.rb:67:in `apply_measures'
/var/oscli/gems/ruby/2.5.0/gems/openstudio-workflow-2.0.0/lib/openstudio/workflow/jobs/run_os_measures.rb:70:in `perform'
/var/oscli/gems/ruby/2.5.0/gems/openstudio-workflow-2.0.0/lib/openstudio/workflow/run.rb:292:in `step'
/var/oscli/gems/ruby/2.5.0/gems/openstudio-workflow-2.0.0/lib/openstudio/workflow/run.rb:234:in `run'
:/openstudio_cli.rb:960:in `execute'
:/openstudio_cli.rb:750:in `execute'
:/openstudio_cli.rb:1744:in `<main>'
eval:174:in `eval'
eval:174:in `require_embedded_absolute'
eval:160:in `block in require_embedded'
eval:154:in `each'
eval:154:in `require_embedded'
eval:113:in `require'
eval:3:in `<main>'
[19:29:22.599852 ERROR] Found error in state 'os_measures' with message ["/var/oscli/gems/ruby/2.5.0/gems/openstudio-workflow-2.0.0/lib/openstudio/workflow/util/measure.rb failed with message Runner error /var/oscli/gems/ruby/2.5.0/gems/openstudio-workflow-2.0.0/lib/openstudio/workflow/util/measure.rb failed with Measure create_typical_building_from_model reported an error with [\"[openstudio.standards.Model] Model has been assigned a weather file, but the file is not in the specified location of 'file:////mnt/openstudio/analysis_72a216d4-3a64-4cd6-8e04-b9bc3af7ff20/weather/SAU_Riyadh.404380_IWEC.epw'.\"], /var/oscli/gems/ruby/2.5.0/gems/openstudio-workflow-2.0.0/lib/openstudio/workflow/util/measure.rb:560:in `apply_measure'\n/var/oscli/gems/ruby/2.5.0/gems/openstudio-workflow-2.0.0/lib/openstudio/workflow/util/measure.rb:109:in `block in apply_measures'\n/var/oscli/gems/ruby/2.5.0/gems/openstudio-workflow-2.0.0/lib/openstudio/workflow/util/measure.rb:67:in `each_index'\n/var/oscli/gems/ruby/2.5.0/gems/openstudio-workflow-2.0.0/lib/openstudio/workflow/util/measure.rb:67:in `apply_measures'\n/var/oscli/gems/ruby/2.5.0/gems/openstudio-workflow-2.0.0/lib/openstudio/workflow/jobs/run_os_measures.rb:70:in `perform'\n/var/oscli/gems/ruby/2.5.0/gems/openstudio-workflow-2.0.0/lib/openstudio/workflow/run.rb:292:in `step'\n/var/oscli/gems/ruby/2.5.0/gems/openstudio-workflow-2.0.0/lib/openstudio/workflow/run.rb:234:in `run'\n:/openstudio_cli.rb:960:in `execute'\n:/openstudio_cli.rb:750:in `execute'\n:/openstudio_cli.rb:1744:in `<main>'\neval:174:in `eval'\neval:174:in `require_embedded_absolute'\neval:160:in `block in require_embedded'\neval:154:in `each'\neval:154:in `require_embedded'\neval:113:in `require'\neval:3:in `<main>' in /var/oscli/gems/ruby/2.5.0/gems/openstudio-workflow-2.0.0/lib/openstudio/workflow/util/measure.rb:598:in `rescue in apply_measure'\n/var/oscli/gems/ruby/2.5.0/gems/openstudio-workflow-2.0.0/lib/openstudio/workflow/util/measure.rb:548:in `apply_measure'\n/var/oscli/gems/ruby/2.5.0/gems/openstudio-workflow-2.0.0/lib/openstudio/workflow/util/measure.rb:109:in `block in apply_measures'\n/var/oscli/gems/ruby/2.5.0/gems/openstudio-workflow-2.0.0/lib/openstudio/workflow/util/measure.rb:67:in `each_index'\n/var/oscli/gems/ruby/2.5.0/gems/openstudio-workflow-2.0.0/lib/openstudio/workflow/util/measure.rb:67:in `apply_measures'\n/var/oscli/gems/ruby/2.5.0/gems/openstudio-workflow-2.0.0/lib/openstudio/workflow/jobs/run_os_measures.rb:70:in `perform'\n/var/oscli/gems/ruby/2.5.0/gems/openstudio-workflow-2.0.0/lib/openstudio/workflow/run.rb:292:in `step'\n/var/oscli/gems/ruby/2.5.0/gems/openstudio-workflow-2.0.0/lib/openstudio/workflow/run.rb:234:in `run'\n:/openstudio_cli.rb:960:in `execute'\n:/openstudio_cli.rb:750:in `execute'\n:/openstudio_cli.rb:1744:in `<main>'\neval:174:in `eval'\neval:174:in `require_embedded_absolute'\neval:160:in `block in require_embedded'\neval:154:in `each'\neval:154:in `require_embedded'\neval:113:in `require'\neval:3:in `<main>':/var/oscli/gems/ruby/2.5.0/gems/openstudio-workflow-2.0.0/lib/openstudio/workflow/util/measure.rb:647:in `rescue in apply_measure'\n/var/oscli/gems/ruby/2.5.0/gems/openstudio-workflow-2.0.0/lib/openstudio/workflow/util/measure.rb:305:in `apply_measure'\n/var/oscli/gems/ruby/2.5.0/gems/openstudio-workflow-2.0.0/lib/openstudio/workflow/util/measure.rb:109:in `block in apply_measures'\n/var/oscli/gems/ruby/2.5.0/gems/openstudio-workflow-2.0.0/lib/openstudio/workflow/util/measure.rb:67:in `each_index'\n/var/oscli/gems/ruby/2.5.0/gems/openstudio-workflow-2.0.0/lib/openstudio/workflow/util/measure.rb:67:in `apply_measures'\n/var/oscli/gems/ruby/2.5.0/gems/openstudio-workflow-2.0.0/lib/openstudio/workflow/jobs/run_os_measures.rb:70:in `perform'\n/var/oscli/gems/ruby/2.5.0/gems/openstudio-workflow-2.0.0/lib/openstudio/workflow/run.rb:292:in `step'\n/var/oscli/gems/ruby/2.5.0/gems/openstudio-workflow-2.0.0/lib/openstudio/workflow/run.rb:234:in `run'\n:/openstudio_cli.rb:960:in `execute'\n:/openstudio_cli.rb:750:in `execute'\n:/openstudio_cli.rb:1744:in `<main>'\neval:174:in `eval'\neval:174:in `require_embedded_absolute'\neval:160:in `block in require_embedded'\neval:154:in `each'\neval:154:in `require_embedded'\neval:113:in `require'\neval:3:in `<main>'"]}

[19:29:22.926893 ERROR] Could not find results /mnt/openstudio/analysis_72a216d4-3a64-4cd6-8e04-b9bc3af7ff20/data_point_7c06e630-85c2-4635-bb0a-75c3dbe3b0ce/run/measure_attributes.json
[19:29:22.926951 INFO] Saving files/reports back to the server
[19:29:22.927311 INFO] Saving report /mnt/openstudio/analysis_72a216d4-3a64-4cd6-8e04-b9bc3af7ff20/data_point_7c06e630-85c2-4635-bb0a-75c3dbe3b0ce/out.osw to http://web:80/data_points/7c06e630-85c2-4635-bb0a-75c3dbe3b0ce/upload_file
[19:29:22.962793 INFO] Saving report responded with {"id":"5efb9292ce5ea001702bb75b","data_point_id":"7c06e630-85c2-4635-bb0a-75c3dbe3b0ce","display_name":"Final OSW File","type":"Report","created_at":"2020-06-30T19:29:22.946Z","updated_at":"2020-06-30T19:29:22.946Z"}
[19:29:22.963171 INFO] Saving report /mnt/openstudio/analysis_72a216d4-3a64-4cd6-8e04-b9bc3af7ff20/data_point_7c06e630-85c2-4635-bb0a-75c3dbe3b0ce/run/data_point.zip to http://web:80/data_points/7c06e630-85c2-4635-bb0a-75c3dbe3b0ce/upload_file
[19:29:23.020498 INFO] Saving report responded with {"id":"5efb9292ce5ea001492bc06b","data_point_id":"7c06e630-85c2-4635-bb0a-75c3dbe3b0ce","display_name":"Zip File","type":"Data Point","created_at":"2020-06-30T19:29:22.990Z","updated_at":"2020-06-30T19:29:22.990Z"}
[19:29:23.020808 INFO] Checking for presence of args file at /mnt/openstudio/analysis_72a216d4-3a64-4cd6-8e04-b9bc3af7ff20/scripts/data_point/finalize.args
[19:29:23.020875 INFO] Checking for presence of script file at /mnt/openstudio/analysis_72a216d4-3a64-4cd6-8e04-b9bc3af7ff20/scripts/data_point/finalize.sh
[19:29:23.025795 INFO] Finished /opt/openstudio/server/app/jobs/dj_jobs/run_simulate_data_point.rb
