# Logfile created on 2020-06-30 19:28:58 +0000 by logger.rb/61378
[19:28:58.133141 INFO] Server host is http://web:80
[19:28:58.133242 INFO] Analysis directory is /mnt/openstudio/analysis_72a216d4-3a64-4cd6-8e04-b9bc3af7ff20
[19:28:58.133308 INFO] Simulation directory is /mnt/openstudio/analysis_72a216d4-3a64-4cd6-8e04-b9bc3af7ff20/data_point_c07cfb62-d26c-411d-aac4-d006e592a262
[19:28:58.133352 INFO] Run datapoint type/file is 
[19:28:58.133406 INFO] Starting initialize_worker for datapoint c07cfb62-d26c-411d-aac4-d006e592a262
[19:28:58.133716 INFO] Downloading analysis zip from http://web:80/analyses/72a216d4-3a64-4cd6-8e04-b9bc3af7ff20/download_analysis_zip
[19:29:00.183983 INFO] Extracting analysis zip to /mnt/openstudio/analysis_72a216d4-3a64-4cd6-8e04-b9bc3af7ff20
[19:29:00.196676 INFO] Zip: Extracting lib/resources/ASHRAE_zone12_Spec.idf
[19:29:00.197861 INFO] Zip: Extracting lib/resources/ASHRAE_zone3_Spec.idf
[19:29:00.198318 INFO] Zip: Extracting lib/resources/ASHRAE_zone456_Spec.idf
[19:29:00.198826 INFO] Zip: Extracting lib/resources/ASHRAE_zone78_Spec.idf
[19:29:00.199389 INFO] Zip: Extracting lib/resources/GlzSys19_13F-air-9_Spec.idf
[19:29:00.200516 INFO] Zip: Extracting lib/resources/GlzSys20_14F-air-3000_Spec.idf
[19:29:00.201588 INFO] Zip: Extracting lib/resources/GlzSys21_13F-air-3000_Spec.idf
[19:29:00.202701 INFO] Zip: Extracting lib/resources/GlzSys_10-air-9_Spec.idf
[19:29:00.203814 INFO] Zip: Extracting lib/resources/GlzSys_10F-air-3000_Spec.idf
[19:29:00.204887 INFO] Zip: Extracting lib/resources/GlzSys_11F-air-3000_Spec.idf
[19:29:00.205963 INFO] Zip: Extracting lib/resources/GlzSys_16095-air-3000_Spec.idf
[19:29:00.207072 INFO] Zip: Extracting lib/resources/GlzSys_16095-air-9_Spec.idf
[19:29:00.208119 INFO] Zip: Extracting lib/resources/GlzSys_6374-air-3000_Spec.idf
[19:29:00.209221 INFO] Zip: Extracting lib/resources/GlzSys_Dark_PV_Spec.idf
[19:29:00.209926 INFO] Zip: Extracting lib/resources/GlzSys_Light_PV_Spec.idf
[19:29:00.210581 INFO] Zip: Extracting lib/resources/GlzSys_Thermochromic_30C.idf
[19:29:00.211419 INFO] Zip: Extracting lib/resources/GlzSys_Thermochromic_35C.idf
[19:29:00.212277 INFO] Zip: Extracting lib/resources/GlzSys_Thermochromic_40C.idf
[19:29:00.213114 INFO] Zip: Extracting lib/resources/SG_zone12_Spec.idf
[19:29:00.213906 INFO] Zip: Extracting lib/resources/SG_zone3_Spec.idf
[19:29:00.214759 INFO] Zip: Extracting lib/resources/SG_zone456_Spec.idf
[19:29:00.215875 INFO] Zip: Extracting lib/resources/SG_zone78_Spec.idf
[19:29:00.217027 INFO] Zip: Extracting lib/resources/Window_PV_No_frame_Spec_Spec.idf
[19:29:00.217743 INFO] Zip: Extracting lib/resources/Window_PV_frame_Spec.idf
[19:29:00.218393 INFO] Zip: Extracting measures/AddMeter/
[19:29:00.218687 INFO] Zip: Extracting measures/AddMeter/LICENSE.md
[19:29:00.219037 INFO] Zip: Extracting measures/AddMeter/New folder/
[19:29:00.219185 INFO] Zip: Extracting measures/AddMeter/README.md
[19:29:00.219582 INFO] Zip: Extracting measures/AddMeter/README.md.erb
[19:29:00.219927 INFO] Zip: Extracting measures/AddMeter/measure.rb
[19:29:00.220319 INFO] Zip: Extracting measures/AddMeter/measure.xml
[19:29:00.220698 INFO] Zip: Extracting measures/AddMeter/tests/
[19:29:00.220843 INFO] Zip: Extracting measures/AddMeter/tests/AddMeter_Test.rb
[19:29:00.221249 INFO] Zip: Extracting measures/AddOutputVariable/
[19:29:00.221395 INFO] Zip: Extracting measures/AddOutputVariable/LICENSE.md
[19:29:00.221763 INFO] Zip: Extracting measures/AddOutputVariable/README.md
[19:29:00.222100 INFO] Zip: Extracting measures/AddOutputVariable/README.md.erb
[19:29:00.222488 INFO] Zip: Extracting measures/AddOutputVariable/measure.rb
[19:29:00.222885 INFO] Zip: Extracting measures/AddOutputVariable/measure.xml
[19:29:00.223274 INFO] Zip: Extracting measures/AddOutputVariable/tests/
[19:29:00.223418 INFO] Zip: Extracting measures/AddOutputVariable/tests/AddOutputVariable_Test.rb
[19:29:00.223766 INFO] Zip: Extracting measures/ChangeBuildingLocation/
[19:29:00.223951 INFO] Zip: Extracting measures/ChangeBuildingLocation/LICENSE.md
[19:29:00.224302 INFO] Zip: Extracting measures/ChangeBuildingLocation/README.md
[19:29:00.224674 INFO] Zip: Extracting measures/ChangeBuildingLocation/README.md.erb
[19:29:00.225037 INFO] Zip: Extracting measures/ChangeBuildingLocation/measure.rb
[19:29:00.225506 INFO] Zip: Extracting measures/ChangeBuildingLocation/measure.xml
[19:29:00.225877 INFO] Zip: Extracting measures/ChangeBuildingLocation/resources/
[19:29:00.226019 INFO] Zip: Extracting measures/ChangeBuildingLocation/resources/epw.rb
[19:29:00.226430 INFO] Zip: Extracting measures/ChangeBuildingLocation/resources/os_lib_helper_methods.rb
[19:29:00.226879 INFO] Zip: Extracting measures/ChangeBuildingLocation/resources/stat_file.rb
[19:29:00.227314 INFO] Zip: Extracting measures/ChangeBuildingLocation/tests/
[19:29:00.227460 INFO] Zip: Extracting measures/ChangeBuildingLocation/tests/USA_MA_Boston-Logan.Intl.AP.725090_TMY3.ddy
[19:29:00.227920 INFO] Zip: Extracting measures/ChangeBuildingLocation/tests/USA_MA_Boston-Logan.Intl.AP.725090_TMY3.epw
[19:29:00.238382 INFO] Zip: Extracting measures/ChangeBuildingLocation/tests/USA_MA_Boston-Logan.Intl.AP.725090_TMY3.stat
[19:29:00.239058 INFO] Zip: Extracting measures/ChangeBuildingLocation/tests/USA_WA_Renton.Muni.AP.727934_TMY3.ddy
[19:29:00.239407 INFO] Zip: Extracting measures/ChangeBuildingLocation/tests/USA_WA_Renton.Muni.AP.727934_TMY3.epw
[19:29:00.257226 INFO] Zip: Extracting measures/ChangeBuildingLocation/tests/USA_WA_Renton.Muni.AP.727934_TMY3.stat
[19:29:00.257938 INFO] Zip: Extracting measures/ChangeBuildingLocation/tests/another_weather_file.ddy
[19:29:00.258384 INFO] Zip: Extracting measures/ChangeBuildingLocation/tests/another_weather_file.epw
[19:29:00.271112 INFO] Zip: Extracting measures/ChangeBuildingLocation/tests/another_weather_file.stat
[19:29:00.271950 INFO] Zip: Extracting measures/ChangeBuildingLocation/tests/change_building_location_test.rb
[19:29:00.272515 INFO] Zip: Extracting measures/ChangeBuildingLocation/tests/multiyear.ddy
[19:29:00.273136 INFO] Zip: Extracting measures/ChangeBuildingLocation/tests/multiyear.epw
[19:29:00.273581 INFO] Zip: Extracting measures/ChangeBuildingLocation/tests/multiyear.stat
[19:29:00.274354 INFO] Zip: Extracting measures/ChangeBuildingLocation/tests/test.osm
[19:29:00.279133 INFO] Zip: Extracting measures/ChangeBuildingLocation/tests/test.osw
[19:29:00.280029 INFO] Zip: Extracting measures/ServerDirectoryCleanup/
[19:29:00.280206 INFO] Zip: Extracting measures/ServerDirectoryCleanup/LICENSE.md
[19:29:00.280677 INFO] Zip: Extracting measures/ServerDirectoryCleanup/measure.rb
[19:29:00.281149 INFO] Zip: Extracting measures/ServerDirectoryCleanup/measure.xml
[19:29:00.281621 INFO] Zip: Extracting measures/ServerDirectoryCleanup/tests/
[19:29:00.281778 INFO] Zip: Extracting measures/ServerDirectoryCleanup/tests/ServerDirectoryCleanup_test.rb
[19:29:00.282254 INFO] Zip: Extracting measures/ServerDirectoryCleanup/tests/USA_CO_Golden-NREL.724666_TMY3.epw
[19:29:00.297901 INFO] Zip: Extracting measures/ServerDirectoryCleanup/tests/example_model.osm
[19:29:00.299804 INFO] Zip: Extracting measures/WindowPV_reporting/
[19:29:00.299973 INFO] Zip: Extracting measures/WindowPV_reporting/measure.rb
[19:29:00.300628 INFO] Zip: Extracting measures/WindowPV_reporting/measure.xml
[19:29:00.301134 INFO] Zip: Extracting measures/WindowPV_reporting/resources/
[19:29:00.301291 INFO] Zip: Extracting measures/WindowPV_reporting/resources/os_lib_helper_methods.rb
[19:29:00.301815 INFO] Zip: Extracting measures/WindowPV_reporting/resources/report.html.in
[19:29:00.302244 INFO] Zip: Extracting measures/WindowPV_reporting/tests/
[19:29:00.302389 INFO] Zip: Extracting measures/WindowPV_reporting/tests/USA_CO_Golden-NREL.724666_TMY3.epw
[19:29:00.426791 INFO] Zip: Extracting measures/WindowPV_reporting/tests/example_model.osm
[19:29:00.428612 INFO] Zip: Extracting measures/WindowPV_reporting/tests/ubi_qd_reporting_test.rb
[19:29:00.429182 INFO] Zip: Extracting measures/a_inject_window_specific_idf_objects/
[19:29:00.429421 INFO] Zip: Extracting measures/a_inject_window_specific_idf_objects/LICENSE.md
[19:29:00.429915 INFO] Zip: Extracting measures/a_inject_window_specific_idf_objects/measure.rb
[19:29:00.430540 INFO] Zip: Extracting measures/a_inject_window_specific_idf_objects/measure.xml
[19:29:00.431068 INFO] Zip: Extracting measures/a_inject_window_specific_idf_objects/tests/
[19:29:00.431281 INFO] Zip: Extracting measures/a_inject_window_specific_idf_objects/tests/EnvelopeAndLoadTestModel_01.osm
[19:29:00.437435 INFO] Zip: Extracting measures/a_inject_window_specific_idf_objects/tests/Example B - BlockEnergyCharge.idf
[19:29:00.438041 INFO] Zip: Extracting measures/a_inject_window_specific_idf_objects/tests/measure_Test.rb
[19:29:00.438571 INFO] Zip: Extracting measures/a_inject_window_specific_idf_objects/tests/test.osw
[19:29:00.439536 INFO] Zip: Extracting measures/add_thermochromic_bipv/
[19:29:00.439778 INFO] Zip: Extracting measures/add_thermochromic_bipv/measure.rb
[19:29:00.440443 INFO] Zip: Extracting measures/add_thermochromic_bipv/measure.xml
[19:29:00.441030 INFO] Zip: Extracting measures/add_thermochromic_bipv/resources/
[19:29:00.441249 INFO] Zip: Extracting measures/add_thermochromic_bipv/resources/HVACSizing.Model.rb
[19:29:00.441919 INFO] Zip: Extracting measures/add_thermochromic_bipv/resources/Standards.Construction.rb
[19:29:00.442455 INFO] Zip: Extracting measures/add_thermochromic_bipv/resources/os_lib_helper_methods.rb
[19:29:00.443059 INFO] Zip: Extracting measures/add_thermochromic_bipv/resources/os_lib_schedules.rb
[19:29:00.443867 INFO] Zip: Extracting measures/create_bar_from_building_type_ratios/
[19:29:00.444096 INFO] Zip: Extracting measures/create_bar_from_building_type_ratios/LICENSE.md
[19:29:00.444645 INFO] Zip: Extracting measures/create_bar_from_building_type_ratios/README.md
[19:29:00.445217 INFO] Zip: Extracting measures/create_bar_from_building_type_ratios/README.md.erb
[19:29:00.445693 INFO] Zip: Extracting measures/create_bar_from_building_type_ratios/measure.rb
[19:29:00.446523 INFO] Zip: Extracting measures/create_bar_from_building_type_ratios/measure.xml
[19:29:00.447158 INFO] Zip: Extracting measures/create_bar_from_building_type_ratios/resources/
[19:29:00.447345 INFO] Zip: Extracting measures/create_bar_from_building_type_ratios/resources/os_lib_geometry.rb
[19:29:00.448175 INFO] Zip: Extracting measures/create_bar_from_building_type_ratios/resources/os_lib_helper_methods.rb
[19:29:00.448741 INFO] Zip: Extracting measures/create_bar_from_building_type_ratios/resources/os_lib_model_generation.rb
[19:29:00.449480 INFO] Zip: Extracting measures/create_bar_from_building_type_ratios/resources/os_lib_model_simplification.rb
[19:29:00.450289 INFO] Zip: Extracting measures/create_bar_from_building_type_ratios/tests/
[19:29:00.450492 INFO] Zip: Extracting measures/create_bar_from_building_type_ratios/tests/create_bar_from_building_type_ratios_test.rb
[19:29:00.451057 INFO] Zip: Extracting measures/create_bar_from_building_type_ratios/tests/example_model.osm
[19:29:00.454058 INFO] Zip: Extracting measures/create_typical_building_from_model/
[19:29:00.454257 INFO] Zip: Extracting measures/create_typical_building_from_model/LICENSE.md
[19:29:00.454699 INFO] Zip: Extracting measures/create_typical_building_from_model/README.md
[19:29:00.455156 INFO] Zip: Extracting measures/create_typical_building_from_model/README.md.erb
[19:29:00.455575 INFO] Zip: Extracting measures/create_typical_building_from_model/measure.rb
[19:29:00.456327 INFO] Zip: Extracting measures/create_typical_building_from_model/measure.xml
[19:29:00.456923 INFO] Zip: Extracting measures/create_typical_building_from_model/resources/
[19:29:00.457111 INFO] Zip: Extracting measures/create_typical_building_from_model/resources/Model.hvac.rb
[19:29:00.457647 INFO] Zip: Extracting measures/create_typical_building_from_model/resources/os_lib_helper_methods.rb
[19:29:00.458189 INFO] Zip: Extracting measures/create_typical_building_from_model/resources/os_lib_model_generation.rb
[19:29:00.458975 INFO] Zip: Extracting measures/create_typical_building_from_model/tests/
[19:29:00.459163 INFO] Zip: Extracting measures/create_typical_building_from_model/tests/GenericGbxml.osm
[19:29:00.462474 INFO] Zip: Extracting measures/create_typical_building_from_model/tests/LargeOffice04.osm
[19:29:00.471304 INFO] Zip: Extracting measures/create_typical_building_from_model/tests/MidriseApartment.osm
[19:29:00.584164 INFO] Zip: Extracting measures/create_typical_building_from_model/tests/SmallOffice.osm
[19:29:00.586413 INFO] Zip: Extracting measures/create_typical_building_from_model/tests/USA_TX_Houston-Bush.Intercontinental.AP.722430_TMY3.epw
[19:29:00.597224 INFO] Zip: Extracting measures/create_typical_building_from_model/tests/create_typical_building_from_model_test.rb
[19:29:00.597827 INFO] Zip: Extracting measures/create_typical_building_from_model/tests/test.osw
[19:29:00.598575 INFO] Zip: Extracting measures/create_typical_building_from_model/tests/test_hvac.rb
[19:29:00.598998 INFO] Zip: Extracting measures/export_variableto_csv_variables_for_bipvpce/
[19:29:00.599176 INFO] Zip: Extracting measures/export_variableto_csv_variables_for_bipvpce/measure.rb
[19:29:00.599627 INFO] Zip: Extracting measures/export_variableto_csv_variables_for_bipvpce/measure.xml
[19:29:00.600012 INFO] Zip: Extracting measures/export_variableto_csv_variables_for_bipvpce/resources/
[19:29:00.600164 INFO] Zip: Extracting measures/export_variableto_csv_variables_for_bipvpce/resources/report.html.in
[19:29:00.600544 INFO] Zip: Extracting measures/export_variableto_csv_variables_for_bipvpce/tests/
[19:29:00.600691 INFO] Zip: Extracting measures/export_variableto_csv_variables_for_bipvpce/tests/ExportVariabletoCSV_test.rb
[19:29:00.601076 INFO] Zip: Extracting measures/export_variableto_csv_variables_for_bipvpce/tests/example_model.osm
[19:29:00.602350 INFO] Zip: Extracting measures/inject_idf_window_objects/
[19:29:00.602497 INFO] Zip: Extracting measures/inject_idf_window_objects/LICENSE.md
[19:29:00.602889 INFO] Zip: Extracting measures/inject_idf_window_objects/measure.rb
[19:29:00.603339 INFO] Zip: Extracting measures/inject_idf_window_objects/measure.xml
[19:29:00.603743 INFO] Zip: Extracting measures/inject_idf_window_objects/tests/
[19:29:00.603889 INFO] Zip: Extracting measures/inject_idf_window_objects/tests/EnvelopeAndLoadTestModel_01.osm
[19:29:00.620118 INFO] Zip: Extracting measures/inject_idf_window_objects/tests/Example B - BlockEnergyCharge.idf
[19:29:00.620661 INFO] Zip: Extracting measures/inject_idf_window_objects/tests/measure_Test.rb
[19:29:00.621043 INFO] Zip: Extracting measures/inject_idf_window_objects/tests/test.osw
[19:29:00.621820 INFO] Zip: Extracting seeds/switchglaze/
[19:29:00.622625 INFO] Zip: Extracting seeds/switchglaze.osm
[19:29:00.627158 INFO] Zip: Extracting seeds/switchglaze/files/
[19:29:00.627321 INFO] Zip: Extracting seeds/switchglaze/measures/
[19:29:00.627600 INFO] Zip: Extracting seeds/switchglaze/run/
[19:29:00.627746 INFO] Zip: Extracting seeds/switchglaze/workflow.osw
[19:29:00.628122 INFO] Zip: Extracting weather/DEU_Hamburg.101470_IWEC.ddy
[19:29:00.628633 INFO] Zip: Extracting weather/DEU_Hamburg.101470_IWEC.epw
[19:29:00.638986 INFO] Zip: Extracting weather/DEU_Hamburg.101470_IWEC.stat
[19:29:00.639721 INFO] Zip: Extracting weather/JPN_Tokyo.Hyakuri.477150_IWEC.ddy
[19:29:00.640185 INFO] Zip: Extracting weather/JPN_Tokyo.Hyakuri.477150_IWEC.epw
[19:29:00.650383 INFO] Zip: Extracting weather/JPN_Tokyo.Hyakuri.477150_IWEC.stat
[19:29:00.651162 INFO] Zip: Extracting weather/SAU_Riyadh.404380_IWEC.ddy
[19:29:00.651621 INFO] Zip: Extracting weather/SAU_Riyadh.404380_IWEC.epw
[19:29:00.664950 INFO] Zip: Extracting weather/SAU_Riyadh.404380_IWEC.stat
[19:29:00.665982 INFO] Zip: Extracting weather/SGP_Singapore.486980_IWEC.ddy
[19:29:00.666536 INFO] Zip: Extracting weather/SGP_Singapore.486980_IWEC.epw
[19:29:00.681634 INFO] Zip: Extracting weather/SGP_Singapore.486980_IWEC.stat
[19:29:00.682472 INFO] Zip: Extracting weather/USA_AK_Fairbanks.Intl.AP.702610_TMY3.ddy
[19:29:00.683092 INFO] Zip: Extracting weather/USA_AK_Fairbanks.Intl.AP.702610_TMY3.epw
[19:29:00.698335 INFO] Zip: Extracting weather/USA_AK_Fairbanks.Intl.AP.702610_TMY3.stat
[19:29:00.699186 INFO] Zip: Extracting weather/USA_AZ_Tucson.Intl.AP.722740_TMY3.ddy
[19:29:00.699792 INFO] Zip: Extracting weather/USA_AZ_Tucson.Intl.AP.722740_TMY3.epw
[19:29:00.824014 INFO] Zip: Extracting weather/USA_AZ_Tucson.Intl.AP.722740_TMY3.stat
[19:29:00.824913 INFO] Zip: Extracting weather/USA_CA_San.Diego-Lindbergh.Field.722900_TMY3.ddy
[19:29:00.825377 INFO] Zip: Extracting weather/USA_CA_San.Diego-Lindbergh.Field.722900_TMY3.epw
[19:29:00.836119 INFO] Zip: Extracting weather/USA_CA_San.Diego-Lindbergh.Field.722900_TMY3.stat
[19:29:00.836896 INFO] Zip: Extracting weather/USA_CO_Denver.Intl.AP.725650_TMY3.ddy
[19:29:00.837366 INFO] Zip: Extracting weather/USA_CO_Denver.Intl.AP.725650_TMY3.epw
[19:29:00.848003 INFO] Zip: Extracting weather/USA_CO_Denver.Intl.AP.725650_TMY3.stat
[19:29:00.848705 INFO] Zip: Extracting weather/USA_FL_Tampa.Intl.AP.722110_TMY3.ddy
[19:29:00.849194 INFO] Zip: Extracting weather/USA_FL_Tampa.Intl.AP.722110_TMY3.epw
[19:29:01.030210 INFO] Zip: Extracting weather/USA_FL_Tampa.Intl.AP.722110_TMY3.stat
[19:29:01.031286 INFO] Zip: Extracting weather/USA_GA_Atlanta-Hartsfield-Jackson.Intl.AP.722190_TMY3.ddy
[19:29:01.031876 INFO] Zip: Extracting weather/USA_GA_Atlanta-Hartsfield-Jackson.Intl.AP.722190_TMY3.epw
[19:29:01.045625 INFO] Zip: Extracting weather/USA_GA_Atlanta-Hartsfield-Jackson.Intl.AP.722190_TMY3.stat
[19:29:01.046510 INFO] Zip: Extracting weather/USA_HI_Honolulu.Intl.AP.911820_TMY3.ddy
[19:29:01.047068 INFO] Zip: Extracting weather/USA_HI_Honolulu.Intl.AP.911820_TMY3.epw
[19:29:01.060677 INFO] Zip: Extracting weather/USA_HI_Honolulu.Intl.AP.911820_TMY3.stat
[19:29:01.061556 INFO] Zip: Extracting weather/USA_MN_International.Falls.Intl.AP.727470_TMY3.ddy
[19:29:01.062161 INFO] Zip: Extracting weather/USA_MN_International.Falls.Intl.AP.727470_TMY3.epw
[19:29:01.082384 INFO] Zip: Extracting weather/USA_MN_International.Falls.Intl.AP.727470_TMY3.stat
[19:29:01.083197 INFO] Zip: Extracting weather/USA_MN_Rochester.Intl.AP.726440_TMY3.ddy
[19:29:01.083676 INFO] Zip: Extracting weather/USA_MN_Rochester.Intl.AP.726440_TMY3.epw
[19:29:01.094171 INFO] Zip: Extracting weather/USA_MN_Rochester.Intl.AP.726440_TMY3.stat
[19:29:01.094902 INFO] Zip: Extracting weather/USA_MT_Great.Falls.Intl.AP.727750_TMY3.ddy
[19:29:01.095421 INFO] Zip: Extracting weather/USA_MT_Great.Falls.Intl.AP.727750_TMY3.epw
[19:29:01.105884 INFO] Zip: Extracting weather/USA_MT_Great.Falls.Intl.AP.727750_TMY3.stat
[19:29:01.106710 INFO] Zip: Extracting weather/USA_NM_Albuquerque.Intl.AP.723650_TMY3.ddy
[19:29:01.107179 INFO] Zip: Extracting weather/USA_NM_Albuquerque.Intl.AP.723650_TMY3.epw
[19:29:01.120712 INFO] Zip: Extracting weather/USA_NM_Albuquerque.Intl.AP.723650_TMY3.stat
[19:29:01.121618 INFO] Zip: Extracting weather/USA_NY_Buffalo-Greater.Buffalo.Intl.AP.725280_TMY3.ddy
[19:29:01.122223 INFO] Zip: Extracting weather/USA_NY_Buffalo-Greater.Buffalo.Intl.AP.725280_TMY3.epw
[19:29:01.138015 INFO] Zip: Extracting weather/USA_NY_Buffalo-Greater.Buffalo.Intl.AP.725280_TMY3.stat
[19:29:01.141203 INFO] Zip: Extracting weather/USA_NY_New.York-J.F.Kennedy.Intl.AP.744860_TMY3.ddy
[19:29:01.144647 INFO] Zip: Extracting weather/USA_NY_New.York-J.F.Kennedy.Intl.AP.744860_TMY3.epw
[19:29:01.154787 INFO] Zip: Extracting weather/USA_NY_New.York-J.F.Kennedy.Intl.AP.744860_TMY3.stat
[19:29:01.155584 INFO] Zip: Extracting weather/USA_TX_El.Paso.Intl.AP.722700_TMY3.ddy
[19:29:01.156080 INFO] Zip: Extracting weather/USA_TX_El.Paso.Intl.AP.722700_TMY3.epw
[19:29:01.166584 INFO] Zip: Extracting weather/USA_TX_El.Paso.Intl.AP.722700_TMY3.stat
[19:29:01.167379 INFO] Zip: Extracting weather/USA_WA_Port.Angeles-William.R.Fairchild.Intl.AP.727885_TMY3.ddy
[19:29:01.167986 INFO] Zip: Extracting weather/USA_WA_Port.Angeles-William.R.Fairchild.Intl.AP.727885_TMY3.epw
[19:29:01.178270 INFO] Zip: Extracting weather/USA_WA_Port.Angeles-William.R.Fairchild.Intl.AP.727885_TMY3.stat
[19:29:01.179066 INFO] Zip: Extracting weather/USA_WA_Seattle-Tacoma.Intl.AP.727930_TMY3.ddy
[19:29:01.179550 INFO] Zip: Extracting weather/USA_WA_Seattle-Tacoma.Intl.AP.727930_TMY3.epw
[19:29:01.189968 INFO] Zip: Extracting weather/USA_WA_Seattle-Tacoma.Intl.AP.727930_TMY3.stat
[19:29:01.193328 INFO] Downloading analysis.json from http://web:80/analyses/72a216d4-3a64-4cd6-8e04-b9bc3af7ff20.json
[19:29:01.243838 INFO] Checking for presence of args file at /mnt/openstudio/analysis_72a216d4-3a64-4cd6-8e04-b9bc3af7ff20/scripts/data_point/initialize.args
[19:29:01.243909 INFO] Checking for presence of script file at /mnt/openstudio/analysis_72a216d4-3a64-4cd6-8e04-b9bc3af7ff20/scripts/data_point/initialize.sh
[19:29:01.243955 INFO] Finished worker initialization
[19:29:01.243993 INFO] RestClient delete
[19:29:01.244027 INFO] delete post_count = 1
[19:29:01.255288 INFO] Downloading datapoint from http://web:80/data_points/c07cfb62-d26c-411d-aac4-d006e592a262.json
[19:29:01.255360 INFO] get url post_count = 1
[19:29:01.272238 INFO] Creating Workflow Manager instance
[19:29:01.272323 INFO] Directory is /mnt/openstudio/analysis_72a216d4-3a64-4cd6-8e04-b9bc3af7ff20/data_point_c07cfb62-d26c-411d-aac4-d006e592a262
[19:29:01.272409 INFO] Opening run.log file '/mnt/openstudio/analysis_72a216d4-3a64-4cd6-8e04-b9bc3af7ff20/data_point_c07cfb62-d26c-411d-aac4-d006e592a262/run/run.log'
[19:29:01.272591 WARN] Error finding Oscli: OPENSTUDIO_EXE_PATH not set
[19:29:01.289508 WARN] Defaulting to fun Oscli via /usr/local/bin/openstudio
[19:29:01.289676 INFO] Returning Oscli cmd: /usr/local/bin/openstudio --bundle /var/oscli/Gemfile --bundle_path /var/oscli/gems 
[19:29:01.289865 INFO] Running workflow using cmd /usr/local/bin/openstudio --bundle /var/oscli/Gemfile --bundle_path /var/oscli/gems   run --workflow '/mnt/openstudio/analysis_72a216d4-3a64-4cd6-8e04-b9bc3af7ff20/data_point_c07cfb62-d26c-411d-aac4-d006e592a262/data_point.osw'  and writing log to /mnt/openstudio/analysis_72a216d4-3a64-4cd6-8e04-b9bc3af7ff20/data_point_c07cfb62-d26c-411d-aac4-d006e592a262/oscli_simulation.log
[19:29:21.973108 INFO] Oscli output: /var/oscli/gems/ruby/2.5.0/gems/openstudio-standards-0.2.11/lib/openstudio-standards/btap/btap.rb:56: warning: constant ::Fixnum is deprecated
[openstudio.standards.Model] <1> Model has been assigned a weather file, but the file is not in the specified location of 'file:////mnt/openstudio/analysis_72a216d4-3a64-4cd6-8e04-b9bc3af7ff20/weather/SAU_Riyadh.404380_IWEC.epw'.
[19:29:17.426881 WARN] Could not add loads for Plenum. Not expected for 90.1-2013
[19:29:21.436938 WARN] [openstudio.standards.Construction] Requested U-value of 0.58 for Typical Insulated Exterior Mass Wall is too low given the other materials in the construction; insulation layer will not be modified.
[19:29:21.437465 WARN] [openstudio.standards.Construction] Can only set the u-value of opaque constructions or simple glazing. U 0.60 SHGC 0.25 Dbl 2.5mm air is not opaque or simple glazing.
[19:29:21.437829 WARN] [openstudio.standards.Construction] Can only set the u-value of opaque constructions or simple glazing. U 0.65 SHGC 0.25 Dbl Ref-C-H Clr 6mm/6mm Air is not opaque or simple glazing.
[19:29:21.437957 WARN] [openstudio.standards.Construction] Requested U-value of 1.1686635536297982 for Typical Overhead Door is greater than the sum of the inside and outside resistance, and the max U-value (6.636 SI) is used instead.
[19:29:21.438210 WARN] [openstudio.standards.Construction] Can only set the u-value of opaque constructions or simple glazing. Window_U_0.75_SHGC_0.35_Skylight_Frame_Width_2.339_in is not opaque or simple glazing.
[19:29:21.439098 WARN] [openstudio.weather.Model] Could not find ground temperatures; will use generic temperatures, which will skew results.
[19:29:21.454207 ERROR] [openstudio.standards.Model] Model has been assigned a weather file, but the file is not in the specified location of 'file:////mnt/openstudio/analysis_72a216d4-3a64-4cd6-8e04-b9bc3af7ff20/weather/SAU_Riyadh.404380_IWEC.epw'.
[19:29:21.644308 ERROR] /var/oscli/gems/ruby/2.5.0/gems/openstudio-workflow-2.0.0/lib/openstudio/workflow/util/measure.rb failed with message Runner error /var/oscli/gems/ruby/2.5.0/gems/openstudio-workflow-2.0.0/lib/openstudio/workflow/util/measure.rb failed with Measure create_typical_building_from_model reported an error with ["[openstudio.standards.Model] Model has been assigned a weather file, but the file is not in the specified location of 'file:////mnt/openstudio/analysis_72a216d4-3a64-4cd6-8e04-b9bc3af7ff20/weather/SAU_Riyadh.404380_IWEC.epw'."], /var/oscli/gems/ruby/2.5.0/gems/openstudio-workflow-2.0.0/lib/openstudio/workflow/util/measure.rb:560:in `apply_measure'
/var/oscli/gems/ruby/2.5.0/gems/openstudio-workflow-2.0.0/lib/openstudio/workflow/util/measure.rb:109:in `block in apply_measures'
/var/oscli/gems/ruby/2.5.0/gems/openstudio-workflow-2.0.0/lib/openstudio/workflow/util/measure.rb:67:in `each_index'
/var/oscli/gems/ruby/2.5.0/gems/openstudio-workflow-2.0.0/lib/openstudio/workflow/util/measure.rb:67:in `apply_measures'
/var/oscli/gems/ruby/2.5.0/gems/openstudio-workflow-2.0.0/lib/openstudio/workflow/jobs/run_os_measures.rb:70:in `perform'
/var/oscli/gems/ruby/2.5.0/gems/openstudio-workflow-2.0.0/lib/openstudio/workflow/run.rb:292:in `step'
/var/oscli/gems/ruby/2.5.0/gems/openstudio-workflow-2.0.0/lib/openstudio/workflow/run.rb:234:in `run'
:/openstudio_cli.rb:960:in `execute'
:/openstudio_cli.rb:750:in `execute'
:/openstudio_cli.rb:1744:in `<main>'
eval:174:in `eval'
eval:174:in `require_embedded_absolute'
eval:160:in `block in require_embedded'
eval:154:in `each'
eval:154:in `require_embedded'
eval:113:in `require'
eval:3:in `<main>' in /var/oscli/gems/ruby/2.5.0/gems/openstudio-workflow-2.0.0/lib/openstudio/workflow/util/measure.rb:598:in `rescue in apply_measure'
/var/oscli/gems/ruby/2.5.0/gems/openstudio-workflow-2.0.0/lib/openstudio/workflow/util/measure.rb:548:in `apply_measure'
/var/oscli/gems/ruby/2.5.0/gems/openstudio-workflow-2.0.0/lib/openstudio/workflow/util/measure.rb:109:in `block in apply_measures'
/var/oscli/gems/ruby/2.5.0/gems/openstudio-workflow-2.0.0/lib/openstudio/workflow/util/measure.rb:67:in `each_index'
/var/oscli/gems/ruby/2.5.0/gems/openstudio-workflow-2.0.0/lib/openstudio/workflow/util/measure.rb:67:in `apply_measures'
/var/oscli/gems/ruby/2.5.0/gems/openstudio-workflow-2.0.0/lib/openstudio/workflow/jobs/run_os_measures.rb:70:in `perform'
/var/oscli/gems/ruby/2.5.0/gems/openstudio-workflow-2.0.0/lib/openstudio/workflow/run.rb:292:in `step'
/var/oscli/gems/ruby/2.5.0/gems/openstudio-workflow-2.0.0/lib/openstudio/workflow/run.rb:234:in `run'
:/openstudio_cli.rb:960:in `execute'
:/openstudio_cli.rb:750:in `execute'
:/openstudio_cli.rb:1744:in `<main>'
eval:174:in `eval'
eval:174:in `require_embedded_absolute'
eval:160:in `block in require_embedded'
eval:154:in `each'
eval:154:in `require_embedded'
eval:113:in `require'
eval:3:in `<main>'
[19:29:21.647890 ERROR] Found error in state 'os_measures' with message ["/var/oscli/gems/ruby/2.5.0/gems/openstudio-workflow-2.0.0/lib/openstudio/workflow/util/measure.rb failed with message Runner error /var/oscli/gems/ruby/2.5.0/gems/openstudio-workflow-2.0.0/lib/openstudio/workflow/util/measure.rb failed with Measure create_typical_building_from_model reported an error with [\"[openstudio.standards.Model] Model has been assigned a weather file, but the file is not in the specified location of 'file:////mnt/openstudio/analysis_72a216d4-3a64-4cd6-8e04-b9bc3af7ff20/weather/SAU_Riyadh.404380_IWEC.epw'.\"], /var/oscli/gems/ruby/2.5.0/gems/openstudio-workflow-2.0.0/lib/openstudio/workflow/util/measure.rb:560:in `apply_measure'\n/var/oscli/gems/ruby/2.5.0/gems/openstudio-workflow-2.0.0/lib/openstudio/workflow/util/measure.rb:109:in `block in apply_measures'\n/var/oscli/gems/ruby/2.5.0/gems/openstudio-workflow-2.0.0/lib/openstudio/workflow/util/measure.rb:67:in `each_index'\n/var/oscli/gems/ruby/2.5.0/gems/openstudio-workflow-2.0.0/lib/openstudio/workflow/util/measure.rb:67:in `apply_measures'\n/var/oscli/gems/ruby/2.5.0/gems/openstudio-workflow-2.0.0/lib/openstudio/workflow/jobs/run_os_measures.rb:70:in `perform'\n/var/oscli/gems/ruby/2.5.0/gems/openstudio-workflow-2.0.0/lib/openstudio/workflow/run.rb:292:in `step'\n/var/oscli/gems/ruby/2.5.0/gems/openstudio-workflow-2.0.0/lib/openstudio/workflow/run.rb:234:in `run'\n:/openstudio_cli.rb:960:in `execute'\n:/openstudio_cli.rb:750:in `execute'\n:/openstudio_cli.rb:1744:in `<main>'\neval:174:in `eval'\neval:174:in `require_embedded_absolute'\neval:160:in `block in require_embedded'\neval:154:in `each'\neval:154:in `require_embedded'\neval:113:in `require'\neval:3:in `<main>' in /var/oscli/gems/ruby/2.5.0/gems/openstudio-workflow-2.0.0/lib/openstudio/workflow/util/measure.rb:598:in `rescue in apply_measure'\n/var/oscli/gems/ruby/2.5.0/gems/openstudio-workflow-2.0.0/lib/openstudio/workflow/util/measure.rb:548:in `apply_measure'\n/var/oscli/gems/ruby/2.5.0/gems/openstudio-workflow-2.0.0/lib/openstudio/workflow/util/measure.rb:109:in `block in apply_measures'\n/var/oscli/gems/ruby/2.5.0/gems/openstudio-workflow-2.0.0/lib/openstudio/workflow/util/measure.rb:67:in `each_index'\n/var/oscli/gems/ruby/2.5.0/gems/openstudio-workflow-2.0.0/lib/openstudio/workflow/util/measure.rb:67:in `apply_measures'\n/var/oscli/gems/ruby/2.5.0/gems/openstudio-workflow-2.0.0/lib/openstudio/workflow/jobs/run_os_measures.rb:70:in `perform'\n/var/oscli/gems/ruby/2.5.0/gems/openstudio-workflow-2.0.0/lib/openstudio/workflow/run.rb:292:in `step'\n/var/oscli/gems/ruby/2.5.0/gems/openstudio-workflow-2.0.0/lib/openstudio/workflow/run.rb:234:in `run'\n:/openstudio_cli.rb:960:in `execute'\n:/openstudio_cli.rb:750:in `execute'\n:/openstudio_cli.rb:1744:in `<main>'\neval:174:in `eval'\neval:174:in `require_embedded_absolute'\neval:160:in `block in require_embedded'\neval:154:in `each'\neval:154:in `require_embedded'\neval:113:in `require'\neval:3:in `<main>':/var/oscli/gems/ruby/2.5.0/gems/openstudio-workflow-2.0.0/lib/openstudio/workflow/util/measure.rb:647:in `rescue in apply_measure'\n/var/oscli/gems/ruby/2.5.0/gems/openstudio-workflow-2.0.0/lib/openstudio/workflow/util/measure.rb:305:in `apply_measure'\n/var/oscli/gems/ruby/2.5.0/gems/openstudio-workflow-2.0.0/lib/openstudio/workflow/util/measure.rb:109:in `block in apply_measures'\n/var/oscli/gems/ruby/2.5.0/gems/openstudio-workflow-2.0.0/lib/openstudio/workflow/util/measure.rb:67:in `each_index'\n/var/oscli/gems/ruby/2.5.0/gems/openstudio-workflow-2.0.0/lib/openstudio/workflow/util/measure.rb:67:in `apply_measures'\n/var/oscli/gems/ruby/2.5.0/gems/openstudio-workflow-2.0.0/lib/openstudio/workflow/jobs/run_os_measures.rb:70:in `perform'\n/var/oscli/gems/ruby/2.5.0/gems/openstudio-workflow-2.0.0/lib/openstudio/workflow/run.rb:292:in `step'\n/var/oscli/gems/ruby/2.5.0/gems/openstudio-workflow-2.0.0/lib/openstudio/workflow/run.rb:234:in `run'\n:/openstudio_cli.rb:960:in `execute'\n:/openstudio_cli.rb:750:in `execute'\n:/openstudio_cli.rb:1744:in `<main>'\neval:174:in `eval'\neval:174:in `require_embedded_absolute'\neval:160:in `block in require_embedded'\neval:154:in `each'\neval:154:in `require_embedded'\neval:113:in `require'\neval:3:in `<main>'"]}

[19:29:21.974082 ERROR] Could not find results /mnt/openstudio/analysis_72a216d4-3a64-4cd6-8e04-b9bc3af7ff20/data_point_c07cfb62-d26c-411d-aac4-d006e592a262/run/measure_attributes.json
[19:29:21.974140 INFO] Saving files/reports back to the server
[19:29:21.974471 INFO] Saving report /mnt/openstudio/analysis_72a216d4-3a64-4cd6-8e04-b9bc3af7ff20/data_point_c07cfb62-d26c-411d-aac4-d006e592a262/out.osw to http://web:80/data_points/c07cfb62-d26c-411d-aac4-d006e592a262/upload_file
[19:29:22.011684 INFO] Saving report responded with {"id":"5efb9291ce5ea001352be9b9","data_point_id":"c07cfb62-d26c-411d-aac4-d006e592a262","display_name":"Final OSW File","type":"Report","created_at":"2020-06-30T19:29:21.989Z","updated_at":"2020-06-30T19:29:21.989Z"}
[19:29:22.012017 INFO] Saving report /mnt/openstudio/analysis_72a216d4-3a64-4cd6-8e04-b9bc3af7ff20/data_point_c07cfb62-d26c-411d-aac4-d006e592a262/run/data_point.zip to http://web:80/data_points/c07cfb62-d26c-411d-aac4-d006e592a262/upload_file
[19:29:22.068658 INFO] Saving report responded with {"id":"5efb9292ce5ea001352be9ba","data_point_id":"c07cfb62-d26c-411d-aac4-d006e592a262","display_name":"Zip File","type":"Data Point","created_at":"2020-06-30T19:29:22.050Z","updated_at":"2020-06-30T19:29:22.050Z"}
[19:29:22.068932 INFO] Checking for presence of args file at /mnt/openstudio/analysis_72a216d4-3a64-4cd6-8e04-b9bc3af7ff20/scripts/data_point/finalize.args
[19:29:22.068999 INFO] Checking for presence of script file at /mnt/openstudio/analysis_72a216d4-3a64-4cd6-8e04-b9bc3af7ff20/scripts/data_point/finalize.sh
[19:29:22.074586 INFO] Finished /opt/openstudio/server/app/jobs/dj_jobs/run_simulate_data_point.rb
