# Logfile created on 2020-06-30 19:28:58 +0000 by logger.rb/61378
[19:28:58.091140 INFO] Server host is http://web:80
[19:28:58.091286 INFO] Analysis directory is /mnt/openstudio/analysis_72a216d4-3a64-4cd6-8e04-b9bc3af7ff20
[19:28:58.091351 INFO] Simulation directory is /mnt/openstudio/analysis_72a216d4-3a64-4cd6-8e04-b9bc3af7ff20/data_point_048fee54-ad37-42ff-918b-f8ab69264846
[19:28:58.091619 INFO] Run datapoint type/file is 
[19:28:58.091669 INFO] Starting initialize_worker for datapoint 048fee54-ad37-42ff-918b-f8ab69264846
[19:28:58.091995 INFO] Downloading analysis zip from http://web:80/analyses/72a216d4-3a64-4cd6-8e04-b9bc3af7ff20/download_analysis_zip
[19:29:02.258824 INFO] Extracting analysis zip to /mnt/openstudio/analysis_72a216d4-3a64-4cd6-8e04-b9bc3af7ff20
[19:29:02.271875 INFO] Zip: Extracting lib/resources/ASHRAE_zone12_Spec.idf
[19:29:02.273142 INFO] Zip: Extracting lib/resources/ASHRAE_zone3_Spec.idf
[19:29:02.273674 INFO] Zip: Extracting lib/resources/ASHRAE_zone456_Spec.idf
[19:29:02.274326 INFO] Zip: Extracting lib/resources/ASHRAE_zone78_Spec.idf
[19:29:02.274882 INFO] Zip: Extracting lib/resources/GlzSys19_13F-air-9_Spec.idf
[19:29:02.276072 INFO] Zip: Extracting lib/resources/GlzSys20_14F-air-3000_Spec.idf
[19:29:02.277174 INFO] Zip: Extracting lib/resources/GlzSys21_13F-air-3000_Spec.idf
[19:29:02.278219 INFO] Zip: Extracting lib/resources/GlzSys_10-air-9_Spec.idf
[19:29:02.279315 INFO] Zip: Extracting lib/resources/GlzSys_10F-air-3000_Spec.idf
[19:29:02.280433 INFO] Zip: Extracting lib/resources/GlzSys_11F-air-3000_Spec.idf
[19:29:02.281534 INFO] Zip: Extracting lib/resources/GlzSys_16095-air-3000_Spec.idf
[19:29:02.282659 INFO] Zip: Extracting lib/resources/GlzSys_16095-air-9_Spec.idf
[19:29:02.283810 INFO] Zip: Extracting lib/resources/GlzSys_6374-air-3000_Spec.idf
[19:29:02.284940 INFO] Zip: Extracting lib/resources/GlzSys_Dark_PV_Spec.idf
[19:29:02.285675 INFO] Zip: Extracting lib/resources/GlzSys_Light_PV_Spec.idf
[19:29:02.286308 INFO] Zip: Extracting lib/resources/GlzSys_Thermochromic_30C.idf
[19:29:02.287275 INFO] Zip: Extracting lib/resources/GlzSys_Thermochromic_35C.idf
[19:29:02.288097 INFO] Zip: Extracting lib/resources/GlzSys_Thermochromic_40C.idf
[19:29:02.288921 INFO] Zip: Extracting lib/resources/SG_zone12_Spec.idf
[19:29:02.289779 INFO] Zip: Extracting lib/resources/SG_zone3_Spec.idf
[19:29:02.290576 INFO] Zip: Extracting lib/resources/SG_zone456_Spec.idf
[19:29:02.291626 INFO] Zip: Extracting lib/resources/SG_zone78_Spec.idf
[19:29:02.292753 INFO] Zip: Extracting lib/resources/Window_PV_No_frame_Spec_Spec.idf
[19:29:02.293596 INFO] Zip: Extracting lib/resources/Window_PV_frame_Spec.idf
[19:29:02.294245 INFO] Zip: Extracting measures/AddMeter/
[19:29:02.294481 INFO] Zip: Extracting measures/AddMeter/LICENSE.md
[19:29:02.294854 INFO] Zip: Extracting measures/AddMeter/New folder/
[19:29:02.295032 INFO] Zip: Extracting measures/AddMeter/README.md
[19:29:02.295462 INFO] Zip: Extracting measures/AddMeter/README.md.erb
[19:29:02.295863 INFO] Zip: Extracting measures/AddMeter/measure.rb
[19:29:02.296231 INFO] Zip: Extracting measures/AddMeter/measure.xml
[19:29:02.296608 INFO] Zip: Extracting measures/AddMeter/tests/
[19:29:02.296764 INFO] Zip: Extracting measures/AddMeter/tests/AddMeter_Test.rb
[19:29:02.297170 INFO] Zip: Extracting measures/AddOutputVariable/
[19:29:02.297309 INFO] Zip: Extracting measures/AddOutputVariable/LICENSE.md
[19:29:02.297642 INFO] Zip: Extracting measures/AddOutputVariable/README.md
[19:29:02.298002 INFO] Zip: Extracting measures/AddOutputVariable/README.md.erb
[19:29:02.298326 INFO] Zip: Extracting measures/AddOutputVariable/measure.rb
[19:29:02.298726 INFO] Zip: Extracting measures/AddOutputVariable/measure.xml
[19:29:02.299119 INFO] Zip: Extracting measures/AddOutputVariable/tests/
[19:29:02.299260 INFO] Zip: Extracting measures/AddOutputVariable/tests/AddOutputVariable_Test.rb
[19:29:02.299613 INFO] Zip: Extracting measures/ChangeBuildingLocation/
[19:29:02.299751 INFO] Zip: Extracting measures/ChangeBuildingLocation/LICENSE.md
[19:29:02.300088 INFO] Zip: Extracting measures/ChangeBuildingLocation/README.md
[19:29:02.300497 INFO] Zip: Extracting measures/ChangeBuildingLocation/README.md.erb
[19:29:02.300818 INFO] Zip: Extracting measures/ChangeBuildingLocation/measure.rb
[19:29:02.301259 INFO] Zip: Extracting measures/ChangeBuildingLocation/measure.xml
[19:29:02.301754 INFO] Zip: Extracting measures/ChangeBuildingLocation/resources/
[19:29:02.301897 INFO] Zip: Extracting measures/ChangeBuildingLocation/resources/epw.rb
[19:29:02.302330 INFO] Zip: Extracting measures/ChangeBuildingLocation/resources/os_lib_helper_methods.rb
[19:29:02.302766 INFO] Zip: Extracting measures/ChangeBuildingLocation/resources/stat_file.rb
[19:29:02.303142 INFO] Zip: Extracting measures/ChangeBuildingLocation/tests/
[19:29:02.303282 INFO] Zip: Extracting measures/ChangeBuildingLocation/tests/USA_MA_Boston-Logan.Intl.AP.725090_TMY3.ddy
[19:29:02.303764 INFO] Zip: Extracting measures/ChangeBuildingLocation/tests/USA_MA_Boston-Logan.Intl.AP.725090_TMY3.epw
[19:29:02.314817 INFO] Zip: Extracting measures/ChangeBuildingLocation/tests/USA_MA_Boston-Logan.Intl.AP.725090_TMY3.stat
[19:29:02.315585 INFO] Zip: Extracting measures/ChangeBuildingLocation/tests/USA_WA_Renton.Muni.AP.727934_TMY3.ddy
[19:29:02.316000 INFO] Zip: Extracting measures/ChangeBuildingLocation/tests/USA_WA_Renton.Muni.AP.727934_TMY3.epw
[19:29:02.330723 INFO] Zip: Extracting measures/ChangeBuildingLocation/tests/USA_WA_Renton.Muni.AP.727934_TMY3.stat
[19:29:02.331624 INFO] Zip: Extracting measures/ChangeBuildingLocation/tests/another_weather_file.ddy
[19:29:02.332201 INFO] Zip: Extracting measures/ChangeBuildingLocation/tests/another_weather_file.epw
[19:29:02.347196 INFO] Zip: Extracting measures/ChangeBuildingLocation/tests/another_weather_file.stat
[19:29:02.347970 INFO] Zip: Extracting measures/ChangeBuildingLocation/tests/change_building_location_test.rb
[19:29:02.348378 INFO] Zip: Extracting measures/ChangeBuildingLocation/tests/multiyear.ddy
[19:29:02.348828 INFO] Zip: Extracting measures/ChangeBuildingLocation/tests/multiyear.epw
[19:29:02.349184 INFO] Zip: Extracting measures/ChangeBuildingLocation/tests/multiyear.stat
[19:29:02.349774 INFO] Zip: Extracting measures/ChangeBuildingLocation/tests/test.osm
[19:29:02.354843 INFO] Zip: Extracting measures/ChangeBuildingLocation/tests/test.osw
[19:29:02.355776 INFO] Zip: Extracting measures/ServerDirectoryCleanup/
[19:29:02.355952 INFO] Zip: Extracting measures/ServerDirectoryCleanup/LICENSE.md
[19:29:02.356411 INFO] Zip: Extracting measures/ServerDirectoryCleanup/measure.rb
[19:29:02.356870 INFO] Zip: Extracting measures/ServerDirectoryCleanup/measure.xml
[19:29:02.357324 INFO] Zip: Extracting measures/ServerDirectoryCleanup/tests/
[19:29:02.357485 INFO] Zip: Extracting measures/ServerDirectoryCleanup/tests/ServerDirectoryCleanup_test.rb
[19:29:02.357936 INFO] Zip: Extracting measures/ServerDirectoryCleanup/tests/USA_CO_Golden-NREL.724666_TMY3.epw
[19:29:02.373527 INFO] Zip: Extracting measures/ServerDirectoryCleanup/tests/example_model.osm
[19:29:02.375539 INFO] Zip: Extracting measures/WindowPV_reporting/
[19:29:02.375716 INFO] Zip: Extracting measures/WindowPV_reporting/measure.rb
[19:29:02.376337 INFO] Zip: Extracting measures/WindowPV_reporting/measure.xml
[19:29:02.376827 INFO] Zip: Extracting measures/WindowPV_reporting/resources/
[19:29:02.376985 INFO] Zip: Extracting measures/WindowPV_reporting/resources/os_lib_helper_methods.rb
[19:29:02.377493 INFO] Zip: Extracting measures/WindowPV_reporting/resources/report.html.in
[19:29:02.377927 INFO] Zip: Extracting measures/WindowPV_reporting/tests/
[19:29:02.378068 INFO] Zip: Extracting measures/WindowPV_reporting/tests/USA_CO_Golden-NREL.724666_TMY3.epw
[19:29:02.393265 INFO] Zip: Extracting measures/WindowPV_reporting/tests/example_model.osm
[19:29:02.395115 INFO] Zip: Extracting measures/WindowPV_reporting/tests/ubi_qd_reporting_test.rb
[19:29:02.395631 INFO] Zip: Extracting measures/a_inject_window_specific_idf_objects/
[19:29:02.395791 INFO] Zip: Extracting measures/a_inject_window_specific_idf_objects/LICENSE.md
[19:29:02.396230 INFO] Zip: Extracting measures/a_inject_window_specific_idf_objects/measure.rb
[19:29:02.396854 INFO] Zip: Extracting measures/a_inject_window_specific_idf_objects/measure.xml
[19:29:02.397317 INFO] Zip: Extracting measures/a_inject_window_specific_idf_objects/tests/
[19:29:02.397466 INFO] Zip: Extracting measures/a_inject_window_specific_idf_objects/tests/EnvelopeAndLoadTestModel_01.osm
[19:29:02.517670 INFO] Zip: Extracting measures/a_inject_window_specific_idf_objects/tests/Example B - BlockEnergyCharge.idf
[19:29:02.518219 INFO] Zip: Extracting measures/a_inject_window_specific_idf_objects/tests/measure_Test.rb
[19:29:02.518612 INFO] Zip: Extracting measures/a_inject_window_specific_idf_objects/tests/test.osw
[19:29:02.519280 INFO] Zip: Extracting measures/add_thermochromic_bipv/
[19:29:02.519459 INFO] Zip: Extracting measures/add_thermochromic_bipv/measure.rb
[19:29:02.519918 INFO] Zip: Extracting measures/add_thermochromic_bipv/measure.xml
[19:29:02.520316 INFO] Zip: Extracting measures/add_thermochromic_bipv/resources/
[19:29:02.520494 INFO] Zip: Extracting measures/add_thermochromic_bipv/resources/HVACSizing.Model.rb
[19:29:02.521068 INFO] Zip: Extracting measures/add_thermochromic_bipv/resources/Standards.Construction.rb
[19:29:02.521441 INFO] Zip: Extracting measures/add_thermochromic_bipv/resources/os_lib_helper_methods.rb
[19:29:02.521860 INFO] Zip: Extracting measures/add_thermochromic_bipv/resources/os_lib_schedules.rb
[19:29:02.522415 INFO] Zip: Extracting measures/create_bar_from_building_type_ratios/
[19:29:02.522568 INFO] Zip: Extracting measures/create_bar_from_building_type_ratios/LICENSE.md
[19:29:02.522905 INFO] Zip: Extracting measures/create_bar_from_building_type_ratios/README.md
[19:29:02.523264 INFO] Zip: Extracting measures/create_bar_from_building_type_ratios/README.md.erb
[19:29:02.523594 INFO] Zip: Extracting measures/create_bar_from_building_type_ratios/measure.rb
[19:29:02.524171 INFO] Zip: Extracting measures/create_bar_from_building_type_ratios/measure.xml
[19:29:02.524633 INFO] Zip: Extracting measures/create_bar_from_building_type_ratios/resources/
[19:29:02.524783 INFO] Zip: Extracting measures/create_bar_from_building_type_ratios/resources/os_lib_geometry.rb
[19:29:02.525384 INFO] Zip: Extracting measures/create_bar_from_building_type_ratios/resources/os_lib_helper_methods.rb
[19:29:02.525825 INFO] Zip: Extracting measures/create_bar_from_building_type_ratios/resources/os_lib_model_generation.rb
[19:29:02.526392 INFO] Zip: Extracting measures/create_bar_from_building_type_ratios/resources/os_lib_model_simplification.rb
[19:29:02.527011 INFO] Zip: Extracting measures/create_bar_from_building_type_ratios/tests/
[19:29:02.527175 INFO] Zip: Extracting measures/create_bar_from_building_type_ratios/tests/create_bar_from_building_type_ratios_test.rb
[19:29:02.527586 INFO] Zip: Extracting measures/create_bar_from_building_type_ratios/tests/example_model.osm
[19:29:02.529878 INFO] Zip: Extracting measures/create_typical_building_from_model/
[19:29:02.530038 INFO] Zip: Extracting measures/create_typical_building_from_model/LICENSE.md
[19:29:02.530383 INFO] Zip: Extracting measures/create_typical_building_from_model/README.md
[19:29:02.530742 INFO] Zip: Extracting measures/create_typical_building_from_model/README.md.erb
[19:29:02.531075 INFO] Zip: Extracting measures/create_typical_building_from_model/measure.rb
[19:29:02.531675 INFO] Zip: Extracting measures/create_typical_building_from_model/measure.xml
[19:29:02.532134 INFO] Zip: Extracting measures/create_typical_building_from_model/resources/
[19:29:02.532283 INFO] Zip: Extracting measures/create_typical_building_from_model/resources/Model.hvac.rb
[19:29:02.532707 INFO] Zip: Extracting measures/create_typical_building_from_model/resources/os_lib_helper_methods.rb
[19:29:02.533136 INFO] Zip: Extracting measures/create_typical_building_from_model/resources/os_lib_model_generation.rb
[19:29:02.533716 INFO] Zip: Extracting measures/create_typical_building_from_model/tests/
[19:29:02.533872 INFO] Zip: Extracting measures/create_typical_building_from_model/tests/GenericGbxml.osm
[19:29:02.536325 INFO] Zip: Extracting measures/create_typical_building_from_model/tests/LargeOffice04.osm
[19:29:02.543029 INFO] Zip: Extracting measures/create_typical_building_from_model/tests/MidriseApartment.osm
[19:29:02.654962 INFO] Zip: Extracting measures/create_typical_building_from_model/tests/SmallOffice.osm
[19:29:02.657023 INFO] Zip: Extracting measures/create_typical_building_from_model/tests/USA_TX_Houston-Bush.Intercontinental.AP.722430_TMY3.epw
[19:29:02.668849 INFO] Zip: Extracting measures/create_typical_building_from_model/tests/create_typical_building_from_model_test.rb
[19:29:02.669454 INFO] Zip: Extracting measures/create_typical_building_from_model/tests/test.osw
[19:29:02.670286 INFO] Zip: Extracting measures/create_typical_building_from_model/tests/test_hvac.rb
[19:29:02.670772 INFO] Zip: Extracting measures/export_variableto_csv_variables_for_bipvpce/
[19:29:02.670964 INFO] Zip: Extracting measures/export_variableto_csv_variables_for_bipvpce/measure.rb
[19:29:02.671452 INFO] Zip: Extracting measures/export_variableto_csv_variables_for_bipvpce/measure.xml
[19:29:02.671859 INFO] Zip: Extracting measures/export_variableto_csv_variables_for_bipvpce/resources/
[19:29:02.672038 INFO] Zip: Extracting measures/export_variableto_csv_variables_for_bipvpce/resources/report.html.in
[19:29:02.672430 INFO] Zip: Extracting measures/export_variableto_csv_variables_for_bipvpce/tests/
[19:29:02.672595 INFO] Zip: Extracting measures/export_variableto_csv_variables_for_bipvpce/tests/ExportVariabletoCSV_test.rb
[19:29:02.672994 INFO] Zip: Extracting measures/export_variableto_csv_variables_for_bipvpce/tests/example_model.osm
[19:29:02.674363 INFO] Zip: Extracting measures/inject_idf_window_objects/
[19:29:02.674541 INFO] Zip: Extracting measures/inject_idf_window_objects/LICENSE.md
[19:29:02.674934 INFO] Zip: Extracting measures/inject_idf_window_objects/measure.rb
[19:29:02.675425 INFO] Zip: Extracting measures/inject_idf_window_objects/measure.xml
[19:29:02.675853 INFO] Zip: Extracting measures/inject_idf_window_objects/tests/
[19:29:02.676018 INFO] Zip: Extracting measures/inject_idf_window_objects/tests/EnvelopeAndLoadTestModel_01.osm
[19:29:02.681050 INFO] Zip: Extracting measures/inject_idf_window_objects/tests/Example B - BlockEnergyCharge.idf
[19:29:02.681581 INFO] Zip: Extracting measures/inject_idf_window_objects/tests/measure_Test.rb
[19:29:02.682015 INFO] Zip: Extracting measures/inject_idf_window_objects/tests/test.osw
[19:29:02.682748 INFO] Zip: Extracting seeds/switchglaze/
[19:29:02.682943 INFO] Zip: Extracting seeds/switchglaze.osm
[19:29:02.698474 INFO] Zip: Extracting seeds/switchglaze/files/
[19:29:02.698733 INFO] Zip: Extracting seeds/switchglaze/measures/
[19:29:02.698918 INFO] Zip: Extracting seeds/switchglaze/run/
[19:29:02.699097 INFO] Zip: Extracting seeds/switchglaze/workflow.osw
[19:29:02.699621 INFO] Zip: Extracting weather/DEU_Hamburg.101470_IWEC.ddy
[19:29:02.700174 INFO] Zip: Extracting weather/DEU_Hamburg.101470_IWEC.epw
[19:29:02.711943 INFO] Zip: Extracting weather/DEU_Hamburg.101470_IWEC.stat
[19:29:02.712852 INFO] Zip: Extracting weather/JPN_Tokyo.Hyakuri.477150_IWEC.ddy
[19:29:02.713375 INFO] Zip: Extracting weather/JPN_Tokyo.Hyakuri.477150_IWEC.epw
[19:29:02.724710 INFO] Zip: Extracting weather/JPN_Tokyo.Hyakuri.477150_IWEC.stat
[19:29:02.725587 INFO] Zip: Extracting weather/SAU_Riyadh.404380_IWEC.ddy
[19:29:02.726140 INFO] Zip: Extracting weather/SAU_Riyadh.404380_IWEC.epw
[19:29:02.737238 INFO] Zip: Extracting weather/SAU_Riyadh.404380_IWEC.stat
[19:29:02.738107 INFO] Zip: Extracting weather/SGP_Singapore.486980_IWEC.ddy
[19:29:02.738594 INFO] Zip: Extracting weather/SGP_Singapore.486980_IWEC.epw
[19:29:02.753302 INFO] Zip: Extracting weather/SGP_Singapore.486980_IWEC.stat
[19:29:02.754343 INFO] Zip: Extracting weather/USA_AK_Fairbanks.Intl.AP.702610_TMY3.ddy
[19:29:02.757524 INFO] Zip: Extracting weather/USA_AK_Fairbanks.Intl.AP.702610_TMY3.epw
[19:29:02.775682 INFO] Zip: Extracting weather/USA_AK_Fairbanks.Intl.AP.702610_TMY3.stat
[19:29:02.776772 INFO] Zip: Extracting weather/USA_AZ_Tucson.Intl.AP.722740_TMY3.ddy
[19:29:02.777480 INFO] Zip: Extracting weather/USA_AZ_Tucson.Intl.AP.722740_TMY3.epw
[19:29:02.795725 INFO] Zip: Extracting weather/USA_AZ_Tucson.Intl.AP.722740_TMY3.stat
[19:29:02.796805 INFO] Zip: Extracting weather/USA_CA_San.Diego-Lindbergh.Field.722900_TMY3.ddy
[19:29:02.797527 INFO] Zip: Extracting weather/USA_CA_San.Diego-Lindbergh.Field.722900_TMY3.epw
[19:29:02.917533 INFO] Zip: Extracting weather/USA_CA_San.Diego-Lindbergh.Field.722900_TMY3.stat
[19:29:02.918278 INFO] Zip: Extracting weather/USA_CO_Denver.Intl.AP.725650_TMY3.ddy
[19:29:02.918722 INFO] Zip: Extracting weather/USA_CO_Denver.Intl.AP.725650_TMY3.epw
[19:29:02.928720 INFO] Zip: Extracting weather/USA_CO_Denver.Intl.AP.725650_TMY3.stat
[19:29:02.929461 INFO] Zip: Extracting weather/USA_FL_Tampa.Intl.AP.722110_TMY3.ddy
[19:29:02.929931 INFO] Zip: Extracting weather/USA_FL_Tampa.Intl.AP.722110_TMY3.epw
[19:29:02.940005 INFO] Zip: Extracting weather/USA_FL_Tampa.Intl.AP.722110_TMY3.stat
[19:29:02.940803 INFO] Zip: Extracting weather/USA_GA_Atlanta-Hartsfield-Jackson.Intl.AP.722190_TMY3.ddy
[19:29:02.941268 INFO] Zip: Extracting weather/USA_GA_Atlanta-Hartsfield-Jackson.Intl.AP.722190_TMY3.epw
[19:29:03.102370 INFO] Zip: Extracting weather/USA_GA_Atlanta-Hartsfield-Jackson.Intl.AP.722190_TMY3.stat
[19:29:03.103363 INFO] Zip: Extracting weather/USA_HI_Honolulu.Intl.AP.911820_TMY3.ddy
[19:29:03.103916 INFO] Zip: Extracting weather/USA_HI_Honolulu.Intl.AP.911820_TMY3.epw
[19:29:03.117432 INFO] Zip: Extracting weather/USA_HI_Honolulu.Intl.AP.911820_TMY3.stat
[19:29:03.118315 INFO] Zip: Extracting weather/USA_MN_International.Falls.Intl.AP.727470_TMY3.ddy
[19:29:03.118863 INFO] Zip: Extracting weather/USA_MN_International.Falls.Intl.AP.727470_TMY3.epw
[19:29:03.132479 INFO] Zip: Extracting weather/USA_MN_International.Falls.Intl.AP.727470_TMY3.stat
[19:29:03.133330 INFO] Zip: Extracting weather/USA_MN_Rochester.Intl.AP.726440_TMY3.ddy
[19:29:03.133873 INFO] Zip: Extracting weather/USA_MN_Rochester.Intl.AP.726440_TMY3.epw
[19:29:03.150821 INFO] Zip: Extracting weather/USA_MN_Rochester.Intl.AP.726440_TMY3.stat
[19:29:03.151530 INFO] Zip: Extracting weather/USA_MT_Great.Falls.Intl.AP.727750_TMY3.ddy
[19:29:03.151999 INFO] Zip: Extracting weather/USA_MT_Great.Falls.Intl.AP.727750_TMY3.epw
[19:29:03.163183 INFO] Zip: Extracting weather/USA_MT_Great.Falls.Intl.AP.727750_TMY3.stat
[19:29:03.163911 INFO] Zip: Extracting weather/USA_NM_Albuquerque.Intl.AP.723650_TMY3.ddy
[19:29:03.164410 INFO] Zip: Extracting weather/USA_NM_Albuquerque.Intl.AP.723650_TMY3.epw
[19:29:03.177042 INFO] Zip: Extracting weather/USA_NM_Albuquerque.Intl.AP.723650_TMY3.stat
[19:29:03.177924 INFO] Zip: Extracting weather/USA_NY_Buffalo-Greater.Buffalo.Intl.AP.725280_TMY3.ddy
[19:29:03.178522 INFO] Zip: Extracting weather/USA_NY_Buffalo-Greater.Buffalo.Intl.AP.725280_TMY3.epw
[19:29:03.193314 INFO] Zip: Extracting weather/USA_NY_Buffalo-Greater.Buffalo.Intl.AP.725280_TMY3.stat
[19:29:03.194535 INFO] Zip: Extracting weather/USA_NY_New.York-J.F.Kennedy.Intl.AP.744860_TMY3.ddy
[19:29:03.195357 INFO] Zip: Extracting weather/USA_NY_New.York-J.F.Kennedy.Intl.AP.744860_TMY3.epw
[19:29:03.214138 INFO] Zip: Extracting weather/USA_NY_New.York-J.F.Kennedy.Intl.AP.744860_TMY3.stat
[19:29:03.215003 INFO] Zip: Extracting weather/USA_TX_El.Paso.Intl.AP.722700_TMY3.ddy
[19:29:03.215567 INFO] Zip: Extracting weather/USA_TX_El.Paso.Intl.AP.722700_TMY3.epw
[19:29:03.234054 INFO] Zip: Extracting weather/USA_TX_El.Paso.Intl.AP.722700_TMY3.stat
[19:29:03.235039 INFO] Zip: Extracting weather/USA_WA_Port.Angeles-William.R.Fairchild.Intl.AP.727885_TMY3.ddy
[19:29:03.235648 INFO] Zip: Extracting weather/USA_WA_Port.Angeles-William.R.Fairchild.Intl.AP.727885_TMY3.epw
[19:29:03.248067 INFO] Zip: Extracting weather/USA_WA_Port.Angeles-William.R.Fairchild.Intl.AP.727885_TMY3.stat
[19:29:03.249128 INFO] Zip: Extracting weather/USA_WA_Seattle-Tacoma.Intl.AP.727930_TMY3.ddy
[19:29:03.249677 INFO] Zip: Extracting weather/USA_WA_Seattle-Tacoma.Intl.AP.727930_TMY3.epw
[19:29:03.262717 INFO] Zip: Extracting weather/USA_WA_Seattle-Tacoma.Intl.AP.727930_TMY3.stat
[19:29:03.267035 INFO] Downloading analysis.json from http://web:80/analyses/72a216d4-3a64-4cd6-8e04-b9bc3af7ff20.json
[19:29:03.365870 INFO] Checking for presence of args file at /mnt/openstudio/analysis_72a216d4-3a64-4cd6-8e04-b9bc3af7ff20/scripts/data_point/initialize.args
[19:29:03.365969 INFO] Checking for presence of script file at /mnt/openstudio/analysis_72a216d4-3a64-4cd6-8e04-b9bc3af7ff20/scripts/data_point/initialize.sh
[19:29:03.366024 INFO] Finished worker initialization
[19:29:03.366079 INFO] RestClient delete
[19:29:03.366115 INFO] delete post_count = 1
[19:29:03.386217 INFO] Downloading datapoint from http://web:80/data_points/048fee54-ad37-42ff-918b-f8ab69264846.json
[19:29:03.386302 INFO] get url post_count = 1
[19:29:03.414339 INFO] Creating Workflow Manager instance
[19:29:03.414423 INFO] Directory is /mnt/openstudio/analysis_72a216d4-3a64-4cd6-8e04-b9bc3af7ff20/data_point_048fee54-ad37-42ff-918b-f8ab69264846
[19:29:03.414495 INFO] Opening run.log file '/mnt/openstudio/analysis_72a216d4-3a64-4cd6-8e04-b9bc3af7ff20/data_point_048fee54-ad37-42ff-918b-f8ab69264846/run/run.log'
[19:29:03.414685 WARN] Error finding Oscli: OPENSTUDIO_EXE_PATH not set
[19:29:03.432141 WARN] Defaulting to fun Oscli via /usr/local/bin/openstudio
[19:29:03.432348 INFO] Returning Oscli cmd: /usr/local/bin/openstudio --bundle /var/oscli/Gemfile --bundle_path /var/oscli/gems 
[19:29:03.432696 INFO] Running workflow using cmd /usr/local/bin/openstudio --bundle /var/oscli/Gemfile --bundle_path /var/oscli/gems   run --workflow '/mnt/openstudio/analysis_72a216d4-3a64-4cd6-8e04-b9bc3af7ff20/data_point_048fee54-ad37-42ff-918b-f8ab69264846/data_point.osw'  and writing log to /mnt/openstudio/analysis_72a216d4-3a64-4cd6-8e04-b9bc3af7ff20/data_point_048fee54-ad37-42ff-918b-f8ab69264846/oscli_simulation.log
[19:29:24.837490 INFO] Oscli output: /var/oscli/gems/ruby/2.5.0/gems/openstudio-standards-0.2.11/lib/openstudio-standards/btap/btap.rb:56: warning: constant ::Fixnum is deprecated
[openstudio.standards.Model] <1> Model has been assigned a weather file, but the file is not in the specified location of 'file:////mnt/openstudio/analysis_72a216d4-3a64-4cd6-8e04-b9bc3af7ff20/weather/SAU_Riyadh.404380_IWEC.epw'.
[19:29:20.429104 WARN] Could not add loads for Plenum. Not expected for 90.1-2013
[19:29:24.397548 WARN] [openstudio.standards.Construction] Requested U-value of 0.58 for Typical Insulated Exterior Mass Wall is too low given the other materials in the construction; insulation layer will not be modified.
[19:29:24.398194 WARN] [openstudio.standards.Construction] Can only set the u-value of opaque constructions or simple glazing. U 0.60 SHGC 0.25 Dbl 2.5mm air is not opaque or simple glazing.
[19:29:24.398565 WARN] [openstudio.standards.Construction] Can only set the u-value of opaque constructions or simple glazing. U 0.65 SHGC 0.25 Dbl Ref-C-H Clr 6mm/6mm Air is not opaque or simple glazing.
[19:29:24.398697 WARN] [openstudio.standards.Construction] Requested U-value of 1.1686635536297982 for Typical Overhead Door is greater than the sum of the inside and outside resistance, and the max U-value (6.636 SI) is used instead.
[19:29:24.398967 WARN] [openstudio.standards.Construction] Can only set the u-value of opaque constructions or simple glazing. Window_U_0.75_SHGC_0.35_Skylight_Frame_Width_2.339_in is not opaque or simple glazing.
[19:29:24.399778 WARN] [openstudio.weather.Model] Could not find ground temperatures; will use generic temperatures, which will skew results.
[19:29:24.414133 ERROR] [openstudio.standards.Model] Model has been assigned a weather file, but the file is not in the specified location of 'file:////mnt/openstudio/analysis_72a216d4-3a64-4cd6-8e04-b9bc3af7ff20/weather/SAU_Riyadh.404380_IWEC.epw'.
[19:29:24.611322 ERROR] /var/oscli/gems/ruby/2.5.0/gems/openstudio-workflow-2.0.0/lib/openstudio/workflow/util/measure.rb failed with message Runner error /var/oscli/gems/ruby/2.5.0/gems/openstudio-workflow-2.0.0/lib/openstudio/workflow/util/measure.rb failed with Measure create_typical_building_from_model reported an error with ["[openstudio.standards.Model] Model has been assigned a weather file, but the file is not in the specified location of 'file:////mnt/openstudio/analysis_72a216d4-3a64-4cd6-8e04-b9bc3af7ff20/weather/SAU_Riyadh.404380_IWEC.epw'."], /var/oscli/gems/ruby/2.5.0/gems/openstudio-workflow-2.0.0/lib/openstudio/workflow/util/measure.rb:560:in `apply_measure'
/var/oscli/gems/ruby/2.5.0/gems/openstudio-workflow-2.0.0/lib/openstudio/workflow/util/measure.rb:109:in `block in apply_measures'
/var/oscli/gems/ruby/2.5.0/gems/openstudio-workflow-2.0.0/lib/openstudio/workflow/util/measure.rb:67:in `each_index'
/var/oscli/gems/ruby/2.5.0/gems/openstudio-workflow-2.0.0/lib/openstudio/workflow/util/measure.rb:67:in `apply_measures'
/var/oscli/gems/ruby/2.5.0/gems/openstudio-workflow-2.0.0/lib/openstudio/workflow/jobs/run_os_measures.rb:70:in `perform'
/var/oscli/gems/ruby/2.5.0/gems/openstudio-workflow-2.0.0/lib/openstudio/workflow/run.rb:292:in `step'
/var/oscli/gems/ruby/2.5.0/gems/openstudio-workflow-2.0.0/lib/openstudio/workflow/run.rb:234:in `run'
:/openstudio_cli.rb:960:in `execute'
:/openstudio_cli.rb:750:in `execute'
:/openstudio_cli.rb:1744:in `<main>'
eval:174:in `eval'
eval:174:in `require_embedded_absolute'
eval:160:in `block in require_embedded'
eval:154:in `each'
eval:154:in `require_embedded'
eval:113:in `require'
eval:3:in `<main>' in /var/oscli/gems/ruby/2.5.0/gems/openstudio-workflow-2.0.0/lib/openstudio/workflow/util/measure.rb:598:in `rescue in apply_measure'
/var/oscli/gems/ruby/2.5.0/gems/openstudio-workflow-2.0.0/lib/openstudio/workflow/util/measure.rb:548:in `apply_measure'
/var/oscli/gems/ruby/2.5.0/gems/openstudio-workflow-2.0.0/lib/openstudio/workflow/util/measure.rb:109:in `block in apply_measures'
/var/oscli/gems/ruby/2.5.0/gems/openstudio-workflow-2.0.0/lib/openstudio/workflow/util/measure.rb:67:in `each_index'
/var/oscli/gems/ruby/2.5.0/gems/openstudio-workflow-2.0.0/lib/openstudio/workflow/util/measure.rb:67:in `apply_measures'
/var/oscli/gems/ruby/2.5.0/gems/openstudio-workflow-2.0.0/lib/openstudio/workflow/jobs/run_os_measures.rb:70:in `perform'
/var/oscli/gems/ruby/2.5.0/gems/openstudio-workflow-2.0.0/lib/openstudio/workflow/run.rb:292:in `step'
/var/oscli/gems/ruby/2.5.0/gems/openstudio-workflow-2.0.0/lib/openstudio/workflow/run.rb:234:in `run'
:/openstudio_cli.rb:960:in `execute'
:/openstudio_cli.rb:750:in `execute'
:/openstudio_cli.rb:1744:in `<main>'
eval:174:in `eval'
eval:174:in `require_embedded_absolute'
eval:160:in `block in require_embedded'
eval:154:in `each'
eval:154:in `require_embedded'
eval:113:in `require'
eval:3:in `<main>'
[19:29:24.613443 ERROR] Found error in state 'os_measures' with message ["/var/oscli/gems/ruby/2.5.0/gems/openstudio-workflow-2.0.0/lib/openstudio/workflow/util/measure.rb failed with message Runner error /var/oscli/gems/ruby/2.5.0/gems/openstudio-workflow-2.0.0/lib/openstudio/workflow/util/measure.rb failed with Measure create_typical_building_from_model reported an error with [\"[openstudio.standards.Model] Model has been assigned a weather file, but the file is not in the specified location of 'file:////mnt/openstudio/analysis_72a216d4-3a64-4cd6-8e04-b9bc3af7ff20/weather/SAU_Riyadh.404380_IWEC.epw'.\"], /var/oscli/gems/ruby/2.5.0/gems/openstudio-workflow-2.0.0/lib/openstudio/workflow/util/measure.rb:560:in `apply_measure'\n/var/oscli/gems/ruby/2.5.0/gems/openstudio-workflow-2.0.0/lib/openstudio/workflow/util/measure.rb:109:in `block in apply_measures'\n/var/oscli/gems/ruby/2.5.0/gems/openstudio-workflow-2.0.0/lib/openstudio/workflow/util/measure.rb:67:in `each_index'\n/var/oscli/gems/ruby/2.5.0/gems/openstudio-workflow-2.0.0/lib/openstudio/workflow/util/measure.rb:67:in `apply_measures'\n/var/oscli/gems/ruby/2.5.0/gems/openstudio-workflow-2.0.0/lib/openstudio/workflow/jobs/run_os_measures.rb:70:in `perform'\n/var/oscli/gems/ruby/2.5.0/gems/openstudio-workflow-2.0.0/lib/openstudio/workflow/run.rb:292:in `step'\n/var/oscli/gems/ruby/2.5.0/gems/openstudio-workflow-2.0.0/lib/openstudio/workflow/run.rb:234:in `run'\n:/openstudio_cli.rb:960:in `execute'\n:/openstudio_cli.rb:750:in `execute'\n:/openstudio_cli.rb:1744:in `<main>'\neval:174:in `eval'\neval:174:in `require_embedded_absolute'\neval:160:in `block in require_embedded'\neval:154:in `each'\neval:154:in `require_embedded'\neval:113:in `require'\neval:3:in `<main>' in /var/oscli/gems/ruby/2.5.0/gems/openstudio-workflow-2.0.0/lib/openstudio/workflow/util/measure.rb:598:in `rescue in apply_measure'\n/var/oscli/gems/ruby/2.5.0/gems/openstudio-workflow-2.0.0/lib/openstudio/workflow/util/measure.rb:548:in `apply_measure'\n/var/oscli/gems/ruby/2.5.0/gems/openstudio-workflow-2.0.0/lib/openstudio/workflow/util/measure.rb:109:in `block in apply_measures'\n/var/oscli/gems/ruby/2.5.0/gems/openstudio-workflow-2.0.0/lib/openstudio/workflow/util/measure.rb:67:in `each_index'\n/var/oscli/gems/ruby/2.5.0/gems/openstudio-workflow-2.0.0/lib/openstudio/workflow/util/measure.rb:67:in `apply_measures'\n/var/oscli/gems/ruby/2.5.0/gems/openstudio-workflow-2.0.0/lib/openstudio/workflow/jobs/run_os_measures.rb:70:in `perform'\n/var/oscli/gems/ruby/2.5.0/gems/openstudio-workflow-2.0.0/lib/openstudio/workflow/run.rb:292:in `step'\n/var/oscli/gems/ruby/2.5.0/gems/openstudio-workflow-2.0.0/lib/openstudio/workflow/run.rb:234:in `run'\n:/openstudio_cli.rb:960:in `execute'\n:/openstudio_cli.rb:750:in `execute'\n:/openstudio_cli.rb:1744:in `<main>'\neval:174:in `eval'\neval:174:in `require_embedded_absolute'\neval:160:in `block in require_embedded'\neval:154:in `each'\neval:154:in `require_embedded'\neval:113:in `require'\neval:3:in `<main>':/var/oscli/gems/ruby/2.5.0/gems/openstudio-workflow-2.0.0/lib/openstudio/workflow/util/measure.rb:647:in `rescue in apply_measure'\n/var/oscli/gems/ruby/2.5.0/gems/openstudio-workflow-2.0.0/lib/openstudio/workflow/util/measure.rb:305:in `apply_measure'\n/var/oscli/gems/ruby/2.5.0/gems/openstudio-workflow-2.0.0/lib/openstudio/workflow/util/measure.rb:109:in `block in apply_measures'\n/var/oscli/gems/ruby/2.5.0/gems/openstudio-workflow-2.0.0/lib/openstudio/workflow/util/measure.rb:67:in `each_index'\n/var/oscli/gems/ruby/2.5.0/gems/openstudio-workflow-2.0.0/lib/openstudio/workflow/util/measure.rb:67:in `apply_measures'\n/var/oscli/gems/ruby/2.5.0/gems/openstudio-workflow-2.0.0/lib/openstudio/workflow/jobs/run_os_measures.rb:70:in `perform'\n/var/oscli/gems/ruby/2.5.0/gems/openstudio-workflow-2.0.0/lib/openstudio/workflow/run.rb:292:in `step'\n/var/oscli/gems/ruby/2.5.0/gems/openstudio-workflow-2.0.0/lib/openstudio/workflow/run.rb:234:in `run'\n:/openstudio_cli.rb:960:in `execute'\n:/openstudio_cli.rb:750:in `execute'\n:/openstudio_cli.rb:1744:in `<main>'\neval:174:in `eval'\neval:174:in `require_embedded_absolute'\neval:160:in `block in require_embedded'\neval:154:in `each'\neval:154:in `require_embedded'\neval:113:in `require'\neval:3:in `<main>'"]}

[19:29:24.838394 ERROR] Could not find results /mnt/openstudio/analysis_72a216d4-3a64-4cd6-8e04-b9bc3af7ff20/data_point_048fee54-ad37-42ff-918b-f8ab69264846/run/measure_attributes.json
[19:29:24.838450 INFO] Saving files/reports back to the server
[19:29:24.838775 INFO] Saving report /mnt/openstudio/analysis_72a216d4-3a64-4cd6-8e04-b9bc3af7ff20/data_point_048fee54-ad37-42ff-918b-f8ab69264846/out.osw to http://web:80/data_points/048fee54-ad37-42ff-918b-f8ab69264846/upload_file
[19:29:24.869484 INFO] Saving report responded with {"id":"5efb9294ce5ea001492bc06e","data_point_id":"048fee54-ad37-42ff-918b-f8ab69264846","display_name":"Final OSW File","type":"Report","created_at":"2020-06-30T19:29:24.853Z","updated_at":"2020-06-30T19:29:24.853Z"}
[19:29:24.869825 INFO] Saving report /mnt/openstudio/analysis_72a216d4-3a64-4cd6-8e04-b9bc3af7ff20/data_point_048fee54-ad37-42ff-918b-f8ab69264846/run/data_point.zip to http://web:80/data_points/048fee54-ad37-42ff-918b-f8ab69264846/upload_file
[19:29:24.913879 INFO] Saving report responded with {"id":"5efb9294ce5ea001852bb515","data_point_id":"048fee54-ad37-42ff-918b-f8ab69264846","display_name":"Zip File","type":"Data Point","created_at":"2020-06-30T19:29:24.894Z","updated_at":"2020-06-30T19:29:24.894Z"}
[19:29:24.914162 INFO] Checking for presence of args file at /mnt/openstudio/analysis_72a216d4-3a64-4cd6-8e04-b9bc3af7ff20/scripts/data_point/finalize.args
[19:29:24.914230 INFO] Checking for presence of script file at /mnt/openstudio/analysis_72a216d4-3a64-4cd6-8e04-b9bc3af7ff20/scripts/data_point/finalize.sh
[19:29:24.918944 INFO] Finished /opt/openstudio/server/app/jobs/dj_jobs/run_simulate_data_point.rb
