# Logfile created on 2020-06-30 19:29:01 +0000 by logger.rb/61378
[19:29:01.419593 INFO] Server host is http://web:80
[19:29:01.419720 INFO] Analysis directory is /mnt/openstudio/analysis_72a216d4-3a64-4cd6-8e04-b9bc3af7ff20
[19:29:01.419786 INFO] Simulation directory is /mnt/openstudio/analysis_72a216d4-3a64-4cd6-8e04-b9bc3af7ff20/data_point_6fcd4aea-0acc-49d3-95e2-caadf343f8a4
[19:29:01.419819 INFO] Run datapoint type/file is 
[19:29:01.419866 INFO] Starting initialize_worker for datapoint 6fcd4aea-0acc-49d3-95e2-caadf343f8a4
[19:29:01.420282 INFO] Downloading analysis zip from http://web:80/analyses/72a216d4-3a64-4cd6-8e04-b9bc3af7ff20/download_analysis_zip
[19:29:06.011260 INFO] Extracting analysis zip to /mnt/openstudio/analysis_72a216d4-3a64-4cd6-8e04-b9bc3af7ff20
[19:29:06.023306 INFO] Zip: Extracting lib/resources/ASHRAE_zone12_Spec.idf
[19:29:06.024472 INFO] Zip: Extracting lib/resources/ASHRAE_zone3_Spec.idf
[19:29:06.024936 INFO] Zip: Extracting lib/resources/ASHRAE_zone456_Spec.idf
[19:29:06.025434 INFO] Zip: Extracting lib/resources/ASHRAE_zone78_Spec.idf
[19:29:06.025900 INFO] Zip: Extracting lib/resources/GlzSys19_13F-air-9_Spec.idf
[19:29:06.026984 INFO] Zip: Extracting lib/resources/GlzSys20_14F-air-3000_Spec.idf
[19:29:06.028041 INFO] Zip: Extracting lib/resources/GlzSys21_13F-air-3000_Spec.idf
[19:29:06.029122 INFO] Zip: Extracting lib/resources/GlzSys_10-air-9_Spec.idf
[19:29:06.030175 INFO] Zip: Extracting lib/resources/GlzSys_10F-air-3000_Spec.idf
[19:29:06.031336 INFO] Zip: Extracting lib/resources/GlzSys_11F-air-3000_Spec.idf
[19:29:06.032401 INFO] Zip: Extracting lib/resources/GlzSys_16095-air-3000_Spec.idf
[19:29:06.033384 INFO] Zip: Extracting lib/resources/GlzSys_16095-air-9_Spec.idf
[19:29:06.034368 INFO] Zip: Extracting lib/resources/GlzSys_6374-air-3000_Spec.idf
[19:29:06.035499 INFO] Zip: Extracting lib/resources/GlzSys_Dark_PV_Spec.idf
[19:29:06.036138 INFO] Zip: Extracting lib/resources/GlzSys_Light_PV_Spec.idf
[19:29:06.036779 INFO] Zip: Extracting lib/resources/GlzSys_Thermochromic_30C.idf
[19:29:06.037541 INFO] Zip: Extracting lib/resources/GlzSys_Thermochromic_35C.idf
[19:29:06.038432 INFO] Zip: Extracting lib/resources/GlzSys_Thermochromic_40C.idf
[19:29:06.039220 INFO] Zip: Extracting lib/resources/SG_zone12_Spec.idf
[19:29:06.039987 INFO] Zip: Extracting lib/resources/SG_zone3_Spec.idf
[19:29:06.040756 INFO] Zip: Extracting lib/resources/SG_zone456_Spec.idf
[19:29:06.041922 INFO] Zip: Extracting lib/resources/SG_zone78_Spec.idf
[19:29:06.042993 INFO] Zip: Extracting lib/resources/Window_PV_No_frame_Spec_Spec.idf
[19:29:06.043617 INFO] Zip: Extracting lib/resources/Window_PV_frame_Spec.idf
[19:29:06.044208 INFO] Zip: Extracting measures/AddMeter/
[19:29:06.044429 INFO] Zip: Extracting measures/AddMeter/LICENSE.md
[19:29:06.044758 INFO] Zip: Extracting measures/AddMeter/New folder/
[19:29:06.044910 INFO] Zip: Extracting measures/AddMeter/README.md
[19:29:06.045248 INFO] Zip: Extracting measures/AddMeter/README.md.erb
[19:29:06.045552 INFO] Zip: Extracting measures/AddMeter/measure.rb
[19:29:06.046087 INFO] Zip: Extracting measures/AddMeter/measure.xml
[19:29:06.046427 INFO] Zip: Extracting measures/AddMeter/tests/
[19:29:06.046573 INFO] Zip: Extracting measures/AddMeter/tests/AddMeter_Test.rb
[19:29:06.046935 INFO] Zip: Extracting measures/AddOutputVariable/
[19:29:06.047068 INFO] Zip: Extracting measures/AddOutputVariable/LICENSE.md
[19:29:06.047400 INFO] Zip: Extracting measures/AddOutputVariable/README.md
[19:29:06.047705 INFO] Zip: Extracting measures/AddOutputVariable/README.md.erb
[19:29:06.048028 INFO] Zip: Extracting measures/AddOutputVariable/measure.rb
[19:29:06.048406 INFO] Zip: Extracting measures/AddOutputVariable/measure.xml
[19:29:06.048750 INFO] Zip: Extracting measures/AddOutputVariable/tests/
[19:29:06.048905 INFO] Zip: Extracting measures/AddOutputVariable/tests/AddOutputVariable_Test.rb
[19:29:06.049234 INFO] Zip: Extracting measures/ChangeBuildingLocation/
[19:29:06.049366 INFO] Zip: Extracting measures/ChangeBuildingLocation/LICENSE.md
[19:29:06.049675 INFO] Zip: Extracting measures/ChangeBuildingLocation/README.md
[19:29:06.050020 INFO] Zip: Extracting measures/ChangeBuildingLocation/README.md.erb
[19:29:06.050340 INFO] Zip: Extracting measures/ChangeBuildingLocation/measure.rb
[19:29:06.050735 INFO] Zip: Extracting measures/ChangeBuildingLocation/measure.xml
[19:29:06.051069 INFO] Zip: Extracting measures/ChangeBuildingLocation/resources/
[19:29:06.051221 INFO] Zip: Extracting measures/ChangeBuildingLocation/resources/epw.rb
[19:29:06.051599 INFO] Zip: Extracting measures/ChangeBuildingLocation/resources/os_lib_helper_methods.rb
[19:29:06.052022 INFO] Zip: Extracting measures/ChangeBuildingLocation/resources/stat_file.rb
[19:29:06.052418 INFO] Zip: Extracting measures/ChangeBuildingLocation/tests/
[19:29:06.052558 INFO] Zip: Extracting measures/ChangeBuildingLocation/tests/USA_MA_Boston-Logan.Intl.AP.725090_TMY3.ddy
[19:29:06.052975 INFO] Zip: Extracting measures/ChangeBuildingLocation/tests/USA_MA_Boston-Logan.Intl.AP.725090_TMY3.epw
[19:29:06.065494 INFO] Zip: Extracting measures/ChangeBuildingLocation/tests/USA_MA_Boston-Logan.Intl.AP.725090_TMY3.stat
[19:29:06.066313 INFO] Zip: Extracting measures/ChangeBuildingLocation/tests/USA_WA_Renton.Muni.AP.727934_TMY3.ddy
[19:29:06.066710 INFO] Zip: Extracting measures/ChangeBuildingLocation/tests/USA_WA_Renton.Muni.AP.727934_TMY3.epw
[19:29:06.082524 INFO] Zip: Extracting measures/ChangeBuildingLocation/tests/USA_WA_Renton.Muni.AP.727934_TMY3.stat
[19:29:06.083254 INFO] Zip: Extracting measures/ChangeBuildingLocation/tests/another_weather_file.ddy
[19:29:06.083725 INFO] Zip: Extracting measures/ChangeBuildingLocation/tests/another_weather_file.epw
[19:29:06.094595 INFO] Zip: Extracting measures/ChangeBuildingLocation/tests/another_weather_file.stat
[19:29:06.095321 INFO] Zip: Extracting measures/ChangeBuildingLocation/tests/change_building_location_test.rb
[19:29:06.095690 INFO] Zip: Extracting measures/ChangeBuildingLocation/tests/multiyear.ddy
[19:29:06.096116 INFO] Zip: Extracting measures/ChangeBuildingLocation/tests/multiyear.epw
[19:29:06.096485 INFO] Zip: Extracting measures/ChangeBuildingLocation/tests/multiyear.stat
[19:29:06.097042 INFO] Zip: Extracting measures/ChangeBuildingLocation/tests/test.osm
[19:29:06.100513 INFO] Zip: Extracting measures/ChangeBuildingLocation/tests/test.osw
[19:29:06.101353 INFO] Zip: Extracting measures/ServerDirectoryCleanup/
[19:29:06.101515 INFO] Zip: Extracting measures/ServerDirectoryCleanup/LICENSE.md
[19:29:06.101930 INFO] Zip: Extracting measures/ServerDirectoryCleanup/measure.rb
[19:29:06.102347 INFO] Zip: Extracting measures/ServerDirectoryCleanup/measure.xml
[19:29:06.102808 INFO] Zip: Extracting measures/ServerDirectoryCleanup/tests/
[19:29:06.102959 INFO] Zip: Extracting measures/ServerDirectoryCleanup/tests/ServerDirectoryCleanup_test.rb
[19:29:06.103396 INFO] Zip: Extracting measures/ServerDirectoryCleanup/tests/USA_CO_Golden-NREL.724666_TMY3.epw
[19:29:06.117402 INFO] Zip: Extracting measures/ServerDirectoryCleanup/tests/example_model.osm
[19:29:06.119115 INFO] Zip: Extracting measures/WindowPV_reporting/
[19:29:06.119306 INFO] Zip: Extracting measures/WindowPV_reporting/measure.rb
[19:29:06.119964 INFO] Zip: Extracting measures/WindowPV_reporting/measure.xml
[19:29:06.120438 INFO] Zip: Extracting measures/WindowPV_reporting/resources/
[19:29:06.120585 INFO] Zip: Extracting measures/WindowPV_reporting/resources/os_lib_helper_methods.rb
[19:29:06.121064 INFO] Zip: Extracting measures/WindowPV_reporting/resources/report.html.in
[19:29:06.121504 INFO] Zip: Extracting measures/WindowPV_reporting/tests/
[19:29:06.121644 INFO] Zip: Extracting measures/WindowPV_reporting/tests/USA_CO_Golden-NREL.724666_TMY3.epw
[19:29:06.135545 INFO] Zip: Extracting measures/WindowPV_reporting/tests/example_model.osm
[19:29:06.137291 INFO] Zip: Extracting measures/WindowPV_reporting/tests/ubi_qd_reporting_test.rb
[19:29:06.137809 INFO] Zip: Extracting measures/a_inject_window_specific_idf_objects/
[19:29:06.137958 INFO] Zip: Extracting measures/a_inject_window_specific_idf_objects/LICENSE.md
[19:29:06.138375 INFO] Zip: Extracting measures/a_inject_window_specific_idf_objects/measure.rb
[19:29:06.138923 INFO] Zip: Extracting measures/a_inject_window_specific_idf_objects/measure.xml
[19:29:06.139358 INFO] Zip: Extracting measures/a_inject_window_specific_idf_objects/tests/
[19:29:06.140046 INFO] Zip: Extracting measures/a_inject_window_specific_idf_objects/tests/EnvelopeAndLoadTestModel_01.osm
[19:29:06.276259 INFO] Zip: Extracting measures/a_inject_window_specific_idf_objects/tests/Example B - BlockEnergyCharge.idf
[19:29:06.276787 INFO] Zip: Extracting measures/a_inject_window_specific_idf_objects/tests/measure_Test.rb
[19:29:06.277145 INFO] Zip: Extracting measures/a_inject_window_specific_idf_objects/tests/test.osw
[19:29:06.277789 INFO] Zip: Extracting measures/add_thermochromic_bipv/
[19:29:06.277948 INFO] Zip: Extracting measures/add_thermochromic_bipv/measure.rb
[19:29:06.278361 INFO] Zip: Extracting measures/add_thermochromic_bipv/measure.xml
[19:29:06.278717 INFO] Zip: Extracting measures/add_thermochromic_bipv/resources/
[19:29:06.278857 INFO] Zip: Extracting measures/add_thermochromic_bipv/resources/HVACSizing.Model.rb
[19:29:06.279277 INFO] Zip: Extracting measures/add_thermochromic_bipv/resources/Standards.Construction.rb
[19:29:06.279624 INFO] Zip: Extracting measures/add_thermochromic_bipv/resources/os_lib_helper_methods.rb
[19:29:06.279998 INFO] Zip: Extracting measures/add_thermochromic_bipv/resources/os_lib_schedules.rb
[19:29:06.280537 INFO] Zip: Extracting measures/create_bar_from_building_type_ratios/
[19:29:06.280689 INFO] Zip: Extracting measures/create_bar_from_building_type_ratios/LICENSE.md
[19:29:06.281015 INFO] Zip: Extracting measures/create_bar_from_building_type_ratios/README.md
[19:29:06.281364 INFO] Zip: Extracting measures/create_bar_from_building_type_ratios/README.md.erb
[19:29:06.281670 INFO] Zip: Extracting measures/create_bar_from_building_type_ratios/measure.rb
[19:29:06.282211 INFO] Zip: Extracting measures/create_bar_from_building_type_ratios/measure.xml
[19:29:06.282623 INFO] Zip: Extracting measures/create_bar_from_building_type_ratios/resources/
[19:29:06.282772 INFO] Zip: Extracting measures/create_bar_from_building_type_ratios/resources/os_lib_geometry.rb
[19:29:06.283328 INFO] Zip: Extracting measures/create_bar_from_building_type_ratios/resources/os_lib_helper_methods.rb
[19:29:06.283756 INFO] Zip: Extracting measures/create_bar_from_building_type_ratios/resources/os_lib_model_generation.rb
[19:29:06.284301 INFO] Zip: Extracting measures/create_bar_from_building_type_ratios/resources/os_lib_model_simplification.rb
[19:29:06.284932 INFO] Zip: Extracting measures/create_bar_from_building_type_ratios/tests/
[19:29:06.285080 INFO] Zip: Extracting measures/create_bar_from_building_type_ratios/tests/create_bar_from_building_type_ratios_test.rb
[19:29:06.285470 INFO] Zip: Extracting measures/create_bar_from_building_type_ratios/tests/example_model.osm
[19:29:06.287567 INFO] Zip: Extracting measures/create_typical_building_from_model/
[19:29:06.287761 INFO] Zip: Extracting measures/create_typical_building_from_model/LICENSE.md
[19:29:06.288115 INFO] Zip: Extracting measures/create_typical_building_from_model/README.md
[19:29:06.288485 INFO] Zip: Extracting measures/create_typical_building_from_model/README.md.erb
[19:29:06.288811 INFO] Zip: Extracting measures/create_typical_building_from_model/measure.rb
[19:29:06.289340 INFO] Zip: Extracting measures/create_typical_building_from_model/measure.xml
[19:29:06.289759 INFO] Zip: Extracting measures/create_typical_building_from_model/resources/
[19:29:06.289898 INFO] Zip: Extracting measures/create_typical_building_from_model/resources/Model.hvac.rb
[19:29:06.290279 INFO] Zip: Extracting measures/create_typical_building_from_model/resources/os_lib_helper_methods.rb
[19:29:06.290684 INFO] Zip: Extracting measures/create_typical_building_from_model/resources/os_lib_model_generation.rb
[19:29:06.291220 INFO] Zip: Extracting measures/create_typical_building_from_model/tests/
[19:29:06.291686 INFO] Zip: Extracting measures/create_typical_building_from_model/tests/GenericGbxml.osm
[19:29:06.293996 INFO] Zip: Extracting measures/create_typical_building_from_model/tests/LargeOffice04.osm
[19:29:06.300149 INFO] Zip: Extracting measures/create_typical_building_from_model/tests/MidriseApartment.osm
[19:29:06.413583 INFO] Zip: Extracting measures/create_typical_building_from_model/tests/SmallOffice.osm
[19:29:06.415583 INFO] Zip: Extracting measures/create_typical_building_from_model/tests/USA_TX_Houston-Bush.Intercontinental.AP.722430_TMY3.epw
[19:29:06.425232 INFO] Zip: Extracting measures/create_typical_building_from_model/tests/create_typical_building_from_model_test.rb
[19:29:06.425754 INFO] Zip: Extracting measures/create_typical_building_from_model/tests/test.osw
[19:29:06.426412 INFO] Zip: Extracting measures/create_typical_building_from_model/tests/test_hvac.rb
[19:29:06.426787 INFO] Zip: Extracting measures/export_variableto_csv_variables_for_bipvpce/
[19:29:06.426943 INFO] Zip: Extracting measures/export_variableto_csv_variables_for_bipvpce/measure.rb
[19:29:06.427337 INFO] Zip: Extracting measures/export_variableto_csv_variables_for_bipvpce/measure.xml
[19:29:06.427666 INFO] Zip: Extracting measures/export_variableto_csv_variables_for_bipvpce/resources/
[19:29:06.427802 INFO] Zip: Extracting measures/export_variableto_csv_variables_for_bipvpce/resources/report.html.in
[19:29:06.428183 INFO] Zip: Extracting measures/export_variableto_csv_variables_for_bipvpce/tests/
[19:29:06.428368 INFO] Zip: Extracting measures/export_variableto_csv_variables_for_bipvpce/tests/ExportVariabletoCSV_test.rb
[19:29:06.428711 INFO] Zip: Extracting measures/export_variableto_csv_variables_for_bipvpce/tests/example_model.osm
[19:29:06.429839 INFO] Zip: Extracting measures/inject_idf_window_objects/
[19:29:06.429996 INFO] Zip: Extracting measures/inject_idf_window_objects/LICENSE.md
[19:29:06.430346 INFO] Zip: Extracting measures/inject_idf_window_objects/measure.rb
[19:29:06.430754 INFO] Zip: Extracting measures/inject_idf_window_objects/measure.xml
[19:29:06.431095 INFO] Zip: Extracting measures/inject_idf_window_objects/tests/
[19:29:06.431233 INFO] Zip: Extracting measures/inject_idf_window_objects/tests/EnvelopeAndLoadTestModel_01.osm
[19:29:06.435356 INFO] Zip: Extracting measures/inject_idf_window_objects/tests/Example B - BlockEnergyCharge.idf
[19:29:06.435886 INFO] Zip: Extracting measures/inject_idf_window_objects/tests/measure_Test.rb
[19:29:06.436220 INFO] Zip: Extracting measures/inject_idf_window_objects/tests/test.osw
[19:29:06.436845 INFO] Zip: Extracting seeds/switchglaze/
[19:29:06.437012 INFO] Zip: Extracting seeds/switchglaze.osm
[19:29:06.454614 INFO] Zip: Extracting seeds/switchglaze/files/
[19:29:06.454940 INFO] Zip: Extracting seeds/switchglaze/measures/
[19:29:06.455134 INFO] Zip: Extracting seeds/switchglaze/run/
[19:29:06.455339 INFO] Zip: Extracting seeds/switchglaze/workflow.osw
[19:29:06.455870 INFO] Zip: Extracting weather/DEU_Hamburg.101470_IWEC.ddy
[19:29:06.456650 INFO] Zip: Extracting weather/DEU_Hamburg.101470_IWEC.epw
[19:29:06.469040 INFO] Zip: Extracting weather/DEU_Hamburg.101470_IWEC.stat
[19:29:06.470146 INFO] Zip: Extracting weather/JPN_Tokyo.Hyakuri.477150_IWEC.ddy
[19:29:06.470697 INFO] Zip: Extracting weather/JPN_Tokyo.Hyakuri.477150_IWEC.epw
[19:29:06.482840 INFO] Zip: Extracting weather/JPN_Tokyo.Hyakuri.477150_IWEC.stat
[19:29:06.483843 INFO] Zip: Extracting weather/SAU_Riyadh.404380_IWEC.ddy
[19:29:06.484424 INFO] Zip: Extracting weather/SAU_Riyadh.404380_IWEC.epw
[19:29:06.497343 INFO] Zip: Extracting weather/SAU_Riyadh.404380_IWEC.stat
[19:29:06.498413 INFO] Zip: Extracting weather/SGP_Singapore.486980_IWEC.ddy
[19:29:06.499133 INFO] Zip: Extracting weather/SGP_Singapore.486980_IWEC.epw
[19:29:06.521408 INFO] Zip: Extracting weather/SGP_Singapore.486980_IWEC.stat
[19:29:06.522490 INFO] Zip: Extracting weather/USA_AK_Fairbanks.Intl.AP.702610_TMY3.ddy
[19:29:06.523292 INFO] Zip: Extracting weather/USA_AK_Fairbanks.Intl.AP.702610_TMY3.epw
[19:29:06.542085 INFO] Zip: Extracting weather/USA_AK_Fairbanks.Intl.AP.702610_TMY3.stat
[19:29:06.543297 INFO] Zip: Extracting weather/USA_AZ_Tucson.Intl.AP.722740_TMY3.ddy
[19:29:06.544095 INFO] Zip: Extracting weather/USA_AZ_Tucson.Intl.AP.722740_TMY3.epw
[19:29:06.563303 INFO] Zip: Extracting weather/USA_AZ_Tucson.Intl.AP.722740_TMY3.stat
[19:29:06.564432 INFO] Zip: Extracting weather/USA_CA_San.Diego-Lindbergh.Field.722900_TMY3.ddy
[19:29:06.565204 INFO] Zip: Extracting weather/USA_CA_San.Diego-Lindbergh.Field.722900_TMY3.epw
[19:29:06.793634 INFO] Zip: Extracting weather/USA_CA_San.Diego-Lindbergh.Field.722900_TMY3.stat
[19:29:06.795196 INFO] Zip: Extracting weather/USA_CO_Denver.Intl.AP.725650_TMY3.ddy
[19:29:06.796063 INFO] Zip: Extracting weather/USA_CO_Denver.Intl.AP.725650_TMY3.epw
[19:29:06.813720 INFO] Zip: Extracting weather/USA_CO_Denver.Intl.AP.725650_TMY3.stat
[19:29:06.815003 INFO] Zip: Extracting weather/USA_FL_Tampa.Intl.AP.722110_TMY3.ddy
[19:29:06.815865 INFO] Zip: Extracting weather/USA_FL_Tampa.Intl.AP.722110_TMY3.epw
[19:29:06.833108 INFO] Zip: Extracting weather/USA_FL_Tampa.Intl.AP.722110_TMY3.stat
[19:29:06.834239 INFO] Zip: Extracting weather/USA_GA_Atlanta-Hartsfield-Jackson.Intl.AP.722190_TMY3.ddy
[19:29:06.835055 INFO] Zip: Extracting weather/USA_GA_Atlanta-Hartsfield-Jackson.Intl.AP.722190_TMY3.epw
[19:29:06.998356 INFO] Zip: Extracting weather/USA_GA_Atlanta-Hartsfield-Jackson.Intl.AP.722190_TMY3.stat
[19:29:06.999313 INFO] Zip: Extracting weather/USA_HI_Honolulu.Intl.AP.911820_TMY3.ddy
[19:29:06.999900 INFO] Zip: Extracting weather/USA_HI_Honolulu.Intl.AP.911820_TMY3.epw
[19:29:07.014422 INFO] Zip: Extracting weather/USA_HI_Honolulu.Intl.AP.911820_TMY3.stat
[19:29:07.015434 INFO] Zip: Extracting weather/USA_MN_International.Falls.Intl.AP.727470_TMY3.ddy
[19:29:07.016102 INFO] Zip: Extracting weather/USA_MN_International.Falls.Intl.AP.727470_TMY3.epw
[19:29:07.036624 INFO] Zip: Extracting weather/USA_MN_International.Falls.Intl.AP.727470_TMY3.stat
[19:29:07.037621 INFO] Zip: Extracting weather/USA_MN_Rochester.Intl.AP.726440_TMY3.ddy
[19:29:07.038183 INFO] Zip: Extracting weather/USA_MN_Rochester.Intl.AP.726440_TMY3.epw
[19:29:07.053200 INFO] Zip: Extracting weather/USA_MN_Rochester.Intl.AP.726440_TMY3.stat
[19:29:07.054324 INFO] Zip: Extracting weather/USA_MT_Great.Falls.Intl.AP.727750_TMY3.ddy
[19:29:07.054971 INFO] Zip: Extracting weather/USA_MT_Great.Falls.Intl.AP.727750_TMY3.epw
[19:29:07.068108 INFO] Zip: Extracting weather/USA_MT_Great.Falls.Intl.AP.727750_TMY3.stat
[19:29:07.069018 INFO] Zip: Extracting weather/USA_NM_Albuquerque.Intl.AP.723650_TMY3.ddy
[19:29:07.069539 INFO] Zip: Extracting weather/USA_NM_Albuquerque.Intl.AP.723650_TMY3.epw
[19:29:07.084117 INFO] Zip: Extracting weather/USA_NM_Albuquerque.Intl.AP.723650_TMY3.stat
[19:29:07.085218 INFO] Zip: Extracting weather/USA_NY_Buffalo-Greater.Buffalo.Intl.AP.725280_TMY3.ddy
[19:29:07.086003 INFO] Zip: Extracting weather/USA_NY_Buffalo-Greater.Buffalo.Intl.AP.725280_TMY3.epw
[19:29:07.105051 INFO] Zip: Extracting weather/USA_NY_Buffalo-Greater.Buffalo.Intl.AP.725280_TMY3.stat
[19:29:07.106149 INFO] Zip: Extracting weather/USA_NY_New.York-J.F.Kennedy.Intl.AP.744860_TMY3.ddy
[19:29:07.106894 INFO] Zip: Extracting weather/USA_NY_New.York-J.F.Kennedy.Intl.AP.744860_TMY3.epw
[19:29:07.130468 INFO] Zip: Extracting weather/USA_NY_New.York-J.F.Kennedy.Intl.AP.744860_TMY3.stat
[19:29:07.131439 INFO] Zip: Extracting weather/USA_TX_El.Paso.Intl.AP.722700_TMY3.ddy
[19:29:07.132135 INFO] Zip: Extracting weather/USA_TX_El.Paso.Intl.AP.722700_TMY3.epw
[19:29:07.144640 INFO] Zip: Extracting weather/USA_TX_El.Paso.Intl.AP.722700_TMY3.stat
[19:29:07.145801 INFO] Zip: Extracting weather/USA_WA_Port.Angeles-William.R.Fairchild.Intl.AP.727885_TMY3.ddy
[19:29:07.146395 INFO] Zip: Extracting weather/USA_WA_Port.Angeles-William.R.Fairchild.Intl.AP.727885_TMY3.epw
[19:29:07.159164 INFO] Zip: Extracting weather/USA_WA_Port.Angeles-William.R.Fairchild.Intl.AP.727885_TMY3.stat
[19:29:07.160161 INFO] Zip: Extracting weather/USA_WA_Seattle-Tacoma.Intl.AP.727930_TMY3.ddy
[19:29:07.160761 INFO] Zip: Extracting weather/USA_WA_Seattle-Tacoma.Intl.AP.727930_TMY3.epw
[19:29:07.173542 INFO] Zip: Extracting weather/USA_WA_Seattle-Tacoma.Intl.AP.727930_TMY3.stat
[19:29:07.177946 INFO] Downloading analysis.json from http://web:80/analyses/72a216d4-3a64-4cd6-8e04-b9bc3af7ff20.json
[19:29:07.263519 INFO] Checking for presence of args file at /mnt/openstudio/analysis_72a216d4-3a64-4cd6-8e04-b9bc3af7ff20/scripts/data_point/initialize.args
[19:29:07.263606 INFO] Checking for presence of script file at /mnt/openstudio/analysis_72a216d4-3a64-4cd6-8e04-b9bc3af7ff20/scripts/data_point/initialize.sh
[19:29:07.263672 INFO] Finished worker initialization
[19:29:07.263743 INFO] RestClient delete
[19:29:07.263792 INFO] delete post_count = 1
[19:29:07.280991 INFO] Downloading datapoint from http://web:80/data_points/6fcd4aea-0acc-49d3-95e2-caadf343f8a4.json
[19:29:07.281051 INFO] get url post_count = 1
[19:29:07.303432 INFO] Creating Workflow Manager instance
[19:29:07.303540 INFO] Directory is /mnt/openstudio/analysis_72a216d4-3a64-4cd6-8e04-b9bc3af7ff20/data_point_6fcd4aea-0acc-49d3-95e2-caadf343f8a4
[19:29:07.303631 INFO] Opening run.log file '/mnt/openstudio/analysis_72a216d4-3a64-4cd6-8e04-b9bc3af7ff20/data_point_6fcd4aea-0acc-49d3-95e2-caadf343f8a4/run/run.log'
[19:29:07.303838 WARN] Error finding Oscli: OPENSTUDIO_EXE_PATH not set
[19:29:07.318496 WARN] Defaulting to fun Oscli via /usr/local/bin/openstudio
[19:29:07.318672 INFO] Returning Oscli cmd: /usr/local/bin/openstudio --bundle /var/oscli/Gemfile --bundle_path /var/oscli/gems 
[19:29:07.318911 INFO] Running workflow using cmd /usr/local/bin/openstudio --bundle /var/oscli/Gemfile --bundle_path /var/oscli/gems   run --workflow '/mnt/openstudio/analysis_72a216d4-3a64-4cd6-8e04-b9bc3af7ff20/data_point_6fcd4aea-0acc-49d3-95e2-caadf343f8a4/data_point.osw'  and writing log to /mnt/openstudio/analysis_72a216d4-3a64-4cd6-8e04-b9bc3af7ff20/data_point_6fcd4aea-0acc-49d3-95e2-caadf343f8a4/oscli_simulation.log
[19:29:28.255599 INFO] Oscli output: /var/oscli/gems/ruby/2.5.0/gems/openstudio-standards-0.2.11/lib/openstudio-standards/btap/btap.rb:56: warning: constant ::Fixnum is deprecated
[openstudio.standards.Model] <1> Model has been assigned a weather file, but the file is not in the specified location of 'file:////mnt/openstudio/analysis_72a216d4-3a64-4cd6-8e04-b9bc3af7ff20/weather/SAU_Riyadh.404380_IWEC.epw'.
[19:29:24.017598 WARN] Could not add loads for Plenum. Not expected for 90.1-2013
[19:29:27.708470 WARN] [openstudio.standards.Construction] Requested U-value of 0.58 for Typical Insulated Exterior Mass Wall is too low given the other materials in the construction; insulation layer will not be modified.
[19:29:27.709235 WARN] [openstudio.standards.Construction] Can only set the u-value of opaque constructions or simple glazing. U 0.60 SHGC 0.25 Dbl 2.5mm air is not opaque or simple glazing.
[19:29:27.709722 WARN] [openstudio.standards.Construction] Can only set the u-value of opaque constructions or simple glazing. U 0.65 SHGC 0.25 Dbl Ref-C-H Clr 6mm/6mm Air is not opaque or simple glazing.
[19:29:27.709905 WARN] [openstudio.standards.Construction] Requested U-value of 1.1686635536297982 for Typical Overhead Door is greater than the sum of the inside and outside resistance, and the max U-value (6.636 SI) is used instead.
[19:29:27.710231 WARN] [openstudio.standards.Construction] Can only set the u-value of opaque constructions or simple glazing. Window_U_0.75_SHGC_0.35_Skylight_Frame_Width_2.339_in is not opaque or simple glazing.
[19:29:27.711274 WARN] [openstudio.weather.Model] Could not find ground temperatures; will use generic temperatures, which will skew results.
[19:29:27.727850 ERROR] [openstudio.standards.Model] Model has been assigned a weather file, but the file is not in the specified location of 'file:////mnt/openstudio/analysis_72a216d4-3a64-4cd6-8e04-b9bc3af7ff20/weather/SAU_Riyadh.404380_IWEC.epw'.
[19:29:27.957388 ERROR] /var/oscli/gems/ruby/2.5.0/gems/openstudio-workflow-2.0.0/lib/openstudio/workflow/util/measure.rb failed with message Runner error /var/oscli/gems/ruby/2.5.0/gems/openstudio-workflow-2.0.0/lib/openstudio/workflow/util/measure.rb failed with Measure create_typical_building_from_model reported an error with ["[openstudio.standards.Model] Model has been assigned a weather file, but the file is not in the specified location of 'file:////mnt/openstudio/analysis_72a216d4-3a64-4cd6-8e04-b9bc3af7ff20/weather/SAU_Riyadh.404380_IWEC.epw'."], /var/oscli/gems/ruby/2.5.0/gems/openstudio-workflow-2.0.0/lib/openstudio/workflow/util/measure.rb:560:in `apply_measure'
/var/oscli/gems/ruby/2.5.0/gems/openstudio-workflow-2.0.0/lib/openstudio/workflow/util/measure.rb:109:in `block in apply_measures'
/var/oscli/gems/ruby/2.5.0/gems/openstudio-workflow-2.0.0/lib/openstudio/workflow/util/measure.rb:67:in `each_index'
/var/oscli/gems/ruby/2.5.0/gems/openstudio-workflow-2.0.0/lib/openstudio/workflow/util/measure.rb:67:in `apply_measures'
/var/oscli/gems/ruby/2.5.0/gems/openstudio-workflow-2.0.0/lib/openstudio/workflow/jobs/run_os_measures.rb:70:in `perform'
/var/oscli/gems/ruby/2.5.0/gems/openstudio-workflow-2.0.0/lib/openstudio/workflow/run.rb:292:in `step'
/var/oscli/gems/ruby/2.5.0/gems/openstudio-workflow-2.0.0/lib/openstudio/workflow/run.rb:234:in `run'
:/openstudio_cli.rb:960:in `execute'
:/openstudio_cli.rb:750:in `execute'
:/openstudio_cli.rb:1744:in `<main>'
eval:174:in `eval'
eval:174:in `require_embedded_absolute'
eval:160:in `block in require_embedded'
eval:154:in `each'
eval:154:in `require_embedded'
eval:113:in `require'
eval:3:in `<main>' in /var/oscli/gems/ruby/2.5.0/gems/openstudio-workflow-2.0.0/lib/openstudio/workflow/util/measure.rb:598:in `rescue in apply_measure'
/var/oscli/gems/ruby/2.5.0/gems/openstudio-workflow-2.0.0/lib/openstudio/workflow/util/measure.rb:548:in `apply_measure'
/var/oscli/gems/ruby/2.5.0/gems/openstudio-workflow-2.0.0/lib/openstudio/workflow/util/measure.rb:109:in `block in apply_measures'
/var/oscli/gems/ruby/2.5.0/gems/openstudio-workflow-2.0.0/lib/openstudio/workflow/util/measure.rb:67:in `each_index'
/var/oscli/gems/ruby/2.5.0/gems/openstudio-workflow-2.0.0/lib/openstudio/workflow/util/measure.rb:67:in `apply_measures'
/var/oscli/gems/ruby/2.5.0/gems/openstudio-workflow-2.0.0/lib/openstudio/workflow/jobs/run_os_measures.rb:70:in `perform'
/var/oscli/gems/ruby/2.5.0/gems/openstudio-workflow-2.0.0/lib/openstudio/workflow/run.rb:292:in `step'
/var/oscli/gems/ruby/2.5.0/gems/openstudio-workflow-2.0.0/lib/openstudio/workflow/run.rb:234:in `run'
:/openstudio_cli.rb:960:in `execute'
:/openstudio_cli.rb:750:in `execute'
:/openstudio_cli.rb:1744:in `<main>'
eval:174:in `eval'
eval:174:in `require_embedded_absolute'
eval:160:in `block in require_embedded'
eval:154:in `each'
eval:154:in `require_embedded'
eval:113:in `require'
eval:3:in `<main>'
[19:29:27.960487 ERROR] Found error in state 'os_measures' with message ["/var/oscli/gems/ruby/2.5.0/gems/openstudio-workflow-2.0.0/lib/openstudio/workflow/util/measure.rb failed with message Runner error /var/oscli/gems/ruby/2.5.0/gems/openstudio-workflow-2.0.0/lib/openstudio/workflow/util/measure.rb failed with Measure create_typical_building_from_model reported an error with [\"[openstudio.standards.Model] Model has been assigned a weather file, but the file is not in the specified location of 'file:////mnt/openstudio/analysis_72a216d4-3a64-4cd6-8e04-b9bc3af7ff20/weather/SAU_Riyadh.404380_IWEC.epw'.\"], /var/oscli/gems/ruby/2.5.0/gems/openstudio-workflow-2.0.0/lib/openstudio/workflow/util/measure.rb:560:in `apply_measure'\n/var/oscli/gems/ruby/2.5.0/gems/openstudio-workflow-2.0.0/lib/openstudio/workflow/util/measure.rb:109:in `block in apply_measures'\n/var/oscli/gems/ruby/2.5.0/gems/openstudio-workflow-2.0.0/lib/openstudio/workflow/util/measure.rb:67:in `each_index'\n/var/oscli/gems/ruby/2.5.0/gems/openstudio-workflow-2.0.0/lib/openstudio/workflow/util/measure.rb:67:in `apply_measures'\n/var/oscli/gems/ruby/2.5.0/gems/openstudio-workflow-2.0.0/lib/openstudio/workflow/jobs/run_os_measures.rb:70:in `perform'\n/var/oscli/gems/ruby/2.5.0/gems/openstudio-workflow-2.0.0/lib/openstudio/workflow/run.rb:292:in `step'\n/var/oscli/gems/ruby/2.5.0/gems/openstudio-workflow-2.0.0/lib/openstudio/workflow/run.rb:234:in `run'\n:/openstudio_cli.rb:960:in `execute'\n:/openstudio_cli.rb:750:in `execute'\n:/openstudio_cli.rb:1744:in `<main>'\neval:174:in `eval'\neval:174:in `require_embedded_absolute'\neval:160:in `block in require_embedded'\neval:154:in `each'\neval:154:in `require_embedded'\neval:113:in `require'\neval:3:in `<main>' in /var/oscli/gems/ruby/2.5.0/gems/openstudio-workflow-2.0.0/lib/openstudio/workflow/util/measure.rb:598:in `rescue in apply_measure'\n/var/oscli/gems/ruby/2.5.0/gems/openstudio-workflow-2.0.0/lib/openstudio/workflow/util/measure.rb:548:in `apply_measure'\n/var/oscli/gems/ruby/2.5.0/gems/openstudio-workflow-2.0.0/lib/openstudio/workflow/util/measure.rb:109:in `block in apply_measures'\n/var/oscli/gems/ruby/2.5.0/gems/openstudio-workflow-2.0.0/lib/openstudio/workflow/util/measure.rb:67:in `each_index'\n/var/oscli/gems/ruby/2.5.0/gems/openstudio-workflow-2.0.0/lib/openstudio/workflow/util/measure.rb:67:in `apply_measures'\n/var/oscli/gems/ruby/2.5.0/gems/openstudio-workflow-2.0.0/lib/openstudio/workflow/jobs/run_os_measures.rb:70:in `perform'\n/var/oscli/gems/ruby/2.5.0/gems/openstudio-workflow-2.0.0/lib/openstudio/workflow/run.rb:292:in `step'\n/var/oscli/gems/ruby/2.5.0/gems/openstudio-workflow-2.0.0/lib/openstudio/workflow/run.rb:234:in `run'\n:/openstudio_cli.rb:960:in `execute'\n:/openstudio_cli.rb:750:in `execute'\n:/openstudio_cli.rb:1744:in `<main>'\neval:174:in `eval'\neval:174:in `require_embedded_absolute'\neval:160:in `block in require_embedded'\neval:154:in `each'\neval:154:in `require_embedded'\neval:113:in `require'\neval:3:in `<main>':/var/oscli/gems/ruby/2.5.0/gems/openstudio-workflow-2.0.0/lib/openstudio/workflow/util/measure.rb:647:in `rescue in apply_measure'\n/var/oscli/gems/ruby/2.5.0/gems/openstudio-workflow-2.0.0/lib/openstudio/workflow/util/measure.rb:305:in `apply_measure'\n/var/oscli/gems/ruby/2.5.0/gems/openstudio-workflow-2.0.0/lib/openstudio/workflow/util/measure.rb:109:in `block in apply_measures'\n/var/oscli/gems/ruby/2.5.0/gems/openstudio-workflow-2.0.0/lib/openstudio/workflow/util/measure.rb:67:in `each_index'\n/var/oscli/gems/ruby/2.5.0/gems/openstudio-workflow-2.0.0/lib/openstudio/workflow/util/measure.rb:67:in `apply_measures'\n/var/oscli/gems/ruby/2.5.0/gems/openstudio-workflow-2.0.0/lib/openstudio/workflow/jobs/run_os_measures.rb:70:in `perform'\n/var/oscli/gems/ruby/2.5.0/gems/openstudio-workflow-2.0.0/lib/openstudio/workflow/run.rb:292:in `step'\n/var/oscli/gems/ruby/2.5.0/gems/openstudio-workflow-2.0.0/lib/openstudio/workflow/run.rb:234:in `run'\n:/openstudio_cli.rb:960:in `execute'\n:/openstudio_cli.rb:750:in `execute'\n:/openstudio_cli.rb:1744:in `<main>'\neval:174:in `eval'\neval:174:in `require_embedded_absolute'\neval:160:in `block in require_embedded'\neval:154:in `each'\neval:154:in `require_embedded'\neval:113:in `require'\neval:3:in `<main>'"]}

[19:29:28.256483 ERROR] Could not find results /mnt/openstudio/analysis_72a216d4-3a64-4cd6-8e04-b9bc3af7ff20/data_point_6fcd4aea-0acc-49d3-95e2-caadf343f8a4/run/measure_attributes.json
[19:29:28.256538 INFO] Saving files/reports back to the server
[19:29:28.256840 INFO] Saving report /mnt/openstudio/analysis_72a216d4-3a64-4cd6-8e04-b9bc3af7ff20/data_point_6fcd4aea-0acc-49d3-95e2-caadf343f8a4/out.osw to http://web:80/data_points/6fcd4aea-0acc-49d3-95e2-caadf343f8a4/upload_file
[19:29:28.289100 INFO] Saving report responded with {"id":"5efb9298ce5ea001492bc07e","data_point_id":"6fcd4aea-0acc-49d3-95e2-caadf343f8a4","display_name":"Final OSW File","type":"Report","created_at":"2020-06-30T19:29:28.270Z","updated_at":"2020-06-30T19:29:28.270Z"}
[19:29:28.289426 INFO] Saving report /mnt/openstudio/analysis_72a216d4-3a64-4cd6-8e04-b9bc3af7ff20/data_point_6fcd4aea-0acc-49d3-95e2-caadf343f8a4/run/data_point.zip to http://web:80/data_points/6fcd4aea-0acc-49d3-95e2-caadf343f8a4/upload_file
[19:29:28.332954 INFO] Saving report responded with {"id":"5efb9298ce5ea001492bc07f","data_point_id":"6fcd4aea-0acc-49d3-95e2-caadf343f8a4","display_name":"Zip File","type":"Data Point","created_at":"2020-06-30T19:29:28.311Z","updated_at":"2020-06-30T19:29:28.311Z"}
[19:29:28.333227 INFO] Checking for presence of args file at /mnt/openstudio/analysis_72a216d4-3a64-4cd6-8e04-b9bc3af7ff20/scripts/data_point/finalize.args
[19:29:28.333293 INFO] Checking for presence of script file at /mnt/openstudio/analysis_72a216d4-3a64-4cd6-8e04-b9bc3af7ff20/scripts/data_point/finalize.sh
[19:29:28.338038 INFO] Finished /opt/openstudio/server/app/jobs/dj_jobs/run_simulate_data_point.rb
