# Logfile created on 2020-06-30 19:28:59 +0000 by logger.rb/61378
[19:28:59.707148 INFO] Server host is http://web:80
[19:28:59.707377 INFO] Analysis directory is /mnt/openstudio/analysis_72a216d4-3a64-4cd6-8e04-b9bc3af7ff20
[19:28:59.707517 INFO] Simulation directory is /mnt/openstudio/analysis_72a216d4-3a64-4cd6-8e04-b9bc3af7ff20/data_point_389fb7a5-fe0e-419d-b100-5aa394dfe21a
[19:28:59.707589 INFO] Run datapoint type/file is 
[19:28:59.707641 INFO] Starting initialize_worker for datapoint 389fb7a5-fe0e-419d-b100-5aa394dfe21a
[19:28:59.708256 INFO] Downloading analysis zip from http://web:80/analyses/72a216d4-3a64-4cd6-8e04-b9bc3af7ff20/download_analysis_zip
[19:29:03.462461 INFO] Extracting analysis zip to /mnt/openstudio/analysis_72a216d4-3a64-4cd6-8e04-b9bc3af7ff20
[19:29:03.483723 INFO] Zip: Extracting lib/resources/ASHRAE_zone12_Spec.idf
[19:29:03.485461 INFO] Zip: Extracting lib/resources/ASHRAE_zone3_Spec.idf
[19:29:03.486163 INFO] Zip: Extracting lib/resources/ASHRAE_zone456_Spec.idf
[19:29:03.486941 INFO] Zip: Extracting lib/resources/ASHRAE_zone78_Spec.idf
[19:29:03.487704 INFO] Zip: Extracting lib/resources/GlzSys19_13F-air-9_Spec.idf
[19:29:03.489429 INFO] Zip: Extracting lib/resources/GlzSys20_14F-air-3000_Spec.idf
[19:29:03.491132 INFO] Zip: Extracting lib/resources/GlzSys21_13F-air-3000_Spec.idf
[19:29:03.492845 INFO] Zip: Extracting lib/resources/GlzSys_10-air-9_Spec.idf
[19:29:03.494616 INFO] Zip: Extracting lib/resources/GlzSys_10F-air-3000_Spec.idf
[19:29:03.496276 INFO] Zip: Extracting lib/resources/GlzSys_11F-air-3000_Spec.idf
[19:29:03.504895 INFO] Zip: Extracting lib/resources/GlzSys_16095-air-3000_Spec.idf
[19:29:03.506767 INFO] Zip: Extracting lib/resources/GlzSys_16095-air-9_Spec.idf
[19:29:03.508480 INFO] Zip: Extracting lib/resources/GlzSys_6374-air-3000_Spec.idf
[19:29:03.510399 INFO] Zip: Extracting lib/resources/GlzSys_Dark_PV_Spec.idf
[19:29:03.511527 INFO] Zip: Extracting lib/resources/GlzSys_Light_PV_Spec.idf
[19:29:03.512519 INFO] Zip: Extracting lib/resources/GlzSys_Thermochromic_30C.idf
[19:29:03.513889 INFO] Zip: Extracting lib/resources/GlzSys_Thermochromic_35C.idf
[19:29:03.515485 INFO] Zip: Extracting lib/resources/GlzSys_Thermochromic_40C.idf
[19:29:03.516815 INFO] Zip: Extracting lib/resources/SG_zone12_Spec.idf
[19:29:03.517945 INFO] Zip: Extracting lib/resources/SG_zone3_Spec.idf
[19:29:03.519446 INFO] Zip: Extracting lib/resources/SG_zone456_Spec.idf
[19:29:03.521488 INFO] Zip: Extracting lib/resources/SG_zone78_Spec.idf
[19:29:03.523167 INFO] Zip: Extracting lib/resources/Window_PV_No_frame_Spec_Spec.idf
[19:29:03.524261 INFO] Zip: Extracting lib/resources/Window_PV_frame_Spec.idf
[19:29:03.525380 INFO] Zip: Extracting measures/AddMeter/
[19:29:03.525664 INFO] Zip: Extracting measures/AddMeter/LICENSE.md
[19:29:03.526321 INFO] Zip: Extracting measures/AddMeter/New folder/
[19:29:03.526634 INFO] Zip: Extracting measures/AddMeter/README.md
[19:29:03.527133 INFO] Zip: Extracting measures/AddMeter/README.md.erb
[19:29:03.527582 INFO] Zip: Extracting measures/AddMeter/measure.rb
[19:29:03.528132 INFO] Zip: Extracting measures/AddMeter/measure.xml
[19:29:03.528634 INFO] Zip: Extracting measures/AddMeter/tests/
[19:29:03.528876 INFO] Zip: Extracting measures/AddMeter/tests/AddMeter_Test.rb
[19:29:03.529462 INFO] Zip: Extracting measures/AddOutputVariable/
[19:29:03.529665 INFO] Zip: Extracting measures/AddOutputVariable/LICENSE.md
[19:29:03.530181 INFO] Zip: Extracting measures/AddOutputVariable/README.md
[19:29:03.530631 INFO] Zip: Extracting measures/AddOutputVariable/README.md.erb
[19:29:03.531125 INFO] Zip: Extracting measures/AddOutputVariable/measure.rb
[19:29:03.531708 INFO] Zip: Extracting measures/AddOutputVariable/measure.xml
[19:29:03.532182 INFO] Zip: Extracting measures/AddOutputVariable/tests/
[19:29:03.532532 INFO] Zip: Extracting measures/AddOutputVariable/tests/AddOutputVariable_Test.rb
[19:29:03.533074 INFO] Zip: Extracting measures/ChangeBuildingLocation/
[19:29:03.533297 INFO] Zip: Extracting measures/ChangeBuildingLocation/LICENSE.md
[19:29:03.533831 INFO] Zip: Extracting measures/ChangeBuildingLocation/README.md
[19:29:03.534460 INFO] Zip: Extracting measures/ChangeBuildingLocation/README.md.erb
[19:29:03.534970 INFO] Zip: Extracting measures/ChangeBuildingLocation/measure.rb
[19:29:03.535599 INFO] Zip: Extracting measures/ChangeBuildingLocation/measure.xml
[19:29:03.536181 INFO] Zip: Extracting measures/ChangeBuildingLocation/resources/
[19:29:03.536446 INFO] Zip: Extracting measures/ChangeBuildingLocation/resources/epw.rb
[19:29:03.537117 INFO] Zip: Extracting measures/ChangeBuildingLocation/resources/os_lib_helper_methods.rb
[19:29:03.537794 INFO] Zip: Extracting measures/ChangeBuildingLocation/resources/stat_file.rb
[19:29:03.538370 INFO] Zip: Extracting measures/ChangeBuildingLocation/tests/
[19:29:03.538599 INFO] Zip: Extracting measures/ChangeBuildingLocation/tests/USA_MA_Boston-Logan.Intl.AP.725090_TMY3.ddy
[19:29:03.539300 INFO] Zip: Extracting measures/ChangeBuildingLocation/tests/USA_MA_Boston-Logan.Intl.AP.725090_TMY3.epw
[19:29:03.561184 INFO] Zip: Extracting measures/ChangeBuildingLocation/tests/USA_MA_Boston-Logan.Intl.AP.725090_TMY3.stat
[19:29:03.562190 INFO] Zip: Extracting measures/ChangeBuildingLocation/tests/USA_WA_Renton.Muni.AP.727934_TMY3.ddy
[19:29:03.562651 INFO] Zip: Extracting measures/ChangeBuildingLocation/tests/USA_WA_Renton.Muni.AP.727934_TMY3.epw
[19:29:03.583370 INFO] Zip: Extracting measures/ChangeBuildingLocation/tests/USA_WA_Renton.Muni.AP.727934_TMY3.stat
[19:29:03.584833 INFO] Zip: Extracting measures/ChangeBuildingLocation/tests/another_weather_file.ddy
[19:29:03.585680 INFO] Zip: Extracting measures/ChangeBuildingLocation/tests/another_weather_file.epw
[19:29:03.611245 INFO] Zip: Extracting measures/ChangeBuildingLocation/tests/another_weather_file.stat
[19:29:03.612319 INFO] Zip: Extracting measures/ChangeBuildingLocation/tests/change_building_location_test.rb
[19:29:03.613023 INFO] Zip: Extracting measures/ChangeBuildingLocation/tests/multiyear.ddy
[19:29:03.613656 INFO] Zip: Extracting measures/ChangeBuildingLocation/tests/multiyear.epw
[19:29:03.614198 INFO] Zip: Extracting measures/ChangeBuildingLocation/tests/multiyear.stat
[19:29:03.615616 INFO] Zip: Extracting measures/ChangeBuildingLocation/tests/test.osm
[19:29:03.619902 INFO] Zip: Extracting measures/ChangeBuildingLocation/tests/test.osw
[19:29:03.621088 INFO] Zip: Extracting measures/ServerDirectoryCleanup/
[19:29:03.621357 INFO] Zip: Extracting measures/ServerDirectoryCleanup/LICENSE.md
[19:29:03.621891 INFO] Zip: Extracting measures/ServerDirectoryCleanup/measure.rb
[19:29:03.622431 INFO] Zip: Extracting measures/ServerDirectoryCleanup/measure.xml
[19:29:03.623006 INFO] Zip: Extracting measures/ServerDirectoryCleanup/tests/
[19:29:03.623228 INFO] Zip: Extracting measures/ServerDirectoryCleanup/tests/ServerDirectoryCleanup_test.rb
[19:29:03.623801 INFO] Zip: Extracting measures/ServerDirectoryCleanup/tests/USA_CO_Golden-NREL.724666_TMY3.epw
[19:29:03.639174 INFO] Zip: Extracting measures/ServerDirectoryCleanup/tests/example_model.osm
[19:29:03.641154 INFO] Zip: Extracting measures/WindowPV_reporting/
[19:29:03.641468 INFO] Zip: Extracting measures/WindowPV_reporting/measure.rb
[19:29:03.642276 INFO] Zip: Extracting measures/WindowPV_reporting/measure.xml
[19:29:03.642839 INFO] Zip: Extracting measures/WindowPV_reporting/resources/
[19:29:03.643080 INFO] Zip: Extracting measures/WindowPV_reporting/resources/os_lib_helper_methods.rb
[19:29:03.643717 INFO] Zip: Extracting measures/WindowPV_reporting/resources/report.html.in
[19:29:03.644248 INFO] Zip: Extracting measures/WindowPV_reporting/tests/
[19:29:03.644493 INFO] Zip: Extracting measures/WindowPV_reporting/tests/USA_CO_Golden-NREL.724666_TMY3.epw
[19:29:03.667847 INFO] Zip: Extracting measures/WindowPV_reporting/tests/example_model.osm
[19:29:03.670610 INFO] Zip: Extracting measures/WindowPV_reporting/tests/ubi_qd_reporting_test.rb
[19:29:03.671525 INFO] Zip: Extracting measures/a_inject_window_specific_idf_objects/
[19:29:03.671763 INFO] Zip: Extracting measures/a_inject_window_specific_idf_objects/LICENSE.md
[19:29:03.672392 INFO] Zip: Extracting measures/a_inject_window_specific_idf_objects/measure.rb
[19:29:03.673202 INFO] Zip: Extracting measures/a_inject_window_specific_idf_objects/measure.xml
[19:29:03.673938 INFO] Zip: Extracting measures/a_inject_window_specific_idf_objects/tests/
[19:29:03.674154 INFO] Zip: Extracting measures/a_inject_window_specific_idf_objects/tests/EnvelopeAndLoadTestModel_01.osm
[19:29:03.684712 INFO] Zip: Extracting measures/a_inject_window_specific_idf_objects/tests/Example B - BlockEnergyCharge.idf
[19:29:03.685597 INFO] Zip: Extracting measures/a_inject_window_specific_idf_objects/tests/measure_Test.rb
[19:29:03.686335 INFO] Zip: Extracting measures/a_inject_window_specific_idf_objects/tests/test.osw
[19:29:03.687601 INFO] Zip: Extracting measures/add_thermochromic_bipv/
[19:29:03.687921 INFO] Zip: Extracting measures/add_thermochromic_bipv/measure.rb
[19:29:03.688805 INFO] Zip: Extracting measures/add_thermochromic_bipv/measure.xml
[19:29:03.689579 INFO] Zip: Extracting measures/add_thermochromic_bipv/resources/
[19:29:03.689825 INFO] Zip: Extracting measures/add_thermochromic_bipv/resources/HVACSizing.Model.rb
[19:29:03.690644 INFO] Zip: Extracting measures/add_thermochromic_bipv/resources/Standards.Construction.rb
[19:29:03.691369 INFO] Zip: Extracting measures/add_thermochromic_bipv/resources/os_lib_helper_methods.rb
[19:29:03.692127 INFO] Zip: Extracting measures/add_thermochromic_bipv/resources/os_lib_schedules.rb
[19:29:03.693130 INFO] Zip: Extracting measures/create_bar_from_building_type_ratios/
[19:29:03.693389 INFO] Zip: Extracting measures/create_bar_from_building_type_ratios/LICENSE.md
[19:29:03.694094 INFO] Zip: Extracting measures/create_bar_from_building_type_ratios/README.md
[19:29:03.694728 INFO] Zip: Extracting measures/create_bar_from_building_type_ratios/README.md.erb
[19:29:03.695356 INFO] Zip: Extracting measures/create_bar_from_building_type_ratios/measure.rb
[19:29:03.696512 INFO] Zip: Extracting measures/create_bar_from_building_type_ratios/measure.xml
[19:29:03.697333 INFO] Zip: Extracting measures/create_bar_from_building_type_ratios/resources/
[19:29:03.697553 INFO] Zip: Extracting measures/create_bar_from_building_type_ratios/resources/os_lib_geometry.rb
[19:29:03.698573 INFO] Zip: Extracting measures/create_bar_from_building_type_ratios/resources/os_lib_helper_methods.rb
[19:29:03.699307 INFO] Zip: Extracting measures/create_bar_from_building_type_ratios/resources/os_lib_model_generation.rb
[19:29:03.700276 INFO] Zip: Extracting measures/create_bar_from_building_type_ratios/resources/os_lib_model_simplification.rb
[19:29:03.701391 INFO] Zip: Extracting measures/create_bar_from_building_type_ratios/tests/
[19:29:03.701625 INFO] Zip: Extracting measures/create_bar_from_building_type_ratios/tests/create_bar_from_building_type_ratios_test.rb
[19:29:03.702330 INFO] Zip: Extracting measures/create_bar_from_building_type_ratios/tests/example_model.osm
[19:29:03.707028 INFO] Zip: Extracting measures/create_typical_building_from_model/
[19:29:03.707330 INFO] Zip: Extracting measures/create_typical_building_from_model/LICENSE.md
[19:29:03.707979 INFO] Zip: Extracting measures/create_typical_building_from_model/README.md
[19:29:03.708662 INFO] Zip: Extracting measures/create_typical_building_from_model/README.md.erb
[19:29:03.709232 INFO] Zip: Extracting measures/create_typical_building_from_model/measure.rb
[19:29:03.710222 INFO] Zip: Extracting measures/create_typical_building_from_model/measure.xml
[19:29:03.711032 INFO] Zip: Extracting measures/create_typical_building_from_model/resources/
[19:29:03.711247 INFO] Zip: Extracting measures/create_typical_building_from_model/resources/Model.hvac.rb
[19:29:03.711948 INFO] Zip: Extracting measures/create_typical_building_from_model/resources/os_lib_helper_methods.rb
[19:29:03.712688 INFO] Zip: Extracting measures/create_typical_building_from_model/resources/os_lib_model_generation.rb
[19:29:03.713672 INFO] Zip: Extracting measures/create_typical_building_from_model/tests/
[19:29:03.713872 INFO] Zip: Extracting measures/create_typical_building_from_model/tests/GenericGbxml.osm
[19:29:03.719092 INFO] Zip: Extracting measures/create_typical_building_from_model/tests/LargeOffice04.osm
[19:29:03.732845 INFO] Zip: Extracting measures/create_typical_building_from_model/tests/MidriseApartment.osm
[19:29:03.898245 INFO] Zip: Extracting measures/create_typical_building_from_model/tests/SmallOffice.osm
[19:29:03.900566 INFO] Zip: Extracting measures/create_typical_building_from_model/tests/USA_TX_Houston-Bush.Intercontinental.AP.722430_TMY3.epw
[19:29:03.914032 INFO] Zip: Extracting measures/create_typical_building_from_model/tests/create_typical_building_from_model_test.rb
[19:29:03.914870 INFO] Zip: Extracting measures/create_typical_building_from_model/tests/test.osw
[19:29:03.916068 INFO] Zip: Extracting measures/create_typical_building_from_model/tests/test_hvac.rb
[19:29:03.916685 INFO] Zip: Extracting measures/export_variableto_csv_variables_for_bipvpce/
[19:29:03.916916 INFO] Zip: Extracting measures/export_variableto_csv_variables_for_bipvpce/measure.rb
[19:29:03.917550 INFO] Zip: Extracting measures/export_variableto_csv_variables_for_bipvpce/measure.xml
[19:29:03.918084 INFO] Zip: Extracting measures/export_variableto_csv_variables_for_bipvpce/resources/
[19:29:03.918315 INFO] Zip: Extracting measures/export_variableto_csv_variables_for_bipvpce/resources/report.html.in
[19:29:03.918761 INFO] Zip: Extracting measures/export_variableto_csv_variables_for_bipvpce/tests/
[19:29:03.918976 INFO] Zip: Extracting measures/export_variableto_csv_variables_for_bipvpce/tests/ExportVariabletoCSV_test.rb
[19:29:03.919491 INFO] Zip: Extracting measures/export_variableto_csv_variables_for_bipvpce/tests/example_model.osm
[19:29:03.921307 INFO] Zip: Extracting measures/inject_idf_window_objects/
[19:29:03.921564 INFO] Zip: Extracting measures/inject_idf_window_objects/LICENSE.md
[19:29:03.922135 INFO] Zip: Extracting measures/inject_idf_window_objects/measure.rb
[19:29:03.922792 INFO] Zip: Extracting measures/inject_idf_window_objects/measure.xml
[19:29:03.923347 INFO] Zip: Extracting measures/inject_idf_window_objects/tests/
[19:29:03.923570 INFO] Zip: Extracting measures/inject_idf_window_objects/tests/EnvelopeAndLoadTestModel_01.osm
[19:29:04.092177 INFO] Zip: Extracting measures/inject_idf_window_objects/tests/Example B - BlockEnergyCharge.idf
[19:29:04.092894 INFO] Zip: Extracting measures/inject_idf_window_objects/tests/measure_Test.rb
[19:29:04.093433 INFO] Zip: Extracting measures/inject_idf_window_objects/tests/test.osw
[19:29:04.094391 INFO] Zip: Extracting seeds/switchglaze/
[19:29:04.094655 INFO] Zip: Extracting seeds/switchglaze.osm
[19:29:04.100746 INFO] Zip: Extracting seeds/switchglaze/files/
[19:29:04.101119 INFO] Zip: Extracting seeds/switchglaze/measures/
[19:29:04.101347 INFO] Zip: Extracting seeds/switchglaze/run/
[19:29:04.101563 INFO] Zip: Extracting seeds/switchglaze/workflow.osw
[19:29:04.102134 INFO] Zip: Extracting weather/DEU_Hamburg.101470_IWEC.ddy
[19:29:04.102780 INFO] Zip: Extracting weather/DEU_Hamburg.101470_IWEC.epw
[19:29:04.116001 INFO] Zip: Extracting weather/DEU_Hamburg.101470_IWEC.stat
[19:29:04.125921 INFO] Zip: Extracting weather/JPN_Tokyo.Hyakuri.477150_IWEC.ddy
[19:29:04.128286 INFO] Zip: Extracting weather/JPN_Tokyo.Hyakuri.477150_IWEC.epw
[19:29:04.161540 INFO] Zip: Extracting weather/JPN_Tokyo.Hyakuri.477150_IWEC.stat
[19:29:04.163343 INFO] Zip: Extracting weather/SAU_Riyadh.404380_IWEC.ddy
[19:29:04.164697 INFO] Zip: Extracting weather/SAU_Riyadh.404380_IWEC.epw
[19:29:04.258588 INFO] Zip: Extracting weather/SAU_Riyadh.404380_IWEC.stat
[19:29:04.261881 INFO] Zip: Extracting weather/SGP_Singapore.486980_IWEC.ddy
[19:29:04.263163 INFO] Zip: Extracting weather/SGP_Singapore.486980_IWEC.epw
[19:29:04.294903 INFO] Zip: Extracting weather/SGP_Singapore.486980_IWEC.stat
[19:29:04.296719 INFO] Zip: Extracting weather/USA_AK_Fairbanks.Intl.AP.702610_TMY3.ddy
[19:29:04.297975 INFO] Zip: Extracting weather/USA_AK_Fairbanks.Intl.AP.702610_TMY3.epw
[19:29:04.313997 INFO] Zip: Extracting weather/USA_AK_Fairbanks.Intl.AP.702610_TMY3.stat
[19:29:04.315272 INFO] Zip: Extracting weather/USA_AZ_Tucson.Intl.AP.722740_TMY3.ddy
[19:29:04.316176 INFO] Zip: Extracting weather/USA_AZ_Tucson.Intl.AP.722740_TMY3.epw
[19:29:04.337791 INFO] Zip: Extracting weather/USA_AZ_Tucson.Intl.AP.722740_TMY3.stat
[19:29:04.339240 INFO] Zip: Extracting weather/USA_CA_San.Diego-Lindbergh.Field.722900_TMY3.ddy
[19:29:04.340142 INFO] Zip: Extracting weather/USA_CA_San.Diego-Lindbergh.Field.722900_TMY3.epw
[19:29:04.366329 INFO] Zip: Extracting weather/USA_CA_San.Diego-Lindbergh.Field.722900_TMY3.stat
[19:29:04.367733 INFO] Zip: Extracting weather/USA_CO_Denver.Intl.AP.725650_TMY3.ddy
[19:29:04.368722 INFO] Zip: Extracting weather/USA_CO_Denver.Intl.AP.725650_TMY3.epw
[19:29:04.390335 INFO] Zip: Extracting weather/USA_CO_Denver.Intl.AP.725650_TMY3.stat
[19:29:04.391903 INFO] Zip: Extracting weather/USA_FL_Tampa.Intl.AP.722110_TMY3.ddy
[19:29:04.393037 INFO] Zip: Extracting weather/USA_FL_Tampa.Intl.AP.722110_TMY3.epw
[19:29:04.414833 INFO] Zip: Extracting weather/USA_FL_Tampa.Intl.AP.722110_TMY3.stat
[19:29:04.416209 INFO] Zip: Extracting weather/USA_GA_Atlanta-Hartsfield-Jackson.Intl.AP.722190_TMY3.ddy
[19:29:04.417192 INFO] Zip: Extracting weather/USA_GA_Atlanta-Hartsfield-Jackson.Intl.AP.722190_TMY3.epw
[19:29:04.610233 INFO] Zip: Extracting weather/USA_GA_Atlanta-Hartsfield-Jackson.Intl.AP.722190_TMY3.stat
[19:29:04.611291 INFO] Zip: Extracting weather/USA_HI_Honolulu.Intl.AP.911820_TMY3.ddy
[19:29:04.612020 INFO] Zip: Extracting weather/USA_HI_Honolulu.Intl.AP.911820_TMY3.epw
[19:29:04.628328 INFO] Zip: Extracting weather/USA_HI_Honolulu.Intl.AP.911820_TMY3.stat
[19:29:04.629519 INFO] Zip: Extracting weather/USA_MN_International.Falls.Intl.AP.727470_TMY3.ddy
[19:29:04.630151 INFO] Zip: Extracting weather/USA_MN_International.Falls.Intl.AP.727470_TMY3.epw
[19:29:04.788533 INFO] Zip: Extracting weather/USA_MN_International.Falls.Intl.AP.727470_TMY3.stat
[19:29:04.789579 INFO] Zip: Extracting weather/USA_MN_Rochester.Intl.AP.726440_TMY3.ddy
[19:29:04.790211 INFO] Zip: Extracting weather/USA_MN_Rochester.Intl.AP.726440_TMY3.epw
[19:29:04.804403 INFO] Zip: Extracting weather/USA_MN_Rochester.Intl.AP.726440_TMY3.stat
[19:29:04.805471 INFO] Zip: Extracting weather/USA_MT_Great.Falls.Intl.AP.727750_TMY3.ddy
[19:29:04.806105 INFO] Zip: Extracting weather/USA_MT_Great.Falls.Intl.AP.727750_TMY3.epw
[19:29:04.819722 INFO] Zip: Extracting weather/USA_MT_Great.Falls.Intl.AP.727750_TMY3.stat
[19:29:04.820850 INFO] Zip: Extracting weather/USA_NM_Albuquerque.Intl.AP.723650_TMY3.ddy
[19:29:04.821440 INFO] Zip: Extracting weather/USA_NM_Albuquerque.Intl.AP.723650_TMY3.epw
[19:29:04.847258 INFO] Zip: Extracting weather/USA_NM_Albuquerque.Intl.AP.723650_TMY3.stat
[19:29:04.848565 INFO] Zip: Extracting weather/USA_NY_Buffalo-Greater.Buffalo.Intl.AP.725280_TMY3.ddy
[19:29:04.849347 INFO] Zip: Extracting weather/USA_NY_Buffalo-Greater.Buffalo.Intl.AP.725280_TMY3.epw
[19:29:04.865312 INFO] Zip: Extracting weather/USA_NY_Buffalo-Greater.Buffalo.Intl.AP.725280_TMY3.stat
[19:29:04.866408 INFO] Zip: Extracting weather/USA_NY_New.York-J.F.Kennedy.Intl.AP.744860_TMY3.ddy
[19:29:04.867047 INFO] Zip: Extracting weather/USA_NY_New.York-J.F.Kennedy.Intl.AP.744860_TMY3.epw
[19:29:04.880886 INFO] Zip: Extracting weather/USA_NY_New.York-J.F.Kennedy.Intl.AP.744860_TMY3.stat
[19:29:04.882000 INFO] Zip: Extracting weather/USA_TX_El.Paso.Intl.AP.722700_TMY3.ddy
[19:29:04.882640 INFO] Zip: Extracting weather/USA_TX_El.Paso.Intl.AP.722700_TMY3.epw
[19:29:04.899421 INFO] Zip: Extracting weather/USA_TX_El.Paso.Intl.AP.722700_TMY3.stat
[19:29:04.900614 INFO] Zip: Extracting weather/USA_WA_Port.Angeles-William.R.Fairchild.Intl.AP.727885_TMY3.ddy
[19:29:04.901407 INFO] Zip: Extracting weather/USA_WA_Port.Angeles-William.R.Fairchild.Intl.AP.727885_TMY3.epw
[19:29:04.922231 INFO] Zip: Extracting weather/USA_WA_Port.Angeles-William.R.Fairchild.Intl.AP.727885_TMY3.stat
[19:29:04.923446 INFO] Zip: Extracting weather/USA_WA_Seattle-Tacoma.Intl.AP.727930_TMY3.ddy
[19:29:04.924297 INFO] Zip: Extracting weather/USA_WA_Seattle-Tacoma.Intl.AP.727930_TMY3.epw
[19:29:04.948389 INFO] Zip: Extracting weather/USA_WA_Seattle-Tacoma.Intl.AP.727930_TMY3.stat
[19:29:04.953534 INFO] Downloading analysis.json from http://web:80/analyses/72a216d4-3a64-4cd6-8e04-b9bc3af7ff20.json
[19:29:05.026044 INFO] Checking for presence of args file at /mnt/openstudio/analysis_72a216d4-3a64-4cd6-8e04-b9bc3af7ff20/scripts/data_point/initialize.args
[19:29:05.026126 INFO] Checking for presence of script file at /mnt/openstudio/analysis_72a216d4-3a64-4cd6-8e04-b9bc3af7ff20/scripts/data_point/initialize.sh
[19:29:05.026172 INFO] Finished worker initialization
[19:29:05.026205 INFO] RestClient delete
[19:29:05.026244 INFO] delete post_count = 1
[19:29:05.043830 INFO] Downloading datapoint from http://web:80/data_points/389fb7a5-fe0e-419d-b100-5aa394dfe21a.json
[19:29:05.043925 INFO] get url post_count = 1
[19:29:05.079758 INFO] Creating Workflow Manager instance
[19:29:05.079864 INFO] Directory is /mnt/openstudio/analysis_72a216d4-3a64-4cd6-8e04-b9bc3af7ff20/data_point_389fb7a5-fe0e-419d-b100-5aa394dfe21a
[19:29:05.079952 INFO] Opening run.log file '/mnt/openstudio/analysis_72a216d4-3a64-4cd6-8e04-b9bc3af7ff20/data_point_389fb7a5-fe0e-419d-b100-5aa394dfe21a/run/run.log'
[19:29:05.080158 WARN] Error finding Oscli: OPENSTUDIO_EXE_PATH not set
[19:29:05.096780 WARN] Defaulting to fun Oscli via /usr/local/bin/openstudio
[19:29:05.096970 INFO] Returning Oscli cmd: /usr/local/bin/openstudio --bundle /var/oscli/Gemfile --bundle_path /var/oscli/gems 
[19:29:05.097187 INFO] Running workflow using cmd /usr/local/bin/openstudio --bundle /var/oscli/Gemfile --bundle_path /var/oscli/gems   run --workflow '/mnt/openstudio/analysis_72a216d4-3a64-4cd6-8e04-b9bc3af7ff20/data_point_389fb7a5-fe0e-419d-b100-5aa394dfe21a/data_point.osw'  and writing log to /mnt/openstudio/analysis_72a216d4-3a64-4cd6-8e04-b9bc3af7ff20/data_point_389fb7a5-fe0e-419d-b100-5aa394dfe21a/oscli_simulation.log
[19:29:26.060420 INFO] Oscli output: /var/oscli/gems/ruby/2.5.0/gems/openstudio-standards-0.2.11/lib/openstudio-standards/btap/btap.rb:56: warning: constant ::Fixnum is deprecated
[openstudio.standards.Model] <1> Model has been assigned a weather file, but the file is not in the specified location of 'file:////mnt/openstudio/analysis_72a216d4-3a64-4cd6-8e04-b9bc3af7ff20/weather/SAU_Riyadh.404380_IWEC.epw'.
[19:29:22.162183 WARN] Could not add loads for Plenum. Not expected for 90.1-2013
[19:29:25.639549 WARN] [openstudio.standards.Construction] Requested U-value of 0.58 for Typical Insulated Exterior Mass Wall is too low given the other materials in the construction; insulation layer will not be modified.
[19:29:25.639957 WARN] [openstudio.standards.Construction] Can only set the u-value of opaque constructions or simple glazing. U 0.60 SHGC 0.25 Dbl 2.5mm air is not opaque or simple glazing.
[19:29:25.640190 WARN] [openstudio.standards.Construction] Can only set the u-value of opaque constructions or simple glazing. U 0.65 SHGC 0.25 Dbl Ref-C-H Clr 6mm/6mm Air is not opaque or simple glazing.
[19:29:25.640271 WARN] [openstudio.standards.Construction] Requested U-value of 1.1686635536297982 for Typical Overhead Door is greater than the sum of the inside and outside resistance, and the max U-value (6.636 SI) is used instead.
[19:29:25.640537 WARN] [openstudio.standards.Construction] Can only set the u-value of opaque constructions or simple glazing. Window_U_0.75_SHGC_0.35_Skylight_Frame_Width_2.339_in is not opaque or simple glazing.
[19:29:25.641209 WARN] [openstudio.weather.Model] Could not find ground temperatures; will use generic temperatures, which will skew results.
[19:29:25.650208 ERROR] [openstudio.standards.Model] Model has been assigned a weather file, but the file is not in the specified location of 'file:////mnt/openstudio/analysis_72a216d4-3a64-4cd6-8e04-b9bc3af7ff20/weather/SAU_Riyadh.404380_IWEC.epw'.
[19:29:25.813254 ERROR] /var/oscli/gems/ruby/2.5.0/gems/openstudio-workflow-2.0.0/lib/openstudio/workflow/util/measure.rb failed with message Runner error /var/oscli/gems/ruby/2.5.0/gems/openstudio-workflow-2.0.0/lib/openstudio/workflow/util/measure.rb failed with Measure create_typical_building_from_model reported an error with ["[openstudio.standards.Model] Model has been assigned a weather file, but the file is not in the specified location of 'file:////mnt/openstudio/analysis_72a216d4-3a64-4cd6-8e04-b9bc3af7ff20/weather/SAU_Riyadh.404380_IWEC.epw'."], /var/oscli/gems/ruby/2.5.0/gems/openstudio-workflow-2.0.0/lib/openstudio/workflow/util/measure.rb:560:in `apply_measure'
/var/oscli/gems/ruby/2.5.0/gems/openstudio-workflow-2.0.0/lib/openstudio/workflow/util/measure.rb:109:in `block in apply_measures'
/var/oscli/gems/ruby/2.5.0/gems/openstudio-workflow-2.0.0/lib/openstudio/workflow/util/measure.rb:67:in `each_index'
/var/oscli/gems/ruby/2.5.0/gems/openstudio-workflow-2.0.0/lib/openstudio/workflow/util/measure.rb:67:in `apply_measures'
/var/oscli/gems/ruby/2.5.0/gems/openstudio-workflow-2.0.0/lib/openstudio/workflow/jobs/run_os_measures.rb:70:in `perform'
/var/oscli/gems/ruby/2.5.0/gems/openstudio-workflow-2.0.0/lib/openstudio/workflow/run.rb:292:in `step'
/var/oscli/gems/ruby/2.5.0/gems/openstudio-workflow-2.0.0/lib/openstudio/workflow/run.rb:234:in `run'
:/openstudio_cli.rb:960:in `execute'
:/openstudio_cli.rb:750:in `execute'
:/openstudio_cli.rb:1744:in `<main>'
eval:174:in `eval'
eval:174:in `require_embedded_absolute'
eval:160:in `block in require_embedded'
eval:154:in `each'
eval:154:in `require_embedded'
eval:113:in `require'
eval:3:in `<main>' in /var/oscli/gems/ruby/2.5.0/gems/openstudio-workflow-2.0.0/lib/openstudio/workflow/util/measure.rb:598:in `rescue in apply_measure'
/var/oscli/gems/ruby/2.5.0/gems/openstudio-workflow-2.0.0/lib/openstudio/workflow/util/measure.rb:548:in `apply_measure'
/var/oscli/gems/ruby/2.5.0/gems/openstudio-workflow-2.0.0/lib/openstudio/workflow/util/measure.rb:109:in `block in apply_measures'
/var/oscli/gems/ruby/2.5.0/gems/openstudio-workflow-2.0.0/lib/openstudio/workflow/util/measure.rb:67:in `each_index'
/var/oscli/gems/ruby/2.5.0/gems/openstudio-workflow-2.0.0/lib/openstudio/workflow/util/measure.rb:67:in `apply_measures'
/var/oscli/gems/ruby/2.5.0/gems/openstudio-workflow-2.0.0/lib/openstudio/workflow/jobs/run_os_measures.rb:70:in `perform'
/var/oscli/gems/ruby/2.5.0/gems/openstudio-workflow-2.0.0/lib/openstudio/workflow/run.rb:292:in `step'
/var/oscli/gems/ruby/2.5.0/gems/openstudio-workflow-2.0.0/lib/openstudio/workflow/run.rb:234:in `run'
:/openstudio_cli.rb:960:in `execute'
:/openstudio_cli.rb:750:in `execute'
:/openstudio_cli.rb:1744:in `<main>'
eval:174:in `eval'
eval:174:in `require_embedded_absolute'
eval:160:in `block in require_embedded'
eval:154:in `each'
eval:154:in `require_embedded'
eval:113:in `require'
eval:3:in `<main>'
[19:29:25.815977 ERROR] Found error in state 'os_measures' with message ["/var/oscli/gems/ruby/2.5.0/gems/openstudio-workflow-2.0.0/lib/openstudio/workflow/util/measure.rb failed with message Runner error /var/oscli/gems/ruby/2.5.0/gems/openstudio-workflow-2.0.0/lib/openstudio/workflow/util/measure.rb failed with Measure create_typical_building_from_model reported an error with [\"[openstudio.standards.Model] Model has been assigned a weather file, but the file is not in the specified location of 'file:////mnt/openstudio/analysis_72a216d4-3a64-4cd6-8e04-b9bc3af7ff20/weather/SAU_Riyadh.404380_IWEC.epw'.\"], /var/oscli/gems/ruby/2.5.0/gems/openstudio-workflow-2.0.0/lib/openstudio/workflow/util/measure.rb:560:in `apply_measure'\n/var/oscli/gems/ruby/2.5.0/gems/openstudio-workflow-2.0.0/lib/openstudio/workflow/util/measure.rb:109:in `block in apply_measures'\n/var/oscli/gems/ruby/2.5.0/gems/openstudio-workflow-2.0.0/lib/openstudio/workflow/util/measure.rb:67:in `each_index'\n/var/oscli/gems/ruby/2.5.0/gems/openstudio-workflow-2.0.0/lib/openstudio/workflow/util/measure.rb:67:in `apply_measures'\n/var/oscli/gems/ruby/2.5.0/gems/openstudio-workflow-2.0.0/lib/openstudio/workflow/jobs/run_os_measures.rb:70:in `perform'\n/var/oscli/gems/ruby/2.5.0/gems/openstudio-workflow-2.0.0/lib/openstudio/workflow/run.rb:292:in `step'\n/var/oscli/gems/ruby/2.5.0/gems/openstudio-workflow-2.0.0/lib/openstudio/workflow/run.rb:234:in `run'\n:/openstudio_cli.rb:960:in `execute'\n:/openstudio_cli.rb:750:in `execute'\n:/openstudio_cli.rb:1744:in `<main>'\neval:174:in `eval'\neval:174:in `require_embedded_absolute'\neval:160:in `block in require_embedded'\neval:154:in `each'\neval:154:in `require_embedded'\neval:113:in `require'\neval:3:in `<main>' in /var/oscli/gems/ruby/2.5.0/gems/openstudio-workflow-2.0.0/lib/openstudio/workflow/util/measure.rb:598:in `rescue in apply_measure'\n/var/oscli/gems/ruby/2.5.0/gems/openstudio-workflow-2.0.0/lib/openstudio/workflow/util/measure.rb:548:in `apply_measure'\n/var/oscli/gems/ruby/2.5.0/gems/openstudio-workflow-2.0.0/lib/openstudio/workflow/util/measure.rb:109:in `block in apply_measures'\n/var/oscli/gems/ruby/2.5.0/gems/openstudio-workflow-2.0.0/lib/openstudio/workflow/util/measure.rb:67:in `each_index'\n/var/oscli/gems/ruby/2.5.0/gems/openstudio-workflow-2.0.0/lib/openstudio/workflow/util/measure.rb:67:in `apply_measures'\n/var/oscli/gems/ruby/2.5.0/gems/openstudio-workflow-2.0.0/lib/openstudio/workflow/jobs/run_os_measures.rb:70:in `perform'\n/var/oscli/gems/ruby/2.5.0/gems/openstudio-workflow-2.0.0/lib/openstudio/workflow/run.rb:292:in `step'\n/var/oscli/gems/ruby/2.5.0/gems/openstudio-workflow-2.0.0/lib/openstudio/workflow/run.rb:234:in `run'\n:/openstudio_cli.rb:960:in `execute'\n:/openstudio_cli.rb:750:in `execute'\n:/openstudio_cli.rb:1744:in `<main>'\neval:174:in `eval'\neval:174:in `require_embedded_absolute'\neval:160:in `block in require_embedded'\neval:154:in `each'\neval:154:in `require_embedded'\neval:113:in `require'\neval:3:in `<main>':/var/oscli/gems/ruby/2.5.0/gems/openstudio-workflow-2.0.0/lib/openstudio/workflow/util/measure.rb:647:in `rescue in apply_measure'\n/var/oscli/gems/ruby/2.5.0/gems/openstudio-workflow-2.0.0/lib/openstudio/workflow/util/measure.rb:305:in `apply_measure'\n/var/oscli/gems/ruby/2.5.0/gems/openstudio-workflow-2.0.0/lib/openstudio/workflow/util/measure.rb:109:in `block in apply_measures'\n/var/oscli/gems/ruby/2.5.0/gems/openstudio-workflow-2.0.0/lib/openstudio/workflow/util/measure.rb:67:in `each_index'\n/var/oscli/gems/ruby/2.5.0/gems/openstudio-workflow-2.0.0/lib/openstudio/workflow/util/measure.rb:67:in `apply_measures'\n/var/oscli/gems/ruby/2.5.0/gems/openstudio-workflow-2.0.0/lib/openstudio/workflow/jobs/run_os_measures.rb:70:in `perform'\n/var/oscli/gems/ruby/2.5.0/gems/openstudio-workflow-2.0.0/lib/openstudio/workflow/run.rb:292:in `step'\n/var/oscli/gems/ruby/2.5.0/gems/openstudio-workflow-2.0.0/lib/openstudio/workflow/run.rb:234:in `run'\n:/openstudio_cli.rb:960:in `execute'\n:/openstudio_cli.rb:750:in `execute'\n:/openstudio_cli.rb:1744:in `<main>'\neval:174:in `eval'\neval:174:in `require_embedded_absolute'\neval:160:in `block in require_embedded'\neval:154:in `each'\neval:154:in `require_embedded'\neval:113:in `require'\neval:3:in `<main>'"]}

[19:29:26.061243 ERROR] Could not find results /mnt/openstudio/analysis_72a216d4-3a64-4cd6-8e04-b9bc3af7ff20/data_point_389fb7a5-fe0e-419d-b100-5aa394dfe21a/run/measure_attributes.json
[19:29:26.061288 INFO] Saving files/reports back to the server
[19:29:26.061522 INFO] Saving report /mnt/openstudio/analysis_72a216d4-3a64-4cd6-8e04-b9bc3af7ff20/data_point_389fb7a5-fe0e-419d-b100-5aa394dfe21a/out.osw to http://web:80/data_points/389fb7a5-fe0e-419d-b100-5aa394dfe21a/upload_file
[19:29:26.090747 INFO] Saving report responded with {"id":"5efb9296ce5ea001352be9dc","data_point_id":"389fb7a5-fe0e-419d-b100-5aa394dfe21a","display_name":"Final OSW File","type":"Report","created_at":"2020-06-30T19:29:26.075Z","updated_at":"2020-06-30T19:29:26.075Z"}
[19:29:26.091142 INFO] Saving report /mnt/openstudio/analysis_72a216d4-3a64-4cd6-8e04-b9bc3af7ff20/data_point_389fb7a5-fe0e-419d-b100-5aa394dfe21a/run/data_point.zip to http://web:80/data_points/389fb7a5-fe0e-419d-b100-5aa394dfe21a/upload_file
[19:29:26.131913 INFO] Saving report responded with {"id":"5efb9296ce5ea001352be9dd","data_point_id":"389fb7a5-fe0e-419d-b100-5aa394dfe21a","display_name":"Zip File","type":"Data Point","created_at":"2020-06-30T19:29:26.113Z","updated_at":"2020-06-30T19:29:26.113Z"}
[19:29:26.132249 INFO] Checking for presence of args file at /mnt/openstudio/analysis_72a216d4-3a64-4cd6-8e04-b9bc3af7ff20/scripts/data_point/finalize.args
[19:29:26.132315 INFO] Checking for presence of script file at /mnt/openstudio/analysis_72a216d4-3a64-4cd6-8e04-b9bc3af7ff20/scripts/data_point/finalize.sh
[19:29:26.137259 INFO] Finished /opt/openstudio/server/app/jobs/dj_jobs/run_simulate_data_point.rb
