# Logfile created on 2020-06-30 19:29:01 +0000 by logger.rb/61378
[19:29:01.427818 INFO] Server host is http://web:80
[19:29:01.427942 INFO] Analysis directory is /mnt/openstudio/analysis_72a216d4-3a64-4cd6-8e04-b9bc3af7ff20
[19:29:01.428016 INFO] Simulation directory is /mnt/openstudio/analysis_72a216d4-3a64-4cd6-8e04-b9bc3af7ff20/data_point_ff418270-f807-45ff-a668-81204f85ea2b
[19:29:01.428064 INFO] Run datapoint type/file is 
[19:29:01.428105 INFO] Starting initialize_worker for datapoint ff418270-f807-45ff-a668-81204f85ea2b
[19:29:01.428481 INFO] Downloading analysis zip from http://web:80/analyses/72a216d4-3a64-4cd6-8e04-b9bc3af7ff20/download_analysis_zip
[19:29:03.133968 INFO] Extracting analysis zip to /mnt/openstudio/analysis_72a216d4-3a64-4cd6-8e04-b9bc3af7ff20
[19:29:03.146941 INFO] Zip: Extracting lib/resources/ASHRAE_zone12_Spec.idf
[19:29:03.148261 INFO] Zip: Extracting lib/resources/ASHRAE_zone3_Spec.idf
[19:29:03.148749 INFO] Zip: Extracting lib/resources/ASHRAE_zone456_Spec.idf
[19:29:03.149269 INFO] Zip: Extracting lib/resources/ASHRAE_zone78_Spec.idf
[19:29:03.149781 INFO] Zip: Extracting lib/resources/GlzSys19_13F-air-9_Spec.idf
[19:29:03.150941 INFO] Zip: Extracting lib/resources/GlzSys20_14F-air-3000_Spec.idf
[19:29:03.152099 INFO] Zip: Extracting lib/resources/GlzSys21_13F-air-3000_Spec.idf
[19:29:03.153770 INFO] Zip: Extracting lib/resources/GlzSys_10-air-9_Spec.idf
[19:29:03.154901 INFO] Zip: Extracting lib/resources/GlzSys_10F-air-3000_Spec.idf
[19:29:03.155962 INFO] Zip: Extracting lib/resources/GlzSys_11F-air-3000_Spec.idf
[19:29:03.157087 INFO] Zip: Extracting lib/resources/GlzSys_16095-air-3000_Spec.idf
[19:29:03.158218 INFO] Zip: Extracting lib/resources/GlzSys_16095-air-9_Spec.idf
[19:29:03.159266 INFO] Zip: Extracting lib/resources/GlzSys_6374-air-3000_Spec.idf
[19:29:03.160303 INFO] Zip: Extracting lib/resources/GlzSys_Dark_PV_Spec.idf
[19:29:03.161113 INFO] Zip: Extracting lib/resources/GlzSys_Light_PV_Spec.idf
[19:29:03.161778 INFO] Zip: Extracting lib/resources/GlzSys_Thermochromic_30C.idf
[19:29:03.162583 INFO] Zip: Extracting lib/resources/GlzSys_Thermochromic_35C.idf
[19:29:03.163398 INFO] Zip: Extracting lib/resources/GlzSys_Thermochromic_40C.idf
[19:29:03.164241 INFO] Zip: Extracting lib/resources/SG_zone12_Spec.idf
[19:29:03.165092 INFO] Zip: Extracting lib/resources/SG_zone3_Spec.idf
[19:29:03.165946 INFO] Zip: Extracting lib/resources/SG_zone456_Spec.idf
[19:29:03.167054 INFO] Zip: Extracting lib/resources/SG_zone78_Spec.idf
[19:29:03.168217 INFO] Zip: Extracting lib/resources/Window_PV_No_frame_Spec_Spec.idf
[19:29:03.168931 INFO] Zip: Extracting lib/resources/Window_PV_frame_Spec.idf
[19:29:03.169608 INFO] Zip: Extracting measures/AddMeter/
[19:29:03.169801 INFO] Zip: Extracting measures/AddMeter/LICENSE.md
[19:29:03.170211 INFO] Zip: Extracting measures/AddMeter/New folder/
[19:29:03.170358 INFO] Zip: Extracting measures/AddMeter/README.md
[19:29:03.170691 INFO] Zip: Extracting measures/AddMeter/README.md.erb
[19:29:03.171051 INFO] Zip: Extracting measures/AddMeter/measure.rb
[19:29:03.171477 INFO] Zip: Extracting measures/AddMeter/measure.xml
[19:29:03.171841 INFO] Zip: Extracting measures/AddMeter/tests/
[19:29:03.171999 INFO] Zip: Extracting measures/AddMeter/tests/AddMeter_Test.rb
[19:29:03.172401 INFO] Zip: Extracting measures/AddOutputVariable/
[19:29:03.172562 INFO] Zip: Extracting measures/AddOutputVariable/LICENSE.md
[19:29:03.172949 INFO] Zip: Extracting measures/AddOutputVariable/README.md
[19:29:03.173312 INFO] Zip: Extracting measures/AddOutputVariable/README.md.erb
[19:29:03.173652 INFO] Zip: Extracting measures/AddOutputVariable/measure.rb
[19:29:03.174046 INFO] Zip: Extracting measures/AddOutputVariable/measure.xml
[19:29:03.174466 INFO] Zip: Extracting measures/AddOutputVariable/tests/
[19:29:03.174619 INFO] Zip: Extracting measures/AddOutputVariable/tests/AddOutputVariable_Test.rb
[19:29:03.174977 INFO] Zip: Extracting measures/ChangeBuildingLocation/
[19:29:03.175133 INFO] Zip: Extracting measures/ChangeBuildingLocation/LICENSE.md
[19:29:03.175514 INFO] Zip: Extracting measures/ChangeBuildingLocation/README.md
[19:29:03.175878 INFO] Zip: Extracting measures/ChangeBuildingLocation/README.md.erb
[19:29:03.176265 INFO] Zip: Extracting measures/ChangeBuildingLocation/measure.rb
[19:29:03.176851 INFO] Zip: Extracting measures/ChangeBuildingLocation/measure.xml
[19:29:03.177236 INFO] Zip: Extracting measures/ChangeBuildingLocation/resources/
[19:29:03.177418 INFO] Zip: Extracting measures/ChangeBuildingLocation/resources/epw.rb
[19:29:03.177872 INFO] Zip: Extracting measures/ChangeBuildingLocation/resources/os_lib_helper_methods.rb
[19:29:03.178302 INFO] Zip: Extracting measures/ChangeBuildingLocation/resources/stat_file.rb
[19:29:03.178694 INFO] Zip: Extracting measures/ChangeBuildingLocation/tests/
[19:29:03.178840 INFO] Zip: Extracting measures/ChangeBuildingLocation/tests/USA_MA_Boston-Logan.Intl.AP.725090_TMY3.ddy
[19:29:03.179308 INFO] Zip: Extracting measures/ChangeBuildingLocation/tests/USA_MA_Boston-Logan.Intl.AP.725090_TMY3.epw
[19:29:03.190768 INFO] Zip: Extracting measures/ChangeBuildingLocation/tests/USA_MA_Boston-Logan.Intl.AP.725090_TMY3.stat
[19:29:03.191679 INFO] Zip: Extracting measures/ChangeBuildingLocation/tests/USA_WA_Renton.Muni.AP.727934_TMY3.ddy
[19:29:03.192116 INFO] Zip: Extracting measures/ChangeBuildingLocation/tests/USA_WA_Renton.Muni.AP.727934_TMY3.epw
[19:29:03.207000 INFO] Zip: Extracting measures/ChangeBuildingLocation/tests/USA_WA_Renton.Muni.AP.727934_TMY3.stat
[19:29:03.207942 INFO] Zip: Extracting measures/ChangeBuildingLocation/tests/another_weather_file.ddy
[19:29:03.208664 INFO] Zip: Extracting measures/ChangeBuildingLocation/tests/another_weather_file.epw
[19:29:03.222729 INFO] Zip: Extracting measures/ChangeBuildingLocation/tests/another_weather_file.stat
[19:29:03.223482 INFO] Zip: Extracting measures/ChangeBuildingLocation/tests/change_building_location_test.rb
[19:29:03.223892 INFO] Zip: Extracting measures/ChangeBuildingLocation/tests/multiyear.ddy
[19:29:03.224453 INFO] Zip: Extracting measures/ChangeBuildingLocation/tests/multiyear.epw
[19:29:03.224848 INFO] Zip: Extracting measures/ChangeBuildingLocation/tests/multiyear.stat
[19:29:03.225455 INFO] Zip: Extracting measures/ChangeBuildingLocation/tests/test.osm
[19:29:03.230437 INFO] Zip: Extracting measures/ChangeBuildingLocation/tests/test.osw
[19:29:03.231479 INFO] Zip: Extracting measures/ServerDirectoryCleanup/
[19:29:03.231646 INFO] Zip: Extracting measures/ServerDirectoryCleanup/LICENSE.md
[19:29:03.232070 INFO] Zip: Extracting measures/ServerDirectoryCleanup/measure.rb
[19:29:03.232558 INFO] Zip: Extracting measures/ServerDirectoryCleanup/measure.xml
[19:29:03.233045 INFO] Zip: Extracting measures/ServerDirectoryCleanup/tests/
[19:29:03.233200 INFO] Zip: Extracting measures/ServerDirectoryCleanup/tests/ServerDirectoryCleanup_test.rb
[19:29:03.233701 INFO] Zip: Extracting measures/ServerDirectoryCleanup/tests/USA_CO_Golden-NREL.724666_TMY3.epw
[19:29:03.249209 INFO] Zip: Extracting measures/ServerDirectoryCleanup/tests/example_model.osm
[19:29:03.251097 INFO] Zip: Extracting measures/WindowPV_reporting/
[19:29:03.251286 INFO] Zip: Extracting measures/WindowPV_reporting/measure.rb
[19:29:03.251935 INFO] Zip: Extracting measures/WindowPV_reporting/measure.xml
[19:29:03.252461 INFO] Zip: Extracting measures/WindowPV_reporting/resources/
[19:29:03.252619 INFO] Zip: Extracting measures/WindowPV_reporting/resources/os_lib_helper_methods.rb
[19:29:03.253117 INFO] Zip: Extracting measures/WindowPV_reporting/resources/report.html.in
[19:29:03.253568 INFO] Zip: Extracting measures/WindowPV_reporting/tests/
[19:29:03.254298 INFO] Zip: Extracting measures/WindowPV_reporting/tests/USA_CO_Golden-NREL.724666_TMY3.epw
[19:29:03.269783 INFO] Zip: Extracting measures/WindowPV_reporting/tests/example_model.osm
[19:29:03.271959 INFO] Zip: Extracting measures/WindowPV_reporting/tests/ubi_qd_reporting_test.rb
[19:29:03.272520 INFO] Zip: Extracting measures/a_inject_window_specific_idf_objects/
[19:29:03.272681 INFO] Zip: Extracting measures/a_inject_window_specific_idf_objects/LICENSE.md
[19:29:03.273166 INFO] Zip: Extracting measures/a_inject_window_specific_idf_objects/measure.rb
[19:29:03.273809 INFO] Zip: Extracting measures/a_inject_window_specific_idf_objects/measure.xml
[19:29:03.274351 INFO] Zip: Extracting measures/a_inject_window_specific_idf_objects/tests/
[19:29:03.274530 INFO] Zip: Extracting measures/a_inject_window_specific_idf_objects/tests/EnvelopeAndLoadTestModel_01.osm
[19:29:03.438149 INFO] Zip: Extracting measures/a_inject_window_specific_idf_objects/tests/Example B - BlockEnergyCharge.idf
[19:29:03.438827 INFO] Zip: Extracting measures/a_inject_window_specific_idf_objects/tests/measure_Test.rb
[19:29:03.439304 INFO] Zip: Extracting measures/a_inject_window_specific_idf_objects/tests/test.osw
[19:29:03.440139 INFO] Zip: Extracting measures/add_thermochromic_bipv/
[19:29:03.440348 INFO] Zip: Extracting measures/add_thermochromic_bipv/measure.rb
[19:29:03.440936 INFO] Zip: Extracting measures/add_thermochromic_bipv/measure.xml
[19:29:03.441425 INFO] Zip: Extracting measures/add_thermochromic_bipv/resources/
[19:29:03.441613 INFO] Zip: Extracting measures/add_thermochromic_bipv/resources/HVACSizing.Model.rb
[19:29:03.442138 INFO] Zip: Extracting measures/add_thermochromic_bipv/resources/Standards.Construction.rb
[19:29:03.442604 INFO] Zip: Extracting measures/add_thermochromic_bipv/resources/os_lib_helper_methods.rb
[19:29:03.443114 INFO] Zip: Extracting measures/add_thermochromic_bipv/resources/os_lib_schedules.rb
[19:29:03.443808 INFO] Zip: Extracting measures/create_bar_from_building_type_ratios/
[19:29:03.444013 INFO] Zip: Extracting measures/create_bar_from_building_type_ratios/LICENSE.md
[19:29:03.444461 INFO] Zip: Extracting measures/create_bar_from_building_type_ratios/README.md
[19:29:03.444914 INFO] Zip: Extracting measures/create_bar_from_building_type_ratios/README.md.erb
[19:29:03.445313 INFO] Zip: Extracting measures/create_bar_from_building_type_ratios/measure.rb
[19:29:03.445993 INFO] Zip: Extracting measures/create_bar_from_building_type_ratios/measure.xml
[19:29:03.446527 INFO] Zip: Extracting measures/create_bar_from_building_type_ratios/resources/
[19:29:03.446714 INFO] Zip: Extracting measures/create_bar_from_building_type_ratios/resources/os_lib_geometry.rb
[19:29:03.447443 INFO] Zip: Extracting measures/create_bar_from_building_type_ratios/resources/os_lib_helper_methods.rb
[19:29:03.447963 INFO] Zip: Extracting measures/create_bar_from_building_type_ratios/resources/os_lib_model_generation.rb
[19:29:03.448694 INFO] Zip: Extracting measures/create_bar_from_building_type_ratios/resources/os_lib_model_simplification.rb
[19:29:03.449435 INFO] Zip: Extracting measures/create_bar_from_building_type_ratios/tests/
[19:29:03.449637 INFO] Zip: Extracting measures/create_bar_from_building_type_ratios/tests/create_bar_from_building_type_ratios_test.rb
[19:29:03.450136 INFO] Zip: Extracting measures/create_bar_from_building_type_ratios/tests/example_model.osm
[19:29:03.452936 INFO] Zip: Extracting measures/create_typical_building_from_model/
[19:29:03.453224 INFO] Zip: Extracting measures/create_typical_building_from_model/LICENSE.md
[19:29:03.453712 INFO] Zip: Extracting measures/create_typical_building_from_model/README.md
[19:29:03.454179 INFO] Zip: Extracting measures/create_typical_building_from_model/README.md.erb
[19:29:03.454581 INFO] Zip: Extracting measures/create_typical_building_from_model/measure.rb
[19:29:03.455272 INFO] Zip: Extracting measures/create_typical_building_from_model/measure.xml
[19:29:03.455820 INFO] Zip: Extracting measures/create_typical_building_from_model/resources/
[19:29:03.456023 INFO] Zip: Extracting measures/create_typical_building_from_model/resources/Model.hvac.rb
[19:29:03.456578 INFO] Zip: Extracting measures/create_typical_building_from_model/resources/os_lib_helper_methods.rb
[19:29:03.457923 INFO] Zip: Extracting measures/create_typical_building_from_model/resources/os_lib_model_generation.rb
[19:29:03.458618 INFO] Zip: Extracting measures/create_typical_building_from_model/tests/
[19:29:03.458808 INFO] Zip: Extracting measures/create_typical_building_from_model/tests/GenericGbxml.osm
[19:29:03.461712 INFO] Zip: Extracting measures/create_typical_building_from_model/tests/LargeOffice04.osm
[19:29:03.469673 INFO] Zip: Extracting measures/create_typical_building_from_model/tests/MidriseApartment.osm
[19:29:03.599397 INFO] Zip: Extracting measures/create_typical_building_from_model/tests/SmallOffice.osm
[19:29:03.601544 INFO] Zip: Extracting measures/create_typical_building_from_model/tests/USA_TX_Houston-Bush.Intercontinental.AP.722430_TMY3.epw
[19:29:03.611957 INFO] Zip: Extracting measures/create_typical_building_from_model/tests/create_typical_building_from_model_test.rb
[19:29:03.612514 INFO] Zip: Extracting measures/create_typical_building_from_model/tests/test.osw
[19:29:03.613249 INFO] Zip: Extracting measures/create_typical_building_from_model/tests/test_hvac.rb
[19:29:03.613670 INFO] Zip: Extracting measures/export_variableto_csv_variables_for_bipvpce/
[19:29:03.613842 INFO] Zip: Extracting measures/export_variableto_csv_variables_for_bipvpce/measure.rb
[19:29:03.614261 INFO] Zip: Extracting measures/export_variableto_csv_variables_for_bipvpce/measure.xml
[19:29:03.615161 INFO] Zip: Extracting measures/export_variableto_csv_variables_for_bipvpce/resources/
[19:29:03.615319 INFO] Zip: Extracting measures/export_variableto_csv_variables_for_bipvpce/resources/report.html.in
[19:29:03.615646 INFO] Zip: Extracting measures/export_variableto_csv_variables_for_bipvpce/tests/
[19:29:03.615792 INFO] Zip: Extracting measures/export_variableto_csv_variables_for_bipvpce/tests/ExportVariabletoCSV_test.rb
[19:29:03.616152 INFO] Zip: Extracting measures/export_variableto_csv_variables_for_bipvpce/tests/example_model.osm
[19:29:03.617418 INFO] Zip: Extracting measures/inject_idf_window_objects/
[19:29:03.617578 INFO] Zip: Extracting measures/inject_idf_window_objects/LICENSE.md
[19:29:03.617924 INFO] Zip: Extracting measures/inject_idf_window_objects/measure.rb
[19:29:03.618374 INFO] Zip: Extracting measures/inject_idf_window_objects/measure.xml
[19:29:03.618763 INFO] Zip: Extracting measures/inject_idf_window_objects/tests/
[19:29:03.618910 INFO] Zip: Extracting measures/inject_idf_window_objects/tests/EnvelopeAndLoadTestModel_01.osm
[19:29:03.623524 INFO] Zip: Extracting measures/inject_idf_window_objects/tests/Example B - BlockEnergyCharge.idf
[19:29:03.624018 INFO] Zip: Extracting measures/inject_idf_window_objects/tests/measure_Test.rb
[19:29:03.624393 INFO] Zip: Extracting measures/inject_idf_window_objects/tests/test.osw
[19:29:03.625050 INFO] Zip: Extracting seeds/switchglaze/
[19:29:03.625218 INFO] Zip: Extracting seeds/switchglaze.osm
[19:29:03.635081 INFO] Zip: Extracting seeds/switchglaze/files/
[19:29:03.635309 INFO] Zip: Extracting seeds/switchglaze/measures/
[19:29:03.635458 INFO] Zip: Extracting seeds/switchglaze/run/
[19:29:03.635609 INFO] Zip: Extracting seeds/switchglaze/workflow.osw
[19:29:03.635991 INFO] Zip: Extracting weather/DEU_Hamburg.101470_IWEC.ddy
[19:29:03.636478 INFO] Zip: Extracting weather/DEU_Hamburg.101470_IWEC.epw
[19:29:03.646568 INFO] Zip: Extracting weather/DEU_Hamburg.101470_IWEC.stat
[19:29:03.647289 INFO] Zip: Extracting weather/JPN_Tokyo.Hyakuri.477150_IWEC.ddy
[19:29:03.647727 INFO] Zip: Extracting weather/JPN_Tokyo.Hyakuri.477150_IWEC.epw
[19:29:03.657386 INFO] Zip: Extracting weather/JPN_Tokyo.Hyakuri.477150_IWEC.stat
[19:29:03.658115 INFO] Zip: Extracting weather/SAU_Riyadh.404380_IWEC.ddy
[19:29:03.658561 INFO] Zip: Extracting weather/SAU_Riyadh.404380_IWEC.epw
[19:29:03.672076 INFO] Zip: Extracting weather/SAU_Riyadh.404380_IWEC.stat
[19:29:03.673107 INFO] Zip: Extracting weather/SGP_Singapore.486980_IWEC.ddy
[19:29:03.673774 INFO] Zip: Extracting weather/SGP_Singapore.486980_IWEC.epw
[19:29:03.688429 INFO] Zip: Extracting weather/SGP_Singapore.486980_IWEC.stat
[19:29:03.693007 INFO] Zip: Extracting weather/USA_AK_Fairbanks.Intl.AP.702610_TMY3.ddy
[19:29:03.693876 INFO] Zip: Extracting weather/USA_AK_Fairbanks.Intl.AP.702610_TMY3.epw
[19:29:03.709046 INFO] Zip: Extracting weather/USA_AK_Fairbanks.Intl.AP.702610_TMY3.stat
[19:29:03.710168 INFO] Zip: Extracting weather/USA_AZ_Tucson.Intl.AP.722740_TMY3.ddy
[19:29:03.710820 INFO] Zip: Extracting weather/USA_AZ_Tucson.Intl.AP.722740_TMY3.epw
[19:29:03.725296 INFO] Zip: Extracting weather/USA_AZ_Tucson.Intl.AP.722740_TMY3.stat
[19:29:03.726316 INFO] Zip: Extracting weather/USA_CA_San.Diego-Lindbergh.Field.722900_TMY3.ddy
[19:29:03.726983 INFO] Zip: Extracting weather/USA_CA_San.Diego-Lindbergh.Field.722900_TMY3.epw
[19:29:03.925052 INFO] Zip: Extracting weather/USA_CA_San.Diego-Lindbergh.Field.722900_TMY3.stat
[19:29:03.926502 INFO] Zip: Extracting weather/USA_CO_Denver.Intl.AP.725650_TMY3.ddy
[19:29:03.927409 INFO] Zip: Extracting weather/USA_CO_Denver.Intl.AP.725650_TMY3.epw
[19:29:03.947571 INFO] Zip: Extracting weather/USA_CO_Denver.Intl.AP.725650_TMY3.stat
[19:29:03.948767 INFO] Zip: Extracting weather/USA_FL_Tampa.Intl.AP.722110_TMY3.ddy
[19:29:03.949597 INFO] Zip: Extracting weather/USA_FL_Tampa.Intl.AP.722110_TMY3.epw
[19:29:03.969147 INFO] Zip: Extracting weather/USA_FL_Tampa.Intl.AP.722110_TMY3.stat
[19:29:03.970384 INFO] Zip: Extracting weather/USA_GA_Atlanta-Hartsfield-Jackson.Intl.AP.722190_TMY3.ddy
[19:29:03.971127 INFO] Zip: Extracting weather/USA_GA_Atlanta-Hartsfield-Jackson.Intl.AP.722190_TMY3.epw
[19:29:04.116243 INFO] Zip: Extracting weather/USA_GA_Atlanta-Hartsfield-Jackson.Intl.AP.722190_TMY3.stat
[19:29:04.117218 INFO] Zip: Extracting weather/USA_HI_Honolulu.Intl.AP.911820_TMY3.ddy
[19:29:04.117772 INFO] Zip: Extracting weather/USA_HI_Honolulu.Intl.AP.911820_TMY3.epw
[19:29:04.130685 INFO] Zip: Extracting weather/USA_HI_Honolulu.Intl.AP.911820_TMY3.stat
[19:29:04.131388 INFO] Zip: Extracting weather/USA_MN_International.Falls.Intl.AP.727470_TMY3.ddy
[19:29:04.131822 INFO] Zip: Extracting weather/USA_MN_International.Falls.Intl.AP.727470_TMY3.epw
[19:29:04.147684 INFO] Zip: Extracting weather/USA_MN_International.Falls.Intl.AP.727470_TMY3.stat
[19:29:04.148349 INFO] Zip: Extracting weather/USA_MN_Rochester.Intl.AP.726440_TMY3.ddy
[19:29:04.148791 INFO] Zip: Extracting weather/USA_MN_Rochester.Intl.AP.726440_TMY3.epw
[19:29:04.158159 INFO] Zip: Extracting weather/USA_MN_Rochester.Intl.AP.726440_TMY3.stat
[19:29:04.158996 INFO] Zip: Extracting weather/USA_MT_Great.Falls.Intl.AP.727750_TMY3.ddy
[19:29:04.159415 INFO] Zip: Extracting weather/USA_MT_Great.Falls.Intl.AP.727750_TMY3.epw
[19:29:04.171702 INFO] Zip: Extracting weather/USA_MT_Great.Falls.Intl.AP.727750_TMY3.stat
[19:29:04.172723 INFO] Zip: Extracting weather/USA_NM_Albuquerque.Intl.AP.723650_TMY3.ddy
[19:29:04.173359 INFO] Zip: Extracting weather/USA_NM_Albuquerque.Intl.AP.723650_TMY3.epw
[19:29:04.187021 INFO] Zip: Extracting weather/USA_NM_Albuquerque.Intl.AP.723650_TMY3.stat
[19:29:04.188003 INFO] Zip: Extracting weather/USA_NY_Buffalo-Greater.Buffalo.Intl.AP.725280_TMY3.ddy
[19:29:04.188646 INFO] Zip: Extracting weather/USA_NY_Buffalo-Greater.Buffalo.Intl.AP.725280_TMY3.epw
[19:29:04.204340 INFO] Zip: Extracting weather/USA_NY_Buffalo-Greater.Buffalo.Intl.AP.725280_TMY3.stat
[19:29:04.205356 INFO] Zip: Extracting weather/USA_NY_New.York-J.F.Kennedy.Intl.AP.744860_TMY3.ddy
[19:29:04.206002 INFO] Zip: Extracting weather/USA_NY_New.York-J.F.Kennedy.Intl.AP.744860_TMY3.epw
[19:29:04.226372 INFO] Zip: Extracting weather/USA_NY_New.York-J.F.Kennedy.Intl.AP.744860_TMY3.stat
[19:29:04.227441 INFO] Zip: Extracting weather/USA_TX_El.Paso.Intl.AP.722700_TMY3.ddy
[19:29:04.227957 INFO] Zip: Extracting weather/USA_TX_El.Paso.Intl.AP.722700_TMY3.epw
[19:29:04.239220 INFO] Zip: Extracting weather/USA_TX_El.Paso.Intl.AP.722700_TMY3.stat
[19:29:04.239929 INFO] Zip: Extracting weather/USA_WA_Port.Angeles-William.R.Fairchild.Intl.AP.727885_TMY3.ddy
[19:29:04.240335 INFO] Zip: Extracting weather/USA_WA_Port.Angeles-William.R.Fairchild.Intl.AP.727885_TMY3.epw
[19:29:04.251595 INFO] Zip: Extracting weather/USA_WA_Port.Angeles-William.R.Fairchild.Intl.AP.727885_TMY3.stat
[19:29:04.252469 INFO] Zip: Extracting weather/USA_WA_Seattle-Tacoma.Intl.AP.727930_TMY3.ddy
[19:29:04.253017 INFO] Zip: Extracting weather/USA_WA_Seattle-Tacoma.Intl.AP.727930_TMY3.epw
[19:29:04.265652 INFO] Zip: Extracting weather/USA_WA_Seattle-Tacoma.Intl.AP.727930_TMY3.stat
[19:29:04.270223 INFO] Downloading analysis.json from http://web:80/analyses/72a216d4-3a64-4cd6-8e04-b9bc3af7ff20.json
[19:29:04.348098 INFO] Checking for presence of args file at /mnt/openstudio/analysis_72a216d4-3a64-4cd6-8e04-b9bc3af7ff20/scripts/data_point/initialize.args
[19:29:04.348195 INFO] Checking for presence of script file at /mnt/openstudio/analysis_72a216d4-3a64-4cd6-8e04-b9bc3af7ff20/scripts/data_point/initialize.sh
[19:29:04.348254 INFO] Finished worker initialization
[19:29:04.348299 INFO] RestClient delete
[19:29:04.348337 INFO] delete post_count = 1
[19:29:04.366290 INFO] Downloading datapoint from http://web:80/data_points/ff418270-f807-45ff-a668-81204f85ea2b.json
[19:29:04.366370 INFO] get url post_count = 1
[19:29:04.391308 INFO] Creating Workflow Manager instance
[19:29:04.391422 INFO] Directory is /mnt/openstudio/analysis_72a216d4-3a64-4cd6-8e04-b9bc3af7ff20/data_point_ff418270-f807-45ff-a668-81204f85ea2b
[19:29:04.391533 INFO] Opening run.log file '/mnt/openstudio/analysis_72a216d4-3a64-4cd6-8e04-b9bc3af7ff20/data_point_ff418270-f807-45ff-a668-81204f85ea2b/run/run.log'
[19:29:04.391763 WARN] Error finding Oscli: OPENSTUDIO_EXE_PATH not set
[19:29:04.411491 WARN] Defaulting to fun Oscli via /usr/local/bin/openstudio
[19:29:04.411672 INFO] Returning Oscli cmd: /usr/local/bin/openstudio --bundle /var/oscli/Gemfile --bundle_path /var/oscli/gems 
[19:29:04.411900 INFO] Running workflow using cmd /usr/local/bin/openstudio --bundle /var/oscli/Gemfile --bundle_path /var/oscli/gems   run --workflow '/mnt/openstudio/analysis_72a216d4-3a64-4cd6-8e04-b9bc3af7ff20/data_point_ff418270-f807-45ff-a668-81204f85ea2b/data_point.osw'  and writing log to /mnt/openstudio/analysis_72a216d4-3a64-4cd6-8e04-b9bc3af7ff20/data_point_ff418270-f807-45ff-a668-81204f85ea2b/oscli_simulation.log
[19:29:25.497142 INFO] Oscli output: /var/oscli/gems/ruby/2.5.0/gems/openstudio-standards-0.2.11/lib/openstudio-standards/btap/btap.rb:56: warning: constant ::Fixnum is deprecated
[openstudio.standards.Model] <1> Model has been assigned a weather file, but the file is not in the specified location of 'file:////mnt/openstudio/analysis_72a216d4-3a64-4cd6-8e04-b9bc3af7ff20/weather/SAU_Riyadh.404380_IWEC.epw'.
[19:29:20.904928 WARN] Could not add loads for Plenum. Not expected for 90.1-2013
[19:29:24.968315 WARN] [openstudio.standards.Construction] Requested U-value of 0.58 for Typical Insulated Exterior Mass Wall is too low given the other materials in the construction; insulation layer will not be modified.
[19:29:24.968986 WARN] [openstudio.standards.Construction] Can only set the u-value of opaque constructions or simple glazing. U 0.60 SHGC 0.25 Dbl 2.5mm air is not opaque or simple glazing.
[19:29:24.969394 WARN] [openstudio.standards.Construction] Can only set the u-value of opaque constructions or simple glazing. U 0.65 SHGC 0.25 Dbl Ref-C-H Clr 6mm/6mm Air is not opaque or simple glazing.
[19:29:24.969566 WARN] [openstudio.standards.Construction] Requested U-value of 1.1686635536297982 for Typical Overhead Door is greater than the sum of the inside and outside resistance, and the max U-value (6.636 SI) is used instead.
[19:29:24.969823 WARN] [openstudio.standards.Construction] Can only set the u-value of opaque constructions or simple glazing. Window_U_0.75_SHGC_0.35_Skylight_Frame_Width_2.339_in is not opaque or simple glazing.
[19:29:24.970788 WARN] [openstudio.weather.Model] Could not find ground temperatures; will use generic temperatures, which will skew results.
[19:29:24.987201 ERROR] [openstudio.standards.Model] Model has been assigned a weather file, but the file is not in the specified location of 'file:////mnt/openstudio/analysis_72a216d4-3a64-4cd6-8e04-b9bc3af7ff20/weather/SAU_Riyadh.404380_IWEC.epw'.
[19:29:25.205004 ERROR] /var/oscli/gems/ruby/2.5.0/gems/openstudio-workflow-2.0.0/lib/openstudio/workflow/util/measure.rb failed with message Runner error /var/oscli/gems/ruby/2.5.0/gems/openstudio-workflow-2.0.0/lib/openstudio/workflow/util/measure.rb failed with Measure create_typical_building_from_model reported an error with ["[openstudio.standards.Model] Model has been assigned a weather file, but the file is not in the specified location of 'file:////mnt/openstudio/analysis_72a216d4-3a64-4cd6-8e04-b9bc3af7ff20/weather/SAU_Riyadh.404380_IWEC.epw'."], /var/oscli/gems/ruby/2.5.0/gems/openstudio-workflow-2.0.0/lib/openstudio/workflow/util/measure.rb:560:in `apply_measure'
/var/oscli/gems/ruby/2.5.0/gems/openstudio-workflow-2.0.0/lib/openstudio/workflow/util/measure.rb:109:in `block in apply_measures'
/var/oscli/gems/ruby/2.5.0/gems/openstudio-workflow-2.0.0/lib/openstudio/workflow/util/measure.rb:67:in `each_index'
/var/oscli/gems/ruby/2.5.0/gems/openstudio-workflow-2.0.0/lib/openstudio/workflow/util/measure.rb:67:in `apply_measures'
/var/oscli/gems/ruby/2.5.0/gems/openstudio-workflow-2.0.0/lib/openstudio/workflow/jobs/run_os_measures.rb:70:in `perform'
/var/oscli/gems/ruby/2.5.0/gems/openstudio-workflow-2.0.0/lib/openstudio/workflow/run.rb:292:in `step'
/var/oscli/gems/ruby/2.5.0/gems/openstudio-workflow-2.0.0/lib/openstudio/workflow/run.rb:234:in `run'
:/openstudio_cli.rb:960:in `execute'
:/openstudio_cli.rb:750:in `execute'
:/openstudio_cli.rb:1744:in `<main>'
eval:174:in `eval'
eval:174:in `require_embedded_absolute'
eval:160:in `block in require_embedded'
eval:154:in `each'
eval:154:in `require_embedded'
eval:113:in `require'
eval:3:in `<main>' in /var/oscli/gems/ruby/2.5.0/gems/openstudio-workflow-2.0.0/lib/openstudio/workflow/util/measure.rb:598:in `rescue in apply_measure'
/var/oscli/gems/ruby/2.5.0/gems/openstudio-workflow-2.0.0/lib/openstudio/workflow/util/measure.rb:548:in `apply_measure'
/var/oscli/gems/ruby/2.5.0/gems/openstudio-workflow-2.0.0/lib/openstudio/workflow/util/measure.rb:109:in `block in apply_measures'
/var/oscli/gems/ruby/2.5.0/gems/openstudio-workflow-2.0.0/lib/openstudio/workflow/util/measure.rb:67:in `each_index'
/var/oscli/gems/ruby/2.5.0/gems/openstudio-workflow-2.0.0/lib/openstudio/workflow/util/measure.rb:67:in `apply_measures'
/var/oscli/gems/ruby/2.5.0/gems/openstudio-workflow-2.0.0/lib/openstudio/workflow/jobs/run_os_measures.rb:70:in `perform'
/var/oscli/gems/ruby/2.5.0/gems/openstudio-workflow-2.0.0/lib/openstudio/workflow/run.rb:292:in `step'
/var/oscli/gems/ruby/2.5.0/gems/openstudio-workflow-2.0.0/lib/openstudio/workflow/run.rb:234:in `run'
:/openstudio_cli.rb:960:in `execute'
:/openstudio_cli.rb:750:in `execute'
:/openstudio_cli.rb:1744:in `<main>'
eval:174:in `eval'
eval:174:in `require_embedded_absolute'
eval:160:in `block in require_embedded'
eval:154:in `each'
eval:154:in `require_embedded'
eval:113:in `require'
eval:3:in `<main>'
[19:29:25.208723 ERROR] Found error in state 'os_measures' with message ["/var/oscli/gems/ruby/2.5.0/gems/openstudio-workflow-2.0.0/lib/openstudio/workflow/util/measure.rb failed with message Runner error /var/oscli/gems/ruby/2.5.0/gems/openstudio-workflow-2.0.0/lib/openstudio/workflow/util/measure.rb failed with Measure create_typical_building_from_model reported an error with [\"[openstudio.standards.Model] Model has been assigned a weather file, but the file is not in the specified location of 'file:////mnt/openstudio/analysis_72a216d4-3a64-4cd6-8e04-b9bc3af7ff20/weather/SAU_Riyadh.404380_IWEC.epw'.\"], /var/oscli/gems/ruby/2.5.0/gems/openstudio-workflow-2.0.0/lib/openstudio/workflow/util/measure.rb:560:in `apply_measure'\n/var/oscli/gems/ruby/2.5.0/gems/openstudio-workflow-2.0.0/lib/openstudio/workflow/util/measure.rb:109:in `block in apply_measures'\n/var/oscli/gems/ruby/2.5.0/gems/openstudio-workflow-2.0.0/lib/openstudio/workflow/util/measure.rb:67:in `each_index'\n/var/oscli/gems/ruby/2.5.0/gems/openstudio-workflow-2.0.0/lib/openstudio/workflow/util/measure.rb:67:in `apply_measures'\n/var/oscli/gems/ruby/2.5.0/gems/openstudio-workflow-2.0.0/lib/openstudio/workflow/jobs/run_os_measures.rb:70:in `perform'\n/var/oscli/gems/ruby/2.5.0/gems/openstudio-workflow-2.0.0/lib/openstudio/workflow/run.rb:292:in `step'\n/var/oscli/gems/ruby/2.5.0/gems/openstudio-workflow-2.0.0/lib/openstudio/workflow/run.rb:234:in `run'\n:/openstudio_cli.rb:960:in `execute'\n:/openstudio_cli.rb:750:in `execute'\n:/openstudio_cli.rb:1744:in `<main>'\neval:174:in `eval'\neval:174:in `require_embedded_absolute'\neval:160:in `block in require_embedded'\neval:154:in `each'\neval:154:in `require_embedded'\neval:113:in `require'\neval:3:in `<main>' in /var/oscli/gems/ruby/2.5.0/gems/openstudio-workflow-2.0.0/lib/openstudio/workflow/util/measure.rb:598:in `rescue in apply_measure'\n/var/oscli/gems/ruby/2.5.0/gems/openstudio-workflow-2.0.0/lib/openstudio/workflow/util/measure.rb:548:in `apply_measure'\n/var/oscli/gems/ruby/2.5.0/gems/openstudio-workflow-2.0.0/lib/openstudio/workflow/util/measure.rb:109:in `block in apply_measures'\n/var/oscli/gems/ruby/2.5.0/gems/openstudio-workflow-2.0.0/lib/openstudio/workflow/util/measure.rb:67:in `each_index'\n/var/oscli/gems/ruby/2.5.0/gems/openstudio-workflow-2.0.0/lib/openstudio/workflow/util/measure.rb:67:in `apply_measures'\n/var/oscli/gems/ruby/2.5.0/gems/openstudio-workflow-2.0.0/lib/openstudio/workflow/jobs/run_os_measures.rb:70:in `perform'\n/var/oscli/gems/ruby/2.5.0/gems/openstudio-workflow-2.0.0/lib/openstudio/workflow/run.rb:292:in `step'\n/var/oscli/gems/ruby/2.5.0/gems/openstudio-workflow-2.0.0/lib/openstudio/workflow/run.rb:234:in `run'\n:/openstudio_cli.rb:960:in `execute'\n:/openstudio_cli.rb:750:in `execute'\n:/openstudio_cli.rb:1744:in `<main>'\neval:174:in `eval'\neval:174:in `require_embedded_absolute'\neval:160:in `block in require_embedded'\neval:154:in `each'\neval:154:in `require_embedded'\neval:113:in `require'\neval:3:in `<main>':/var/oscli/gems/ruby/2.5.0/gems/openstudio-workflow-2.0.0/lib/openstudio/workflow/util/measure.rb:647:in `rescue in apply_measure'\n/var/oscli/gems/ruby/2.5.0/gems/openstudio-workflow-2.0.0/lib/openstudio/workflow/util/measure.rb:305:in `apply_measure'\n/var/oscli/gems/ruby/2.5.0/gems/openstudio-workflow-2.0.0/lib/openstudio/workflow/util/measure.rb:109:in `block in apply_measures'\n/var/oscli/gems/ruby/2.5.0/gems/openstudio-workflow-2.0.0/lib/openstudio/workflow/util/measure.rb:67:in `each_index'\n/var/oscli/gems/ruby/2.5.0/gems/openstudio-workflow-2.0.0/lib/openstudio/workflow/util/measure.rb:67:in `apply_measures'\n/var/oscli/gems/ruby/2.5.0/gems/openstudio-workflow-2.0.0/lib/openstudio/workflow/jobs/run_os_measures.rb:70:in `perform'\n/var/oscli/gems/ruby/2.5.0/gems/openstudio-workflow-2.0.0/lib/openstudio/workflow/run.rb:292:in `step'\n/var/oscli/gems/ruby/2.5.0/gems/openstudio-workflow-2.0.0/lib/openstudio/workflow/run.rb:234:in `run'\n:/openstudio_cli.rb:960:in `execute'\n:/openstudio_cli.rb:750:in `execute'\n:/openstudio_cli.rb:1744:in `<main>'\neval:174:in `eval'\neval:174:in `require_embedded_absolute'\neval:160:in `block in require_embedded'\neval:154:in `each'\neval:154:in `require_embedded'\neval:113:in `require'\neval:3:in `<main>'"]}

[19:29:25.497974 ERROR] Could not find results /mnt/openstudio/analysis_72a216d4-3a64-4cd6-8e04-b9bc3af7ff20/data_point_ff418270-f807-45ff-a668-81204f85ea2b/run/measure_attributes.json
[19:29:25.498029 INFO] Saving files/reports back to the server
[19:29:25.498361 INFO] Saving report /mnt/openstudio/analysis_72a216d4-3a64-4cd6-8e04-b9bc3af7ff20/data_point_ff418270-f807-45ff-a668-81204f85ea2b/out.osw to http://web:80/data_points/ff418270-f807-45ff-a668-81204f85ea2b/upload_file
[19:29:25.525784 INFO] Saving report responded with {"id":"5efb9295ce5ea001492bc072","data_point_id":"ff418270-f807-45ff-a668-81204f85ea2b","display_name":"Final OSW File","type":"Report","created_at":"2020-06-30T19:29:25.510Z","updated_at":"2020-06-30T19:29:25.510Z"}
[19:29:25.526135 INFO] Saving report /mnt/openstudio/analysis_72a216d4-3a64-4cd6-8e04-b9bc3af7ff20/data_point_ff418270-f807-45ff-a668-81204f85ea2b/run/data_point.zip to http://web:80/data_points/ff418270-f807-45ff-a668-81204f85ea2b/upload_file
[19:29:25.563645 INFO] Saving report responded with {"id":"5efb9295ce5ea001492bc073","data_point_id":"ff418270-f807-45ff-a668-81204f85ea2b","display_name":"Zip File","type":"Data Point","created_at":"2020-06-30T19:29:25.546Z","updated_at":"2020-06-30T19:29:25.546Z"}
[19:29:25.563946 INFO] Checking for presence of args file at /mnt/openstudio/analysis_72a216d4-3a64-4cd6-8e04-b9bc3af7ff20/scripts/data_point/finalize.args
[19:29:25.564006 INFO] Checking for presence of script file at /mnt/openstudio/analysis_72a216d4-3a64-4cd6-8e04-b9bc3af7ff20/scripts/data_point/finalize.sh
[19:29:25.567883 INFO] Finished /opt/openstudio/server/app/jobs/dj_jobs/run_simulate_data_point.rb
