# Logfile created on 2020-06-30 19:28:59 +0000 by logger.rb/61378
[19:28:59.232292 INFO] Server host is http://web:80
[19:28:59.232433 INFO] Analysis directory is /mnt/openstudio/analysis_72a216d4-3a64-4cd6-8e04-b9bc3af7ff20
[19:28:59.232498 INFO] Simulation directory is /mnt/openstudio/analysis_72a216d4-3a64-4cd6-8e04-b9bc3af7ff20/data_point_37ba4785-e7b2-43d5-a58d-6b4209f84978
[19:28:59.232538 INFO] Run datapoint type/file is 
[19:28:59.232608 INFO] Starting initialize_worker for datapoint 37ba4785-e7b2-43d5-a58d-6b4209f84978
[19:28:59.232950 INFO] Downloading analysis zip from http://web:80/analyses/72a216d4-3a64-4cd6-8e04-b9bc3af7ff20/download_analysis_zip
[19:29:01.550612 INFO] Extracting analysis zip to /mnt/openstudio/analysis_72a216d4-3a64-4cd6-8e04-b9bc3af7ff20
[19:29:01.563660 INFO] Zip: Extracting lib/resources/ASHRAE_zone12_Spec.idf
[19:29:01.564835 INFO] Zip: Extracting lib/resources/ASHRAE_zone3_Spec.idf
[19:29:01.565301 INFO] Zip: Extracting lib/resources/ASHRAE_zone456_Spec.idf
[19:29:01.565882 INFO] Zip: Extracting lib/resources/ASHRAE_zone78_Spec.idf
[19:29:01.566388 INFO] Zip: Extracting lib/resources/GlzSys19_13F-air-9_Spec.idf
[19:29:01.567480 INFO] Zip: Extracting lib/resources/GlzSys20_14F-air-3000_Spec.idf
[19:29:01.568562 INFO] Zip: Extracting lib/resources/GlzSys21_13F-air-3000_Spec.idf
[19:29:01.569686 INFO] Zip: Extracting lib/resources/GlzSys_10-air-9_Spec.idf
[19:29:01.570791 INFO] Zip: Extracting lib/resources/GlzSys_10F-air-3000_Spec.idf
[19:29:01.571875 INFO] Zip: Extracting lib/resources/GlzSys_11F-air-3000_Spec.idf
[19:29:01.573074 INFO] Zip: Extracting lib/resources/GlzSys_16095-air-3000_Spec.idf
[19:29:01.574096 INFO] Zip: Extracting lib/resources/GlzSys_16095-air-9_Spec.idf
[19:29:01.575132 INFO] Zip: Extracting lib/resources/GlzSys_6374-air-3000_Spec.idf
[19:29:01.576195 INFO] Zip: Extracting lib/resources/GlzSys_Dark_PV_Spec.idf
[19:29:01.576867 INFO] Zip: Extracting lib/resources/GlzSys_Light_PV_Spec.idf
[19:29:01.577488 INFO] Zip: Extracting lib/resources/GlzSys_Thermochromic_30C.idf
[19:29:01.578332 INFO] Zip: Extracting lib/resources/GlzSys_Thermochromic_35C.idf
[19:29:01.579139 INFO] Zip: Extracting lib/resources/GlzSys_Thermochromic_40C.idf
[19:29:01.579964 INFO] Zip: Extracting lib/resources/SG_zone12_Spec.idf
[19:29:01.580786 INFO] Zip: Extracting lib/resources/SG_zone3_Spec.idf
[19:29:01.581640 INFO] Zip: Extracting lib/resources/SG_zone456_Spec.idf
[19:29:01.582720 INFO] Zip: Extracting lib/resources/SG_zone78_Spec.idf
[19:29:01.583800 INFO] Zip: Extracting lib/resources/Window_PV_No_frame_Spec_Spec.idf
[19:29:01.584552 INFO] Zip: Extracting lib/resources/Window_PV_frame_Spec.idf
[19:29:01.585222 INFO] Zip: Extracting measures/AddMeter/
[19:29:01.585425 INFO] Zip: Extracting measures/AddMeter/LICENSE.md
[19:29:01.585826 INFO] Zip: Extracting measures/AddMeter/New folder/
[19:29:01.585978 INFO] Zip: Extracting measures/AddMeter/README.md
[19:29:01.586318 INFO] Zip: Extracting measures/AddMeter/README.md.erb
[19:29:01.586693 INFO] Zip: Extracting measures/AddMeter/measure.rb
[19:29:01.587100 INFO] Zip: Extracting measures/AddMeter/measure.xml
[19:29:01.587471 INFO] Zip: Extracting measures/AddMeter/tests/
[19:29:01.587618 INFO] Zip: Extracting measures/AddMeter/tests/AddMeter_Test.rb
[19:29:01.588036 INFO] Zip: Extracting measures/AddOutputVariable/
[19:29:01.588196 INFO] Zip: Extracting measures/AddOutputVariable/LICENSE.md
[19:29:01.588723 INFO] Zip: Extracting measures/AddOutputVariable/README.md
[19:29:01.589064 INFO] Zip: Extracting measures/AddOutputVariable/README.md.erb
[19:29:01.589435 INFO] Zip: Extracting measures/AddOutputVariable/measure.rb
[19:29:01.589825 INFO] Zip: Extracting measures/AddOutputVariable/measure.xml
[19:29:01.590201 INFO] Zip: Extracting measures/AddOutputVariable/tests/
[19:29:01.590341 INFO] Zip: Extracting measures/AddOutputVariable/tests/AddOutputVariable_Test.rb
[19:29:01.590756 INFO] Zip: Extracting measures/ChangeBuildingLocation/
[19:29:01.590900 INFO] Zip: Extracting measures/ChangeBuildingLocation/LICENSE.md
[19:29:01.591239 INFO] Zip: Extracting measures/ChangeBuildingLocation/README.md
[19:29:01.591587 INFO] Zip: Extracting measures/ChangeBuildingLocation/README.md.erb
[19:29:01.591945 INFO] Zip: Extracting measures/ChangeBuildingLocation/measure.rb
[19:29:01.592446 INFO] Zip: Extracting measures/ChangeBuildingLocation/measure.xml
[19:29:01.592827 INFO] Zip: Extracting measures/ChangeBuildingLocation/resources/
[19:29:01.592969 INFO] Zip: Extracting measures/ChangeBuildingLocation/resources/epw.rb
[19:29:01.593378 INFO] Zip: Extracting measures/ChangeBuildingLocation/resources/os_lib_helper_methods.rb
[19:29:01.593812 INFO] Zip: Extracting measures/ChangeBuildingLocation/resources/stat_file.rb
[19:29:01.594258 INFO] Zip: Extracting measures/ChangeBuildingLocation/tests/
[19:29:01.594411 INFO] Zip: Extracting measures/ChangeBuildingLocation/tests/USA_MA_Boston-Logan.Intl.AP.725090_TMY3.ddy
[19:29:01.594886 INFO] Zip: Extracting measures/ChangeBuildingLocation/tests/USA_MA_Boston-Logan.Intl.AP.725090_TMY3.epw
[19:29:01.606399 INFO] Zip: Extracting measures/ChangeBuildingLocation/tests/USA_MA_Boston-Logan.Intl.AP.725090_TMY3.stat
[19:29:01.607176 INFO] Zip: Extracting measures/ChangeBuildingLocation/tests/USA_WA_Renton.Muni.AP.727934_TMY3.ddy
[19:29:01.607530 INFO] Zip: Extracting measures/ChangeBuildingLocation/tests/USA_WA_Renton.Muni.AP.727934_TMY3.epw
[19:29:01.622396 INFO] Zip: Extracting measures/ChangeBuildingLocation/tests/USA_WA_Renton.Muni.AP.727934_TMY3.stat
[19:29:01.623124 INFO] Zip: Extracting measures/ChangeBuildingLocation/tests/another_weather_file.ddy
[19:29:01.623639 INFO] Zip: Extracting measures/ChangeBuildingLocation/tests/another_weather_file.epw
[19:29:01.638146 INFO] Zip: Extracting measures/ChangeBuildingLocation/tests/another_weather_file.stat
[19:29:01.638993 INFO] Zip: Extracting measures/ChangeBuildingLocation/tests/change_building_location_test.rb
[19:29:01.639431 INFO] Zip: Extracting measures/ChangeBuildingLocation/tests/multiyear.ddy
[19:29:01.639898 INFO] Zip: Extracting measures/ChangeBuildingLocation/tests/multiyear.epw
[19:29:01.640259 INFO] Zip: Extracting measures/ChangeBuildingLocation/tests/multiyear.stat
[19:29:01.640887 INFO] Zip: Extracting measures/ChangeBuildingLocation/tests/test.osm
[19:29:01.644205 INFO] Zip: Extracting measures/ChangeBuildingLocation/tests/test.osw
[19:29:01.645610 INFO] Zip: Extracting measures/ServerDirectoryCleanup/
[19:29:01.645787 INFO] Zip: Extracting measures/ServerDirectoryCleanup/LICENSE.md
[19:29:01.646241 INFO] Zip: Extracting measures/ServerDirectoryCleanup/measure.rb
[19:29:01.646688 INFO] Zip: Extracting measures/ServerDirectoryCleanup/measure.xml
[19:29:01.647162 INFO] Zip: Extracting measures/ServerDirectoryCleanup/tests/
[19:29:01.647311 INFO] Zip: Extracting measures/ServerDirectoryCleanup/tests/ServerDirectoryCleanup_test.rb
[19:29:01.647772 INFO] Zip: Extracting measures/ServerDirectoryCleanup/tests/USA_CO_Golden-NREL.724666_TMY3.epw
[19:29:01.663247 INFO] Zip: Extracting measures/ServerDirectoryCleanup/tests/example_model.osm
[19:29:01.665230 INFO] Zip: Extracting measures/WindowPV_reporting/
[19:29:01.665404 INFO] Zip: Extracting measures/WindowPV_reporting/measure.rb
[19:29:01.666050 INFO] Zip: Extracting measures/WindowPV_reporting/measure.xml
[19:29:01.666548 INFO] Zip: Extracting measures/WindowPV_reporting/resources/
[19:29:01.666699 INFO] Zip: Extracting measures/WindowPV_reporting/resources/os_lib_helper_methods.rb
[19:29:01.667210 INFO] Zip: Extracting measures/WindowPV_reporting/resources/report.html.in
[19:29:01.667636 INFO] Zip: Extracting measures/WindowPV_reporting/tests/
[19:29:01.667805 INFO] Zip: Extracting measures/WindowPV_reporting/tests/USA_CO_Golden-NREL.724666_TMY3.epw
[19:29:01.683259 INFO] Zip: Extracting measures/WindowPV_reporting/tests/example_model.osm
[19:29:01.685237 INFO] Zip: Extracting measures/WindowPV_reporting/tests/ubi_qd_reporting_test.rb
[19:29:01.685736 INFO] Zip: Extracting measures/a_inject_window_specific_idf_objects/
[19:29:01.685904 INFO] Zip: Extracting measures/a_inject_window_specific_idf_objects/LICENSE.md
[19:29:01.686360 INFO] Zip: Extracting measures/a_inject_window_specific_idf_objects/measure.rb
[19:29:01.686952 INFO] Zip: Extracting measures/a_inject_window_specific_idf_objects/measure.xml
[19:29:01.687456 INFO] Zip: Extracting measures/a_inject_window_specific_idf_objects/tests/
[19:29:01.687620 INFO] Zip: Extracting measures/a_inject_window_specific_idf_objects/tests/EnvelopeAndLoadTestModel_01.osm
[19:29:01.816222 INFO] Zip: Extracting measures/a_inject_window_specific_idf_objects/tests/Example B - BlockEnergyCharge.idf
[19:29:01.816755 INFO] Zip: Extracting measures/a_inject_window_specific_idf_objects/tests/measure_Test.rb
[19:29:01.817124 INFO] Zip: Extracting measures/a_inject_window_specific_idf_objects/tests/test.osw
[19:29:01.817769 INFO] Zip: Extracting measures/add_thermochromic_bipv/
[19:29:01.817938 INFO] Zip: Extracting measures/add_thermochromic_bipv/measure.rb
[19:29:01.818359 INFO] Zip: Extracting measures/add_thermochromic_bipv/measure.xml
[19:29:01.818742 INFO] Zip: Extracting measures/add_thermochromic_bipv/resources/
[19:29:01.818905 INFO] Zip: Extracting measures/add_thermochromic_bipv/resources/HVACSizing.Model.rb
[19:29:01.819356 INFO] Zip: Extracting measures/add_thermochromic_bipv/resources/Standards.Construction.rb
[19:29:01.819724 INFO] Zip: Extracting measures/add_thermochromic_bipv/resources/os_lib_helper_methods.rb
[19:29:01.820134 INFO] Zip: Extracting measures/add_thermochromic_bipv/resources/os_lib_schedules.rb
[19:29:01.820705 INFO] Zip: Extracting measures/create_bar_from_building_type_ratios/
[19:29:01.820857 INFO] Zip: Extracting measures/create_bar_from_building_type_ratios/LICENSE.md
[19:29:01.821217 INFO] Zip: Extracting measures/create_bar_from_building_type_ratios/README.md
[19:29:01.821594 INFO] Zip: Extracting measures/create_bar_from_building_type_ratios/README.md.erb
[19:29:01.821917 INFO] Zip: Extracting measures/create_bar_from_building_type_ratios/measure.rb
[19:29:01.822505 INFO] Zip: Extracting measures/create_bar_from_building_type_ratios/measure.xml
[19:29:01.822963 INFO] Zip: Extracting measures/create_bar_from_building_type_ratios/resources/
[19:29:01.823110 INFO] Zip: Extracting measures/create_bar_from_building_type_ratios/resources/os_lib_geometry.rb
[19:29:01.823714 INFO] Zip: Extracting measures/create_bar_from_building_type_ratios/resources/os_lib_helper_methods.rb
[19:29:01.824156 INFO] Zip: Extracting measures/create_bar_from_building_type_ratios/resources/os_lib_model_generation.rb
[19:29:01.824788 INFO] Zip: Extracting measures/create_bar_from_building_type_ratios/resources/os_lib_model_simplification.rb
[19:29:01.825440 INFO] Zip: Extracting measures/create_bar_from_building_type_ratios/tests/
[19:29:01.825597 INFO] Zip: Extracting measures/create_bar_from_building_type_ratios/tests/create_bar_from_building_type_ratios_test.rb
[19:29:01.826005 INFO] Zip: Extracting measures/create_bar_from_building_type_ratios/tests/example_model.osm
[19:29:01.828429 INFO] Zip: Extracting measures/create_typical_building_from_model/
[19:29:01.828590 INFO] Zip: Extracting measures/create_typical_building_from_model/LICENSE.md
[19:29:01.828935 INFO] Zip: Extracting measures/create_typical_building_from_model/README.md
[19:29:01.829297 INFO] Zip: Extracting measures/create_typical_building_from_model/README.md.erb
[19:29:01.829633 INFO] Zip: Extracting measures/create_typical_building_from_model/measure.rb
[19:29:01.830202 INFO] Zip: Extracting measures/create_typical_building_from_model/measure.xml
[19:29:01.830640 INFO] Zip: Extracting measures/create_typical_building_from_model/resources/
[19:29:01.830789 INFO] Zip: Extracting measures/create_typical_building_from_model/resources/Model.hvac.rb
[19:29:01.831206 INFO] Zip: Extracting measures/create_typical_building_from_model/resources/os_lib_helper_methods.rb
[19:29:01.831643 INFO] Zip: Extracting measures/create_typical_building_from_model/resources/os_lib_model_generation.rb
[19:29:01.832251 INFO] Zip: Extracting measures/create_typical_building_from_model/tests/
[19:29:01.832422 INFO] Zip: Extracting measures/create_typical_building_from_model/tests/GenericGbxml.osm
[19:29:01.835067 INFO] Zip: Extracting measures/create_typical_building_from_model/tests/LargeOffice04.osm
[19:29:01.841776 INFO] Zip: Extracting measures/create_typical_building_from_model/tests/MidriseApartment.osm
[19:29:01.951982 INFO] Zip: Extracting measures/create_typical_building_from_model/tests/SmallOffice.osm
[19:29:01.954086 INFO] Zip: Extracting measures/create_typical_building_from_model/tests/USA_TX_Houston-Bush.Intercontinental.AP.722430_TMY3.epw
[19:29:01.964243 INFO] Zip: Extracting measures/create_typical_building_from_model/tests/create_typical_building_from_model_test.rb
[19:29:01.964820 INFO] Zip: Extracting measures/create_typical_building_from_model/tests/test.osw
[19:29:01.965534 INFO] Zip: Extracting measures/create_typical_building_from_model/tests/test_hvac.rb
[19:29:01.965936 INFO] Zip: Extracting measures/export_variableto_csv_variables_for_bipvpce/
[19:29:01.966108 INFO] Zip: Extracting measures/export_variableto_csv_variables_for_bipvpce/measure.rb
[19:29:01.966545 INFO] Zip: Extracting measures/export_variableto_csv_variables_for_bipvpce/measure.xml
[19:29:01.966899 INFO] Zip: Extracting measures/export_variableto_csv_variables_for_bipvpce/resources/
[19:29:01.967045 INFO] Zip: Extracting measures/export_variableto_csv_variables_for_bipvpce/resources/report.html.in
[19:29:01.967385 INFO] Zip: Extracting measures/export_variableto_csv_variables_for_bipvpce/tests/
[19:29:01.967529 INFO] Zip: Extracting measures/export_variableto_csv_variables_for_bipvpce/tests/ExportVariabletoCSV_test.rb
[19:29:01.967893 INFO] Zip: Extracting measures/export_variableto_csv_variables_for_bipvpce/tests/example_model.osm
[19:29:01.969134 INFO] Zip: Extracting measures/inject_idf_window_objects/
[19:29:01.969281 INFO] Zip: Extracting measures/inject_idf_window_objects/LICENSE.md
[19:29:01.969632 INFO] Zip: Extracting measures/inject_idf_window_objects/measure.rb
[19:29:01.970077 INFO] Zip: Extracting measures/inject_idf_window_objects/measure.xml
[19:29:01.970443 INFO] Zip: Extracting measures/inject_idf_window_objects/tests/
[19:29:01.970586 INFO] Zip: Extracting measures/inject_idf_window_objects/tests/EnvelopeAndLoadTestModel_01.osm
[19:29:01.975070 INFO] Zip: Extracting measures/inject_idf_window_objects/tests/Example B - BlockEnergyCharge.idf
[19:29:01.975490 INFO] Zip: Extracting measures/inject_idf_window_objects/tests/measure_Test.rb
[19:29:01.975850 INFO] Zip: Extracting measures/inject_idf_window_objects/tests/test.osw
[19:29:01.976516 INFO] Zip: Extracting seeds/switchglaze/
[19:29:01.976700 INFO] Zip: Extracting seeds/switchglaze.osm
[19:29:01.980922 INFO] Zip: Extracting seeds/switchglaze/files/
[19:29:01.981198 INFO] Zip: Extracting seeds/switchglaze/measures/
[19:29:01.981345 INFO] Zip: Extracting seeds/switchglaze/run/
[19:29:01.981499 INFO] Zip: Extracting seeds/switchglaze/workflow.osw
[19:29:01.981902 INFO] Zip: Extracting weather/DEU_Hamburg.101470_IWEC.ddy
[19:29:01.982335 INFO] Zip: Extracting weather/DEU_Hamburg.101470_IWEC.epw
[19:29:02.001746 INFO] Zip: Extracting weather/DEU_Hamburg.101470_IWEC.stat
[19:29:02.002702 INFO] Zip: Extracting weather/JPN_Tokyo.Hyakuri.477150_IWEC.ddy
[19:29:02.003132 INFO] Zip: Extracting weather/JPN_Tokyo.Hyakuri.477150_IWEC.epw
[19:29:02.012696 INFO] Zip: Extracting weather/JPN_Tokyo.Hyakuri.477150_IWEC.stat
[19:29:02.013593 INFO] Zip: Extracting weather/SAU_Riyadh.404380_IWEC.ddy
[19:29:02.014019 INFO] Zip: Extracting weather/SAU_Riyadh.404380_IWEC.epw
[19:29:02.023810 INFO] Zip: Extracting weather/SAU_Riyadh.404380_IWEC.stat
[19:29:02.024581 INFO] Zip: Extracting weather/SGP_Singapore.486980_IWEC.ddy
[19:29:02.025015 INFO] Zip: Extracting weather/SGP_Singapore.486980_IWEC.epw
[19:29:02.036274 INFO] Zip: Extracting weather/SGP_Singapore.486980_IWEC.stat
[19:29:02.037881 INFO] Zip: Extracting weather/USA_AK_Fairbanks.Intl.AP.702610_TMY3.ddy
[19:29:02.038611 INFO] Zip: Extracting weather/USA_AK_Fairbanks.Intl.AP.702610_TMY3.epw
[19:29:02.059404 INFO] Zip: Extracting weather/USA_AK_Fairbanks.Intl.AP.702610_TMY3.stat
[19:29:02.060544 INFO] Zip: Extracting weather/USA_AZ_Tucson.Intl.AP.722740_TMY3.ddy
[19:29:02.061301 INFO] Zip: Extracting weather/USA_AZ_Tucson.Intl.AP.722740_TMY3.epw
[19:29:02.079373 INFO] Zip: Extracting weather/USA_AZ_Tucson.Intl.AP.722740_TMY3.stat
[19:29:02.080460 INFO] Zip: Extracting weather/USA_CA_San.Diego-Lindbergh.Field.722900_TMY3.ddy
[19:29:02.081247 INFO] Zip: Extracting weather/USA_CA_San.Diego-Lindbergh.Field.722900_TMY3.epw
[19:29:02.099394 INFO] Zip: Extracting weather/USA_CA_San.Diego-Lindbergh.Field.722900_TMY3.stat
[19:29:02.100525 INFO] Zip: Extracting weather/USA_CO_Denver.Intl.AP.725650_TMY3.ddy
[19:29:02.101294 INFO] Zip: Extracting weather/USA_CO_Denver.Intl.AP.725650_TMY3.epw
[19:29:02.322987 INFO] Zip: Extracting weather/USA_CO_Denver.Intl.AP.725650_TMY3.stat
[19:29:02.324563 INFO] Zip: Extracting weather/USA_FL_Tampa.Intl.AP.722110_TMY3.ddy
[19:29:02.325420 INFO] Zip: Extracting weather/USA_FL_Tampa.Intl.AP.722110_TMY3.epw
[19:29:02.349540 INFO] Zip: Extracting weather/USA_FL_Tampa.Intl.AP.722110_TMY3.stat
[19:29:02.350741 INFO] Zip: Extracting weather/USA_GA_Atlanta-Hartsfield-Jackson.Intl.AP.722190_TMY3.ddy
[19:29:02.351574 INFO] Zip: Extracting weather/USA_GA_Atlanta-Hartsfield-Jackson.Intl.AP.722190_TMY3.epw
[19:29:02.479105 INFO] Zip: Extracting weather/USA_GA_Atlanta-Hartsfield-Jackson.Intl.AP.722190_TMY3.stat
[19:29:02.479829 INFO] Zip: Extracting weather/USA_HI_Honolulu.Intl.AP.911820_TMY3.ddy
[19:29:02.480370 INFO] Zip: Extracting weather/USA_HI_Honolulu.Intl.AP.911820_TMY3.epw
[19:29:02.494061 INFO] Zip: Extracting weather/USA_HI_Honolulu.Intl.AP.911820_TMY3.stat
[19:29:02.494839 INFO] Zip: Extracting weather/USA_MN_International.Falls.Intl.AP.727470_TMY3.ddy
[19:29:02.495290 INFO] Zip: Extracting weather/USA_MN_International.Falls.Intl.AP.727470_TMY3.epw
[19:29:02.507465 INFO] Zip: Extracting weather/USA_MN_International.Falls.Intl.AP.727470_TMY3.stat
[19:29:02.508416 INFO] Zip: Extracting weather/USA_MN_Rochester.Intl.AP.726440_TMY3.ddy
[19:29:02.508863 INFO] Zip: Extracting weather/USA_MN_Rochester.Intl.AP.726440_TMY3.epw
[19:29:02.526867 INFO] Zip: Extracting weather/USA_MN_Rochester.Intl.AP.726440_TMY3.stat
[19:29:02.527941 INFO] Zip: Extracting weather/USA_MT_Great.Falls.Intl.AP.727750_TMY3.ddy
[19:29:02.532284 INFO] Zip: Extracting weather/USA_MT_Great.Falls.Intl.AP.727750_TMY3.epw
[19:29:02.542858 INFO] Zip: Extracting weather/USA_MT_Great.Falls.Intl.AP.727750_TMY3.stat
[19:29:02.544097 INFO] Zip: Extracting weather/USA_NM_Albuquerque.Intl.AP.723650_TMY3.ddy
[19:29:02.544584 INFO] Zip: Extracting weather/USA_NM_Albuquerque.Intl.AP.723650_TMY3.epw
[19:29:02.554873 INFO] Zip: Extracting weather/USA_NM_Albuquerque.Intl.AP.723650_TMY3.stat
[19:29:02.555619 INFO] Zip: Extracting weather/USA_NY_Buffalo-Greater.Buffalo.Intl.AP.725280_TMY3.ddy
[19:29:02.556075 INFO] Zip: Extracting weather/USA_NY_Buffalo-Greater.Buffalo.Intl.AP.725280_TMY3.epw
[19:29:02.573965 INFO] Zip: Extracting weather/USA_NY_Buffalo-Greater.Buffalo.Intl.AP.725280_TMY3.stat
[19:29:02.575054 INFO] Zip: Extracting weather/USA_NY_New.York-J.F.Kennedy.Intl.AP.744860_TMY3.ddy
[19:29:02.575704 INFO] Zip: Extracting weather/USA_NY_New.York-J.F.Kennedy.Intl.AP.744860_TMY3.epw
[19:29:02.590796 INFO] Zip: Extracting weather/USA_NY_New.York-J.F.Kennedy.Intl.AP.744860_TMY3.stat
[19:29:02.591763 INFO] Zip: Extracting weather/USA_TX_El.Paso.Intl.AP.722700_TMY3.ddy
[19:29:02.592373 INFO] Zip: Extracting weather/USA_TX_El.Paso.Intl.AP.722700_TMY3.epw
[19:29:02.609295 INFO] Zip: Extracting weather/USA_TX_El.Paso.Intl.AP.722700_TMY3.stat
[19:29:02.610096 INFO] Zip: Extracting weather/USA_WA_Port.Angeles-William.R.Fairchild.Intl.AP.727885_TMY3.ddy
[19:29:02.610666 INFO] Zip: Extracting weather/USA_WA_Port.Angeles-William.R.Fairchild.Intl.AP.727885_TMY3.epw
[19:29:02.621853 INFO] Zip: Extracting weather/USA_WA_Port.Angeles-William.R.Fairchild.Intl.AP.727885_TMY3.stat
[19:29:02.622645 INFO] Zip: Extracting weather/USA_WA_Seattle-Tacoma.Intl.AP.727930_TMY3.ddy
[19:29:02.623192 INFO] Zip: Extracting weather/USA_WA_Seattle-Tacoma.Intl.AP.727930_TMY3.epw
[19:29:02.633401 INFO] Zip: Extracting weather/USA_WA_Seattle-Tacoma.Intl.AP.727930_TMY3.stat
[19:29:02.636581 INFO] Downloading analysis.json from http://web:80/analyses/72a216d4-3a64-4cd6-8e04-b9bc3af7ff20.json
[19:29:02.696453 INFO] Checking for presence of args file at /mnt/openstudio/analysis_72a216d4-3a64-4cd6-8e04-b9bc3af7ff20/scripts/data_point/initialize.args
[19:29:02.696537 INFO] Checking for presence of script file at /mnt/openstudio/analysis_72a216d4-3a64-4cd6-8e04-b9bc3af7ff20/scripts/data_point/initialize.sh
[19:29:02.696584 INFO] Finished worker initialization
[19:29:02.696632 INFO] RestClient delete
[19:29:02.696668 INFO] delete post_count = 1
[19:29:02.712874 INFO] Downloading datapoint from http://web:80/data_points/37ba4785-e7b2-43d5-a58d-6b4209f84978.json
[19:29:02.712982 INFO] get url post_count = 1
[19:29:02.739637 INFO] Creating Workflow Manager instance
[19:29:02.739769 INFO] Directory is /mnt/openstudio/analysis_72a216d4-3a64-4cd6-8e04-b9bc3af7ff20/data_point_37ba4785-e7b2-43d5-a58d-6b4209f84978
[19:29:02.739878 INFO] Opening run.log file '/mnt/openstudio/analysis_72a216d4-3a64-4cd6-8e04-b9bc3af7ff20/data_point_37ba4785-e7b2-43d5-a58d-6b4209f84978/run/run.log'
[19:29:02.740129 WARN] Error finding Oscli: OPENSTUDIO_EXE_PATH not set
[19:29:02.757945 WARN] Defaulting to fun Oscli via /usr/local/bin/openstudio
[19:29:02.758137 INFO] Returning Oscli cmd: /usr/local/bin/openstudio --bundle /var/oscli/Gemfile --bundle_path /var/oscli/gems 
[19:29:02.758407 INFO] Running workflow using cmd /usr/local/bin/openstudio --bundle /var/oscli/Gemfile --bundle_path /var/oscli/gems   run --workflow '/mnt/openstudio/analysis_72a216d4-3a64-4cd6-8e04-b9bc3af7ff20/data_point_37ba4785-e7b2-43d5-a58d-6b4209f84978/data_point.osw'  and writing log to /mnt/openstudio/analysis_72a216d4-3a64-4cd6-8e04-b9bc3af7ff20/data_point_37ba4785-e7b2-43d5-a58d-6b4209f84978/oscli_simulation.log
[19:29:22.717449 INFO] Oscli output: /var/oscli/gems/ruby/2.5.0/gems/openstudio-standards-0.2.11/lib/openstudio-standards/btap/btap.rb:56: warning: constant ::Fixnum is deprecated
[openstudio.standards.Model] <1> Model has been assigned a weather file, but the file is not in the specified location of 'file:////mnt/openstudio/analysis_72a216d4-3a64-4cd6-8e04-b9bc3af7ff20/weather/SAU_Riyadh.404380_IWEC.epw'.
[19:29:19.665086 WARN] Could not add loads for Plenum. Not expected for 90.1-2013
[19:29:22.349784 WARN] [openstudio.standards.Construction] Requested U-value of 0.58 for Typical Insulated Exterior Mass Wall is too low given the other materials in the construction; insulation layer will not be modified.
[19:29:22.350093 WARN] [openstudio.standards.Construction] Can only set the u-value of opaque constructions or simple glazing. U 0.60 SHGC 0.25 Dbl 2.5mm air is not opaque or simple glazing.
[19:29:22.350304 WARN] [openstudio.standards.Construction] Can only set the u-value of opaque constructions or simple glazing. U 0.65 SHGC 0.25 Dbl Ref-C-H Clr 6mm/6mm Air is not opaque or simple glazing.
[19:29:22.350382 WARN] [openstudio.standards.Construction] Requested U-value of 1.1686635536297982 for Typical Overhead Door is greater than the sum of the inside and outside resistance, and the max U-value (6.636 SI) is used instead.
[19:29:22.350532 WARN] [openstudio.standards.Construction] Can only set the u-value of opaque constructions or simple glazing. Window_U_0.75_SHGC_0.35_Skylight_Frame_Width_2.339_in is not opaque or simple glazing.
[19:29:22.351000 WARN] [openstudio.weather.Model] Could not find ground temperatures; will use generic temperatures, which will skew results.
[19:29:22.359361 ERROR] [openstudio.standards.Model] Model has been assigned a weather file, but the file is not in the specified location of 'file:////mnt/openstudio/analysis_72a216d4-3a64-4cd6-8e04-b9bc3af7ff20/weather/SAU_Riyadh.404380_IWEC.epw'.
[19:29:22.489827 ERROR] /var/oscli/gems/ruby/2.5.0/gems/openstudio-workflow-2.0.0/lib/openstudio/workflow/util/measure.rb failed with message Runner error /var/oscli/gems/ruby/2.5.0/gems/openstudio-workflow-2.0.0/lib/openstudio/workflow/util/measure.rb failed with Measure create_typical_building_from_model reported an error with ["[openstudio.standards.Model] Model has been assigned a weather file, but the file is not in the specified location of 'file:////mnt/openstudio/analysis_72a216d4-3a64-4cd6-8e04-b9bc3af7ff20/weather/SAU_Riyadh.404380_IWEC.epw'."], /var/oscli/gems/ruby/2.5.0/gems/openstudio-workflow-2.0.0/lib/openstudio/workflow/util/measure.rb:560:in `apply_measure'
/var/oscli/gems/ruby/2.5.0/gems/openstudio-workflow-2.0.0/lib/openstudio/workflow/util/measure.rb:109:in `block in apply_measures'
/var/oscli/gems/ruby/2.5.0/gems/openstudio-workflow-2.0.0/lib/openstudio/workflow/util/measure.rb:67:in `each_index'
/var/oscli/gems/ruby/2.5.0/gems/openstudio-workflow-2.0.0/lib/openstudio/workflow/util/measure.rb:67:in `apply_measures'
/var/oscli/gems/ruby/2.5.0/gems/openstudio-workflow-2.0.0/lib/openstudio/workflow/jobs/run_os_measures.rb:70:in `perform'
/var/oscli/gems/ruby/2.5.0/gems/openstudio-workflow-2.0.0/lib/openstudio/workflow/run.rb:292:in `step'
/var/oscli/gems/ruby/2.5.0/gems/openstudio-workflow-2.0.0/lib/openstudio/workflow/run.rb:234:in `run'
:/openstudio_cli.rb:960:in `execute'
:/openstudio_cli.rb:750:in `execute'
:/openstudio_cli.rb:1744:in `<main>'
eval:174:in `eval'
eval:174:in `require_embedded_absolute'
eval:160:in `block in require_embedded'
eval:154:in `each'
eval:154:in `require_embedded'
eval:113:in `require'
eval:3:in `<main>' in /var/oscli/gems/ruby/2.5.0/gems/openstudio-workflow-2.0.0/lib/openstudio/workflow/util/measure.rb:598:in `rescue in apply_measure'
/var/oscli/gems/ruby/2.5.0/gems/openstudio-workflow-2.0.0/lib/openstudio/workflow/util/measure.rb:548:in `apply_measure'
/var/oscli/gems/ruby/2.5.0/gems/openstudio-workflow-2.0.0/lib/openstudio/workflow/util/measure.rb:109:in `block in apply_measures'
/var/oscli/gems/ruby/2.5.0/gems/openstudio-workflow-2.0.0/lib/openstudio/workflow/util/measure.rb:67:in `each_index'
/var/oscli/gems/ruby/2.5.0/gems/openstudio-workflow-2.0.0/lib/openstudio/workflow/util/measure.rb:67:in `apply_measures'
/var/oscli/gems/ruby/2.5.0/gems/openstudio-workflow-2.0.0/lib/openstudio/workflow/jobs/run_os_measures.rb:70:in `perform'
/var/oscli/gems/ruby/2.5.0/gems/openstudio-workflow-2.0.0/lib/openstudio/workflow/run.rb:292:in `step'
/var/oscli/gems/ruby/2.5.0/gems/openstudio-workflow-2.0.0/lib/openstudio/workflow/run.rb:234:in `run'
:/openstudio_cli.rb:960:in `execute'
:/openstudio_cli.rb:750:in `execute'
:/openstudio_cli.rb:1744:in `<main>'
eval:174:in `eval'
eval:174:in `require_embedded_absolute'
eval:160:in `block in require_embedded'
eval:154:in `each'
eval:154:in `require_embedded'
eval:113:in `require'
eval:3:in `<main>'
[19:29:22.492941 ERROR] Found error in state 'os_measures' with message ["/var/oscli/gems/ruby/2.5.0/gems/openstudio-workflow-2.0.0/lib/openstudio/workflow/util/measure.rb failed with message Runner error /var/oscli/gems/ruby/2.5.0/gems/openstudio-workflow-2.0.0/lib/openstudio/workflow/util/measure.rb failed with Measure create_typical_building_from_model reported an error with [\"[openstudio.standards.Model] Model has been assigned a weather file, but the file is not in the specified location of 'file:////mnt/openstudio/analysis_72a216d4-3a64-4cd6-8e04-b9bc3af7ff20/weather/SAU_Riyadh.404380_IWEC.epw'.\"], /var/oscli/gems/ruby/2.5.0/gems/openstudio-workflow-2.0.0/lib/openstudio/workflow/util/measure.rb:560:in `apply_measure'\n/var/oscli/gems/ruby/2.5.0/gems/openstudio-workflow-2.0.0/lib/openstudio/workflow/util/measure.rb:109:in `block in apply_measures'\n/var/oscli/gems/ruby/2.5.0/gems/openstudio-workflow-2.0.0/lib/openstudio/workflow/util/measure.rb:67:in `each_index'\n/var/oscli/gems/ruby/2.5.0/gems/openstudio-workflow-2.0.0/lib/openstudio/workflow/util/measure.rb:67:in `apply_measures'\n/var/oscli/gems/ruby/2.5.0/gems/openstudio-workflow-2.0.0/lib/openstudio/workflow/jobs/run_os_measures.rb:70:in `perform'\n/var/oscli/gems/ruby/2.5.0/gems/openstudio-workflow-2.0.0/lib/openstudio/workflow/run.rb:292:in `step'\n/var/oscli/gems/ruby/2.5.0/gems/openstudio-workflow-2.0.0/lib/openstudio/workflow/run.rb:234:in `run'\n:/openstudio_cli.rb:960:in `execute'\n:/openstudio_cli.rb:750:in `execute'\n:/openstudio_cli.rb:1744:in `<main>'\neval:174:in `eval'\neval:174:in `require_embedded_absolute'\neval:160:in `block in require_embedded'\neval:154:in `each'\neval:154:in `require_embedded'\neval:113:in `require'\neval:3:in `<main>' in /var/oscli/gems/ruby/2.5.0/gems/openstudio-workflow-2.0.0/lib/openstudio/workflow/util/measure.rb:598:in `rescue in apply_measure'\n/var/oscli/gems/ruby/2.5.0/gems/openstudio-workflow-2.0.0/lib/openstudio/workflow/util/measure.rb:548:in `apply_measure'\n/var/oscli/gems/ruby/2.5.0/gems/openstudio-workflow-2.0.0/lib/openstudio/workflow/util/measure.rb:109:in `block in apply_measures'\n/var/oscli/gems/ruby/2.5.0/gems/openstudio-workflow-2.0.0/lib/openstudio/workflow/util/measure.rb:67:in `each_index'\n/var/oscli/gems/ruby/2.5.0/gems/openstudio-workflow-2.0.0/lib/openstudio/workflow/util/measure.rb:67:in `apply_measures'\n/var/oscli/gems/ruby/2.5.0/gems/openstudio-workflow-2.0.0/lib/openstudio/workflow/jobs/run_os_measures.rb:70:in `perform'\n/var/oscli/gems/ruby/2.5.0/gems/openstudio-workflow-2.0.0/lib/openstudio/workflow/run.rb:292:in `step'\n/var/oscli/gems/ruby/2.5.0/gems/openstudio-workflow-2.0.0/lib/openstudio/workflow/run.rb:234:in `run'\n:/openstudio_cli.rb:960:in `execute'\n:/openstudio_cli.rb:750:in `execute'\n:/openstudio_cli.rb:1744:in `<main>'\neval:174:in `eval'\neval:174:in `require_embedded_absolute'\neval:160:in `block in require_embedded'\neval:154:in `each'\neval:154:in `require_embedded'\neval:113:in `require'\neval:3:in `<main>':/var/oscli/gems/ruby/2.5.0/gems/openstudio-workflow-2.0.0/lib/openstudio/workflow/util/measure.rb:647:in `rescue in apply_measure'\n/var/oscli/gems/ruby/2.5.0/gems/openstudio-workflow-2.0.0/lib/openstudio/workflow/util/measure.rb:305:in `apply_measure'\n/var/oscli/gems/ruby/2.5.0/gems/openstudio-workflow-2.0.0/lib/openstudio/workflow/util/measure.rb:109:in `block in apply_measures'\n/var/oscli/gems/ruby/2.5.0/gems/openstudio-workflow-2.0.0/lib/openstudio/workflow/util/measure.rb:67:in `each_index'\n/var/oscli/gems/ruby/2.5.0/gems/openstudio-workflow-2.0.0/lib/openstudio/workflow/util/measure.rb:67:in `apply_measures'\n/var/oscli/gems/ruby/2.5.0/gems/openstudio-workflow-2.0.0/lib/openstudio/workflow/jobs/run_os_measures.rb:70:in `perform'\n/var/oscli/gems/ruby/2.5.0/gems/openstudio-workflow-2.0.0/lib/openstudio/workflow/run.rb:292:in `step'\n/var/oscli/gems/ruby/2.5.0/gems/openstudio-workflow-2.0.0/lib/openstudio/workflow/run.rb:234:in `run'\n:/openstudio_cli.rb:960:in `execute'\n:/openstudio_cli.rb:750:in `execute'\n:/openstudio_cli.rb:1744:in `<main>'\neval:174:in `eval'\neval:174:in `require_embedded_absolute'\neval:160:in `block in require_embedded'\neval:154:in `each'\neval:154:in `require_embedded'\neval:113:in `require'\neval:3:in `<main>'"]}

[19:29:22.718417 ERROR] Could not find results /mnt/openstudio/analysis_72a216d4-3a64-4cd6-8e04-b9bc3af7ff20/data_point_37ba4785-e7b2-43d5-a58d-6b4209f84978/run/measure_attributes.json
[19:29:22.718504 INFO] Saving files/reports back to the server
[19:29:22.718811 INFO] Saving report /mnt/openstudio/analysis_72a216d4-3a64-4cd6-8e04-b9bc3af7ff20/data_point_37ba4785-e7b2-43d5-a58d-6b4209f84978/out.osw to http://web:80/data_points/37ba4785-e7b2-43d5-a58d-6b4209f84978/upload_file
[19:29:22.753224 INFO] Saving report responded with {"id":"5efb9292ce5ea001352be9bc","data_point_id":"37ba4785-e7b2-43d5-a58d-6b4209f84978","display_name":"Final OSW File","type":"Report","created_at":"2020-06-30T19:29:22.736Z","updated_at":"2020-06-30T19:29:22.736Z"}
[19:29:22.753566 INFO] Saving report /mnt/openstudio/analysis_72a216d4-3a64-4cd6-8e04-b9bc3af7ff20/data_point_37ba4785-e7b2-43d5-a58d-6b4209f84978/run/data_point.zip to http://web:80/data_points/37ba4785-e7b2-43d5-a58d-6b4209f84978/upload_file
[19:29:22.814760 INFO] Saving report responded with {"id":"5efb9292ce5ea001352be9bd","data_point_id":"37ba4785-e7b2-43d5-a58d-6b4209f84978","display_name":"Zip File","type":"Data Point","created_at":"2020-06-30T19:29:22.796Z","updated_at":"2020-06-30T19:29:22.796Z"}
[19:29:22.815029 INFO] Checking for presence of args file at /mnt/openstudio/analysis_72a216d4-3a64-4cd6-8e04-b9bc3af7ff20/scripts/data_point/finalize.args
[19:29:22.815089 INFO] Checking for presence of script file at /mnt/openstudio/analysis_72a216d4-3a64-4cd6-8e04-b9bc3af7ff20/scripts/data_point/finalize.sh
[19:29:22.819795 INFO] Finished /opt/openstudio/server/app/jobs/dj_jobs/run_simulate_data_point.rb
