# Logfile created on 2020-06-30 19:28:59 +0000 by logger.rb/61378
[19:29:00.004171 INFO] Server host is http://web:80
[19:29:00.004298 INFO] Analysis directory is /mnt/openstudio/analysis_72a216d4-3a64-4cd6-8e04-b9bc3af7ff20
[19:29:00.004475 INFO] Simulation directory is /mnt/openstudio/analysis_72a216d4-3a64-4cd6-8e04-b9bc3af7ff20/data_point_f4d26a42-8eb9-4247-9516-ec414739b7cf
[19:29:00.004515 INFO] Run datapoint type/file is 
[19:29:00.004567 INFO] Starting initialize_worker for datapoint f4d26a42-8eb9-4247-9516-ec414739b7cf
[19:29:00.004931 INFO] Downloading analysis zip from http://web:80/analyses/72a216d4-3a64-4cd6-8e04-b9bc3af7ff20/download_analysis_zip
[19:29:03.565087 INFO] Extracting analysis zip to /mnt/openstudio/analysis_72a216d4-3a64-4cd6-8e04-b9bc3af7ff20
[19:29:03.585101 INFO] Zip: Extracting lib/resources/ASHRAE_zone12_Spec.idf
[19:29:03.586991 INFO] Zip: Extracting lib/resources/ASHRAE_zone3_Spec.idf
[19:29:03.587916 INFO] Zip: Extracting lib/resources/ASHRAE_zone456_Spec.idf
[19:29:03.588811 INFO] Zip: Extracting lib/resources/ASHRAE_zone78_Spec.idf
[19:29:03.589773 INFO] Zip: Extracting lib/resources/GlzSys19_13F-air-9_Spec.idf
[19:29:03.595411 INFO] Zip: Extracting lib/resources/GlzSys20_14F-air-3000_Spec.idf
[19:29:03.597225 INFO] Zip: Extracting lib/resources/GlzSys21_13F-air-3000_Spec.idf
[19:29:03.598880 INFO] Zip: Extracting lib/resources/GlzSys_10-air-9_Spec.idf
[19:29:03.600612 INFO] Zip: Extracting lib/resources/GlzSys_10F-air-3000_Spec.idf
[19:29:03.602160 INFO] Zip: Extracting lib/resources/GlzSys_11F-air-3000_Spec.idf
[19:29:03.603725 INFO] Zip: Extracting lib/resources/GlzSys_16095-air-3000_Spec.idf
[19:29:03.605288 INFO] Zip: Extracting lib/resources/GlzSys_16095-air-9_Spec.idf
[19:29:03.606809 INFO] Zip: Extracting lib/resources/GlzSys_6374-air-3000_Spec.idf
[19:29:03.608422 INFO] Zip: Extracting lib/resources/GlzSys_Dark_PV_Spec.idf
[19:29:03.609448 INFO] Zip: Extracting lib/resources/GlzSys_Light_PV_Spec.idf
[19:29:03.610393 INFO] Zip: Extracting lib/resources/GlzSys_Thermochromic_30C.idf
[19:29:03.611564 INFO] Zip: Extracting lib/resources/GlzSys_Thermochromic_35C.idf
[19:29:03.612884 INFO] Zip: Extracting lib/resources/GlzSys_Thermochromic_40C.idf
[19:29:03.614079 INFO] Zip: Extracting lib/resources/SG_zone12_Spec.idf
[19:29:03.615122 INFO] Zip: Extracting lib/resources/SG_zone3_Spec.idf
[19:29:03.616275 INFO] Zip: Extracting lib/resources/SG_zone456_Spec.idf
[19:29:03.617942 INFO] Zip: Extracting lib/resources/SG_zone78_Spec.idf
[19:29:03.619676 INFO] Zip: Extracting lib/resources/Window_PV_No_frame_Spec_Spec.idf
[19:29:03.620947 INFO] Zip: Extracting lib/resources/Window_PV_frame_Spec.idf
[19:29:03.622186 INFO] Zip: Extracting measures/AddMeter/
[19:29:03.622454 INFO] Zip: Extracting measures/AddMeter/LICENSE.md
[19:29:03.623072 INFO] Zip: Extracting measures/AddMeter/New folder/
[19:29:03.623280 INFO] Zip: Extracting measures/AddMeter/README.md
[19:29:03.624601 INFO] Zip: Extracting measures/AddMeter/README.md.erb
[19:29:03.625202 INFO] Zip: Extracting measures/AddMeter/measure.rb
[19:29:03.625927 INFO] Zip: Extracting measures/AddMeter/measure.xml
[19:29:03.626523 INFO] Zip: Extracting measures/AddMeter/tests/
[19:29:03.626762 INFO] Zip: Extracting measures/AddMeter/tests/AddMeter_Test.rb
[19:29:03.627493 INFO] Zip: Extracting measures/AddOutputVariable/
[19:29:03.627688 INFO] Zip: Extracting measures/AddOutputVariable/LICENSE.md
[19:29:03.628284 INFO] Zip: Extracting measures/AddOutputVariable/README.md
[19:29:03.628984 INFO] Zip: Extracting measures/AddOutputVariable/README.md.erb
[19:29:03.629546 INFO] Zip: Extracting measures/AddOutputVariable/measure.rb
[19:29:03.630261 INFO] Zip: Extracting measures/AddOutputVariable/measure.xml
[19:29:03.630899 INFO] Zip: Extracting measures/AddOutputVariable/tests/
[19:29:03.631101 INFO] Zip: Extracting measures/AddOutputVariable/tests/AddOutputVariable_Test.rb
[19:29:03.631757 INFO] Zip: Extracting measures/ChangeBuildingLocation/
[19:29:03.631998 INFO] Zip: Extracting measures/ChangeBuildingLocation/LICENSE.md
[19:29:03.632656 INFO] Zip: Extracting measures/ChangeBuildingLocation/README.md
[19:29:03.633287 INFO] Zip: Extracting measures/ChangeBuildingLocation/README.md.erb
[19:29:03.633892 INFO] Zip: Extracting measures/ChangeBuildingLocation/measure.rb
[19:29:03.634598 INFO] Zip: Extracting measures/ChangeBuildingLocation/measure.xml
[19:29:03.635332 INFO] Zip: Extracting measures/ChangeBuildingLocation/resources/
[19:29:03.635540 INFO] Zip: Extracting measures/ChangeBuildingLocation/resources/epw.rb
[19:29:03.636239 INFO] Zip: Extracting measures/ChangeBuildingLocation/resources/os_lib_helper_methods.rb
[19:29:03.637106 INFO] Zip: Extracting measures/ChangeBuildingLocation/resources/stat_file.rb
[19:29:03.637778 INFO] Zip: Extracting measures/ChangeBuildingLocation/tests/
[19:29:03.638015 INFO] Zip: Extracting measures/ChangeBuildingLocation/tests/USA_MA_Boston-Logan.Intl.AP.725090_TMY3.ddy
[19:29:03.638915 INFO] Zip: Extracting measures/ChangeBuildingLocation/tests/USA_MA_Boston-Logan.Intl.AP.725090_TMY3.epw
[19:29:03.661862 INFO] Zip: Extracting measures/ChangeBuildingLocation/tests/USA_MA_Boston-Logan.Intl.AP.725090_TMY3.stat
[19:29:03.663178 INFO] Zip: Extracting measures/ChangeBuildingLocation/tests/USA_WA_Renton.Muni.AP.727934_TMY3.ddy
[19:29:03.663868 INFO] Zip: Extracting measures/ChangeBuildingLocation/tests/USA_WA_Renton.Muni.AP.727934_TMY3.epw
[19:29:03.686643 INFO] Zip: Extracting measures/ChangeBuildingLocation/tests/USA_WA_Renton.Muni.AP.727934_TMY3.stat
[19:29:03.687876 INFO] Zip: Extracting measures/ChangeBuildingLocation/tests/another_weather_file.ddy
[19:29:03.688917 INFO] Zip: Extracting measures/ChangeBuildingLocation/tests/another_weather_file.epw
[19:29:03.850753 INFO] Zip: Extracting measures/ChangeBuildingLocation/tests/another_weather_file.stat
[19:29:03.851564 INFO] Zip: Extracting measures/ChangeBuildingLocation/tests/change_building_location_test.rb
[19:29:03.851964 INFO] Zip: Extracting measures/ChangeBuildingLocation/tests/multiyear.ddy
[19:29:03.852424 INFO] Zip: Extracting measures/ChangeBuildingLocation/tests/multiyear.epw
[19:29:03.852775 INFO] Zip: Extracting measures/ChangeBuildingLocation/tests/multiyear.stat
[19:29:03.853369 INFO] Zip: Extracting measures/ChangeBuildingLocation/tests/test.osm
[19:29:03.856309 INFO] Zip: Extracting measures/ChangeBuildingLocation/tests/test.osw
[19:29:03.857159 INFO] Zip: Extracting measures/ServerDirectoryCleanup/
[19:29:03.857333 INFO] Zip: Extracting measures/ServerDirectoryCleanup/LICENSE.md
[19:29:03.857721 INFO] Zip: Extracting measures/ServerDirectoryCleanup/measure.rb
[19:29:03.858087 INFO] Zip: Extracting measures/ServerDirectoryCleanup/measure.xml
[19:29:03.858462 INFO] Zip: Extracting measures/ServerDirectoryCleanup/tests/
[19:29:03.858612 INFO] Zip: Extracting measures/ServerDirectoryCleanup/tests/ServerDirectoryCleanup_test.rb
[19:29:03.858997 INFO] Zip: Extracting measures/ServerDirectoryCleanup/tests/USA_CO_Golden-NREL.724666_TMY3.epw
[19:29:03.869689 INFO] Zip: Extracting measures/ServerDirectoryCleanup/tests/example_model.osm
[19:29:03.871043 INFO] Zip: Extracting measures/WindowPV_reporting/
[19:29:03.871226 INFO] Zip: Extracting measures/WindowPV_reporting/measure.rb
[19:29:03.871730 INFO] Zip: Extracting measures/WindowPV_reporting/measure.xml
[19:29:03.872122 INFO] Zip: Extracting measures/WindowPV_reporting/resources/
[19:29:03.872269 INFO] Zip: Extracting measures/WindowPV_reporting/resources/os_lib_helper_methods.rb
[19:29:03.872703 INFO] Zip: Extracting measures/WindowPV_reporting/resources/report.html.in
[19:29:03.873042 INFO] Zip: Extracting measures/WindowPV_reporting/tests/
[19:29:03.873187 INFO] Zip: Extracting measures/WindowPV_reporting/tests/USA_CO_Golden-NREL.724666_TMY3.epw
[19:29:03.988104 INFO] Zip: Extracting measures/WindowPV_reporting/tests/example_model.osm
[19:29:03.989452 INFO] Zip: Extracting measures/WindowPV_reporting/tests/ubi_qd_reporting_test.rb
[19:29:03.989880 INFO] Zip: Extracting measures/a_inject_window_specific_idf_objects/
[19:29:03.990057 INFO] Zip: Extracting measures/a_inject_window_specific_idf_objects/LICENSE.md
[19:29:03.990395 INFO] Zip: Extracting measures/a_inject_window_specific_idf_objects/measure.rb
[19:29:03.990856 INFO] Zip: Extracting measures/a_inject_window_specific_idf_objects/measure.xml
[19:29:03.991243 INFO] Zip: Extracting measures/a_inject_window_specific_idf_objects/tests/
[19:29:03.991394 INFO] Zip: Extracting measures/a_inject_window_specific_idf_objects/tests/EnvelopeAndLoadTestModel_01.osm
[19:29:03.995935 INFO] Zip: Extracting measures/a_inject_window_specific_idf_objects/tests/Example B - BlockEnergyCharge.idf
[19:29:03.996450 INFO] Zip: Extracting measures/a_inject_window_specific_idf_objects/tests/measure_Test.rb
[19:29:03.996811 INFO] Zip: Extracting measures/a_inject_window_specific_idf_objects/tests/test.osw
[19:29:03.997473 INFO] Zip: Extracting measures/add_thermochromic_bipv/
[19:29:03.997630 INFO] Zip: Extracting measures/add_thermochromic_bipv/measure.rb
[19:29:03.998066 INFO] Zip: Extracting measures/add_thermochromic_bipv/measure.xml
[19:29:03.998452 INFO] Zip: Extracting measures/add_thermochromic_bipv/resources/
[19:29:03.998597 INFO] Zip: Extracting measures/add_thermochromic_bipv/resources/HVACSizing.Model.rb
[19:29:03.999052 INFO] Zip: Extracting measures/add_thermochromic_bipv/resources/Standards.Construction.rb
[19:29:03.999396 INFO] Zip: Extracting measures/add_thermochromic_bipv/resources/os_lib_helper_methods.rb
[19:29:03.999798 INFO] Zip: Extracting measures/add_thermochromic_bipv/resources/os_lib_schedules.rb
[19:29:04.000433 INFO] Zip: Extracting measures/create_bar_from_building_type_ratios/
[19:29:04.000641 INFO] Zip: Extracting measures/create_bar_from_building_type_ratios/LICENSE.md
[19:29:04.001112 INFO] Zip: Extracting measures/create_bar_from_building_type_ratios/README.md
[19:29:04.001584 INFO] Zip: Extracting measures/create_bar_from_building_type_ratios/README.md.erb
[19:29:04.002036 INFO] Zip: Extracting measures/create_bar_from_building_type_ratios/measure.rb
[19:29:04.002753 INFO] Zip: Extracting measures/create_bar_from_building_type_ratios/measure.xml
[19:29:04.003204 INFO] Zip: Extracting measures/create_bar_from_building_type_ratios/resources/
[19:29:04.003362 INFO] Zip: Extracting measures/create_bar_from_building_type_ratios/resources/os_lib_geometry.rb
[19:29:04.003972 INFO] Zip: Extracting measures/create_bar_from_building_type_ratios/resources/os_lib_helper_methods.rb
[19:29:04.004445 INFO] Zip: Extracting measures/create_bar_from_building_type_ratios/resources/os_lib_model_generation.rb
[19:29:04.005092 INFO] Zip: Extracting measures/create_bar_from_building_type_ratios/resources/os_lib_model_simplification.rb
[19:29:04.005734 INFO] Zip: Extracting measures/create_bar_from_building_type_ratios/tests/
[19:29:04.005895 INFO] Zip: Extracting measures/create_bar_from_building_type_ratios/tests/create_bar_from_building_type_ratios_test.rb
[19:29:04.006318 INFO] Zip: Extracting measures/create_bar_from_building_type_ratios/tests/example_model.osm
[19:29:04.008644 INFO] Zip: Extracting measures/create_typical_building_from_model/
[19:29:04.008840 INFO] Zip: Extracting measures/create_typical_building_from_model/LICENSE.md
[19:29:04.009233 INFO] Zip: Extracting measures/create_typical_building_from_model/README.md
[19:29:04.009596 INFO] Zip: Extracting measures/create_typical_building_from_model/README.md.erb
[19:29:04.009930 INFO] Zip: Extracting measures/create_typical_building_from_model/measure.rb
[19:29:04.010515 INFO] Zip: Extracting measures/create_typical_building_from_model/measure.xml
[19:29:04.010963 INFO] Zip: Extracting measures/create_typical_building_from_model/resources/
[19:29:04.011108 INFO] Zip: Extracting measures/create_typical_building_from_model/resources/Model.hvac.rb
[19:29:04.011511 INFO] Zip: Extracting measures/create_typical_building_from_model/resources/os_lib_helper_methods.rb
[19:29:04.011936 INFO] Zip: Extracting measures/create_typical_building_from_model/resources/os_lib_model_generation.rb
[19:29:04.012531 INFO] Zip: Extracting measures/create_typical_building_from_model/tests/
[19:29:04.012680 INFO] Zip: Extracting measures/create_typical_building_from_model/tests/GenericGbxml.osm
[19:29:04.015158 INFO] Zip: Extracting measures/create_typical_building_from_model/tests/LargeOffice04.osm
[19:29:04.027697 INFO] Zip: Extracting measures/create_typical_building_from_model/tests/MidriseApartment.osm
[19:29:04.037003 INFO] Zip: Extracting measures/create_typical_building_from_model/tests/SmallOffice.osm
[19:29:04.039385 INFO] Zip: Extracting measures/create_typical_building_from_model/tests/USA_TX_Houston-Bush.Intercontinental.AP.722430_TMY3.epw
[19:29:04.050538 INFO] Zip: Extracting measures/create_typical_building_from_model/tests/create_typical_building_from_model_test.rb
[19:29:04.051066 INFO] Zip: Extracting measures/create_typical_building_from_model/tests/test.osw
[19:29:04.051768 INFO] Zip: Extracting measures/create_typical_building_from_model/tests/test_hvac.rb
[19:29:04.052169 INFO] Zip: Extracting measures/export_variableto_csv_variables_for_bipvpce/
[19:29:04.052334 INFO] Zip: Extracting measures/export_variableto_csv_variables_for_bipvpce/measure.rb
[19:29:04.052979 INFO] Zip: Extracting measures/export_variableto_csv_variables_for_bipvpce/measure.xml
[19:29:04.053333 INFO] Zip: Extracting measures/export_variableto_csv_variables_for_bipvpce/resources/
[19:29:04.053480 INFO] Zip: Extracting measures/export_variableto_csv_variables_for_bipvpce/resources/report.html.in
[19:29:04.053803 INFO] Zip: Extracting measures/export_variableto_csv_variables_for_bipvpce/tests/
[19:29:04.053972 INFO] Zip: Extracting measures/export_variableto_csv_variables_for_bipvpce/tests/ExportVariabletoCSV_test.rb
[19:29:04.054356 INFO] Zip: Extracting measures/export_variableto_csv_variables_for_bipvpce/tests/example_model.osm
[19:29:04.055616 INFO] Zip: Extracting measures/inject_idf_window_objects/
[19:29:04.055785 INFO] Zip: Extracting measures/inject_idf_window_objects/LICENSE.md
[19:29:04.056159 INFO] Zip: Extracting measures/inject_idf_window_objects/measure.rb
[19:29:04.056625 INFO] Zip: Extracting measures/inject_idf_window_objects/measure.xml
[19:29:04.057011 INFO] Zip: Extracting measures/inject_idf_window_objects/tests/
[19:29:04.057173 INFO] Zip: Extracting measures/inject_idf_window_objects/tests/EnvelopeAndLoadTestModel_01.osm
[19:29:04.061796 INFO] Zip: Extracting measures/inject_idf_window_objects/tests/Example B - BlockEnergyCharge.idf
[19:29:04.062439 INFO] Zip: Extracting measures/inject_idf_window_objects/tests/measure_Test.rb
[19:29:04.062855 INFO] Zip: Extracting measures/inject_idf_window_objects/tests/test.osw
[19:29:04.063516 INFO] Zip: Extracting seeds/switchglaze/
[19:29:04.063692 INFO] Zip: Extracting seeds/switchglaze.osm
[19:29:04.068830 INFO] Zip: Extracting seeds/switchglaze/files/
[19:29:04.069139 INFO] Zip: Extracting seeds/switchglaze/measures/
[19:29:04.069341 INFO] Zip: Extracting seeds/switchglaze/run/
[19:29:04.069523 INFO] Zip: Extracting seeds/switchglaze/workflow.osw
[19:29:04.070013 INFO] Zip: Extracting weather/DEU_Hamburg.101470_IWEC.ddy
[19:29:04.070632 INFO] Zip: Extracting weather/DEU_Hamburg.101470_IWEC.epw
[19:29:04.087455 INFO] Zip: Extracting weather/DEU_Hamburg.101470_IWEC.stat
[19:29:04.088545 INFO] Zip: Extracting weather/JPN_Tokyo.Hyakuri.477150_IWEC.ddy
[19:29:04.089161 INFO] Zip: Extracting weather/JPN_Tokyo.Hyakuri.477150_IWEC.epw
[19:29:04.100972 INFO] Zip: Extracting weather/JPN_Tokyo.Hyakuri.477150_IWEC.stat
[19:29:04.101891 INFO] Zip: Extracting weather/SAU_Riyadh.404380_IWEC.ddy
[19:29:04.102517 INFO] Zip: Extracting weather/SAU_Riyadh.404380_IWEC.epw
[19:29:04.116953 INFO] Zip: Extracting weather/SAU_Riyadh.404380_IWEC.stat
[19:29:04.117774 INFO] Zip: Extracting weather/SGP_Singapore.486980_IWEC.ddy
[19:29:04.118320 INFO] Zip: Extracting weather/SGP_Singapore.486980_IWEC.epw
[19:29:04.284045 INFO] Zip: Extracting weather/SGP_Singapore.486980_IWEC.stat
[19:29:04.285581 INFO] Zip: Extracting weather/USA_AK_Fairbanks.Intl.AP.702610_TMY3.ddy
[19:29:04.286348 INFO] Zip: Extracting weather/USA_AK_Fairbanks.Intl.AP.702610_TMY3.epw
[19:29:04.303760 INFO] Zip: Extracting weather/USA_AK_Fairbanks.Intl.AP.702610_TMY3.stat
[19:29:04.305010 INFO] Zip: Extracting weather/USA_AZ_Tucson.Intl.AP.722740_TMY3.ddy
[19:29:04.305806 INFO] Zip: Extracting weather/USA_AZ_Tucson.Intl.AP.722740_TMY3.epw
[19:29:04.324218 INFO] Zip: Extracting weather/USA_AZ_Tucson.Intl.AP.722740_TMY3.stat
[19:29:04.325443 INFO] Zip: Extracting weather/USA_CA_San.Diego-Lindbergh.Field.722900_TMY3.ddy
[19:29:04.326247 INFO] Zip: Extracting weather/USA_CA_San.Diego-Lindbergh.Field.722900_TMY3.epw
[19:29:04.481252 INFO] Zip: Extracting weather/USA_CA_San.Diego-Lindbergh.Field.722900_TMY3.stat
[19:29:04.482180 INFO] Zip: Extracting weather/USA_CO_Denver.Intl.AP.725650_TMY3.ddy
[19:29:04.482765 INFO] Zip: Extracting weather/USA_CO_Denver.Intl.AP.725650_TMY3.epw
[19:29:04.499214 INFO] Zip: Extracting weather/USA_CO_Denver.Intl.AP.725650_TMY3.stat
[19:29:04.500365 INFO] Zip: Extracting weather/USA_FL_Tampa.Intl.AP.722110_TMY3.ddy
[19:29:04.501123 INFO] Zip: Extracting weather/USA_FL_Tampa.Intl.AP.722110_TMY3.epw
[19:29:04.515509 INFO] Zip: Extracting weather/USA_FL_Tampa.Intl.AP.722110_TMY3.stat
[19:29:04.516601 INFO] Zip: Extracting weather/USA_GA_Atlanta-Hartsfield-Jackson.Intl.AP.722190_TMY3.ddy
[19:29:04.520458 INFO] Zip: Extracting weather/USA_GA_Atlanta-Hartsfield-Jackson.Intl.AP.722190_TMY3.epw
[19:29:04.540175 INFO] Zip: Extracting weather/USA_GA_Atlanta-Hartsfield-Jackson.Intl.AP.722190_TMY3.stat
[19:29:04.544582 INFO] Zip: Extracting weather/USA_HI_Honolulu.Intl.AP.911820_TMY3.ddy
[19:29:04.545262 INFO] Zip: Extracting weather/USA_HI_Honolulu.Intl.AP.911820_TMY3.epw
[19:29:04.558987 INFO] Zip: Extracting weather/USA_HI_Honolulu.Intl.AP.911820_TMY3.stat
[19:29:04.559844 INFO] Zip: Extracting weather/USA_MN_International.Falls.Intl.AP.727470_TMY3.ddy
[19:29:04.560400 INFO] Zip: Extracting weather/USA_MN_International.Falls.Intl.AP.727470_TMY3.epw
[19:29:04.573951 INFO] Zip: Extracting weather/USA_MN_International.Falls.Intl.AP.727470_TMY3.stat
[19:29:04.575022 INFO] Zip: Extracting weather/USA_MN_Rochester.Intl.AP.726440_TMY3.ddy
[19:29:04.575725 INFO] Zip: Extracting weather/USA_MN_Rochester.Intl.AP.726440_TMY3.epw
[19:29:04.591951 INFO] Zip: Extracting weather/USA_MN_Rochester.Intl.AP.726440_TMY3.stat
[19:29:04.592930 INFO] Zip: Extracting weather/USA_MT_Great.Falls.Intl.AP.727750_TMY3.ddy
[19:29:04.593559 INFO] Zip: Extracting weather/USA_MT_Great.Falls.Intl.AP.727750_TMY3.epw
[19:29:04.620405 INFO] Zip: Extracting weather/USA_MT_Great.Falls.Intl.AP.727750_TMY3.stat
[19:29:04.621331 INFO] Zip: Extracting weather/USA_NM_Albuquerque.Intl.AP.723650_TMY3.ddy
[19:29:04.621912 INFO] Zip: Extracting weather/USA_NM_Albuquerque.Intl.AP.723650_TMY3.epw
[19:29:04.635267 INFO] Zip: Extracting weather/USA_NM_Albuquerque.Intl.AP.723650_TMY3.stat
[19:29:04.636230 INFO] Zip: Extracting weather/USA_NY_Buffalo-Greater.Buffalo.Intl.AP.725280_TMY3.ddy
[19:29:04.637034 INFO] Zip: Extracting weather/USA_NY_Buffalo-Greater.Buffalo.Intl.AP.725280_TMY3.epw
[19:29:04.650759 INFO] Zip: Extracting weather/USA_NY_Buffalo-Greater.Buffalo.Intl.AP.725280_TMY3.stat
[19:29:04.651715 INFO] Zip: Extracting weather/USA_NY_New.York-J.F.Kennedy.Intl.AP.744860_TMY3.ddy
[19:29:04.652406 INFO] Zip: Extracting weather/USA_NY_New.York-J.F.Kennedy.Intl.AP.744860_TMY3.epw
[19:29:04.666158 INFO] Zip: Extracting weather/USA_NY_New.York-J.F.Kennedy.Intl.AP.744860_TMY3.stat
[19:29:04.667110 INFO] Zip: Extracting weather/USA_TX_El.Paso.Intl.AP.722700_TMY3.ddy
[19:29:04.667707 INFO] Zip: Extracting weather/USA_TX_El.Paso.Intl.AP.722700_TMY3.epw
[19:29:04.680958 INFO] Zip: Extracting weather/USA_TX_El.Paso.Intl.AP.722700_TMY3.stat
[19:29:04.681865 INFO] Zip: Extracting weather/USA_WA_Port.Angeles-William.R.Fairchild.Intl.AP.727885_TMY3.ddy
[19:29:04.682489 INFO] Zip: Extracting weather/USA_WA_Port.Angeles-William.R.Fairchild.Intl.AP.727885_TMY3.epw
[19:29:04.700514 INFO] Zip: Extracting weather/USA_WA_Port.Angeles-William.R.Fairchild.Intl.AP.727885_TMY3.stat
[19:29:04.701610 INFO] Zip: Extracting weather/USA_WA_Seattle-Tacoma.Intl.AP.727930_TMY3.ddy
[19:29:04.702359 INFO] Zip: Extracting weather/USA_WA_Seattle-Tacoma.Intl.AP.727930_TMY3.epw
[19:29:04.720538 INFO] Zip: Extracting weather/USA_WA_Seattle-Tacoma.Intl.AP.727930_TMY3.stat
[19:29:04.725230 INFO] Downloading analysis.json from http://web:80/analyses/72a216d4-3a64-4cd6-8e04-b9bc3af7ff20.json
[19:29:04.810109 INFO] Checking for presence of args file at /mnt/openstudio/analysis_72a216d4-3a64-4cd6-8e04-b9bc3af7ff20/scripts/data_point/initialize.args
[19:29:04.810193 INFO] Checking for presence of script file at /mnt/openstudio/analysis_72a216d4-3a64-4cd6-8e04-b9bc3af7ff20/scripts/data_point/initialize.sh
[19:29:04.810242 INFO] Finished worker initialization
[19:29:04.810280 INFO] RestClient delete
[19:29:04.810315 INFO] delete post_count = 1
[19:29:04.828118 INFO] Downloading datapoint from http://web:80/data_points/f4d26a42-8eb9-4247-9516-ec414739b7cf.json
[19:29:04.828199 INFO] get url post_count = 1
[19:29:04.851635 INFO] Creating Workflow Manager instance
[19:29:04.851720 INFO] Directory is /mnt/openstudio/analysis_72a216d4-3a64-4cd6-8e04-b9bc3af7ff20/data_point_f4d26a42-8eb9-4247-9516-ec414739b7cf
[19:29:04.851785 INFO] Opening run.log file '/mnt/openstudio/analysis_72a216d4-3a64-4cd6-8e04-b9bc3af7ff20/data_point_f4d26a42-8eb9-4247-9516-ec414739b7cf/run/run.log'
[19:29:04.851948 WARN] Error finding Oscli: OPENSTUDIO_EXE_PATH not set
[19:29:04.869541 WARN] Defaulting to fun Oscli via /usr/local/bin/openstudio
[19:29:04.869756 INFO] Returning Oscli cmd: /usr/local/bin/openstudio --bundle /var/oscli/Gemfile --bundle_path /var/oscli/gems 
[19:29:04.870114 INFO] Running workflow using cmd /usr/local/bin/openstudio --bundle /var/oscli/Gemfile --bundle_path /var/oscli/gems   run --workflow '/mnt/openstudio/analysis_72a216d4-3a64-4cd6-8e04-b9bc3af7ff20/data_point_f4d26a42-8eb9-4247-9516-ec414739b7cf/data_point.osw'  and writing log to /mnt/openstudio/analysis_72a216d4-3a64-4cd6-8e04-b9bc3af7ff20/data_point_f4d26a42-8eb9-4247-9516-ec414739b7cf/oscli_simulation.log
[19:29:26.198016 INFO] Oscli output: /var/oscli/gems/ruby/2.5.0/gems/openstudio-standards-0.2.11/lib/openstudio-standards/btap/btap.rb:56: warning: constant ::Fixnum is deprecated
[openstudio.standards.Model] <1> Model has been assigned a weather file, but the file is not in the specified location of 'file:////mnt/openstudio/analysis_72a216d4-3a64-4cd6-8e04-b9bc3af7ff20/weather/SAU_Riyadh.404380_IWEC.epw'.
[19:29:21.750992 WARN] Could not add loads for Plenum. Not expected for 90.1-2013
[19:29:25.654544 WARN] [openstudio.standards.Construction] Requested U-value of 0.58 for Typical Insulated Exterior Mass Wall is too low given the other materials in the construction; insulation layer will not be modified.
[19:29:25.655285 WARN] [openstudio.standards.Construction] Can only set the u-value of opaque constructions or simple glazing. U 0.60 SHGC 0.25 Dbl 2.5mm air is not opaque or simple glazing.
[19:29:25.655680 WARN] [openstudio.standards.Construction] Can only set the u-value of opaque constructions or simple glazing. U 0.65 SHGC 0.25 Dbl Ref-C-H Clr 6mm/6mm Air is not opaque or simple glazing.
[19:29:25.655801 WARN] [openstudio.standards.Construction] Requested U-value of 1.1686635536297982 for Typical Overhead Door is greater than the sum of the inside and outside resistance, and the max U-value (6.636 SI) is used instead.
[19:29:25.656099 WARN] [openstudio.standards.Construction] Can only set the u-value of opaque constructions or simple glazing. Window_U_0.75_SHGC_0.35_Skylight_Frame_Width_2.339_in is not opaque or simple glazing.
[19:29:25.657035 WARN] [openstudio.weather.Model] Could not find ground temperatures; will use generic temperatures, which will skew results.
[19:29:25.674769 ERROR] [openstudio.standards.Model] Model has been assigned a weather file, but the file is not in the specified location of 'file:////mnt/openstudio/analysis_72a216d4-3a64-4cd6-8e04-b9bc3af7ff20/weather/SAU_Riyadh.404380_IWEC.epw'.
[19:29:25.890249 ERROR] /var/oscli/gems/ruby/2.5.0/gems/openstudio-workflow-2.0.0/lib/openstudio/workflow/util/measure.rb failed with message Runner error /var/oscli/gems/ruby/2.5.0/gems/openstudio-workflow-2.0.0/lib/openstudio/workflow/util/measure.rb failed with Measure create_typical_building_from_model reported an error with ["[openstudio.standards.Model] Model has been assigned a weather file, but the file is not in the specified location of 'file:////mnt/openstudio/analysis_72a216d4-3a64-4cd6-8e04-b9bc3af7ff20/weather/SAU_Riyadh.404380_IWEC.epw'."], /var/oscli/gems/ruby/2.5.0/gems/openstudio-workflow-2.0.0/lib/openstudio/workflow/util/measure.rb:560:in `apply_measure'
/var/oscli/gems/ruby/2.5.0/gems/openstudio-workflow-2.0.0/lib/openstudio/workflow/util/measure.rb:109:in `block in apply_measures'
/var/oscli/gems/ruby/2.5.0/gems/openstudio-workflow-2.0.0/lib/openstudio/workflow/util/measure.rb:67:in `each_index'
/var/oscli/gems/ruby/2.5.0/gems/openstudio-workflow-2.0.0/lib/openstudio/workflow/util/measure.rb:67:in `apply_measures'
/var/oscli/gems/ruby/2.5.0/gems/openstudio-workflow-2.0.0/lib/openstudio/workflow/jobs/run_os_measures.rb:70:in `perform'
/var/oscli/gems/ruby/2.5.0/gems/openstudio-workflow-2.0.0/lib/openstudio/workflow/run.rb:292:in `step'
/var/oscli/gems/ruby/2.5.0/gems/openstudio-workflow-2.0.0/lib/openstudio/workflow/run.rb:234:in `run'
:/openstudio_cli.rb:960:in `execute'
:/openstudio_cli.rb:750:in `execute'
:/openstudio_cli.rb:1744:in `<main>'
eval:174:in `eval'
eval:174:in `require_embedded_absolute'
eval:160:in `block in require_embedded'
eval:154:in `each'
eval:154:in `require_embedded'
eval:113:in `require'
eval:3:in `<main>' in /var/oscli/gems/ruby/2.5.0/gems/openstudio-workflow-2.0.0/lib/openstudio/workflow/util/measure.rb:598:in `rescue in apply_measure'
/var/oscli/gems/ruby/2.5.0/gems/openstudio-workflow-2.0.0/lib/openstudio/workflow/util/measure.rb:548:in `apply_measure'
/var/oscli/gems/ruby/2.5.0/gems/openstudio-workflow-2.0.0/lib/openstudio/workflow/util/measure.rb:109:in `block in apply_measures'
/var/oscli/gems/ruby/2.5.0/gems/openstudio-workflow-2.0.0/lib/openstudio/workflow/util/measure.rb:67:in `each_index'
/var/oscli/gems/ruby/2.5.0/gems/openstudio-workflow-2.0.0/lib/openstudio/workflow/util/measure.rb:67:in `apply_measures'
/var/oscli/gems/ruby/2.5.0/gems/openstudio-workflow-2.0.0/lib/openstudio/workflow/jobs/run_os_measures.rb:70:in `perform'
/var/oscli/gems/ruby/2.5.0/gems/openstudio-workflow-2.0.0/lib/openstudio/workflow/run.rb:292:in `step'
/var/oscli/gems/ruby/2.5.0/gems/openstudio-workflow-2.0.0/lib/openstudio/workflow/run.rb:234:in `run'
:/openstudio_cli.rb:960:in `execute'
:/openstudio_cli.rb:750:in `execute'
:/openstudio_cli.rb:1744:in `<main>'
eval:174:in `eval'
eval:174:in `require_embedded_absolute'
eval:160:in `block in require_embedded'
eval:154:in `each'
eval:154:in `require_embedded'
eval:113:in `require'
eval:3:in `<main>'
[19:29:25.892942 ERROR] Found error in state 'os_measures' with message ["/var/oscli/gems/ruby/2.5.0/gems/openstudio-workflow-2.0.0/lib/openstudio/workflow/util/measure.rb failed with message Runner error /var/oscli/gems/ruby/2.5.0/gems/openstudio-workflow-2.0.0/lib/openstudio/workflow/util/measure.rb failed with Measure create_typical_building_from_model reported an error with [\"[openstudio.standards.Model] Model has been assigned a weather file, but the file is not in the specified location of 'file:////mnt/openstudio/analysis_72a216d4-3a64-4cd6-8e04-b9bc3af7ff20/weather/SAU_Riyadh.404380_IWEC.epw'.\"], /var/oscli/gems/ruby/2.5.0/gems/openstudio-workflow-2.0.0/lib/openstudio/workflow/util/measure.rb:560:in `apply_measure'\n/var/oscli/gems/ruby/2.5.0/gems/openstudio-workflow-2.0.0/lib/openstudio/workflow/util/measure.rb:109:in `block in apply_measures'\n/var/oscli/gems/ruby/2.5.0/gems/openstudio-workflow-2.0.0/lib/openstudio/workflow/util/measure.rb:67:in `each_index'\n/var/oscli/gems/ruby/2.5.0/gems/openstudio-workflow-2.0.0/lib/openstudio/workflow/util/measure.rb:67:in `apply_measures'\n/var/oscli/gems/ruby/2.5.0/gems/openstudio-workflow-2.0.0/lib/openstudio/workflow/jobs/run_os_measures.rb:70:in `perform'\n/var/oscli/gems/ruby/2.5.0/gems/openstudio-workflow-2.0.0/lib/openstudio/workflow/run.rb:292:in `step'\n/var/oscli/gems/ruby/2.5.0/gems/openstudio-workflow-2.0.0/lib/openstudio/workflow/run.rb:234:in `run'\n:/openstudio_cli.rb:960:in `execute'\n:/openstudio_cli.rb:750:in `execute'\n:/openstudio_cli.rb:1744:in `<main>'\neval:174:in `eval'\neval:174:in `require_embedded_absolute'\neval:160:in `block in require_embedded'\neval:154:in `each'\neval:154:in `require_embedded'\neval:113:in `require'\neval:3:in `<main>' in /var/oscli/gems/ruby/2.5.0/gems/openstudio-workflow-2.0.0/lib/openstudio/workflow/util/measure.rb:598:in `rescue in apply_measure'\n/var/oscli/gems/ruby/2.5.0/gems/openstudio-workflow-2.0.0/lib/openstudio/workflow/util/measure.rb:548:in `apply_measure'\n/var/oscli/gems/ruby/2.5.0/gems/openstudio-workflow-2.0.0/lib/openstudio/workflow/util/measure.rb:109:in `block in apply_measures'\n/var/oscli/gems/ruby/2.5.0/gems/openstudio-workflow-2.0.0/lib/openstudio/workflow/util/measure.rb:67:in `each_index'\n/var/oscli/gems/ruby/2.5.0/gems/openstudio-workflow-2.0.0/lib/openstudio/workflow/util/measure.rb:67:in `apply_measures'\n/var/oscli/gems/ruby/2.5.0/gems/openstudio-workflow-2.0.0/lib/openstudio/workflow/jobs/run_os_measures.rb:70:in `perform'\n/var/oscli/gems/ruby/2.5.0/gems/openstudio-workflow-2.0.0/lib/openstudio/workflow/run.rb:292:in `step'\n/var/oscli/gems/ruby/2.5.0/gems/openstudio-workflow-2.0.0/lib/openstudio/workflow/run.rb:234:in `run'\n:/openstudio_cli.rb:960:in `execute'\n:/openstudio_cli.rb:750:in `execute'\n:/openstudio_cli.rb:1744:in `<main>'\neval:174:in `eval'\neval:174:in `require_embedded_absolute'\neval:160:in `block in require_embedded'\neval:154:in `each'\neval:154:in `require_embedded'\neval:113:in `require'\neval:3:in `<main>':/var/oscli/gems/ruby/2.5.0/gems/openstudio-workflow-2.0.0/lib/openstudio/workflow/util/measure.rb:647:in `rescue in apply_measure'\n/var/oscli/gems/ruby/2.5.0/gems/openstudio-workflow-2.0.0/lib/openstudio/workflow/util/measure.rb:305:in `apply_measure'\n/var/oscli/gems/ruby/2.5.0/gems/openstudio-workflow-2.0.0/lib/openstudio/workflow/util/measure.rb:109:in `block in apply_measures'\n/var/oscli/gems/ruby/2.5.0/gems/openstudio-workflow-2.0.0/lib/openstudio/workflow/util/measure.rb:67:in `each_index'\n/var/oscli/gems/ruby/2.5.0/gems/openstudio-workflow-2.0.0/lib/openstudio/workflow/util/measure.rb:67:in `apply_measures'\n/var/oscli/gems/ruby/2.5.0/gems/openstudio-workflow-2.0.0/lib/openstudio/workflow/jobs/run_os_measures.rb:70:in `perform'\n/var/oscli/gems/ruby/2.5.0/gems/openstudio-workflow-2.0.0/lib/openstudio/workflow/run.rb:292:in `step'\n/var/oscli/gems/ruby/2.5.0/gems/openstudio-workflow-2.0.0/lib/openstudio/workflow/run.rb:234:in `run'\n:/openstudio_cli.rb:960:in `execute'\n:/openstudio_cli.rb:750:in `execute'\n:/openstudio_cli.rb:1744:in `<main>'\neval:174:in `eval'\neval:174:in `require_embedded_absolute'\neval:160:in `block in require_embedded'\neval:154:in `each'\neval:154:in `require_embedded'\neval:113:in `require'\neval:3:in `<main>'"]}

[19:29:26.199113 ERROR] Could not find results /mnt/openstudio/analysis_72a216d4-3a64-4cd6-8e04-b9bc3af7ff20/data_point_f4d26a42-8eb9-4247-9516-ec414739b7cf/run/measure_attributes.json
[19:29:26.199193 INFO] Saving files/reports back to the server
[19:29:26.199494 INFO] Saving report /mnt/openstudio/analysis_72a216d4-3a64-4cd6-8e04-b9bc3af7ff20/data_point_f4d26a42-8eb9-4247-9516-ec414739b7cf/out.osw to http://web:80/data_points/f4d26a42-8eb9-4247-9516-ec414739b7cf/upload_file
[19:29:26.229292 INFO] Saving report responded with {"id":"5efb9296ce5ea001352be9e0","data_point_id":"f4d26a42-8eb9-4247-9516-ec414739b7cf","display_name":"Final OSW File","type":"Report","created_at":"2020-06-30T19:29:26.212Z","updated_at":"2020-06-30T19:29:26.212Z"}
[19:29:26.229631 INFO] Saving report /mnt/openstudio/analysis_72a216d4-3a64-4cd6-8e04-b9bc3af7ff20/data_point_f4d26a42-8eb9-4247-9516-ec414739b7cf/run/data_point.zip to http://web:80/data_points/f4d26a42-8eb9-4247-9516-ec414739b7cf/upload_file
[19:29:26.271250 INFO] Saving report responded with {"id":"5efb9296ce5ea001702bb761","data_point_id":"f4d26a42-8eb9-4247-9516-ec414739b7cf","display_name":"Zip File","type":"Data Point","created_at":"2020-06-30T19:29:26.253Z","updated_at":"2020-06-30T19:29:26.253Z"}
[19:29:26.271537 INFO] Checking for presence of args file at /mnt/openstudio/analysis_72a216d4-3a64-4cd6-8e04-b9bc3af7ff20/scripts/data_point/finalize.args
[19:29:26.271601 INFO] Checking for presence of script file at /mnt/openstudio/analysis_72a216d4-3a64-4cd6-8e04-b9bc3af7ff20/scripts/data_point/finalize.sh
[19:29:26.275753 INFO] Finished /opt/openstudio/server/app/jobs/dj_jobs/run_simulate_data_point.rb
