# Logfile created on 2020-06-30 19:29:01 +0000 by logger.rb/61378
[19:29:02.009866 INFO] Server host is http://web:80
[19:29:02.009979 INFO] Analysis directory is /mnt/openstudio/analysis_72a216d4-3a64-4cd6-8e04-b9bc3af7ff20
[19:29:02.010044 INFO] Simulation directory is /mnt/openstudio/analysis_72a216d4-3a64-4cd6-8e04-b9bc3af7ff20/data_point_01e6ed23-4fa9-4790-844f-2ee1be2cfb14
[19:29:02.010087 INFO] Run datapoint type/file is 
[19:29:02.010139 INFO] Starting initialize_worker for datapoint 01e6ed23-4fa9-4790-844f-2ee1be2cfb14
[19:29:02.010598 INFO] Downloading analysis zip from http://web:80/analyses/72a216d4-3a64-4cd6-8e04-b9bc3af7ff20/download_analysis_zip
[19:29:03.304325 INFO] Extracting analysis zip to /mnt/openstudio/analysis_72a216d4-3a64-4cd6-8e04-b9bc3af7ff20
[19:29:03.323239 INFO] Zip: Extracting lib/resources/ASHRAE_zone12_Spec.idf
[19:29:03.324949 INFO] Zip: Extracting lib/resources/ASHRAE_zone3_Spec.idf
[19:29:03.325664 INFO] Zip: Extracting lib/resources/ASHRAE_zone456_Spec.idf
[19:29:03.326426 INFO] Zip: Extracting lib/resources/ASHRAE_zone78_Spec.idf
[19:29:03.327182 INFO] Zip: Extracting lib/resources/GlzSys19_13F-air-9_Spec.idf
[19:29:03.328913 INFO] Zip: Extracting lib/resources/GlzSys20_14F-air-3000_Spec.idf
[19:29:03.330585 INFO] Zip: Extracting lib/resources/GlzSys21_13F-air-3000_Spec.idf
[19:29:03.332203 INFO] Zip: Extracting lib/resources/GlzSys_10-air-9_Spec.idf
[19:29:03.333872 INFO] Zip: Extracting lib/resources/GlzSys_10F-air-3000_Spec.idf
[19:29:03.335266 INFO] Zip: Extracting lib/resources/GlzSys_11F-air-3000_Spec.idf
[19:29:03.336616 INFO] Zip: Extracting lib/resources/GlzSys_16095-air-3000_Spec.idf
[19:29:03.337829 INFO] Zip: Extracting lib/resources/GlzSys_16095-air-9_Spec.idf
[19:29:03.339062 INFO] Zip: Extracting lib/resources/GlzSys_6374-air-3000_Spec.idf
[19:29:03.340419 INFO] Zip: Extracting lib/resources/GlzSys_Dark_PV_Spec.idf
[19:29:03.341191 INFO] Zip: Extracting lib/resources/GlzSys_Light_PV_Spec.idf
[19:29:03.341939 INFO] Zip: Extracting lib/resources/GlzSys_Thermochromic_30C.idf
[19:29:03.342857 INFO] Zip: Extracting lib/resources/GlzSys_Thermochromic_35C.idf
[19:29:03.343878 INFO] Zip: Extracting lib/resources/GlzSys_Thermochromic_40C.idf
[19:29:03.344861 INFO] Zip: Extracting lib/resources/SG_zone12_Spec.idf
[19:29:03.345802 INFO] Zip: Extracting lib/resources/SG_zone3_Spec.idf
[19:29:03.346851 INFO] Zip: Extracting lib/resources/SG_zone456_Spec.idf
[19:29:03.348149 INFO] Zip: Extracting lib/resources/SG_zone78_Spec.idf
[19:29:03.349483 INFO] Zip: Extracting lib/resources/Window_PV_No_frame_Spec_Spec.idf
[19:29:03.350280 INFO] Zip: Extracting lib/resources/Window_PV_frame_Spec.idf
[19:29:03.351100 INFO] Zip: Extracting measures/AddMeter/
[19:29:03.351323 INFO] Zip: Extracting measures/AddMeter/LICENSE.md
[19:29:03.351743 INFO] Zip: Extracting measures/AddMeter/New folder/
[19:29:03.351917 INFO] Zip: Extracting measures/AddMeter/README.md
[19:29:03.352342 INFO] Zip: Extracting measures/AddMeter/README.md.erb
[19:29:03.352777 INFO] Zip: Extracting measures/AddMeter/measure.rb
[19:29:03.353209 INFO] Zip: Extracting measures/AddMeter/measure.xml
[19:29:03.353637 INFO] Zip: Extracting measures/AddMeter/tests/
[19:29:03.353814 INFO] Zip: Extracting measures/AddMeter/tests/AddMeter_Test.rb
[19:29:03.354292 INFO] Zip: Extracting measures/AddOutputVariable/
[19:29:03.354469 INFO] Zip: Extracting measures/AddOutputVariable/LICENSE.md
[19:29:03.354894 INFO] Zip: Extracting measures/AddOutputVariable/README.md
[19:29:03.356163 INFO] Zip: Extracting measures/AddOutputVariable/README.md.erb
[19:29:03.356659 INFO] Zip: Extracting measures/AddOutputVariable/measure.rb
[19:29:03.357095 INFO] Zip: Extracting measures/AddOutputVariable/measure.xml
[19:29:03.357579 INFO] Zip: Extracting measures/AddOutputVariable/tests/
[19:29:03.357768 INFO] Zip: Extracting measures/AddOutputVariable/tests/AddOutputVariable_Test.rb
[19:29:03.358201 INFO] Zip: Extracting measures/ChangeBuildingLocation/
[19:29:03.358392 INFO] Zip: Extracting measures/ChangeBuildingLocation/LICENSE.md
[19:29:03.358785 INFO] Zip: Extracting measures/ChangeBuildingLocation/README.md
[19:29:03.359252 INFO] Zip: Extracting measures/ChangeBuildingLocation/README.md.erb
[19:29:03.359646 INFO] Zip: Extracting measures/ChangeBuildingLocation/measure.rb
[19:29:03.360190 INFO] Zip: Extracting measures/ChangeBuildingLocation/measure.xml
[19:29:03.360821 INFO] Zip: Extracting measures/ChangeBuildingLocation/resources/
[19:29:03.361002 INFO] Zip: Extracting measures/ChangeBuildingLocation/resources/epw.rb
[19:29:03.361491 INFO] Zip: Extracting measures/ChangeBuildingLocation/resources/os_lib_helper_methods.rb
[19:29:03.361999 INFO] Zip: Extracting measures/ChangeBuildingLocation/resources/stat_file.rb
[19:29:03.362502 INFO] Zip: Extracting measures/ChangeBuildingLocation/tests/
[19:29:03.362695 INFO] Zip: Extracting measures/ChangeBuildingLocation/tests/USA_MA_Boston-Logan.Intl.AP.725090_TMY3.ddy
[19:29:03.363245 INFO] Zip: Extracting measures/ChangeBuildingLocation/tests/USA_MA_Boston-Logan.Intl.AP.725090_TMY3.epw
[19:29:03.378271 INFO] Zip: Extracting measures/ChangeBuildingLocation/tests/USA_MA_Boston-Logan.Intl.AP.725090_TMY3.stat
[19:29:03.379368 INFO] Zip: Extracting measures/ChangeBuildingLocation/tests/USA_WA_Renton.Muni.AP.727934_TMY3.ddy
[19:29:03.379852 INFO] Zip: Extracting measures/ChangeBuildingLocation/tests/USA_WA_Renton.Muni.AP.727934_TMY3.epw
[19:29:03.396144 INFO] Zip: Extracting measures/ChangeBuildingLocation/tests/USA_WA_Renton.Muni.AP.727934_TMY3.stat
[19:29:03.397039 INFO] Zip: Extracting measures/ChangeBuildingLocation/tests/another_weather_file.ddy
[19:29:03.397656 INFO] Zip: Extracting measures/ChangeBuildingLocation/tests/another_weather_file.epw
[19:29:03.413331 INFO] Zip: Extracting measures/ChangeBuildingLocation/tests/another_weather_file.stat
[19:29:03.414098 INFO] Zip: Extracting measures/ChangeBuildingLocation/tests/change_building_location_test.rb
[19:29:03.414522 INFO] Zip: Extracting measures/ChangeBuildingLocation/tests/multiyear.ddy
[19:29:03.415001 INFO] Zip: Extracting measures/ChangeBuildingLocation/tests/multiyear.epw
[19:29:03.415379 INFO] Zip: Extracting measures/ChangeBuildingLocation/tests/multiyear.stat
[19:29:03.415963 INFO] Zip: Extracting measures/ChangeBuildingLocation/tests/test.osm
[19:29:03.420459 INFO] Zip: Extracting measures/ChangeBuildingLocation/tests/test.osw
[19:29:03.421533 INFO] Zip: Extracting measures/ServerDirectoryCleanup/
[19:29:03.421723 INFO] Zip: Extracting measures/ServerDirectoryCleanup/LICENSE.md
[19:29:03.422196 INFO] Zip: Extracting measures/ServerDirectoryCleanup/measure.rb
[19:29:03.422659 INFO] Zip: Extracting measures/ServerDirectoryCleanup/measure.xml
[19:29:03.423136 INFO] Zip: Extracting measures/ServerDirectoryCleanup/tests/
[19:29:03.423301 INFO] Zip: Extracting measures/ServerDirectoryCleanup/tests/ServerDirectoryCleanup_test.rb
[19:29:03.423767 INFO] Zip: Extracting measures/ServerDirectoryCleanup/tests/USA_CO_Golden-NREL.724666_TMY3.epw
[19:29:03.439535 INFO] Zip: Extracting measures/ServerDirectoryCleanup/tests/example_model.osm
[19:29:03.441741 INFO] Zip: Extracting measures/WindowPV_reporting/
[19:29:03.442008 INFO] Zip: Extracting measures/WindowPV_reporting/measure.rb
[19:29:03.442950 INFO] Zip: Extracting measures/WindowPV_reporting/measure.xml
[19:29:03.443642 INFO] Zip: Extracting measures/WindowPV_reporting/resources/
[19:29:03.443861 INFO] Zip: Extracting measures/WindowPV_reporting/resources/os_lib_helper_methods.rb
[19:29:03.444529 INFO] Zip: Extracting measures/WindowPV_reporting/resources/report.html.in
[19:29:03.445104 INFO] Zip: Extracting measures/WindowPV_reporting/tests/
[19:29:03.445294 INFO] Zip: Extracting measures/WindowPV_reporting/tests/USA_CO_Golden-NREL.724666_TMY3.epw
[19:29:03.465261 INFO] Zip: Extracting measures/WindowPV_reporting/tests/example_model.osm
[19:29:03.467654 INFO] Zip: Extracting measures/WindowPV_reporting/tests/ubi_qd_reporting_test.rb
[19:29:03.468444 INFO] Zip: Extracting measures/a_inject_window_specific_idf_objects/
[19:29:03.468676 INFO] Zip: Extracting measures/a_inject_window_specific_idf_objects/LICENSE.md
[19:29:03.469264 INFO] Zip: Extracting measures/a_inject_window_specific_idf_objects/measure.rb
[19:29:03.469975 INFO] Zip: Extracting measures/a_inject_window_specific_idf_objects/measure.xml
[19:29:03.470605 INFO] Zip: Extracting measures/a_inject_window_specific_idf_objects/tests/
[19:29:03.470820 INFO] Zip: Extracting measures/a_inject_window_specific_idf_objects/tests/EnvelopeAndLoadTestModel_01.osm
[19:29:03.592777 INFO] Zip: Extracting measures/a_inject_window_specific_idf_objects/tests/Example B - BlockEnergyCharge.idf
[19:29:03.593261 INFO] Zip: Extracting measures/a_inject_window_specific_idf_objects/tests/measure_Test.rb
[19:29:03.593635 INFO] Zip: Extracting measures/a_inject_window_specific_idf_objects/tests/test.osw
[19:29:03.594309 INFO] Zip: Extracting measures/add_thermochromic_bipv/
[19:29:03.594469 INFO] Zip: Extracting measures/add_thermochromic_bipv/measure.rb
[19:29:03.594928 INFO] Zip: Extracting measures/add_thermochromic_bipv/measure.xml
[19:29:03.595316 INFO] Zip: Extracting measures/add_thermochromic_bipv/resources/
[19:29:03.595469 INFO] Zip: Extracting measures/add_thermochromic_bipv/resources/HVACSizing.Model.rb
[19:29:03.595932 INFO] Zip: Extracting measures/add_thermochromic_bipv/resources/Standards.Construction.rb
[19:29:03.596323 INFO] Zip: Extracting measures/add_thermochromic_bipv/resources/os_lib_helper_methods.rb
[19:29:03.596773 INFO] Zip: Extracting measures/add_thermochromic_bipv/resources/os_lib_schedules.rb
[19:29:03.597322 INFO] Zip: Extracting measures/create_bar_from_building_type_ratios/
[19:29:03.597485 INFO] Zip: Extracting measures/create_bar_from_building_type_ratios/LICENSE.md
[19:29:03.597846 INFO] Zip: Extracting measures/create_bar_from_building_type_ratios/README.md
[19:29:03.598232 INFO] Zip: Extracting measures/create_bar_from_building_type_ratios/README.md.erb
[19:29:03.598578 INFO] Zip: Extracting measures/create_bar_from_building_type_ratios/measure.rb
[19:29:03.599160 INFO] Zip: Extracting measures/create_bar_from_building_type_ratios/measure.xml
[19:29:03.599624 INFO] Zip: Extracting measures/create_bar_from_building_type_ratios/resources/
[19:29:03.599783 INFO] Zip: Extracting measures/create_bar_from_building_type_ratios/resources/os_lib_geometry.rb
[19:29:03.600467 INFO] Zip: Extracting measures/create_bar_from_building_type_ratios/resources/os_lib_helper_methods.rb
[19:29:03.600914 INFO] Zip: Extracting measures/create_bar_from_building_type_ratios/resources/os_lib_model_generation.rb
[19:29:03.601535 INFO] Zip: Extracting measures/create_bar_from_building_type_ratios/resources/os_lib_model_simplification.rb
[19:29:03.602166 INFO] Zip: Extracting measures/create_bar_from_building_type_ratios/tests/
[19:29:03.602326 INFO] Zip: Extracting measures/create_bar_from_building_type_ratios/tests/create_bar_from_building_type_ratios_test.rb
[19:29:03.602754 INFO] Zip: Extracting measures/create_bar_from_building_type_ratios/tests/example_model.osm
[19:29:03.605326 INFO] Zip: Extracting measures/create_typical_building_from_model/
[19:29:03.605546 INFO] Zip: Extracting measures/create_typical_building_from_model/LICENSE.md
[19:29:03.605946 INFO] Zip: Extracting measures/create_typical_building_from_model/README.md
[19:29:03.606321 INFO] Zip: Extracting measures/create_typical_building_from_model/README.md.erb
[19:29:03.606667 INFO] Zip: Extracting measures/create_typical_building_from_model/measure.rb
[19:29:03.607301 INFO] Zip: Extracting measures/create_typical_building_from_model/measure.xml
[19:29:03.607767 INFO] Zip: Extracting measures/create_typical_building_from_model/resources/
[19:29:03.607947 INFO] Zip: Extracting measures/create_typical_building_from_model/resources/Model.hvac.rb
[19:29:03.608387 INFO] Zip: Extracting measures/create_typical_building_from_model/resources/os_lib_helper_methods.rb
[19:29:03.608852 INFO] Zip: Extracting measures/create_typical_building_from_model/resources/os_lib_model_generation.rb
[19:29:03.609450 INFO] Zip: Extracting measures/create_typical_building_from_model/tests/
[19:29:03.609604 INFO] Zip: Extracting measures/create_typical_building_from_model/tests/GenericGbxml.osm
[19:29:03.612130 INFO] Zip: Extracting measures/create_typical_building_from_model/tests/LargeOffice04.osm
[19:29:03.618995 INFO] Zip: Extracting measures/create_typical_building_from_model/tests/MidriseApartment.osm
[19:29:03.769844 INFO] Zip: Extracting measures/create_typical_building_from_model/tests/SmallOffice.osm
[19:29:03.772980 INFO] Zip: Extracting measures/create_typical_building_from_model/tests/USA_TX_Houston-Bush.Intercontinental.AP.722430_TMY3.epw
[19:29:03.788152 INFO] Zip: Extracting measures/create_typical_building_from_model/tests/create_typical_building_from_model_test.rb
[19:29:03.788910 INFO] Zip: Extracting measures/create_typical_building_from_model/tests/test.osw
[19:29:03.789931 INFO] Zip: Extracting measures/create_typical_building_from_model/tests/test_hvac.rb
[19:29:03.790514 INFO] Zip: Extracting measures/export_variableto_csv_variables_for_bipvpce/
[19:29:03.790757 INFO] Zip: Extracting measures/export_variableto_csv_variables_for_bipvpce/measure.rb
[19:29:03.791363 INFO] Zip: Extracting measures/export_variableto_csv_variables_for_bipvpce/measure.xml
[19:29:03.791890 INFO] Zip: Extracting measures/export_variableto_csv_variables_for_bipvpce/resources/
[19:29:03.792110 INFO] Zip: Extracting measures/export_variableto_csv_variables_for_bipvpce/resources/report.html.in
[19:29:03.792596 INFO] Zip: Extracting measures/export_variableto_csv_variables_for_bipvpce/tests/
[19:29:03.792809 INFO] Zip: Extracting measures/export_variableto_csv_variables_for_bipvpce/tests/ExportVariabletoCSV_test.rb
[19:29:03.793319 INFO] Zip: Extracting measures/export_variableto_csv_variables_for_bipvpce/tests/example_model.osm
[19:29:03.795039 INFO] Zip: Extracting measures/inject_idf_window_objects/
[19:29:03.795290 INFO] Zip: Extracting measures/inject_idf_window_objects/LICENSE.md
[19:29:03.795827 INFO] Zip: Extracting measures/inject_idf_window_objects/measure.rb
[19:29:03.796462 INFO] Zip: Extracting measures/inject_idf_window_objects/measure.xml
[19:29:03.797010 INFO] Zip: Extracting measures/inject_idf_window_objects/tests/
[19:29:03.797227 INFO] Zip: Extracting measures/inject_idf_window_objects/tests/EnvelopeAndLoadTestModel_01.osm
[19:29:03.803523 INFO] Zip: Extracting measures/inject_idf_window_objects/tests/Example B - BlockEnergyCharge.idf
[19:29:03.804175 INFO] Zip: Extracting measures/inject_idf_window_objects/tests/measure_Test.rb
[19:29:03.804704 INFO] Zip: Extracting measures/inject_idf_window_objects/tests/test.osw
[19:29:03.805621 INFO] Zip: Extracting seeds/switchglaze/
[19:29:03.805873 INFO] Zip: Extracting seeds/switchglaze.osm
[19:29:03.814651 INFO] Zip: Extracting seeds/switchglaze/files/
[19:29:03.814994 INFO] Zip: Extracting seeds/switchglaze/measures/
[19:29:03.815211 INFO] Zip: Extracting seeds/switchglaze/run/
[19:29:03.815421 INFO] Zip: Extracting seeds/switchglaze/workflow.osw
[19:29:03.825279 INFO] Zip: Extracting weather/DEU_Hamburg.101470_IWEC.ddy
[19:29:03.826077 INFO] Zip: Extracting weather/DEU_Hamburg.101470_IWEC.epw
[19:29:03.840121 INFO] Zip: Extracting weather/DEU_Hamburg.101470_IWEC.stat
[19:29:03.841244 INFO] Zip: Extracting weather/JPN_Tokyo.Hyakuri.477150_IWEC.ddy
[19:29:03.842022 INFO] Zip: Extracting weather/JPN_Tokyo.Hyakuri.477150_IWEC.epw
[19:29:03.856315 INFO] Zip: Extracting weather/JPN_Tokyo.Hyakuri.477150_IWEC.stat
[19:29:03.857363 INFO] Zip: Extracting weather/SAU_Riyadh.404380_IWEC.ddy
[19:29:03.858029 INFO] Zip: Extracting weather/SAU_Riyadh.404380_IWEC.epw
[19:29:03.872489 INFO] Zip: Extracting weather/SAU_Riyadh.404380_IWEC.stat
[19:29:03.873533 INFO] Zip: Extracting weather/SGP_Singapore.486980_IWEC.ddy
[19:29:03.874192 INFO] Zip: Extracting weather/SGP_Singapore.486980_IWEC.epw
[19:29:03.895268 INFO] Zip: Extracting weather/SGP_Singapore.486980_IWEC.stat
[19:29:03.896434 INFO] Zip: Extracting weather/USA_AK_Fairbanks.Intl.AP.702610_TMY3.ddy
[19:29:03.897235 INFO] Zip: Extracting weather/USA_AK_Fairbanks.Intl.AP.702610_TMY3.epw
[19:29:03.922889 INFO] Zip: Extracting weather/USA_AK_Fairbanks.Intl.AP.702610_TMY3.stat
[19:29:03.924193 INFO] Zip: Extracting weather/USA_AZ_Tucson.Intl.AP.722740_TMY3.ddy
[19:29:03.925187 INFO] Zip: Extracting weather/USA_AZ_Tucson.Intl.AP.722740_TMY3.epw
[19:29:03.947574 INFO] Zip: Extracting weather/USA_AZ_Tucson.Intl.AP.722740_TMY3.stat
[19:29:03.948860 INFO] Zip: Extracting weather/USA_CA_San.Diego-Lindbergh.Field.722900_TMY3.ddy
[19:29:03.949738 INFO] Zip: Extracting weather/USA_CA_San.Diego-Lindbergh.Field.722900_TMY3.epw
[19:29:04.161827 INFO] Zip: Extracting weather/USA_CA_San.Diego-Lindbergh.Field.722900_TMY3.stat
[19:29:04.163004 INFO] Zip: Extracting weather/USA_CO_Denver.Intl.AP.725650_TMY3.ddy
[19:29:04.163803 INFO] Zip: Extracting weather/USA_CO_Denver.Intl.AP.725650_TMY3.epw
[19:29:04.180296 INFO] Zip: Extracting weather/USA_CO_Denver.Intl.AP.725650_TMY3.stat
[19:29:04.181359 INFO] Zip: Extracting weather/USA_FL_Tampa.Intl.AP.722110_TMY3.ddy
[19:29:04.182016 INFO] Zip: Extracting weather/USA_FL_Tampa.Intl.AP.722110_TMY3.epw
[19:29:04.198021 INFO] Zip: Extracting weather/USA_FL_Tampa.Intl.AP.722110_TMY3.stat
[19:29:04.199056 INFO] Zip: Extracting weather/USA_GA_Atlanta-Hartsfield-Jackson.Intl.AP.722190_TMY3.ddy
[19:29:04.199730 INFO] Zip: Extracting weather/USA_GA_Atlanta-Hartsfield-Jackson.Intl.AP.722190_TMY3.epw
[19:29:04.350185 INFO] Zip: Extracting weather/USA_GA_Atlanta-Hartsfield-Jackson.Intl.AP.722190_TMY3.stat
[19:29:04.351143 INFO] Zip: Extracting weather/USA_HI_Honolulu.Intl.AP.911820_TMY3.ddy
[19:29:04.351791 INFO] Zip: Extracting weather/USA_HI_Honolulu.Intl.AP.911820_TMY3.epw
[19:29:04.364994 INFO] Zip: Extracting weather/USA_HI_Honolulu.Intl.AP.911820_TMY3.stat
[19:29:04.365836 INFO] Zip: Extracting weather/USA_MN_International.Falls.Intl.AP.727470_TMY3.ddy
[19:29:04.366383 INFO] Zip: Extracting weather/USA_MN_International.Falls.Intl.AP.727470_TMY3.epw
[19:29:04.378966 INFO] Zip: Extracting weather/USA_MN_International.Falls.Intl.AP.727470_TMY3.stat
[19:29:04.379821 INFO] Zip: Extracting weather/USA_MN_Rochester.Intl.AP.726440_TMY3.ddy
[19:29:04.380373 INFO] Zip: Extracting weather/USA_MN_Rochester.Intl.AP.726440_TMY3.epw
[19:29:04.399070 INFO] Zip: Extracting weather/USA_MN_Rochester.Intl.AP.726440_TMY3.stat
[19:29:04.399999 INFO] Zip: Extracting weather/USA_MT_Great.Falls.Intl.AP.727750_TMY3.ddy
[19:29:04.400598 INFO] Zip: Extracting weather/USA_MT_Great.Falls.Intl.AP.727750_TMY3.epw
[19:29:04.413045 INFO] Zip: Extracting weather/USA_MT_Great.Falls.Intl.AP.727750_TMY3.stat
[19:29:04.414056 INFO] Zip: Extracting weather/USA_NM_Albuquerque.Intl.AP.723650_TMY3.ddy
[19:29:04.414602 INFO] Zip: Extracting weather/USA_NM_Albuquerque.Intl.AP.723650_TMY3.epw
[19:29:04.426306 INFO] Zip: Extracting weather/USA_NM_Albuquerque.Intl.AP.723650_TMY3.stat
[19:29:04.427181 INFO] Zip: Extracting weather/USA_NY_Buffalo-Greater.Buffalo.Intl.AP.725280_TMY3.ddy
[19:29:04.427691 INFO] Zip: Extracting weather/USA_NY_Buffalo-Greater.Buffalo.Intl.AP.725280_TMY3.epw
[19:29:04.442441 INFO] Zip: Extracting weather/USA_NY_Buffalo-Greater.Buffalo.Intl.AP.725280_TMY3.stat
[19:29:04.443454 INFO] Zip: Extracting weather/USA_NY_New.York-J.F.Kennedy.Intl.AP.744860_TMY3.ddy
[19:29:04.444067 INFO] Zip: Extracting weather/USA_NY_New.York-J.F.Kennedy.Intl.AP.744860_TMY3.epw
[19:29:04.459655 INFO] Zip: Extracting weather/USA_NY_New.York-J.F.Kennedy.Intl.AP.744860_TMY3.stat
[19:29:04.460653 INFO] Zip: Extracting weather/USA_TX_El.Paso.Intl.AP.722700_TMY3.ddy
[19:29:04.461283 INFO] Zip: Extracting weather/USA_TX_El.Paso.Intl.AP.722700_TMY3.epw
[19:29:04.481629 INFO] Zip: Extracting weather/USA_TX_El.Paso.Intl.AP.722700_TMY3.stat
[19:29:04.482645 INFO] Zip: Extracting weather/USA_WA_Port.Angeles-William.R.Fairchild.Intl.AP.727885_TMY3.ddy
[19:29:04.483298 INFO] Zip: Extracting weather/USA_WA_Port.Angeles-William.R.Fairchild.Intl.AP.727885_TMY3.epw
[19:29:04.496954 INFO] Zip: Extracting weather/USA_WA_Port.Angeles-William.R.Fairchild.Intl.AP.727885_TMY3.stat
[19:29:04.497934 INFO] Zip: Extracting weather/USA_WA_Seattle-Tacoma.Intl.AP.727930_TMY3.ddy
[19:29:04.498483 INFO] Zip: Extracting weather/USA_WA_Seattle-Tacoma.Intl.AP.727930_TMY3.epw
[19:29:04.512236 INFO] Zip: Extracting weather/USA_WA_Seattle-Tacoma.Intl.AP.727930_TMY3.stat
[19:29:04.516644 INFO] Downloading analysis.json from http://web:80/analyses/72a216d4-3a64-4cd6-8e04-b9bc3af7ff20.json
[19:29:04.590582 INFO] Checking for presence of args file at /mnt/openstudio/analysis_72a216d4-3a64-4cd6-8e04-b9bc3af7ff20/scripts/data_point/initialize.args
[19:29:04.590682 INFO] Checking for presence of script file at /mnt/openstudio/analysis_72a216d4-3a64-4cd6-8e04-b9bc3af7ff20/scripts/data_point/initialize.sh
[19:29:04.590750 INFO] Finished worker initialization
[19:29:04.590811 INFO] RestClient delete
[19:29:04.590865 INFO] delete post_count = 1
[19:29:04.607416 INFO] Downloading datapoint from http://web:80/data_points/01e6ed23-4fa9-4790-844f-2ee1be2cfb14.json
[19:29:04.607522 INFO] get url post_count = 1
[19:29:04.637034 INFO] Creating Workflow Manager instance
[19:29:04.637118 INFO] Directory is /mnt/openstudio/analysis_72a216d4-3a64-4cd6-8e04-b9bc3af7ff20/data_point_01e6ed23-4fa9-4790-844f-2ee1be2cfb14
[19:29:04.637182 INFO] Opening run.log file '/mnt/openstudio/analysis_72a216d4-3a64-4cd6-8e04-b9bc3af7ff20/data_point_01e6ed23-4fa9-4790-844f-2ee1be2cfb14/run/run.log'
[19:29:04.637328 WARN] Error finding Oscli: OPENSTUDIO_EXE_PATH not set
[19:29:04.653146 WARN] Defaulting to fun Oscli via /usr/local/bin/openstudio
[19:29:04.653304 INFO] Returning Oscli cmd: /usr/local/bin/openstudio --bundle /var/oscli/Gemfile --bundle_path /var/oscli/gems 
[19:29:04.653511 INFO] Running workflow using cmd /usr/local/bin/openstudio --bundle /var/oscli/Gemfile --bundle_path /var/oscli/gems   run --workflow '/mnt/openstudio/analysis_72a216d4-3a64-4cd6-8e04-b9bc3af7ff20/data_point_01e6ed23-4fa9-4790-844f-2ee1be2cfb14/data_point.osw'  and writing log to /mnt/openstudio/analysis_72a216d4-3a64-4cd6-8e04-b9bc3af7ff20/data_point_01e6ed23-4fa9-4790-844f-2ee1be2cfb14/oscli_simulation.log
[19:29:25.979192 INFO] Oscli output: /var/oscli/gems/ruby/2.5.0/gems/openstudio-standards-0.2.11/lib/openstudio-standards/btap/btap.rb:56: warning: constant ::Fixnum is deprecated
[openstudio.standards.Model] <1> Model has been assigned a weather file, but the file is not in the specified location of 'file:////mnt/openstudio/analysis_72a216d4-3a64-4cd6-8e04-b9bc3af7ff20/weather/SAU_Riyadh.404380_IWEC.epw'.
[19:29:21.750433 WARN] Could not add loads for Plenum. Not expected for 90.1-2013
[19:29:25.581805 WARN] [openstudio.standards.Construction] Requested U-value of 0.58 for Typical Insulated Exterior Mass Wall is too low given the other materials in the construction; insulation layer will not be modified.
[19:29:25.582196 WARN] [openstudio.standards.Construction] Can only set the u-value of opaque constructions or simple glazing. U 0.60 SHGC 0.25 Dbl 2.5mm air is not opaque or simple glazing.
[19:29:25.582414 WARN] [openstudio.standards.Construction] Can only set the u-value of opaque constructions or simple glazing. U 0.65 SHGC 0.25 Dbl Ref-C-H Clr 6mm/6mm Air is not opaque or simple glazing.
[19:29:25.582489 WARN] [openstudio.standards.Construction] Requested U-value of 1.1686635536297982 for Typical Overhead Door is greater than the sum of the inside and outside resistance, and the max U-value (6.636 SI) is used instead.
[19:29:25.582645 WARN] [openstudio.standards.Construction] Can only set the u-value of opaque constructions or simple glazing. Window_U_0.75_SHGC_0.35_Skylight_Frame_Width_2.339_in is not opaque or simple glazing.
[19:29:25.583132 WARN] [openstudio.weather.Model] Could not find ground temperatures; will use generic temperatures, which will skew results.
[19:29:25.591833 ERROR] [openstudio.standards.Model] Model has been assigned a weather file, but the file is not in the specified location of 'file:////mnt/openstudio/analysis_72a216d4-3a64-4cd6-8e04-b9bc3af7ff20/weather/SAU_Riyadh.404380_IWEC.epw'.
[19:29:25.754700 ERROR] /var/oscli/gems/ruby/2.5.0/gems/openstudio-workflow-2.0.0/lib/openstudio/workflow/util/measure.rb failed with message Runner error /var/oscli/gems/ruby/2.5.0/gems/openstudio-workflow-2.0.0/lib/openstudio/workflow/util/measure.rb failed with Measure create_typical_building_from_model reported an error with ["[openstudio.standards.Model] Model has been assigned a weather file, but the file is not in the specified location of 'file:////mnt/openstudio/analysis_72a216d4-3a64-4cd6-8e04-b9bc3af7ff20/weather/SAU_Riyadh.404380_IWEC.epw'."], /var/oscli/gems/ruby/2.5.0/gems/openstudio-workflow-2.0.0/lib/openstudio/workflow/util/measure.rb:560:in `apply_measure'
/var/oscli/gems/ruby/2.5.0/gems/openstudio-workflow-2.0.0/lib/openstudio/workflow/util/measure.rb:109:in `block in apply_measures'
/var/oscli/gems/ruby/2.5.0/gems/openstudio-workflow-2.0.0/lib/openstudio/workflow/util/measure.rb:67:in `each_index'
/var/oscli/gems/ruby/2.5.0/gems/openstudio-workflow-2.0.0/lib/openstudio/workflow/util/measure.rb:67:in `apply_measures'
/var/oscli/gems/ruby/2.5.0/gems/openstudio-workflow-2.0.0/lib/openstudio/workflow/jobs/run_os_measures.rb:70:in `perform'
/var/oscli/gems/ruby/2.5.0/gems/openstudio-workflow-2.0.0/lib/openstudio/workflow/run.rb:292:in `step'
/var/oscli/gems/ruby/2.5.0/gems/openstudio-workflow-2.0.0/lib/openstudio/workflow/run.rb:234:in `run'
:/openstudio_cli.rb:960:in `execute'
:/openstudio_cli.rb:750:in `execute'
:/openstudio_cli.rb:1744:in `<main>'
eval:174:in `eval'
eval:174:in `require_embedded_absolute'
eval:160:in `block in require_embedded'
eval:154:in `each'
eval:154:in `require_embedded'
eval:113:in `require'
eval:3:in `<main>' in /var/oscli/gems/ruby/2.5.0/gems/openstudio-workflow-2.0.0/lib/openstudio/workflow/util/measure.rb:598:in `rescue in apply_measure'
/var/oscli/gems/ruby/2.5.0/gems/openstudio-workflow-2.0.0/lib/openstudio/workflow/util/measure.rb:548:in `apply_measure'
/var/oscli/gems/ruby/2.5.0/gems/openstudio-workflow-2.0.0/lib/openstudio/workflow/util/measure.rb:109:in `block in apply_measures'
/var/oscli/gems/ruby/2.5.0/gems/openstudio-workflow-2.0.0/lib/openstudio/workflow/util/measure.rb:67:in `each_index'
/var/oscli/gems/ruby/2.5.0/gems/openstudio-workflow-2.0.0/lib/openstudio/workflow/util/measure.rb:67:in `apply_measures'
/var/oscli/gems/ruby/2.5.0/gems/openstudio-workflow-2.0.0/lib/openstudio/workflow/jobs/run_os_measures.rb:70:in `perform'
/var/oscli/gems/ruby/2.5.0/gems/openstudio-workflow-2.0.0/lib/openstudio/workflow/run.rb:292:in `step'
/var/oscli/gems/ruby/2.5.0/gems/openstudio-workflow-2.0.0/lib/openstudio/workflow/run.rb:234:in `run'
:/openstudio_cli.rb:960:in `execute'
:/openstudio_cli.rb:750:in `execute'
:/openstudio_cli.rb:1744:in `<main>'
eval:174:in `eval'
eval:174:in `require_embedded_absolute'
eval:160:in `block in require_embedded'
eval:154:in `each'
eval:154:in `require_embedded'
eval:113:in `require'
eval:3:in `<main>'
[19:29:25.756974 ERROR] Found error in state 'os_measures' with message ["/var/oscli/gems/ruby/2.5.0/gems/openstudio-workflow-2.0.0/lib/openstudio/workflow/util/measure.rb failed with message Runner error /var/oscli/gems/ruby/2.5.0/gems/openstudio-workflow-2.0.0/lib/openstudio/workflow/util/measure.rb failed with Measure create_typical_building_from_model reported an error with [\"[openstudio.standards.Model] Model has been assigned a weather file, but the file is not in the specified location of 'file:////mnt/openstudio/analysis_72a216d4-3a64-4cd6-8e04-b9bc3af7ff20/weather/SAU_Riyadh.404380_IWEC.epw'.\"], /var/oscli/gems/ruby/2.5.0/gems/openstudio-workflow-2.0.0/lib/openstudio/workflow/util/measure.rb:560:in `apply_measure'\n/var/oscli/gems/ruby/2.5.0/gems/openstudio-workflow-2.0.0/lib/openstudio/workflow/util/measure.rb:109:in `block in apply_measures'\n/var/oscli/gems/ruby/2.5.0/gems/openstudio-workflow-2.0.0/lib/openstudio/workflow/util/measure.rb:67:in `each_index'\n/var/oscli/gems/ruby/2.5.0/gems/openstudio-workflow-2.0.0/lib/openstudio/workflow/util/measure.rb:67:in `apply_measures'\n/var/oscli/gems/ruby/2.5.0/gems/openstudio-workflow-2.0.0/lib/openstudio/workflow/jobs/run_os_measures.rb:70:in `perform'\n/var/oscli/gems/ruby/2.5.0/gems/openstudio-workflow-2.0.0/lib/openstudio/workflow/run.rb:292:in `step'\n/var/oscli/gems/ruby/2.5.0/gems/openstudio-workflow-2.0.0/lib/openstudio/workflow/run.rb:234:in `run'\n:/openstudio_cli.rb:960:in `execute'\n:/openstudio_cli.rb:750:in `execute'\n:/openstudio_cli.rb:1744:in `<main>'\neval:174:in `eval'\neval:174:in `require_embedded_absolute'\neval:160:in `block in require_embedded'\neval:154:in `each'\neval:154:in `require_embedded'\neval:113:in `require'\neval:3:in `<main>' in /var/oscli/gems/ruby/2.5.0/gems/openstudio-workflow-2.0.0/lib/openstudio/workflow/util/measure.rb:598:in `rescue in apply_measure'\n/var/oscli/gems/ruby/2.5.0/gems/openstudio-workflow-2.0.0/lib/openstudio/workflow/util/measure.rb:548:in `apply_measure'\n/var/oscli/gems/ruby/2.5.0/gems/openstudio-workflow-2.0.0/lib/openstudio/workflow/util/measure.rb:109:in `block in apply_measures'\n/var/oscli/gems/ruby/2.5.0/gems/openstudio-workflow-2.0.0/lib/openstudio/workflow/util/measure.rb:67:in `each_index'\n/var/oscli/gems/ruby/2.5.0/gems/openstudio-workflow-2.0.0/lib/openstudio/workflow/util/measure.rb:67:in `apply_measures'\n/var/oscli/gems/ruby/2.5.0/gems/openstudio-workflow-2.0.0/lib/openstudio/workflow/jobs/run_os_measures.rb:70:in `perform'\n/var/oscli/gems/ruby/2.5.0/gems/openstudio-workflow-2.0.0/lib/openstudio/workflow/run.rb:292:in `step'\n/var/oscli/gems/ruby/2.5.0/gems/openstudio-workflow-2.0.0/lib/openstudio/workflow/run.rb:234:in `run'\n:/openstudio_cli.rb:960:in `execute'\n:/openstudio_cli.rb:750:in `execute'\n:/openstudio_cli.rb:1744:in `<main>'\neval:174:in `eval'\neval:174:in `require_embedded_absolute'\neval:160:in `block in require_embedded'\neval:154:in `each'\neval:154:in `require_embedded'\neval:113:in `require'\neval:3:in `<main>':/var/oscli/gems/ruby/2.5.0/gems/openstudio-workflow-2.0.0/lib/openstudio/workflow/util/measure.rb:647:in `rescue in apply_measure'\n/var/oscli/gems/ruby/2.5.0/gems/openstudio-workflow-2.0.0/lib/openstudio/workflow/util/measure.rb:305:in `apply_measure'\n/var/oscli/gems/ruby/2.5.0/gems/openstudio-workflow-2.0.0/lib/openstudio/workflow/util/measure.rb:109:in `block in apply_measures'\n/var/oscli/gems/ruby/2.5.0/gems/openstudio-workflow-2.0.0/lib/openstudio/workflow/util/measure.rb:67:in `each_index'\n/var/oscli/gems/ruby/2.5.0/gems/openstudio-workflow-2.0.0/lib/openstudio/workflow/util/measure.rb:67:in `apply_measures'\n/var/oscli/gems/ruby/2.5.0/gems/openstudio-workflow-2.0.0/lib/openstudio/workflow/jobs/run_os_measures.rb:70:in `perform'\n/var/oscli/gems/ruby/2.5.0/gems/openstudio-workflow-2.0.0/lib/openstudio/workflow/run.rb:292:in `step'\n/var/oscli/gems/ruby/2.5.0/gems/openstudio-workflow-2.0.0/lib/openstudio/workflow/run.rb:234:in `run'\n:/openstudio_cli.rb:960:in `execute'\n:/openstudio_cli.rb:750:in `execute'\n:/openstudio_cli.rb:1744:in `<main>'\neval:174:in `eval'\neval:174:in `require_embedded_absolute'\neval:160:in `block in require_embedded'\neval:154:in `each'\neval:154:in `require_embedded'\neval:113:in `require'\neval:3:in `<main>'"]}

[19:29:25.980304 ERROR] Could not find results /mnt/openstudio/analysis_72a216d4-3a64-4cd6-8e04-b9bc3af7ff20/data_point_01e6ed23-4fa9-4790-844f-2ee1be2cfb14/run/measure_attributes.json
[19:29:25.980397 INFO] Saving files/reports back to the server
[19:29:25.980683 INFO] Saving report /mnt/openstudio/analysis_72a216d4-3a64-4cd6-8e04-b9bc3af7ff20/data_point_01e6ed23-4fa9-4790-844f-2ee1be2cfb14/out.osw to http://web:80/data_points/01e6ed23-4fa9-4790-844f-2ee1be2cfb14/upload_file
[19:29:26.019575 INFO] Saving report responded with {"id":"5efb9295ce5ea001352be9da","data_point_id":"01e6ed23-4fa9-4790-844f-2ee1be2cfb14","display_name":"Final OSW File","type":"Report","created_at":"2020-06-30T19:29:26.002Z","updated_at":"2020-06-30T19:29:26.002Z"}
[19:29:26.019927 INFO] Saving report /mnt/openstudio/analysis_72a216d4-3a64-4cd6-8e04-b9bc3af7ff20/data_point_01e6ed23-4fa9-4790-844f-2ee1be2cfb14/run/data_point.zip to http://web:80/data_points/01e6ed23-4fa9-4790-844f-2ee1be2cfb14/upload_file
[19:29:26.062265 INFO] Saving report responded with {"id":"5efb9296ce5ea001352be9db","data_point_id":"01e6ed23-4fa9-4790-844f-2ee1be2cfb14","display_name":"Zip File","type":"Data Point","created_at":"2020-06-30T19:29:26.041Z","updated_at":"2020-06-30T19:29:26.041Z"}
[19:29:26.062545 INFO] Checking for presence of args file at /mnt/openstudio/analysis_72a216d4-3a64-4cd6-8e04-b9bc3af7ff20/scripts/data_point/finalize.args
[19:29:26.062610 INFO] Checking for presence of script file at /mnt/openstudio/analysis_72a216d4-3a64-4cd6-8e04-b9bc3af7ff20/scripts/data_point/finalize.sh
[19:29:26.067272 INFO] Finished /opt/openstudio/server/app/jobs/dj_jobs/run_simulate_data_point.rb
