# Logfile created on 2020-06-30 19:28:59 +0000 by logger.rb/61378
[19:28:59.976464 INFO] Server host is http://web:80
[19:28:59.976576 INFO] Analysis directory is /mnt/openstudio/analysis_72a216d4-3a64-4cd6-8e04-b9bc3af7ff20
[19:28:59.976637 INFO] Simulation directory is /mnt/openstudio/analysis_72a216d4-3a64-4cd6-8e04-b9bc3af7ff20/data_point_7ab87e2e-4d09-4556-9fc7-1bbc4e00e1d9
[19:28:59.976671 INFO] Run datapoint type/file is 
[19:28:59.976718 INFO] Starting initialize_worker for datapoint 7ab87e2e-4d09-4556-9fc7-1bbc4e00e1d9
[19:28:59.977071 INFO] Downloading analysis zip from http://web:80/analyses/72a216d4-3a64-4cd6-8e04-b9bc3af7ff20/download_analysis_zip
[19:29:02.613618 INFO] Extracting analysis zip to /mnt/openstudio/analysis_72a216d4-3a64-4cd6-8e04-b9bc3af7ff20
[19:29:02.627100 INFO] Zip: Extracting lib/resources/ASHRAE_zone12_Spec.idf
[19:29:02.628325 INFO] Zip: Extracting lib/resources/ASHRAE_zone3_Spec.idf
[19:29:02.628831 INFO] Zip: Extracting lib/resources/ASHRAE_zone456_Spec.idf
[19:29:02.629353 INFO] Zip: Extracting lib/resources/ASHRAE_zone78_Spec.idf
[19:29:02.629871 INFO] Zip: Extracting lib/resources/GlzSys19_13F-air-9_Spec.idf
[19:29:02.631043 INFO] Zip: Extracting lib/resources/GlzSys20_14F-air-3000_Spec.idf
[19:29:02.632130 INFO] Zip: Extracting lib/resources/GlzSys21_13F-air-3000_Spec.idf
[19:29:02.633246 INFO] Zip: Extracting lib/resources/GlzSys_10-air-9_Spec.idf
[19:29:02.634400 INFO] Zip: Extracting lib/resources/GlzSys_10F-air-3000_Spec.idf
[19:29:02.635460 INFO] Zip: Extracting lib/resources/GlzSys_11F-air-3000_Spec.idf
[19:29:02.636556 INFO] Zip: Extracting lib/resources/GlzSys_16095-air-3000_Spec.idf
[19:29:02.637630 INFO] Zip: Extracting lib/resources/GlzSys_16095-air-9_Spec.idf
[19:29:02.638783 INFO] Zip: Extracting lib/resources/GlzSys_6374-air-3000_Spec.idf
[19:29:02.639819 INFO] Zip: Extracting lib/resources/GlzSys_Dark_PV_Spec.idf
[19:29:02.640490 INFO] Zip: Extracting lib/resources/GlzSys_Light_PV_Spec.idf
[19:29:02.641151 INFO] Zip: Extracting lib/resources/GlzSys_Thermochromic_30C.idf
[19:29:02.642060 INFO] Zip: Extracting lib/resources/GlzSys_Thermochromic_35C.idf
[19:29:02.642869 INFO] Zip: Extracting lib/resources/GlzSys_Thermochromic_40C.idf
[19:29:02.643681 INFO] Zip: Extracting lib/resources/SG_zone12_Spec.idf
[19:29:02.644806 INFO] Zip: Extracting lib/resources/SG_zone3_Spec.idf
[19:29:02.645730 INFO] Zip: Extracting lib/resources/SG_zone456_Spec.idf
[19:29:02.646844 INFO] Zip: Extracting lib/resources/SG_zone78_Spec.idf
[19:29:02.647925 INFO] Zip: Extracting lib/resources/Window_PV_No_frame_Spec_Spec.idf
[19:29:02.648667 INFO] Zip: Extracting lib/resources/Window_PV_frame_Spec.idf
[19:29:02.649348 INFO] Zip: Extracting measures/AddMeter/
[19:29:02.649552 INFO] Zip: Extracting measures/AddMeter/LICENSE.md
[19:29:02.649903 INFO] Zip: Extracting measures/AddMeter/New folder/
[19:29:02.650049 INFO] Zip: Extracting measures/AddMeter/README.md
[19:29:02.650433 INFO] Zip: Extracting measures/AddMeter/README.md.erb
[19:29:02.650820 INFO] Zip: Extracting measures/AddMeter/measure.rb
[19:29:02.651195 INFO] Zip: Extracting measures/AddMeter/measure.xml
[19:29:02.651571 INFO] Zip: Extracting measures/AddMeter/tests/
[19:29:02.651715 INFO] Zip: Extracting measures/AddMeter/tests/AddMeter_Test.rb
[19:29:02.652152 INFO] Zip: Extracting measures/AddOutputVariable/
[19:29:02.652302 INFO] Zip: Extracting measures/AddOutputVariable/LICENSE.md
[19:29:02.652679 INFO] Zip: Extracting measures/AddOutputVariable/README.md
[19:29:02.653021 INFO] Zip: Extracting measures/AddOutputVariable/README.md.erb
[19:29:02.653417 INFO] Zip: Extracting measures/AddOutputVariable/measure.rb
[19:29:02.653813 INFO] Zip: Extracting measures/AddOutputVariable/measure.xml
[19:29:02.654172 INFO] Zip: Extracting measures/AddOutputVariable/tests/
[19:29:02.654319 INFO] Zip: Extracting measures/AddOutputVariable/tests/AddOutputVariable_Test.rb
[19:29:02.654684 INFO] Zip: Extracting measures/ChangeBuildingLocation/
[19:29:02.654876 INFO] Zip: Extracting measures/ChangeBuildingLocation/LICENSE.md
[19:29:02.655259 INFO] Zip: Extracting measures/ChangeBuildingLocation/README.md
[19:29:02.655648 INFO] Zip: Extracting measures/ChangeBuildingLocation/README.md.erb
[19:29:02.655986 INFO] Zip: Extracting measures/ChangeBuildingLocation/measure.rb
[19:29:02.656448 INFO] Zip: Extracting measures/ChangeBuildingLocation/measure.xml
[19:29:02.656830 INFO] Zip: Extracting measures/ChangeBuildingLocation/resources/
[19:29:02.657007 INFO] Zip: Extracting measures/ChangeBuildingLocation/resources/epw.rb
[19:29:02.657413 INFO] Zip: Extracting measures/ChangeBuildingLocation/resources/os_lib_helper_methods.rb
[19:29:02.657871 INFO] Zip: Extracting measures/ChangeBuildingLocation/resources/stat_file.rb
[19:29:02.658319 INFO] Zip: Extracting measures/ChangeBuildingLocation/tests/
[19:29:02.658465 INFO] Zip: Extracting measures/ChangeBuildingLocation/tests/USA_MA_Boston-Logan.Intl.AP.725090_TMY3.ddy
[19:29:02.658915 INFO] Zip: Extracting measures/ChangeBuildingLocation/tests/USA_MA_Boston-Logan.Intl.AP.725090_TMY3.epw
[19:29:02.669780 INFO] Zip: Extracting measures/ChangeBuildingLocation/tests/USA_MA_Boston-Logan.Intl.AP.725090_TMY3.stat
[19:29:02.670554 INFO] Zip: Extracting measures/ChangeBuildingLocation/tests/USA_WA_Renton.Muni.AP.727934_TMY3.ddy
[19:29:02.670917 INFO] Zip: Extracting measures/ChangeBuildingLocation/tests/USA_WA_Renton.Muni.AP.727934_TMY3.epw
[19:29:02.685364 INFO] Zip: Extracting measures/ChangeBuildingLocation/tests/USA_WA_Renton.Muni.AP.727934_TMY3.stat
[19:29:02.686321 INFO] Zip: Extracting measures/ChangeBuildingLocation/tests/another_weather_file.ddy
[19:29:02.686846 INFO] Zip: Extracting measures/ChangeBuildingLocation/tests/another_weather_file.epw
[19:29:02.702094 INFO] Zip: Extracting measures/ChangeBuildingLocation/tests/another_weather_file.stat
[19:29:02.702923 INFO] Zip: Extracting measures/ChangeBuildingLocation/tests/change_building_location_test.rb
[19:29:02.703351 INFO] Zip: Extracting measures/ChangeBuildingLocation/tests/multiyear.ddy
[19:29:02.703814 INFO] Zip: Extracting measures/ChangeBuildingLocation/tests/multiyear.epw
[19:29:02.704195 INFO] Zip: Extracting measures/ChangeBuildingLocation/tests/multiyear.stat
[19:29:02.704809 INFO] Zip: Extracting measures/ChangeBuildingLocation/tests/test.osm
[19:29:02.708957 INFO] Zip: Extracting measures/ChangeBuildingLocation/tests/test.osw
[19:29:02.709998 INFO] Zip: Extracting measures/ServerDirectoryCleanup/
[19:29:02.710179 INFO] Zip: Extracting measures/ServerDirectoryCleanup/LICENSE.md
[19:29:02.710651 INFO] Zip: Extracting measures/ServerDirectoryCleanup/measure.rb
[19:29:02.711133 INFO] Zip: Extracting measures/ServerDirectoryCleanup/measure.xml
[19:29:02.711603 INFO] Zip: Extracting measures/ServerDirectoryCleanup/tests/
[19:29:02.711769 INFO] Zip: Extracting measures/ServerDirectoryCleanup/tests/ServerDirectoryCleanup_test.rb
[19:29:02.712290 INFO] Zip: Extracting measures/ServerDirectoryCleanup/tests/USA_CO_Golden-NREL.724666_TMY3.epw
[19:29:02.727852 INFO] Zip: Extracting measures/ServerDirectoryCleanup/tests/example_model.osm
[19:29:02.729803 INFO] Zip: Extracting measures/WindowPV_reporting/
[19:29:02.730005 INFO] Zip: Extracting measures/WindowPV_reporting/measure.rb
[19:29:02.730646 INFO] Zip: Extracting measures/WindowPV_reporting/measure.xml
[19:29:02.731224 INFO] Zip: Extracting measures/WindowPV_reporting/resources/
[19:29:02.731379 INFO] Zip: Extracting measures/WindowPV_reporting/resources/os_lib_helper_methods.rb
[19:29:02.731887 INFO] Zip: Extracting measures/WindowPV_reporting/resources/report.html.in
[19:29:02.732324 INFO] Zip: Extracting measures/WindowPV_reporting/tests/
[19:29:02.732514 INFO] Zip: Extracting measures/WindowPV_reporting/tests/USA_CO_Golden-NREL.724666_TMY3.epw
[19:29:02.748026 INFO] Zip: Extracting measures/WindowPV_reporting/tests/example_model.osm
[19:29:02.749988 INFO] Zip: Extracting measures/WindowPV_reporting/tests/ubi_qd_reporting_test.rb
[19:29:02.750577 INFO] Zip: Extracting measures/a_inject_window_specific_idf_objects/
[19:29:02.750753 INFO] Zip: Extracting measures/a_inject_window_specific_idf_objects/LICENSE.md
[19:29:02.751212 INFO] Zip: Extracting measures/a_inject_window_specific_idf_objects/measure.rb
[19:29:02.751824 INFO] Zip: Extracting measures/a_inject_window_specific_idf_objects/measure.xml
[19:29:02.752310 INFO] Zip: Extracting measures/a_inject_window_specific_idf_objects/tests/
[19:29:02.752504 INFO] Zip: Extracting measures/a_inject_window_specific_idf_objects/tests/EnvelopeAndLoadTestModel_01.osm
[19:29:02.875786 INFO] Zip: Extracting measures/a_inject_window_specific_idf_objects/tests/Example B - BlockEnergyCharge.idf
[19:29:02.876297 INFO] Zip: Extracting measures/a_inject_window_specific_idf_objects/tests/measure_Test.rb
[19:29:02.876682 INFO] Zip: Extracting measures/a_inject_window_specific_idf_objects/tests/test.osw
[19:29:02.877354 INFO] Zip: Extracting measures/add_thermochromic_bipv/
[19:29:02.877534 INFO] Zip: Extracting measures/add_thermochromic_bipv/measure.rb
[19:29:02.877976 INFO] Zip: Extracting measures/add_thermochromic_bipv/measure.xml
[19:29:02.878364 INFO] Zip: Extracting measures/add_thermochromic_bipv/resources/
[19:29:02.878518 INFO] Zip: Extracting measures/add_thermochromic_bipv/resources/HVACSizing.Model.rb
[19:29:02.879107 INFO] Zip: Extracting measures/add_thermochromic_bipv/resources/Standards.Construction.rb
[19:29:02.879519 INFO] Zip: Extracting measures/add_thermochromic_bipv/resources/os_lib_helper_methods.rb
[19:29:02.879945 INFO] Zip: Extracting measures/add_thermochromic_bipv/resources/os_lib_schedules.rb
[19:29:02.880519 INFO] Zip: Extracting measures/create_bar_from_building_type_ratios/
[19:29:02.880683 INFO] Zip: Extracting measures/create_bar_from_building_type_ratios/LICENSE.md
[19:29:02.881035 INFO] Zip: Extracting measures/create_bar_from_building_type_ratios/README.md
[19:29:02.881408 INFO] Zip: Extracting measures/create_bar_from_building_type_ratios/README.md.erb
[19:29:02.881758 INFO] Zip: Extracting measures/create_bar_from_building_type_ratios/measure.rb
[19:29:02.882356 INFO] Zip: Extracting measures/create_bar_from_building_type_ratios/measure.xml
[19:29:02.882813 INFO] Zip: Extracting measures/create_bar_from_building_type_ratios/resources/
[19:29:02.882974 INFO] Zip: Extracting measures/create_bar_from_building_type_ratios/resources/os_lib_geometry.rb
[19:29:02.883602 INFO] Zip: Extracting measures/create_bar_from_building_type_ratios/resources/os_lib_helper_methods.rb
[19:29:02.884055 INFO] Zip: Extracting measures/create_bar_from_building_type_ratios/resources/os_lib_model_generation.rb
[19:29:02.884672 INFO] Zip: Extracting measures/create_bar_from_building_type_ratios/resources/os_lib_model_simplification.rb
[19:29:02.885319 INFO] Zip: Extracting measures/create_bar_from_building_type_ratios/tests/
[19:29:02.885493 INFO] Zip: Extracting measures/create_bar_from_building_type_ratios/tests/create_bar_from_building_type_ratios_test.rb
[19:29:02.885916 INFO] Zip: Extracting measures/create_bar_from_building_type_ratios/tests/example_model.osm
[19:29:02.888245 INFO] Zip: Extracting measures/create_typical_building_from_model/
[19:29:02.888446 INFO] Zip: Extracting measures/create_typical_building_from_model/LICENSE.md
[19:29:02.888838 INFO] Zip: Extracting measures/create_typical_building_from_model/README.md
[19:29:02.889221 INFO] Zip: Extracting measures/create_typical_building_from_model/README.md.erb
[19:29:02.889558 INFO] Zip: Extracting measures/create_typical_building_from_model/measure.rb
[19:29:02.890159 INFO] Zip: Extracting measures/create_typical_building_from_model/measure.xml
[19:29:02.890632 INFO] Zip: Extracting measures/create_typical_building_from_model/resources/
[19:29:02.890790 INFO] Zip: Extracting measures/create_typical_building_from_model/resources/Model.hvac.rb
[19:29:02.891216 INFO] Zip: Extracting measures/create_typical_building_from_model/resources/os_lib_helper_methods.rb
[19:29:02.891667 INFO] Zip: Extracting measures/create_typical_building_from_model/resources/os_lib_model_generation.rb
[19:29:02.892268 INFO] Zip: Extracting measures/create_typical_building_from_model/tests/
[19:29:02.892446 INFO] Zip: Extracting measures/create_typical_building_from_model/tests/GenericGbxml.osm
[19:29:02.894989 INFO] Zip: Extracting measures/create_typical_building_from_model/tests/LargeOffice04.osm
[19:29:02.901812 INFO] Zip: Extracting measures/create_typical_building_from_model/tests/MidriseApartment.osm
[19:29:03.010458 INFO] Zip: Extracting measures/create_typical_building_from_model/tests/SmallOffice.osm
[19:29:03.012641 INFO] Zip: Extracting measures/create_typical_building_from_model/tests/USA_TX_Houston-Bush.Intercontinental.AP.722430_TMY3.epw
[19:29:03.022952 INFO] Zip: Extracting measures/create_typical_building_from_model/tests/create_typical_building_from_model_test.rb
[19:29:03.023565 INFO] Zip: Extracting measures/create_typical_building_from_model/tests/test.osw
[19:29:03.024299 INFO] Zip: Extracting measures/create_typical_building_from_model/tests/test_hvac.rb
[19:29:03.024746 INFO] Zip: Extracting measures/export_variableto_csv_variables_for_bipvpce/
[19:29:03.024919 INFO] Zip: Extracting measures/export_variableto_csv_variables_for_bipvpce/measure.rb
[19:29:03.025357 INFO] Zip: Extracting measures/export_variableto_csv_variables_for_bipvpce/measure.xml
[19:29:03.025734 INFO] Zip: Extracting measures/export_variableto_csv_variables_for_bipvpce/resources/
[19:29:03.025892 INFO] Zip: Extracting measures/export_variableto_csv_variables_for_bipvpce/resources/report.html.in
[19:29:03.026219 INFO] Zip: Extracting measures/export_variableto_csv_variables_for_bipvpce/tests/
[19:29:03.026367 INFO] Zip: Extracting measures/export_variableto_csv_variables_for_bipvpce/tests/ExportVariabletoCSV_test.rb
[19:29:03.026719 INFO] Zip: Extracting measures/export_variableto_csv_variables_for_bipvpce/tests/example_model.osm
[19:29:03.027932 INFO] Zip: Extracting measures/inject_idf_window_objects/
[19:29:03.028095 INFO] Zip: Extracting measures/inject_idf_window_objects/LICENSE.md
[19:29:03.028476 INFO] Zip: Extracting measures/inject_idf_window_objects/measure.rb
[19:29:03.028921 INFO] Zip: Extracting measures/inject_idf_window_objects/measure.xml
[19:29:03.029314 INFO] Zip: Extracting measures/inject_idf_window_objects/tests/
[19:29:03.029461 INFO] Zip: Extracting measures/inject_idf_window_objects/tests/EnvelopeAndLoadTestModel_01.osm
[19:29:03.034130 INFO] Zip: Extracting measures/inject_idf_window_objects/tests/Example B - BlockEnergyCharge.idf
[19:29:03.034609 INFO] Zip: Extracting measures/inject_idf_window_objects/tests/measure_Test.rb
[19:29:03.034967 INFO] Zip: Extracting measures/inject_idf_window_objects/tests/test.osw
[19:29:03.035613 INFO] Zip: Extracting seeds/switchglaze/
[19:29:03.035786 INFO] Zip: Extracting seeds/switchglaze.osm
[19:29:03.040014 INFO] Zip: Extracting seeds/switchglaze/files/
[19:29:03.040253 INFO] Zip: Extracting seeds/switchglaze/measures/
[19:29:03.040424 INFO] Zip: Extracting seeds/switchglaze/run/
[19:29:03.040570 INFO] Zip: Extracting seeds/switchglaze/workflow.osw
[19:29:03.043148 INFO] Zip: Extracting weather/DEU_Hamburg.101470_IWEC.ddy
[19:29:03.046664 INFO] Zip: Extracting weather/DEU_Hamburg.101470_IWEC.epw
[19:29:03.057237 INFO] Zip: Extracting weather/DEU_Hamburg.101470_IWEC.stat
[19:29:03.058066 INFO] Zip: Extracting weather/JPN_Tokyo.Hyakuri.477150_IWEC.ddy
[19:29:03.058664 INFO] Zip: Extracting weather/JPN_Tokyo.Hyakuri.477150_IWEC.epw
[19:29:03.068331 INFO] Zip: Extracting weather/JPN_Tokyo.Hyakuri.477150_IWEC.stat
[19:29:03.069226 INFO] Zip: Extracting weather/SAU_Riyadh.404380_IWEC.ddy
[19:29:03.069688 INFO] Zip: Extracting weather/SAU_Riyadh.404380_IWEC.epw
[19:29:03.079508 INFO] Zip: Extracting weather/SAU_Riyadh.404380_IWEC.stat
[19:29:03.080313 INFO] Zip: Extracting weather/SGP_Singapore.486980_IWEC.ddy
[19:29:03.080771 INFO] Zip: Extracting weather/SGP_Singapore.486980_IWEC.epw
[19:29:03.090801 INFO] Zip: Extracting weather/SGP_Singapore.486980_IWEC.stat
[19:29:03.091622 INFO] Zip: Extracting weather/USA_AK_Fairbanks.Intl.AP.702610_TMY3.ddy
[19:29:03.092067 INFO] Zip: Extracting weather/USA_AK_Fairbanks.Intl.AP.702610_TMY3.epw
[19:29:03.105282 INFO] Zip: Extracting weather/USA_AK_Fairbanks.Intl.AP.702610_TMY3.stat
[19:29:03.106144 INFO] Zip: Extracting weather/USA_AZ_Tucson.Intl.AP.722740_TMY3.ddy
[19:29:03.106606 INFO] Zip: Extracting weather/USA_AZ_Tucson.Intl.AP.722740_TMY3.epw
[19:29:03.117497 INFO] Zip: Extracting weather/USA_AZ_Tucson.Intl.AP.722740_TMY3.stat
[19:29:03.118332 INFO] Zip: Extracting weather/USA_CA_San.Diego-Lindbergh.Field.722900_TMY3.ddy
[19:29:03.118815 INFO] Zip: Extracting weather/USA_CA_San.Diego-Lindbergh.Field.722900_TMY3.epw
[19:29:03.129715 INFO] Zip: Extracting weather/USA_CA_San.Diego-Lindbergh.Field.722900_TMY3.stat
[19:29:03.130537 INFO] Zip: Extracting weather/USA_CO_Denver.Intl.AP.725650_TMY3.ddy
[19:29:03.131027 INFO] Zip: Extracting weather/USA_CO_Denver.Intl.AP.725650_TMY3.epw
[19:29:03.247728 INFO] Zip: Extracting weather/USA_CO_Denver.Intl.AP.725650_TMY3.stat
[19:29:03.248762 INFO] Zip: Extracting weather/USA_FL_Tampa.Intl.AP.722110_TMY3.ddy
[19:29:03.249320 INFO] Zip: Extracting weather/USA_FL_Tampa.Intl.AP.722110_TMY3.epw
[19:29:03.261767 INFO] Zip: Extracting weather/USA_FL_Tampa.Intl.AP.722110_TMY3.stat
[19:29:03.262708 INFO] Zip: Extracting weather/USA_GA_Atlanta-Hartsfield-Jackson.Intl.AP.722190_TMY3.ddy
[19:29:03.263286 INFO] Zip: Extracting weather/USA_GA_Atlanta-Hartsfield-Jackson.Intl.AP.722190_TMY3.epw
[19:29:03.274905 INFO] Zip: Extracting weather/USA_GA_Atlanta-Hartsfield-Jackson.Intl.AP.722190_TMY3.stat
[19:29:03.275914 INFO] Zip: Extracting weather/USA_HI_Honolulu.Intl.AP.911820_TMY3.ddy
[19:29:03.393385 INFO] Zip: Extracting weather/USA_HI_Honolulu.Intl.AP.911820_TMY3.epw
[19:29:03.407161 INFO] Zip: Extracting weather/USA_HI_Honolulu.Intl.AP.911820_TMY3.stat
[19:29:03.408228 INFO] Zip: Extracting weather/USA_MN_International.Falls.Intl.AP.727470_TMY3.ddy
[19:29:03.408886 INFO] Zip: Extracting weather/USA_MN_International.Falls.Intl.AP.727470_TMY3.epw
[19:29:03.422130 INFO] Zip: Extracting weather/USA_MN_International.Falls.Intl.AP.727470_TMY3.stat
[19:29:03.423107 INFO] Zip: Extracting weather/USA_MN_Rochester.Intl.AP.726440_TMY3.ddy
[19:29:03.423657 INFO] Zip: Extracting weather/USA_MN_Rochester.Intl.AP.726440_TMY3.epw
[19:29:03.443530 INFO] Zip: Extracting weather/USA_MN_Rochester.Intl.AP.726440_TMY3.stat
[19:29:03.444329 INFO] Zip: Extracting weather/USA_MT_Great.Falls.Intl.AP.727750_TMY3.ddy
[19:29:03.444807 INFO] Zip: Extracting weather/USA_MT_Great.Falls.Intl.AP.727750_TMY3.epw
[19:29:03.456855 INFO] Zip: Extracting weather/USA_MT_Great.Falls.Intl.AP.727750_TMY3.stat
[19:29:03.458536 INFO] Zip: Extracting weather/USA_NM_Albuquerque.Intl.AP.723650_TMY3.ddy
[19:29:03.459298 INFO] Zip: Extracting weather/USA_NM_Albuquerque.Intl.AP.723650_TMY3.epw
[19:29:03.473638 INFO] Zip: Extracting weather/USA_NM_Albuquerque.Intl.AP.723650_TMY3.stat
[19:29:03.474740 INFO] Zip: Extracting weather/USA_NY_Buffalo-Greater.Buffalo.Intl.AP.725280_TMY3.ddy
[19:29:03.475348 INFO] Zip: Extracting weather/USA_NY_Buffalo-Greater.Buffalo.Intl.AP.725280_TMY3.epw
[19:29:03.489605 INFO] Zip: Extracting weather/USA_NY_Buffalo-Greater.Buffalo.Intl.AP.725280_TMY3.stat
[19:29:03.490724 INFO] Zip: Extracting weather/USA_NY_New.York-J.F.Kennedy.Intl.AP.744860_TMY3.ddy
[19:29:03.491321 INFO] Zip: Extracting weather/USA_NY_New.York-J.F.Kennedy.Intl.AP.744860_TMY3.epw
[19:29:03.509021 INFO] Zip: Extracting weather/USA_NY_New.York-J.F.Kennedy.Intl.AP.744860_TMY3.stat
[19:29:03.510340 INFO] Zip: Extracting weather/USA_TX_El.Paso.Intl.AP.722700_TMY3.ddy
[19:29:03.511197 INFO] Zip: Extracting weather/USA_TX_El.Paso.Intl.AP.722700_TMY3.epw
[19:29:03.534780 INFO] Zip: Extracting weather/USA_TX_El.Paso.Intl.AP.722700_TMY3.stat
[19:29:03.535815 INFO] Zip: Extracting weather/USA_WA_Port.Angeles-William.R.Fairchild.Intl.AP.727885_TMY3.ddy
[19:29:03.536444 INFO] Zip: Extracting weather/USA_WA_Port.Angeles-William.R.Fairchild.Intl.AP.727885_TMY3.epw
[19:29:03.550643 INFO] Zip: Extracting weather/USA_WA_Port.Angeles-William.R.Fairchild.Intl.AP.727885_TMY3.stat
[19:29:03.551652 INFO] Zip: Extracting weather/USA_WA_Seattle-Tacoma.Intl.AP.727930_TMY3.ddy
[19:29:03.552277 INFO] Zip: Extracting weather/USA_WA_Seattle-Tacoma.Intl.AP.727930_TMY3.epw
[19:29:03.566455 INFO] Zip: Extracting weather/USA_WA_Seattle-Tacoma.Intl.AP.727930_TMY3.stat
[19:29:03.571006 INFO] Downloading analysis.json from http://web:80/analyses/72a216d4-3a64-4cd6-8e04-b9bc3af7ff20.json
[19:29:03.646979 INFO] Checking for presence of args file at /mnt/openstudio/analysis_72a216d4-3a64-4cd6-8e04-b9bc3af7ff20/scripts/data_point/initialize.args
[19:29:03.647175 INFO] Checking for presence of script file at /mnt/openstudio/analysis_72a216d4-3a64-4cd6-8e04-b9bc3af7ff20/scripts/data_point/initialize.sh
[19:29:03.647245 INFO] Finished worker initialization
[19:29:03.647306 INFO] RestClient delete
[19:29:03.647357 INFO] delete post_count = 1
[19:29:03.664737 INFO] Downloading datapoint from http://web:80/data_points/7ab87e2e-4d09-4556-9fc7-1bbc4e00e1d9.json
[19:29:03.664886 INFO] get url post_count = 1
[19:29:03.704311 INFO] Creating Workflow Manager instance
[19:29:03.704471 INFO] Directory is /mnt/openstudio/analysis_72a216d4-3a64-4cd6-8e04-b9bc3af7ff20/data_point_7ab87e2e-4d09-4556-9fc7-1bbc4e00e1d9
[19:29:03.704586 INFO] Opening run.log file '/mnt/openstudio/analysis_72a216d4-3a64-4cd6-8e04-b9bc3af7ff20/data_point_7ab87e2e-4d09-4556-9fc7-1bbc4e00e1d9/run/run.log'
[19:29:03.705063 WARN] Error finding Oscli: OPENSTUDIO_EXE_PATH not set
[19:29:03.721979 WARN] Defaulting to fun Oscli via /usr/local/bin/openstudio
[19:29:03.722273 INFO] Returning Oscli cmd: /usr/local/bin/openstudio --bundle /var/oscli/Gemfile --bundle_path /var/oscli/gems 
[19:29:03.722484 INFO] Running workflow using cmd /usr/local/bin/openstudio --bundle /var/oscli/Gemfile --bundle_path /var/oscli/gems   run --workflow '/mnt/openstudio/analysis_72a216d4-3a64-4cd6-8e04-b9bc3af7ff20/data_point_7ab87e2e-4d09-4556-9fc7-1bbc4e00e1d9/data_point.osw'  and writing log to /mnt/openstudio/analysis_72a216d4-3a64-4cd6-8e04-b9bc3af7ff20/data_point_7ab87e2e-4d09-4556-9fc7-1bbc4e00e1d9/oscli_simulation.log
[19:29:24.863521 INFO] Oscli output: /var/oscli/gems/ruby/2.5.0/gems/openstudio-standards-0.2.11/lib/openstudio-standards/btap/btap.rb:56: warning: constant ::Fixnum is deprecated
[openstudio.standards.Model] <1> Model has been assigned a weather file, but the file is not in the specified location of 'file:////mnt/openstudio/analysis_72a216d4-3a64-4cd6-8e04-b9bc3af7ff20/weather/SAU_Riyadh.404380_IWEC.epw'.
[19:29:20.467630 WARN] Could not add loads for Plenum. Not expected for 90.1-2013
[19:29:24.370381 WARN] [openstudio.standards.Construction] Requested U-value of 0.58 for Typical Insulated Exterior Mass Wall is too low given the other materials in the construction; insulation layer will not be modified.
[19:29:24.370900 WARN] [openstudio.standards.Construction] Can only set the u-value of opaque constructions or simple glazing. U 0.60 SHGC 0.25 Dbl 2.5mm air is not opaque or simple glazing.
[19:29:24.371255 WARN] [openstudio.standards.Construction] Can only set the u-value of opaque constructions or simple glazing. U 0.65 SHGC 0.25 Dbl Ref-C-H Clr 6mm/6mm Air is not opaque or simple glazing.
[19:29:24.371380 WARN] [openstudio.standards.Construction] Requested U-value of 1.1686635536297982 for Typical Overhead Door is greater than the sum of the inside and outside resistance, and the max U-value (6.636 SI) is used instead.
[19:29:24.371639 WARN] [openstudio.standards.Construction] Can only set the u-value of opaque constructions or simple glazing. Window_U_0.75_SHGC_0.35_Skylight_Frame_Width_2.339_in is not opaque or simple glazing.
[19:29:24.372538 WARN] [openstudio.weather.Model] Could not find ground temperatures; will use generic temperatures, which will skew results.
[19:29:24.386952 ERROR] [openstudio.standards.Model] Model has been assigned a weather file, but the file is not in the specified location of 'file:////mnt/openstudio/analysis_72a216d4-3a64-4cd6-8e04-b9bc3af7ff20/weather/SAU_Riyadh.404380_IWEC.epw'.
[19:29:24.618018 ERROR] /var/oscli/gems/ruby/2.5.0/gems/openstudio-workflow-2.0.0/lib/openstudio/workflow/util/measure.rb failed with message Runner error /var/oscli/gems/ruby/2.5.0/gems/openstudio-workflow-2.0.0/lib/openstudio/workflow/util/measure.rb failed with Measure create_typical_building_from_model reported an error with ["[openstudio.standards.Model] Model has been assigned a weather file, but the file is not in the specified location of 'file:////mnt/openstudio/analysis_72a216d4-3a64-4cd6-8e04-b9bc3af7ff20/weather/SAU_Riyadh.404380_IWEC.epw'."], /var/oscli/gems/ruby/2.5.0/gems/openstudio-workflow-2.0.0/lib/openstudio/workflow/util/measure.rb:560:in `apply_measure'
/var/oscli/gems/ruby/2.5.0/gems/openstudio-workflow-2.0.0/lib/openstudio/workflow/util/measure.rb:109:in `block in apply_measures'
/var/oscli/gems/ruby/2.5.0/gems/openstudio-workflow-2.0.0/lib/openstudio/workflow/util/measure.rb:67:in `each_index'
/var/oscli/gems/ruby/2.5.0/gems/openstudio-workflow-2.0.0/lib/openstudio/workflow/util/measure.rb:67:in `apply_measures'
/var/oscli/gems/ruby/2.5.0/gems/openstudio-workflow-2.0.0/lib/openstudio/workflow/jobs/run_os_measures.rb:70:in `perform'
/var/oscli/gems/ruby/2.5.0/gems/openstudio-workflow-2.0.0/lib/openstudio/workflow/run.rb:292:in `step'
/var/oscli/gems/ruby/2.5.0/gems/openstudio-workflow-2.0.0/lib/openstudio/workflow/run.rb:234:in `run'
:/openstudio_cli.rb:960:in `execute'
:/openstudio_cli.rb:750:in `execute'
:/openstudio_cli.rb:1744:in `<main>'
eval:174:in `eval'
eval:174:in `require_embedded_absolute'
eval:160:in `block in require_embedded'
eval:154:in `each'
eval:154:in `require_embedded'
eval:113:in `require'
eval:3:in `<main>' in /var/oscli/gems/ruby/2.5.0/gems/openstudio-workflow-2.0.0/lib/openstudio/workflow/util/measure.rb:598:in `rescue in apply_measure'
/var/oscli/gems/ruby/2.5.0/gems/openstudio-workflow-2.0.0/lib/openstudio/workflow/util/measure.rb:548:in `apply_measure'
/var/oscli/gems/ruby/2.5.0/gems/openstudio-workflow-2.0.0/lib/openstudio/workflow/util/measure.rb:109:in `block in apply_measures'
/var/oscli/gems/ruby/2.5.0/gems/openstudio-workflow-2.0.0/lib/openstudio/workflow/util/measure.rb:67:in `each_index'
/var/oscli/gems/ruby/2.5.0/gems/openstudio-workflow-2.0.0/lib/openstudio/workflow/util/measure.rb:67:in `apply_measures'
/var/oscli/gems/ruby/2.5.0/gems/openstudio-workflow-2.0.0/lib/openstudio/workflow/jobs/run_os_measures.rb:70:in `perform'
/var/oscli/gems/ruby/2.5.0/gems/openstudio-workflow-2.0.0/lib/openstudio/workflow/run.rb:292:in `step'
/var/oscli/gems/ruby/2.5.0/gems/openstudio-workflow-2.0.0/lib/openstudio/workflow/run.rb:234:in `run'
:/openstudio_cli.rb:960:in `execute'
:/openstudio_cli.rb:750:in `execute'
:/openstudio_cli.rb:1744:in `<main>'
eval:174:in `eval'
eval:174:in `require_embedded_absolute'
eval:160:in `block in require_embedded'
eval:154:in `each'
eval:154:in `require_embedded'
eval:113:in `require'
eval:3:in `<main>'
[19:29:24.621542 ERROR] Found error in state 'os_measures' with message ["/var/oscli/gems/ruby/2.5.0/gems/openstudio-workflow-2.0.0/lib/openstudio/workflow/util/measure.rb failed with message Runner error /var/oscli/gems/ruby/2.5.0/gems/openstudio-workflow-2.0.0/lib/openstudio/workflow/util/measure.rb failed with Measure create_typical_building_from_model reported an error with [\"[openstudio.standards.Model] Model has been assigned a weather file, but the file is not in the specified location of 'file:////mnt/openstudio/analysis_72a216d4-3a64-4cd6-8e04-b9bc3af7ff20/weather/SAU_Riyadh.404380_IWEC.epw'.\"], /var/oscli/gems/ruby/2.5.0/gems/openstudio-workflow-2.0.0/lib/openstudio/workflow/util/measure.rb:560:in `apply_measure'\n/var/oscli/gems/ruby/2.5.0/gems/openstudio-workflow-2.0.0/lib/openstudio/workflow/util/measure.rb:109:in `block in apply_measures'\n/var/oscli/gems/ruby/2.5.0/gems/openstudio-workflow-2.0.0/lib/openstudio/workflow/util/measure.rb:67:in `each_index'\n/var/oscli/gems/ruby/2.5.0/gems/openstudio-workflow-2.0.0/lib/openstudio/workflow/util/measure.rb:67:in `apply_measures'\n/var/oscli/gems/ruby/2.5.0/gems/openstudio-workflow-2.0.0/lib/openstudio/workflow/jobs/run_os_measures.rb:70:in `perform'\n/var/oscli/gems/ruby/2.5.0/gems/openstudio-workflow-2.0.0/lib/openstudio/workflow/run.rb:292:in `step'\n/var/oscli/gems/ruby/2.5.0/gems/openstudio-workflow-2.0.0/lib/openstudio/workflow/run.rb:234:in `run'\n:/openstudio_cli.rb:960:in `execute'\n:/openstudio_cli.rb:750:in `execute'\n:/openstudio_cli.rb:1744:in `<main>'\neval:174:in `eval'\neval:174:in `require_embedded_absolute'\neval:160:in `block in require_embedded'\neval:154:in `each'\neval:154:in `require_embedded'\neval:113:in `require'\neval:3:in `<main>' in /var/oscli/gems/ruby/2.5.0/gems/openstudio-workflow-2.0.0/lib/openstudio/workflow/util/measure.rb:598:in `rescue in apply_measure'\n/var/oscli/gems/ruby/2.5.0/gems/openstudio-workflow-2.0.0/lib/openstudio/workflow/util/measure.rb:548:in `apply_measure'\n/var/oscli/gems/ruby/2.5.0/gems/openstudio-workflow-2.0.0/lib/openstudio/workflow/util/measure.rb:109:in `block in apply_measures'\n/var/oscli/gems/ruby/2.5.0/gems/openstudio-workflow-2.0.0/lib/openstudio/workflow/util/measure.rb:67:in `each_index'\n/var/oscli/gems/ruby/2.5.0/gems/openstudio-workflow-2.0.0/lib/openstudio/workflow/util/measure.rb:67:in `apply_measures'\n/var/oscli/gems/ruby/2.5.0/gems/openstudio-workflow-2.0.0/lib/openstudio/workflow/jobs/run_os_measures.rb:70:in `perform'\n/var/oscli/gems/ruby/2.5.0/gems/openstudio-workflow-2.0.0/lib/openstudio/workflow/run.rb:292:in `step'\n/var/oscli/gems/ruby/2.5.0/gems/openstudio-workflow-2.0.0/lib/openstudio/workflow/run.rb:234:in `run'\n:/openstudio_cli.rb:960:in `execute'\n:/openstudio_cli.rb:750:in `execute'\n:/openstudio_cli.rb:1744:in `<main>'\neval:174:in `eval'\neval:174:in `require_embedded_absolute'\neval:160:in `block in require_embedded'\neval:154:in `each'\neval:154:in `require_embedded'\neval:113:in `require'\neval:3:in `<main>':/var/oscli/gems/ruby/2.5.0/gems/openstudio-workflow-2.0.0/lib/openstudio/workflow/util/measure.rb:647:in `rescue in apply_measure'\n/var/oscli/gems/ruby/2.5.0/gems/openstudio-workflow-2.0.0/lib/openstudio/workflow/util/measure.rb:305:in `apply_measure'\n/var/oscli/gems/ruby/2.5.0/gems/openstudio-workflow-2.0.0/lib/openstudio/workflow/util/measure.rb:109:in `block in apply_measures'\n/var/oscli/gems/ruby/2.5.0/gems/openstudio-workflow-2.0.0/lib/openstudio/workflow/util/measure.rb:67:in `each_index'\n/var/oscli/gems/ruby/2.5.0/gems/openstudio-workflow-2.0.0/lib/openstudio/workflow/util/measure.rb:67:in `apply_measures'\n/var/oscli/gems/ruby/2.5.0/gems/openstudio-workflow-2.0.0/lib/openstudio/workflow/jobs/run_os_measures.rb:70:in `perform'\n/var/oscli/gems/ruby/2.5.0/gems/openstudio-workflow-2.0.0/lib/openstudio/workflow/run.rb:292:in `step'\n/var/oscli/gems/ruby/2.5.0/gems/openstudio-workflow-2.0.0/lib/openstudio/workflow/run.rb:234:in `run'\n:/openstudio_cli.rb:960:in `execute'\n:/openstudio_cli.rb:750:in `execute'\n:/openstudio_cli.rb:1744:in `<main>'\neval:174:in `eval'\neval:174:in `require_embedded_absolute'\neval:160:in `block in require_embedded'\neval:154:in `each'\neval:154:in `require_embedded'\neval:113:in `require'\neval:3:in `<main>'"]}

[19:29:24.864735 ERROR] Could not find results /mnt/openstudio/analysis_72a216d4-3a64-4cd6-8e04-b9bc3af7ff20/data_point_7ab87e2e-4d09-4556-9fc7-1bbc4e00e1d9/run/measure_attributes.json
[19:29:24.864799 INFO] Saving files/reports back to the server
[19:29:24.865127 INFO] Saving report /mnt/openstudio/analysis_72a216d4-3a64-4cd6-8e04-b9bc3af7ff20/data_point_7ab87e2e-4d09-4556-9fc7-1bbc4e00e1d9/out.osw to http://web:80/data_points/7ab87e2e-4d09-4556-9fc7-1bbc4e00e1d9/upload_file
[19:29:24.893257 INFO] Saving report responded with {"id":"5efb9294ce5ea001492bc06f","data_point_id":"7ab87e2e-4d09-4556-9fc7-1bbc4e00e1d9","display_name":"Final OSW File","type":"Report","created_at":"2020-06-30T19:29:24.878Z","updated_at":"2020-06-30T19:29:24.878Z"}
[19:29:24.893728 INFO] Saving report /mnt/openstudio/analysis_72a216d4-3a64-4cd6-8e04-b9bc3af7ff20/data_point_7ab87e2e-4d09-4556-9fc7-1bbc4e00e1d9/run/data_point.zip to http://web:80/data_points/7ab87e2e-4d09-4556-9fc7-1bbc4e00e1d9/upload_file
[19:29:24.925220 INFO] Saving report responded with {"id":"5efb9294ce5ea001492bc070","data_point_id":"7ab87e2e-4d09-4556-9fc7-1bbc4e00e1d9","display_name":"Zip File","type":"Data Point","created_at":"2020-06-30T19:29:24.912Z","updated_at":"2020-06-30T19:29:24.912Z"}
[19:29:24.925538 INFO] Checking for presence of args file at /mnt/openstudio/analysis_72a216d4-3a64-4cd6-8e04-b9bc3af7ff20/scripts/data_point/finalize.args
[19:29:24.925606 INFO] Checking for presence of script file at /mnt/openstudio/analysis_72a216d4-3a64-4cd6-8e04-b9bc3af7ff20/scripts/data_point/finalize.sh
[19:29:24.931472 INFO] Finished /opt/openstudio/server/app/jobs/dj_jobs/run_simulate_data_point.rb
