# Logfile created on 2020-06-30 19:28:59 +0000 by logger.rb/61378
[19:28:59.665499 INFO] Server host is http://web:80
[19:28:59.665618 INFO] Analysis directory is /mnt/openstudio/analysis_72a216d4-3a64-4cd6-8e04-b9bc3af7ff20
[19:28:59.665679 INFO] Simulation directory is /mnt/openstudio/analysis_72a216d4-3a64-4cd6-8e04-b9bc3af7ff20/data_point_bc8008b9-c396-4e84-a3b9-fa570eda6c81
[19:28:59.665728 INFO] Run datapoint type/file is 
[19:28:59.665779 INFO] Starting initialize_worker for datapoint bc8008b9-c396-4e84-a3b9-fa570eda6c81
[19:28:59.666225 INFO] Downloading analysis zip from http://web:80/analyses/72a216d4-3a64-4cd6-8e04-b9bc3af7ff20/download_analysis_zip
[19:29:04.898330 INFO] Extracting analysis zip to /mnt/openstudio/analysis_72a216d4-3a64-4cd6-8e04-b9bc3af7ff20
[19:29:04.917682 INFO] Zip: Extracting lib/resources/ASHRAE_zone12_Spec.idf
[19:29:04.919400 INFO] Zip: Extracting lib/resources/ASHRAE_zone3_Spec.idf
[19:29:04.920031 INFO] Zip: Extracting lib/resources/ASHRAE_zone456_Spec.idf
[19:29:04.920757 INFO] Zip: Extracting lib/resources/ASHRAE_zone78_Spec.idf
[19:29:04.921469 INFO] Zip: Extracting lib/resources/GlzSys19_13F-air-9_Spec.idf
[19:29:04.922965 INFO] Zip: Extracting lib/resources/GlzSys20_14F-air-3000_Spec.idf
[19:29:04.924460 INFO] Zip: Extracting lib/resources/GlzSys21_13F-air-3000_Spec.idf
[19:29:04.925955 INFO] Zip: Extracting lib/resources/GlzSys_10-air-9_Spec.idf
[19:29:04.927480 INFO] Zip: Extracting lib/resources/GlzSys_10F-air-3000_Spec.idf
[19:29:04.928974 INFO] Zip: Extracting lib/resources/GlzSys_11F-air-3000_Spec.idf
[19:29:04.930466 INFO] Zip: Extracting lib/resources/GlzSys_16095-air-3000_Spec.idf
[19:29:04.931876 INFO] Zip: Extracting lib/resources/GlzSys_16095-air-9_Spec.idf
[19:29:04.933426 INFO] Zip: Extracting lib/resources/GlzSys_6374-air-3000_Spec.idf
[19:29:04.934949 INFO] Zip: Extracting lib/resources/GlzSys_Dark_PV_Spec.idf
[19:29:04.935859 INFO] Zip: Extracting lib/resources/GlzSys_Light_PV_Spec.idf
[19:29:04.936807 INFO] Zip: Extracting lib/resources/GlzSys_Thermochromic_30C.idf
[19:29:04.938527 INFO] Zip: Extracting lib/resources/GlzSys_Thermochromic_35C.idf
[19:29:04.939664 INFO] Zip: Extracting lib/resources/GlzSys_Thermochromic_40C.idf
[19:29:04.940800 INFO] Zip: Extracting lib/resources/SG_zone12_Spec.idf
[19:29:04.941942 INFO] Zip: Extracting lib/resources/SG_zone3_Spec.idf
[19:29:04.943032 INFO] Zip: Extracting lib/resources/SG_zone456_Spec.idf
[19:29:04.944557 INFO] Zip: Extracting lib/resources/SG_zone78_Spec.idf
[19:29:04.946108 INFO] Zip: Extracting lib/resources/Window_PV_No_frame_Spec_Spec.idf
[19:29:04.947157 INFO] Zip: Extracting lib/resources/Window_PV_frame_Spec.idf
[19:29:04.948305 INFO] Zip: Extracting measures/AddMeter/
[19:29:04.948600 INFO] Zip: Extracting measures/AddMeter/LICENSE.md
[19:29:04.949194 INFO] Zip: Extracting measures/AddMeter/New folder/
[19:29:04.949400 INFO] Zip: Extracting measures/AddMeter/README.md
[19:29:04.950006 INFO] Zip: Extracting measures/AddMeter/README.md.erb
[19:29:04.950597 INFO] Zip: Extracting measures/AddMeter/measure.rb
[19:29:04.951273 INFO] Zip: Extracting measures/AddMeter/measure.xml
[19:29:04.951898 INFO] Zip: Extracting measures/AddMeter/tests/
[19:29:04.952110 INFO] Zip: Extracting measures/AddMeter/tests/AddMeter_Test.rb
[19:29:04.952769 INFO] Zip: Extracting measures/AddOutputVariable/
[19:29:04.952987 INFO] Zip: Extracting measures/AddOutputVariable/LICENSE.md
[19:29:04.953612 INFO] Zip: Extracting measures/AddOutputVariable/README.md
[19:29:04.954194 INFO] Zip: Extracting measures/AddOutputVariable/README.md.erb
[19:29:04.954769 INFO] Zip: Extracting measures/AddOutputVariable/measure.rb
[19:29:04.955430 INFO] Zip: Extracting measures/AddOutputVariable/measure.xml
[19:29:04.956069 INFO] Zip: Extracting measures/AddOutputVariable/tests/
[19:29:04.956291 INFO] Zip: Extracting measures/AddOutputVariable/tests/AddOutputVariable_Test.rb
[19:29:04.956946 INFO] Zip: Extracting measures/ChangeBuildingLocation/
[19:29:04.957150 INFO] Zip: Extracting measures/ChangeBuildingLocation/LICENSE.md
[19:29:04.957726 INFO] Zip: Extracting measures/ChangeBuildingLocation/README.md
[19:29:04.958338 INFO] Zip: Extracting measures/ChangeBuildingLocation/README.md.erb
[19:29:04.958942 INFO] Zip: Extracting measures/ChangeBuildingLocation/measure.rb
[19:29:04.959630 INFO] Zip: Extracting measures/ChangeBuildingLocation/measure.xml
[19:29:04.960283 INFO] Zip: Extracting measures/ChangeBuildingLocation/resources/
[19:29:04.960640 INFO] Zip: Extracting measures/ChangeBuildingLocation/resources/epw.rb
[19:29:04.961325 INFO] Zip: Extracting measures/ChangeBuildingLocation/resources/os_lib_helper_methods.rb
[19:29:04.962025 INFO] Zip: Extracting measures/ChangeBuildingLocation/resources/stat_file.rb
[19:29:04.962674 INFO] Zip: Extracting measures/ChangeBuildingLocation/tests/
[19:29:04.962899 INFO] Zip: Extracting measures/ChangeBuildingLocation/tests/USA_MA_Boston-Logan.Intl.AP.725090_TMY3.ddy
[19:29:04.963717 INFO] Zip: Extracting measures/ChangeBuildingLocation/tests/USA_MA_Boston-Logan.Intl.AP.725090_TMY3.epw
[19:29:04.984984 INFO] Zip: Extracting measures/ChangeBuildingLocation/tests/USA_MA_Boston-Logan.Intl.AP.725090_TMY3.stat
[19:29:04.986281 INFO] Zip: Extracting measures/ChangeBuildingLocation/tests/USA_WA_Renton.Muni.AP.727934_TMY3.ddy
[19:29:04.986888 INFO] Zip: Extracting measures/ChangeBuildingLocation/tests/USA_WA_Renton.Muni.AP.727934_TMY3.epw
[19:29:05.176158 INFO] Zip: Extracting measures/ChangeBuildingLocation/tests/USA_WA_Renton.Muni.AP.727934_TMY3.stat
[19:29:05.178051 INFO] Zip: Extracting measures/ChangeBuildingLocation/tests/another_weather_file.ddy
[19:29:05.178675 INFO] Zip: Extracting measures/ChangeBuildingLocation/tests/another_weather_file.epw
[19:29:05.192337 INFO] Zip: Extracting measures/ChangeBuildingLocation/tests/another_weather_file.stat
[19:29:05.193427 INFO] Zip: Extracting measures/ChangeBuildingLocation/tests/change_building_location_test.rb
[19:29:05.193996 INFO] Zip: Extracting measures/ChangeBuildingLocation/tests/multiyear.ddy
[19:29:05.194601 INFO] Zip: Extracting measures/ChangeBuildingLocation/tests/multiyear.epw
[19:29:05.195090 INFO] Zip: Extracting measures/ChangeBuildingLocation/tests/multiyear.stat
[19:29:05.195898 INFO] Zip: Extracting measures/ChangeBuildingLocation/tests/test.osm
[19:29:05.199833 INFO] Zip: Extracting measures/ChangeBuildingLocation/tests/test.osw
[19:29:05.200898 INFO] Zip: Extracting measures/ServerDirectoryCleanup/
[19:29:05.201144 INFO] Zip: Extracting measures/ServerDirectoryCleanup/LICENSE.md
[19:29:05.201636 INFO] Zip: Extracting measures/ServerDirectoryCleanup/measure.rb
[19:29:05.202118 INFO] Zip: Extracting measures/ServerDirectoryCleanup/measure.xml
[19:29:05.202623 INFO] Zip: Extracting measures/ServerDirectoryCleanup/tests/
[19:29:05.202831 INFO] Zip: Extracting measures/ServerDirectoryCleanup/tests/ServerDirectoryCleanup_test.rb
[19:29:05.203340 INFO] Zip: Extracting measures/ServerDirectoryCleanup/tests/USA_CO_Golden-NREL.724666_TMY3.epw
[19:29:05.216289 INFO] Zip: Extracting measures/ServerDirectoryCleanup/tests/example_model.osm
[19:29:05.218018 INFO] Zip: Extracting measures/WindowPV_reporting/
[19:29:05.218268 INFO] Zip: Extracting measures/WindowPV_reporting/measure.rb
[19:29:05.352651 INFO] Zip: Extracting measures/WindowPV_reporting/measure.xml
[19:29:05.353371 INFO] Zip: Extracting measures/WindowPV_reporting/resources/
[19:29:05.353577 INFO] Zip: Extracting measures/WindowPV_reporting/resources/os_lib_helper_methods.rb
[19:29:05.354042 INFO] Zip: Extracting measures/WindowPV_reporting/resources/report.html.in
[19:29:05.354407 INFO] Zip: Extracting measures/WindowPV_reporting/tests/
[19:29:05.354571 INFO] Zip: Extracting measures/WindowPV_reporting/tests/USA_CO_Golden-NREL.724666_TMY3.epw
[19:29:05.366482 INFO] Zip: Extracting measures/WindowPV_reporting/tests/example_model.osm
[19:29:05.368197 INFO] Zip: Extracting measures/WindowPV_reporting/tests/ubi_qd_reporting_test.rb
[19:29:05.368770 INFO] Zip: Extracting measures/a_inject_window_specific_idf_objects/
[19:29:05.368990 INFO] Zip: Extracting measures/a_inject_window_specific_idf_objects/LICENSE.md
[19:29:05.369419 INFO] Zip: Extracting measures/a_inject_window_specific_idf_objects/measure.rb
[19:29:05.370022 INFO] Zip: Extracting measures/a_inject_window_specific_idf_objects/measure.xml
[19:29:05.370499 INFO] Zip: Extracting measures/a_inject_window_specific_idf_objects/tests/
[19:29:05.370695 INFO] Zip: Extracting measures/a_inject_window_specific_idf_objects/tests/EnvelopeAndLoadTestModel_01.osm
[19:29:05.376205 INFO] Zip: Extracting measures/a_inject_window_specific_idf_objects/tests/Example B - BlockEnergyCharge.idf
[19:29:05.376907 INFO] Zip: Extracting measures/a_inject_window_specific_idf_objects/tests/measure_Test.rb
[19:29:05.377348 INFO] Zip: Extracting measures/a_inject_window_specific_idf_objects/tests/test.osw
[19:29:05.378153 INFO] Zip: Extracting measures/add_thermochromic_bipv/
[19:29:05.378368 INFO] Zip: Extracting measures/add_thermochromic_bipv/measure.rb
[19:29:05.378901 INFO] Zip: Extracting measures/add_thermochromic_bipv/measure.xml
[19:29:05.379368 INFO] Zip: Extracting measures/add_thermochromic_bipv/resources/
[19:29:05.379563 INFO] Zip: Extracting measures/add_thermochromic_bipv/resources/HVACSizing.Model.rb
[19:29:05.380120 INFO] Zip: Extracting measures/add_thermochromic_bipv/resources/Standards.Construction.rb
[19:29:05.380578 INFO] Zip: Extracting measures/add_thermochromic_bipv/resources/os_lib_helper_methods.rb
[19:29:05.381075 INFO] Zip: Extracting measures/add_thermochromic_bipv/resources/os_lib_schedules.rb
[19:29:05.381740 INFO] Zip: Extracting measures/create_bar_from_building_type_ratios/
[19:29:05.381944 INFO] Zip: Extracting measures/create_bar_from_building_type_ratios/LICENSE.md
[19:29:05.382370 INFO] Zip: Extracting measures/create_bar_from_building_type_ratios/README.md
[19:29:05.382815 INFO] Zip: Extracting measures/create_bar_from_building_type_ratios/README.md.erb
[19:29:05.383218 INFO] Zip: Extracting measures/create_bar_from_building_type_ratios/measure.rb
[19:29:05.383922 INFO] Zip: Extracting measures/create_bar_from_building_type_ratios/measure.xml
[19:29:05.384480 INFO] Zip: Extracting measures/create_bar_from_building_type_ratios/resources/
[19:29:05.384677 INFO] Zip: Extracting measures/create_bar_from_building_type_ratios/resources/os_lib_geometry.rb
[19:29:05.385421 INFO] Zip: Extracting measures/create_bar_from_building_type_ratios/resources/os_lib_helper_methods.rb
[19:29:05.385949 INFO] Zip: Extracting measures/create_bar_from_building_type_ratios/resources/os_lib_model_generation.rb
[19:29:05.386666 INFO] Zip: Extracting measures/create_bar_from_building_type_ratios/resources/os_lib_model_simplification.rb
[19:29:05.387436 INFO] Zip: Extracting measures/create_bar_from_building_type_ratios/tests/
[19:29:05.387650 INFO] Zip: Extracting measures/create_bar_from_building_type_ratios/tests/create_bar_from_building_type_ratios_test.rb
[19:29:05.388153 INFO] Zip: Extracting measures/create_bar_from_building_type_ratios/tests/example_model.osm
[19:29:05.390958 INFO] Zip: Extracting measures/create_typical_building_from_model/
[19:29:05.391185 INFO] Zip: Extracting measures/create_typical_building_from_model/LICENSE.md
[19:29:05.391646 INFO] Zip: Extracting measures/create_typical_building_from_model/README.md
[19:29:05.392094 INFO] Zip: Extracting measures/create_typical_building_from_model/README.md.erb
[19:29:05.392511 INFO] Zip: Extracting measures/create_typical_building_from_model/measure.rb
[19:29:05.393231 INFO] Zip: Extracting measures/create_typical_building_from_model/measure.xml
[19:29:05.393790 INFO] Zip: Extracting measures/create_typical_building_from_model/resources/
[19:29:05.393989 INFO] Zip: Extracting measures/create_typical_building_from_model/resources/Model.hvac.rb
[19:29:05.394498 INFO] Zip: Extracting measures/create_typical_building_from_model/resources/os_lib_helper_methods.rb
[19:29:05.395032 INFO] Zip: Extracting measures/create_typical_building_from_model/resources/os_lib_model_generation.rb
[19:29:05.395734 INFO] Zip: Extracting measures/create_typical_building_from_model/tests/
[19:29:05.395933 INFO] Zip: Extracting measures/create_typical_building_from_model/tests/GenericGbxml.osm
[19:29:05.408601 INFO] Zip: Extracting measures/create_typical_building_from_model/tests/LargeOffice04.osm
[19:29:05.417092 INFO] Zip: Extracting measures/create_typical_building_from_model/tests/MidriseApartment.osm
[19:29:05.428036 INFO] Zip: Extracting measures/create_typical_building_from_model/tests/SmallOffice.osm
[19:29:05.430633 INFO] Zip: Extracting measures/create_typical_building_from_model/tests/USA_TX_Houston-Bush.Intercontinental.AP.722430_TMY3.epw
[19:29:05.448406 INFO] Zip: Extracting measures/create_typical_building_from_model/tests/create_typical_building_from_model_test.rb
[19:29:05.449204 INFO] Zip: Extracting measures/create_typical_building_from_model/tests/test.osw
[19:29:05.450487 INFO] Zip: Extracting measures/create_typical_building_from_model/tests/test_hvac.rb
[19:29:05.450987 INFO] Zip: Extracting measures/export_variableto_csv_variables_for_bipvpce/
[19:29:05.451201 INFO] Zip: Extracting measures/export_variableto_csv_variables_for_bipvpce/measure.rb
[19:29:05.451701 INFO] Zip: Extracting measures/export_variableto_csv_variables_for_bipvpce/measure.xml
[19:29:05.452144 INFO] Zip: Extracting measures/export_variableto_csv_variables_for_bipvpce/resources/
[19:29:05.452330 INFO] Zip: Extracting measures/export_variableto_csv_variables_for_bipvpce/resources/report.html.in
[19:29:05.452861 INFO] Zip: Extracting measures/export_variableto_csv_variables_for_bipvpce/tests/
[19:29:05.453049 INFO] Zip: Extracting measures/export_variableto_csv_variables_for_bipvpce/tests/ExportVariabletoCSV_test.rb
[19:29:05.453477 INFO] Zip: Extracting measures/export_variableto_csv_variables_for_bipvpce/tests/example_model.osm
[19:29:05.454960 INFO] Zip: Extracting measures/inject_idf_window_objects/
[19:29:05.455155 INFO] Zip: Extracting measures/inject_idf_window_objects/LICENSE.md
[19:29:05.455586 INFO] Zip: Extracting measures/inject_idf_window_objects/measure.rb
[19:29:05.456109 INFO] Zip: Extracting measures/inject_idf_window_objects/measure.xml
[19:29:05.456619 INFO] Zip: Extracting measures/inject_idf_window_objects/tests/
[19:29:05.456829 INFO] Zip: Extracting measures/inject_idf_window_objects/tests/EnvelopeAndLoadTestModel_01.osm
[19:29:05.463925 INFO] Zip: Extracting measures/inject_idf_window_objects/tests/Example B - BlockEnergyCharge.idf
[19:29:05.464726 INFO] Zip: Extracting measures/inject_idf_window_objects/tests/measure_Test.rb
[19:29:05.465283 INFO] Zip: Extracting measures/inject_idf_window_objects/tests/test.osw
[19:29:05.466337 INFO] Zip: Extracting seeds/switchglaze/
[19:29:05.466561 INFO] Zip: Extracting seeds/switchglaze.osm
[19:29:05.474725 INFO] Zip: Extracting seeds/switchglaze/files/
[19:29:05.475074 INFO] Zip: Extracting seeds/switchglaze/measures/
[19:29:05.475270 INFO] Zip: Extracting seeds/switchglaze/run/
[19:29:05.475451 INFO] Zip: Extracting seeds/switchglaze/workflow.osw
[19:29:05.478741 INFO] Zip: Extracting weather/DEU_Hamburg.101470_IWEC.ddy
[19:29:05.480028 INFO] Zip: Extracting weather/DEU_Hamburg.101470_IWEC.epw
[19:29:05.498312 INFO] Zip: Extracting weather/DEU_Hamburg.101470_IWEC.stat
[19:29:05.499484 INFO] Zip: Extracting weather/JPN_Tokyo.Hyakuri.477150_IWEC.ddy
[19:29:05.500248 INFO] Zip: Extracting weather/JPN_Tokyo.Hyakuri.477150_IWEC.epw
[19:29:05.518366 INFO] Zip: Extracting weather/JPN_Tokyo.Hyakuri.477150_IWEC.stat
[19:29:05.519536 INFO] Zip: Extracting weather/SAU_Riyadh.404380_IWEC.ddy
[19:29:05.520273 INFO] Zip: Extracting weather/SAU_Riyadh.404380_IWEC.epw
[19:29:05.702402 INFO] Zip: Extracting weather/SAU_Riyadh.404380_IWEC.stat
[19:29:05.703590 INFO] Zip: Extracting weather/SGP_Singapore.486980_IWEC.ddy
[19:29:05.704268 INFO] Zip: Extracting weather/SGP_Singapore.486980_IWEC.epw
[19:29:05.720645 INFO] Zip: Extracting weather/SGP_Singapore.486980_IWEC.stat
[19:29:05.721700 INFO] Zip: Extracting weather/USA_AK_Fairbanks.Intl.AP.702610_TMY3.ddy
[19:29:05.722399 INFO] Zip: Extracting weather/USA_AK_Fairbanks.Intl.AP.702610_TMY3.epw
[19:29:05.738804 INFO] Zip: Extracting weather/USA_AK_Fairbanks.Intl.AP.702610_TMY3.stat
[19:29:05.739869 INFO] Zip: Extracting weather/USA_AZ_Tucson.Intl.AP.722740_TMY3.ddy
[19:29:05.740573 INFO] Zip: Extracting weather/USA_AZ_Tucson.Intl.AP.722740_TMY3.epw
[19:29:05.891645 INFO] Zip: Extracting weather/USA_AZ_Tucson.Intl.AP.722740_TMY3.stat
[19:29:05.892680 INFO] Zip: Extracting weather/USA_CA_San.Diego-Lindbergh.Field.722900_TMY3.ddy
[19:29:05.893269 INFO] Zip: Extracting weather/USA_CA_San.Diego-Lindbergh.Field.722900_TMY3.epw
[19:29:05.906788 INFO] Zip: Extracting weather/USA_CA_San.Diego-Lindbergh.Field.722900_TMY3.stat
[19:29:05.907742 INFO] Zip: Extracting weather/USA_CO_Denver.Intl.AP.725650_TMY3.ddy
[19:29:05.908304 INFO] Zip: Extracting weather/USA_CO_Denver.Intl.AP.725650_TMY3.epw
[19:29:05.921839 INFO] Zip: Extracting weather/USA_CO_Denver.Intl.AP.725650_TMY3.stat
[19:29:05.922847 INFO] Zip: Extracting weather/USA_FL_Tampa.Intl.AP.722110_TMY3.ddy
[19:29:05.923420 INFO] Zip: Extracting weather/USA_FL_Tampa.Intl.AP.722110_TMY3.epw
[19:29:05.943972 INFO] Zip: Extracting weather/USA_FL_Tampa.Intl.AP.722110_TMY3.stat
[19:29:05.945072 INFO] Zip: Extracting weather/USA_GA_Atlanta-Hartsfield-Jackson.Intl.AP.722190_TMY3.ddy
[19:29:05.945670 INFO] Zip: Extracting weather/USA_GA_Atlanta-Hartsfield-Jackson.Intl.AP.722190_TMY3.epw
[19:29:05.958336 INFO] Zip: Extracting weather/USA_GA_Atlanta-Hartsfield-Jackson.Intl.AP.722190_TMY3.stat
[19:29:05.959305 INFO] Zip: Extracting weather/USA_HI_Honolulu.Intl.AP.911820_TMY3.ddy
[19:29:05.959868 INFO] Zip: Extracting weather/USA_HI_Honolulu.Intl.AP.911820_TMY3.epw
[19:29:05.976217 INFO] Zip: Extracting weather/USA_HI_Honolulu.Intl.AP.911820_TMY3.stat
[19:29:05.977211 INFO] Zip: Extracting weather/USA_MN_International.Falls.Intl.AP.727470_TMY3.ddy
[19:29:05.977758 INFO] Zip: Extracting weather/USA_MN_International.Falls.Intl.AP.727470_TMY3.epw
[19:29:05.995705 INFO] Zip: Extracting weather/USA_MN_International.Falls.Intl.AP.727470_TMY3.stat
[19:29:05.996826 INFO] Zip: Extracting weather/USA_MN_Rochester.Intl.AP.726440_TMY3.ddy
[19:29:05.997558 INFO] Zip: Extracting weather/USA_MN_Rochester.Intl.AP.726440_TMY3.epw
[19:29:06.016265 INFO] Zip: Extracting weather/USA_MN_Rochester.Intl.AP.726440_TMY3.stat
[19:29:06.017487 INFO] Zip: Extracting weather/USA_MT_Great.Falls.Intl.AP.727750_TMY3.ddy
[19:29:06.018603 INFO] Zip: Extracting weather/USA_MT_Great.Falls.Intl.AP.727750_TMY3.epw
[19:29:06.038188 INFO] Zip: Extracting weather/USA_MT_Great.Falls.Intl.AP.727750_TMY3.stat
[19:29:06.039314 INFO] Zip: Extracting weather/USA_NM_Albuquerque.Intl.AP.723650_TMY3.ddy
[19:29:06.039893 INFO] Zip: Extracting weather/USA_NM_Albuquerque.Intl.AP.723650_TMY3.epw
[19:29:06.052216 INFO] Zip: Extracting weather/USA_NM_Albuquerque.Intl.AP.723650_TMY3.stat
[19:29:06.053211 INFO] Zip: Extracting weather/USA_NY_Buffalo-Greater.Buffalo.Intl.AP.725280_TMY3.ddy
[19:29:06.053754 INFO] Zip: Extracting weather/USA_NY_Buffalo-Greater.Buffalo.Intl.AP.725280_TMY3.epw
[19:29:06.066477 INFO] Zip: Extracting weather/USA_NY_Buffalo-Greater.Buffalo.Intl.AP.725280_TMY3.stat
[19:29:06.067441 INFO] Zip: Extracting weather/USA_NY_New.York-J.F.Kennedy.Intl.AP.744860_TMY3.ddy
[19:29:06.067996 INFO] Zip: Extracting weather/USA_NY_New.York-J.F.Kennedy.Intl.AP.744860_TMY3.epw
[19:29:06.081057 INFO] Zip: Extracting weather/USA_NY_New.York-J.F.Kennedy.Intl.AP.744860_TMY3.stat
[19:29:06.082051 INFO] Zip: Extracting weather/USA_TX_El.Paso.Intl.AP.722700_TMY3.ddy
[19:29:06.082659 INFO] Zip: Extracting weather/USA_TX_El.Paso.Intl.AP.722700_TMY3.epw
[19:29:06.099355 INFO] Zip: Extracting weather/USA_TX_El.Paso.Intl.AP.722700_TMY3.stat
[19:29:06.100564 INFO] Zip: Extracting weather/USA_WA_Port.Angeles-William.R.Fairchild.Intl.AP.727885_TMY3.ddy
[19:29:06.101277 INFO] Zip: Extracting weather/USA_WA_Port.Angeles-William.R.Fairchild.Intl.AP.727885_TMY3.epw
[19:29:06.120120 INFO] Zip: Extracting weather/USA_WA_Port.Angeles-William.R.Fairchild.Intl.AP.727885_TMY3.stat
[19:29:06.121327 INFO] Zip: Extracting weather/USA_WA_Seattle-Tacoma.Intl.AP.727930_TMY3.ddy
[19:29:06.122122 INFO] Zip: Extracting weather/USA_WA_Seattle-Tacoma.Intl.AP.727930_TMY3.epw
[19:29:06.141095 INFO] Zip: Extracting weather/USA_WA_Seattle-Tacoma.Intl.AP.727930_TMY3.stat
[19:29:06.145825 INFO] Downloading analysis.json from http://web:80/analyses/72a216d4-3a64-4cd6-8e04-b9bc3af7ff20.json
[19:29:06.217824 INFO] Checking for presence of args file at /mnt/openstudio/analysis_72a216d4-3a64-4cd6-8e04-b9bc3af7ff20/scripts/data_point/initialize.args
[19:29:06.217918 INFO] Checking for presence of script file at /mnt/openstudio/analysis_72a216d4-3a64-4cd6-8e04-b9bc3af7ff20/scripts/data_point/initialize.sh
[19:29:06.217982 INFO] Finished worker initialization
[19:29:06.218033 INFO] RestClient delete
[19:29:06.218079 INFO] delete post_count = 1
[19:29:06.235656 INFO] Downloading datapoint from http://web:80/data_points/bc8008b9-c396-4e84-a3b9-fa570eda6c81.json
[19:29:06.235753 INFO] get url post_count = 1
[19:29:06.256812 INFO] Creating Workflow Manager instance
[19:29:06.256920 INFO] Directory is /mnt/openstudio/analysis_72a216d4-3a64-4cd6-8e04-b9bc3af7ff20/data_point_bc8008b9-c396-4e84-a3b9-fa570eda6c81
[19:29:06.257007 INFO] Opening run.log file '/mnt/openstudio/analysis_72a216d4-3a64-4cd6-8e04-b9bc3af7ff20/data_point_bc8008b9-c396-4e84-a3b9-fa570eda6c81/run/run.log'
[19:29:06.257217 WARN] Error finding Oscli: OPENSTUDIO_EXE_PATH not set
[19:29:06.273343 WARN] Defaulting to fun Oscli via /usr/local/bin/openstudio
[19:29:06.273535 INFO] Returning Oscli cmd: /usr/local/bin/openstudio --bundle /var/oscli/Gemfile --bundle_path /var/oscli/gems 
[19:29:06.273772 INFO] Running workflow using cmd /usr/local/bin/openstudio --bundle /var/oscli/Gemfile --bundle_path /var/oscli/gems   run --workflow '/mnt/openstudio/analysis_72a216d4-3a64-4cd6-8e04-b9bc3af7ff20/data_point_bc8008b9-c396-4e84-a3b9-fa570eda6c81/data_point.osw'  and writing log to /mnt/openstudio/analysis_72a216d4-3a64-4cd6-8e04-b9bc3af7ff20/data_point_bc8008b9-c396-4e84-a3b9-fa570eda6c81/oscli_simulation.log
[19:29:27.705757 INFO] Oscli output: /var/oscli/gems/ruby/2.5.0/gems/openstudio-standards-0.2.11/lib/openstudio-standards/btap/btap.rb:56: warning: constant ::Fixnum is deprecated
[openstudio.standards.Model] <1> Model has been assigned a weather file, but the file is not in the specified location of 'file:////mnt/openstudio/analysis_72a216d4-3a64-4cd6-8e04-b9bc3af7ff20/weather/SAU_Riyadh.404380_IWEC.epw'.
[19:29:23.144232 WARN] Could not add loads for Plenum. Not expected for 90.1-2013
[19:29:27.191307 WARN] [openstudio.standards.Construction] Requested U-value of 0.58 for Typical Insulated Exterior Mass Wall is too low given the other materials in the construction; insulation layer will not be modified.
[19:29:27.191819 WARN] [openstudio.standards.Construction] Can only set the u-value of opaque constructions or simple glazing. U 0.60 SHGC 0.25 Dbl 2.5mm air is not opaque or simple glazing.
[19:29:27.192187 WARN] [openstudio.standards.Construction] Can only set the u-value of opaque constructions or simple glazing. U 0.65 SHGC 0.25 Dbl Ref-C-H Clr 6mm/6mm Air is not opaque or simple glazing.
[19:29:27.192320 WARN] [openstudio.standards.Construction] Requested U-value of 1.1686635536297982 for Typical Overhead Door is greater than the sum of the inside and outside resistance, and the max U-value (6.636 SI) is used instead.
[19:29:27.192605 WARN] [openstudio.standards.Construction] Can only set the u-value of opaque constructions or simple glazing. Window_U_0.75_SHGC_0.35_Skylight_Frame_Width_2.339_in is not opaque or simple glazing.
[19:29:27.193437 WARN] [openstudio.weather.Model] Could not find ground temperatures; will use generic temperatures, which will skew results.
[19:29:27.207967 ERROR] [openstudio.standards.Model] Model has been assigned a weather file, but the file is not in the specified location of 'file:////mnt/openstudio/analysis_72a216d4-3a64-4cd6-8e04-b9bc3af7ff20/weather/SAU_Riyadh.404380_IWEC.epw'.
[19:29:27.402283 ERROR] /var/oscli/gems/ruby/2.5.0/gems/openstudio-workflow-2.0.0/lib/openstudio/workflow/util/measure.rb failed with message Runner error /var/oscli/gems/ruby/2.5.0/gems/openstudio-workflow-2.0.0/lib/openstudio/workflow/util/measure.rb failed with Measure create_typical_building_from_model reported an error with ["[openstudio.standards.Model] Model has been assigned a weather file, but the file is not in the specified location of 'file:////mnt/openstudio/analysis_72a216d4-3a64-4cd6-8e04-b9bc3af7ff20/weather/SAU_Riyadh.404380_IWEC.epw'."], /var/oscli/gems/ruby/2.5.0/gems/openstudio-workflow-2.0.0/lib/openstudio/workflow/util/measure.rb:560:in `apply_measure'
/var/oscli/gems/ruby/2.5.0/gems/openstudio-workflow-2.0.0/lib/openstudio/workflow/util/measure.rb:109:in `block in apply_measures'
/var/oscli/gems/ruby/2.5.0/gems/openstudio-workflow-2.0.0/lib/openstudio/workflow/util/measure.rb:67:in `each_index'
/var/oscli/gems/ruby/2.5.0/gems/openstudio-workflow-2.0.0/lib/openstudio/workflow/util/measure.rb:67:in `apply_measures'
/var/oscli/gems/ruby/2.5.0/gems/openstudio-workflow-2.0.0/lib/openstudio/workflow/jobs/run_os_measures.rb:70:in `perform'
/var/oscli/gems/ruby/2.5.0/gems/openstudio-workflow-2.0.0/lib/openstudio/workflow/run.rb:292:in `step'
/var/oscli/gems/ruby/2.5.0/gems/openstudio-workflow-2.0.0/lib/openstudio/workflow/run.rb:234:in `run'
:/openstudio_cli.rb:960:in `execute'
:/openstudio_cli.rb:750:in `execute'
:/openstudio_cli.rb:1744:in `<main>'
eval:174:in `eval'
eval:174:in `require_embedded_absolute'
eval:160:in `block in require_embedded'
eval:154:in `each'
eval:154:in `require_embedded'
eval:113:in `require'
eval:3:in `<main>' in /var/oscli/gems/ruby/2.5.0/gems/openstudio-workflow-2.0.0/lib/openstudio/workflow/util/measure.rb:598:in `rescue in apply_measure'
/var/oscli/gems/ruby/2.5.0/gems/openstudio-workflow-2.0.0/lib/openstudio/workflow/util/measure.rb:548:in `apply_measure'
/var/oscli/gems/ruby/2.5.0/gems/openstudio-workflow-2.0.0/lib/openstudio/workflow/util/measure.rb:109:in `block in apply_measures'
/var/oscli/gems/ruby/2.5.0/gems/openstudio-workflow-2.0.0/lib/openstudio/workflow/util/measure.rb:67:in `each_index'
/var/oscli/gems/ruby/2.5.0/gems/openstudio-workflow-2.0.0/lib/openstudio/workflow/util/measure.rb:67:in `apply_measures'
/var/oscli/gems/ruby/2.5.0/gems/openstudio-workflow-2.0.0/lib/openstudio/workflow/jobs/run_os_measures.rb:70:in `perform'
/var/oscli/gems/ruby/2.5.0/gems/openstudio-workflow-2.0.0/lib/openstudio/workflow/run.rb:292:in `step'
/var/oscli/gems/ruby/2.5.0/gems/openstudio-workflow-2.0.0/lib/openstudio/workflow/run.rb:234:in `run'
:/openstudio_cli.rb:960:in `execute'
:/openstudio_cli.rb:750:in `execute'
:/openstudio_cli.rb:1744:in `<main>'
eval:174:in `eval'
eval:174:in `require_embedded_absolute'
eval:160:in `block in require_embedded'
eval:154:in `each'
eval:154:in `require_embedded'
eval:113:in `require'
eval:3:in `<main>'
[19:29:27.405417 ERROR] Found error in state 'os_measures' with message ["/var/oscli/gems/ruby/2.5.0/gems/openstudio-workflow-2.0.0/lib/openstudio/workflow/util/measure.rb failed with message Runner error /var/oscli/gems/ruby/2.5.0/gems/openstudio-workflow-2.0.0/lib/openstudio/workflow/util/measure.rb failed with Measure create_typical_building_from_model reported an error with [\"[openstudio.standards.Model] Model has been assigned a weather file, but the file is not in the specified location of 'file:////mnt/openstudio/analysis_72a216d4-3a64-4cd6-8e04-b9bc3af7ff20/weather/SAU_Riyadh.404380_IWEC.epw'.\"], /var/oscli/gems/ruby/2.5.0/gems/openstudio-workflow-2.0.0/lib/openstudio/workflow/util/measure.rb:560:in `apply_measure'\n/var/oscli/gems/ruby/2.5.0/gems/openstudio-workflow-2.0.0/lib/openstudio/workflow/util/measure.rb:109:in `block in apply_measures'\n/var/oscli/gems/ruby/2.5.0/gems/openstudio-workflow-2.0.0/lib/openstudio/workflow/util/measure.rb:67:in `each_index'\n/var/oscli/gems/ruby/2.5.0/gems/openstudio-workflow-2.0.0/lib/openstudio/workflow/util/measure.rb:67:in `apply_measures'\n/var/oscli/gems/ruby/2.5.0/gems/openstudio-workflow-2.0.0/lib/openstudio/workflow/jobs/run_os_measures.rb:70:in `perform'\n/var/oscli/gems/ruby/2.5.0/gems/openstudio-workflow-2.0.0/lib/openstudio/workflow/run.rb:292:in `step'\n/var/oscli/gems/ruby/2.5.0/gems/openstudio-workflow-2.0.0/lib/openstudio/workflow/run.rb:234:in `run'\n:/openstudio_cli.rb:960:in `execute'\n:/openstudio_cli.rb:750:in `execute'\n:/openstudio_cli.rb:1744:in `<main>'\neval:174:in `eval'\neval:174:in `require_embedded_absolute'\neval:160:in `block in require_embedded'\neval:154:in `each'\neval:154:in `require_embedded'\neval:113:in `require'\neval:3:in `<main>' in /var/oscli/gems/ruby/2.5.0/gems/openstudio-workflow-2.0.0/lib/openstudio/workflow/util/measure.rb:598:in `rescue in apply_measure'\n/var/oscli/gems/ruby/2.5.0/gems/openstudio-workflow-2.0.0/lib/openstudio/workflow/util/measure.rb:548:in `apply_measure'\n/var/oscli/gems/ruby/2.5.0/gems/openstudio-workflow-2.0.0/lib/openstudio/workflow/util/measure.rb:109:in `block in apply_measures'\n/var/oscli/gems/ruby/2.5.0/gems/openstudio-workflow-2.0.0/lib/openstudio/workflow/util/measure.rb:67:in `each_index'\n/var/oscli/gems/ruby/2.5.0/gems/openstudio-workflow-2.0.0/lib/openstudio/workflow/util/measure.rb:67:in `apply_measures'\n/var/oscli/gems/ruby/2.5.0/gems/openstudio-workflow-2.0.0/lib/openstudio/workflow/jobs/run_os_measures.rb:70:in `perform'\n/var/oscli/gems/ruby/2.5.0/gems/openstudio-workflow-2.0.0/lib/openstudio/workflow/run.rb:292:in `step'\n/var/oscli/gems/ruby/2.5.0/gems/openstudio-workflow-2.0.0/lib/openstudio/workflow/run.rb:234:in `run'\n:/openstudio_cli.rb:960:in `execute'\n:/openstudio_cli.rb:750:in `execute'\n:/openstudio_cli.rb:1744:in `<main>'\neval:174:in `eval'\neval:174:in `require_embedded_absolute'\neval:160:in `block in require_embedded'\neval:154:in `each'\neval:154:in `require_embedded'\neval:113:in `require'\neval:3:in `<main>':/var/oscli/gems/ruby/2.5.0/gems/openstudio-workflow-2.0.0/lib/openstudio/workflow/util/measure.rb:647:in `rescue in apply_measure'\n/var/oscli/gems/ruby/2.5.0/gems/openstudio-workflow-2.0.0/lib/openstudio/workflow/util/measure.rb:305:in `apply_measure'\n/var/oscli/gems/ruby/2.5.0/gems/openstudio-workflow-2.0.0/lib/openstudio/workflow/util/measure.rb:109:in `block in apply_measures'\n/var/oscli/gems/ruby/2.5.0/gems/openstudio-workflow-2.0.0/lib/openstudio/workflow/util/measure.rb:67:in `each_index'\n/var/oscli/gems/ruby/2.5.0/gems/openstudio-workflow-2.0.0/lib/openstudio/workflow/util/measure.rb:67:in `apply_measures'\n/var/oscli/gems/ruby/2.5.0/gems/openstudio-workflow-2.0.0/lib/openstudio/workflow/jobs/run_os_measures.rb:70:in `perform'\n/var/oscli/gems/ruby/2.5.0/gems/openstudio-workflow-2.0.0/lib/openstudio/workflow/run.rb:292:in `step'\n/var/oscli/gems/ruby/2.5.0/gems/openstudio-workflow-2.0.0/lib/openstudio/workflow/run.rb:234:in `run'\n:/openstudio_cli.rb:960:in `execute'\n:/openstudio_cli.rb:750:in `execute'\n:/openstudio_cli.rb:1744:in `<main>'\neval:174:in `eval'\neval:174:in `require_embedded_absolute'\neval:160:in `block in require_embedded'\neval:154:in `each'\neval:154:in `require_embedded'\neval:113:in `require'\neval:3:in `<main>'"]}

[19:29:27.706851 ERROR] Could not find results /mnt/openstudio/analysis_72a216d4-3a64-4cd6-8e04-b9bc3af7ff20/data_point_bc8008b9-c396-4e84-a3b9-fa570eda6c81/run/measure_attributes.json
[19:29:27.706963 INFO] Saving files/reports back to the server
[19:29:27.707289 INFO] Saving report /mnt/openstudio/analysis_72a216d4-3a64-4cd6-8e04-b9bc3af7ff20/data_point_bc8008b9-c396-4e84-a3b9-fa570eda6c81/out.osw to http://web:80/data_points/bc8008b9-c396-4e84-a3b9-fa570eda6c81/upload_file
[19:29:27.739518 INFO] Saving report responded with {"id":"5efb9297ce5ea001352be9eb","data_point_id":"bc8008b9-c396-4e84-a3b9-fa570eda6c81","display_name":"Final OSW File","type":"Report","created_at":"2020-06-30T19:29:27.722Z","updated_at":"2020-06-30T19:29:27.722Z"}
[19:29:27.739912 INFO] Saving report /mnt/openstudio/analysis_72a216d4-3a64-4cd6-8e04-b9bc3af7ff20/data_point_bc8008b9-c396-4e84-a3b9-fa570eda6c81/run/data_point.zip to http://web:80/data_points/bc8008b9-c396-4e84-a3b9-fa570eda6c81/upload_file
[19:29:27.784260 INFO] Saving report responded with {"id":"5efb9297ce5ea001352be9ec","data_point_id":"bc8008b9-c396-4e84-a3b9-fa570eda6c81","display_name":"Zip File","type":"Data Point","created_at":"2020-06-30T19:29:27.764Z","updated_at":"2020-06-30T19:29:27.764Z"}
[19:29:27.784588 INFO] Checking for presence of args file at /mnt/openstudio/analysis_72a216d4-3a64-4cd6-8e04-b9bc3af7ff20/scripts/data_point/finalize.args
[19:29:27.784653 INFO] Checking for presence of script file at /mnt/openstudio/analysis_72a216d4-3a64-4cd6-8e04-b9bc3af7ff20/scripts/data_point/finalize.sh
[19:29:27.789033 INFO] Finished /opt/openstudio/server/app/jobs/dj_jobs/run_simulate_data_point.rb
