# Logfile created on 2020-06-30 19:28:58 +0000 by logger.rb/61378
[19:28:58.315671 INFO] Server host is http://web:80
[19:28:58.315851 INFO] Analysis directory is /mnt/openstudio/analysis_72a216d4-3a64-4cd6-8e04-b9bc3af7ff20
[19:28:58.315975 INFO] Simulation directory is /mnt/openstudio/analysis_72a216d4-3a64-4cd6-8e04-b9bc3af7ff20/data_point_de58d6a5-5f3d-4778-8fde-4a94cc0f463a
[19:28:58.316044 INFO] Run datapoint type/file is 
[19:28:58.316129 INFO] Starting initialize_worker for datapoint de58d6a5-5f3d-4778-8fde-4a94cc0f463a
[19:28:58.316765 INFO] Downloading analysis zip from http://web:80/analyses/72a216d4-3a64-4cd6-8e04-b9bc3af7ff20/download_analysis_zip
[19:28:59.382428 INFO] Extracting analysis zip to /mnt/openstudio/analysis_72a216d4-3a64-4cd6-8e04-b9bc3af7ff20
[19:28:59.395060 INFO] Zip: Extracting lib/resources/ASHRAE_zone12_Spec.idf
[19:28:59.396522 INFO] Zip: Extracting lib/resources/ASHRAE_zone3_Spec.idf
[19:28:59.397113 INFO] Zip: Extracting lib/resources/ASHRAE_zone456_Spec.idf
[19:28:59.397788 INFO] Zip: Extracting lib/resources/ASHRAE_zone78_Spec.idf
[19:28:59.398434 INFO] Zip: Extracting lib/resources/GlzSys19_13F-air-9_Spec.idf
[19:28:59.399935 INFO] Zip: Extracting lib/resources/GlzSys20_14F-air-3000_Spec.idf
[19:28:59.401536 INFO] Zip: Extracting lib/resources/GlzSys21_13F-air-3000_Spec.idf
[19:28:59.403151 INFO] Zip: Extracting lib/resources/GlzSys_10-air-9_Spec.idf
[19:28:59.404777 INFO] Zip: Extracting lib/resources/GlzSys_10F-air-3000_Spec.idf
[19:28:59.406938 INFO] Zip: Extracting lib/resources/GlzSys_11F-air-3000_Spec.idf
[19:28:59.408571 INFO] Zip: Extracting lib/resources/GlzSys_16095-air-3000_Spec.idf
[19:28:59.410060 INFO] Zip: Extracting lib/resources/GlzSys_16095-air-9_Spec.idf
[19:28:59.411943 INFO] Zip: Extracting lib/resources/GlzSys_6374-air-3000_Spec.idf
[19:28:59.413453 INFO] Zip: Extracting lib/resources/GlzSys_Dark_PV_Spec.idf
[19:28:59.414321 INFO] Zip: Extracting lib/resources/GlzSys_Light_PV_Spec.idf
[19:28:59.415158 INFO] Zip: Extracting lib/resources/GlzSys_Thermochromic_30C.idf
[19:28:59.416231 INFO] Zip: Extracting lib/resources/GlzSys_Thermochromic_35C.idf
[19:28:59.417357 INFO] Zip: Extracting lib/resources/GlzSys_Thermochromic_40C.idf
[19:28:59.418462 INFO] Zip: Extracting lib/resources/SG_zone12_Spec.idf
[19:28:59.419527 INFO] Zip: Extracting lib/resources/SG_zone3_Spec.idf
[19:28:59.420813 INFO] Zip: Extracting lib/resources/SG_zone456_Spec.idf
[19:28:59.422328 INFO] Zip: Extracting lib/resources/SG_zone78_Spec.idf
[19:28:59.423846 INFO] Zip: Extracting lib/resources/Window_PV_No_frame_Spec_Spec.idf
[19:28:59.424732 INFO] Zip: Extracting lib/resources/Window_PV_frame_Spec.idf
[19:28:59.425598 INFO] Zip: Extracting measures/AddMeter/
[19:28:59.425781 INFO] Zip: Extracting measures/AddMeter/LICENSE.md
[19:28:59.426227 INFO] Zip: Extracting measures/AddMeter/New folder/
[19:28:59.426379 INFO] Zip: Extracting measures/AddMeter/README.md
[19:28:59.426829 INFO] Zip: Extracting measures/AddMeter/README.md.erb
[19:28:59.427264 INFO] Zip: Extracting measures/AddMeter/measure.rb
[19:28:59.427757 INFO] Zip: Extracting measures/AddMeter/measure.xml
[19:28:59.428236 INFO] Zip: Extracting measures/AddMeter/tests/
[19:28:59.428415 INFO] Zip: Extracting measures/AddMeter/tests/AddMeter_Test.rb
[19:28:59.428918 INFO] Zip: Extracting measures/AddOutputVariable/
[19:28:59.429074 INFO] Zip: Extracting measures/AddOutputVariable/LICENSE.md
[19:28:59.429540 INFO] Zip: Extracting measures/AddOutputVariable/README.md
[19:28:59.429960 INFO] Zip: Extracting measures/AddOutputVariable/README.md.erb
[19:28:59.430403 INFO] Zip: Extracting measures/AddOutputVariable/measure.rb
[19:28:59.430887 INFO] Zip: Extracting measures/AddOutputVariable/measure.xml
[19:28:59.431379 INFO] Zip: Extracting measures/AddOutputVariable/tests/
[19:28:59.431524 INFO] Zip: Extracting measures/AddOutputVariable/tests/AddOutputVariable_Test.rb
[19:28:59.431990 INFO] Zip: Extracting measures/ChangeBuildingLocation/
[19:28:59.432132 INFO] Zip: Extracting measures/ChangeBuildingLocation/LICENSE.md
[19:28:59.432606 INFO] Zip: Extracting measures/ChangeBuildingLocation/README.md
[19:28:59.433078 INFO] Zip: Extracting measures/ChangeBuildingLocation/README.md.erb
[19:28:59.433535 INFO] Zip: Extracting measures/ChangeBuildingLocation/measure.rb
[19:28:59.434079 INFO] Zip: Extracting measures/ChangeBuildingLocation/measure.xml
[19:28:59.434562 INFO] Zip: Extracting measures/ChangeBuildingLocation/resources/
[19:28:59.434708 INFO] Zip: Extracting measures/ChangeBuildingLocation/resources/epw.rb
[19:28:59.435222 INFO] Zip: Extracting measures/ChangeBuildingLocation/resources/os_lib_helper_methods.rb
[19:28:59.435776 INFO] Zip: Extracting measures/ChangeBuildingLocation/resources/stat_file.rb
[19:28:59.560798 INFO] Zip: Extracting measures/ChangeBuildingLocation/tests/
[19:28:59.561053 INFO] Zip: Extracting measures/ChangeBuildingLocation/tests/USA_MA_Boston-Logan.Intl.AP.725090_TMY3.ddy
[19:28:59.561601 INFO] Zip: Extracting measures/ChangeBuildingLocation/tests/USA_MA_Boston-Logan.Intl.AP.725090_TMY3.epw
[19:28:59.573316 INFO] Zip: Extracting measures/ChangeBuildingLocation/tests/USA_MA_Boston-Logan.Intl.AP.725090_TMY3.stat
[19:28:59.574158 INFO] Zip: Extracting measures/ChangeBuildingLocation/tests/USA_WA_Renton.Muni.AP.727934_TMY3.ddy
[19:28:59.574524 INFO] Zip: Extracting measures/ChangeBuildingLocation/tests/USA_WA_Renton.Muni.AP.727934_TMY3.epw
[19:28:59.585939 INFO] Zip: Extracting measures/ChangeBuildingLocation/tests/USA_WA_Renton.Muni.AP.727934_TMY3.stat
[19:28:59.586584 INFO] Zip: Extracting measures/ChangeBuildingLocation/tests/another_weather_file.ddy
[19:28:59.587075 INFO] Zip: Extracting measures/ChangeBuildingLocation/tests/another_weather_file.epw
[19:28:59.694899 INFO] Zip: Extracting measures/ChangeBuildingLocation/tests/another_weather_file.stat
[19:28:59.695643 INFO] Zip: Extracting measures/ChangeBuildingLocation/tests/change_building_location_test.rb
[19:28:59.696021 INFO] Zip: Extracting measures/ChangeBuildingLocation/tests/multiyear.ddy
[19:28:59.696501 INFO] Zip: Extracting measures/ChangeBuildingLocation/tests/multiyear.epw
[19:28:59.696851 INFO] Zip: Extracting measures/ChangeBuildingLocation/tests/multiyear.stat
[19:28:59.697448 INFO] Zip: Extracting measures/ChangeBuildingLocation/tests/test.osm
[19:28:59.700419 INFO] Zip: Extracting measures/ChangeBuildingLocation/tests/test.osw
[19:28:59.701088 INFO] Zip: Extracting measures/ServerDirectoryCleanup/
[19:28:59.701252 INFO] Zip: Extracting measures/ServerDirectoryCleanup/LICENSE.md
[19:28:59.701592 INFO] Zip: Extracting measures/ServerDirectoryCleanup/measure.rb
[19:28:59.701941 INFO] Zip: Extracting measures/ServerDirectoryCleanup/measure.xml
[19:28:59.702296 INFO] Zip: Extracting measures/ServerDirectoryCleanup/tests/
[19:28:59.702441 INFO] Zip: Extracting measures/ServerDirectoryCleanup/tests/ServerDirectoryCleanup_test.rb
[19:28:59.702817 INFO] Zip: Extracting measures/ServerDirectoryCleanup/tests/USA_CO_Golden-NREL.724666_TMY3.epw
[19:28:59.713542 INFO] Zip: Extracting measures/ServerDirectoryCleanup/tests/example_model.osm
[19:28:59.714858 INFO] Zip: Extracting measures/WindowPV_reporting/
[19:28:59.715023 INFO] Zip: Extracting measures/WindowPV_reporting/measure.rb
[19:28:59.715546 INFO] Zip: Extracting measures/WindowPV_reporting/measure.xml
[19:28:59.715942 INFO] Zip: Extracting measures/WindowPV_reporting/resources/
[19:28:59.716090 INFO] Zip: Extracting measures/WindowPV_reporting/resources/os_lib_helper_methods.rb
[19:28:59.716520 INFO] Zip: Extracting measures/WindowPV_reporting/resources/report.html.in
[19:28:59.716846 INFO] Zip: Extracting measures/WindowPV_reporting/tests/
[19:28:59.716992 INFO] Zip: Extracting measures/WindowPV_reporting/tests/USA_CO_Golden-NREL.724666_TMY3.epw
[19:28:59.732595 INFO] Zip: Extracting measures/WindowPV_reporting/tests/example_model.osm
[19:28:59.733928 INFO] Zip: Extracting measures/WindowPV_reporting/tests/ubi_qd_reporting_test.rb
[19:28:59.734318 INFO] Zip: Extracting measures/a_inject_window_specific_idf_objects/
[19:28:59.734493 INFO] Zip: Extracting measures/a_inject_window_specific_idf_objects/LICENSE.md
[19:28:59.734970 INFO] Zip: Extracting measures/a_inject_window_specific_idf_objects/measure.rb
[19:28:59.735413 INFO] Zip: Extracting measures/a_inject_window_specific_idf_objects/measure.xml
[19:28:59.735797 INFO] Zip: Extracting measures/a_inject_window_specific_idf_objects/tests/
[19:28:59.735945 INFO] Zip: Extracting measures/a_inject_window_specific_idf_objects/tests/EnvelopeAndLoadTestModel_01.osm
[19:28:59.740559 INFO] Zip: Extracting measures/a_inject_window_specific_idf_objects/tests/Example B - BlockEnergyCharge.idf
[19:28:59.740913 INFO] Zip: Extracting measures/a_inject_window_specific_idf_objects/tests/measure_Test.rb
[19:28:59.741252 INFO] Zip: Extracting measures/a_inject_window_specific_idf_objects/tests/test.osw
[19:28:59.741904 INFO] Zip: Extracting measures/add_thermochromic_bipv/
[19:28:59.742061 INFO] Zip: Extracting measures/add_thermochromic_bipv/measure.rb
[19:28:59.742479 INFO] Zip: Extracting measures/add_thermochromic_bipv/measure.xml
[19:28:59.742860 INFO] Zip: Extracting measures/add_thermochromic_bipv/resources/
[19:28:59.743008 INFO] Zip: Extracting measures/add_thermochromic_bipv/resources/HVACSizing.Model.rb
[19:28:59.743438 INFO] Zip: Extracting measures/add_thermochromic_bipv/resources/Standards.Construction.rb
[19:28:59.743787 INFO] Zip: Extracting measures/add_thermochromic_bipv/resources/os_lib_helper_methods.rb
[19:28:59.744176 INFO] Zip: Extracting measures/add_thermochromic_bipv/resources/os_lib_schedules.rb
[19:28:59.744723 INFO] Zip: Extracting measures/create_bar_from_building_type_ratios/
[19:28:59.744869 INFO] Zip: Extracting measures/create_bar_from_building_type_ratios/LICENSE.md
[19:28:59.745202 INFO] Zip: Extracting measures/create_bar_from_building_type_ratios/README.md
[19:28:59.745562 INFO] Zip: Extracting measures/create_bar_from_building_type_ratios/README.md.erb
[19:28:59.745885 INFO] Zip: Extracting measures/create_bar_from_building_type_ratios/measure.rb
[19:28:59.746459 INFO] Zip: Extracting measures/create_bar_from_building_type_ratios/measure.xml
[19:28:59.746913 INFO] Zip: Extracting measures/create_bar_from_building_type_ratios/resources/
[19:28:59.747059 INFO] Zip: Extracting measures/create_bar_from_building_type_ratios/resources/os_lib_geometry.rb
[19:28:59.747674 INFO] Zip: Extracting measures/create_bar_from_building_type_ratios/resources/os_lib_helper_methods.rb
[19:28:59.748097 INFO] Zip: Extracting measures/create_bar_from_building_type_ratios/resources/os_lib_model_generation.rb
[19:28:59.748689 INFO] Zip: Extracting measures/create_bar_from_building_type_ratios/resources/os_lib_model_simplification.rb
[19:28:59.749334 INFO] Zip: Extracting measures/create_bar_from_building_type_ratios/tests/
[19:28:59.749478 INFO] Zip: Extracting measures/create_bar_from_building_type_ratios/tests/create_bar_from_building_type_ratios_test.rb
[19:28:59.749896 INFO] Zip: Extracting measures/create_bar_from_building_type_ratios/tests/example_model.osm
[19:28:59.752165 INFO] Zip: Extracting measures/create_typical_building_from_model/
[19:28:59.752320 INFO] Zip: Extracting measures/create_typical_building_from_model/LICENSE.md
[19:28:59.752680 INFO] Zip: Extracting measures/create_typical_building_from_model/README.md
[19:28:59.753056 INFO] Zip: Extracting measures/create_typical_building_from_model/README.md.erb
[19:28:59.753398 INFO] Zip: Extracting measures/create_typical_building_from_model/measure.rb
[19:28:59.753968 INFO] Zip: Extracting measures/create_typical_building_from_model/measure.xml
[19:28:59.754413 INFO] Zip: Extracting measures/create_typical_building_from_model/resources/
[19:28:59.754556 INFO] Zip: Extracting measures/create_typical_building_from_model/resources/Model.hvac.rb
[19:28:59.754975 INFO] Zip: Extracting measures/create_typical_building_from_model/resources/os_lib_helper_methods.rb
[19:28:59.755405 INFO] Zip: Extracting measures/create_typical_building_from_model/resources/os_lib_model_generation.rb
[19:28:59.755988 INFO] Zip: Extracting measures/create_typical_building_from_model/tests/
[19:28:59.756139 INFO] Zip: Extracting measures/create_typical_building_from_model/tests/GenericGbxml.osm
[19:28:59.758598 INFO] Zip: Extracting measures/create_typical_building_from_model/tests/LargeOffice04.osm
[19:28:59.765266 INFO] Zip: Extracting measures/create_typical_building_from_model/tests/MidriseApartment.osm
[19:28:59.774136 INFO] Zip: Extracting measures/create_typical_building_from_model/tests/SmallOffice.osm
[19:28:59.778661 INFO] Zip: Extracting measures/create_typical_building_from_model/tests/USA_TX_Houston-Bush.Intercontinental.AP.722430_TMY3.epw
[19:28:59.789405 INFO] Zip: Extracting measures/create_typical_building_from_model/tests/create_typical_building_from_model_test.rb
[19:28:59.789898 INFO] Zip: Extracting measures/create_typical_building_from_model/tests/test.osw
[19:28:59.790633 INFO] Zip: Extracting measures/create_typical_building_from_model/tests/test_hvac.rb
[19:28:59.791046 INFO] Zip: Extracting measures/export_variableto_csv_variables_for_bipvpce/
[19:28:59.791209 INFO] Zip: Extracting measures/export_variableto_csv_variables_for_bipvpce/measure.rb
[19:28:59.791637 INFO] Zip: Extracting measures/export_variableto_csv_variables_for_bipvpce/measure.xml
[19:28:59.792011 INFO] Zip: Extracting measures/export_variableto_csv_variables_for_bipvpce/resources/
[19:28:59.792165 INFO] Zip: Extracting measures/export_variableto_csv_variables_for_bipvpce/resources/report.html.in
[19:28:59.792535 INFO] Zip: Extracting measures/export_variableto_csv_variables_for_bipvpce/tests/
[19:28:59.792685 INFO] Zip: Extracting measures/export_variableto_csv_variables_for_bipvpce/tests/ExportVariabletoCSV_test.rb
[19:28:59.793069 INFO] Zip: Extracting measures/export_variableto_csv_variables_for_bipvpce/tests/example_model.osm
[19:28:59.794339 INFO] Zip: Extracting measures/inject_idf_window_objects/
[19:28:59.794494 INFO] Zip: Extracting measures/inject_idf_window_objects/LICENSE.md
[19:28:59.794856 INFO] Zip: Extracting measures/inject_idf_window_objects/measure.rb
[19:28:59.795328 INFO] Zip: Extracting measures/inject_idf_window_objects/measure.xml
[19:28:59.795702 INFO] Zip: Extracting measures/inject_idf_window_objects/tests/
[19:28:59.795847 INFO] Zip: Extracting measures/inject_idf_window_objects/tests/EnvelopeAndLoadTestModel_01.osm
[19:28:59.801879 INFO] Zip: Extracting measures/inject_idf_window_objects/tests/Example B - BlockEnergyCharge.idf
[19:28:59.802339 INFO] Zip: Extracting measures/inject_idf_window_objects/tests/measure_Test.rb
[19:28:59.802782 INFO] Zip: Extracting measures/inject_idf_window_objects/tests/test.osw
[19:28:59.803644 INFO] Zip: Extracting seeds/switchglaze/
[19:28:59.803808 INFO] Zip: Extracting seeds/switchglaze.osm
[19:28:59.810404 INFO] Zip: Extracting seeds/switchglaze/files/
[19:28:59.810584 INFO] Zip: Extracting seeds/switchglaze/measures/
[19:28:59.810731 INFO] Zip: Extracting seeds/switchglaze/run/
[19:28:59.810870 INFO] Zip: Extracting seeds/switchglaze/workflow.osw
[19:28:59.811314 INFO] Zip: Extracting weather/DEU_Hamburg.101470_IWEC.ddy
[19:28:59.811916 INFO] Zip: Extracting weather/DEU_Hamburg.101470_IWEC.epw
[19:28:59.920579 INFO] Zip: Extracting weather/DEU_Hamburg.101470_IWEC.stat
[19:28:59.921353 INFO] Zip: Extracting weather/JPN_Tokyo.Hyakuri.477150_IWEC.ddy
[19:28:59.921795 INFO] Zip: Extracting weather/JPN_Tokyo.Hyakuri.477150_IWEC.epw
[19:28:59.931343 INFO] Zip: Extracting weather/JPN_Tokyo.Hyakuri.477150_IWEC.stat
[19:28:59.931999 INFO] Zip: Extracting weather/SAU_Riyadh.404380_IWEC.ddy
[19:28:59.932473 INFO] Zip: Extracting weather/SAU_Riyadh.404380_IWEC.epw
[19:28:59.942101 INFO] Zip: Extracting weather/SAU_Riyadh.404380_IWEC.stat
[19:28:59.942783 INFO] Zip: Extracting weather/SGP_Singapore.486980_IWEC.ddy
[19:28:59.943216 INFO] Zip: Extracting weather/SGP_Singapore.486980_IWEC.epw
[19:29:00.051938 INFO] Zip: Extracting weather/SGP_Singapore.486980_IWEC.stat
[19:29:00.052750 INFO] Zip: Extracting weather/USA_AK_Fairbanks.Intl.AP.702610_TMY3.ddy
[19:29:00.053226 INFO] Zip: Extracting weather/USA_AK_Fairbanks.Intl.AP.702610_TMY3.epw
[19:29:00.063041 INFO] Zip: Extracting weather/USA_AK_Fairbanks.Intl.AP.702610_TMY3.stat
[19:29:00.063784 INFO] Zip: Extracting weather/USA_AZ_Tucson.Intl.AP.722740_TMY3.ddy
[19:29:00.064244 INFO] Zip: Extracting weather/USA_AZ_Tucson.Intl.AP.722740_TMY3.epw
[19:29:00.080165 INFO] Zip: Extracting weather/USA_AZ_Tucson.Intl.AP.722740_TMY3.stat
[19:29:00.080962 INFO] Zip: Extracting weather/USA_CA_San.Diego-Lindbergh.Field.722900_TMY3.ddy
[19:29:00.081412 INFO] Zip: Extracting weather/USA_CA_San.Diego-Lindbergh.Field.722900_TMY3.epw
[19:29:00.091508 INFO] Zip: Extracting weather/USA_CA_San.Diego-Lindbergh.Field.722900_TMY3.stat
[19:29:00.092213 INFO] Zip: Extracting weather/USA_CO_Denver.Intl.AP.725650_TMY3.ddy
[19:29:00.092729 INFO] Zip: Extracting weather/USA_CO_Denver.Intl.AP.725650_TMY3.epw
[19:29:00.102681 INFO] Zip: Extracting weather/USA_CO_Denver.Intl.AP.725650_TMY3.stat
[19:29:00.103387 INFO] Zip: Extracting weather/USA_FL_Tampa.Intl.AP.722110_TMY3.ddy
[19:29:00.103823 INFO] Zip: Extracting weather/USA_FL_Tampa.Intl.AP.722110_TMY3.epw
[19:29:00.132253 INFO] Zip: Extracting weather/USA_FL_Tampa.Intl.AP.722110_TMY3.stat
[19:29:00.134979 INFO] Zip: Extracting weather/USA_GA_Atlanta-Hartsfield-Jackson.Intl.AP.722190_TMY3.ddy
[19:29:00.136011 INFO] Zip: Extracting weather/USA_GA_Atlanta-Hartsfield-Jackson.Intl.AP.722190_TMY3.epw
[19:29:00.158110 INFO] Zip: Extracting weather/USA_GA_Atlanta-Hartsfield-Jackson.Intl.AP.722190_TMY3.stat
[19:29:00.159389 INFO] Zip: Extracting weather/USA_HI_Honolulu.Intl.AP.911820_TMY3.ddy
[19:29:00.160372 INFO] Zip: Extracting weather/USA_HI_Honolulu.Intl.AP.911820_TMY3.epw
[19:29:00.228506 INFO] Zip: Extracting weather/USA_HI_Honolulu.Intl.AP.911820_TMY3.stat
[19:29:00.229704 INFO] Zip: Extracting weather/USA_MN_International.Falls.Intl.AP.727470_TMY3.ddy
[19:29:00.231842 INFO] Zip: Extracting weather/USA_MN_International.Falls.Intl.AP.727470_TMY3.epw
[19:29:00.252198 INFO] Zip: Extracting weather/USA_MN_International.Falls.Intl.AP.727470_TMY3.stat
[19:29:00.253118 INFO] Zip: Extracting weather/USA_MN_Rochester.Intl.AP.726440_TMY3.ddy
[19:29:00.253811 INFO] Zip: Extracting weather/USA_MN_Rochester.Intl.AP.726440_TMY3.epw
[19:29:00.270873 INFO] Zip: Extracting weather/USA_MN_Rochester.Intl.AP.726440_TMY3.stat
[19:29:00.272022 INFO] Zip: Extracting weather/USA_MT_Great.Falls.Intl.AP.727750_TMY3.ddy
[19:29:00.272924 INFO] Zip: Extracting weather/USA_MT_Great.Falls.Intl.AP.727750_TMY3.epw
[19:29:00.289655 INFO] Zip: Extracting weather/USA_MT_Great.Falls.Intl.AP.727750_TMY3.stat
[19:29:00.290758 INFO] Zip: Extracting weather/USA_NM_Albuquerque.Intl.AP.723650_TMY3.ddy
[19:29:00.291608 INFO] Zip: Extracting weather/USA_NM_Albuquerque.Intl.AP.723650_TMY3.epw
[19:29:00.307685 INFO] Zip: Extracting weather/USA_NM_Albuquerque.Intl.AP.723650_TMY3.stat
[19:29:00.308582 INFO] Zip: Extracting weather/USA_NY_Buffalo-Greater.Buffalo.Intl.AP.725280_TMY3.ddy
[19:29:00.309143 INFO] Zip: Extracting weather/USA_NY_Buffalo-Greater.Buffalo.Intl.AP.725280_TMY3.epw
[19:29:00.328060 INFO] Zip: Extracting weather/USA_NY_Buffalo-Greater.Buffalo.Intl.AP.725280_TMY3.stat
[19:29:00.329317 INFO] Zip: Extracting weather/USA_NY_New.York-J.F.Kennedy.Intl.AP.744860_TMY3.ddy
[19:29:00.330228 INFO] Zip: Extracting weather/USA_NY_New.York-J.F.Kennedy.Intl.AP.744860_TMY3.epw
[19:29:00.351581 INFO] Zip: Extracting weather/USA_NY_New.York-J.F.Kennedy.Intl.AP.744860_TMY3.stat
[19:29:00.352821 INFO] Zip: Extracting weather/USA_TX_El.Paso.Intl.AP.722700_TMY3.ddy
[19:29:00.353732 INFO] Zip: Extracting weather/USA_TX_El.Paso.Intl.AP.722700_TMY3.epw
[19:29:00.484936 INFO] Zip: Extracting weather/USA_TX_El.Paso.Intl.AP.722700_TMY3.stat
[19:29:00.485648 INFO] Zip: Extracting weather/USA_WA_Port.Angeles-William.R.Fairchild.Intl.AP.727885_TMY3.ddy
[19:29:00.486121 INFO] Zip: Extracting weather/USA_WA_Port.Angeles-William.R.Fairchild.Intl.AP.727885_TMY3.epw
[19:29:00.496946 INFO] Zip: Extracting weather/USA_WA_Port.Angeles-William.R.Fairchild.Intl.AP.727885_TMY3.stat
[19:29:00.497696 INFO] Zip: Extracting weather/USA_WA_Seattle-Tacoma.Intl.AP.727930_TMY3.ddy
[19:29:00.498163 INFO] Zip: Extracting weather/USA_WA_Seattle-Tacoma.Intl.AP.727930_TMY3.epw
[19:29:00.509048 INFO] Zip: Extracting weather/USA_WA_Seattle-Tacoma.Intl.AP.727930_TMY3.stat
[19:29:00.512265 INFO] Downloading analysis.json from http://web:80/analyses/72a216d4-3a64-4cd6-8e04-b9bc3af7ff20.json
[19:29:00.583033 INFO] Checking for presence of args file at /mnt/openstudio/analysis_72a216d4-3a64-4cd6-8e04-b9bc3af7ff20/scripts/data_point/initialize.args
[19:29:00.583109 INFO] Checking for presence of script file at /mnt/openstudio/analysis_72a216d4-3a64-4cd6-8e04-b9bc3af7ff20/scripts/data_point/initialize.sh
[19:29:00.583153 INFO] Finished worker initialization
[19:29:00.583191 INFO] RestClient delete
[19:29:00.583224 INFO] delete post_count = 1
[19:29:00.595178 INFO] Downloading datapoint from http://web:80/data_points/de58d6a5-5f3d-4778-8fde-4a94cc0f463a.json
[19:29:00.595275 INFO] get url post_count = 1
[19:29:00.611929 INFO] Creating Workflow Manager instance
[19:29:00.612023 INFO] Directory is /mnt/openstudio/analysis_72a216d4-3a64-4cd6-8e04-b9bc3af7ff20/data_point_de58d6a5-5f3d-4778-8fde-4a94cc0f463a
[19:29:00.612097 INFO] Opening run.log file '/mnt/openstudio/analysis_72a216d4-3a64-4cd6-8e04-b9bc3af7ff20/data_point_de58d6a5-5f3d-4778-8fde-4a94cc0f463a/run/run.log'
[19:29:00.612274 WARN] Error finding Oscli: OPENSTUDIO_EXE_PATH not set
[19:29:00.628844 WARN] Defaulting to fun Oscli via /usr/local/bin/openstudio
[19:29:00.628993 INFO] Returning Oscli cmd: /usr/local/bin/openstudio --bundle /var/oscli/Gemfile --bundle_path /var/oscli/gems 
[19:29:00.629218 INFO] Running workflow using cmd /usr/local/bin/openstudio --bundle /var/oscli/Gemfile --bundle_path /var/oscli/gems   run --workflow '/mnt/openstudio/analysis_72a216d4-3a64-4cd6-8e04-b9bc3af7ff20/data_point_de58d6a5-5f3d-4778-8fde-4a94cc0f463a/data_point.osw'  and writing log to /mnt/openstudio/analysis_72a216d4-3a64-4cd6-8e04-b9bc3af7ff20/data_point_de58d6a5-5f3d-4778-8fde-4a94cc0f463a/oscli_simulation.log
[19:29:21.154030 INFO] Oscli output: /var/oscli/gems/ruby/2.5.0/gems/openstudio-standards-0.2.11/lib/openstudio-standards/btap/btap.rb:56: warning: constant ::Fixnum is deprecated
[openstudio.standards.Model] <1> Model has been assigned a weather file, but the file is not in the specified location of 'file:////mnt/openstudio/analysis_72a216d4-3a64-4cd6-8e04-b9bc3af7ff20/weather/SAU_Riyadh.404380_IWEC.epw'.
[19:29:16.246521 WARN] Could not add loads for Plenum. Not expected for 90.1-2013
[19:29:20.570448 WARN] [openstudio.standards.Construction] Requested U-value of 0.58 for Typical Insulated Exterior Mass Wall is too low given the other materials in the construction; insulation layer will not be modified.
[19:29:20.571082 WARN] [openstudio.standards.Construction] Can only set the u-value of opaque constructions or simple glazing. U 0.60 SHGC 0.25 Dbl 2.5mm air is not opaque or simple glazing.
[19:29:20.571523 WARN] [openstudio.standards.Construction] Can only set the u-value of opaque constructions or simple glazing. U 0.65 SHGC 0.25 Dbl Ref-C-H Clr 6mm/6mm Air is not opaque or simple glazing.
[19:29:20.571685 WARN] [openstudio.standards.Construction] Requested U-value of 1.1686635536297982 for Typical Overhead Door is greater than the sum of the inside and outside resistance, and the max U-value (6.636 SI) is used instead.
[19:29:20.571987 WARN] [openstudio.standards.Construction] Can only set the u-value of opaque constructions or simple glazing. Window_U_0.75_SHGC_0.35_Skylight_Frame_Width_2.339_in is not opaque or simple glazing.
[19:29:20.572965 WARN] [openstudio.weather.Model] Could not find ground temperatures; will use generic temperatures, which will skew results.
[19:29:20.589781 ERROR] [openstudio.standards.Model] Model has been assigned a weather file, but the file is not in the specified location of 'file:////mnt/openstudio/analysis_72a216d4-3a64-4cd6-8e04-b9bc3af7ff20/weather/SAU_Riyadh.404380_IWEC.epw'.
[19:29:20.764721 ERROR] /var/oscli/gems/ruby/2.5.0/gems/openstudio-workflow-2.0.0/lib/openstudio/workflow/util/measure.rb failed with message Runner error /var/oscli/gems/ruby/2.5.0/gems/openstudio-workflow-2.0.0/lib/openstudio/workflow/util/measure.rb failed with Measure create_typical_building_from_model reported an error with ["[openstudio.standards.Model] Model has been assigned a weather file, but the file is not in the specified location of 'file:////mnt/openstudio/analysis_72a216d4-3a64-4cd6-8e04-b9bc3af7ff20/weather/SAU_Riyadh.404380_IWEC.epw'."], /var/oscli/gems/ruby/2.5.0/gems/openstudio-workflow-2.0.0/lib/openstudio/workflow/util/measure.rb:560:in `apply_measure'
/var/oscli/gems/ruby/2.5.0/gems/openstudio-workflow-2.0.0/lib/openstudio/workflow/util/measure.rb:109:in `block in apply_measures'
/var/oscli/gems/ruby/2.5.0/gems/openstudio-workflow-2.0.0/lib/openstudio/workflow/util/measure.rb:67:in `each_index'
/var/oscli/gems/ruby/2.5.0/gems/openstudio-workflow-2.0.0/lib/openstudio/workflow/util/measure.rb:67:in `apply_measures'
/var/oscli/gems/ruby/2.5.0/gems/openstudio-workflow-2.0.0/lib/openstudio/workflow/jobs/run_os_measures.rb:70:in `perform'
/var/oscli/gems/ruby/2.5.0/gems/openstudio-workflow-2.0.0/lib/openstudio/workflow/run.rb:292:in `step'
/var/oscli/gems/ruby/2.5.0/gems/openstudio-workflow-2.0.0/lib/openstudio/workflow/run.rb:234:in `run'
:/openstudio_cli.rb:960:in `execute'
:/openstudio_cli.rb:750:in `execute'
:/openstudio_cli.rb:1744:in `<main>'
eval:174:in `eval'
eval:174:in `require_embedded_absolute'
eval:160:in `block in require_embedded'
eval:154:in `each'
eval:154:in `require_embedded'
eval:113:in `require'
eval:3:in `<main>' in /var/oscli/gems/ruby/2.5.0/gems/openstudio-workflow-2.0.0/lib/openstudio/workflow/util/measure.rb:598:in `rescue in apply_measure'
/var/oscli/gems/ruby/2.5.0/gems/openstudio-workflow-2.0.0/lib/openstudio/workflow/util/measure.rb:548:in `apply_measure'
/var/oscli/gems/ruby/2.5.0/gems/openstudio-workflow-2.0.0/lib/openstudio/workflow/util/measure.rb:109:in `block in apply_measures'
/var/oscli/gems/ruby/2.5.0/gems/openstudio-workflow-2.0.0/lib/openstudio/workflow/util/measure.rb:67:in `each_index'
/var/oscli/gems/ruby/2.5.0/gems/openstudio-workflow-2.0.0/lib/openstudio/workflow/util/measure.rb:67:in `apply_measures'
/var/oscli/gems/ruby/2.5.0/gems/openstudio-workflow-2.0.0/lib/openstudio/workflow/jobs/run_os_measures.rb:70:in `perform'
/var/oscli/gems/ruby/2.5.0/gems/openstudio-workflow-2.0.0/lib/openstudio/workflow/run.rb:292:in `step'
/var/oscli/gems/ruby/2.5.0/gems/openstudio-workflow-2.0.0/lib/openstudio/workflow/run.rb:234:in `run'
:/openstudio_cli.rb:960:in `execute'
:/openstudio_cli.rb:750:in `execute'
:/openstudio_cli.rb:1744:in `<main>'
eval:174:in `eval'
eval:174:in `require_embedded_absolute'
eval:160:in `block in require_embedded'
eval:154:in `each'
eval:154:in `require_embedded'
eval:113:in `require'
eval:3:in `<main>'
[19:29:20.766444 ERROR] Found error in state 'os_measures' with message ["/var/oscli/gems/ruby/2.5.0/gems/openstudio-workflow-2.0.0/lib/openstudio/workflow/util/measure.rb failed with message Runner error /var/oscli/gems/ruby/2.5.0/gems/openstudio-workflow-2.0.0/lib/openstudio/workflow/util/measure.rb failed with Measure create_typical_building_from_model reported an error with [\"[openstudio.standards.Model] Model has been assigned a weather file, but the file is not in the specified location of 'file:////mnt/openstudio/analysis_72a216d4-3a64-4cd6-8e04-b9bc3af7ff20/weather/SAU_Riyadh.404380_IWEC.epw'.\"], /var/oscli/gems/ruby/2.5.0/gems/openstudio-workflow-2.0.0/lib/openstudio/workflow/util/measure.rb:560:in `apply_measure'\n/var/oscli/gems/ruby/2.5.0/gems/openstudio-workflow-2.0.0/lib/openstudio/workflow/util/measure.rb:109:in `block in apply_measures'\n/var/oscli/gems/ruby/2.5.0/gems/openstudio-workflow-2.0.0/lib/openstudio/workflow/util/measure.rb:67:in `each_index'\n/var/oscli/gems/ruby/2.5.0/gems/openstudio-workflow-2.0.0/lib/openstudio/workflow/util/measure.rb:67:in `apply_measures'\n/var/oscli/gems/ruby/2.5.0/gems/openstudio-workflow-2.0.0/lib/openstudio/workflow/jobs/run_os_measures.rb:70:in `perform'\n/var/oscli/gems/ruby/2.5.0/gems/openstudio-workflow-2.0.0/lib/openstudio/workflow/run.rb:292:in `step'\n/var/oscli/gems/ruby/2.5.0/gems/openstudio-workflow-2.0.0/lib/openstudio/workflow/run.rb:234:in `run'\n:/openstudio_cli.rb:960:in `execute'\n:/openstudio_cli.rb:750:in `execute'\n:/openstudio_cli.rb:1744:in `<main>'\neval:174:in `eval'\neval:174:in `require_embedded_absolute'\neval:160:in `block in require_embedded'\neval:154:in `each'\neval:154:in `require_embedded'\neval:113:in `require'\neval:3:in `<main>' in /var/oscli/gems/ruby/2.5.0/gems/openstudio-workflow-2.0.0/lib/openstudio/workflow/util/measure.rb:598:in `rescue in apply_measure'\n/var/oscli/gems/ruby/2.5.0/gems/openstudio-workflow-2.0.0/lib/openstudio/workflow/util/measure.rb:548:in `apply_measure'\n/var/oscli/gems/ruby/2.5.0/gems/openstudio-workflow-2.0.0/lib/openstudio/workflow/util/measure.rb:109:in `block in apply_measures'\n/var/oscli/gems/ruby/2.5.0/gems/openstudio-workflow-2.0.0/lib/openstudio/workflow/util/measure.rb:67:in `each_index'\n/var/oscli/gems/ruby/2.5.0/gems/openstudio-workflow-2.0.0/lib/openstudio/workflow/util/measure.rb:67:in `apply_measures'\n/var/oscli/gems/ruby/2.5.0/gems/openstudio-workflow-2.0.0/lib/openstudio/workflow/jobs/run_os_measures.rb:70:in `perform'\n/var/oscli/gems/ruby/2.5.0/gems/openstudio-workflow-2.0.0/lib/openstudio/workflow/run.rb:292:in `step'\n/var/oscli/gems/ruby/2.5.0/gems/openstudio-workflow-2.0.0/lib/openstudio/workflow/run.rb:234:in `run'\n:/openstudio_cli.rb:960:in `execute'\n:/openstudio_cli.rb:750:in `execute'\n:/openstudio_cli.rb:1744:in `<main>'\neval:174:in `eval'\neval:174:in `require_embedded_absolute'\neval:160:in `block in require_embedded'\neval:154:in `each'\neval:154:in `require_embedded'\neval:113:in `require'\neval:3:in `<main>':/var/oscli/gems/ruby/2.5.0/gems/openstudio-workflow-2.0.0/lib/openstudio/workflow/util/measure.rb:647:in `rescue in apply_measure'\n/var/oscli/gems/ruby/2.5.0/gems/openstudio-workflow-2.0.0/lib/openstudio/workflow/util/measure.rb:305:in `apply_measure'\n/var/oscli/gems/ruby/2.5.0/gems/openstudio-workflow-2.0.0/lib/openstudio/workflow/util/measure.rb:109:in `block in apply_measures'\n/var/oscli/gems/ruby/2.5.0/gems/openstudio-workflow-2.0.0/lib/openstudio/workflow/util/measure.rb:67:in `each_index'\n/var/oscli/gems/ruby/2.5.0/gems/openstudio-workflow-2.0.0/lib/openstudio/workflow/util/measure.rb:67:in `apply_measures'\n/var/oscli/gems/ruby/2.5.0/gems/openstudio-workflow-2.0.0/lib/openstudio/workflow/jobs/run_os_measures.rb:70:in `perform'\n/var/oscli/gems/ruby/2.5.0/gems/openstudio-workflow-2.0.0/lib/openstudio/workflow/run.rb:292:in `step'\n/var/oscli/gems/ruby/2.5.0/gems/openstudio-workflow-2.0.0/lib/openstudio/workflow/run.rb:234:in `run'\n:/openstudio_cli.rb:960:in `execute'\n:/openstudio_cli.rb:750:in `execute'\n:/openstudio_cli.rb:1744:in `<main>'\neval:174:in `eval'\neval:174:in `require_embedded_absolute'\neval:160:in `block in require_embedded'\neval:154:in `each'\neval:154:in `require_embedded'\neval:113:in `require'\neval:3:in `<main>'"]}

[19:29:21.155039 ERROR] Could not find results /mnt/openstudio/analysis_72a216d4-3a64-4cd6-8e04-b9bc3af7ff20/data_point_de58d6a5-5f3d-4778-8fde-4a94cc0f463a/run/measure_attributes.json
[19:29:21.155101 INFO] Saving files/reports back to the server
[19:29:21.155495 INFO] Saving report /mnt/openstudio/analysis_72a216d4-3a64-4cd6-8e04-b9bc3af7ff20/data_point_de58d6a5-5f3d-4778-8fde-4a94cc0f463a/out.osw to http://web:80/data_points/de58d6a5-5f3d-4778-8fde-4a94cc0f463a/upload_file
[19:29:21.191768 INFO] Saving report responded with {"id":"5efb9291ce5ea001352be9b3","data_point_id":"de58d6a5-5f3d-4778-8fde-4a94cc0f463a","display_name":"Final OSW File","type":"Report","created_at":"2020-06-30T19:29:21.174Z","updated_at":"2020-06-30T19:29:21.174Z"}
[19:29:21.192178 INFO] Saving report /mnt/openstudio/analysis_72a216d4-3a64-4cd6-8e04-b9bc3af7ff20/data_point_de58d6a5-5f3d-4778-8fde-4a94cc0f463a/run/data_point.zip to http://web:80/data_points/de58d6a5-5f3d-4778-8fde-4a94cc0f463a/upload_file
[19:29:21.242035 INFO] Saving report responded with {"id":"5efb9291ce5ea001352be9b4","data_point_id":"de58d6a5-5f3d-4778-8fde-4a94cc0f463a","display_name":"Zip File","type":"Data Point","created_at":"2020-06-30T19:29:21.224Z","updated_at":"2020-06-30T19:29:21.224Z"}
[19:29:21.242353 INFO] Checking for presence of args file at /mnt/openstudio/analysis_72a216d4-3a64-4cd6-8e04-b9bc3af7ff20/scripts/data_point/finalize.args
[19:29:21.242422 INFO] Checking for presence of script file at /mnt/openstudio/analysis_72a216d4-3a64-4cd6-8e04-b9bc3af7ff20/scripts/data_point/finalize.sh
[19:29:21.247607 INFO] Finished /opt/openstudio/server/app/jobs/dj_jobs/run_simulate_data_point.rb
